4/4/2017 7:44:35 5: LIBQUERY with Callback: 
4/4/2017 7:44:35 5: Path request:/api/itemretail/
4/4/2017 7:44:35 5: Path header:undefined
4/4/2017 7:44:35 5: Path query:{"PARAM":"18841"}
4/4/2017 7:44:35 5: BEGIN PKREQUESTMANAGER.CALLQUERY(5,'ART0000003','abe','{HEINENS_CEN_UAT, HEINENS_STK_UAT}', '{18841}','{HN}', :cursor); END;
4/4/2017 7:46:5 6: LIBQUERY with Callback: 
4/4/2017 7:46:5 6: Path request:/api/itemretail/
4/4/2017 7:46:5 6: Path header:undefined
4/4/2017 7:46:5 6: Path query:{"PARAM":"18841"}
4/4/2017 7:46:5 6: BEGIN PKREQUESTMANAGER.CALLQUERY(6,'ART0000003','abe','{HEINENS_CEN_UAT, HEINENS_STK_UAT}', '{18841}','{HN}', :cursor); END;
4/4/2017 7:49:10 1: LIBQUERY with Callback: 
4/4/2017 7:49:10 1: Path request:/api/itemretail/
4/4/2017 7:49:10 1: Path header:undefined
4/4/2017 7:49:10 1: Path query:{"PARAM":"18841"}
4/4/2017 7:49:10 1: BEGIN PKREQUESTMANAGER.CALLQUERY(1,'ART0000003','abe','{HEINENS_CEN_UAT, HEINENS_STK_UAT}', '{18841}','{HN}', :cursor); END;
4/4/2017 7:51:21 1: LIBQUERY with Callback: 
4/4/2017 7:51:21 1: Path request:/api/itemretail/
4/4/2017 7:51:21 1: Path header:undefined
4/4/2017 7:51:21 1: Path query:{"PARAM":"18841"}
4/4/2017 7:51:21 1: BEGIN PKREQUESTMANAGER.CALLQUERY(1,'ART0000003','abe','{HEINENS_CEN_UAT, HEINENS_STK_UAT}', '{18841}','{HN}', :cursor); END;
4/4/2017 7:53:28 2: LIBQUERY with Callback: 
4/4/2017 7:53:28 2: Path request:/api/itemretail/
4/4/2017 7:53:28 2: Path header:undefined
4/4/2017 7:53:28 2: Path query:{"PARAM":"18841"}
4/4/2017 7:53:28 2: BEGIN PKREQUESTMANAGER.CALLQUERY(2,'ART0000003','abe','{HEINENS_CEN_UAT, HEINENS_STK_UAT}', '{18841}','{HN}', :cursor); END;
4/4/2017 7:53:32 2: 3 Object(s) returned... [FETCH]
4/4/2017 7:53:32 2: [object Object],[object Object],[object Object]
4/4/2017 9:47:59 1: LIBQUERY with Callback: 
4/4/2017 9:47:59 1: Path request:/api/itemsubstitution/
4/4/2017 9:47:59 1: Path header:undefined
4/4/2017 9:47:59 1: Path query:{"PARAM":"18841"}
4/4/2017 9:47:59 1: BEGIN PKREQUESTMANAGER.CALLQUERY(1,'ART0000004','abe','{HEINENS_CEN_UAT, HEINENS_STK_UAT}', '{18841}','{HN}', :cursor); END;
4/4/2017 9:48:2 1: 0 Object(s) returned... [FETCH]
4/4/2017 9:50:9 2: LIBQUERY with Callback: 
4/4/2017 9:50:9 2: Path request:/api/itemsubstitution/
4/4/2017 9:50:9 2: Path header:undefined
4/4/2017 9:50:9 2: Path query:{"PARAM":"43115"}
4/4/2017 9:50:9 2: BEGIN PKREQUESTMANAGER.CALLQUERY(2,'ART0000004','abe','{HEINENS_CEN_UAT, HEINENS_STK_UAT}', '{43115}','{HN}', :cursor); END;
4/4/2017 9:50:12 2: 1 Object(s) returned... [FETCH]
4/4/2017 9:50:12 2: [object Object]
4/4/2017 11:3:57 29: LIBQUERY with Callback: 
4/4/2017 11:3:57 29: Path request:/api/itemsubstitution/
4/4/2017 11:3:57 29: Path header:undefined
4/4/2017 11:3:57 29: Path query:{"PARAM":"31027"}
4/4/2017 11:3:57 29: BEGIN PKREQUESTMANAGER.CALLQUERY(29,'ART0000004','abe','{HEINENS_CEN_UAT, HEINENS_STK_UAT}', '{31027}','{HN}', :cursor); END;
4/4/2017 11:4:1 29: 0 Object(s) returned... [FETCH]
4/4/2017 16:21:54 1: LIBQUERY with Callback: 
4/4/2017 16:21:54 1: Path request:/api/iteminventory/
4/4/2017 16:21:54 1: Path header:undefined
4/4/2017 16:21:54 1: Path query:{"PARAM":"31027"}
4/4/2017 16:21:54 1: BEGIN PKREQUESTMANAGER.CALLQUERY(1,'ART0000005','abe','{HEINENS_CEN_UAT, HEINENS_STK_UAT}', '{31027}','{HN}', :cursor); END;
4/4/2017 16:22:9 2: LIBQUERY with Callback: 
4/4/2017 16:22:9 2: Path request:/api/iteminventory/
4/4/2017 16:22:9 2: Path header:undefined
4/4/2017 16:22:9 2: Path query:{"PARAM":"18841"}
4/4/2017 16:22:9 2: BEGIN PKREQUESTMANAGER.CALLQUERY(2,'ART0000005','abe','{HEINENS_CEN_UAT, HEINENS_STK_UAT}', '{18841}','{HN}', :cursor); END;
4/4/2017 18:39:49 3: LIBQUERY with Callback: 
4/4/2017 18:39:49 3: Path request:/api/iteminventory/
4/4/2017 18:39:49 3: Path header:undefined
4/4/2017 18:39:49 3: Path query:{"PARAM":"18841"}
4/4/2017 18:39:49 3: BEGIN PKREQUESTMANAGER.CALLQUERY(3,'ART0000005','abe','{HEINENS_CEN_UAT, HEINENS_STK_UAT}', '{18841}','{HN}', :cursor); END;
4/4/2017 18:48:43 4: LIBQUERY with Callback: 
4/4/2017 18:48:43 4: Path request:/api/iteminventory/
4/4/2017 18:48:43 4: Path header:undefined
4/4/2017 18:48:43 4: Path query:{"PARAM":"18841"}
4/4/2017 18:48:43 4: BEGIN PKREQUESTMANAGER.CALLQUERY(4,'ART0000005','abe','{HEINENS_CEN_UAT, HEINENS_STK_UAT}', '{18841}','{HN}', :cursor); END;
4/4/2017 18:49:30 4: 36 Object(s) returned... [FETCH]
4/4/2017 18:49:30 4: [object Object],[object Object],[object Object],[object Object],[object Object],[object Object],[object Object],[object Object],[object Object],[object Object],[object Object],[object Object],[object Object],[object Object],[object Object],[object Object],[object Object],[object Object],[object Object],[object Object],[object Object],[object Object],[object Object],[object Object],[object Object],[object Object],[object Object],[object Object],[object Object],[object Object],[object Object],[object Object],[object Object],[object Object],[object Object],[object Object]
4/4/2017 18:53:4 5: LIBQUERY with Callback: 
4/4/2017 18:53:4 5: Path request:/api/iteminventory/
4/4/2017 18:53:4 5: Path header:undefined
4/4/2017 18:53:4 5: Path query:{"PARAM":"18841"}
4/4/2017 18:53:4 5: BEGIN PKREQUESTMANAGER.CALLQUERY(5,'ART0000005','abe','{HEINENS_CEN_UAT, HEINENS_STK_UAT}', '{18841}','{HN}', :cursor); END;
4/4/2017 18:53:53 5: 36 Object(s) returned... [FETCH]
4/4/2017 18:53:53 5: [object Object],[object Object],[object Object],[object Object],[object Object],[object Object],[object Object],[object Object],[object Object],[object Object],[object Object],[object Object],[object Object],[object Object],[object Object],[object Object],[object Object],[object Object],[object Object],[object Object],[object Object],[object Object],[object Object],[object Object],[object Object],[object Object],[object Object],[object Object],[object Object],[object Object],[object Object],[object Object],[object Object],[object Object],[object Object],[object Object]
