3/22/2017 10:52:35 1: Connecting to database:{"user":"controlroom","password":"controlroom","connectString":"192.168.56.101/xe"}
3/22/2017 10:52:35 1: LIBQUERY with Callback: 
3/22/2017 10:52:35 1: Path request:/api/authentification/
3/22/2017 10:52:35 1: Path header:undefined
3/22/2017 10:52:35 1: Path query:{}
3/22/2017 10:52:35 1: BEGIN PKREQUESTMANAGER.CALLQUERY(1,'ADM0000001','abe','{}', '{abe,abe}','{}', :cursor); END;
3/22/2017 10:52:35 1: 1 Object(s) returned... [FETCH]
3/22/2017 10:52:35 1: [object Object]
3/22/2017 13:39:37 1: Connecting to database:{"user":"controlroom","password":"controlroom","connectString":"192.168.56.101/xe"}
3/22/2017 13:39:37 1: LIBQUERY with Callback: 
3/22/2017 13:39:37 1: Path request:/api/authentification/
3/22/2017 13:39:37 1: Path header:undefined
3/22/2017 13:39:37 1: Path query:{}
3/22/2017 13:39:37 1: BEGIN PKREQUESTMANAGER.CALLQUERY(1,'ADM0000001','abe','{}', '{abe,abe}','{}', :cursor); END;
3/22/2017 13:39:37 1: 1 Object(s) returned... [FETCH]
3/22/2017 13:39:37 1: [object Object]
3/22/2017 13:39:37 2: Connecting to database:{"user":"controlroom","password":"controlroom","connectString":"192.168.56.101/xe"}
3/22/2017 13:39:37 2: Path request:/api/user/
3/22/2017 13:39:37 2: Path query:{"USER_NAME":"abe"}
3/22/2017 13:39:37 2: BEGIN PKREQUESTMANAGER.CALLQUERY(2,'CLI0000002','abe','{}', '{abe}','{}', :cursor); END;
3/22/2017 13:59:27 3: Connecting to database:{"user":"controlroom","password":"controlroom","connectString":"192.168.56.101/xe"}
3/22/2017 13:59:27 3: LIBQUERY with Callback: 
3/22/2017 13:59:27 3: Path request:/api/authentification/
3/22/2017 13:59:27 3: Path header:undefined
3/22/2017 13:59:27 3: Path query:{}
3/22/2017 13:59:27 3: BEGIN PKREQUESTMANAGER.CALLQUERY(3,'ADM0000001','abe','{}', '{abe,abe}','{}', :cursor); END;
3/22/2017 13:59:27 3: 1 Object(s) returned... [FETCH]
3/22/2017 13:59:27 3: [object Object]
3/22/2017 13:59:27 4: Connecting to database:{"user":"controlroom","password":"controlroom","connectString":"192.168.56.101/xe"}
3/22/2017 13:59:27 4: Path request:/api/user/
3/22/2017 13:59:27 4: Path query:{"USER_NAME":"abe"}
3/22/2017 13:59:27 4: BEGIN PKREQUESTMANAGER.CALLQUERY(4,'CLI0000002','abe','{}', '{abe}','{}', :cursor); END;
3/22/2017 13:59:27 4: 1 Object(s) returned... [FETCH]
3/22/2017 13:59:27 4: [object Object]
3/22/2017 14:0:44 5: Connecting to database:{"user":"controlroom","password":"controlroom","connectString":"192.168.56.101/xe"}
3/22/2017 14:0:44 5: LIBQUERY with Callback: 
3/22/2017 14:0:44 5: Path request:/api/authentification/
3/22/2017 14:0:44 5: Path header:undefined
3/22/2017 14:0:44 5: Path query:{}
3/22/2017 14:0:44 5: BEGIN PKREQUESTMANAGER.CALLQUERY(5,'ADM0000001','abe','{}', '{abe,abe}','{}', :cursor); END;
3/22/2017 14:0:44 5: 1 Object(s) returned... [FETCH]
3/22/2017 14:0:44 5: [object Object]
3/22/2017 14:0:44 6: Connecting to database:{"user":"controlroom","password":"controlroom","connectString":"192.168.56.101/xe"}
3/22/2017 14:0:45 6: Path request:/api/user/
3/22/2017 14:0:45 6: Path query:{"USER_NAME":"abe"}
3/22/2017 14:0:45 6: BEGIN PKREQUESTMANAGER.CALLQUERY(6,'CLI0000002','abe','{}', '{abe}','{}', :cursor); END;
3/22/2017 14:0:45 6: 1 Object(s) returned... [FETCH]
3/22/2017 14:0:45 6: [object Object]
3/22/2017 14:49:53 8: Connecting to database:{"user":"controlroom","password":"controlroom","connectString":"192.168.56.101/xe"}
3/22/2017 14:49:53 8: LIBQUERY with Callback: 
3/22/2017 14:49:53 8: Path request:/api/authentification/
3/22/2017 14:49:53 8: Path header:undefined
3/22/2017 14:49:53 8: Path query:{}
3/22/2017 14:49:53 8: BEGIN PKREQUESTMANAGER.CALLQUERY(8,'ADM0000001','abe','{}', '{abe,abe}','{}', :cursor); END;
3/22/2017 14:49:53 8: 1 Object(s) returned... [FETCH]
3/22/2017 14:49:53 8: [object Object]
3/22/2017 14:49:54 9: Connecting to database:{"user":"controlroom","password":"controlroom","connectString":"192.168.56.101/xe"}
3/22/2017 14:49:54 9: Path request:/api/user/
3/22/2017 14:49:54 9: Path query:{"USER_NAME":"abe"}
3/22/2017 14:49:54 9: BEGIN PKREQUESTMANAGER.CALLQUERY(9,'CLI0000002','abe','{}', '{abe}','{}', :cursor); END;
3/22/2017 14:49:54 9: 1 Object(s) returned... [FETCH]
3/22/2017 14:49:54 9: [object Object]
3/22/2017 14:52:41 1: Connecting to database:{"user":"controlroom","password":"controlroom","connectString":"192.168.56.101/xe"}
3/22/2017 14:52:41 1: LIBQUERY with Callback: 
3/22/2017 14:52:41 1: Path request:/api/authentification/
3/22/2017 14:52:41 1: Path header:undefined
3/22/2017 14:52:41 1: Path query:{}
3/22/2017 14:52:41 1: BEGIN PKREQUESTMANAGER.CALLQUERY(1,'ADM0000001','abe','{}', '{abe,abe}','{}', :cursor); END;
3/22/2017 14:52:41 1: 1 Object(s) returned... [FETCH]
3/22/2017 14:52:41 1: [object Object]
3/22/2017 14:52:41 2: Connecting to database:{"user":"controlroom","password":"controlroom","connectString":"192.168.56.101/xe"}
3/22/2017 14:52:41 3: Connecting to database:{"user":"controlroom","password":"controlroom","connectString":"192.168.56.101/xe"}
3/22/2017 14:52:41 3: Path request:/api/user/
3/22/2017 14:52:41 3: Path query:{"USER_NAME":"abe"}
3/22/2017 14:52:41 3: BEGIN PKREQUESTMANAGER.CALLQUERY(3,'CLI0000002','abe','{}', '{abe}','{}', :cursor); END;
3/22/2017 14:52:41 3: Path request:/api/environment/
3/22/2017 14:52:41 3: Path query:{"USER_NAME":"abe"}
3/22/2017 14:52:41 3: BEGIN PKREQUESTMANAGER.CALLQUERY(3,'CLI0000002','abe','{}', '{abe}','{}', :cursor); END;,'CLI0000003','abe','{}', '{abe}','{}', :cursor); END;
3/22/2017 14:52:41 3: 1 Object(s) returned... [FETCH]
3/22/2017 14:52:41 3: [object Object]
3/22/2017 15:2:9 1: Connecting to database:{"user":"controlroom","password":"controlroom","connectString":"192.168.56.101/xe"}
3/22/2017 15:2:9 1: LIBQUERY with Callback: 
3/22/2017 15:2:9 1: Path request:/api/authentification/
3/22/2017 15:2:9 1: Path header:undefined
3/22/2017 15:2:9 1: Path query:{}
3/22/2017 15:2:9 1: BEGIN PKREQUESTMANAGER.CALLQUERY(1,'ADM0000001','abe','{}', '{abe,abe}','{}', :cursor); END;
3/22/2017 15:2:9 1: 1 Object(s) returned... [FETCH]
3/22/2017 15:2:9 1: [object Object]
3/22/2017 15:2:9 2: Connecting to database:{"user":"controlroom","password":"controlroom","connectString":"192.168.56.101/xe"}
3/22/2017 15:2:9 3: Connecting to database:{"user":"controlroom","password":"controlroom","connectString":"192.168.56.101/xe"}
3/22/2017 15:2:9 3: Path request:/api/user/
3/22/2017 15:2:9 3: Path query:{"USER_NAME":"abe"}
3/22/2017 15:2:9 3: BEGIN PKREQUESTMANAGER.CALLQUERY(3,'CLI0000002','abe','{}', '{abe}','{}', :cursor); END;
3/22/2017 15:2:9 3: 1 Object(s) returned... [FETCH]
3/22/2017 15:2:9 3: [object Object]
3/22/2017 15:2:9 3: Path request:/api/environment/
3/22/2017 15:2:9 3: Path query:{"USER_NAME":"abe"}
3/22/2017 15:2:9 3: BEGIN PKREQUESTMANAGER.CALLQUERY(3,'CLI0000002','abe','{}', '{abe}','{}', :cursor); END;,'CLI0000003','abe','{}', '{abe}','{}', :cursor); END;
3/22/2017 15:5:19 1: Connecting to database:{"user":"controlroom","password":"controlroom","connectString":"192.168.56.101/xe"}
3/22/2017 15:5:20 1: LIBQUERY with Callback: 
3/22/2017 15:5:20 1: Path request:/api/authentification/
3/22/2017 15:5:20 1: Path header:undefined
3/22/2017 15:5:20 1: Path query:{}
3/22/2017 15:6:11 1: Connecting to database:{"user":"controlroom","password":"controlroom","connectString":"192.168.56.101/xe"}
3/22/2017 15:6:11 1: LIBQUERY with Callback: 
3/22/2017 15:6:11 1: Path request:/api/authentification/
3/22/2017 15:6:11 1: Path header:undefined
3/22/2017 15:6:11 1: Path query:{}
3/22/2017 15:6:11 1: BEGIN PKREQUESTMANAGER.CALLQUERY(1,'ADM0000001','abe','{}', '{abe,abe}','{}', :cursor); END;
3/22/2017 15:6:11 1: 1 Object(s) returned... [FETCH]
3/22/2017 15:6:11 1: [object Object]
3/22/2017 15:6:11 2: Connecting to database:{"user":"controlroom","password":"controlroom","connectString":"192.168.56.101/xe"}
3/22/2017 15:6:11 3: Connecting to database:{"user":"controlroom","password":"controlroom","connectString":"192.168.56.101/xe"}
3/22/2017 15:6:11 3: Path request:/api/user/
3/22/2017 15:6:11 3: Path query:{"USER_NAME":"abe"}
3/22/2017 15:6:11 3: BEGIN PKREQUESTMANAGER.CALLQUERY(3,'CLI0000002','abe','{}', '{abe}','{}', :cursor); END;
3/22/2017 15:6:11 3: Path request:/api/environment/
3/22/2017 15:6:11 3: Path query:{"USER_NAME":"abe"}
3/22/2017 15:6:11 3: BEGIN PKREQUESTMANAGER.CALLQUERY(3,'CLI0000002','abe','{}', '{abe}','{}', :cursor); END;,'CLI0000003','abe','{}', '{abe}','{}', :cursor); END;
3/22/2017 15:6:11 3: 1 Object(s) returned... [FETCH]
3/22/2017 15:6:11 3: [object Object]
3/22/2017 15:8:10 1: Connecting to database:{"user":"controlroom","password":"controlroom","connectString":"192.168.56.101/xe"}
3/22/2017 15:8:10 1: LIBQUERY with Callback: 
3/22/2017 15:8:10 1: Path request:/api/authentification/
3/22/2017 15:8:10 1: Path header:undefined
3/22/2017 15:8:10 1: Path query:{}
3/22/2017 15:8:10 1: BEGIN PKREQUESTMANAGER.CALLQUERY(1,'ADM0000001','abe','{}', '{abe,abe}','{}', :cursor); END;
3/22/2017 15:8:10 1: 1 Object(s) returned... [FETCH]
3/22/2017 15:8:10 1: [object Object]
3/22/2017 15:8:10 2: Connecting to database:{"user":"controlroom","password":"controlroom","connectString":"192.168.56.101/xe"}
3/22/2017 15:8:10 3: Connecting to database:{"user":"controlroom","password":"controlroom","connectString":"192.168.56.101/xe"}
3/22/2017 15:8:10 3: Path request:/api/user/
3/22/2017 15:8:10 3: Path query:{"USER_NAME":"abe"}
3/22/2017 15:8:10 3: BEGIN PKREQUESTMANAGER.CALLQUERY(3,'CLI0000002','abe','{}', '{abe}','{}', :cursor); END;
3/22/2017 15:8:10 3: 1 Object(s) returned... [FETCH]
3/22/2017 15:8:10 3: [object Object]
3/22/2017 15:8:10 3: Path request:/api/environment/
3/22/2017 15:8:10 3: Path query:{"USER_NAME":"abe"}
3/22/2017 15:8:10 3: BEGIN PKREQUESTMANAGER.CALLQUERY(3,'CLI0000002','abe','{}', '{abe}','{}', :cursor); END;,'CLI0000003','abe','{}', '{abe}','{}', :cursor); END;
3/22/2017 15:9:7 1: Connecting to database:{"user":"controlroom","password":"controlroom","connectString":"192.168.56.101/xe"}
3/22/2017 15:9:8 1: LIBQUERY with Callback: 
3/22/2017 15:9:8 1: Path request:/api/authentification/
3/22/2017 15:9:8 1: Path header:undefined
3/22/2017 15:9:8 1: Path query:{}
3/22/2017 15:9:8 1: BEGIN PKREQUESTMANAGER.CALLQUERY(1,'ADM0000001','abe','{}', '{abe,abe}','{}', :cursor); END;
3/22/2017 15:9:8 1: 1 Object(s) returned... [FETCH]
3/22/2017 15:9:8 1: [object Object]
3/22/2017 15:9:8 2: Connecting to database:{"user":"controlroom","password":"controlroom","connectString":"192.168.56.101/xe"}
3/22/2017 15:9:8 3: Connecting to database:{"user":"controlroom","password":"controlroom","connectString":"192.168.56.101/xe"}
3/22/2017 15:9:8 3: Path request:/api/user/
3/22/2017 15:9:8 3: Path query:{"USER_NAME":"abe"}
3/22/2017 15:9:8 3: BEGIN PKREQUESTMANAGER.CALLQUERY(3,'CLI0000002','abe','{}', '{abe}','{}', :cursor); END;
3/22/2017 15:9:8 3: 1 Object(s) returned... [FETCH]
3/22/2017 15:9:8 3: [object Object]
3/22/2017 15:9:8 3: Path request:/api/environment/
3/22/2017 15:9:8 3: Path query:{"USER_NAME":"abe"}
3/22/2017 15:9:8 3: BEGIN PKREQUESTMANAGER.CALLQUERY(3,'CLI0000002','abe','{}', '{abe}','{}', :cursor); END;,'CLI0000003','abe','{}', '{abe}','{}', :cursor); END;
3/22/2017 15:53:55 1: Connecting to database:{"user":"controlroom","password":"controlroom","connectString":"192.168.56.101/xe"}
3/22/2017 15:53:55 1: LIBQUERY with Callback: 
3/22/2017 15:53:55 1: Path request:/api/authentification/
3/22/2017 15:53:55 1: Path header:undefined
3/22/2017 15:53:55 1: Path query:{}
3/22/2017 15:53:55 1: BEGIN PKREQUESTMANAGER.CALLQUERY(1,'ADM0000001','abe','{}', '{abe,abe}','{}', :cursor); END;
3/22/2017 15:53:55 1: 1 Object(s) returned... [FETCH]
3/22/2017 15:53:55 1: [object Object]
3/22/2017 15:53:55 2: Connecting to database:{"user":"controlroom","password":"controlroom","connectString":"192.168.56.101/xe"}
3/22/2017 15:53:55 3: Connecting to database:{"user":"controlroom","password":"controlroom","connectString":"192.168.56.101/xe"}
3/22/2017 15:53:55 3: Path request:/api/user/
3/22/2017 15:53:55 3: Path query:{"USER_NAME":"abe"}
3/22/2017 15:53:55 3: BEGIN PKREQUESTMANAGER.CALLQUERY(3,'CLI0000002','abe','{}', '{abe}','{}', :cursor); END;
3/22/2017 15:53:55 3: 1 Object(s) returned... [FETCH]
3/22/2017 15:53:55 3: [object Object]
3/22/2017 15:53:55 3: Path request:/api/environment/
3/22/2017 15:53:55 3: Path query:{"USER_NAME":"abe"}
3/22/2017 15:53:55 3: BEGIN PKREQUESTMANAGER.CALLQUERY(3,'CLI0000002','abe','{}', '{abe}','{}', :cursor); END;,'CLI0000003','abe','{}', '{abe}','{}', :cursor); END;
3/22/2017 15:59:42 1: Connecting to database:{"user":"controlroom","password":"controlroom","connectString":"192.168.56.101/xe"}
3/22/2017 15:59:42 1: LIBQUERY with Callback: 
3/22/2017 15:59:42 1: Path request:/api/authentification/
3/22/2017 15:59:42 1: Path header:undefined
3/22/2017 15:59:42 1: Path query:{}
3/22/2017 15:59:42 1: BEGIN PKREQUESTMANAGER.CALLQUERY(1,'ADM0000001','abe','{}', '{abe,abe}','{}', :cursor); END;
3/22/2017 15:59:42 1: 1 Object(s) returned... [FETCH]
3/22/2017 15:59:42 1: [object Object]
3/22/2017 15:59:42 2: Connecting to database:{"user":"controlroom","password":"controlroom","connectString":"192.168.56.101/xe"}
3/22/2017 15:59:42 3: Connecting to database:{"user":"controlroom","password":"controlroom","connectString":"192.168.56.101/xe"}
3/22/2017 15:59:42 3: Path request:/api/user/
3/22/2017 15:59:42 3: Path query:{"USER_NAME":"abe"}
3/22/2017 15:59:42 3: BEGIN PKREQUESTMANAGER.CALLQUERY(3,'CLI0000002','abe','{}', '{abe}','{}', :cursor); END;
3/22/2017 15:59:43 3: 1 Object(s) returned... [FETCH]
3/22/2017 15:59:43 3: [object Object]
3/22/2017 15:59:43 3: Path request:/api/environment/
3/22/2017 15:59:43 3: Path query:{"USER_NAME":"abe"}
3/22/2017 15:59:43 3: BEGIN PKREQUESTMANAGER.CALLQUERY(3,'CLI0000002','abe','{}', '{abe}','{}', :cursor); END;,'CLI0000003','abe','{}', '{abe}','{}', :cursor); END;
3/22/2017 16:1:30 1: Connecting to database:{"user":"controlroom","password":"controlroom","connectString":"192.168.56.101/xe"}
3/22/2017 16:1:30 1: LIBQUERY with Callback: 
3/22/2017 16:1:30 1: Path request:/api/authentification/
3/22/2017 16:1:30 1: Path header:undefined
3/22/2017 16:1:30 1: Path query:{}
3/22/2017 16:1:30 1: BEGIN PKREQUESTMANAGER.CALLQUERY(1,'ADM0000001','abe','{}', '{abe,abe}','{}', :cursor); END;
3/22/2017 16:1:30 1: 1 Object(s) returned... [FETCH]
3/22/2017 16:1:30 1: [object Object]
3/22/2017 16:1:30 2: module.executeLibQuery 
3/22/2017 16:1:30 2: Connecting to database:{"user":"controlroom","password":"controlroom","connectString":"192.168.56.101/xe"}
3/22/2017 16:1:30 3: module.executeLibQuery 
3/22/2017 16:1:30 3: Connecting to database:{"user":"controlroom","password":"controlroom","connectString":"192.168.56.101/xe"}
3/22/2017 16:1:30 3: Path request:/api/user/
3/22/2017 16:1:30 3: Path query:{"USER_NAME":"abe"}
3/22/2017 16:1:30 3: BEGIN PKREQUESTMANAGER.CALLQUERY(3,'CLI0000002','abe','{}', '{abe}','{}', :cursor); END;
3/22/2017 16:1:30 3: Path request:/api/environment/
3/22/2017 16:1:30 3: Path query:{"USER_NAME":"abe"}
3/22/2017 16:1:30 3: BEGIN PKREQUESTMANAGER.CALLQUERY(3,'CLI0000002','abe','{}', '{abe}','{}', :cursor); END;,'CLI0000003','abe','{}', '{abe}','{}', :cursor); END;
3/22/2017 16:1:30 3: 1 Object(s) returned... [FETCH]
3/22/2017 16:1:30 3: [object Object]
3/22/2017 16:12:3 1: Connecting to database:{"user":"controlroom","password":"controlroom","connectString":"192.168.56.101/xe"}
3/22/2017 16:12:3 1: LIBQUERY with Callback: 
3/22/2017 16:12:3 1: Path request:/api/authentification/
3/22/2017 16:12:3 1: Path header:undefined
3/22/2017 16:12:3 1: Path query:{}
3/22/2017 16:12:3 1: BEGIN PKREQUESTMANAGER.CALLQUERY(1,'ADM0000001','abe','{}', '{abe,abe}','{}', :cursor); END;
3/22/2017 16:12:3 1: 1 Object(s) returned... [FETCH]
3/22/2017 16:12:3 1: [object Object]
3/22/2017 16:12:3 2: module.executeLibQuery 
3/22/2017 16:12:3 2: Connecting to database:{"user":"controlroom","password":"controlroom","connectString":"192.168.56.101/xe"}
3/22/2017 16:12:3 3: module.executeLibQuery 
3/22/2017 16:12:3 3: Connecting to database:{"user":"controlroom","password":"controlroom","connectString":"192.168.56.101/xe"}
3/22/2017 16:12:3 3: Path request:/api/user/
3/22/2017 16:12:3 3: Path query:{"USER_NAME":"abe"}
3/22/2017 16:12:3 3: BEGIN PKREQUESTMANAGER.CALLQUERY(3,'CLI0000002','abe','{}', '{abe}','{}', :cursor); END;
3/22/2017 16:12:3 3: 1 Object(s) returned... [FETCH]
3/22/2017 16:12:3 3: [object Object]
3/22/2017 16:12:3 3: Path request:/api/environment/
3/22/2017 16:12:3 3: Path query:{"USER_NAME":"abe"}
3/22/2017 16:12:3 3: BEGIN PKREQUESTMANAGER.CALLQUERY(3,'CLI0000002','abe','{}', '{abe}','{}', :cursor); END;,'CLI0000003','abe','{}', '{abe}','{}', :cursor); END;
3/22/2017 16:14:18 1: Connecting to database:{"user":"controlroom","password":"controlroom","connectString":"192.168.56.101/xe"}
3/22/2017 16:14:18 1: LIBQUERY with Callback: 
3/22/2017 16:14:18 1: Path request:/api/authentification/
3/22/2017 16:14:18 1: Path header:undefined
3/22/2017 16:14:18 1: Path query:{}
3/22/2017 16:14:18 1: BEGIN PKREQUESTMANAGER.CALLQUERY(1,'ADM0000001','abe','{}', '{abe,abe}','{}', :cursor); END;
3/22/2017 16:14:18 1: 1 Object(s) returned... [FETCH]
3/22/2017 16:14:18 1: [object Object]
3/22/2017 16:14:18 2: module.executeLibQuery 
3/22/2017 16:14:18 2: Connecting to database:{"user":"controlroom","password":"controlroom","connectString":"192.168.56.101/xe"}
3/22/2017 16:14:18 3: module.executeLibQuery 
3/22/2017 16:14:18 3: Connecting to database:{"user":"controlroom","password":"controlroom","connectString":"192.168.56.101/xe"}
3/22/2017 16:14:18 3: Path request:/api/user/
3/22/2017 16:14:18 3: Path query:{"USER_NAME":"abe"}
3/22/2017 16:14:18 3: BEGIN PKREQUESTMANAGER.CALLQUERY(3,'CLI0000002','abe','{}', '{abe}','{}', :cursor); END;
3/22/2017 16:14:18 3: 1 Object(s) returned... [FETCH]
3/22/2017 16:14:18 3: [object Object]
3/22/2017 16:14:18 3: Path request:/api/environment/
3/22/2017 16:14:19 3: Path query:{"USER_NAME":"abe"}
3/22/2017 16:14:19 3: BEGIN PKREQUESTMANAGER.CALLQUERY(3,'CLI0000002','abe','{}', '{abe}','{}', :cursor); END;,'CLI0000003','abe','{}', '{abe}','{}', :cursor); END;
3/22/2017 16:17:55 1: Connecting to database:{"user":"controlroom","password":"controlroom","connectString":"192.168.56.101/xe"}
3/22/2017 16:17:55 1: LIBQUERY with Callback: 
3/22/2017 16:17:55 1: Path request:/api/authentification/
3/22/2017 16:17:55 1: Path header:undefined
3/22/2017 16:17:55 1: Path query:{}
3/22/2017 16:17:55 1: BEGIN PKREQUESTMANAGER.CALLQUERY(1,'ADM0000001','abe','{}', '{abe,abe}','{}', :cursor); END;
3/22/2017 16:17:55 1: 1 Object(s) returned... [FETCH]
3/22/2017 16:17:55 1: [object Object]
3/22/2017 16:17:55 2: module.executeLibQuery 
3/22/2017 16:17:55 2: Connecting to database:{"user":"controlroom","password":"controlroom","connectString":"192.168.56.101/xe"}
3/22/2017 16:17:55 3: module.executeLibQuery 
3/22/2017 16:17:55 3: Connecting to database:{"user":"controlroom","password":"controlroom","connectString":"192.168.56.101/xe"}
3/22/2017 16:17:55 3: Path request:/api/user/
3/22/2017 16:17:55 3: Path query:{"USER_NAME":"abe"}
3/22/2017 16:17:55 3: BEGIN PKREQUESTMANAGER.CALLQUERY(3,'CLI0000002','abe','{}', '{abe}','{}', :cursor); END;
3/22/2017 16:17:55 3: Path request:/api/environment/
3/22/2017 16:17:55 3: Path query:{"USER_NAME":"abe"}
3/22/2017 16:17:55 3: BEGIN PKREQUESTMANAGER.CALLQUERY(3,'CLI0000002','abe','{}', '{abe}','{}', :cursor); END;,'CLI0000003','abe','{}', '{abe}','{}', :cursor); END;
3/22/2017 16:17:55 3: 1 Object(s) returned... [FETCH]
3/22/2017 16:17:55 3: [object Object]
3/22/2017 16:20:33 1: Connecting to database:{"user":"controlroom","password":"controlroom","connectString":"192.168.56.101/xe"}
3/22/2017 16:20:33 1: LIBQUERY with Callback: 
3/22/2017 16:20:33 1: Path request:/api/authentification/
3/22/2017 16:20:33 1: Path header:undefined
3/22/2017 16:20:33 1: Path query:{}
3/22/2017 16:20:33 1: BEGIN PKREQUESTMANAGER.CALLQUERY(1,'ADM0000001','abe','{}', '{abe,abe}','{}', :cursor); END;
3/22/2017 16:20:33 1: 1 Object(s) returned... [FETCH]
3/22/2017 16:20:33 1: [object Object]
3/22/2017 16:20:33 2: module.executeLibQuery 
3/22/2017 16:20:33 2: Connecting to database:{"user":"controlroom","password":"controlroom","connectString":"192.168.56.101/xe"}
3/22/2017 16:20:33 3: module.executeLibQuery 
3/22/2017 16:20:33 3: Connecting to database:{"user":"controlroom","password":"controlroom","connectString":"192.168.56.101/xe"}
3/22/2017 16:20:33 3: Path request:/api/user/
3/22/2017 16:20:33 3: Path query:{"USER_NAME":"abe"}
3/22/2017 16:20:33 3: BEGIN PKREQUESTMANAGER.CALLQUERY(3,'CLI0000002','abe','{}', '{abe}','{}', :cursor); END;
3/22/2017 16:20:33 3: 1 Object(s) returned... [FETCH]
3/22/2017 16:20:33 3: [object Object]
3/22/2017 16:20:33 3: Path request:/api/environment/
3/22/2017 16:20:33 3: Path query:{"USER_NAME":"abe"}
3/22/2017 16:20:33 3: BEGIN PKREQUESTMANAGER.CALLQUERY(3,'CLI0000002','abe','{}', '{abe}','{}', :cursor); END;,'CLI0000003','abe','{}', '{abe}','{}', :cursor); END;
3/22/2017 16:21:11 1: Connecting to database:{"user":"controlroom","password":"controlroom","connectString":"192.168.56.101/xe"}
3/22/2017 16:21:11 1: LIBQUERY with Callback: 
3/22/2017 16:21:11 1: Path request:/api/authentification/
3/22/2017 16:21:11 1: Path header:undefined
3/22/2017 16:21:11 1: Path query:{}
3/22/2017 16:21:11 1: BEGIN PKREQUESTMANAGER.CALLQUERY(1,'ADM0000001','abe','{}', '{abe,abe}','{}', :cursor); END;
3/22/2017 16:21:11 1: 1 Object(s) returned... [FETCH]
3/22/2017 16:21:11 1: [object Object]
3/22/2017 16:21:11 2: module.executeLibQuery 
3/22/2017 16:21:11 2: Connecting to database:{"user":"controlroom","password":"controlroom","connectString":"192.168.56.101/xe"}
3/22/2017 16:21:11 3: module.executeLibQuery 
3/22/2017 16:21:11 3: Connecting to database:{"user":"controlroom","password":"controlroom","connectString":"192.168.56.101/xe"}
3/22/2017 16:21:11 3: Path request:/api/user/
3/22/2017 16:21:11 3: Path query:{"USER_NAME":"abe"}
3/22/2017 16:21:11 3: BEGIN PKREQUESTMANAGER.CALLQUERY(3,'CLI0000002','abe','{}', '{abe}','{}', :cursor); END;
3/22/2017 16:21:11 3: 1 Object(s) returned... [FETCH]
3/22/2017 16:21:11 3: [object Object]
3/22/2017 16:21:11 3: Path request:/api/environment/
3/22/2017 16:21:11 3: Path query:{"USER_NAME":"abe"}
3/22/2017 16:21:11 3: BEGIN PKREQUESTMANAGER.CALLQUERY(3,'CLI0000002','abe','{}', '{abe}','{}', :cursor); END;,'CLI0000003','abe','{}', '{abe}','{}', :cursor); END;
3/22/2017 16:30:24 1: Connecting to database:{"user":"controlroom","password":"controlroom","connectString":"192.168.56.101/xe"}
3/22/2017 16:30:24 1: LIBQUERY with Callback: 
3/22/2017 16:30:24 1: Path request:/api/authentification/
3/22/2017 16:30:24 1: Path header:undefined
3/22/2017 16:30:24 1: Path query:{}
3/22/2017 16:30:24 1: BEGIN PKREQUESTMANAGER.CALLQUERY(1,'ADM0000001','abe','{}', '{abe,abe}','{}', :cursor); END;
3/22/2017 16:30:24 1: 1 Object(s) returned... [FETCH]
3/22/2017 16:30:24 1: [object Object]
3/22/2017 16:30:24 2: Connecting to database:{"user":"controlroom","password":"controlroom","connectString":"192.168.56.101/xe"}
3/22/2017 16:30:24 3: Connecting to database:{"user":"controlroom","password":"controlroom","connectString":"192.168.56.101/xe"}
3/22/2017 16:30:24 3: Path request:/api/user/
3/22/2017 16:30:24 3: Path query:{"USER_NAME":"abe"}
3/22/2017 16:30:24 3: BEGIN PKREQUESTMANAGER.CALLQUERY(3,'CLI0000002','abe','{}', '{abe}','{}', :cursor); END;
3/22/2017 16:30:24 3: Path request:/api/environment/
3/22/2017 16:30:24 3: Path query:{"USER_NAME":"abe"}
3/22/2017 16:30:24 3: BEGIN PKREQUESTMANAGER.CALLQUERY(3,'CLI0000002','abe','{}', '{abe}','{}', :cursor); END;,'CLI0000003','abe','{}', '{abe}','{}', :cursor); END;
3/22/2017 16:49:4 1: Connecting to database:{"user":"controlroom","password":"controlroom","connectString":"192.168.56.101/xe"}
3/22/2017 16:49:4 1: LIBQUERY with Callback: 
3/22/2017 16:49:4 1: Path request:/api/authentification/
3/22/2017 16:49:4 1: Path header:undefined
3/22/2017 16:49:4 1: Path query:{}
3/22/2017 16:49:4 1: BEGIN PKREQUESTMANAGER.CALLQUERY(1,'ADM0000001','abe','{}', '{abe,abe}','{}', :cursor); END;
3/22/2017 16:49:4 1: 1 Object(s) returned... [FETCH]
3/22/2017 16:49:4 1: [object Object]
3/22/2017 16:49:4 2: Connecting to database:{"user":"controlroom","password":"controlroom","connectString":"192.168.56.101/xe"}
3/22/2017 16:49:4 3: Connecting to database:{"user":"controlroom","password":"controlroom","connectString":"192.168.56.101/xe"}
3/22/2017 16:49:4 3: Path request:/api/user/
3/22/2017 16:49:4 3: Path query:{"USER_NAME":"abe"}
3/22/2017 16:49:4 3: BEGIN PKREQUESTMANAGER.CALLQUERY(3,'CLI0000002','abe','{}', '{abe}','{}', :cursor); END;
3/22/2017 16:49:55 1: Connecting to database:{"user":"controlroom","password":"controlroom","connectString":"192.168.56.101/xe"}
3/22/2017 16:49:56 1: LIBQUERY with Callback: 
3/22/2017 16:49:56 1: Path request:/api/authentification/
3/22/2017 16:49:56 1: Path header:undefined
3/22/2017 16:49:56 1: Path query:{}
3/22/2017 16:49:56 1: BEGIN PKREQUESTMANAGER.CALLQUERY(1,'ADM0000001','abe','{}', '{abe,abe}','{}', :cursor); END;
3/22/2017 16:49:56 1: 1 Object(s) returned... [FETCH]
3/22/2017 16:49:56 1: [object Object]
3/22/2017 16:49:56 2: Connecting to database:{"user":"controlroom","password":"controlroom","connectString":"192.168.56.101/xe"}
3/22/2017 16:49:56 3: Connecting to database:{"user":"controlroom","password":"controlroom","connectString":"192.168.56.101/xe"}
3/22/2017 16:49:56 3: Path request:/api/user/
3/22/2017 16:49:56 3: Path query:{"USER_NAME":"abe"}
3/22/2017 16:49:56 3: BEGIN PKREQUESTMANAGER.CALLQUERY(3,'CLI0000002','abe','{}', '{abe}','{}', :cursor); END;
3/22/2017 16:50:35 1: Connecting to database:{"user":"controlroom","password":"controlroom","connectString":"192.168.56.101/xe"}
3/22/2017 16:50:35 1: LIBQUERY with Callback: 
3/22/2017 16:50:35 1: Path request:/api/authentification/
3/22/2017 16:50:35 1: Path header:undefined
3/22/2017 16:50:35 1: Path query:{}
3/22/2017 16:50:35 1: BEGIN PKREQUESTMANAGER.CALLQUERY(1,'ADM0000001','abe','{}', '{abe,abe}','{}', :cursor); END;
3/22/2017 16:50:35 1: 1 Object(s) returned... [FETCH]
3/22/2017 16:50:35 1: [object Object]
3/22/2017 16:50:35 2: Connecting to database:{"user":"controlroom","password":"controlroom","connectString":"192.168.56.101/xe"}
3/22/2017 16:50:35 3: Connecting to database:{"user":"controlroom","password":"controlroom","connectString":"192.168.56.101/xe"}
3/22/2017 16:50:35 3: Path request:/api/user/
3/22/2017 16:50:35 3: Path query:{"USER_NAME":"abe"}
3/22/2017 16:50:35 3: BEGIN PKREQUESTMANAGER.CALLQUERY(3,'CLI0000002','abe','{}', '{abe}','{}', :cursor); END;
3/22/2017 16:51:36 1: Connecting to database:{"user":"controlroom","password":"controlroom","connectString":"192.168.56.101/xe"}
3/22/2017 16:51:36 1: LIBQUERY with Callback: 
3/22/2017 16:51:36 1: Path request:/api/authentification/
3/22/2017 16:51:36 1: Path header:undefined
3/22/2017 16:51:36 1: Path query:{}
3/22/2017 16:51:36 1: BEGIN PKREQUESTMANAGER.CALLQUERY(1,'ADM0000001','abe','{}', '{abe,abe}','{}', :cursor); END;
3/22/2017 16:51:36 1: 1 Object(s) returned... [FETCH]
3/22/2017 16:51:36 1: [object Object]
3/22/2017 16:51:36 2: Connecting to database:{"user":"controlroom","password":"controlroom","connectString":"192.168.56.101/xe"}
3/22/2017 16:51:37 3: Connecting to database:{"user":"controlroom","password":"controlroom","connectString":"192.168.56.101/xe"}
3/22/2017 16:51:37 3: Path request:/api/user/
3/22/2017 16:51:37 3: Path query:{"USER_NAME":"abe"}
3/22/2017 16:51:37 3: BEGIN PKREQUESTMANAGER.CALLQUERY(3,'CLI0000002','abe','{}', '{abe}','{}', :cursor); END;
3/22/2017 16:51:37 3: 1 Object(s) returned... [FETCH]
3/22/2017 16:51:37 3: [object Object]
3/22/2017 16:51:37 3: Path request:/api/environment/
3/22/2017 16:51:37 3: Path query:{"USER_NAME":"abe"}
3/22/2017 16:51:37 3: BEGIN PKREQUESTMANAGER.CALLQUERY(3,'CLI0000002','abe','{}', '{abe}','{}', :cursor); END;,'CLI0000003','abe','{}', '{abe}','{}', :cursor); END;
3/22/2017 16:53:16 1: Connecting to database:{"user":"controlroom","password":"controlroom","connectString":"192.168.56.101/xe"}
3/22/2017 16:53:16 1: LIBQUERY with Callback: 
3/22/2017 16:53:16 1: Path request:/api/authentification/
3/22/2017 16:53:16 1: Path header:undefined
3/22/2017 16:53:16 1: Path query:{}
3/22/2017 16:53:16 1: BEGIN PKREQUESTMANAGER.CALLQUERY(1,'ADM0000001','abe','{}', '{abe,abe}','{}', :cursor); END;
3/22/2017 16:53:16 1: 1 Object(s) returned... [FETCH]
3/22/2017 16:53:16 1: [object Object]
3/22/2017 16:53:16 2: Connecting to database:{"user":"controlroom","password":"controlroom","connectString":"192.168.56.101/xe"}
3/22/2017 16:53:16 3: Connecting to database:{"user":"controlroom","password":"controlroom","connectString":"192.168.56.101/xe"}
3/22/2017 16:53:16 3: Path request:/api/user/
3/22/2017 16:53:16 3: Path query:{"USER_NAME":"abe"}
3/22/2017 16:53:16 3: BEGIN PKREQUESTMANAGER.CALLQUERY(3,'CLI0000002','abe','{}', '{abe}','{}', :cursor); END;
3/22/2017 16:53:16 3: 1 Object(s) returned... [FETCH]
3/22/2017 16:53:16 3: [object Object]
3/22/2017 16:53:16 3: Path request:/api/environment/
3/22/2017 16:53:16 3: Path query:{"USER_NAME":"abe"}
3/22/2017 16:53:16 3: BEGIN PKREQUESTMANAGER.CALLQUERY(3,'CLI0000002','abe','{}', '{abe}','{}', :cursor); END;,'CLI0000003','abe','{}', '{abe}','{}', :cursor); END;
3/22/2017 16:55:22 1: Connecting to database:{"user":"controlroom","password":"controlroom","connectString":"192.168.56.101/xe"}
3/22/2017 16:55:22 1: LIBQUERY with Callback: 
3/22/2017 16:55:22 1: Path request:/api/authentification/
3/22/2017 16:55:22 1: Path header:undefined
3/22/2017 16:55:22 1: Path query:{}
3/22/2017 16:55:22 1: BEGIN PKREQUESTMANAGER.CALLQUERY(1,'ADM0000001','abe','{}', '{abe,abe}','{}', :cursor); END;
3/22/2017 16:55:22 1: 1 Object(s) returned... [FETCH]
3/22/2017 16:55:22 1: [object Object]
3/22/2017 16:55:22 2: Connecting to database:{"user":"controlroom","password":"controlroom","connectString":"192.168.56.101/xe"}
3/22/2017 16:55:22 3: Connecting to database:{"user":"controlroom","password":"controlroom","connectString":"192.168.56.101/xe"}
3/22/2017 16:55:23 3: Path request:/api/user/
3/22/2017 16:55:23 3: Path query:{"USER_NAME":"abe"}
3/22/2017 16:55:23 3: BEGIN PKREQUESTMANAGER.CALLQUERY(3,'CLI0000002','abe','{}', '{abe}','{}', :cursor); END;
3/22/2017 16:55:23 3: 1 Object(s) returned... [FETCH]
3/22/2017 16:55:23 3: [object Object]
3/22/2017 16:55:23 3: Path request:/api/environment/
3/22/2017 16:55:23 3: Path query:{"USER_NAME":"abe"}
3/22/2017 16:55:23 3: BEGIN PKREQUESTMANAGER.CALLQUERY(3,'CLI0000002','abe','{}', '{abe}','{}', :cursor); END;,'CLI0000003','abe','{}', '{abe}','{}', :cursor); END;
3/22/2017 17:7:14 1: Connecting to database:{"user":"controlroom","password":"controlroom","connectString":"192.168.56.101/xe"}
3/22/2017 17:7:14 1: LIBQUERY with Callback: 
3/22/2017 17:7:14 1: Path request:/api/authentification/
3/22/2017 17:7:14 1: Path header:undefined
3/22/2017 17:7:14 1: Path query:{}
3/22/2017 17:7:14 1: BEGIN PKREQUESTMANAGER.CALLQUERY(1,'ADM0000001','abe','{}', '{abe,abe}','{}', :cursor); END;
3/22/2017 17:7:14 1: 1 Object(s) returned... [FETCH]
3/22/2017 17:7:14 1: [object Object]
3/22/2017 17:7:15 2: Connecting to database:{"user":"controlroom","password":"controlroom","connectString":"192.168.56.101/xe"}
3/22/2017 17:7:15 3: Connecting to database:{"user":"controlroom","password":"controlroom","connectString":"192.168.56.101/xe"}
3/22/2017 17:7:15 3: Path request:/api/user/
3/22/2017 17:7:15 3: Path query:{"USER_NAME":"abe"}
3/22/2017 17:7:15 3: BEGIN PKREQUESTMANAGER.CALLQUERY(3,'CLI0000002','abe','{}', '{abe}','{}', :cursor); END;
3/22/2017 17:7:15 3: 1 Object(s) returned... [FETCH]
3/22/2017 17:7:15 3: [object Object]
3/22/2017 17:7:15 3: Path request:/api/environment/
3/22/2017 17:7:15 3: Path query:{"USER_NAME":"abe"}
3/22/2017 17:7:15 3: BEGIN PKREQUESTMANAGER.CALLQUERY(3,'CLI0000002','abe','{}', '{abe}','{}', :cursor); END;,'CLI0000003','abe','{}', '{abe}','{}', :cursor); END;
3/22/2017 17:24:12 1: Connecting to database:{"user":"controlroom","password":"controlroom","connectString":"192.168.56.101/xe"}
3/22/2017 17:24:12 1: LIBQUERY with Callback: 
3/22/2017 17:24:12 1: Path request:/api/authentification/
3/22/2017 17:24:12 1: Path header:undefined
3/22/2017 17:24:12 1: Path query:{}
3/22/2017 17:24:12 1: BEGIN PKREQUESTMANAGER.CALLQUERY(1,'ADM0000001','abe','{}', '{abe,abe}','{}', :cursor); END;
3/22/2017 17:24:12 1: 1 Object(s) returned... [FETCH]
3/22/2017 17:24:12 1: [object Object]
3/22/2017 17:24:13 2: Path request:/api/user/
3/22/2017 17:24:13 2: Path query:{"USER_NAME":"abe"}
3/22/2017 17:24:13 2: BEGIN PKREQUESTMANAGER.CALLQUERY(2,'CLI0000002','abe','{}', '{abe}','{}', :cursor); END;
3/22/2017 17:24:13 3: Path request:/api/environment/
3/22/2017 17:24:13 3: Path query:{"USER_NAME":"abe"}
3/22/2017 17:24:13 3: BEGIN PKREQUESTMANAGER.CALLQUERY(3,'CLI0000003','abe','{}', '{abe}','{}', :cursor); END;
3/22/2017 17:26:13 4: Path request:/api/user/
3/22/2017 17:26:13 4: Path query:{"USER_NAME":"abe"}
3/22/2017 17:26:13 4: BEGIN PKREQUESTMANAGER.CALLQUERY(4,'CLI0000002','abe','{}', '{abe}','{}', :cursor); END;
3/22/2017 17:26:13 5: Path request:/api/environment/
3/22/2017 17:26:13 5: Path query:{"USER_NAME":"abe"}
3/22/2017 17:26:13 5: BEGIN PKREQUESTMANAGER.CALLQUERY(5,'CLI0000003','abe','{}', '{abe}','{}', :cursor); END;
3/22/2017 17:42:1 1: Connecting to database:{"user":"controlroom","password":"controlroom","connectString":"192.168.56.101/xe"}
3/22/2017 17:42:1 1: LIBQUERY with Callback: 
3/22/2017 17:42:1 1: Path request:/api/authentification/
3/22/2017 17:42:1 1: Path header:undefined
3/22/2017 17:42:1 1: Path query:{}
3/22/2017 17:42:1 1: BEGIN PKREQUESTMANAGER.CALLQUERY(1,'ADM0000001','abe','{}', '{abe,abe}','{}', :cursor); END;
3/22/2017 17:42:1 1: 1 Object(s) returned... [FETCH]
3/22/2017 17:42:1 1: [object Object]
3/22/2017 17:42:1 2: Path request:/api/user/
3/22/2017 17:42:1 2: Path query:{"USER_NAME":"abe"}
3/22/2017 17:42:1 2: BEGIN PKREQUESTMANAGER.CALLQUERY(2,'CLI0000002','abe','{}', '{abe}','{}', :cursor); END;
3/22/2017 17:42:1 3: Path request:/api/environment/
3/22/2017 17:42:1 3: Path query:{"USER_NAME":"abe"}
3/22/2017 17:42:1 3: BEGIN PKREQUESTMANAGER.CALLQUERY(3,'CLI0000003','abe','{}', '{abe}','{}', :cursor); END;
3/22/2017 17:49:18 1: Connecting to database:{"user":"controlroom","password":"controlroom","connectString":"192.168.56.101/xe"}
3/22/2017 17:49:18 1: LIBQUERY with Callback: 
3/22/2017 17:49:18 1: Path request:/api/authentification/
3/22/2017 17:49:18 1: Path header:undefined
3/22/2017 17:49:18 1: Path query:{}
3/22/2017 17:49:18 1: BEGIN PKREQUESTMANAGER.CALLQUERY(1,'ADM0000001','abe','{}', '{abe,abe}','{}', :cursor); END;
3/22/2017 17:49:18 1: 1 Object(s) returned... [FETCH]
3/22/2017 17:49:18 1: [object Object]
3/22/2017 17:49:18 2: Path request:/api/user/
3/22/2017 17:49:18 2: Path query:{"USER_NAME":"abe"}
3/22/2017 17:49:18 2: BEGIN PKREQUESTMANAGER.CALLQUERY(2,'CLI0000002','abe','{}', '{abe}','{}', :cursor); END;
3/22/2017 17:49:18 3: Path request:/api/environment/
3/22/2017 17:49:18 3: Path query:{"USER_NAME":"abe"}
3/22/2017 17:49:18 3: BEGIN PKREQUESTMANAGER.CALLQUERY(3,'CLI0000003','abe','{}', '{abe}','{}', :cursor); END;
3/22/2017 17:51:18 4: Path request:/api/user/
3/22/2017 17:51:18 4: Path query:{"USER_NAME":"abe"}
3/22/2017 17:51:18 4: BEGIN PKREQUESTMANAGER.CALLQUERY(4,'CLI0000002','abe','{}', '{abe}','{}', :cursor); END;
3/22/2017 17:52:29 5: Path request:/api/user/
3/22/2017 17:52:29 5: Path query:{"USER_NAME":"abe"}
3/22/2017 17:52:29 5: BEGIN PKREQUESTMANAGER.CALLQUERY(5,'CLI0000002','abe','{}', '{abe}','{}', :cursor); END;
3/22/2017 17:52:29 6: Path request:/api/environment/
3/22/2017 17:52:29 6: Path query:{"USER_NAME":"abe"}
3/22/2017 17:52:29 6: BEGIN PKREQUESTMANAGER.CALLQUERY(6,'CLI0000003','abe','{}', '{abe}','{}', :cursor); END;
3/22/2017 17:52:58 7: Connecting to database:{"user":"controlroom","password":"controlroom","connectString":"192.168.56.101/xe"}
3/22/2017 17:52:58 7: LIBQUERY with Callback: 
3/22/2017 17:52:58 7: Path request:/api/authentification/
3/22/2017 17:52:58 7: Path header:undefined
3/22/2017 17:52:58 7: Path query:{}
3/22/2017 17:52:58 7: BEGIN PKREQUESTMANAGER.CALLQUERY(7,'ADM0000001','abe','{}', '{abe,abe}','{}', :cursor); END;
3/22/2017 17:52:58 7: 1 Object(s) returned... [FETCH]
3/22/2017 17:52:58 7: [object Object]
3/22/2017 17:53:18 8: Path request:/api/user/
3/22/2017 17:53:18 8: Path query:{"USER_NAME":"abe"}
3/22/2017 17:53:18 8: BEGIN PKREQUESTMANAGER.CALLQUERY(8,'CLI0000002','abe','{}', '{abe}','{}', :cursor); END;
3/22/2017 17:53:18 9: Path request:/api/environment/
3/22/2017 17:53:18 9: Path query:{"USER_NAME":"abe"}
3/22/2017 17:53:18 9: BEGIN PKREQUESTMANAGER.CALLQUERY(9,'CLI0000003','abe','{}', '{abe}','{}', :cursor); END;
3/22/2017 17:53:32 10: Connecting to database:{"user":"controlroom","password":"controlroom","connectString":"192.168.56.101/xe"}
3/22/2017 17:53:32 10: LIBQUERY with Callback: 
3/22/2017 17:53:32 10: Path request:/api/authentification/
3/22/2017 17:53:32 10: Path header:undefined
3/22/2017 17:53:32 10: Path query:{}
3/22/2017 17:53:32 10: BEGIN PKREQUESTMANAGER.CALLQUERY(10,'ADM0000001','abe','{}', '{abe,abe}','{}', :cursor); END;
3/22/2017 17:53:32 10: 1 Object(s) returned... [FETCH]
3/22/2017 17:53:32 10: [object Object]
3/22/2017 17:53:52 11: Path request:/api/user/
3/22/2017 17:53:52 11: Path query:{"USER_NAME":"abe"}
3/22/2017 17:53:52 11: BEGIN PKREQUESTMANAGER.CALLQUERY(11,'CLI0000002','abe','{}', '{abe}','{}', :cursor); END;
3/22/2017 17:53:52 12: Path request:/api/environment/
3/22/2017 17:53:52 12: Path query:{"USER_NAME":"abe"}
3/22/2017 17:53:52 12: BEGIN PKREQUESTMANAGER.CALLQUERY(12,'CLI0000003','abe','{}', '{abe}','{}', :cursor); END;
3/22/2017 17:54:29 13: Path request:/api/user/
3/22/2017 17:54:29 13: Path query:{"USER_NAME":"abe"}
3/22/2017 17:54:29 13: BEGIN PKREQUESTMANAGER.CALLQUERY(13,'CLI0000002','abe','{}', '{abe}','{}', :cursor); END;
3/22/2017 17:54:29 14: Path request:/api/environment/
3/22/2017 17:54:29 14: Path query:{"USER_NAME":"abe"}
3/22/2017 17:54:29 14: BEGIN PKREQUESTMANAGER.CALLQUERY(14,'CLI0000003','abe','{}', '{abe}','{}', :cursor); END;
3/22/2017 17:57:40 1: Connecting to database:{"user":"controlroom","password":"controlroom","connectString":"192.168.56.101/xe"}
3/22/2017 17:57:40 1: LIBQUERY with Callback: 
3/22/2017 17:57:40 1: Path request:/api/authentification/
3/22/2017 17:57:40 1: Path header:undefined
3/22/2017 17:57:40 1: Path query:{}
3/22/2017 17:57:40 1: BEGIN PKREQUESTMANAGER.CALLQUERY(1,'ADM0000001','abe','{}', '{abe,abe}','{}', :cursor); END;
3/22/2017 17:57:40 1: 1 Object(s) returned... [FETCH]
3/22/2017 17:57:40 1: [object Object]
3/22/2017 17:57:40 2: Path request:/api/user/
3/22/2017 17:57:40 2: Path query:{"USER_NAME":"abe"}
3/22/2017 17:57:40 2: BEGIN PKREQUESTMANAGER.CALLQUERY(2,'CLI0000002','abe','{}', '{abe}','{}', :cursor); END;
3/22/2017 17:57:40 3: Path request:/api/environment/
3/22/2017 17:57:40 3: Path query:{"USER_NAME":"abe"}
3/22/2017 17:57:40 3: BEGIN PKREQUESTMANAGER.CALLQUERY(3,'CLI0000003','abe','{}', '{abe}','{}', :cursor); END;
3/22/2017 17:59:34 1: Connecting to database:{"user":"controlroom","password":"controlroom","connectString":"192.168.56.101/xe"}
3/22/2017 17:59:34 1: LIBQUERY with Callback: 
3/22/2017 17:59:34 1: Path request:/api/authentification/
3/22/2017 17:59:34 1: Path header:undefined
3/22/2017 17:59:34 1: Path query:{}
3/22/2017 17:59:34 1: BEGIN PKREQUESTMANAGER.CALLQUERY(1,'ADM0000001','abe','{}', '{abe,abe}','{}', :cursor); END;
3/22/2017 17:59:34 1: 1 Object(s) returned... [FETCH]
3/22/2017 17:59:34 1: [object Object]
3/22/2017 17:59:34 2: Path request:/api/user/
3/22/2017 17:59:34 2: Path query:{"USER_NAME":"abe"}
3/22/2017 17:59:34 2: BEGIN PKREQUESTMANAGER.CALLQUERY(2,'CLI0000002','abe','{}', '{abe}','{}', :cursor); END;
3/22/2017 17:59:34 3: Path request:/api/environment/
3/22/2017 17:59:34 3: Path query:{"USER_NAME":"abe"}
3/22/2017 17:59:34 3: BEGIN PKREQUESTMANAGER.CALLQUERY(3,'CLI0000003','abe','{}', '{abe}','{}', :cursor); END;
3/22/2017 18:5:2 1: Connecting to database:{"user":"controlroom","password":"controlroom","connectString":"192.168.56.101/xe"}
3/22/2017 18:5:2 1: LIBQUERY with Callback: 
3/22/2017 18:5:2 1: Path request:/api/authentification/
3/22/2017 18:5:2 1: Path header:undefined
3/22/2017 18:5:2 1: Path query:{}
3/22/2017 18:5:2 1: BEGIN PKREQUESTMANAGER.CALLQUERY(1,'ADM0000001','abe','{}', '{abe,abe}','{}', :cursor); END;
3/22/2017 18:5:2 1: 1 Object(s) returned... [FETCH]
3/22/2017 18:5:2 1: [object Object]
3/22/2017 18:5:2 2: Path request:/api/user/
3/22/2017 18:5:2 2: Path query:{"USER_NAME":"abe"}
3/22/2017 18:5:2 2: BEGIN PKREQUESTMANAGER.CALLQUERY(2,'CLI0000002','abe','{}', '{abe}','{}', :cursor); END;
3/22/2017 18:5:2 3: Path request:/api/environment/
3/22/2017 18:5:2 3: Path query:{"USER_NAME":"abe"}
3/22/2017 18:5:2 3: BEGIN PKREQUESTMANAGER.CALLQUERY(3,'CLI0000003','abe','{}', '{abe}','{}', :cursor); END;
3/22/2017 18:5:47 1: Connecting to database:{"user":"controlroom","password":"controlroom","connectString":"192.168.56.101/xe"}
3/22/2017 18:5:47 1: LIBQUERY with Callback: 
3/22/2017 18:5:47 1: Path request:/api/authentification/
3/22/2017 18:5:47 1: Path header:undefined
3/22/2017 18:5:47 1: Path query:{}
3/22/2017 18:5:47 1: BEGIN PKREQUESTMANAGER.CALLQUERY(1,'ADM0000001','abe','{}', '{abe,abe}','{}', :cursor); END;
3/22/2017 18:5:47 1: 1 Object(s) returned... [FETCH]
3/22/2017 18:5:47 1: [object Object]
3/22/2017 18:5:47 2: Path request:/api/user/
3/22/2017 18:5:47 2: Path query:{"USER_NAME":"abe"}
3/22/2017 18:5:47 2: BEGIN PKREQUESTMANAGER.CALLQUERY(2,'CLI0000002','abe','{}', '{abe}','{}', :cursor); END;
3/22/2017 18:5:48 3: Path request:/api/environment/
3/22/2017 18:5:48 3: Path query:{"USER_NAME":"abe"}
3/22/2017 18:5:48 3: BEGIN PKREQUESTMANAGER.CALLQUERY(3,'CLI0000003','abe','{}', '{abe}','{}', :cursor); END;
