3/22/2017 10:10:38 21: Connecting to database:{"user":"controlroom","password":"controlroom","connectString":"192.168.56.101/xe"}
3/22/2017 10:10:38 21: Path request:/api/user/
3/22/2017 10:10:38 21: Path query:{"USER_NAME":"admin"}
3/22/2017 10:10:38 21: BEGIN PKREQUESTMANAGER.CALLQUERY(21,'CLI0000002','admin','{}', '{admin}','{}', :cursor); END;
3/22/2017 10:11:45 22: Connecting to database:{"user":"controlroom","password":"controlroom","connectString":"192.168.56.101/xe"}
3/22/2017 10:11:45 22: Path request:/api/user/
3/22/2017 10:11:45 22: Path query:{"USER_NAME":"admin"}
3/22/2017 10:11:45 22: BEGIN PKREQUESTMANAGER.CALLQUERY(22,'CLI0000002','admin','{}', '{admin}','{}', :cursor); END;
3/22/2017 10:12:32 23: Connecting to database:{"user":"controlroom","password":"controlroom","connectString":"192.168.56.101/xe"}
3/22/2017 10:12:32 23: Path request:/api/user/
3/22/2017 10:12:32 23: Path query:{"USER_NAME":"admin"}
3/22/2017 10:12:32 23: BEGIN PKREQUESTMANAGER.CALLQUERY(23,'CLI0000002','admin','{}', '{admin}','{}', :cursor); END;
3/22/2017 10:13:50 24: Connecting to database:{"user":"controlroom","password":"controlroom","connectString":"192.168.56.101/xe"}
3/22/2017 10:13:50 24: Path request:/api/user/
3/22/2017 10:13:50 24: Path query:{"USER_NAME":"admin"}
3/22/2017 10:13:50 24: BEGIN PKREQUESTMANAGER.CALLQUERY(24,'CLI0000002','admin','{}', '{admin}','{}', :cursor); END;
3/22/2017 10:15:10 25: Connecting to database:{"user":"controlroom","password":"controlroom","connectString":"192.168.56.101/xe"}
3/22/2017 10:15:10 25: Path request:/api/user/
3/22/2017 10:15:10 25: Path query:{"USER_NAME":"admin"}
3/22/2017 10:15:10 25: BEGIN PKREQUESTMANAGER.CALLQUERY(25,'CLI0000002','admin','{}', '{admin}','{}', :cursor); END;
3/22/2017 13:35:48 1: Connecting to database:{"user":"controlroom","password":"controlroom","connectString":"192.168.56.101/xe"}
3/22/2017 13:35:48 1: LIBQUERY with Callback: 
3/22/2017 13:35:48 1: Path request:/api/authentification/
3/22/2017 13:35:48 1: Path header:undefined
3/22/2017 13:35:48 1: Path query:{}
3/22/2017 13:35:48 1: BEGIN PKREQUESTMANAGER.CALLQUERY(1,'ADM0000001','admin','{}', '{admin,a}','{}', :cursor); END;
3/22/2017 13:35:48 1: 0 Object(s) returned... [FETCH]
3/22/2017 13:36:40 1: Connecting to database:{"user":"controlroom","password":"controlroom","connectString":"192.168.56.101/xe"}
3/22/2017 13:36:40 1: LIBQUERY with Callback: 
3/22/2017 13:36:40 1: Path request:/api/authentification/
3/22/2017 13:36:40 1: Path header:undefined
3/22/2017 13:36:40 1: Path query:{}
3/22/2017 13:36:40 1: BEGIN PKREQUESTMANAGER.CALLQUERY(1,'ADM0000001','admin','{}', '{admin,a}','{}', :cursor); END;
3/22/2017 13:36:40 1: 0 Object(s) returned... [FETCH]
3/22/2017 13:37:10 2: Connecting to database:{"user":"controlroom","password":"controlroom","connectString":"192.168.56.101/xe"}
3/22/2017 13:37:10 2: LIBQUERY with Callback: 
3/22/2017 13:37:10 2: Path request:/api/authentification/
3/22/2017 13:37:10 2: Path header:undefined
3/22/2017 13:37:10 2: Path query:{}
3/22/2017 13:37:10 2: BEGIN PKREQUESTMANAGER.CALLQUERY(2,'ADM0000001','admin','{}', '{admin,a}','{}', :cursor); END;
3/22/2017 13:37:10 2: 0 Object(s) returned... [FETCH]
3/22/2017 13:37:11 3: Connecting to database:{"user":"controlroom","password":"controlroom","connectString":"192.168.56.101/xe"}
3/22/2017 13:37:11 3: LIBQUERY with Callback: 
3/22/2017 13:37:11 3: Path request:/api/authentification/
3/22/2017 13:37:11 3: Path header:undefined
3/22/2017 13:37:11 3: Path query:{}
3/22/2017 13:37:11 3: BEGIN PKREQUESTMANAGER.CALLQUERY(3,'ADM0000001','admin','{}', '{admin,a}','{}', :cursor); END;
3/22/2017 13:37:11 3: 0 Object(s) returned... [FETCH]
3/22/2017 13:37:12 4: Connecting to database:{"user":"controlroom","password":"controlroom","connectString":"192.168.56.101/xe"}
3/22/2017 13:37:12 4: LIBQUERY with Callback: 
3/22/2017 13:37:12 4: Path request:/api/authentification/
3/22/2017 13:37:12 4: Path header:undefined
3/22/2017 13:37:12 4: Path query:{}
3/22/2017 13:37:12 4: BEGIN PKREQUESTMANAGER.CALLQUERY(4,'ADM0000001','admin','{}', '{admin,a}','{}', :cursor); END;
3/22/2017 13:37:12 4: 0 Object(s) returned... [FETCH]
3/22/2017 13:37:14 5: Connecting to database:{"user":"controlroom","password":"controlroom","connectString":"192.168.56.101/xe"}
3/22/2017 13:37:14 5: LIBQUERY with Callback: 
3/22/2017 13:37:14 5: Path request:/api/authentification/
3/22/2017 13:37:14 5: Path header:undefined
3/22/2017 13:37:14 5: Path query:{}
3/22/2017 13:37:14 5: BEGIN PKREQUESTMANAGER.CALLQUERY(5,'ADM0000001','admin','{}', '{admin,admin}','{}', :cursor); END;
3/22/2017 13:37:14 5: 1 Object(s) returned... [FETCH]
3/22/2017 13:37:14 5: [object Object]
3/22/2017 13:37:15 6: Connecting to database:{"user":"controlroom","password":"controlroom","connectString":"192.168.56.101/xe"}
3/22/2017 13:37:15 6: Path request:/api/user/
3/22/2017 13:37:15 6: Path query:{"USER_NAME":"admin"}
3/22/2017 13:37:15 6: BEGIN PKREQUESTMANAGER.CALLQUERY(6,'CLI0000002','admin','{}', '{admin}','{}', :cursor); END;
3/22/2017 13:38:23 1: Connecting to database:{"user":"controlroom","password":"controlroom","connectString":"192.168.56.101/xe"}
3/22/2017 13:38:23 1: LIBQUERY with Callback: 
3/22/2017 13:38:23 1: Path request:/api/authentification/
3/22/2017 13:38:23 1: Path header:undefined
3/22/2017 13:38:23 1: Path query:{}
3/22/2017 13:38:23 1: BEGIN PKREQUESTMANAGER.CALLQUERY(1,'ADM0000001','admin','{}', '{admin,admin}','{}', :cursor); END;
3/22/2017 13:38:23 1: 1 Object(s) returned... [FETCH]
3/22/2017 13:38:23 1: [object Object]
3/22/2017 13:38:23 2: Connecting to database:{"user":"controlroom","password":"controlroom","connectString":"192.168.56.101/xe"}
3/22/2017 13:38:23 2: Path request:/api/user/
3/22/2017 13:38:23 2: Path query:{"USER_NAME":"admin"}
3/22/2017 13:38:23 2: BEGIN PKREQUESTMANAGER.CALLQUERY(2,'CLI0000002','admin','{}', '{admin}','{}', :cursor); END;
3/22/2017 13:38:31 3: Connecting to database:{"user":"controlroom","password":"controlroom","connectString":"192.168.56.101/xe"}
3/22/2017 13:38:31 3: LIBQUERY with Callback: 
3/22/2017 13:38:31 3: Path request:/api/authentification/
3/22/2017 13:38:31 3: Path header:undefined
3/22/2017 13:38:31 3: Path query:{}
3/22/2017 13:38:31 3: BEGIN PKREQUESTMANAGER.CALLQUERY(3,'ADM0000001','admin','{}', '{admin,admin}','{}', :cursor); END;
3/22/2017 13:38:31 3: 1 Object(s) returned... [FETCH]
3/22/2017 13:38:31 3: [object Object]
3/22/2017 13:38:31 4: Connecting to database:{"user":"controlroom","password":"controlroom","connectString":"192.168.56.101/xe"}
3/22/2017 13:38:31 4: Path request:/api/user/
3/22/2017 13:38:31 4: Path query:{"USER_NAME":"admin"}
3/22/2017 13:38:31 4: BEGIN PKREQUESTMANAGER.CALLQUERY(4,'CLI0000002','admin','{}', '{admin}','{}', :cursor); END;
3/22/2017 13:40:37 1: Connecting to database:{"user":"controlroom","password":"controlroom","connectString":"192.168.56.101/xe"}
3/22/2017 13:40:38 1: LIBQUERY with Callback: 
3/22/2017 13:40:38 1: Path request:/api/authentification/
3/22/2017 13:40:38 1: Path header:undefined
3/22/2017 13:40:38 1: Path query:{}
3/22/2017 13:40:38 1: BEGIN PKREQUESTMANAGER.CALLQUERY(1,'ADM0000001','admin','{}', '{admin,admin}','{}', :cursor); END;
3/22/2017 13:40:38 1: 1 Object(s) returned... [FETCH]
3/22/2017 13:40:38 1: [object Object]
3/22/2017 13:40:38 2: Connecting to database:{"user":"controlroom","password":"controlroom","connectString":"192.168.56.101/xe"}
3/22/2017 13:40:38 2: Path request:/api/user/
3/22/2017 13:40:38 2: Path query:{"USER_NAME":"admin"}
3/22/2017 13:40:38 2: BEGIN PKREQUESTMANAGER.CALLQUERY(2,'CLI0000002','admin','{}', '{admin}','{}', :cursor); END;
3/22/2017 13:58:57 1: Connecting to database:{"user":"controlroom","password":"controlroom","connectString":"192.168.56.101/xe"}
3/22/2017 13:58:57 1: LIBQUERY with Callback: 
3/22/2017 13:58:57 1: Path request:/api/authentification/
3/22/2017 13:58:57 1: Path header:undefined
3/22/2017 13:58:57 1: Path query:{}
3/22/2017 13:58:57 1: BEGIN PKREQUESTMANAGER.CALLQUERY(1,'ADM0000001','admin','{}', '{admin,admin}','{}', :cursor); END;
3/22/2017 13:58:57 1: 1 Object(s) returned... [FETCH]
3/22/2017 13:58:57 1: [object Object]
3/22/2017 13:58:58 2: Connecting to database:{"user":"controlroom","password":"controlroom","connectString":"192.168.56.101/xe"}
3/22/2017 13:58:58 2: Path request:/api/user/
3/22/2017 13:58:58 2: Path query:{"USER_NAME":"admin"}
3/22/2017 13:58:58 2: BEGIN PKREQUESTMANAGER.CALLQUERY(2,'CLI0000002','admin','{}', '{admin}','{}', :cursor); END;
3/22/2017 13:58:58 2: 1 Object(s) returned... [FETCH]
3/22/2017 13:58:58 2: [object Object]
3/22/2017 14:54:2 4: Connecting to database:{"user":"controlroom","password":"controlroom","connectString":"192.168.56.101/xe"}
3/22/2017 14:54:2 4: LIBQUERY with Callback: 
3/22/2017 14:54:2 4: Path request:/api/authentification/
3/22/2017 14:54:2 4: Path header:undefined
3/22/2017 14:54:2 4: Path query:{}
3/22/2017 14:54:2 4: BEGIN PKREQUESTMANAGER.CALLQUERY(4,'ADM0000001','admin','{}', '{admin,admin}','{}', :cursor); END;
3/22/2017 14:54:2 4: 1 Object(s) returned... [FETCH]
3/22/2017 14:54:2 4: [object Object]
3/22/2017 14:54:2 5: Connecting to database:{"user":"controlroom","password":"controlroom","connectString":"192.168.56.101/xe"}
3/22/2017 14:54:2 6: Connecting to database:{"user":"controlroom","password":"controlroom","connectString":"192.168.56.101/xe"}
3/22/2017 14:54:2 6: Path request:/api/user/
3/22/2017 14:54:2 6: Path query:{"USER_NAME":"admin"}
3/22/2017 14:54:2 6: BEGIN PKREQUESTMANAGER.CALLQUERY(6,'CLI0000002','admin','{}', '{admin}','{}', :cursor); END;
3/22/2017 14:54:2 6: 1 Object(s) returned... [FETCH]
3/22/2017 14:54:2 6: [object Object]
3/22/2017 14:54:2 6: Path request:/api/environment/
3/22/2017 14:54:2 6: Path query:{"USER_NAME":"admin"}
3/22/2017 14:54:2 6: BEGIN PKREQUESTMANAGER.CALLQUERY(6,'CLI0000002','admin','{}', '{admin}','{}', :cursor); END;,'CLI0000003','admin','{}', '{admin}','{}', :cursor); END;
3/22/2017 14:56:7 1: Connecting to database:{"user":"controlroom","password":"controlroom","connectString":"192.168.56.101/xe"}
3/22/2017 14:56:7 2: Connecting to database:{"user":"controlroom","password":"controlroom","connectString":"192.168.56.101/xe"}
3/22/2017 14:56:7 2: Path request:/api/environment/
3/22/2017 14:56:7 2: Path query:{"USER_NAME":"admin"}
3/22/2017 14:56:7 2: BEGIN PKREQUESTMANAGER.CALLQUERY(2,'CLI0000003','admin','{}', '{admin}','{}', :cursor); END;
3/22/2017 14:56:7 2: Path request:/api/user/
3/22/2017 14:56:7 2: Path query:{"USER_NAME":"admin"}
3/22/2017 14:56:7 2: BEGIN PKREQUESTMANAGER.CALLQUERY(2,'CLI0000003','admin','{}', '{admin}','{}', :cursor); END;,'CLI0000002','admin','{}', '{admin}','{}', :cursor); END;
3/22/2017 14:56:7 2: 2 Object(s) returned... [FETCH]
3/22/2017 14:56:7 2: [object Object],[object Object]
3/22/2017 14:57:44 3: Connecting to database:{"user":"controlroom","password":"controlroom","connectString":"192.168.56.101/xe"}
3/22/2017 14:57:44 4: Connecting to database:{"user":"controlroom","password":"controlroom","connectString":"192.168.56.101/xe"}
3/22/2017 14:57:44 4: Path request:/api/user/
3/22/2017 14:57:44 4: Path query:{"USER_NAME":"admin"}
3/22/2017 14:57:44 4: BEGIN PKREQUESTMANAGER.CALLQUERY(4,'CLI0000002','admin','{}', '{admin}','{}', :cursor); END;
3/22/2017 14:57:44 4: 1 Object(s) returned... [FETCH]
3/22/2017 14:57:44 4: [object Object]
3/22/2017 14:57:44 4: Path request:/api/environment/
3/22/2017 14:57:44 4: Path query:{"USER_NAME":"admin"}
3/22/2017 14:57:44 4: BEGIN PKREQUESTMANAGER.CALLQUERY(4,'CLI0000002','admin','{}', '{admin}','{}', :cursor); END;,'CLI0000003','admin','{}', '{admin}','{}', :cursor); END;
3/22/2017 14:57:58 5: Connecting to database:{"user":"controlroom","password":"controlroom","connectString":"192.168.56.101/xe"}
3/22/2017 14:57:58 5: LIBQUERY with Callback: 
3/22/2017 14:57:58 5: Path request:/api/authentification/
3/22/2017 14:57:58 5: Path header:undefined
3/22/2017 14:57:58 5: Path query:{}
3/22/2017 14:57:58 5: BEGIN PKREQUESTMANAGER.CALLQUERY(5,'ADM0000001','admin','{}', '{admin,admin}','{}', :cursor); END;
3/22/2017 14:57:58 5: 1 Object(s) returned... [FETCH]
3/22/2017 14:57:58 5: [object Object]
3/22/2017 14:57:58 6: Connecting to database:{"user":"controlroom","password":"controlroom","connectString":"192.168.56.101/xe"}
3/22/2017 14:57:58 7: Connecting to database:{"user":"controlroom","password":"controlroom","connectString":"192.168.56.101/xe"}
3/22/2017 14:57:58 7: Path request:/api/user/
3/22/2017 14:57:58 7: Path query:{"USER_NAME":"admin"}
3/22/2017 14:57:58 7: BEGIN PKREQUESTMANAGER.CALLQUERY(7,'CLI0000002','admin','{}', '{admin}','{}', :cursor); END;
3/22/2017 14:57:58 7: 1 Object(s) returned... [FETCH]
3/22/2017 14:57:58 7: [object Object]
3/22/2017 14:57:58 7: Path request:/api/environment/
3/22/2017 14:57:58 7: Path query:{"USER_NAME":"admin"}
3/22/2017 14:57:58 7: BEGIN PKREQUESTMANAGER.CALLQUERY(7,'CLI0000002','admin','{}', '{admin}','{}', :cursor); END;,'CLI0000003','admin','{}', '{admin}','{}', :cursor); END;
