3/22/2017 10:10:38 module.executeLibQuery : undefined
3/22/2017 10:11:45 module.executeLibQuery : undefined
3/22/2017 10:12:32 module.executeLibQuery : undefined
3/22/2017 10:13:50 module.executeLibQuery : undefined
3/22/2017 10:15:10 module.executeLibQuery : undefined
3/22/2017 10:39:53 module.executeLibQuery : undefined
3/22/2017 10:39:53 2: Connecting to database:{"user":"controlroom","password":"controlroom","connectString":"192.168.56.101/xe"}
3/22/2017 10:39:53 module.executeLibQueryCallback : undefined
3/22/2017 10:39:53 3: Connecting to database:{"user":"controlroom","password":"controlroom","connectString":"192.168.56.101/xe"}
3/22/2017 10:40:22 module.executeLibQuery : undefined
3/22/2017 10:40:22 2: Connecting to database:{"user":"controlroom","password":"controlroom","connectString":"192.168.56.101/xe"}
3/22/2017 10:40:22 module.executeLibQueryCallback : undefined
3/22/2017 10:40:22 3: Connecting to database:{"user":"controlroom","password":"controlroom","connectString":"192.168.56.101/xe"}
3/22/2017 10:40:28 module.executeLibQuery : undefined
3/22/2017 10:40:28 2: Connecting to database:{"user":"controlroom","password":"controlroom","connectString":"192.168.56.101/xe"}
3/22/2017 10:40:28 module.executeLibQueryCallback : undefined
3/22/2017 10:40:28 3: Connecting to database:{"user":"controlroom","password":"controlroom","connectString":"192.168.56.101/xe"}
3/22/2017 10:40:54 module.executeLibQuery : undefined
3/22/2017 10:40:54 1: Connecting to database:{"user":"controlroom","password":"controlroom","connectString":"192.168.56.101/xe"}
3/22/2017 10:40:54 module.executeLibQueryCallback : undefined
3/22/2017 10:40:54 2: Connecting to database:{"user":"controlroom","password":"controlroom","connectString":"192.168.56.101/xe"}
3/22/2017 10:52:35 module.executeLibQueryCallback : undefined
3/22/2017 13:35:48 module.executeLibQueryCallback : undefined
3/22/2017 13:36:40 module.executeLibQueryCallback : undefined
3/22/2017 13:37:10 module.executeLibQueryCallback : undefined
3/22/2017 13:37:11 module.executeLibQueryCallback : undefined
3/22/2017 13:37:12 module.executeLibQueryCallback : undefined
3/22/2017 13:37:14 module.executeLibQueryCallback : undefined
3/22/2017 13:37:15 module.executeLibQuery : undefined
3/22/2017 13:38:23 module.executeLibQueryCallback : undefined
3/22/2017 13:38:23 module.executeLibQuery : undefined
3/22/2017 13:38:31 module.executeLibQueryCallback : undefined
3/22/2017 13:38:31 module.executeLibQuery : undefined
3/22/2017 13:39:37 module.executeLibQueryCallback : undefined
3/22/2017 13:39:37 module.executeLibQuery : undefined
3/22/2017 13:40:37 module.executeLibQueryCallback : undefined
3/22/2017 13:40:38 module.executeLibQuery : undefined
3/22/2017 13:58:57 module.executeLibQueryCallback : undefined
3/22/2017 13:58:58 module.executeLibQuery : undefined
3/22/2017 13:59:27 module.executeLibQueryCallback : undefined
3/22/2017 13:59:27 module.executeLibQuery : undefined
3/22/2017 14:0:44 module.executeLibQueryCallback : undefined
3/22/2017 14:0:44 module.executeLibQuery : undefined
3/22/2017 14:0:53 module.executeLibQueryCallback : undefined
3/22/2017 14:49:53 module.executeLibQueryCallback : undefined
3/22/2017 14:49:54 module.executeLibQuery : undefined
3/22/2017 14:52:41 module.executeLibQueryCallback : undefined
3/22/2017 14:52:41 module.executeLibQuery : undefined
3/22/2017 14:52:41 module.executeLibQuery : undefined
3/22/2017 14:52:41 Connection execution:ORA-06550: line 1, column 89:
PLS-00103: Encountered the symbol "," 
: abe
3/22/2017 14:54:2 module.executeLibQueryCallback : undefined
3/22/2017 14:54:2 module.executeLibQuery : undefined
3/22/2017 14:54:2 module.executeLibQuery : undefined
3/22/2017 14:54:2 Connection execution:ORA-06550: line 1, column 93:
PLS-00103: Encountered the symbol "," 
: admin
3/22/2017 14:56:7 module.executeLibQuery : undefined
3/22/2017 14:56:7 module.executeLibQuery : undefined
3/22/2017 14:56:7 Connection execution:ORA-06550: line 1, column 93:
PLS-00103: Encountered the symbol "," 
: admin
3/22/2017 14:57:44 module.executeLibQuery : undefined
3/22/2017 14:57:44 module.executeLibQuery : undefined
3/22/2017 14:57:44 Connection execution:ORA-06550: line 1, column 93:
PLS-00103: Encountered the symbol "," 
: admin
3/22/2017 14:57:58 module.executeLibQueryCallback : undefined
3/22/2017 14:57:58 module.executeLibQuery : undefined
3/22/2017 14:57:58 module.executeLibQuery : undefined
3/22/2017 14:57:58 Connection execution:ORA-06550: line 1, column 93:
PLS-00103: Encountered the symbol "," 
: admin
3/22/2017 15:2:9 module.executeLibQueryCallback : undefined
3/22/2017 15:2:9 module.executeLibQuery : undefined
3/22/2017 15:2:9 module.executeLibQuery : undefined
3/22/2017 15:2:9 Connection execution:ORA-06550: line 1, column 89:
PLS-00103: Encountered the symbol "," 
: abe
3/22/2017 15:5:19 module.executeLibQueryCallback : undefined
3/22/2017 15:6:11 module.executeLibQueryCallback : undefined
3/22/2017 15:6:11 module.executeLibQuery : undefined
3/22/2017 15:6:11 module.executeLibQuery : undefined
3/22/2017 15:6:11 Connection execution:ORA-06550: line 1, column 89:
PLS-00103: Encountered the symbol "," 
: abe
3/22/2017 15:8:10 module.executeLibQueryCallback : undefined
3/22/2017 15:8:10 module.executeLibQuery : undefined
3/22/2017 15:8:10 module.executeLibQuery : undefined
3/22/2017 15:8:10 Connection execution:ORA-06550: line 1, column 89:
PLS-00103: Encountered the symbol "," 
: abe
3/22/2017 15:9:7 module.executeLibQueryCallback : undefined
3/22/2017 15:9:8 module.executeLibQuery : undefined
3/22/2017 15:9:8 module.executeLibQuery : undefined
3/22/2017 15:9:8 Connection execution:ORA-06550: line 1, column 89:
PLS-00103: Encountered the symbol "," 
: abe
3/22/2017 15:53:55 module.executeLibQueryCallback : undefined
3/22/2017 15:53:55 module.executeLibQuery : undefined
3/22/2017 15:53:55 module.executeLibQuery : undefined
3/22/2017 15:53:55 Connection execution:ORA-06550: line 1, column 89:
PLS-00103: Encountered the symbol "," 
: abe
3/22/2017 15:59:42 module.executeLibQueryCallback : undefined
3/22/2017 15:59:42 module.executeLibQuery : undefined
3/22/2017 15:59:42 module.executeLibQuery : undefined
3/22/2017 15:59:43 Connection execution:ORA-06550: line 1, column 89:
PLS-00103: Encountered the symbol "," 
: abe
3/22/2017 16:1:30 module.executeLibQueryCallback : undefined
3/22/2017 16:1:30 Connection execution:ORA-06550: line 1, column 89:
PLS-00103: Encountered the symbol "," 
: abe
3/22/2017 16:12:3 module.executeLibQueryCallback : undefined
3/22/2017 16:12:3 Connection execution:ORA-06550: line 1, column 89:
PLS-00103: Encountered the symbol "," 
: abe
3/22/2017 16:14:18 module.executeLibQueryCallback : undefined
3/22/2017 16:14:19 Connection execution:ORA-06550: line 1, column 89:
PLS-00103: Encountered the symbol "," 
: abe
3/22/2017 16:17:55 module.executeLibQueryCallback : undefined
3/22/2017 16:17:55 Connection execution:ORA-06550: line 1, column 89:
PLS-00103: Encountered the symbol "," 
: abe
3/22/2017 16:20:33 module.executeLibQueryCallback : undefined
3/22/2017 16:20:33 Connection execution:ORA-06550: line 1, column 89:
PLS-00103: Encountered the symbol "," 
: abe
3/22/2017 16:21:11 module.executeLibQueryCallback : undefined
3/22/2017 16:21:11 Connection execution:ORA-06550: line 1, column 89:
PLS-00103: Encountered the symbol "," 
: abe
3/22/2017 16:30:24 module.executeLibQueryCallback : undefined
3/22/2017 16:30:24 module.executeLibQuery : undefined
3/22/2017 16:30:24 module.executeLibQuery : undefined
3/22/2017 16:30:24 Connection execution:ORA-06550: line 1, column 89:
PLS-00103: Encountered the symbol "," 
: abe
3/22/2017 16:49:4 module.executeLibQueryCallback : undefined
3/22/2017 16:49:4 module.executeLibQuery : undefined
3/22/2017 16:49:4 module.executeLibQuery : undefined
3/22/2017 16:49:55 module.executeLibQueryCallback : undefined
3/22/2017 16:49:56 module.executeLibQuery : undefined
3/22/2017 16:49:56 module.executeLibQuery : undefined
3/22/2017 16:50:35 module.executeLibQueryCallback : undefined
3/22/2017 16:50:35 module.executeLibQuery : undefined
3/22/2017 16:50:35 module.executeLibQuery : undefined
3/22/2017 16:51:36 module.executeLibQueryCallback : undefined
3/22/2017 16:51:36 module.executeLibQuery : undefined
3/22/2017 16:51:36 module.executeLibQuery : undefined
3/22/2017 16:51:37 Connection execution:ORA-06550: line 1, column 89:
PLS-00103: Encountered the symbol "," 
: abe
3/22/2017 16:53:16 module.executeLibQueryCallback : undefined
3/22/2017 16:53:16 module.executeLibQuery : undefined
3/22/2017 16:53:16 module.executeLibQuery : undefined
3/22/2017 16:53:16 Connection execution:ORA-06550: line 1, column 89:
PLS-00103: Encountered the symbol "," 
: abe
3/22/2017 16:55:22 module.executeLibQueryCallback : undefined
3/22/2017 16:55:22 module.executeLibQuery : undefined
3/22/2017 16:55:22 module.executeLibQuery : undefined
3/22/2017 16:55:23 Connection execution:ORA-06550: line 1, column 89:
PLS-00103: Encountered the symbol "," 
: abe
3/22/2017 17:7:14 module.executeLibQueryCallback : undefined
3/22/2017 17:7:15 module.executeLibQuery : undefined
3/22/2017 17:7:15 module.executeLibQuery : undefined
3/22/2017 17:7:15 Connection execution:ORA-06550: line 1, column 89:
PLS-00103: Encountered the symbol "," 
: abe
3/22/2017 17:17:7 0: Oracle connection established...
3/22/2017 17:22:37 0: Oracle connection established...
3/22/2017 17:22:46 0: Oracle connection established...
3/22/2017 17:23:2 0: Oracle connection established...
3/22/2017 17:23:41 0: Oracle connection established...
3/22/2017 17:23:56 0: Oracle connection established...
3/22/2017 17:24:12 module.executeLibQueryCallback : undefined
3/22/2017 17:24:13 module.executeLibQuery : undefined
3/22/2017 17:24:13 module.executeLibQuery : undefined
3/22/2017 17:26:13 module.executeLibQuery : undefined
3/22/2017 17:26:13 module.executeLibQuery : undefined
3/22/2017 17:41:52 0: Oracle connection established...
3/22/2017 17:42:1 module.executeLibQueryCallback : undefined
3/22/2017 17:42:1 module.executeLibQuery : undefined
3/22/2017 17:42:1 module.executeLibQuery : undefined
3/22/2017 17:42:52 0: Oracle connection established...
3/22/2017 17:49:1 0: Oracle connection established...
3/22/2017 17:49:18 module.executeLibQueryCallback : undefined
3/22/2017 17:49:18 module.executeLibQuery : undefined
3/22/2017 17:49:18 module.executeLibQuery : undefined
3/22/2017 17:51:18 module.executeLibQuery : undefined
3/22/2017 17:52:29 module.executeLibQuery : undefined
3/22/2017 17:52:29 module.executeLibQuery : undefined
3/22/2017 17:52:58 module.executeLibQueryCallback : undefined
3/22/2017 17:53:18 module.executeLibQuery : undefined
3/22/2017 17:53:18 module.executeLibQuery : undefined
3/22/2017 17:53:32 module.executeLibQueryCallback : undefined
3/22/2017 17:53:52 module.executeLibQuery : undefined
3/22/2017 17:53:52 module.executeLibQuery : undefined
3/22/2017 17:54:29 module.executeLibQuery : undefined
3/22/2017 17:54:29 module.executeLibQuery : undefined
3/22/2017 17:55:7 0: Oracle connection established...
3/22/2017 17:57:24 0: Oracle connection established...
3/22/2017 17:57:40 module.executeLibQueryCallback : undefined
3/22/2017 17:57:40 module.executeLibQuery : undefined
3/22/2017 17:57:40 module.executeLibQuery : undefined
3/22/2017 17:58:20 0: Oracle connection established...
3/22/2017 17:59:34 module.executeLibQuery : undefined
3/22/2017 17:59:34 module.executeLibQuery : undefined
3/22/2017 18:4:52 0: Oracle connection established...
3/22/2017 18:5:2 module.executeLibQuery : undefined
3/22/2017 18:5:2 module.executeLibQuery : undefined
3/22/2017 18:5:35 0: Oracle connection established...
3/22/2017 18:5:37 0: Oracle connection established...
3/22/2017 18:5:47 module.executeLibQuery : undefined
3/22/2017 18:5:48 module.executeLibQuery : undefined
3/22/2017 18:6:16 0: Oracle connection established...
3/22/2017 18:7:0 0: Oracle connection established...
