4/12/2017 8:12:26 1: LIBQUERY with Callback: 
4/12/2017 8:12:26 1: Path request:/api/user/
4/12/2017 8:12:26 1: Path header:undefined
4/12/2017 8:12:26 1: Path query:{"USER_NAME":"abe"}
4/12/2017 8:12:26 1: BEGIN PKREQUESTMANAGER.CALLQUERY(1,'CLI0000002','abe','{}', '{abe}','{}', :cursor); END;
4/12/2017 8:12:26 2: LIBQUERY with Callback: 
4/12/2017 8:12:26 2: Path request:/api/environment/
4/12/2017 8:12:26 2: Path header:undefined
4/12/2017 8:12:26 2: Path query:{"USER_NAME":"abe"}
4/12/2017 8:12:26 2: BEGIN PKREQUESTMANAGER.CALLQUERY(2,'CLI0000003','abe','{}', '{abe}','{}', :cursor); END;
4/12/2017 8:12:26 2: 1 Object(s) returned... [FETCH]
4/12/2017 8:12:26 2: [object Object]
4/12/2017 8:12:27 2: 2 Object(s) returned... [FETCH]
4/12/2017 8:12:27 2: [object Object],[object Object]
4/12/2017 8:44:13 3: LIBQUERY with Callback: 
4/12/2017 8:44:13 3: Path request:/api/user/
4/12/2017 8:44:13 3: Path header:undefined
4/12/2017 8:44:13 3: Path query:{"USER_NAME":"abe"}
4/12/2017 8:44:13 3: BEGIN PKREQUESTMANAGER.CALLQUERY(3,'CLI0000002','abe','{}', '{abe}','{}', :cursor); END;
4/12/2017 8:44:13 4: LIBQUERY with Callback: 
4/12/2017 8:44:13 4: Path request:/api/environment/
4/12/2017 8:44:13 4: Path header:undefined
4/12/2017 8:44:13 4: Path query:{"USER_NAME":"abe"}
4/12/2017 8:44:13 4: BEGIN PKREQUESTMANAGER.CALLQUERY(4,'CLI0000003','abe','{}', '{abe}','{}', :cursor); END;
4/12/2017 8:44:14 4: 1 Object(s) returned... [FETCH]
4/12/2017 8:44:14 4: [object Object]
4/12/2017 8:44:17 4: 2 Object(s) returned... [FETCH]
4/12/2017 8:44:17 4: [object Object],[object Object]
4/12/2017 8:48:19 5: LIBQUERY with Callback: 
4/12/2017 8:48:19 5: Path request:/api/user/
4/12/2017 8:48:19 5: Path header:undefined
4/12/2017 8:48:19 5: Path query:{"USER_NAME":"abe"}
4/12/2017 8:48:19 5: BEGIN PKREQUESTMANAGER.CALLQUERY(5,'CLI0000002','abe','{}', '{abe}','{}', :cursor); END;
4/12/2017 8:48:19 5: 1 Object(s) returned... [FETCH]
4/12/2017 8:48:19 5: [object Object]
4/12/2017 8:48:19 6: LIBQUERY with Callback: 
4/12/2017 8:48:19 6: Path request:/api/environment/
4/12/2017 8:48:19 6: Path header:undefined
4/12/2017 8:48:19 6: Path query:{"USER_NAME":"abe"}
4/12/2017 8:48:19 6: BEGIN PKREQUESTMANAGER.CALLQUERY(6,'CLI0000003','abe','{}', '{abe}','{}', :cursor); END;
4/12/2017 8:48:20 6: 2 Object(s) returned... [FETCH]
4/12/2017 8:48:20 6: [object Object],[object Object]
