2/15/2021 14:18:3 [crontab] 1: "BEGIN PKREQUESTMANAGER.CALLQUERY(1,'CRON000001','crontab','{}', '{}','{}', :cursor); END;"
2/15/2021 14:18:6 [crontab] 1: "27 Object(s) returned... [FETCH]"
2/15/2021 14:18:6 [crontab] CRON: "Cron Job DAILY_WHS_SSCC_NO_UBD is now scheduled using cron setup : */5 * * * *"
2/15/2021 14:18:6 [crontab] CRON: "Cron Job WEEKLY_STORE_NO_SALES is now scheduled using cron setup : 5 6 * * 1"
2/15/2021 14:18:6 [crontab] CRON: "Cron Job EXP_WHS_INVALID_PICKING is now scheduled using cron setup : 5 9 * * *"
2/15/2021 14:18:6 [crontab] CRON: "Cron Job DAILY_STORE_SHORTED is now scheduled using cron setup : 5 7 * * *"
2/15/2021 14:18:6 [crontab] CRON: "Cron Job DAILY_STORE_BLOCKED_RECEIPT is now scheduled using cron setup : 5 7 * * *"
2/15/2021 14:18:6 [crontab] CRON: "Cron Job WEEKLY_STORE_NO_SALES_ADMIN is now scheduled using cron setup : 5 7 * * 1"
2/15/2021 14:18:6 [crontab] CRON: "Cron Job WEEKLY_EDI_invoice_WEEKLY is now scheduled using cron setup : 1 19 * * 7"
2/15/2021 14:18:6 [crontab] CRON: "Cron Job ONGOING_EDI_invoice_SCAN is not active. Activation date on Tue Jan 12 2049 00:00:00 GMT+0100 (Central European Standard Time)"
2/15/2021 14:18:6 [crontab] CRON: "Cron Job CGO_ALERT is not active. Activation date on Tue Jan 12 2049 00:00:00 GMT+0100 (Central European Standard Time)"
2/15/2021 14:18:6 [crontab] CRON: "Cron Job DAILY_CAO_Negative_Inventory_1130AM is now scheduled using cron setup : 30 11 * * *"
2/15/2021 14:18:6 [crontab] CRON: "Cron Job DAILY_CAO_Negative_Inventory_0530AM is not active. Activation date on Tue Jan 12 2049 00:00:00 GMT+0100 (Central European Standard Time)"
2/15/2021 14:18:6 [crontab] CRON: "Cron Job DAILY_CAO_Order_Recap is now scheduled using cron setup : 30 11 * * *"
2/15/2021 14:18:6 [crontab] CRON: "Cron Job DAILY_Store_Sales is now scheduled using cron setup : 5 8 * * *"
2/15/2021 14:18:6 [crontab] CRON: "Cron Job DAILY_CAO_Store_Sales is now scheduled using cron setup : 5 8 * * *"
2/15/2021 14:18:6 [crontab] CRON: "Cron Job WEEKLY_Store_shrink is now scheduled using cron setup : 5 19 * * 7"
2/15/2021 14:18:6 [crontab] CRON: "Cron Job WEEKLY_CAO_Store_shrink is now scheduled using cron setup : 5 19 * * 7"
2/15/2021 14:18:6 [crontab] CRON: "Cron Job DAILY_BUYER_Pushout is not active. Activation date on Tue Jan 12 2049 00:00:00 GMT+0100 (Central European Standard Time)"
2/15/2021 14:18:6 [crontab] CRON: "Cron Job DAILY_EDI_BLANK_REF is now scheduled using cron setup : 5 7 * * *"
2/15/2021 14:18:6 [crontab] CRON: "Cron Job ICR_MAINTENANCE is now scheduled using cron setup : 5 3 * * *"
2/15/2021 14:18:6 [crontab] CRON: "Cron Job VIEW_REFRESH_DAILY is now scheduled using cron setup : 5 12 * * *"
2/15/2021 14:18:6 [crontab] CRON: "Cron Job VIEW_REFRESH_HOURLY is now scheduled using cron setup : 5 11 * * *"
2/15/2021 14:18:6 [crontab] CRON: "Cron Job DAILY_WHS_CUT is now scheduled using cron setup : 5 7 * * *"
2/15/2021 14:18:6 [crontab] CRON: "Cron Job DAILY_WHS_UBD is now scheduled using cron setup : 5 8 * * *"
2/15/2021 14:18:6 [crontab] CRON: "Cron Job DAILY_WHS_NEG_UBD is now scheduled using cron setup : 0 2 * * *"
2/15/2021 14:18:6 [crontab] CRON: "Cron Job WEEKLY_STORE_NO_SALES_CAPTURE_ADMIN is now scheduled using cron setup : 5 6 * * 1"
2/15/2021 14:18:6 [crontab] CRON: "Cron Job DAILY_FILL_RATE_CAPTURE is now scheduled using cron setup : 0 16 * * *"
2/15/2021 14:18:6 [crontab] CRON: "Cron Job DAILY_SERVICE_RATE_CAPTURE is now scheduled using cron setup : 0 16 * * *"
2/15/2021 14:18:8 [crontab] 1: "BEGIN PKREQUESTMANAGER.CALLQUERY(1,'CRON000001','crontab','{}', '{}','{}', :cursor); END;"
2/15/2021 14:18:11 [crontab] 1: "27 Object(s) returned... [FETCH]"
2/15/2021 14:18:11 [crontab] CRON: "Cron Job DAILY_WHS_SSCC_NO_UBD is now scheduled using cron setup : */5 * * * *"
2/15/2021 14:18:11 [crontab] CRON: "Cron Job WEEKLY_STORE_NO_SALES is now scheduled using cron setup : 5 6 * * 1"
2/15/2021 14:18:11 [crontab] CRON: "Cron Job EXP_WHS_INVALID_PICKING is now scheduled using cron setup : 5 9 * * *"
2/15/2021 14:18:11 [crontab] CRON: "Cron Job DAILY_STORE_SHORTED is now scheduled using cron setup : 5 7 * * *"
2/15/2021 14:18:11 [crontab] CRON: "Cron Job DAILY_STORE_BLOCKED_RECEIPT is now scheduled using cron setup : 5 7 * * *"
2/15/2021 14:18:11 [crontab] CRON: "Cron Job WEEKLY_STORE_NO_SALES_ADMIN is now scheduled using cron setup : 5 7 * * 1"
2/15/2021 14:18:11 [crontab] CRON: "Cron Job WEEKLY_EDI_invoice_WEEKLY is now scheduled using cron setup : 1 19 * * 7"
2/15/2021 14:18:11 [crontab] CRON: "Cron Job ONGOING_EDI_invoice_SCAN is not active. Activation date on Tue Jan 12 2049 00:00:00 GMT+0100 (Central European Standard Time)"
2/15/2021 14:18:11 [crontab] CRON: "Cron Job CGO_ALERT is not active. Activation date on Tue Jan 12 2049 00:00:00 GMT+0100 (Central European Standard Time)"
2/15/2021 14:18:11 [crontab] CRON: "Cron Job DAILY_CAO_Negative_Inventory_1130AM is now scheduled using cron setup : 30 11 * * *"
2/15/2021 14:18:11 [crontab] CRON: "Cron Job DAILY_CAO_Negative_Inventory_0530AM is not active. Activation date on Tue Jan 12 2049 00:00:00 GMT+0100 (Central European Standard Time)"
2/15/2021 14:18:11 [crontab] CRON: "Cron Job DAILY_CAO_Order_Recap is now scheduled using cron setup : 30 11 * * *"
2/15/2021 14:18:11 [crontab] CRON: "Cron Job DAILY_Store_Sales is now scheduled using cron setup : 5 8 * * *"
2/15/2021 14:18:11 [crontab] CRON: "Cron Job DAILY_CAO_Store_Sales is now scheduled using cron setup : 5 8 * * *"
2/15/2021 14:18:11 [crontab] CRON: "Cron Job WEEKLY_Store_shrink is now scheduled using cron setup : 5 19 * * 7"
2/15/2021 14:18:11 [crontab] CRON: "Cron Job WEEKLY_CAO_Store_shrink is now scheduled using cron setup : 5 19 * * 7"
2/15/2021 14:18:11 [crontab] CRON: "Cron Job DAILY_BUYER_Pushout is not active. Activation date on Tue Jan 12 2049 00:00:00 GMT+0100 (Central European Standard Time)"
2/15/2021 14:18:11 [crontab] CRON: "Cron Job DAILY_EDI_BLANK_REF is now scheduled using cron setup : 5 7 * * *"
2/15/2021 14:18:11 [crontab] CRON: "Cron Job ICR_MAINTENANCE is now scheduled using cron setup : 5 3 * * *"
2/15/2021 14:18:11 [crontab] CRON: "Cron Job VIEW_REFRESH_DAILY is now scheduled using cron setup : 5 12 * * *"
2/15/2021 14:18:11 [crontab] CRON: "Cron Job VIEW_REFRESH_HOURLY is now scheduled using cron setup : 5 11 * * *"
2/15/2021 14:18:11 [crontab] CRON: "Cron Job DAILY_WHS_CUT is now scheduled using cron setup : 5 7 * * *"
2/15/2021 14:18:11 [crontab] CRON: "Cron Job DAILY_WHS_UBD is now scheduled using cron setup : 5 8 * * *"
2/15/2021 14:18:11 [crontab] CRON: "Cron Job DAILY_WHS_NEG_UBD is now scheduled using cron setup : 0 2 * * *"
2/15/2021 14:18:11 [crontab] CRON: "Cron Job WEEKLY_STORE_NO_SALES_CAPTURE_ADMIN is now scheduled using cron setup : 5 6 * * 1"
2/15/2021 14:18:11 [crontab] CRON: "Cron Job DAILY_FILL_RATE_CAPTURE is now scheduled using cron setup : 0 16 * * *"
2/15/2021 14:18:11 [crontab] CRON: "Cron Job DAILY_SERVICE_RATE_CAPTURE is now scheduled using cron setup : 0 16 * * *"
2/15/2021 14:18:20 [crontab] 1: "BEGIN PKREQUESTMANAGER.CALLQUERY(1,'CRON000001','crontab','{}', '{}','{}', :cursor); END;"
2/15/2021 14:18:22 [crontab] 1: "27 Object(s) returned... [FETCH]"
2/15/2021 14:18:22 [crontab] CRON: "Cron Job DAILY_WHS_SSCC_NO_UBD is now scheduled using cron setup : */5 * * * *"
2/15/2021 14:18:22 [crontab] CRON: "Cron Job WEEKLY_STORE_NO_SALES is now scheduled using cron setup : 5 6 * * 1"
2/15/2021 14:18:22 [crontab] CRON: "Cron Job EXP_WHS_INVALID_PICKING is now scheduled using cron setup : 5 9 * * *"
2/15/2021 14:18:22 [crontab] CRON: "Cron Job DAILY_STORE_SHORTED is now scheduled using cron setup : 5 7 * * *"
2/15/2021 14:18:22 [crontab] CRON: "Cron Job DAILY_STORE_BLOCKED_RECEIPT is now scheduled using cron setup : 5 7 * * *"
2/15/2021 14:18:22 [crontab] CRON: "Cron Job WEEKLY_STORE_NO_SALES_ADMIN is now scheduled using cron setup : 5 7 * * 1"
2/15/2021 14:18:22 [crontab] CRON: "Cron Job WEEKLY_EDI_invoice_WEEKLY is now scheduled using cron setup : 1 19 * * 7"
2/15/2021 14:18:22 [crontab] CRON: "Cron Job ONGOING_EDI_invoice_SCAN is not active. Activation date on Tue Jan 12 2049 00:00:00 GMT+0100 (Central European Standard Time)"
2/15/2021 14:18:22 [crontab] CRON: "Cron Job CGO_ALERT is not active. Activation date on Tue Jan 12 2049 00:00:00 GMT+0100 (Central European Standard Time)"
2/15/2021 14:18:22 [crontab] CRON: "Cron Job DAILY_CAO_Negative_Inventory_1130AM is now scheduled using cron setup : 30 11 * * *"
2/15/2021 14:18:22 [crontab] CRON: "Cron Job DAILY_CAO_Negative_Inventory_0530AM is not active. Activation date on Tue Jan 12 2049 00:00:00 GMT+0100 (Central European Standard Time)"
2/15/2021 14:18:22 [crontab] CRON: "Cron Job DAILY_CAO_Order_Recap is now scheduled using cron setup : 30 11 * * *"
2/15/2021 14:18:22 [crontab] CRON: "Cron Job DAILY_Store_Sales is now scheduled using cron setup : 5 8 * * *"
2/15/2021 14:18:22 [crontab] CRON: "Cron Job DAILY_CAO_Store_Sales is now scheduled using cron setup : 5 8 * * *"
2/15/2021 14:18:22 [crontab] CRON: "Cron Job WEEKLY_Store_shrink is now scheduled using cron setup : 5 19 * * 7"
2/15/2021 14:18:22 [crontab] CRON: "Cron Job WEEKLY_CAO_Store_shrink is now scheduled using cron setup : 5 19 * * 7"
2/15/2021 14:18:22 [crontab] CRON: "Cron Job DAILY_BUYER_Pushout is not active. Activation date on Tue Jan 12 2049 00:00:00 GMT+0100 (Central European Standard Time)"
2/15/2021 14:18:22 [crontab] CRON: "Cron Job DAILY_EDI_BLANK_REF is now scheduled using cron setup : 5 7 * * *"
2/15/2021 14:18:22 [crontab] CRON: "Cron Job ICR_MAINTENANCE is now scheduled using cron setup : 5 3 * * *"
2/15/2021 14:18:22 [crontab] CRON: "Cron Job VIEW_REFRESH_DAILY is now scheduled using cron setup : 5 12 * * *"
2/15/2021 14:18:22 [crontab] CRON: "Cron Job VIEW_REFRESH_HOURLY is now scheduled using cron setup : 5 11 * * *"
2/15/2021 14:18:22 [crontab] CRON: "Cron Job DAILY_WHS_CUT is now scheduled using cron setup : 5 7 * * *"
2/15/2021 14:18:22 [crontab] CRON: "Cron Job DAILY_WHS_UBD is now scheduled using cron setup : 5 8 * * *"
2/15/2021 14:18:22 [crontab] CRON: "Cron Job DAILY_WHS_NEG_UBD is now scheduled using cron setup : 0 2 * * *"
2/15/2021 14:18:22 [crontab] CRON: "Cron Job WEEKLY_STORE_NO_SALES_CAPTURE_ADMIN is now scheduled using cron setup : 5 6 * * 1"
2/15/2021 14:18:22 [crontab] CRON: "Cron Job DAILY_FILL_RATE_CAPTURE is now scheduled using cron setup : 0 16 * * *"
2/15/2021 14:18:22 [crontab] CRON: "Cron Job DAILY_SERVICE_RATE_CAPTURE is now scheduled using cron setup : 0 16 * * *"
2/15/2021 14:23:18 [crontab] 1: "BEGIN PKREQUESTMANAGER.CALLQUERY(1,'CRON000001','crontab','{}', '{}','{}', :cursor); END;"
2/15/2021 14:23:20 [crontab] 1: "27 Object(s) returned... [FETCH]"
2/15/2021 14:23:20 [crontab] CRON: "Cron Job DAILY_WHS_SSCC_NO_UBD is now scheduled using cron setup : */5 * * * *"
2/15/2021 14:23:20 [crontab] CRON: "Cron Job WEEKLY_STORE_NO_SALES is now scheduled using cron setup : 5 6 * * 1"
2/15/2021 14:23:20 [crontab] CRON: "Cron Job EXP_WHS_INVALID_PICKING is now scheduled using cron setup : 5 9 * * *"
2/15/2021 14:23:20 [crontab] CRON: "Cron Job DAILY_STORE_SHORTED is now scheduled using cron setup : 5 7 * * *"
2/15/2021 14:23:20 [crontab] CRON: "Cron Job DAILY_STORE_BLOCKED_RECEIPT is now scheduled using cron setup : 5 7 * * *"
2/15/2021 14:23:20 [crontab] CRON: "Cron Job WEEKLY_STORE_NO_SALES_ADMIN is now scheduled using cron setup : 5 7 * * 1"
2/15/2021 14:23:20 [crontab] CRON: "Cron Job WEEKLY_EDI_invoice_WEEKLY is now scheduled using cron setup : 1 19 * * 7"
2/15/2021 14:23:20 [crontab] CRON: "Cron Job ONGOING_EDI_invoice_SCAN is not active. Activation date on Tue Jan 12 2049 00:00:00 GMT+0100 (Central European Standard Time)"
2/15/2021 14:23:20 [crontab] CRON: "Cron Job CGO_ALERT is not active. Activation date on Tue Jan 12 2049 00:00:00 GMT+0100 (Central European Standard Time)"
2/15/2021 14:23:20 [crontab] CRON: "Cron Job DAILY_CAO_Negative_Inventory_1130AM is now scheduled using cron setup : 30 11 * * *"
2/15/2021 14:23:20 [crontab] CRON: "Cron Job DAILY_CAO_Negative_Inventory_0530AM is not active. Activation date on Tue Jan 12 2049 00:00:00 GMT+0100 (Central European Standard Time)"
2/15/2021 14:23:20 [crontab] CRON: "Cron Job DAILY_CAO_Order_Recap is now scheduled using cron setup : 30 11 * * *"
2/15/2021 14:23:20 [crontab] CRON: "Cron Job DAILY_Store_Sales is now scheduled using cron setup : 5 8 * * *"
2/15/2021 14:23:20 [crontab] CRON: "Cron Job DAILY_CAO_Store_Sales is now scheduled using cron setup : 5 8 * * *"
2/15/2021 14:23:20 [crontab] CRON: "Cron Job WEEKLY_Store_shrink is now scheduled using cron setup : 5 19 * * 7"
2/15/2021 14:23:20 [crontab] CRON: "Cron Job WEEKLY_CAO_Store_shrink is now scheduled using cron setup : 5 19 * * 7"
2/15/2021 14:23:20 [crontab] CRON: "Cron Job DAILY_BUYER_Pushout is not active. Activation date on Tue Jan 12 2049 00:00:00 GMT+0100 (Central European Standard Time)"
2/15/2021 14:23:20 [crontab] CRON: "Cron Job DAILY_EDI_BLANK_REF is now scheduled using cron setup : 5 7 * * *"
2/15/2021 14:23:20 [crontab] CRON: "Cron Job ICR_MAINTENANCE is now scheduled using cron setup : 5 3 * * *"
2/15/2021 14:23:20 [crontab] CRON: "Cron Job VIEW_REFRESH_DAILY is now scheduled using cron setup : 5 12 * * *"
2/15/2021 14:23:20 [crontab] CRON: "Cron Job VIEW_REFRESH_HOURLY is now scheduled using cron setup : 5 11 * * *"
2/15/2021 14:23:20 [crontab] CRON: "Cron Job DAILY_WHS_CUT is now scheduled using cron setup : 5 7 * * *"
2/15/2021 14:23:20 [crontab] CRON: "Cron Job DAILY_WHS_UBD is now scheduled using cron setup : 5 8 * * *"
2/15/2021 14:23:20 [crontab] CRON: "Cron Job DAILY_WHS_NEG_UBD is now scheduled using cron setup : 0 2 * * *"
2/15/2021 14:23:20 [crontab] CRON: "Cron Job WEEKLY_STORE_NO_SALES_CAPTURE_ADMIN is now scheduled using cron setup : 5 6 * * 1"
2/15/2021 14:23:20 [crontab] CRON: "Cron Job DAILY_FILL_RATE_CAPTURE is now scheduled using cron setup : 0 16 * * *"
2/15/2021 14:23:20 [crontab] CRON: "Cron Job DAILY_SERVICE_RATE_CAPTURE is now scheduled using cron setup : 0 16 * * *"
2/15/2021 14:23:30 [crontab] 1: "BEGIN PKREQUESTMANAGER.CALLQUERY(1,'CRON000001','crontab','{}', '{}','{}', :cursor); END;"
2/15/2021 14:23:32 [crontab] 1: "27 Object(s) returned... [FETCH]"
2/15/2021 14:23:32 [crontab] CRON: "Cron Job DAILY_WHS_SSCC_NO_UBD is now scheduled using cron setup : */5 * * * *"
2/15/2021 14:23:32 [crontab] CRON: "Cron Job WEEKLY_STORE_NO_SALES is now scheduled using cron setup : 5 6 * * 1"
2/15/2021 14:23:32 [crontab] CRON: "Cron Job EXP_WHS_INVALID_PICKING is now scheduled using cron setup : 5 9 * * *"
2/15/2021 14:23:32 [crontab] CRON: "Cron Job DAILY_STORE_SHORTED is now scheduled using cron setup : 5 7 * * *"
2/15/2021 14:23:32 [crontab] CRON: "Cron Job DAILY_STORE_BLOCKED_RECEIPT is now scheduled using cron setup : 5 7 * * *"
2/15/2021 14:23:32 [crontab] CRON: "Cron Job WEEKLY_STORE_NO_SALES_ADMIN is now scheduled using cron setup : 5 7 * * 1"
2/15/2021 14:23:32 [crontab] CRON: "Cron Job WEEKLY_EDI_invoice_WEEKLY is now scheduled using cron setup : 1 19 * * 7"
2/15/2021 14:23:32 [crontab] CRON: "Cron Job ONGOING_EDI_invoice_SCAN is not active. Activation date on Tue Jan 12 2049 00:00:00 GMT+0100 (Central European Standard Time)"
2/15/2021 14:23:32 [crontab] CRON: "Cron Job CGO_ALERT is not active. Activation date on Tue Jan 12 2049 00:00:00 GMT+0100 (Central European Standard Time)"
2/15/2021 14:23:32 [crontab] CRON: "Cron Job DAILY_CAO_Negative_Inventory_1130AM is now scheduled using cron setup : 30 11 * * *"
2/15/2021 14:23:32 [crontab] CRON: "Cron Job DAILY_CAO_Negative_Inventory_0530AM is not active. Activation date on Tue Jan 12 2049 00:00:00 GMT+0100 (Central European Standard Time)"
2/15/2021 14:23:32 [crontab] CRON: "Cron Job DAILY_CAO_Order_Recap is now scheduled using cron setup : 30 11 * * *"
2/15/2021 14:23:32 [crontab] CRON: "Cron Job DAILY_Store_Sales is now scheduled using cron setup : 5 8 * * *"
2/15/2021 14:23:32 [crontab] CRON: "Cron Job DAILY_CAO_Store_Sales is now scheduled using cron setup : 5 8 * * *"
2/15/2021 14:23:32 [crontab] CRON: "Cron Job WEEKLY_Store_shrink is now scheduled using cron setup : 5 19 * * 7"
2/15/2021 14:23:32 [crontab] CRON: "Cron Job WEEKLY_CAO_Store_shrink is now scheduled using cron setup : 5 19 * * 7"
2/15/2021 14:23:32 [crontab] CRON: "Cron Job DAILY_BUYER_Pushout is not active. Activation date on Tue Jan 12 2049 00:00:00 GMT+0100 (Central European Standard Time)"
2/15/2021 14:23:32 [crontab] CRON: "Cron Job DAILY_EDI_BLANK_REF is now scheduled using cron setup : 5 7 * * *"
2/15/2021 14:23:32 [crontab] CRON: "Cron Job ICR_MAINTENANCE is now scheduled using cron setup : 5 3 * * *"
2/15/2021 14:23:32 [crontab] CRON: "Cron Job VIEW_REFRESH_DAILY is now scheduled using cron setup : 5 12 * * *"
2/15/2021 14:23:32 [crontab] CRON: "Cron Job VIEW_REFRESH_HOURLY is now scheduled using cron setup : 5 11 * * *"
2/15/2021 14:23:32 [crontab] CRON: "Cron Job DAILY_WHS_CUT is now scheduled using cron setup : 5 7 * * *"
2/15/2021 14:23:32 [crontab] CRON: "Cron Job DAILY_WHS_UBD is now scheduled using cron setup : 5 8 * * *"
2/15/2021 14:23:32 [crontab] CRON: "Cron Job DAILY_WHS_NEG_UBD is now scheduled using cron setup : 0 2 * * *"
2/15/2021 14:23:32 [crontab] CRON: "Cron Job WEEKLY_STORE_NO_SALES_CAPTURE_ADMIN is now scheduled using cron setup : 5 6 * * 1"
2/15/2021 14:23:32 [crontab] CRON: "Cron Job DAILY_FILL_RATE_CAPTURE is now scheduled using cron setup : 0 16 * * *"
2/15/2021 14:23:32 [crontab] CRON: "Cron Job DAILY_SERVICE_RATE_CAPTURE is now scheduled using cron setup : 0 16 * * *"
2/15/2021 14:23:42 [crontab] 1: "BEGIN PKREQUESTMANAGER.CALLQUERY(1,'CRON000001','crontab','{}', '{}','{}', :cursor); END;"
2/15/2021 14:23:44 [crontab] 1: "27 Object(s) returned... [FETCH]"
2/15/2021 14:23:44 [crontab] CRON: "Cron Job DAILY_WHS_SSCC_NO_UBD is now scheduled using cron setup : */5 * * * *"
2/15/2021 14:23:44 [crontab] CRON: "Cron Job WEEKLY_STORE_NO_SALES is now scheduled using cron setup : 5 6 * * 1"
2/15/2021 14:23:44 [crontab] CRON: "Cron Job EXP_WHS_INVALID_PICKING is now scheduled using cron setup : 5 9 * * *"
2/15/2021 14:23:44 [crontab] CRON: "Cron Job DAILY_STORE_SHORTED is now scheduled using cron setup : 5 7 * * *"
2/15/2021 14:23:44 [crontab] CRON: "Cron Job DAILY_STORE_BLOCKED_RECEIPT is now scheduled using cron setup : 5 7 * * *"
2/15/2021 14:23:44 [crontab] CRON: "Cron Job WEEKLY_STORE_NO_SALES_ADMIN is now scheduled using cron setup : 5 7 * * 1"
2/15/2021 14:23:44 [crontab] CRON: "Cron Job WEEKLY_EDI_invoice_WEEKLY is now scheduled using cron setup : 1 19 * * 7"
2/15/2021 14:23:44 [crontab] CRON: "Cron Job ONGOING_EDI_invoice_SCAN is not active. Activation date on Tue Jan 12 2049 00:00:00 GMT+0100 (Central European Standard Time)"
2/15/2021 14:23:44 [crontab] CRON: "Cron Job CGO_ALERT is not active. Activation date on Tue Jan 12 2049 00:00:00 GMT+0100 (Central European Standard Time)"
2/15/2021 14:23:44 [crontab] CRON: "Cron Job DAILY_CAO_Negative_Inventory_1130AM is now scheduled using cron setup : 30 11 * * *"
2/15/2021 14:23:44 [crontab] CRON: "Cron Job DAILY_CAO_Negative_Inventory_0530AM is not active. Activation date on Tue Jan 12 2049 00:00:00 GMT+0100 (Central European Standard Time)"
2/15/2021 14:23:44 [crontab] CRON: "Cron Job DAILY_CAO_Order_Recap is now scheduled using cron setup : 30 11 * * *"
2/15/2021 14:23:44 [crontab] CRON: "Cron Job DAILY_Store_Sales is now scheduled using cron setup : 5 8 * * *"
2/15/2021 14:23:44 [crontab] CRON: "Cron Job DAILY_CAO_Store_Sales is now scheduled using cron setup : 5 8 * * *"
2/15/2021 14:23:44 [crontab] CRON: "Cron Job WEEKLY_Store_shrink is now scheduled using cron setup : 5 19 * * 7"
2/15/2021 14:23:44 [crontab] CRON: "Cron Job WEEKLY_CAO_Store_shrink is now scheduled using cron setup : 5 19 * * 7"
2/15/2021 14:23:44 [crontab] CRON: "Cron Job DAILY_BUYER_Pushout is not active. Activation date on Tue Jan 12 2049 00:00:00 GMT+0100 (Central European Standard Time)"
2/15/2021 14:23:44 [crontab] CRON: "Cron Job DAILY_EDI_BLANK_REF is now scheduled using cron setup : 5 7 * * *"
2/15/2021 14:23:44 [crontab] CRON: "Cron Job ICR_MAINTENANCE is now scheduled using cron setup : 5 3 * * *"
2/15/2021 14:23:44 [crontab] CRON: "Cron Job VIEW_REFRESH_DAILY is now scheduled using cron setup : 5 12 * * *"
2/15/2021 14:23:44 [crontab] CRON: "Cron Job VIEW_REFRESH_HOURLY is now scheduled using cron setup : 5 11 * * *"
2/15/2021 14:23:44 [crontab] CRON: "Cron Job DAILY_WHS_CUT is now scheduled using cron setup : 5 7 * * *"
2/15/2021 14:23:44 [crontab] CRON: "Cron Job DAILY_WHS_UBD is now scheduled using cron setup : 5 8 * * *"
2/15/2021 14:23:44 [crontab] CRON: "Cron Job DAILY_WHS_NEG_UBD is now scheduled using cron setup : 0 2 * * *"
2/15/2021 14:23:44 [crontab] CRON: "Cron Job WEEKLY_STORE_NO_SALES_CAPTURE_ADMIN is now scheduled using cron setup : 5 6 * * 1"
2/15/2021 14:23:44 [crontab] CRON: "Cron Job DAILY_FILL_RATE_CAPTURE is now scheduled using cron setup : 0 16 * * *"
2/15/2021 14:23:44 [crontab] CRON: "Cron Job DAILY_SERVICE_RATE_CAPTURE is now scheduled using cron setup : 0 16 * * *"
2/15/2021 14:23:53 [crontab] 1: "BEGIN PKREQUESTMANAGER.CALLQUERY(1,'CRON000001','crontab','{}', '{}','{}', :cursor); END;"
2/15/2021 14:23:55 [crontab] 1: "27 Object(s) returned... [FETCH]"
2/15/2021 14:23:55 [crontab] CRON: "Cron Job DAILY_WHS_SSCC_NO_UBD is now scheduled using cron setup : */5 * * * *"
2/15/2021 14:23:55 [crontab] CRON: "Cron Job WEEKLY_STORE_NO_SALES is now scheduled using cron setup : 5 6 * * 1"
2/15/2021 14:23:55 [crontab] CRON: "Cron Job EXP_WHS_INVALID_PICKING is now scheduled using cron setup : 5 9 * * *"
2/15/2021 14:23:55 [crontab] CRON: "Cron Job DAILY_STORE_SHORTED is now scheduled using cron setup : 5 7 * * *"
2/15/2021 14:23:55 [crontab] CRON: "Cron Job DAILY_STORE_BLOCKED_RECEIPT is now scheduled using cron setup : 5 7 * * *"
2/15/2021 14:23:55 [crontab] CRON: "Cron Job WEEKLY_STORE_NO_SALES_ADMIN is now scheduled using cron setup : 5 7 * * 1"
2/15/2021 14:23:55 [crontab] CRON: "Cron Job WEEKLY_EDI_invoice_WEEKLY is now scheduled using cron setup : 1 19 * * 7"
2/15/2021 14:23:55 [crontab] CRON: "Cron Job ONGOING_EDI_invoice_SCAN is not active. Activation date on Tue Jan 12 2049 00:00:00 GMT+0100 (Central European Standard Time)"
2/15/2021 14:23:55 [crontab] CRON: "Cron Job CGO_ALERT is not active. Activation date on Tue Jan 12 2049 00:00:00 GMT+0100 (Central European Standard Time)"
2/15/2021 14:23:55 [crontab] CRON: "Cron Job DAILY_CAO_Negative_Inventory_1130AM is now scheduled using cron setup : 30 11 * * *"
2/15/2021 14:23:55 [crontab] CRON: "Cron Job DAILY_CAO_Negative_Inventory_0530AM is not active. Activation date on Tue Jan 12 2049 00:00:00 GMT+0100 (Central European Standard Time)"
2/15/2021 14:23:55 [crontab] CRON: "Cron Job DAILY_CAO_Order_Recap is now scheduled using cron setup : 30 11 * * *"
2/15/2021 14:23:55 [crontab] CRON: "Cron Job DAILY_Store_Sales is now scheduled using cron setup : 5 8 * * *"
2/15/2021 14:23:55 [crontab] CRON: "Cron Job DAILY_CAO_Store_Sales is now scheduled using cron setup : 5 8 * * *"
2/15/2021 14:23:55 [crontab] CRON: "Cron Job WEEKLY_Store_shrink is now scheduled using cron setup : 5 19 * * 7"
2/15/2021 14:23:55 [crontab] CRON: "Cron Job WEEKLY_CAO_Store_shrink is now scheduled using cron setup : 5 19 * * 7"
2/15/2021 14:23:55 [crontab] CRON: "Cron Job DAILY_BUYER_Pushout is not active. Activation date on Tue Jan 12 2049 00:00:00 GMT+0100 (Central European Standard Time)"
2/15/2021 14:23:55 [crontab] CRON: "Cron Job DAILY_EDI_BLANK_REF is now scheduled using cron setup : 5 7 * * *"
2/15/2021 14:23:55 [crontab] CRON: "Cron Job ICR_MAINTENANCE is now scheduled using cron setup : 5 3 * * *"
2/15/2021 14:23:55 [crontab] CRON: "Cron Job VIEW_REFRESH_DAILY is now scheduled using cron setup : 5 12 * * *"
2/15/2021 14:23:55 [crontab] CRON: "Cron Job VIEW_REFRESH_HOURLY is now scheduled using cron setup : 5 11 * * *"
2/15/2021 14:23:55 [crontab] CRON: "Cron Job DAILY_WHS_CUT is now scheduled using cron setup : 5 7 * * *"
2/15/2021 14:23:55 [crontab] CRON: "Cron Job DAILY_WHS_UBD is now scheduled using cron setup : 5 8 * * *"
2/15/2021 14:23:55 [crontab] CRON: "Cron Job DAILY_WHS_NEG_UBD is now scheduled using cron setup : 0 2 * * *"
2/15/2021 14:23:55 [crontab] CRON: "Cron Job WEEKLY_STORE_NO_SALES_CAPTURE_ADMIN is now scheduled using cron setup : 5 6 * * 1"
2/15/2021 14:23:55 [crontab] CRON: "Cron Job DAILY_FILL_RATE_CAPTURE is now scheduled using cron setup : 0 16 * * *"
2/15/2021 14:23:55 [crontab] CRON: "Cron Job DAILY_SERVICE_RATE_CAPTURE is now scheduled using cron setup : 0 16 * * *"
2/15/2021 14:24:15 [crontab] 1: "BEGIN PKREQUESTMANAGER.CALLQUERY(1,'CRON000001','crontab','{}', '{}','{}', :cursor); END;"
2/15/2021 14:24:17 [crontab] 1: "27 Object(s) returned... [FETCH]"
2/15/2021 14:24:17 [crontab] CRON: "Cron Job DAILY_WHS_SSCC_NO_UBD is now scheduled using cron setup : */5 * * * *"
2/15/2021 14:24:17 [crontab] CRON: "Cron Job WEEKLY_STORE_NO_SALES is now scheduled using cron setup : 5 6 * * 1"
2/15/2021 14:24:17 [crontab] CRON: "Cron Job EXP_WHS_INVALID_PICKING is now scheduled using cron setup : 5 9 * * *"
2/15/2021 14:24:17 [crontab] CRON: "Cron Job DAILY_STORE_SHORTED is now scheduled using cron setup : 5 7 * * *"
2/15/2021 14:24:17 [crontab] CRON: "Cron Job DAILY_STORE_BLOCKED_RECEIPT is now scheduled using cron setup : 5 7 * * *"
2/15/2021 14:24:17 [crontab] CRON: "Cron Job WEEKLY_STORE_NO_SALES_ADMIN is now scheduled using cron setup : 5 7 * * 1"
2/15/2021 14:24:17 [crontab] CRON: "Cron Job WEEKLY_EDI_invoice_WEEKLY is now scheduled using cron setup : 1 19 * * 7"
2/15/2021 14:24:17 [crontab] CRON: "Cron Job ONGOING_EDI_invoice_SCAN is not active. Activation date on Tue Jan 12 2049 00:00:00 GMT+0100 (Central European Standard Time)"
2/15/2021 14:24:17 [crontab] CRON: "Cron Job CGO_ALERT is not active. Activation date on Tue Jan 12 2049 00:00:00 GMT+0100 (Central European Standard Time)"
2/15/2021 14:24:17 [crontab] CRON: "Cron Job DAILY_CAO_Negative_Inventory_1130AM is now scheduled using cron setup : 30 11 * * *"
2/15/2021 14:24:17 [crontab] CRON: "Cron Job DAILY_CAO_Negative_Inventory_0530AM is not active. Activation date on Tue Jan 12 2049 00:00:00 GMT+0100 (Central European Standard Time)"
2/15/2021 14:24:17 [crontab] CRON: "Cron Job DAILY_CAO_Order_Recap is now scheduled using cron setup : 30 11 * * *"
2/15/2021 14:24:17 [crontab] CRON: "Cron Job DAILY_Store_Sales is now scheduled using cron setup : 5 8 * * *"
2/15/2021 14:24:17 [crontab] CRON: "Cron Job DAILY_CAO_Store_Sales is now scheduled using cron setup : 5 8 * * *"
2/15/2021 14:24:17 [crontab] CRON: "Cron Job WEEKLY_Store_shrink is now scheduled using cron setup : 5 19 * * 7"
2/15/2021 14:24:17 [crontab] CRON: "Cron Job WEEKLY_CAO_Store_shrink is now scheduled using cron setup : 5 19 * * 7"
2/15/2021 14:24:17 [crontab] CRON: "Cron Job DAILY_BUYER_Pushout is not active. Activation date on Tue Jan 12 2049 00:00:00 GMT+0100 (Central European Standard Time)"
2/15/2021 14:24:17 [crontab] CRON: "Cron Job DAILY_EDI_BLANK_REF is now scheduled using cron setup : 5 7 * * *"
2/15/2021 14:24:17 [crontab] CRON: "Cron Job ICR_MAINTENANCE is now scheduled using cron setup : 5 3 * * *"
2/15/2021 14:24:17 [crontab] CRON: "Cron Job VIEW_REFRESH_DAILY is now scheduled using cron setup : 5 12 * * *"
2/15/2021 14:24:17 [crontab] CRON: "Cron Job VIEW_REFRESH_HOURLY is now scheduled using cron setup : 5 11 * * *"
2/15/2021 14:24:17 [crontab] CRON: "Cron Job DAILY_WHS_CUT is now scheduled using cron setup : 5 7 * * *"
2/15/2021 14:24:17 [crontab] CRON: "Cron Job DAILY_WHS_UBD is now scheduled using cron setup : 5 8 * * *"
2/15/2021 14:24:17 [crontab] CRON: "Cron Job DAILY_WHS_NEG_UBD is now scheduled using cron setup : 0 2 * * *"
2/15/2021 14:24:17 [crontab] CRON: "Cron Job WEEKLY_STORE_NO_SALES_CAPTURE_ADMIN is now scheduled using cron setup : 5 6 * * 1"
2/15/2021 14:24:17 [crontab] CRON: "Cron Job DAILY_FILL_RATE_CAPTURE is now scheduled using cron setup : 0 16 * * *"
2/15/2021 14:24:17 [crontab] CRON: "Cron Job DAILY_SERVICE_RATE_CAPTURE is now scheduled using cron setup : 0 16 * * *"
2/15/2021 14:24:36 [crontab] 1: "BEGIN PKREQUESTMANAGER.CALLQUERY(1,'CRON000001','crontab','{}', '{}','{}', :cursor); END;"
2/15/2021 14:24:38 [crontab] 1: "27 Object(s) returned... [FETCH]"
2/15/2021 14:24:38 [crontab] CRON: "Cron Job DAILY_WHS_SSCC_NO_UBD is now scheduled using cron setup : */5 * * * *"
2/15/2021 14:24:38 [crontab] CRON: "Cron Job WEEKLY_STORE_NO_SALES is now scheduled using cron setup : 5 6 * * 1"
2/15/2021 14:24:38 [crontab] CRON: "Cron Job EXP_WHS_INVALID_PICKING is now scheduled using cron setup : 5 9 * * *"
2/15/2021 14:24:38 [crontab] CRON: "Cron Job DAILY_STORE_SHORTED is now scheduled using cron setup : 5 7 * * *"
2/15/2021 14:24:38 [crontab] CRON: "Cron Job DAILY_STORE_BLOCKED_RECEIPT is now scheduled using cron setup : 5 7 * * *"
2/15/2021 14:24:38 [crontab] CRON: "Cron Job WEEKLY_STORE_NO_SALES_ADMIN is now scheduled using cron setup : 5 7 * * 1"
2/15/2021 14:24:38 [crontab] CRON: "Cron Job WEEKLY_EDI_invoice_WEEKLY is now scheduled using cron setup : 1 19 * * 7"
2/15/2021 14:24:38 [crontab] CRON: "Cron Job ONGOING_EDI_invoice_SCAN is not active. Activation date on Tue Jan 12 2049 00:00:00 GMT+0100 (Central European Standard Time)"
2/15/2021 14:24:38 [crontab] CRON: "Cron Job CGO_ALERT is not active. Activation date on Tue Jan 12 2049 00:00:00 GMT+0100 (Central European Standard Time)"
2/15/2021 14:24:38 [crontab] CRON: "Cron Job DAILY_CAO_Negative_Inventory_1130AM is now scheduled using cron setup : 30 11 * * *"
2/15/2021 14:24:38 [crontab] CRON: "Cron Job DAILY_CAO_Negative_Inventory_0530AM is not active. Activation date on Tue Jan 12 2049 00:00:00 GMT+0100 (Central European Standard Time)"
2/15/2021 14:24:38 [crontab] CRON: "Cron Job DAILY_CAO_Order_Recap is now scheduled using cron setup : 30 11 * * *"
2/15/2021 14:24:38 [crontab] CRON: "Cron Job DAILY_Store_Sales is now scheduled using cron setup : 5 8 * * *"
2/15/2021 14:24:38 [crontab] CRON: "Cron Job DAILY_CAO_Store_Sales is now scheduled using cron setup : 5 8 * * *"
2/15/2021 14:24:38 [crontab] CRON: "Cron Job WEEKLY_Store_shrink is now scheduled using cron setup : 5 19 * * 7"
2/15/2021 14:24:38 [crontab] CRON: "Cron Job WEEKLY_CAO_Store_shrink is now scheduled using cron setup : 5 19 * * 7"
2/15/2021 14:24:38 [crontab] CRON: "Cron Job DAILY_BUYER_Pushout is not active. Activation date on Tue Jan 12 2049 00:00:00 GMT+0100 (Central European Standard Time)"
2/15/2021 14:24:38 [crontab] CRON: "Cron Job DAILY_EDI_BLANK_REF is now scheduled using cron setup : 5 7 * * *"
2/15/2021 14:24:38 [crontab] CRON: "Cron Job ICR_MAINTENANCE is now scheduled using cron setup : 5 3 * * *"
2/15/2021 14:24:38 [crontab] CRON: "Cron Job VIEW_REFRESH_DAILY is now scheduled using cron setup : 5 12 * * *"
2/15/2021 14:24:38 [crontab] CRON: "Cron Job VIEW_REFRESH_HOURLY is now scheduled using cron setup : 5 11 * * *"
2/15/2021 14:24:38 [crontab] CRON: "Cron Job DAILY_WHS_CUT is now scheduled using cron setup : 5 7 * * *"
2/15/2021 14:24:38 [crontab] CRON: "Cron Job DAILY_WHS_UBD is now scheduled using cron setup : 5 8 * * *"
2/15/2021 14:24:38 [crontab] CRON: "Cron Job DAILY_WHS_NEG_UBD is now scheduled using cron setup : 0 2 * * *"
2/15/2021 14:24:38 [crontab] CRON: "Cron Job WEEKLY_STORE_NO_SALES_CAPTURE_ADMIN is now scheduled using cron setup : 5 6 * * 1"
2/15/2021 14:24:38 [crontab] CRON: "Cron Job DAILY_FILL_RATE_CAPTURE is now scheduled using cron setup : 0 16 * * *"
2/15/2021 14:24:38 [crontab] CRON: "Cron Job DAILY_SERVICE_RATE_CAPTURE is now scheduled using cron setup : 0 16 * * *"
2/15/2021 14:25:57 [crontab] 1: "BEGIN PKREQUESTMANAGER.CALLQUERY(1,'CRON000001','crontab','{}', '{}','{}', :cursor); END;"
2/15/2021 14:25:59 [crontab] 1: "27 Object(s) returned... [FETCH]"
2/15/2021 14:25:59 [crontab] CRON: "Cron Job DAILY_WHS_SSCC_NO_UBD is now scheduled using cron setup : */5 * * * *"
2/15/2021 14:25:59 [crontab] CRON: "Cron Job WEEKLY_STORE_NO_SALES is now scheduled using cron setup : 5 6 * * 1"
2/15/2021 14:25:59 [crontab] CRON: "Cron Job EXP_WHS_INVALID_PICKING is now scheduled using cron setup : 5 9 * * *"
2/15/2021 14:25:59 [crontab] CRON: "Cron Job DAILY_STORE_SHORTED is now scheduled using cron setup : 5 7 * * *"
2/15/2021 14:25:59 [crontab] CRON: "Cron Job DAILY_STORE_BLOCKED_RECEIPT is now scheduled using cron setup : 5 7 * * *"
2/15/2021 14:25:59 [crontab] CRON: "Cron Job WEEKLY_STORE_NO_SALES_ADMIN is now scheduled using cron setup : 5 7 * * 1"
2/15/2021 14:25:59 [crontab] CRON: "Cron Job WEEKLY_EDI_invoice_WEEKLY is now scheduled using cron setup : 1 19 * * 7"
2/15/2021 14:25:59 [crontab] CRON: "Cron Job ONGOING_EDI_invoice_SCAN is not active. Activation date on Tue Jan 12 2049 00:00:00 GMT+0100 (Central European Standard Time)"
2/15/2021 14:25:59 [crontab] CRON: "Cron Job CGO_ALERT is not active. Activation date on Tue Jan 12 2049 00:00:00 GMT+0100 (Central European Standard Time)"
2/15/2021 14:25:59 [crontab] CRON: "Cron Job DAILY_CAO_Negative_Inventory_1130AM is now scheduled using cron setup : 30 11 * * *"
2/15/2021 14:25:59 [crontab] CRON: "Cron Job DAILY_CAO_Negative_Inventory_0530AM is not active. Activation date on Tue Jan 12 2049 00:00:00 GMT+0100 (Central European Standard Time)"
2/15/2021 14:25:59 [crontab] CRON: "Cron Job DAILY_CAO_Order_Recap is now scheduled using cron setup : 30 11 * * *"
2/15/2021 14:25:59 [crontab] CRON: "Cron Job DAILY_Store_Sales is now scheduled using cron setup : 5 8 * * *"
2/15/2021 14:25:59 [crontab] CRON: "Cron Job DAILY_CAO_Store_Sales is now scheduled using cron setup : 5 8 * * *"
2/15/2021 14:25:59 [crontab] CRON: "Cron Job WEEKLY_Store_shrink is now scheduled using cron setup : 5 19 * * 7"
2/15/2021 14:25:59 [crontab] CRON: "Cron Job WEEKLY_CAO_Store_shrink is now scheduled using cron setup : 5 19 * * 7"
2/15/2021 14:25:59 [crontab] CRON: "Cron Job DAILY_BUYER_Pushout is not active. Activation date on Tue Jan 12 2049 00:00:00 GMT+0100 (Central European Standard Time)"
2/15/2021 14:25:59 [crontab] CRON: "Cron Job DAILY_EDI_BLANK_REF is now scheduled using cron setup : 5 7 * * *"
2/15/2021 14:25:59 [crontab] CRON: "Cron Job ICR_MAINTENANCE is now scheduled using cron setup : 5 3 * * *"
2/15/2021 14:25:59 [crontab] CRON: "Cron Job VIEW_REFRESH_DAILY is now scheduled using cron setup : 5 12 * * *"
2/15/2021 14:25:59 [crontab] CRON: "Cron Job VIEW_REFRESH_HOURLY is now scheduled using cron setup : 5 11 * * *"
2/15/2021 14:25:59 [crontab] CRON: "Cron Job DAILY_WHS_CUT is now scheduled using cron setup : 5 7 * * *"
2/15/2021 14:25:59 [crontab] CRON: "Cron Job DAILY_WHS_UBD is now scheduled using cron setup : 5 8 * * *"
2/15/2021 14:25:59 [crontab] CRON: "Cron Job DAILY_WHS_NEG_UBD is now scheduled using cron setup : 0 2 * * *"
2/15/2021 14:25:59 [crontab] CRON: "Cron Job WEEKLY_STORE_NO_SALES_CAPTURE_ADMIN is now scheduled using cron setup : 5 6 * * 1"
2/15/2021 14:25:59 [crontab] CRON: "Cron Job DAILY_FILL_RATE_CAPTURE is now scheduled using cron setup : 0 16 * * *"
2/15/2021 14:25:59 [crontab] CRON: "Cron Job DAILY_SERVICE_RATE_CAPTURE is now scheduled using cron setup : 0 16 * * *"
2/15/2021 16:52:21 [crontab] 1: "BEGIN PKREQUESTMANAGER.CALLQUERY(1,'CRON000001','crontab','{}', '{}','{}', :cursor); END;"
2/15/2021 16:52:23 [crontab] 1: "27 Object(s) returned... [FETCH]"
2/15/2021 16:52:23 [crontab] CRON: "Cron Job DAILY_WHS_SSCC_NO_UBD is now scheduled using cron setup : */5 * * * *"
2/15/2021 16:52:23 [crontab] CRON: "Cron Job WEEKLY_STORE_NO_SALES is now scheduled using cron setup : 5 6 * * 1"
2/15/2021 16:52:23 [crontab] CRON: "Cron Job EXP_WHS_INVALID_PICKING is now scheduled using cron setup : 5 9 * * *"
2/15/2021 16:52:23 [crontab] CRON: "Cron Job DAILY_STORE_SHORTED is now scheduled using cron setup : 5 7 * * *"
2/15/2021 16:52:23 [crontab] CRON: "Cron Job DAILY_STORE_BLOCKED_RECEIPT is now scheduled using cron setup : 5 7 * * *"
2/15/2021 16:52:23 [crontab] CRON: "Cron Job WEEKLY_STORE_NO_SALES_ADMIN is now scheduled using cron setup : 5 7 * * 1"
2/15/2021 16:52:23 [crontab] CRON: "Cron Job WEEKLY_EDI_invoice_WEEKLY is now scheduled using cron setup : 1 19 * * 7"
2/15/2021 16:52:23 [crontab] CRON: "Cron Job ONGOING_EDI_invoice_SCAN is not active. Activation date on Tue Jan 12 2049 00:00:00 GMT+0100 (Central European Standard Time)"
2/15/2021 16:52:23 [crontab] CRON: "Cron Job CGO_ALERT is not active. Activation date on Tue Jan 12 2049 00:00:00 GMT+0100 (Central European Standard Time)"
2/15/2021 16:52:23 [crontab] CRON: "Cron Job DAILY_CAO_Negative_Inventory_1130AM is now scheduled using cron setup : 30 11 * * *"
2/15/2021 16:52:23 [crontab] CRON: "Cron Job DAILY_CAO_Negative_Inventory_0530AM is not active. Activation date on Tue Jan 12 2049 00:00:00 GMT+0100 (Central European Standard Time)"
2/15/2021 16:52:23 [crontab] CRON: "Cron Job DAILY_CAO_Order_Recap is now scheduled using cron setup : 30 11 * * *"
2/15/2021 16:52:23 [crontab] CRON: "Cron Job DAILY_Store_Sales is now scheduled using cron setup : 5 8 * * *"
2/15/2021 16:52:23 [crontab] CRON: "Cron Job DAILY_CAO_Store_Sales is now scheduled using cron setup : 5 8 * * *"
2/15/2021 16:52:23 [crontab] CRON: "Cron Job WEEKLY_Store_shrink is now scheduled using cron setup : 5 19 * * 7"
2/15/2021 16:52:23 [crontab] CRON: "Cron Job WEEKLY_CAO_Store_shrink is now scheduled using cron setup : 5 19 * * 7"
2/15/2021 16:52:23 [crontab] CRON: "Cron Job DAILY_BUYER_Pushout is not active. Activation date on Tue Jan 12 2049 00:00:00 GMT+0100 (Central European Standard Time)"
2/15/2021 16:52:23 [crontab] CRON: "Cron Job DAILY_EDI_BLANK_REF is now scheduled using cron setup : 5 7 * * *"
2/15/2021 16:52:23 [crontab] CRON: "Cron Job ICR_MAINTENANCE is now scheduled using cron setup : 5 3 * * *"
2/15/2021 16:52:23 [crontab] CRON: "Cron Job VIEW_REFRESH_DAILY is now scheduled using cron setup : 5 12 * * *"
2/15/2021 16:52:23 [crontab] CRON: "Cron Job VIEW_REFRESH_HOURLY is now scheduled using cron setup : 5 11 * * *"
2/15/2021 16:52:23 [crontab] CRON: "Cron Job DAILY_WHS_CUT is now scheduled using cron setup : 5 7 * * *"
2/15/2021 16:52:23 [crontab] CRON: "Cron Job DAILY_WHS_UBD is now scheduled using cron setup : 5 8 * * *"
2/15/2021 16:52:23 [crontab] CRON: "Cron Job DAILY_WHS_NEG_UBD is now scheduled using cron setup : 0 2 * * *"
2/15/2021 16:52:23 [crontab] CRON: "Cron Job WEEKLY_STORE_NO_SALES_CAPTURE_ADMIN is now scheduled using cron setup : 5 6 * * 1"
2/15/2021 16:52:23 [crontab] CRON: "Cron Job DAILY_FILL_RATE_CAPTURE is now scheduled using cron setup : 0 16 * * *"
2/15/2021 16:52:23 [crontab] CRON: "Cron Job DAILY_SERVICE_RATE_CAPTURE is now scheduled using cron setup : 0 16 * * *"
2/15/2021 16:52:39 [crontab] 1: "BEGIN PKREQUESTMANAGER.CALLQUERY(1,'CRON000001','crontab','{}', '{}','{}', :cursor); END;"
2/15/2021 16:52:41 [crontab] 1: "27 Object(s) returned... [FETCH]"
2/15/2021 16:52:41 [crontab] CRON: "Cron Job DAILY_WHS_SSCC_NO_UBD is now scheduled using cron setup : */5 * * * *"
2/15/2021 16:52:41 [crontab] CRON: "Cron Job WEEKLY_STORE_NO_SALES is now scheduled using cron setup : 5 6 * * 1"
2/15/2021 16:52:41 [crontab] CRON: "Cron Job EXP_WHS_INVALID_PICKING is now scheduled using cron setup : 5 9 * * *"
2/15/2021 16:52:41 [crontab] CRON: "Cron Job DAILY_STORE_SHORTED is now scheduled using cron setup : 5 7 * * *"
2/15/2021 16:52:41 [crontab] CRON: "Cron Job DAILY_STORE_BLOCKED_RECEIPT is now scheduled using cron setup : 5 7 * * *"
2/15/2021 16:52:41 [crontab] CRON: "Cron Job WEEKLY_STORE_NO_SALES_ADMIN is now scheduled using cron setup : 5 7 * * 1"
2/15/2021 16:52:41 [crontab] CRON: "Cron Job WEEKLY_EDI_invoice_WEEKLY is now scheduled using cron setup : 1 19 * * 7"
2/15/2021 16:52:41 [crontab] CRON: "Cron Job ONGOING_EDI_invoice_SCAN is not active. Activation date on Tue Jan 12 2049 00:00:00 GMT+0100 (Central European Standard Time)"
2/15/2021 16:52:41 [crontab] CRON: "Cron Job CGO_ALERT is not active. Activation date on Tue Jan 12 2049 00:00:00 GMT+0100 (Central European Standard Time)"
2/15/2021 16:52:41 [crontab] CRON: "Cron Job DAILY_CAO_Negative_Inventory_1130AM is now scheduled using cron setup : 30 11 * * *"
2/15/2021 16:52:41 [crontab] CRON: "Cron Job DAILY_CAO_Negative_Inventory_0530AM is not active. Activation date on Tue Jan 12 2049 00:00:00 GMT+0100 (Central European Standard Time)"
2/15/2021 16:52:41 [crontab] CRON: "Cron Job DAILY_CAO_Order_Recap is now scheduled using cron setup : 30 11 * * *"
2/15/2021 16:52:41 [crontab] CRON: "Cron Job DAILY_Store_Sales is now scheduled using cron setup : 5 8 * * *"
2/15/2021 16:52:41 [crontab] CRON: "Cron Job DAILY_CAO_Store_Sales is now scheduled using cron setup : 5 8 * * *"
2/15/2021 16:52:41 [crontab] CRON: "Cron Job WEEKLY_Store_shrink is now scheduled using cron setup : 5 19 * * 7"
2/15/2021 16:52:41 [crontab] CRON: "Cron Job WEEKLY_CAO_Store_shrink is now scheduled using cron setup : 5 19 * * 7"
2/15/2021 16:52:41 [crontab] CRON: "Cron Job DAILY_BUYER_Pushout is not active. Activation date on Tue Jan 12 2049 00:00:00 GMT+0100 (Central European Standard Time)"
2/15/2021 16:52:41 [crontab] CRON: "Cron Job DAILY_EDI_BLANK_REF is now scheduled using cron setup : 5 7 * * *"
2/15/2021 16:52:41 [crontab] CRON: "Cron Job ICR_MAINTENANCE is now scheduled using cron setup : 5 3 * * *"
2/15/2021 16:52:41 [crontab] CRON: "Cron Job VIEW_REFRESH_DAILY is now scheduled using cron setup : 5 12 * * *"
2/15/2021 16:52:41 [crontab] CRON: "Cron Job VIEW_REFRESH_HOURLY is now scheduled using cron setup : 5 11 * * *"
2/15/2021 16:52:41 [crontab] CRON: "Cron Job DAILY_WHS_CUT is now scheduled using cron setup : 5 7 * * *"
2/15/2021 16:52:41 [crontab] CRON: "Cron Job DAILY_WHS_UBD is now scheduled using cron setup : 5 8 * * *"
2/15/2021 16:52:41 [crontab] CRON: "Cron Job DAILY_WHS_NEG_UBD is now scheduled using cron setup : 0 2 * * *"
2/15/2021 16:52:41 [crontab] CRON: "Cron Job WEEKLY_STORE_NO_SALES_CAPTURE_ADMIN is now scheduled using cron setup : 5 6 * * 1"
2/15/2021 16:52:41 [crontab] CRON: "Cron Job DAILY_FILL_RATE_CAPTURE is now scheduled using cron setup : 0 16 * * *"
2/15/2021 16:52:41 [crontab] CRON: "Cron Job DAILY_SERVICE_RATE_CAPTURE is now scheduled using cron setup : 0 16 * * *"
