4/26/2017 15:27:15 26: LIBQUERY with Callback: 
4/26/2017 15:27:15 26: Path request:/api/authentification/
4/26/2017 15:27:15 26: Path header:undefined
4/26/2017 15:27:15 26: Path query:{}
4/26/2017 15:27:15 26: BEGIN PKREQUESTMANAGER.CALLQUERY(26,'ADM0000001','admin','{}', '{admin,admin}','{}', :cursor); END;
4/26/2017 15:27:15 26: 1 Object(s) returned... [FETCH]
4/26/2017 15:27:15 26: [object Object]
4/26/2017 15:27:15 27: LIBQUERY with Callback: 
4/26/2017 15:27:15 27: Path request:/api/user/
4/26/2017 15:27:15 27: Path header:undefined
4/26/2017 15:27:15 27: Path query:{"USER_NAME":"admin"}
4/26/2017 15:27:15 27: BEGIN PKREQUESTMANAGER.CALLQUERY(27,'CLI0000002','admin','{}', '{admin}','{}', :cursor); END;
4/26/2017 15:27:15 28: LIBQUERY with Callback: 
4/26/2017 15:27:15 28: Path request:/api/environment/
4/26/2017 15:27:15 28: Path header:undefined
4/26/2017 15:27:15 28: Path query:{"USER_NAME":"admin"}
4/26/2017 15:27:15 28: BEGIN PKREQUESTMANAGER.CALLQUERY(28,'CLI0000003','admin','{}', '{admin}','{}', :cursor); END;
4/26/2017 15:27:15 28: 1 Object(s) returned... [FETCH]
4/26/2017 15:27:15 28: [object Object]
4/26/2017 15:27:15 28: 3 Object(s) returned... [FETCH]
4/26/2017 15:27:15 28: [object Object],[object Object],[object Object]
4/26/2017 17:27:29 29: LIBQUERY with Callback: 
4/26/2017 17:27:29 29: Path request:/api/counting/2/
4/26/2017 17:27:29 29: Path header:undefined
4/26/2017 17:27:29 29: Path query:{"PARAM":"04/24/2017"}
4/26/2017 17:27:29 29: BEGIN PKREQUESTMANAGER.CALLQUERY(29,'CNT0000002','admin','{HEINENS_CUSTOM_PROD}', '{04/24/2017}','{HN}', :cursor); END;
4/26/2017 17:27:32 29: 7 Object(s) returned... [FETCH]
4/26/2017 17:27:32 29: [object Object],[object Object],[object Object],[object Object],[object Object],[object Object],[object Object]
4/26/2017 17:27:39 30: LIBQUERY with Callback: 
4/26/2017 17:27:39 30: Path request:/api/counting/3/
4/26/2017 17:27:39 30: Path header:undefined
4/26/2017 17:27:39 30: Path query:{"PARAM":["04/24/2017","14","2017042314_PICS.csv"]}
4/26/2017 17:27:39 30: BEGIN PKREQUESTMANAGER.CALLQUERY(30,'CNT0000003','admin','{HEINENS_CUSTOM_PROD}', '{04/24/2017,14,2017042314_PICS.csv}','{HN}', :cursor); END;
4/26/2017 17:27:39 31: LIBQUERY with Callback: 
4/26/2017 17:27:39 31: Path request:/api/counting/4/
4/26/2017 17:27:39 31: Path header:undefined
4/26/2017 17:27:39 31: Path query:{"PARAM":["04/24/2017","14","2017042314_PICS.csv"]}
4/26/2017 17:27:39 31: BEGIN PKREQUESTMANAGER.CALLQUERY(31,'CNT0000004','admin','{HEINENS_CUSTOM_PROD}', '{04/24/2017,14,2017042314_PICS.csv}','{HN}', :cursor); END;
4/26/2017 17:27:42 31: 3 Object(s) returned... [FETCH]
4/26/2017 17:27:42 31: [object Object],[object Object],[object Object]
4/26/2017 17:27:42 32: LIBQUERY with Callback: 
4/26/2017 17:27:42 32: Path request:/api/process/
4/26/2017 17:27:42 32: Path header:undefined
4/26/2017 17:27:42 32: Path query:{"PARAM":["04/24/2017","pssti12p","10 14"]}
4/26/2017 17:27:42 32: BEGIN PKREQUESTMANAGER.CALLQUERY(32,'BTH0000001','admin','{HEINENS_CUSTOM_PROD}', '{04/24/2017,pssti12p,10 14}','{HN}', :cursor); END;
4/26/2017 17:27:42 33: LIBQUERY with Callback: 
4/26/2017 17:27:42 33: Path request:/api/counting/5/
4/26/2017 17:27:42 33: Path header:undefined
4/26/2017 17:27:42 33: Path query:{"PARAM":["04/24/2017","14","2017042314_PICS.csv"]}
4/26/2017 17:27:42 33: BEGIN PKREQUESTMANAGER.CALLQUERY(33,'CNT0000005','admin','{HEINENS_CUSTOM_PROD}', '{04/24/2017,14,2017042314_PICS.csv}','{HN}', :cursor); END;
4/26/2017 17:27:42 34: LIBQUERY with Callback: 
4/26/2017 17:27:42 34: Path request:/api/counting/6/
4/26/2017 17:27:42 34: Path header:undefined
4/26/2017 17:27:42 34: Path query:{"PARAM":["04/24/2017","14","2017042314_PICS.csv"]}
4/26/2017 17:27:42 34: BEGIN PKREQUESTMANAGER.CALLQUERY(34,'CNT0000006','admin','{HEINENS_CUSTOM_PROD}', '{04/24/2017,14,2017042314_PICS.csv}','{HN}', :cursor); END;
4/26/2017 17:27:44 34: 225 Object(s) returned... [FETCH]
4/26/2017 17:27:44 34: [object Object],[object Object],[object Object],[object Object],[object Object],[object Object],[object Object],[object Object],[object Object],[object Object],[object Object],[object Object],[object Object],[object Object],[object Object],[object Object],[object Object],[object Object],[object Object],[object Object],[object Object],[object Object],[object Object],[object Object],[object Object],[object Object],[object Object],[object Object],[object Object],[object Object],[object Object],[object Object],[object Object],[object Object],[object Object],[object Object],[object Object],[object Object],[object Object],[object Object],[object Object],[object Object],[object Object],[object Object],[object Object],[object Object],[object Object],[object Object],[object Object],[object Object],[object Object],[object Object],[object Object],[object Object],[object Object],[object Object],[object Object],[object Object],[object Object],[object Object],[object Object],[object Object],[object Object],[object Object],[object Object],[object Object],[object Object],[object Object],[object Object],[object Object],[object Object],[object Object],[object Object],[object Object],[object Object],[object Object],[object Object],[object Object],[object Object],[object Object],[object Object],[object Object],[object Object],[object Object],[object Object],[object Object],[object Object],[object Object],[object Object],[object Object],[object Object],[object Object],[object Object],[object Object],[object Object],[object Object],[object Object],[object Object],[object Object],[object Object],[object Object],[object Object],[object Object],[object Object],[object Object],[object Object],[object Object],[object Object],[object Object],[object Object],[object Object],[object Object],[object Object],[object Object],[object Object],[object Object],[object Object],[object Object],[object Object],[object Object],[object Object],[object Object],[object Object],[object Object],[object Object],[object Object],[object Object],[object Object],[object Object],[object Object],[object Object],[object Object],[object Object],[object Object],[object Object],[object Object],[object Object],[object Object],[object Object],[object Object],[object Object],[object Object],[object Object],[object Object],[object Object],[object Object],[object Object],[object Object],[object Object],[object Object],[object Object],[object Object],[object Object],[object Object],[object Object],[object Object],[object Object],[object Object],[object Object],[object Object],[object Object],[object Object],[object Object],[object Object],[object Object],[object Object],[object Object],[object Object],[object Object],[object Object],[object Object],[object Object],[object Object],[object Object],[object Object],[object Object],[object Object],[object Object],[object Object],[object Object],[object Object],[object Object],[object Object],[object Object],[object Object],[object Object],[object Object],[object Object],[object Object],[object Object],[object Object],[object Object],[object Object],[object Object],[object Object],[object Object],[object Object],[object Object],[object Object],[object Object],[object Object],[object Object],[object Object],[object Object],[object Object],[object Object],[object Object],[object Object],[object Object],[object Object],[object Object],[object Object],[object Object],[object Object],[object Object],[object Object],[object Object],[object Object],[object Object],[object Object],[object Object],[object Object],[object Object],[object Object],[object Object]
4/26/2017 17:27:53 34: 2 Object(s) returned... [FETCH]
4/26/2017 17:27:53 34: [object Object],[object Object]
4/26/2017 17:28:1 34: 70 Object(s) returned... [FETCH]
4/26/2017 17:28:1 34: [object Object],[object Object],[object Object],[object Object],[object Object],[object Object],[object Object],[object Object],[object Object],[object Object],[object Object],[object Object],[object Object],[object Object],[object Object],[object Object],[object Object],[object Object],[object Object],[object Object],[object Object],[object Object],[object Object],[object Object],[object Object],[object Object],[object Object],[object Object],[object Object],[object Object],[object Object],[object Object],[object Object],[object Object],[object Object],[object Object],[object Object],[object Object],[object Object],[object Object],[object Object],[object Object],[object Object],[object Object],[object Object],[object Object],[object Object],[object Object],[object Object],[object Object],[object Object],[object Object],[object Object],[object Object],[object Object],[object Object],[object Object],[object Object],[object Object],[object Object],[object Object],[object Object],[object Object],[object Object],[object Object],[object Object],[object Object],[object Object],[object Object],[object Object]
4/26/2017 17:28:15 35: LIBQUERY with Callback: 
4/26/2017 17:28:15 35: Path request:/api/counting/3/
4/26/2017 17:28:15 35: Path header:undefined
4/26/2017 17:28:15 35: Path query:{"PARAM":["04/24/2017","20","2017042320_PICS.csv"]}
4/26/2017 17:28:15 35: BEGIN PKREQUESTMANAGER.CALLQUERY(35,'CNT0000003','admin','{HEINENS_CUSTOM_PROD}', '{04/24/2017,20,2017042320_PICS.csv}','{HN}', :cursor); END;
4/26/2017 17:28:15 36: LIBQUERY with Callback: 
4/26/2017 17:28:15 36: Path request:/api/counting/4/
4/26/2017 17:28:15 36: Path header:undefined
4/26/2017 17:28:15 36: Path query:{"PARAM":["04/24/2017","20","2017042320_PICS.csv"]}
4/26/2017 17:28:15 36: BEGIN PKREQUESTMANAGER.CALLQUERY(36,'CNT0000004','admin','{HEINENS_CUSTOM_PROD}', '{04/24/2017,20,2017042320_PICS.csv}','{HN}', :cursor); END;
4/26/2017 17:28:18 36: 2 Object(s) returned... [FETCH]
4/26/2017 17:28:18 36: [object Object],[object Object]
4/26/2017 17:28:18 37: LIBQUERY with Callback: 
4/26/2017 17:28:18 37: Path request:/api/counting/5/
4/26/2017 17:28:18 37: Path header:undefined
4/26/2017 17:28:18 37: Path query:{"PARAM":["04/24/2017","20","2017042320_PICS.csv"]}
4/26/2017 17:28:18 37: BEGIN PKREQUESTMANAGER.CALLQUERY(37,'CNT0000005','admin','{HEINENS_CUSTOM_PROD}', '{04/24/2017,20,2017042320_PICS.csv}','{HN}', :cursor); END;
4/26/2017 17:28:18 38: LIBQUERY with Callback: 
4/26/2017 17:28:18 38: Path request:/api/counting/6/
4/26/2017 17:28:18 38: Path header:undefined
4/26/2017 17:28:18 38: Path query:{"PARAM":["04/24/2017","20","2017042320_PICS.csv"]}
4/26/2017 17:28:18 38: BEGIN PKREQUESTMANAGER.CALLQUERY(38,'CNT0000006','admin','{HEINENS_CUSTOM_PROD}', '{04/24/2017,20,2017042320_PICS.csv}','{HN}', :cursor); END;
4/26/2017 17:28:19 39: LIBQUERY with Callback: 
4/26/2017 17:28:19 39: Path request:/api/process/
4/26/2017 17:28:19 39: Path header:undefined
4/26/2017 17:28:19 39: Path query:{"PARAM":["04/24/2017","pssti12p","10 20"]}
4/26/2017 17:28:19 39: BEGIN PKREQUESTMANAGER.CALLQUERY(39,'BTH0000001','admin','{HEINENS_CUSTOM_PROD}', '{04/24/2017,pssti12p,10 20}','{HN}', :cursor); END;
4/26/2017 17:28:21 39: 398 Object(s) returned... [FETCH]
4/26/2017 17:28:21 39: [object Object],[object Object],[object Object],[object Object],[object Object],[object Object],[object Object],[object Object],[object Object],[object Object],[object Object],[object Object],[object Object],[object Object],[object Object],[object Object],[object Object],[object Object],[object Object],[object Object],[object Object],[object Object],[object Object],[object Object],[object Object],[object Object],[object Object],[object Object],[object Object],[object Object],[object Object],[object Object],[object Object],[object Object],[object Object],[object Object],[object Object],[object Object],[object Object],[object Object],[object Object],[object Object],[object Object],[object Object],[object Object],[object Object],[object Object],[object Object],[object Object],[object Object],[object Object],[object Object],[object Object],[object Object],[object Object],[object Object],[object Object],[object Object],[object Object],[object Object],[object Object],[object Object],[object Object],[object Object],[object Object],[object Object],[object Object],[object Object],[object Object],[object Object],[object Object],[object Object],[object Object],[object Object],[object Object],[object Object],[object Object],[object Object],[object Object],[object Object],[object Object],[object Object],[object Object],[object Object],[object Object],[object Object],[object Object],[object Object],[object Object],[object Object],[object Object],[object Object],[object Object],[object Object],[object Object],[object Object],[object Object],[object Object],[object Object],[object Object],[object Object],[object Object],[object Object],[object Object],[object Object],[object Object],[object Object],[object Object],[object Object],[object Object],[object Object],[object Object],[object Object],[object Object],[object Object],[object Object],[object Object],[object Object],[object Object],[object Object],[object Object],[object Object],[object Object],[object Object],[object Object],[object Object],[object Object],[object Object],[object Object],[object Object],[object Object],[object Object],[object Object],[object Object],[object Object],[object Object],[object Object],[object Object],[object Object],[object Object],[object Object],[object Object],[object Object],[object Object],[object Object],[object Object],[object Object],[object Object],[object Object],[object Object],[object Object],[object Object],[object Object],[object Object],[object Object],[object Object],[object Object],[object Object],[object Object],[object Object],[object Object],[object Object],[object Object],[object Object],[object Object],[object Object],[object Object],[object Object],[object Object],[object Object],[object Object],[object Object],[object Object],[object Object],[object Object],[object Object],[object Object],[object Object],[object Object],[object Object],[object Object],[object Object],[object Object],[object Object],[object Object],[object Object],[object Object],[object Object],[object Object],[object Object],[object Object],[object Object],[object Object],[object Object],[object Object],[object Object],[object Object],[object Object],[object Object],[object Object],[object Object],[object Object],[object Object],[object Object],[object Object],[object Object],[object Object],[object Object],[object Object],[object Object],[object Object],[object Object],[object Object],[object Object],[object Object],[object Object],[object Object],[object Object],[object Object],[object Object],[object Object],[object Object],[object Object],[object Object],[object Object],[object Object],[object Object],[object Object],[object Object],[object Object],[object Object],[object Object],[object Object],[object Object],[object Object],[object Object],[object Object],[object Object],[object Object],[object Object],[object Object],[object Object],[object Object],[object Object],[object Object],[object Object],[object Object],[object Object],[object Object],[object Object],[object Object],[object Object],[object Object],[object Object],[object Object],[object Object],[object Object],[object Object],[object Object],[object Object],[object Object],[object Object],[object Object],[object Object],[object Object],[object Object],[object Object],[object Object],[object Object],[object Object],[object Object],[object Object],[object Object],[object Object],[object Object],[object Object],[object Object],[object Object],[object Object],[object Object],[object Object],[object Object],[object Object],[object Object],[object Object],[object Object],[object Object],[object Object],[object Object],[object Object],[object Object],[object Object],[object Object],[object Object],[object Object],[object Object],[object Object],[object Object],[object Object],[object Object],[object Object],[object Object],[object Object],[object Object],[object Object],[object Object],[object Object],[object Object],[object Object],[object Object],[object Object],[object Object],[object Object],[object Object],[object Object],[object Object],[object Object],[object Object],[object Object],[object Object],[object Object],[object Object],[object Object],[object Object],[object Object],[object Object],[object Object],[object Object],[object Object],[object Object],[object Object],[object Object],[object Object],[object Object],[object Object],[object Object],[object Object],[object Object],[object Object],[object Object],[object Object],[object Object],[object Object],[object Object],[object Object],[object Object],[object Object],[object Object],[object Object],[object Object],[object Object],[object Object],[object Object],[object Object],[object Object],[object Object],[object Object],[object Object],[object Object],[object Object],[object Object],[object Object],[object Object],[object Object],[object Object],[object Object],[object Object],[object Object],[object Object],[object Object],[object Object],[object Object],[object Object],[object Object],[object Object],[object Object],[object Object],[object Object],[object Object],[object Object],[object Object],[object Object],[object Object],[object Object],[object Object],[object Object],[object Object],[object Object],[object Object],[object Object],[object Object],[object Object],[object Object],[object Object],[object Object],[object Object],[object Object],[object Object]
4/26/2017 17:28:25 39: 2 Object(s) returned... [FETCH]
4/26/2017 17:28:25 39: [object Object],[object Object]
4/26/2017 17:28:31 39: 86 Object(s) returned... [FETCH]
4/26/2017 17:28:31 39: [object Object],[object Object],[object Object],[object Object],[object Object],[object Object],[object Object],[object Object],[object Object],[object Object],[object Object],[object Object],[object Object],[object Object],[object Object],[object Object],[object Object],[object Object],[object Object],[object Object],[object Object],[object Object],[object Object],[object Object],[object Object],[object Object],[object Object],[object Object],[object Object],[object Object],[object Object],[object Object],[object Object],[object Object],[object Object],[object Object],[object Object],[object Object],[object Object],[object Object],[object Object],[object Object],[object Object],[object Object],[object Object],[object Object],[object Object],[object Object],[object Object],[object Object],[object Object],[object Object],[object Object],[object Object],[object Object],[object Object],[object Object],[object Object],[object Object],[object Object],[object Object],[object Object],[object Object],[object Object],[object Object],[object Object],[object Object],[object Object],[object Object],[object Object],[object Object],[object Object],[object Object],[object Object],[object Object],[object Object],[object Object],[object Object],[object Object],[object Object],[object Object],[object Object],[object Object],[object Object],[object Object],[object Object]
4/26/2017 17:28:49 40: LIBQUERY with Callback: 
4/26/2017 17:28:49 40: Path request:/api/counting/2/
4/26/2017 17:28:49 40: Path header:undefined
4/26/2017 17:28:49 40: Path query:{"PARAM":"04/23/2017"}
4/26/2017 17:28:49 40: BEGIN PKREQUESTMANAGER.CALLQUERY(40,'CNT0000002','admin','{HEINENS_CUSTOM_PROD}', '{04/23/2017}','{HN}', :cursor); END;
4/26/2017 17:28:52 40: 3 Object(s) returned... [FETCH]
4/26/2017 17:28:52 40: [object Object],[object Object],[object Object]
4/26/2017 17:29:1 41: LIBQUERY with Callback: 
4/26/2017 17:29:1 41: Path request:/api/counting/2/
4/26/2017 17:29:1 41: Path header:undefined
4/26/2017 17:29:1 41: Path query:{"PARAM":"04/23/2017"}
4/26/2017 17:29:1 41: BEGIN PKREQUESTMANAGER.CALLQUERY(41,'CNT0000002','admin','{HEINENS_CUSTOM_PROD}', '{04/23/2017}','{HN}', :cursor); END;
4/26/2017 17:29:3 41: 3 Object(s) returned... [FETCH]
4/26/2017 17:29:3 41: [object Object],[object Object],[object Object]
4/26/2017 17:29:6 42: LIBQUERY with Callback: 
4/26/2017 17:29:6 42: Path request:/api/counting/3/
4/26/2017 17:29:6 42: Path header:undefined
4/26/2017 17:29:6 42: Path query:{"PARAM":["04/23/2017","15","2017042215_PICS.csv"]}
4/26/2017 17:29:6 42: BEGIN PKREQUESTMANAGER.CALLQUERY(42,'CNT0000003','admin','{HEINENS_CUSTOM_PROD}', '{04/23/2017,15,2017042215_PICS.csv}','{HN}', :cursor); END;
4/26/2017 17:29:6 43: LIBQUERY with Callback: 
4/26/2017 17:29:6 43: Path request:/api/counting/4/
4/26/2017 17:29:6 43: Path header:undefined
4/26/2017 17:29:6 43: Path query:{"PARAM":["04/23/2017","15","2017042215_PICS.csv"]}
4/26/2017 17:29:6 43: BEGIN PKREQUESTMANAGER.CALLQUERY(43,'CNT0000004','admin','{HEINENS_CUSTOM_PROD}', '{04/23/2017,15,2017042215_PICS.csv}','{HN}', :cursor); END;
4/26/2017 17:29:9 43: 2 Object(s) returned... [FETCH]
4/26/2017 17:29:9 43: [object Object],[object Object]
4/26/2017 17:29:9 44: LIBQUERY with Callback: 
4/26/2017 17:29:9 44: Path request:/api/process/
4/26/2017 17:29:9 44: Path header:undefined
4/26/2017 17:29:9 44: Path query:{"PARAM":["04/23/2017","pssti12p","10 15"]}
4/26/2017 17:29:10 44: BEGIN PKREQUESTMANAGER.CALLQUERY(44,'BTH0000001','admin','{HEINENS_CUSTOM_PROD}', '{04/23/2017,pssti12p,10 15}','{HN}', :cursor); END;
4/26/2017 17:29:10 45: LIBQUERY with Callback: 
4/26/2017 17:29:10 45: Path request:/api/counting/5/
4/26/2017 17:29:10 45: Path header:undefined
4/26/2017 17:29:10 45: Path query:{"PARAM":["04/23/2017","15","2017042215_PICS.csv"]}
4/26/2017 17:29:10 45: BEGIN PKREQUESTMANAGER.CALLQUERY(45,'CNT0000005','admin','{HEINENS_CUSTOM_PROD}', '{04/23/2017,15,2017042215_PICS.csv}','{HN}', :cursor); END;
4/26/2017 17:29:10 46: LIBQUERY with Callback: 
4/26/2017 17:29:10 46: Path request:/api/counting/6/
4/26/2017 17:29:10 46: Path header:undefined
4/26/2017 17:29:10 46: Path query:{"PARAM":["04/23/2017","15","2017042215_PICS.csv"]}
4/26/2017 17:29:10 46: BEGIN PKREQUESTMANAGER.CALLQUERY(46,'CNT0000006','admin','{HEINENS_CUSTOM_PROD}', '{04/23/2017,15,2017042215_PICS.csv}','{HN}', :cursor); END;
4/26/2017 17:29:12 46: 824 Object(s) returned... [FETCH]
4/26/2017 17:29:12 46: [object Object],[object Object],[object Object],[object Object],[object Object],[object Object],[object Object],[object Object],[object Object],[object Object],[object Object],[object Object],[object Object],[object Object],[object Object],[object Object],[object Object],[object Object],[object Object],[object Object],[object Object],[object Object],[object Object],[object Object],[object Object],[object Object],[object Object],[object Object],[object Object],[object Object],[object Object],[object Object],[object Object],[object Object],[object Object],[object Object],[object Object],[object Object],[object Object],[object Object],[object Object],[object Object],[object Object],[object Object],[object Object],[object Object],[object Object],[object Object],[object Object],[object Object],[object Object],[object Object],[object Object],[object Object],[object Object],[object Object],[object Object],[object Object],[object Object],[object Object],[object Object],[object Object],[object Object],[object Object],[object Object],[object Object],[object Object],[object Object],[object Object],[object Object],[object Object],[object Object],[object Object],[object Object],[object Object],[object Object],[object Object],[object Object],[object Object],[object Object],[object Object],[object Object],[object Object],[object Object],[object Object],[object Object],[object Object],[object Object],[object Object],[object Object],[object Object],[object Object],[object Object],[object Object],[object Object],[object Object],[object Object],[object Object],[object Object],[object Object],[object Object],[object Object],[object Object],[object Object],[object Object],[object Object],[object Object],[object Object],[object Object],[object Object],[object Object],[object Object],[object Object],[object Object],[object Object],[object Object],[object Object],[object Object],[object Object],[object Object],[object Object],[object Object],[object Object],[object Object],[object Object],[object Object],[object Object],[object Object],[object Object],[object Object],[object Object],[object Object],[object Object],[object Object],[object Object],[object Object],[object Object],[object Object],[object Object],[object Object],[object Object],[object Object],[object Object],[object Object],[object Object],[object Object],[object Object],[object Object],[object Object],[object Object],[object Object],[object Object],[object Object],[object Object],[object Object],[object Object],[object Object],[object Object],[object Object],[object Object],[object Object],[object Object],[object Object],[object Object],[object Object],[object Object],[object Object],[object Object],[object Object],[object Object],[object Object],[object Object],[object Object],[object Object],[object Object],[object Object],[object Object],[object Object],[object Object],[object Object],[object Object],[object Object],[object Object],[object Object],[object Object],[object Object],[object Object],[object Object],[object Object],[object Object],[object Object],[object Object],[object Object],[object Object],[object Object],[object Object],[object Object],[object Object],[object Object],[object Object],[object Object],[object Object],[object Object],[object Object],[object Object],[object Object],[object Object],[object Object],[object Object],[object Object],[object Object],[object Object],[object Object],[object Object],[object Object],[object Object],[object Object],[object Object],[object Object],[object Object],[object Object],[object Object],[object Object],[object Object],[object Object],[object Object],[object Object],[object Object],[object Object],[object Object],[object Object],[object Object],[object Object],[object Object],[object Object],[object Object],[object Object],[object Object],[object Object],[object Object],[object Object],[object Object],[object Object],[object Object],[object Object],[object Object],[object Object],[object Object],[object Object],[object Object],[object Object],[object Object],[object Object],[object Object],[object Object],[object Object],[object Object],[object Object],[object Object],[object Object],[object Object],[object Object],[object Object],[object Object],[object Object],[object Object],[object Object],[object Object],[object Object],[object Object],[object Object],[object Object],[object Object],[object Object],[object Object],[object Object],[object Object],[object Object],[object Object],[object Object],[object Object],[object Object],[object Object],[object Object],[object Object],[object Object],[object Object],[object Object],[object Object],[object Object],[object Object],[object Object],[object Object],[object Object],[object Object],[object Object],[object Object],[object Object],[object Object],[object Object],[object Object],[object Object],[object Object],[object Object],[object Object],[object Object],[object Object],[object Object],[object Object],[object Object],[object Object],[object Object],[object Object],[object Object],[object Object],[object Object],[object Object],[object Object],[object Object],[object Object],[object Object],[object Object],[object Object],[object Object],[object Object],[object Object],[object Object],[object Object],[object Object],[object Object],[object Object],[object Object],[object Object],[object Object],[object Object],[object Object],[object Object],[object Object],[object Object],[object Object],[object Object],[object Object],[object Object],[object Object],[object Object],[object Object],[object Object],[object Object],[object Object],[object Object],[object Object],[object Object],[object Object],[object Object],[object Object],[object Object],[object Object],[object Object],[object Object],[object Object],[object Object],[object Object],[object Object],[object Object],[object Object],[object Object],[object Object],[object Object],[object Object],[object Object],[object Object],[object Object],[object Object],[object Object],[object Object],[object Object],[object Object],[object Object],[object Object],[object Object],[object Object],[object Object],[object Object],[object Object],[object Object],[object Object],[object Object],[object Object],[object Object],[object Object],[object Object],[object Object],[object Object],[object Object],[object Object],[object Object],[object Object],[object Object],[object Object],[object Object],[object Object],[object Object],[object Object],[object Object],[object Object],[object Object],[object Object],[object Object],[object Object],[object Object],[object Object],[object Object],[object Object],[object Object],[object Object],[object Object],[object Object],[object Object],[object Object],[object Object],[object Object],[object Object],[object Object],[object Object],[object Object],[object Object],[object Object],[object Object],[object Object],[object Object],[object Object],[object Object],[object Object],[object Object],[object Object],[object Object],[object Object],[object Object],[object Object],[object Object],[object Object],[object Object],[object Object],[object Object],[object Object],[object Object],[object Object],[object Object],[object Object],[object Object],[object Object],[object Object],[object Object],[object Object],[object Object],[object Object],[object Object],[object Object],[object Object],[object Object],[object Object],[object Object],[object Object],[object Object],[object Object],[object Object],[object Object],[object Object],[object Object],[object Object],[object Object],[object Object],[object Object],[object Object],[object Object],[object Object],[object Object],[object Object],[object Object],[object Object],[object Object],[object Object],[object Object],[object Object],[object Object],[object Object],[object Object],[object Object],[object Object],[object Object],[object Object],[object Object],[object Object],[object Object],[object Object],[object Object],[object Object],[object Object],[object Object],[object Object],[object Object],[object Object],[object Object],[object Object],[object Object],[object Object],[object Object],[object Object],[object Object],[object Object],[object Object],[object Object],[object Object],[object Object],[object Object],[object Object],[object Object],[object Object],[object Object],[object Object],[object Object],[object Object],[object Object],[object Object],[object Object],[object Object],[object Object],[object Object],[object Object],[object Object],[object Object],[object Object],[object Object],[object Object],[object Object],[object Object],[object Object],[object Object],[object Object],[object Object],[object Object],[object Object],[object Object],[object Object],[object Object],[object Object],[object Object],[object Object],[object Object],[object Object],[object Object],[object Object],[object Object],[object Object],[object Object],[object Object],[object Object],[object Object],[object Object],[object Object],[object Object],[object Object],[object Object],[object Object],[object Object],[object Object],[object Object],[object Object],[object Object],[object Object],[object Object],[object Object],[object Object],[object Object],[object Object],[object Object],[object Object],[object Object],[object Object],[object Object],[object Object],[object Object],[object Object],[object Object],[object Object],[object Object],[object Object],[object Object],[object Object],[object Object],[object Object],[object Object],[object Object],[object Object],[object Object],[object Object],[object Object],[object Object],[object Object],[object Object],[object Object],[object Object],[object Object],[object Object],[object Object],[object Object],[object Object],[object Object],[object Object],[object Object],[object Object],[object Object],[object Object],[object Object],[object Object],[object Object],[object Object],[object Object],[object Object],[object Object],[object Object],[object Object],[object Object],[object Object],[object Object],[object Object],[object Object],[object Object],[object Object],[object Object],[object Object],[object Object],[object Object],[object Object],[object Object],[object Object],[object Object],[object Object],[object Object],[object Object],[object Object],[object Object],[object Object],[object Object],[object Object],[object Object],[object Object],[object Object],[object Object],[object Object],[object Object],[object Object],[object Object],[object Object],[object Object],[object Object],[object Object],[object Object],[object Object],[object Object],[object Object],[object Object],[object Object],[object Object],[object Object],[object Object],[object Object],[object Object],[object Object],[object Object],[object Object],[object Object],[object Object],[object Object],[object Object],[object Object],[object Object],[object Object],[object Object],[object Object],[object Object],[object Object],[object Object],[object Object],[object Object],[object Object],[object Object],[object Object],[object Object],[object Object],[object Object],[object Object],[object Object],[object Object],[object Object],[object Object],[object Object],[object Object],[object Object],[object Object],[object Object],[object Object],[object Object],[object Object],[object Object],[object Object],[object Object],[object Object],[object Object],[object Object],[object Object],[object Object],[object Object],[object Object],[object Object],[object Object],[object Object],[object Object],[object Object],[object Object],[object Object],[object Object],[object Object],[object Object],[object Object],[object Object],[object Object],[object Object],[object Object],[object Object],[object Object],[object Object],[object Object],[object Object],[object Object],[object Object],[object Object],[object Object],[object Object],[object Object],[object Object],[object Object],[object Object],[object Object],[object Object],[object Object],[object Object],[object Object],[object Object],[object Object],[object Object],[object Object],[object Object],[object Object],[object Object],[object Object],[object Object],[object Object],[object Object],[object Object],[object Object],[object Object],[object Object],[object Object],[object Object],[object Object],[object Object],[object Object],[object Object],[object Object],[object Object],[object Object],[object Object],[object Object],[object Object],[object Object],[object Object],[object Object],[object Object],[object Object],[object Object],[object Object],[object Object],[object Object],[object Object],[object Object],[object Object],[object Object],[object Object],[object Object],[object Object],[object Object],[object Object],[object Object],[object Object],[object Object],[object Object],[object Object],[object Object],[object Object],[object Object],[object Object],[object Object],[object Object],[object Object],[object Object],[object Object],[object Object],[object Object],[object Object],[object Object],[object Object],[object Object],[object Object],[object Object],[object Object],[object Object],[object Object],[object Object],[object Object],[object Object],[object Object],[object Object],[object Object]
4/26/2017 17:29:16 46: 2 Object(s) returned... [FETCH]
4/26/2017 17:29:16 46: [object Object],[object Object]
4/26/2017 17:29:25 46: 6 Object(s) returned... [FETCH]
4/26/2017 17:29:25 46: [object Object],[object Object],[object Object],[object Object],[object Object],[object Object]
4/26/2017 18:21:40 47: LIBQUERY with Callback: 
4/26/2017 18:21:40 47: Path request:/api/counting/3/
4/26/2017 18:21:40 47: Path header:undefined
4/26/2017 18:21:40 47: Path query:{"PARAM":["04/23/2017","15","2017042215_PICS.csv"]}
4/26/2017 18:21:40 47: BEGIN PKREQUESTMANAGER.CALLQUERY(47,'CNT0000003','admin','{HEINENS_CUSTOM_PROD}', '{04/23/2017,15,2017042215_PICS.csv}','{HN}', :cursor); END;
4/26/2017 18:21:40 48: LIBQUERY with Callback: 
4/26/2017 18:21:40 48: Path request:/api/counting/4/
4/26/2017 18:21:40 48: Path header:undefined
4/26/2017 18:21:40 48: Path query:{"PARAM":["04/23/2017","15","2017042215_PICS.csv"]}
4/26/2017 18:21:40 48: BEGIN PKREQUESTMANAGER.CALLQUERY(48,'CNT0000004','admin','{HEINENS_CUSTOM_PROD}', '{04/23/2017,15,2017042215_PICS.csv}','{HN}', :cursor); END;
4/26/2017 18:21:44 48: 2 Object(s) returned... [FETCH]
4/26/2017 18:21:44 48: [object Object],[object Object]
4/26/2017 18:21:44 49: LIBQUERY with Callback: 
4/26/2017 18:21:44 49: Path request:/api/process/
4/26/2017 18:21:44 49: Path header:undefined
4/26/2017 18:21:44 49: Path query:{"PARAM":["04/23/2017","pssti12p","10 15"]}
4/26/2017 18:21:44 49: BEGIN PKREQUESTMANAGER.CALLQUERY(49,'BTH0000001','admin','{HEINENS_CUSTOM_PROD}', '{04/23/2017,pssti12p,10 15}','{HN}', :cursor); END;
4/26/2017 18:21:44 50: LIBQUERY with Callback: 
4/26/2017 18:21:44 50: Path request:/api/counting/5/
4/26/2017 18:21:44 50: Path header:undefined
4/26/2017 18:21:44 50: Path query:{"PARAM":["04/23/2017","15","2017042215_PICS.csv"]}
4/26/2017 18:21:44 50: BEGIN PKREQUESTMANAGER.CALLQUERY(50,'CNT0000005','admin','{HEINENS_CUSTOM_PROD}', '{04/23/2017,15,2017042215_PICS.csv}','{HN}', :cursor); END;
4/26/2017 18:21:44 51: LIBQUERY with Callback: 
4/26/2017 18:21:44 51: Path request:/api/counting/6/
4/26/2017 18:21:44 51: Path header:undefined
4/26/2017 18:21:44 51: Path query:{"PARAM":["04/23/2017","15","2017042215_PICS.csv"]}
4/26/2017 18:21:44 51: BEGIN PKREQUESTMANAGER.CALLQUERY(51,'CNT0000006','admin','{HEINENS_CUSTOM_PROD}', '{04/23/2017,15,2017042215_PICS.csv}','{HN}', :cursor); END;
4/26/2017 18:21:46 51: 824 Object(s) returned... [FETCH]
4/26/2017 18:21:46 51: [object Object],[object Object],[object Object],[object Object],[object Object],[object Object],[object Object],[object Object],[object Object],[object Object],[object Object],[object Object],[object Object],[object Object],[object Object],[object Object],[object Object],[object Object],[object Object],[object Object],[object Object],[object Object],[object Object],[object Object],[object Object],[object Object],[object Object],[object Object],[object Object],[object Object],[object Object],[object Object],[object Object],[object Object],[object Object],[object Object],[object Object],[object Object],[object Object],[object Object],[object Object],[object Object],[object Object],[object Object],[object Object],[object Object],[object Object],[object Object],[object Object],[object Object],[object Object],[object Object],[object Object],[object Object],[object Object],[object Object],[object Object],[object Object],[object Object],[object Object],[object Object],[object Object],[object Object],[object Object],[object Object],[object Object],[object Object],[object Object],[object Object],[object Object],[object Object],[object Object],[object Object],[object Object],[object Object],[object Object],[object Object],[object Object],[object Object],[object Object],[object Object],[object Object],[object Object],[object Object],[object Object],[object Object],[object Object],[object Object],[object Object],[object Object],[object Object],[object Object],[object Object],[object Object],[object Object],[object Object],[object Object],[object Object],[object Object],[object Object],[object Object],[object Object],[object Object],[object Object],[object Object],[object Object],[object Object],[object Object],[object Object],[object Object],[object Object],[object Object],[object Object],[object Object],[object Object],[object Object],[object Object],[object Object],[object Object],[object Object],[object Object],[object Object],[object Object],[object Object],[object Object],[object Object],[object Object],[object Object],[object Object],[object Object],[object Object],[object Object],[object Object],[object Object],[object Object],[object Object],[object Object],[object Object],[object Object],[object Object],[object Object],[object Object],[object Object],[object Object],[object Object],[object Object],[object Object],[object Object],[object Object],[object Object],[object Object],[object Object],[object Object],[object Object],[object Object],[object Object],[object Object],[object Object],[object Object],[object Object],[object Object],[object Object],[object Object],[object Object],[object Object],[object Object],[object Object],[object Object],[object Object],[object Object],[object Object],[object Object],[object Object],[object Object],[object Object],[object Object],[object Object],[object Object],[object Object],[object Object],[object Object],[object Object],[object Object],[object Object],[object Object],[object Object],[object Object],[object Object],[object Object],[object Object],[object Object],[object Object],[object Object],[object Object],[object Object],[object Object],[object Object],[object Object],[object Object],[object Object],[object Object],[object Object],[object Object],[object Object],[object Object],[object Object],[object Object],[object Object],[object Object],[object Object],[object Object],[object Object],[object Object],[object Object],[object Object],[object Object],[object Object],[object Object],[object Object],[object Object],[object Object],[object Object],[object Object],[object Object],[object Object],[object Object],[object Object],[object Object],[object Object],[object Object],[object Object],[object Object],[object Object],[object Object],[object Object],[object Object],[object Object],[object Object],[object Object],[object Object],[object Object],[object Object],[object Object],[object Object],[object Object],[object Object],[object Object],[object Object],[object Object],[object Object],[object Object],[object Object],[object Object],[object Object],[object Object],[object Object],[object Object],[object Object],[object Object],[object Object],[object Object],[object Object],[object Object],[object Object],[object Object],[object Object],[object Object],[object Object],[object Object],[object Object],[object Object],[object Object],[object Object],[object Object],[object Object],[object Object],[object Object],[object Object],[object Object],[object Object],[object Object],[object Object],[object Object],[object Object],[object Object],[object Object],[object Object],[object Object],[object Object],[object Object],[object Object],[object Object],[object Object],[object Object],[object Object],[object Object],[object Object],[object Object],[object Object],[object Object],[object Object],[object Object],[object Object],[object Object],[object Object],[object Object],[object Object],[object Object],[object Object],[object Object],[object Object],[object Object],[object Object],[object Object],[object Object],[object Object],[object Object],[object Object],[object Object],[object Object],[object Object],[object Object],[object Object],[object Object],[object Object],[object Object],[object Object],[object Object],[object Object],[object Object],[object Object],[object Object],[object Object],[object Object],[object Object],[object Object],[object Object],[object Object],[object Object],[object Object],[object Object],[object Object],[object Object],[object Object],[object Object],[object Object],[object Object],[object Object],[object Object],[object Object],[object Object],[object Object],[object Object],[object Object],[object Object],[object Object],[object Object],[object Object],[object Object],[object Object],[object Object],[object Object],[object Object],[object Object],[object Object],[object Object],[object Object],[object Object],[object Object],[object Object],[object Object],[object Object],[object Object],[object Object],[object Object],[object Object],[object Object],[object Object],[object Object],[object Object],[object Object],[object Object],[object Object],[object Object],[object Object],[object Object],[object Object],[object Object],[object Object],[object Object],[object Object],[object Object],[object Object],[object Object],[object Object],[object Object],[object Object],[object Object],[object Object],[object Object],[object Object],[object Object],[object Object],[object Object],[object Object],[object Object],[object Object],[object Object],[object Object],[object Object],[object Object],[object Object],[object Object],[object Object],[object Object],[object Object],[object Object],[object Object],[object Object],[object Object],[object Object],[object Object],[object Object],[object Object],[object Object],[object Object],[object Object],[object Object],[object Object],[object Object],[object Object],[object Object],[object Object],[object Object],[object Object],[object Object],[object Object],[object Object],[object Object],[object Object],[object Object],[object Object],[object Object],[object Object],[object Object],[object Object],[object Object],[object Object],[object Object],[object Object],[object Object],[object Object],[object Object],[object Object],[object Object],[object Object],[object Object],[object Object],[object Object],[object Object],[object Object],[object Object],[object Object],[object Object],[object Object],[object Object],[object Object],[object Object],[object Object],[object Object],[object Object],[object Object],[object Object],[object Object],[object Object],[object Object],[object Object],[object Object],[object Object],[object Object],[object Object],[object Object],[object Object],[object Object],[object Object],[object Object],[object Object],[object Object],[object Object],[object Object],[object Object],[object Object],[object Object],[object Object],[object Object],[object Object],[object Object],[object Object],[object Object],[object Object],[object Object],[object Object],[object Object],[object Object],[object Object],[object Object],[object Object],[object Object],[object Object],[object Object],[object Object],[object Object],[object Object],[object Object],[object Object],[object Object],[object Object],[object Object],[object Object],[object Object],[object Object],[object Object],[object Object],[object Object],[object Object],[object Object],[object Object],[object Object],[object Object],[object Object],[object Object],[object Object],[object Object],[object Object],[object Object],[object Object],[object Object],[object Object],[object Object],[object Object],[object Object],[object Object],[object Object],[object Object],[object Object],[object Object],[object Object],[object Object],[object Object],[object Object],[object Object],[object Object],[object Object],[object Object],[object Object],[object Object],[object Object],[object Object],[object Object],[object Object],[object Object],[object Object],[object Object],[object Object],[object Object],[object Object],[object Object],[object Object],[object Object],[object Object],[object Object],[object Object],[object Object],[object Object],[object Object],[object Object],[object Object],[object Object],[object Object],[object Object],[object Object],[object Object],[object Object],[object Object],[object Object],[object Object],[object Object],[object Object],[object Object],[object Object],[object Object],[object Object],[object Object],[object Object],[object Object],[object Object],[object Object],[object Object],[object Object],[object Object],[object Object],[object Object],[object Object],[object Object],[object Object],[object Object],[object Object],[object Object],[object Object],[object Object],[object Object],[object Object],[object Object],[object Object],[object Object],[object Object],[object Object],[object Object],[object Object],[object Object],[object Object],[object Object],[object Object],[object Object],[object Object],[object Object],[object Object],[object Object],[object Object],[object Object],[object Object],[object Object],[object Object],[object Object],[object Object],[object Object],[object Object],[object Object],[object Object],[object Object],[object Object],[object Object],[object Object],[object Object],[object Object],[object Object],[object Object],[object Object],[object Object],[object Object],[object Object],[object Object],[object Object],[object Object],[object Object],[object Object],[object Object],[object Object],[object Object],[object Object],[object Object],[object Object],[object Object],[object Object],[object Object],[object Object],[object Object],[object Object],[object Object],[object Object],[object Object],[object Object],[object Object],[object Object],[object Object],[object Object],[object Object],[object Object],[object Object],[object Object],[object Object],[object Object],[object Object],[object Object],[object Object],[object Object],[object Object],[object Object],[object Object],[object Object],[object Object],[object Object],[object Object],[object Object],[object Object],[object Object],[object Object],[object Object],[object Object],[object Object],[object Object],[object Object],[object Object],[object Object],[object Object],[object Object],[object Object],[object Object],[object Object],[object Object],[object Object],[object Object],[object Object],[object Object],[object Object],[object Object],[object Object],[object Object],[object Object],[object Object],[object Object],[object Object],[object Object],[object Object],[object Object],[object Object],[object Object],[object Object],[object Object],[object Object],[object Object],[object Object],[object Object],[object Object],[object Object],[object Object],[object Object],[object Object],[object Object],[object Object],[object Object],[object Object],[object Object],[object Object],[object Object],[object Object],[object Object],[object Object],[object Object],[object Object],[object Object],[object Object],[object Object],[object Object],[object Object],[object Object],[object Object],[object Object],[object Object],[object Object],[object Object],[object Object],[object Object],[object Object],[object Object],[object Object],[object Object],[object Object],[object Object],[object Object],[object Object],[object Object],[object Object],[object Object],[object Object],[object Object],[object Object],[object Object],[object Object],[object Object],[object Object],[object Object],[object Object],[object Object],[object Object],[object Object],[object Object],[object Object],[object Object],[object Object],[object Object],[object Object],[object Object],[object Object],[object Object],[object Object],[object Object],[object Object],[object Object],[object Object],[object Object],[object Object],[object Object],[object Object],[object Object],[object Object],[object Object],[object Object],[object Object],[object Object],[object Object],[object Object],[object Object],[object Object],[object Object],[object Object],[object Object],[object Object],[object Object],[object Object],[object Object],[object Object],[object Object],[object Object]
4/26/2017 18:21:50 51: 2 Object(s) returned... [FETCH]
4/26/2017 18:21:50 51: [object Object],[object Object]
4/26/2017 18:21:53 51: 6 Object(s) returned... [FETCH]
4/26/2017 18:21:53 51: [object Object],[object Object],[object Object],[object Object],[object Object],[object Object]
