11/4/2022 15:46:46 [crontab] 1: "BEGIN PKREQUESTMANAGER.CALLQUERY(1,'CRON000001','crontab','{}', '{}','{}', :cursor); END;"
11/4/2022 15:46:48 [crontab] 1: "54 Object(s) returned... [FETCH]"
11/4/2022 15:46:48 [crontab] CRON: "Cron Job DAILY_WHS_SSCC_NO_UBD is now scheduled using cron setup : */55 * * * *"
11/4/2022 15:46:48 [crontab] CRON: "Cron Job WEEKLY_STORE_NO_SALES is now scheduled using cron setup : 5 6 * * 1"
11/4/2022 15:46:48 [crontab] CRON: "Cron Job EXP_WHS_INVALID_PICKING is now scheduled using cron setup : 5 9 * * *"
11/4/2022 15:46:48 [crontab] CRON: "Cron Job EXP_WHS_FAULTY_DO is now scheduled using cron setup : 5 11 * * *"
11/4/2022 15:46:48 [crontab] CRON: "Cron Job WHS_MISS_ROUTE is now scheduled using cron setup : 0 * * * *"
11/4/2022 15:46:48 [crontab] CRON: "Cron Job MONTHLY_SALES_REPORT is not active. Activation date on Fri Dec 31 2049 00:00:00 GMT+0100 (Central European Standard Time)"
11/4/2022 15:46:48 [crontab] CRON: "Cron Job DAILY_WHS_EXPIRING_SSCC is now scheduled using cron setup : 0 10 * * *"
11/4/2022 15:46:48 [crontab] CRON: "Cron Job DAILY_STORE_SHORTED is now scheduled using cron setup : 5 7 * * *"
11/4/2022 15:46:48 [crontab] CRON: "Cron Job DAILY_RETAIL_NO_MULTIPLE is now scheduled using cron setup : 0 7-18 * * 1,2,3,4,5"
11/4/2022 15:46:48 [crontab] CRON: "Cron Job DAILY_SALES_LOAD_CHECK is now scheduled using cron setup : 15 5-19 * * *"
11/4/2022 15:46:48 [crontab] CRON: "Cron Job DAILY_INTERDEPT_ERROR_DETECTION is now scheduled using cron setup : 0 11 * * *"
11/4/2022 15:46:48 [crontab] CRON: "Cron Job DAILY_WHS_RECEIPT_OOS is now scheduled using cron setup : 30 9 * * 1-5"
11/4/2022 15:46:48 [crontab] CRON: "Cron Job DAILY_PURCHASE_PRICE_XML_CHECK is now scheduled using cron setup : 0 2 * * 1-7"
11/4/2022 15:46:48 [crontab] CRON: "Cron Job DAILY_STORE_BLOCKED_RECEIPT is now scheduled using cron setup : 5 7 * * *"
11/4/2022 15:46:48 [crontab] CRON: "Cron Job WEEKLY_STORE_NO_SALES_ADMIN is now scheduled using cron setup : 5 7 * * 1"
11/4/2022 15:46:48 [crontab] CRON: "Cron Job DAILY_EDI_UNKNOWN_UPC is now scheduled using cron setup : 0 9 * * 1,2,3,4,5"
11/4/2022 15:46:48 [crontab] CRON: "Cron Job DAILY_WHS_TI_DIFFERENCE is now scheduled using cron setup : 0 9 * * 1,2,3,4,5,6"
11/4/2022 15:46:48 [crontab] CRON: "Cron Job WEEKLY_WHS_DISCONTINUED is now scheduled using cron setup : 0 19 * * 1"
11/4/2022 15:46:48 [crontab] CRON: "Cron Job WEEKLY_EDI_invoice_WEEKLY is now scheduled using cron setup : 1 19 * * 7"
11/4/2022 15:46:48 [crontab] CRON: "Cron Job ONGOING_EDI_invoice_SCAN is not active. Activation date on Fri Dec 31 2049 00:00:00 GMT+0100 (Central European Standard Time)"
11/4/2022 15:46:48 [crontab] CRON: "Cron Job CGO_ALERT is not active. Activation date on Tue Jan 12 2049 00:00:00 GMT+0100 (Central European Standard Time)"
11/4/2022 15:46:48 [crontab] CRON: "Cron Job DAILY_CAO_Negative_Inventory_1130AM is now scheduled using cron setup : 30 11 * * *"
11/4/2022 15:46:48 [crontab] CRON: "Cron Job DAILY_CAO_Negative_Inventory_0530AM is not active. Activation date on Tue Jan 12 2049 00:00:00 GMT+0100 (Central European Standard Time)"
11/4/2022 15:46:48 [crontab] CRON: "Cron Job DAILY_CAO_Order_Recap is not active. Activation date on Fri Dec 31 2049 00:00:00 GMT+0100 (Central European Standard Time)"
11/4/2022 15:46:48 [crontab] CRON: "Cron Job DAILY_Store_Sales is now scheduled using cron setup : 5 8 * * *"
11/4/2022 15:46:48 [crontab] CRON: "Cron Job DAILY_CAO_Store_Sales is not active. Activation date on Tue Jan 12 2049 00:00:00 GMT+0100 (Central European Standard Time)"
11/4/2022 15:46:48 [crontab] CRON: "Cron Job WEEKLY_Store_shrink is now scheduled using cron setup : 5 19 * * 7"
11/4/2022 15:46:48 [crontab] CRON: "Cron Job WEEKLY_CAO_Store_shrink is not active. Activation date on Tue Jan 12 2049 00:00:00 GMT+0100 (Central European Standard Time)"
11/4/2022 15:46:48 [crontab] CRON: "Cron Job DAILY_BUYER_Pushout is not active. Activation date on Tue Jan 12 2049 00:00:00 GMT+0100 (Central European Standard Time)"
11/4/2022 15:46:48 [crontab] CRON: "Cron Job DAILY_EDI_BLANK_REF is now scheduled using cron setup : 5 7 * * *"
11/4/2022 15:46:48 [crontab] CRON: "Cron Job ICR_MAINTENANCE is now scheduled using cron setup : 5 3 * * *"
11/4/2022 15:46:48 [crontab] CRON: "Cron Job DAILY_INVALIDCOLLECTION_TIME is now scheduled using cron setup : 0 7-18 * * 1,2,3,4,5"
11/4/2022 15:46:48 [crontab] CRON: "Cron Job DAILY_EDI_INVALIDDEALS is now scheduled using cron setup : 0 9 * * 1,2,3,4,5"
11/4/2022 15:46:48 [crontab] CRON: "Cron Job DAILY_INVOICE_FAILURE is now scheduled using cron setup : 0 11 * * 1,2,3,4,5"
11/4/2022 15:46:48 [crontab] CRON: "Cron Job DAILY_WHS_SHIPMENT_BLOCKED is now scheduled using cron setup : 15 * * * *"
11/4/2022 15:46:48 [crontab] CRON: "Cron Job DAILY_DUNHUMMBY_ITEM_EXCEPTION is now scheduled using cron setup : 0 10 * * 1-5"
11/4/2022 15:46:48 [crontab] CRON: "Cron Job WEEKLY_WHS_ACTIVE_STORE_FUTURE is now scheduled using cron setup : 0 19 * * 1"
11/4/2022 15:46:48 [crontab] CRON: "Cron Job VIEW_REFRESH_DAILY is now scheduled using cron setup : 5 12 * * *"
11/4/2022 15:46:48 [crontab] CRON: "Cron Job VIEW_REFRESH_HOURLY is now scheduled using cron setup : 5 11 * * *"
11/4/2022 15:46:48 [crontab] CRON: "Cron Job DAILY_WHS_CUT is now scheduled using cron setup : 5 7 * * *"
11/4/2022 15:46:48 [crontab] CRON: "Cron Job DAILY_WHS_UBD is now scheduled using cron setup : 5 8 * * 1-5"
11/4/2022 15:46:48 [crontab] CRON: "Cron Job DAILY_WHS_NEG_UBD is now scheduled using cron setup : 0 2 * * *"
11/4/2022 15:46:48 [crontab] CRON: "Cron Job WEEKLY_STORE_NO_SALES_CAPTURE_ADMIN is now scheduled using cron setup : 5 6 * * 1"
11/4/2022 15:46:48 [crontab] CRON: "Cron Job DAILY_FILL_RATE_CAPTURE is now scheduled using cron setup : 0 16 * * *"
11/4/2022 15:46:48 [crontab] CRON: "Cron Job DAILY_SERVICE_RATE_CAPTURE is now scheduled using cron setup : 0 16 * * *"
11/4/2022 15:46:48 [crontab] CRON: "Cron Job DAILY_WHS_BLOCKED_PO is now scheduled using cron setup : 5 10 * * *"
11/4/2022 15:46:48 [crontab] CRON: "Cron Job DAILY_WHS_HIGH_INV is now scheduled using cron setup : 0 11 * * 1"
11/4/2022 15:46:48 [crontab] CRON: "Cron Job DAILY_WHS_LOW_INV is now scheduled using cron setup : 0 11 * * 1"
11/4/2022 15:46:48 [crontab] CRON: "Cron Job DAILY_WHS_SSCC_SUSPICIOUS_UBD is now scheduled using cron setup : 0 9 * * 1,2,3,4,5,6"
11/4/2022 15:46:48 [crontab] CRON: "Cron Job DAILY_WHS_RECEIVED_CUT_OVER is now scheduled using cron setup : 0 9 * * 1,2,3,4,5,6"
11/4/2022 15:46:48 [crontab] CRON: "Cron Job DAILY_PRODUCE_0_LEAD_TIME is now scheduled using cron setup : 5 9 * * 1-5"
11/4/2022 15:46:48 [crontab] CRON: "Cron Job DAILY_FIN_SHRINK_INVOICE is now scheduled using cron setup : 30 7 * * *"
11/4/2022 15:46:48 [crontab] CRON: "Cron Job DAILY_WHS_MULTICONSIGNMENT is now scheduled using cron setup : */30 * * * *"
11/4/2022 15:46:48 [crontab] CRON: "Cron Job DAILY_WHS_SKU_WEIGHT is now scheduled using cron setup : 20 11 * * 1-5"
