5/12/2025 8:11:52 [jlink] 79: "BEGIN PKREQUESTMANAGER.CALLQUERY(79,'SCR0000001','jlink','{HEINENS_CUSTOM_PROD}', '{SCR0000000001,jlink}','{HN}', :cursor); END;"
5/12/2025 8:11:52 [jlink] 79: "[{\"SCREENID\":\"SCR0000000001\",\"SCREENINFO\":\"<div><i class=\\\"bbs-keywords\\\">What is it : </i>Dashboard section is your <b>Home</b> tracking process. It simplifies and regroup data visualization.\\n                          As many as needed dashboard widget trackers can be enabled.\\n</div>\\n<div><i class=\\\"bbs-keywords\\\">Tracking type : </i>There are 3 types of data visualization: \\n        <li><b>Table </b> display with export to file option.</li> \\n        <li><b>Chart </b> with by type line, bar, radar, polar, pie, scatter, combined type </li> \\n        <li><b>Message & Alert </b> with color criticality such as successful, soft warning, hard warning.</li> \\n</div>\"}]"
5/12/2025 8:11:52 [jlink] 79: "1 Object(s) returned... [FETCH]"
5/12/2025 8:12:26 [jlink] 80: "BEGIN PKREQUESTMANAGER.CALLQUERY(80,'ADM0000001','jlink','{}', '{jlink,Myfavoritecolorispurple!!!!!}','{}', :cursor); END;"
5/12/2025 8:12:42 [jlink] 81: "BEGIN PKREQUESTMANAGER.CALLQUERY(81,'ADM0000001','jlink','{}', '{jlink,Pumpkin}','{}', :cursor); END;"
5/12/2025 8:12:44 [jlink] 82: "BEGIN PKREQUESTMANAGER.CALLQUERY(82,'ADM0000001','jlink','{}', '{jlink,Pumpkin1}','{}', :cursor); END;"
5/12/2025 8:13:28 [jlink] 84: "BEGIN PKREQUESTMANAGER.CALLQUERY(84,'ADM0000001','jlink','{}', '{jlink,Pumpkin}','{}', :cursor); END;"
5/12/2025 8:13:33 [jlink] 85: "BEGIN PKREQUESTMANAGER.CALLQUERY(85,'ADM0000001','jlink','{}', '{jlink,pumpkin}','{}', :cursor); END;"
5/12/2025 8:13:33 [jlink] 85: "[{\"USERID\":\"jlink\",\"USERFNAME\":\"Julie\",\"USERLNAME\":\"Link\",\"USEREMAIL\":\"jlink@heinens.com\",\"USERMOBILE\":null,\"USERDATAINTEGRITY\":1}]"
5/12/2025 8:13:33 [jlink] 85: "1 Object(s) returned... [FETCH]"
5/12/2025 8:13:33 [jlink] 86: "BEGIN PKREQUESTMANAGER.CALLQUERY(86,'CLI0000002','jlink','{}', '{jlink}','{}', :cursor); END;"
5/12/2025 8:13:33 [jlink] 87: "BEGIN PKREQUESTMANAGER.CALLQUERY(87,'CLI0000003','jlink','{}', '{jlink}','{}', :cursor); END;"
5/12/2025 8:13:33 [jlink] 86: "[{\"USERID\":\"jlink\",\"USERCORPID\":2,\"USERPASS\":\"cHVtcGtpbg==\",\"USERAUTH\":null,\"USERLANG\":\"us_US\",\"USERPROF\":null,\"USERAPPLI\":3,\"USERFNAME\":\"Julie\",\"USERLNAME\":\"Link\",\"USEREMAIL\":\"jlink@heinens.com\",\"USERMOBILE\":null,\"USERTEAM\":null,\"USERACTIVE\":1,\"USERDCRE\":\"2020-07-13T04:00:00.000Z\",\"USERDMAJ\":\"2020-07-13T04:00:00.000Z\",\"USERUTIL\":\"admin\",\"USERTYPE\":2,\"USERDATAINTEGRITY\":1,\"USERIT\":1,\"USERBUYER\":1,\"USERHELPDESK\":1,\"USERWAREHOUSE\":1,\"USERSPACEPLANNING\":1}]"
5/12/2025 8:13:33 [jlink] 86: "1 Object(s) returned... [FETCH]"
5/12/2025 8:13:33 [jlink] 87: "[{\"LEVEL\":\"USER\",\"ENVID\":1,\"ENVCORPID\":2,\"CORPSDESC\":\"Heinen's\",\"ENVCODE\":\"CENTRAL_UAT\",\"ENVTYPE\":4,\"ENVACTIVE\":1,\"ENVSDESC\":\"User Acceptance\",\"ENVLDESC\":\"Heinen's Central UAT environement\",\"ENVDBTYPE\":1,\"ENVIP\":\"10.227.100.52\",\"ENVPORT\":1521,\"ENVUSER\":\"hntcen\",\"ENVPASSWORD\":\"Heinen123!\",\"ENVSOURCE\":\"test\",\"ENVDBLINK\":\"HEINENS_CEN_UAT\",\"ENVDEFAULT\":0,\"ENVDCRE\":\"2017-03-21T04:00:00.000Z\",\"ENVDMAJ\":\"2017-03-21T04:00:00.000Z\",\"ENVUTIL\":\"abe\",\"ENVVERSION\":1,\"ENVDEFLANG\":\"HN\",\"CORPPIC\":\"./assets/pictures/corporate/heinens.jpg\",\"ENVVARINITSH\":\". /home/hntcen/env/envCEN\",\"ENVTITLECOLOR\":\"yellow\",\"ENVTITLE\":\"Inventory Control Room [ACCEPTANCE]\",\"ENVDOMAIN\":1,\"ENVALLSTOCKRESTART\":\"/home/hntstk/bin/shell/restart_hntstk_processes.sh\",\"ENVRESTART\":\"/home/hntstk/bin/shell/restart_hntstk_processes.sh\",\"ENVCENTRALRESTART\":\"/home/hntcen/bin/shell/whatsupgold/central/restart_central.sh\",\"ENVSTOCKRESTART\":\"/home/hntstk/bin/shell/whatsupgold/stock/restart_stock.sh\",\"ENVMOBRESTART\":\"/home/hntcen/bin/shell/mobility/restart_mobility.sh\",\"ENVGFARESTART\":null,\"ENVGWRRESTART\":null,\"ENVXMLRESTART\":\"/home/hntcen/bin/shell/whatsupgold/central/restart_xmlinterface.sh\",\"ENVPRINTERRESTART\":\"/home/hntstk/bin/shell/whatsupgold/stock/restart_printer.sh\",\"ENVRADIORESTART\":\"/home/hntstk/bin/shell/vocal/restart_radio.sh\",\"ENVGWVORESTART\":\"/home/hntstk/bin/shell/vocal/restart_vocal.sh\",\"ENVVOCALRESTART\":\"/home/hntstk/bin/shell/vocal/restart_vocal.sh\"},{\"LEVEL\":\"USER\",\"ENVID\":2,\"ENVCORPID\":2,\"CORPSDESC\":\"Heinen's\",\"ENVCODE\":\"STOCK_UAT\",\"ENVTYPE\":4,\"ENVACTIVE\":1,\"ENVSDESC\":\"Heinen's Stock UAT\",\"ENVLDESC\":\"Heinen's Stock UAT environement\",\"ENVDBTYPE\":1,\"ENVIP\":\"10.227.100.52\",\"ENVPORT\":1521,\"ENVUSER\":\"hntstk\",\"ENVPASSWORD\":\"Heinen123!\",\"ENVSOURCE\":\"test\",\"ENVDBLINK\":\"HEINENS_STK_UAT\",\"ENVDEFAULT\":0,\"ENVDCRE\":\"2017-03-21T04:00:00.000Z\",\"ENVDMAJ\":\"2017-03-21T04:00:00.000Z\",\"ENVUTIL\":\"abe\",\"ENVVERSION\":2,\"ENVDEFLANG\":\"HN\",\"CORPPIC\":\"./assets/pictures/corporate/heinens.jpg\",\"ENVVARINITSH\":\". /home/hntstk/env/envSTK\",\"ENVTITLECOLOR\":\"yellow\",\"ENVTITLE\":\"Inventory Control Room [ACCEPTANCE]\",\"ENVDOMAIN\":2,\"ENVALLSTOCKRESTART\":\"/home/hntstk/bin/shell/restart_hntstk_processes.sh\",\"ENVRESTART\":\"/home/hntstk/bin/shell/restart_hntstk_processes.sh\",\"ENVCENTRALRESTART\":\"/home/hntcen/bin/shell/whatsupgold/central/restart_central.sh\",\"ENVSTOCKRESTART\":\"/home/hntstk/bin/shell/whatsupgold/stock/restart_stock.sh\",\"ENVMOBRESTART\":\"/home/hntcen/bin/shell/mobility/restart_mobility.sh\",\"ENVGFARESTART\":null,\"ENVGWRRESTART\":null,\"ENVXMLRESTART\":\"/home/hntcen/bin/shell/whatsupgold/central/restart_xmlinterface.sh\",\"ENVPRINTERRESTART\":\"/home/hntstk/bin/shell/whatsupgold/stock/restart_printer.sh\",\"ENVRADIORESTART\":\"/home/hntstk/bin/shell/vocal/restart_radio.sh\",\"ENVGWVORESTART\":\"/home/hntstk/bin/shell/vocal/restart_vocal.sh\",\"ENVVOCALRESTART\":\"/home/hntstk/bin/shell/vocal/restart_vocal.sh\"},{\"LEVEL\":\"USER\",\"ENVID\":3,\"ENVCORPID\":2,\"CORPSDESC\":\"Heinen's\",\"ENVCODE\":\"HN_CENTRAL_PROD\",\"ENVTYPE\":7,\"ENVACTIVE\":1,\"ENVSDESC\":\"Production\",\"ENVLDESC\":\"Heinen's Custom PROD environement\",\"ENVDBTYPE\":1,\"ENVIP\":\"10.227.100.85\",\"ENVPORT\":1521,\"ENVUSER\":\"hnpcen\",\"ENVPASSWORD\":\"Heinen123!\",\"ENVSOURCE\":\"central\",\"ENVDBLINK\":\"HEINENS_CUSTOM_PROD\",\"ENVDEFAULT\":1,\"ENVDCRE\":\"2017-04-22T04:00:00.000Z\",\"ENVDMAJ\":\"2017-03-21T04:00:00.000Z\",\"ENVUTIL\":\"abe\",\"ENVVERSION\":1,\"ENVDEFLANG\":\"HN\",\"CORPPIC\":\"./assets/pictures/corporate/heinens.jpg\",\"ENVVARINITSH\":\". /home/hnpcen/env/envCEN\",\"ENVTITLECOLOR\":\"white\",\"ENVTITLE\":\"Inventory Control Room\",\"ENVDOMAIN\":1,\"ENVALLSTOCKRESTART\":\"/home/hnpstk/bin/shell/restart_hnpstk_processes.sh\",\"ENVRESTART\":\"/home/hnpstk/bin/shell/restart_hnpstk_processes.sh\",\"ENVCENTRALRESTART\":\"/home/hnpcen/bin/shell/whatsupgold/central/restart_central.sh\",\"ENVSTOCKRESTART\":\"/home/hnpstk/bin/shell/whatsupgold/stock/restart_stock.sh\",\"ENVMOBRESTART\":\"/home/hnpcen/bin/shell/mobility/restart_mobility.sh\",\"ENVGFARESTART\":null,\"ENVGWRRESTART\":null,\"ENVXMLRESTART\":\"/home/hnpcen/bin/shell/whatsupgold/central/restart_xmlinterface.sh\",\"ENVPRINTERRESTART\":\"/home/hnpstk/bin/shell/whatsupgold/stock/restart_printer.sh\",\"ENVRADIORESTART\":\"/home/hnpstk/bin/shell/vocal/restart_radio.sh\",\"ENVGWVORESTART\":\"/home/hnpstk/bin/shell/vocal/restart_vocal.sh\",\"ENVVOCALRESTART\":\"/home/hnpstk/bin/shell/vocal/restart_vocal.sh\"},{\"LEVEL\":\"USER\",\"ENVID\":4,\"ENVCORPID\":2,\"CORPSDESC\":\"Heinen's\",\"ENVCODE\":\"HN_STOCK_PROD\",\"ENVTYPE\":7,\"ENVACTIVE\":1,\"ENVSDESC\":\"Production Warehouse\",\"ENVLDESC\":\"Heinen's Warehouse PROD environement\",\"ENVDBTYPE\":1,\"ENVIP\":\"10.227.100.85\",\"ENVPORT\":1521,\"ENVUSER\":\"hnpstk\",\"ENVPASSWORD\":\"Heinen123!\",\"ENVSOURCE\":\"stock\",\"ENVDBLINK\":\"HEINENS_CUSTOM_PROD\",\"ENVDEFAULT\":0,\"ENVDCRE\":\"2020-01-02T05:00:00.000Z\",\"ENVDMAJ\":\"2020-01-02T05:00:00.000Z\",\"ENVUTIL\":\"abe\",\"ENVVERSION\":1,\"ENVDEFLANG\":\"HN\",\"CORPPIC\":\"./assets/pictures/corporate/heinens.jpg\",\"ENVVARINITSH\":\". /home/hnpstk/env/envSTK\",\"ENVTITLECOLOR\":\"white\",\"ENVTITLE\":\"Inventory Control Room\",\"ENVDOMAIN\":2,\"ENVALLSTOCKRESTART\":\"/home/hnpstk/bin/shell/restart_hnpstk_processes.sh\",\"ENVRESTART\":\"/home/hnpstk/bin/shell/restart_hnpstk_processes.sh\",\"ENVCENTRALRESTART\":\"/home/hnpcen/bin/shell/whatsupgold/central/restart_central.sh\",\"ENVSTOCKRESTART\":\"/home/hnpstk/bin/shell/whatsupgold/stock/restart_stock.sh\",\"ENVMOBRESTART\":\"/home/hnpcen/bin/shell/mobility/restart_mobility.sh\",\"ENVGFARESTART\":null,\"ENVGWRRESTART\":null,\"ENVXMLRESTART\":\"/home/hnpcen/bin/shell/whatsupgold/central/restart_xmlinterface.sh\",\"ENVPRINTERRESTART\":\"/home/hnpstk/bin/shell/whatsupgold/stock/restart_printer.sh\",\"ENVRADIORESTART\":\"/home/hnpstk/bin/shell/vocal/restart_radio.sh\",\"ENVGWVORESTART\":\"/home/hnpstk/bin/shell/vocal/restart_vocal.sh\",\"ENVVOCALRESTART\":\"/home/hnpstk/bin/shell/vocal/restart_vocal.sh\"}]"
5/12/2025 8:13:33 [jlink] 87: "4 Object(s) returned... [FETCH]"
5/12/2025 8:13:33 [jlink] 88: "BEGIN PKREQUESTMANAGER.CALLQUERY(88,'WDG0000001','jlink','{HEINENS_CUSTOM_PROD}', '{jlink,-1}','{HN}', :cursor); END;"
5/12/2025 8:13:33 [jlink] 89: "BEGIN PKREQUESTMANAGER.CALLQUERY(89,'SCR0000001','jlink','{HEINENS_CUSTOM_PROD}', '{SCR0000000001,jlink}','{HN}', :cursor); END;"
5/12/2025 8:13:33 [jlink] 88: "44 Object(s) returned... [FETCH]"
5/12/2025 8:13:33 [jlink] 89: "[{\"SCREENID\":\"SCR0000000001\",\"SCREENINFO\":\"<div><i class=\\\"bbs-keywords\\\">What is it : </i>Dashboard section is your <b>Home</b> tracking process. It simplifies and regroup data visualization.\\n                          As many as needed dashboard widget trackers can be enabled.\\n</div>\\n<div><i class=\\\"bbs-keywords\\\">Tracking type : </i>There are 3 types of data visualization: \\n        <li><b>Table </b> display with export to file option.</li> \\n        <li><b>Chart </b> with by type line, bar, radar, polar, pie, scatter, combined type </li> \\n        <li><b>Message & Alert </b> with color criticality such as successful, soft warning, hard warning.</li> \\n</div>\"}]"
5/12/2025 8:13:33 [jlink] 89: "1 Object(s) returned... [FETCH]"
5/12/2025 8:13:34 [jlink] 90: "BEGIN PKREQUESTMANAGER.CALLQUERY(90,'WDG1000000','jlink','{HEINENS_CUSTOM_PROD}', '{WDG0000000010,null}','{HN}', :cursor); END;"
5/12/2025 8:13:34 [jlink] 91: "BEGIN PKREQUESTMANAGER.CALLQUERY(91,'WDG1000000','jlink','{HEINENS_CUSTOM_PROD}', '{WDG0000000019,null}','{HN}', :cursor); END;"
5/12/2025 8:13:34 [jlink] 92: "BEGIN PKREQUESTMANAGER.CALLQUERY(92,'WDG1000000','jlink','{HEINENS_CUSTOM_PROD}', '{WDG0000000020,90061,5}','{HN}', :cursor); END;"
5/12/2025 8:13:34 [jlink] 93: "BEGIN PKREQUESTMANAGER.CALLQUERY(93,'WDG1000000','jlink','{HEINENS_CUSTOM_PROD}', '{WDG0000000021,91071,15}','{HN}', :cursor); END;"
5/12/2025 8:13:34 [jlink] 94: "BEGIN PKREQUESTMANAGER.CALLQUERY(94,'WDG1000000','jlink','{HEINENS_CUSTOM_PROD}', '{WDG0000000020,91071,5}','{HN}', :cursor); END;"
5/12/2025 8:13:34 [jlink] 95: "BEGIN PKREQUESTMANAGER.CALLQUERY(95,'WDG1000000','jlink','{HEINENS_CUSTOM_PROD}', '{WDG0000000021,90061,15}','{HN}', :cursor); END;"
5/12/2025 8:13:34 [jlink] 90: "575 Object(s) returned... [FETCH]"
5/12/2025 8:13:34 [jlink] 91: "1820 Object(s) returned... [FETCH]"
5/12/2025 8:13:34 [jlink] 96: "BEGIN PKREQUESTMANAGER.CALLQUERY(96,'WDG1000000','jlink','{HEINENS_CUSTOM_PROD}', '{WDG0000000020,91070,2}','{HN}', :cursor); END;"
5/12/2025 8:13:34 [jlink] 97: "BEGIN PKREQUESTMANAGER.CALLQUERY(97,'WDG1000000','jlink','{HEINENS_CUSTOM_PROD}', '{WDG0000000021,91070,6}','{HN}', :cursor); END;"
5/12/2025 8:13:35 [jlink] 93: "102 Object(s) returned... [FETCH]"
5/12/2025 8:13:35 [jlink] 94: "203 Object(s) returned... [FETCH]"
5/12/2025 8:13:35 [jlink] 96: "95 Object(s) returned... [FETCH]"
5/12/2025 8:13:35 [jlink] 97: "190 Object(s) returned... [FETCH]"
5/12/2025 8:13:39 [jlink] 95: "1619 Object(s) returned... [FETCH]"
5/12/2025 8:13:39 [jlink] 92: "760 Object(s) returned... [FETCH]"
5/12/2025 8:13:58 [jlink] 98: "BEGIN PKREQUESTMANAGER.CALLQUERY(98,'MHA0000001','jlink','{HEINENS_CUSTOM_PROD}', '{jlink}','{HN}', :cursor); END;"
5/12/2025 8:13:58 [jlink] 99: "BEGIN PKREQUESTMANAGER.CALLQUERY(99,'SCR0000001','jlink','{HEINENS_CUSTOM_PROD}', '{SCR0000000042,jlink}','{HN}', :cursor); END;"
5/12/2025 8:13:59 [jlink] 98: "1903 Object(s) returned... [FETCH]"
5/12/2025 8:13:59 [jlink] 100: "BEGIN PKREQUESTMANAGER.CALLQUERY(100,'MHA0000002','jlink','{HEINENS_CUSTOM_PROD}', '{jlink}','{HN}', :cursor); END;"
5/12/2025 8:13:59 [jlink] 100: "682 Object(s) returned... [FETCH]"
5/12/2025 8:13:59 [jlink] 101: "BEGIN PKREQUESTMANAGER.CALLQUERY(101,'MHA0000003','jlink','{HEINENS_CUSTOM_PROD}', '{jlink}','{HN}', :cursor); END;"
5/12/2025 8:14:0 [jlink] 101: "9095 Object(s) returned... [FETCH]"
