5/7/2025 10:9:23 [logger] LOGS: "01: \"connection 01/********* [SUCCESSFUL]\""
5/7/2025 10:9:23 [logger] LOGS: "01: \"connection 01/********* [SUCCESSFUL]\""
5/7/2025 10:12:34 [logger] LOGS: "05: \"connection 05/********* [SUCCESSFUL]\""
5/7/2025 13:0:58 [logger] LOGS: "01: \"connection 01/********* [SUCCESSFUL]\""
5/7/2025 13:5:6 [logger] LOGS: "01: \"connection 01/********* [SUCCESSFUL]\""
5/7/2025 13:5:32 [logger] LOGS: "01: \"connection 01/********* [SUCCESSFUL]\""
5/7/2025 13:7:16 [logger] LOGS: "01: \"UNKNOWN item added 11155171\""
5/7/2025 13:7:51 [logger] LOGS: "01: \"UNKNOWN item added 11104773\""
5/7/2025 13:19:6 [logger] LOGS: "01: \"connection 01/********* [SUCCESSFUL]\""
5/7/2025 13:19:50 [logger] LOGS: "01: \"connection 01/********* [SUCCESSFUL]\""
5/7/2025 13:20:28 [logger] LOGS: "01: \"connection 01/********* [SUCCESSFUL]\""
5/7/2025 13:41:45 [logger] LOGS: "01: \"connection 01/********* [SUCCESSFUL]\""
5/7/2025 13:45:51 [logger] LOGS: "01: \"connection 01/********* [SUCCESSFUL]\""
5/7/2025 13:46:26 [logger] LOGS: "01: \"connection 01/********* [SUCCESSFUL]\""
5/7/2025 13:49:4 [logger] LOGS: "01: \"UNKNOWN item added 1212\""
5/7/2025 13:49:14 [logger] LOGS: "01: \"connection 01/********* [SUCCESSFUL]\""
5/7/2025 13:49:15 [logger] LOGS: "01: \"UNKNOWN item added 1212\""
5/7/2025 13:49:51 [logger] LOGS: "01: \"connection 01/********* [SUCCESSFUL]\""
5/7/2025 13:49:51 [logger] LOGS: "01: \"connection 01/********* [SUCCESSFUL]\""
5/7/2025 13:49:52 [logger] LOGS: "01: \"UNKNOWN item added 1212\""
5/7/2025 13:52:1 [logger] LOGS: "01: \"connection 01/********* [SUCCESSFUL]\""
5/7/2025 13:52:3 [logger] LOGS: "01: \"UNKNOWN item added 1212\""
5/7/2025 13:52:32 [logger] LOGS: ": \"Invalid credential abe/********* [ERROR]\""
5/7/2025 13:52:42 [logger] LOGS: "abe: \"connection abe/********* [SUCCESSFUL]\""
5/7/2025 13:52:45 [logger] LOGS: "abe: \"UNKNOWN item added 1212\""
