4/29/2017 19:55:23 3: LIBQUERY with Callback: 
4/29/2017 19:55:23 3: Path request:/api/counting/6/
4/29/2017 19:55:23 3: Path header:undefined
4/29/2017 19:55:23 3: Path query:{"PARAM":["04/23/2017","15"]}
4/29/2017 19:55:23 3: BEGIN PKREQUESTMANAGER.CALLQUERY(3,'CNT0000006','abe','{HEINENS_CUSTOM_PROD}', '{04/23/2017,15}','{HN}', :cursor); END;
4/29/2017 20:10:14 4: LIBQUERY with Callback: 
4/29/2017 20:10:14 4: Path request:/api/authentification/
4/29/2017 20:10:14 4: Path header:undefined
4/29/2017 20:10:14 4: Path query:{}
4/29/2017 20:10:14 4: BEGIN PKREQUESTMANAGER.CALLQUERY(4,'ADM0000001','abe','{}', '{abe,abe}','{}', :cursor); END;
4/29/2017 20:10:14 4: 1 Object(s) returned... [FETCH]
4/29/2017 20:10:14 4: [object Object]
4/29/2017 20:10:14 5: LIBQUERY with Callback: 
4/29/2017 20:10:14 5: Path request:/api/user/
4/29/2017 20:10:14 5: Path header:undefined
4/29/2017 20:10:14 5: Path query:{"USER_NAME":"abe"}
4/29/2017 20:10:14 5: BEGIN PKREQUESTMANAGER.CALLQUERY(5,'CLI0000002','abe','{}', '{abe}','{}', :cursor); END;
4/29/2017 20:10:14 6: LIBQUERY with Callback: 
4/29/2017 20:10:14 6: Path request:/api/environment/
4/29/2017 20:10:14 6: Path header:undefined
4/29/2017 20:10:14 6: Path query:{"USER_NAME":"abe"}
4/29/2017 20:10:14 6: BEGIN PKREQUESTMANAGER.CALLQUERY(6,'CLI0000003','abe','{}', '{abe}','{}', :cursor); END;
4/29/2017 20:10:14 6: 1 Object(s) returned... [FETCH]
4/29/2017 20:10:14 6: [object Object]
4/29/2017 20:10:14 6: 6 Object(s) returned... [FETCH]
4/29/2017 20:10:14 6: [object Object],[object Object],[object Object],[object Object],[object Object],[object Object]
4/29/2017 20:10:33 7: LIBQUERY with Callback: 
4/29/2017 20:10:33 7: Path request:/api/search/
4/29/2017 20:10:33 7: Path header:undefined
4/29/2017 20:10:33 7: Path query:{"PARAM":["111770"]}
4/29/2017 20:10:33 7: BEGIN PKREQUESTMANAGER.CALLQUERY(7,'CLI0000001','abe','{HEINENS_CUSTOM_PROD}', '{111770}','{HN}', :cursor); END;
4/29/2017 20:11:9 8: LIBQUERY with Callback: 
4/29/2017 20:11:9 8: Path request:/api/search/
4/29/2017 20:11:9 8: Path header:undefined
4/29/2017 20:11:9 8: Path query:{"PARAM":["111770"]}
4/29/2017 20:11:9 8: BEGIN PKREQUESTMANAGER.CALLQUERY(8,'CLI0000001','abe','{HEINENS_CEN_UAT}', '{111770}','{HN}', :cursor); END;
4/29/2017 20:11:24 8: 2 Object(s) returned... [FETCH]
4/29/2017 20:11:24 8: [object Object],[object Object]
4/29/2017 20:23:17 9: LIBQUERY with Callback: 
4/29/2017 20:23:17 9: Path request:/api/user/
4/29/2017 20:23:17 9: Path header:undefined
4/29/2017 20:23:17 9: Path query:{"USER_NAME":"abe"}
4/29/2017 20:23:17 9: BEGIN PKREQUESTMANAGER.CALLQUERY(9,'CLI0000002','abe','{}', '{abe}','{}', :cursor); END;
4/29/2017 20:23:17 10: LIBQUERY with Callback: 
4/29/2017 20:23:17 10: Path request:/api/environment/
4/29/2017 20:23:17 10: Path header:undefined
4/29/2017 20:23:17 10: Path query:{"USER_NAME":"abe"}
4/29/2017 20:23:17 10: BEGIN PKREQUESTMANAGER.CALLQUERY(10,'CLI0000003','abe','{}', '{abe}','{}', :cursor); END;
4/29/2017 20:23:18 10: 1 Object(s) returned... [FETCH]
4/29/2017 20:23:18 10: [object Object]
4/29/2017 20:23:18 10: 6 Object(s) returned... [FETCH]
4/29/2017 20:23:18 10: [object Object],[object Object],[object Object],[object Object],[object Object],[object Object]
4/29/2017 20:23:56 11: LIBQUERY with Callback: 
4/29/2017 20:23:56 11: Path request:/api/user/
4/29/2017 20:23:56 11: Path header:undefined
4/29/2017 20:23:56 11: Path query:{"USER_NAME":"abe"}
4/29/2017 20:23:56 11: BEGIN PKREQUESTMANAGER.CALLQUERY(11,'CLI0000002','abe','{}', '{abe}','{}', :cursor); END;
4/29/2017 20:23:56 11: 1 Object(s) returned... [FETCH]
4/29/2017 20:23:56 11: [object Object]
4/29/2017 20:23:56 12: LIBQUERY with Callback: 
4/29/2017 20:23:56 12: Path request:/api/environment/
4/29/2017 20:23:56 12: Path header:undefined
4/29/2017 20:23:56 12: Path query:{"USER_NAME":"abe"}
4/29/2017 20:23:56 12: BEGIN PKREQUESTMANAGER.CALLQUERY(12,'CLI0000003','abe','{}', '{abe}','{}', :cursor); END;
4/29/2017 20:23:56 12: 6 Object(s) returned... [FETCH]
4/29/2017 20:23:56 12: [object Object],[object Object],[object Object],[object Object],[object Object],[object Object]
4/29/2017 20:24:37 13: LIBQUERY with Callback: 
4/29/2017 20:24:37 13: Path request:/api/user/
4/29/2017 20:24:37 13: Path header:undefined
4/29/2017 20:24:37 13: Path query:{"USER_NAME":"abe"}
4/29/2017 20:24:37 13: BEGIN PKREQUESTMANAGER.CALLQUERY(13,'CLI0000002','abe','{}', '{abe}','{}', :cursor); END;
4/29/2017 20:24:37 14: LIBQUERY with Callback: 
4/29/2017 20:24:37 14: Path request:/api/environment/
4/29/2017 20:24:37 14: Path header:undefined
4/29/2017 20:24:37 14: Path query:{"USER_NAME":"abe"}
4/29/2017 20:24:37 14: BEGIN PKREQUESTMANAGER.CALLQUERY(14,'CLI0000003','abe','{}', '{abe}','{}', :cursor); END;
4/29/2017 20:24:37 14: 1 Object(s) returned... [FETCH]
4/29/2017 20:24:37 14: [object Object]
4/29/2017 20:24:37 14: 6 Object(s) returned... [FETCH]
4/29/2017 20:24:37 14: [object Object],[object Object],[object Object],[object Object],[object Object],[object Object]
4/29/2017 20:25:31 15: LIBQUERY with Callback: 
4/29/2017 20:25:31 15: Path request:/api/user/
4/29/2017 20:25:31 15: Path header:undefined
4/29/2017 20:25:31 15: Path query:{"USER_NAME":"abe"}
4/29/2017 20:25:31 15: BEGIN PKREQUESTMANAGER.CALLQUERY(15,'CLI0000002','abe','{}', '{abe}','{}', :cursor); END;
4/29/2017 20:25:31 15: 1 Object(s) returned... [FETCH]
4/29/2017 20:25:31 15: [object Object]
4/29/2017 20:25:31 16: LIBQUERY with Callback: 
4/29/2017 20:25:31 16: Path request:/api/environment/
4/29/2017 20:25:31 16: Path header:undefined
4/29/2017 20:25:31 16: Path query:{"USER_NAME":"abe"}
4/29/2017 20:25:31 16: BEGIN PKREQUESTMANAGER.CALLQUERY(16,'CLI0000003','abe','{}', '{abe}','{}', :cursor); END;
4/29/2017 20:25:31 16: 6 Object(s) returned... [FETCH]
4/29/2017 20:25:31 16: [object Object],[object Object],[object Object],[object Object],[object Object],[object Object]
