7/14/2017 2:9:58 9: LIBQUERY with Callback: 
7/14/2017 2:9:58 9: Path request:/api/authentification/
7/14/2017 2:9:58 9: Path header:undefined
7/14/2017 2:9:58 9: Path query:{}
7/14/2017 2:9:58 9: BEGIN PKREQUESTMANAGER.CALLQUERY(9,'ADM0000001','abe','{}', '{abe,abe}','{}', :cursor); END;
7/14/2017 2:9:58 9: 1 Object(s) returned... [FETCH]
7/14/2017 2:9:58 9: [object Object]
7/14/2017 2:9:58 10: LIBQUERY with Callback: 
7/14/2017 2:9:58 10: Path request:/api/user/
7/14/2017 2:9:58 10: Path header:undefined
7/14/2017 2:9:58 10: Path query:{"USER_NAME":"abe"}
7/14/2017 2:9:58 10: BEGIN PKREQUESTMANAGER.CALLQUERY(10,'CLI0000002','abe','{}', '{abe}','{}', :cursor); END;
7/14/2017 2:9:58 11: LIBQUERY with Callback: 
7/14/2017 2:9:58 11: Path request:/api/environment/
7/14/2017 2:9:58 11: Path header:undefined
7/14/2017 2:9:58 11: Path query:{"USER_NAME":"abe"}
7/14/2017 2:9:58 11: BEGIN PKREQUESTMANAGER.CALLQUERY(11,'CLI0000003','abe','{}', '{abe}','{}', :cursor); END;
7/14/2017 2:9:58 11: 1 Object(s) returned... [FETCH]
7/14/2017 2:9:58 11: [object Object]
7/14/2017 2:9:58 11: 6 Object(s) returned... [FETCH]
7/14/2017 2:9:58 11: [object Object],[object Object],[object Object],[object Object],[object Object],[object Object]
7/14/2017 2:9:59 12: LIBQUERY with Callback: 
7/14/2017 2:9:59 12: Path request:/api/labels/
7/14/2017 2:9:59 12: Path header:undefined
7/14/2017 2:9:59 12: Path query:{}
7/14/2017 2:9:59 12: BEGIN PKREQUESTMANAGER.CALLQUERY(12,'LAB0000001','abe','{undefined}', '{undefined}','{}', :cursor); END;
7/14/2017 2:9:59 12: 36 Object(s) returned... [FETCH]
7/14/2017 2:9:59 12: [object Object],[object Object],[object Object],[object Object],[object Object],[object Object],[object Object],[object Object],[object Object],[object Object],[object Object],[object Object],[object Object],[object Object],[object Object],[object Object],[object Object],[object Object],[object Object],[object Object],[object Object],[object Object],[object Object],[object Object],[object Object],[object Object],[object Object],[object Object],[object Object],[object Object],[object Object],[object Object],[object Object],[object Object],[object Object],[object Object]
7/14/2017 2:13:58 13: LIBQUERY with Callback: 
7/14/2017 2:13:58 13: Path request:/api/authentification/
7/14/2017 2:13:58 13: Path header:undefined
7/14/2017 2:13:58 13: Path query:{}
7/14/2017 2:13:58 13: BEGIN PKREQUESTMANAGER.CALLQUERY(13,'ADM0000001','abe','{}', '{abe,abe}','{}', :cursor); END;
7/14/2017 2:13:58 13: 1 Object(s) returned... [FETCH]
7/14/2017 2:13:58 13: [object Object]
7/14/2017 2:13:58 14: LIBQUERY with Callback: 
7/14/2017 2:13:58 14: Path request:/api/user/
7/14/2017 2:13:58 14: Path header:undefined
7/14/2017 2:13:58 14: Path query:{"USER_NAME":"abe"}
7/14/2017 2:13:58 14: BEGIN PKREQUESTMANAGER.CALLQUERY(14,'CLI0000002','abe','{}', '{abe}','{}', :cursor); END;
7/14/2017 2:13:58 15: LIBQUERY with Callback: 
7/14/2017 2:13:58 15: Path request:/api/environment/
7/14/2017 2:13:58 15: Path header:undefined
7/14/2017 2:13:58 15: Path query:{"USER_NAME":"abe"}
7/14/2017 2:13:58 15: BEGIN PKREQUESTMANAGER.CALLQUERY(15,'CLI0000003','abe','{}', '{abe}','{}', :cursor); END;
7/14/2017 2:13:58 15: 1 Object(s) returned... [FETCH]
7/14/2017 2:13:58 15: [object Object]
7/14/2017 2:13:58 15: 6 Object(s) returned... [FETCH]
7/14/2017 2:13:58 15: [object Object],[object Object],[object Object],[object Object],[object Object],[object Object]
7/14/2017 2:13:58 16: LIBQUERY with Callback: 
7/14/2017 2:13:58 16: Path request:/api/labels/
7/14/2017 2:13:58 16: Path header:undefined
7/14/2017 2:13:58 16: Path query:{}
7/14/2017 2:13:58 16: BEGIN PKREQUESTMANAGER.CALLQUERY(16,'LAB0000001','abe','{undefined}', '{undefined}','{HN}', :cursor); END;
7/14/2017 2:13:58 16: 36 Object(s) returned... [FETCH]
7/14/2017 2:13:58 16: [object Object],[object Object],[object Object],[object Object],[object Object],[object Object],[object Object],[object Object],[object Object],[object Object],[object Object],[object Object],[object Object],[object Object],[object Object],[object Object],[object Object],[object Object],[object Object],[object Object],[object Object],[object Object],[object Object],[object Object],[object Object],[object Object],[object Object],[object Object],[object Object],[object Object],[object Object],[object Object],[object Object],[object Object],[object Object],[object Object]
7/14/2017 2:14:37 17: LIBQUERY with Callback: 
7/14/2017 2:14:37 17: Path request:/api/authentification/
7/14/2017 2:14:37 17: Path header:undefined
7/14/2017 2:14:37 17: Path query:{}
7/14/2017 2:14:37 17: BEGIN PKREQUESTMANAGER.CALLQUERY(17,'ADM0000001','abe','{}', '{abe,abe}','{}', :cursor); END;
7/14/2017 2:14:37 17: 1 Object(s) returned... [FETCH]
7/14/2017 2:14:37 17: [object Object]
7/14/2017 2:14:37 18: LIBQUERY with Callback: 
7/14/2017 2:14:37 18: Path request:/api/user/
7/14/2017 2:14:37 18: Path header:undefined
7/14/2017 2:14:37 18: Path query:{"USER_NAME":"abe"}
7/14/2017 2:14:37 18: BEGIN PKREQUESTMANAGER.CALLQUERY(18,'CLI0000002','abe','{}', '{abe}','{}', :cursor); END;
7/14/2017 2:14:37 19: LIBQUERY with Callback: 
7/14/2017 2:14:37 19: Path request:/api/environment/
7/14/2017 2:14:37 19: Path header:undefined
7/14/2017 2:14:37 19: Path query:{"USER_NAME":"abe"}
7/14/2017 2:14:37 19: BEGIN PKREQUESTMANAGER.CALLQUERY(19,'CLI0000003','abe','{}', '{abe}','{}', :cursor); END;
7/14/2017 2:14:37 19: 1 Object(s) returned... [FETCH]
7/14/2017 2:14:37 19: [object Object]
7/14/2017 2:14:37 19: 6 Object(s) returned... [FETCH]
7/14/2017 2:14:37 19: [object Object],[object Object],[object Object],[object Object],[object Object],[object Object]
7/14/2017 2:14:37 20: LIBQUERY with Callback: 
7/14/2017 2:14:37 20: Path request:/api/labels/
7/14/2017 2:14:37 20: Path header:undefined
7/14/2017 2:14:37 20: Path query:{}
7/14/2017 2:14:37 20: BEGIN PKREQUESTMANAGER.CALLQUERY(20,'LAB0000001','abe','{undefined}', '{undefined}','{}', :cursor); END;
7/14/2017 2:14:37 20: 36 Object(s) returned... [FETCH]
7/14/2017 2:14:37 20: [object Object],[object Object],[object Object],[object Object],[object Object],[object Object],[object Object],[object Object],[object Object],[object Object],[object Object],[object Object],[object Object],[object Object],[object Object],[object Object],[object Object],[object Object],[object Object],[object Object],[object Object],[object Object],[object Object],[object Object],[object Object],[object Object],[object Object],[object Object],[object Object],[object Object],[object Object],[object Object],[object Object],[object Object],[object Object],[object Object]
7/14/2017 2:15:34 21: LIBQUERY with Callback: 
7/14/2017 2:15:34 21: Path request:/api/authentification/
7/14/2017 2:15:34 21: Path header:undefined
7/14/2017 2:15:34 21: Path query:{}
7/14/2017 2:15:34 21: BEGIN PKREQUESTMANAGER.CALLQUERY(21,'ADM0000001','abe','{}', '{abe,abe}','{}', :cursor); END;
7/14/2017 2:15:34 21: 1 Object(s) returned... [FETCH]
7/14/2017 2:15:34 21: [object Object]
7/14/2017 2:15:34 22: LIBQUERY with Callback: 
7/14/2017 2:15:34 22: Path request:/api/user/
7/14/2017 2:15:34 22: Path header:undefined
7/14/2017 2:15:34 22: Path query:{"USER_NAME":"abe"}
7/14/2017 2:15:34 22: BEGIN PKREQUESTMANAGER.CALLQUERY(22,'CLI0000002','abe','{}', '{abe}','{}', :cursor); END;
7/14/2017 2:15:34 23: LIBQUERY with Callback: 
7/14/2017 2:15:34 23: Path request:/api/environment/
7/14/2017 2:15:34 23: Path header:undefined
7/14/2017 2:15:34 23: Path query:{"USER_NAME":"abe"}
7/14/2017 2:15:34 23: BEGIN PKREQUESTMANAGER.CALLQUERY(23,'CLI0000003','abe','{}', '{abe}','{}', :cursor); END;
7/14/2017 2:15:34 23: 1 Object(s) returned... [FETCH]
7/14/2017 2:15:34 23: [object Object]
7/14/2017 2:15:34 23: 6 Object(s) returned... [FETCH]
7/14/2017 2:15:34 23: [object Object],[object Object],[object Object],[object Object],[object Object],[object Object]
7/14/2017 2:15:34 24: LIBQUERY with Callback: 
7/14/2017 2:15:34 24: Path request:/api/labels/
7/14/2017 2:15:34 24: Path header:undefined
7/14/2017 2:15:34 24: Path query:{}
7/14/2017 2:15:34 24: BEGIN PKREQUESTMANAGER.CALLQUERY(24,'LAB0000001','abe','{undefined}', '{undefined}','{}', :cursor); END;
7/14/2017 2:15:34 24: 36 Object(s) returned... [FETCH]
7/14/2017 2:15:34 24: [object Object],[object Object],[object Object],[object Object],[object Object],[object Object],[object Object],[object Object],[object Object],[object Object],[object Object],[object Object],[object Object],[object Object],[object Object],[object Object],[object Object],[object Object],[object Object],[object Object],[object Object],[object Object],[object Object],[object Object],[object Object],[object Object],[object Object],[object Object],[object Object],[object Object],[object Object],[object Object],[object Object],[object Object],[object Object],[object Object]
7/14/2017 2:16:42 25: LIBQUERY with Callback: 
7/14/2017 2:16:42 25: Path request:/api/authentification/
7/14/2017 2:16:42 25: Path header:undefined
7/14/2017 2:16:42 25: Path query:{}
7/14/2017 2:16:42 25: BEGIN PKREQUESTMANAGER.CALLQUERY(25,'ADM0000001','abe','{}', '{abe,abe}','{}', :cursor); END;
7/14/2017 2:16:42 25: 1 Object(s) returned... [FETCH]
7/14/2017 2:16:42 25: [object Object]
7/14/2017 2:16:42 26: LIBQUERY with Callback: 
7/14/2017 2:16:42 26: Path request:/api/user/
7/14/2017 2:16:42 26: Path header:undefined
7/14/2017 2:16:42 26: Path query:{"USER_NAME":"abe"}
7/14/2017 2:16:42 26: BEGIN PKREQUESTMANAGER.CALLQUERY(26,'CLI0000002','abe','{}', '{abe}','{}', :cursor); END;
7/14/2017 2:16:42 27: LIBQUERY with Callback: 
7/14/2017 2:16:42 27: Path request:/api/environment/
7/14/2017 2:16:42 27: Path header:undefined
7/14/2017 2:16:42 27: Path query:{"USER_NAME":"abe"}
7/14/2017 2:16:42 27: BEGIN PKREQUESTMANAGER.CALLQUERY(27,'CLI0000003','abe','{}', '{abe}','{}', :cursor); END;
7/14/2017 2:16:42 27: 1 Object(s) returned... [FETCH]
7/14/2017 2:16:42 27: [object Object]
7/14/2017 2:16:42 27: 6 Object(s) returned... [FETCH]
7/14/2017 2:16:42 27: [object Object],[object Object],[object Object],[object Object],[object Object],[object Object]
7/14/2017 2:16:42 28: LIBQUERY with Callback: 
7/14/2017 2:16:42 28: Path request:/api/labels/
7/14/2017 2:16:42 28: Path header:undefined
7/14/2017 2:16:42 28: Path query:{}
7/14/2017 2:16:42 28: BEGIN PKREQUESTMANAGER.CALLQUERY(28,'LAB0000001','abe','{undefined}', '{undefined}','{HN}', :cursor); END;
7/14/2017 2:16:42 28: 36 Object(s) returned... [FETCH]
7/14/2017 2:16:42 28: [object Object],[object Object],[object Object],[object Object],[object Object],[object Object],[object Object],[object Object],[object Object],[object Object],[object Object],[object Object],[object Object],[object Object],[object Object],[object Object],[object Object],[object Object],[object Object],[object Object],[object Object],[object Object],[object Object],[object Object],[object Object],[object Object],[object Object],[object Object],[object Object],[object Object],[object Object],[object Object],[object Object],[object Object],[object Object],[object Object]
7/14/2017 2:19:2 29: LIBQUERY with Callback: 
7/14/2017 2:19:2 29: Path request:/api/authentification/
7/14/2017 2:19:2 29: Path header:undefined
7/14/2017 2:19:2 29: Path query:{}
7/14/2017 2:19:2 29: BEGIN PKREQUESTMANAGER.CALLQUERY(29,'ADM0000001','abe','{}', '{abe,abe}','{}', :cursor); END;
7/14/2017 2:19:2 29: 1 Object(s) returned... [FETCH]
7/14/2017 2:19:2 29: [object Object]
7/14/2017 2:19:2 30: LIBQUERY with Callback: 
7/14/2017 2:19:2 30: Path request:/api/user/
7/14/2017 2:19:2 30: Path header:undefined
7/14/2017 2:19:2 30: Path query:{"USER_NAME":"abe"}
7/14/2017 2:19:2 30: BEGIN PKREQUESTMANAGER.CALLQUERY(30,'CLI0000002','abe','{}', '{abe}','{}', :cursor); END;
7/14/2017 2:19:2 31: LIBQUERY with Callback: 
7/14/2017 2:19:2 31: Path request:/api/environment/
7/14/2017 2:19:2 31: Path header:undefined
7/14/2017 2:19:2 31: Path query:{"USER_NAME":"abe"}
7/14/2017 2:19:2 31: BEGIN PKREQUESTMANAGER.CALLQUERY(31,'CLI0000003','abe','{}', '{abe}','{}', :cursor); END;
7/14/2017 2:19:2 31: 1 Object(s) returned... [FETCH]
7/14/2017 2:19:2 31: [object Object]
7/14/2017 2:19:2 31: 6 Object(s) returned... [FETCH]
7/14/2017 2:19:2 31: [object Object],[object Object],[object Object],[object Object],[object Object],[object Object]
7/14/2017 2:19:2 32: LIBQUERY with Callback: 
7/14/2017 2:19:2 32: Path request:/api/labels/
7/14/2017 2:19:2 32: Path header:undefined
7/14/2017 2:19:2 32: Path query:{}
7/14/2017 2:19:2 32: BEGIN PKREQUESTMANAGER.CALLQUERY(32,'LAB0000001','abe','{undefined}', '{undefined}','{HN}', :cursor); END;
7/14/2017 2:19:2 32: 36 Object(s) returned... [FETCH]
7/14/2017 2:19:2 32: [object Object],[object Object],[object Object],[object Object],[object Object],[object Object],[object Object],[object Object],[object Object],[object Object],[object Object],[object Object],[object Object],[object Object],[object Object],[object Object],[object Object],[object Object],[object Object],[object Object],[object Object],[object Object],[object Object],[object Object],[object Object],[object Object],[object Object],[object Object],[object Object],[object Object],[object Object],[object Object],[object Object],[object Object],[object Object],[object Object]
7/14/2017 2:23:37 33: LIBQUERY with Callback: 
7/14/2017 2:23:37 33: Path request:/api/authentification/
7/14/2017 2:23:37 33: Path header:undefined
7/14/2017 2:23:37 33: Path query:{}
7/14/2017 2:23:37 33: BEGIN PKREQUESTMANAGER.CALLQUERY(33,'ADM0000001','abe','{}', '{abe,abe}','{}', :cursor); END;
7/14/2017 2:23:37 33: 1 Object(s) returned... [FETCH]
7/14/2017 2:23:37 33: [object Object]
7/14/2017 2:23:37 34: LIBQUERY with Callback: 
7/14/2017 2:23:37 34: Path request:/api/user/
7/14/2017 2:23:37 34: Path header:undefined
7/14/2017 2:23:37 34: Path query:{"USER_NAME":"abe"}
7/14/2017 2:23:37 34: BEGIN PKREQUESTMANAGER.CALLQUERY(34,'CLI0000002','abe','{}', '{abe}','{}', :cursor); END;
7/14/2017 2:23:37 35: LIBQUERY with Callback: 
7/14/2017 2:23:37 35: Path request:/api/environment/
7/14/2017 2:23:37 35: Path header:undefined
7/14/2017 2:23:37 35: Path query:{"USER_NAME":"abe"}
7/14/2017 2:23:37 35: BEGIN PKREQUESTMANAGER.CALLQUERY(35,'CLI0000003','abe','{}', '{abe}','{}', :cursor); END;
7/14/2017 2:23:37 35: 1 Object(s) returned... [FETCH]
7/14/2017 2:23:37 35: [object Object]
7/14/2017 2:23:37 35: 6 Object(s) returned... [FETCH]
7/14/2017 2:23:37 35: [object Object],[object Object],[object Object],[object Object],[object Object],[object Object]
7/14/2017 2:23:37 36: LIBQUERY with Callback: 
7/14/2017 2:23:37 36: Path request:/api/labels/
7/14/2017 2:23:37 36: Path header:undefined
7/14/2017 2:23:37 36: Path query:{}
7/14/2017 2:23:37 36: BEGIN PKREQUESTMANAGER.CALLQUERY(36,'LAB0000001','abe','{undefined}', '{undefined}','{}', :cursor); END;
7/14/2017 2:23:37 36: 36 Object(s) returned... [FETCH]
7/14/2017 2:23:37 36: [object Object],[object Object],[object Object],[object Object],[object Object],[object Object],[object Object],[object Object],[object Object],[object Object],[object Object],[object Object],[object Object],[object Object],[object Object],[object Object],[object Object],[object Object],[object Object],[object Object],[object Object],[object Object],[object Object],[object Object],[object Object],[object Object],[object Object],[object Object],[object Object],[object Object],[object Object],[object Object],[object Object],[object Object],[object Object],[object Object]
7/14/2017 2:25:34 37: LIBQUERY with Callback: 
7/14/2017 2:25:34 37: Path request:/api/authentification/
7/14/2017 2:25:34 37: Path header:undefined
7/14/2017 2:25:34 37: Path query:{}
7/14/2017 2:25:34 37: BEGIN PKREQUESTMANAGER.CALLQUERY(37,'ADM0000001','abe','{}', '{abe,abe}','{}', :cursor); END;
7/14/2017 2:25:35 37: 1 Object(s) returned... [FETCH]
7/14/2017 2:25:35 37: [object Object]
7/14/2017 2:25:35 38: LIBQUERY with Callback: 
7/14/2017 2:25:35 38: Path request:/api/user/
7/14/2017 2:25:35 38: Path header:undefined
7/14/2017 2:25:35 38: Path query:{"USER_NAME":"abe"}
7/14/2017 2:25:35 38: BEGIN PKREQUESTMANAGER.CALLQUERY(38,'CLI0000002','abe','{}', '{abe}','{}', :cursor); END;
7/14/2017 2:25:35 39: LIBQUERY with Callback: 
7/14/2017 2:25:35 39: Path request:/api/environment/
7/14/2017 2:25:35 39: Path header:undefined
7/14/2017 2:25:35 39: Path query:{"USER_NAME":"abe"}
7/14/2017 2:25:35 39: BEGIN PKREQUESTMANAGER.CALLQUERY(39,'CLI0000003','abe','{}', '{abe}','{}', :cursor); END;
7/14/2017 2:25:35 39: 1 Object(s) returned... [FETCH]
7/14/2017 2:25:35 39: [object Object]
7/14/2017 2:25:35 39: 6 Object(s) returned... [FETCH]
7/14/2017 2:25:35 39: [object Object],[object Object],[object Object],[object Object],[object Object],[object Object]
7/14/2017 2:25:35 40: LIBQUERY with Callback: 
7/14/2017 2:25:35 40: Path request:/api/labels/
7/14/2017 2:25:35 40: Path header:undefined
7/14/2017 2:25:35 40: Path query:{}
7/14/2017 2:25:35 40: BEGIN PKREQUESTMANAGER.CALLQUERY(40,'LAB0000001','abe','{undefined}', '{undefined}','{HN}', :cursor); END;
7/14/2017 2:25:35 40: 36 Object(s) returned... [FETCH]
7/14/2017 2:25:35 40: [object Object],[object Object],[object Object],[object Object],[object Object],[object Object],[object Object],[object Object],[object Object],[object Object],[object Object],[object Object],[object Object],[object Object],[object Object],[object Object],[object Object],[object Object],[object Object],[object Object],[object Object],[object Object],[object Object],[object Object],[object Object],[object Object],[object Object],[object Object],[object Object],[object Object],[object Object],[object Object],[object Object],[object Object],[object Object],[object Object]
7/14/2017 2:26:20 41: LIBQUERY with Callback: 
7/14/2017 2:26:20 41: Path request:/api/authentification/
7/14/2017 2:26:20 41: Path header:undefined
7/14/2017 2:26:20 41: Path query:{}
7/14/2017 2:26:20 41: BEGIN PKREQUESTMANAGER.CALLQUERY(41,'ADM0000001','abe','{}', '{abe,abe}','{}', :cursor); END;
7/14/2017 2:26:20 41: 1 Object(s) returned... [FETCH]
7/14/2017 2:26:20 41: [object Object]
7/14/2017 2:26:20 42: LIBQUERY with Callback: 
7/14/2017 2:26:20 42: Path request:/api/user/
7/14/2017 2:26:20 42: Path header:undefined
7/14/2017 2:26:20 42: Path query:{"USER_NAME":"abe"}
7/14/2017 2:26:20 42: BEGIN PKREQUESTMANAGER.CALLQUERY(42,'CLI0000002','abe','{}', '{abe}','{}', :cursor); END;
7/14/2017 2:26:20 43: LIBQUERY with Callback: 
7/14/2017 2:26:20 43: Path request:/api/environment/
7/14/2017 2:26:20 43: Path header:undefined
7/14/2017 2:26:20 43: Path query:{"USER_NAME":"abe"}
7/14/2017 2:26:20 43: BEGIN PKREQUESTMANAGER.CALLQUERY(43,'CLI0000003','abe','{}', '{abe}','{}', :cursor); END;
7/14/2017 2:26:20 43: 1 Object(s) returned... [FETCH]
7/14/2017 2:26:20 43: [object Object]
7/14/2017 2:26:20 43: 6 Object(s) returned... [FETCH]
7/14/2017 2:26:20 43: [object Object],[object Object],[object Object],[object Object],[object Object],[object Object]
7/14/2017 2:26:21 44: LIBQUERY with Callback: 
7/14/2017 2:26:21 44: Path request:/api/labels/
7/14/2017 2:26:21 44: Path header:undefined
7/14/2017 2:26:21 44: Path query:{}
7/14/2017 2:26:21 44: BEGIN PKREQUESTMANAGER.CALLQUERY(44,'LAB0000001','abe','{undefined}', '{undefined}','{HN}', :cursor); END;
7/14/2017 2:26:21 44: 36 Object(s) returned... [FETCH]
7/14/2017 2:26:21 44: [object Object],[object Object],[object Object],[object Object],[object Object],[object Object],[object Object],[object Object],[object Object],[object Object],[object Object],[object Object],[object Object],[object Object],[object Object],[object Object],[object Object],[object Object],[object Object],[object Object],[object Object],[object Object],[object Object],[object Object],[object Object],[object Object],[object Object],[object Object],[object Object],[object Object],[object Object],[object Object],[object Object],[object Object],[object Object],[object Object]
7/14/2017 2:28:21 45: LIBQUERY with Callback: 
7/14/2017 2:28:21 45: Path request:/api/authentification/
7/14/2017 2:28:21 45: Path header:undefined
7/14/2017 2:28:21 45: Path query:{}
7/14/2017 2:28:21 45: BEGIN PKREQUESTMANAGER.CALLQUERY(45,'ADM0000001','abe','{}', '{abe,abe}','{}', :cursor); END;
7/14/2017 2:28:21 45: 1 Object(s) returned... [FETCH]
7/14/2017 2:28:21 45: [object Object]
7/14/2017 2:28:21 46: LIBQUERY with Callback: 
7/14/2017 2:28:21 46: Path request:/api/user/
7/14/2017 2:28:21 46: Path header:undefined
7/14/2017 2:28:21 46: Path query:{"USER_NAME":"abe"}
7/14/2017 2:28:21 46: BEGIN PKREQUESTMANAGER.CALLQUERY(46,'CLI0000002','abe','{}', '{abe}','{}', :cursor); END;
7/14/2017 2:28:21 47: LIBQUERY with Callback: 
7/14/2017 2:28:21 47: Path request:/api/environment/
7/14/2017 2:28:21 47: Path header:undefined
7/14/2017 2:28:21 47: Path query:{"USER_NAME":"abe"}
7/14/2017 2:28:21 47: BEGIN PKREQUESTMANAGER.CALLQUERY(47,'CLI0000003','abe','{}', '{abe}','{}', :cursor); END;
7/14/2017 2:28:21 47: 1 Object(s) returned... [FETCH]
7/14/2017 2:28:21 47: [object Object]
7/14/2017 2:28:21 47: 6 Object(s) returned... [FETCH]
7/14/2017 2:28:21 47: [object Object],[object Object],[object Object],[object Object],[object Object],[object Object]
7/14/2017 2:28:22 48: LIBQUERY with Callback: 
7/14/2017 2:28:22 48: Path request:/api/labels/
7/14/2017 2:28:22 48: Path header:undefined
7/14/2017 2:28:22 48: Path query:{}
7/14/2017 2:28:22 48: BEGIN PKREQUESTMANAGER.CALLQUERY(48,'LAB0000001','abe','{undefined}', '{undefined}','{}', :cursor); END;
7/14/2017 2:28:22 48: 36 Object(s) returned... [FETCH]
7/14/2017 2:28:22 48: [object Object],[object Object],[object Object],[object Object],[object Object],[object Object],[object Object],[object Object],[object Object],[object Object],[object Object],[object Object],[object Object],[object Object],[object Object],[object Object],[object Object],[object Object],[object Object],[object Object],[object Object],[object Object],[object Object],[object Object],[object Object],[object Object],[object Object],[object Object],[object Object],[object Object],[object Object],[object Object],[object Object],[object Object],[object Object],[object Object]
7/14/2017 2:29:48 49: LIBQUERY with Callback: 
7/14/2017 2:29:48 49: Path request:/api/authentification/
7/14/2017 2:29:48 49: Path header:undefined
7/14/2017 2:29:48 49: Path query:{}
7/14/2017 2:29:48 49: BEGIN PKREQUESTMANAGER.CALLQUERY(49,'ADM0000001','abe','{}', '{abe,abe}','{}', :cursor); END;
7/14/2017 2:29:48 49: 1 Object(s) returned... [FETCH]
7/14/2017 2:29:48 49: [object Object]
7/14/2017 2:29:48 50: LIBQUERY with Callback: 
7/14/2017 2:29:48 50: Path request:/api/user/
7/14/2017 2:29:48 50: Path header:undefined
7/14/2017 2:29:48 50: Path query:{"USER_NAME":"abe"}
7/14/2017 2:29:48 50: BEGIN PKREQUESTMANAGER.CALLQUERY(50,'CLI0000002','abe','{}', '{abe}','{}', :cursor); END;
7/14/2017 2:29:48 51: LIBQUERY with Callback: 
7/14/2017 2:29:48 51: Path request:/api/environment/
7/14/2017 2:29:48 51: Path header:undefined
7/14/2017 2:29:48 51: Path query:{"USER_NAME":"abe"}
7/14/2017 2:29:48 51: BEGIN PKREQUESTMANAGER.CALLQUERY(51,'CLI0000003','abe','{}', '{abe}','{}', :cursor); END;
7/14/2017 2:29:48 51: 1 Object(s) returned... [FETCH]
7/14/2017 2:29:48 51: [object Object]
7/14/2017 2:29:48 51: 6 Object(s) returned... [FETCH]
7/14/2017 2:29:48 51: [object Object],[object Object],[object Object],[object Object],[object Object],[object Object]
7/14/2017 2:29:48 52: LIBQUERY with Callback: 
7/14/2017 2:29:48 52: Path request:/api/labels/
7/14/2017 2:29:48 52: Path header:undefined
7/14/2017 2:29:48 52: Path query:{}
7/14/2017 2:29:48 52: BEGIN PKREQUESTMANAGER.CALLQUERY(52,'LAB0000001','abe','{undefined}', '{undefined}','{HN}', :cursor); END;
7/14/2017 2:29:48 52: 36 Object(s) returned... [FETCH]
7/14/2017 2:29:48 52: [object Object],[object Object],[object Object],[object Object],[object Object],[object Object],[object Object],[object Object],[object Object],[object Object],[object Object],[object Object],[object Object],[object Object],[object Object],[object Object],[object Object],[object Object],[object Object],[object Object],[object Object],[object Object],[object Object],[object Object],[object Object],[object Object],[object Object],[object Object],[object Object],[object Object],[object Object],[object Object],[object Object],[object Object],[object Object],[object Object]
7/14/2017 2:30:24 1: LIBQUERY with Callback: 
7/14/2017 2:30:24 1: Path request:/api/authentification/
7/14/2017 2:30:24 1: Path header:undefined
7/14/2017 2:30:24 1: Path query:{}
7/14/2017 2:30:24 1: BEGIN PKREQUESTMANAGER.CALLQUERY(1,'ADM0000001','abe','{}', '{abe,abe}','{}', :cursor); END;
7/14/2017 2:30:24 1: 1 Object(s) returned... [FETCH]
7/14/2017 2:30:24 1: [object Object]
7/14/2017 2:30:24 2: LIBQUERY with Callback: 
7/14/2017 2:30:24 2: Path request:/api/user/
7/14/2017 2:30:24 2: Path header:undefined
7/14/2017 2:30:24 2: Path query:{"USER_NAME":"abe"}
7/14/2017 2:30:24 2: BEGIN PKREQUESTMANAGER.CALLQUERY(2,'CLI0000002','abe','{}', '{abe}','{}', :cursor); END;
7/14/2017 2:30:24 3: LIBQUERY with Callback: 
7/14/2017 2:30:24 3: Path request:/api/environment/
7/14/2017 2:30:24 3: Path header:undefined
7/14/2017 2:30:24 3: Path query:{"USER_NAME":"abe"}
7/14/2017 2:30:24 3: BEGIN PKREQUESTMANAGER.CALLQUERY(3,'CLI0000003','abe','{}', '{abe}','{}', :cursor); END;
7/14/2017 2:30:25 3: 1 Object(s) returned... [FETCH]
7/14/2017 2:30:25 3: [object Object]
7/14/2017 2:30:25 3: 6 Object(s) returned... [FETCH]
7/14/2017 2:30:25 3: [object Object],[object Object],[object Object],[object Object],[object Object],[object Object]
7/14/2017 2:30:25 4: LIBQUERY with Callback: 
7/14/2017 2:30:25 4: Path request:/api/labels/
7/14/2017 2:30:25 4: Path header:undefined
7/14/2017 2:30:25 4: Path query:{}
7/14/2017 2:30:25 4: BEGIN PKREQUESTMANAGER.CALLQUERY(4,'LAB0000001','abe','{undefined}', '{undefined}','{}', :cursor); END;
7/14/2017 2:30:25 4: 36 Object(s) returned... [FETCH]
7/14/2017 2:30:25 4: [object Object],[object Object],[object Object],[object Object],[object Object],[object Object],[object Object],[object Object],[object Object],[object Object],[object Object],[object Object],[object Object],[object Object],[object Object],[object Object],[object Object],[object Object],[object Object],[object Object],[object Object],[object Object],[object Object],[object Object],[object Object],[object Object],[object Object],[object Object],[object Object],[object Object],[object Object],[object Object],[object Object],[object Object],[object Object],[object Object]
7/14/2017 2:31:44 5: LIBQUERY with Callback: 
7/14/2017 2:31:44 5: Path request:/api/authentification/
7/14/2017 2:31:44 5: Path header:undefined
7/14/2017 2:31:44 5: Path query:{}
7/14/2017 2:31:44 5: BEGIN PKREQUESTMANAGER.CALLQUERY(5,'ADM0000001','abe','{}', '{abe,abe}','{}', :cursor); END;
7/14/2017 2:31:44 5: 1 Object(s) returned... [FETCH]
7/14/2017 2:31:44 5: [object Object]
7/14/2017 2:31:44 6: LIBQUERY with Callback: 
7/14/2017 2:31:44 6: Path request:/api/user/
7/14/2017 2:31:44 6: Path header:undefined
7/14/2017 2:31:44 6: Path query:{"USER_NAME":"abe"}
7/14/2017 2:31:44 6: BEGIN PKREQUESTMANAGER.CALLQUERY(6,'CLI0000002','abe','{}', '{abe}','{}', :cursor); END;
7/14/2017 2:31:44 7: LIBQUERY with Callback: 
7/14/2017 2:31:44 7: Path request:/api/environment/
7/14/2017 2:31:44 7: Path header:undefined
7/14/2017 2:31:44 7: Path query:{"USER_NAME":"abe"}
7/14/2017 2:31:44 7: BEGIN PKREQUESTMANAGER.CALLQUERY(7,'CLI0000003','abe','{}', '{abe}','{}', :cursor); END;
7/14/2017 2:31:44 7: 1 Object(s) returned... [FETCH]
7/14/2017 2:31:44 7: [object Object]
7/14/2017 2:31:44 7: 6 Object(s) returned... [FETCH]
7/14/2017 2:31:44 7: [object Object],[object Object],[object Object],[object Object],[object Object],[object Object]
7/14/2017 2:31:44 8: LIBQUERY with Callback: 
7/14/2017 2:31:44 8: Path request:/api/labels/
7/14/2017 2:31:44 8: Path header:undefined
7/14/2017 2:31:44 8: Path query:{}
7/14/2017 2:31:44 8: BEGIN PKREQUESTMANAGER.CALLQUERY(8,'LAB0000001','abe','{undefined}', '{undefined}','{}', :cursor); END;
7/14/2017 2:31:45 8: 36 Object(s) returned... [FETCH]
7/14/2017 2:31:45 8: [object Object],[object Object],[object Object],[object Object],[object Object],[object Object],[object Object],[object Object],[object Object],[object Object],[object Object],[object Object],[object Object],[object Object],[object Object],[object Object],[object Object],[object Object],[object Object],[object Object],[object Object],[object Object],[object Object],[object Object],[object Object],[object Object],[object Object],[object Object],[object Object],[object Object],[object Object],[object Object],[object Object],[object Object],[object Object],[object Object]
7/14/2017 2:32:23 9: LIBQUERY with Callback: 
7/14/2017 2:32:23 9: Path request:/api/authentification/
7/14/2017 2:32:23 9: Path header:undefined
7/14/2017 2:32:23 9: Path query:{}
7/14/2017 2:32:23 9: BEGIN PKREQUESTMANAGER.CALLQUERY(9,'ADM0000001','abe','{}', '{abe,abe}','{}', :cursor); END;
7/14/2017 2:32:23 9: 1 Object(s) returned... [FETCH]
7/14/2017 2:32:23 9: [object Object]
7/14/2017 2:32:23 10: LIBQUERY with Callback: 
7/14/2017 2:32:23 10: Path request:/api/user/
7/14/2017 2:32:23 10: Path header:undefined
7/14/2017 2:32:23 10: Path query:{"USER_NAME":"abe"}
7/14/2017 2:32:23 10: BEGIN PKREQUESTMANAGER.CALLQUERY(10,'CLI0000002','abe','{}', '{abe}','{}', :cursor); END;
7/14/2017 2:32:23 11: LIBQUERY with Callback: 
7/14/2017 2:32:23 11: Path request:/api/environment/
7/14/2017 2:32:23 11: Path header:undefined
7/14/2017 2:32:23 11: Path query:{"USER_NAME":"abe"}
7/14/2017 2:32:23 11: BEGIN PKREQUESTMANAGER.CALLQUERY(11,'CLI0000003','abe','{}', '{abe}','{}', :cursor); END;
7/14/2017 2:32:23 11: 1 Object(s) returned... [FETCH]
7/14/2017 2:32:23 11: [object Object]
7/14/2017 2:32:23 11: 6 Object(s) returned... [FETCH]
7/14/2017 2:32:23 11: [object Object],[object Object],[object Object],[object Object],[object Object],[object Object]
7/14/2017 2:32:23 12: LIBQUERY with Callback: 
7/14/2017 2:32:23 12: Path request:/api/labels/
7/14/2017 2:32:23 12: Path header:undefined
7/14/2017 2:32:23 12: Path query:{}
7/14/2017 2:32:23 12: BEGIN PKREQUESTMANAGER.CALLQUERY(12,'LAB0000001','abe','{undefined}', '{undefined}','{}', :cursor); END;
7/14/2017 2:32:23 12: 36 Object(s) returned... [FETCH]
7/14/2017 2:32:23 12: [object Object],[object Object],[object Object],[object Object],[object Object],[object Object],[object Object],[object Object],[object Object],[object Object],[object Object],[object Object],[object Object],[object Object],[object Object],[object Object],[object Object],[object Object],[object Object],[object Object],[object Object],[object Object],[object Object],[object Object],[object Object],[object Object],[object Object],[object Object],[object Object],[object Object],[object Object],[object Object],[object Object],[object Object],[object Object],[object Object]
7/14/2017 2:33:39 13: LIBQUERY with Callback: 
7/14/2017 2:33:39 13: Path request:/api/authentification/
7/14/2017 2:33:39 13: Path header:undefined
7/14/2017 2:33:39 13: Path query:{}
7/14/2017 2:33:39 13: BEGIN PKREQUESTMANAGER.CALLQUERY(13,'ADM0000001','abe','{}', '{abe,abe}','{}', :cursor); END;
7/14/2017 2:33:39 13: 1 Object(s) returned... [FETCH]
7/14/2017 2:33:39 13: [object Object]
7/14/2017 2:33:39 14: LIBQUERY with Callback: 
7/14/2017 2:33:39 14: Path request:/api/user/
7/14/2017 2:33:39 14: Path header:undefined
7/14/2017 2:33:39 14: Path query:{"USER_NAME":"abe"}
7/14/2017 2:33:39 14: BEGIN PKREQUESTMANAGER.CALLQUERY(14,'CLI0000002','abe','{}', '{abe}','{}', :cursor); END;
7/14/2017 2:33:39 15: LIBQUERY with Callback: 
7/14/2017 2:33:39 15: Path request:/api/environment/
7/14/2017 2:33:39 15: Path header:undefined
7/14/2017 2:33:39 15: Path query:{"USER_NAME":"abe"}
7/14/2017 2:33:39 15: BEGIN PKREQUESTMANAGER.CALLQUERY(15,'CLI0000003','abe','{}', '{abe}','{}', :cursor); END;
7/14/2017 2:33:39 15: 1 Object(s) returned... [FETCH]
7/14/2017 2:33:39 15: [object Object]
7/14/2017 2:33:39 15: 6 Object(s) returned... [FETCH]
7/14/2017 2:33:39 15: [object Object],[object Object],[object Object],[object Object],[object Object],[object Object]
7/14/2017 2:33:39 16: LIBQUERY with Callback: 
7/14/2017 2:33:39 16: Path request:/api/labels/
7/14/2017 2:33:39 16: Path header:undefined
7/14/2017 2:33:39 16: Path query:{}
7/14/2017 2:33:39 16: BEGIN PKREQUESTMANAGER.CALLQUERY(16,'LAB0000001','abe','{undefined}', '{undefined}','{}', :cursor); END;
7/14/2017 2:33:39 16: 36 Object(s) returned... [FETCH]
7/14/2017 2:33:39 16: [object Object],[object Object],[object Object],[object Object],[object Object],[object Object],[object Object],[object Object],[object Object],[object Object],[object Object],[object Object],[object Object],[object Object],[object Object],[object Object],[object Object],[object Object],[object Object],[object Object],[object Object],[object Object],[object Object],[object Object],[object Object],[object Object],[object Object],[object Object],[object Object],[object Object],[object Object],[object Object],[object Object],[object Object],[object Object],[object Object]
7/14/2017 2:35:10 17: LIBQUERY with Callback: 
7/14/2017 2:35:10 17: Path request:/api/authentification/
7/14/2017 2:35:10 17: Path header:undefined
7/14/2017 2:35:10 17: Path query:{}
7/14/2017 2:35:10 17: BEGIN PKREQUESTMANAGER.CALLQUERY(17,'ADM0000001','abe','{}', '{abe,abe}','{}', :cursor); END;
7/14/2017 2:35:10 17: 1 Object(s) returned... [FETCH]
7/14/2017 2:35:10 17: [object Object]
7/14/2017 2:35:10 18: LIBQUERY with Callback: 
7/14/2017 2:35:10 18: Path request:/api/user/
7/14/2017 2:35:10 18: Path header:undefined
7/14/2017 2:35:10 18: Path query:{"USER_NAME":"abe"}
7/14/2017 2:35:10 18: BEGIN PKREQUESTMANAGER.CALLQUERY(18,'CLI0000002','abe','{}', '{abe}','{}', :cursor); END;
7/14/2017 2:35:10 19: LIBQUERY with Callback: 
7/14/2017 2:35:10 19: Path request:/api/environment/
7/14/2017 2:35:10 19: Path header:undefined
7/14/2017 2:35:10 19: Path query:{"USER_NAME":"abe"}
7/14/2017 2:35:10 19: BEGIN PKREQUESTMANAGER.CALLQUERY(19,'CLI0000003','abe','{}', '{abe}','{}', :cursor); END;
7/14/2017 2:35:10 19: 1 Object(s) returned... [FETCH]
7/14/2017 2:35:10 19: [object Object]
7/14/2017 2:35:10 19: 6 Object(s) returned... [FETCH]
7/14/2017 2:35:10 19: [object Object],[object Object],[object Object],[object Object],[object Object],[object Object]
7/14/2017 2:35:10 20: LIBQUERY with Callback: 
7/14/2017 2:35:10 20: Path request:/api/labels/
7/14/2017 2:35:10 20: Path header:undefined
7/14/2017 2:35:10 20: Path query:{}
7/14/2017 2:35:10 20: BEGIN PKREQUESTMANAGER.CALLQUERY(20,'LAB0000001','abe','{undefined}', '{undefined}','{}', :cursor); END;
7/14/2017 2:35:10 20: 36 Object(s) returned... [FETCH]
7/14/2017 2:35:10 20: [object Object],[object Object],[object Object],[object Object],[object Object],[object Object],[object Object],[object Object],[object Object],[object Object],[object Object],[object Object],[object Object],[object Object],[object Object],[object Object],[object Object],[object Object],[object Object],[object Object],[object Object],[object Object],[object Object],[object Object],[object Object],[object Object],[object Object],[object Object],[object Object],[object Object],[object Object],[object Object],[object Object],[object Object],[object Object],[object Object]
7/14/2017 2:36:28 21: LIBQUERY with Callback: 
7/14/2017 2:36:28 21: Path request:/api/authentification/
7/14/2017 2:36:28 21: Path header:undefined
7/14/2017 2:36:28 21: Path query:{}
7/14/2017 2:36:28 21: BEGIN PKREQUESTMANAGER.CALLQUERY(21,'ADM0000001','abe','{}', '{abe,abe}','{}', :cursor); END;
7/14/2017 2:36:28 21: 1 Object(s) returned... [FETCH]
7/14/2017 2:36:28 21: [object Object]
7/14/2017 2:36:28 22: LIBQUERY with Callback: 
7/14/2017 2:36:28 22: Path request:/api/user/
7/14/2017 2:36:28 22: Path header:undefined
7/14/2017 2:36:28 22: Path query:{"USER_NAME":"abe"}
7/14/2017 2:36:28 22: BEGIN PKREQUESTMANAGER.CALLQUERY(22,'CLI0000002','abe','{}', '{abe}','{}', :cursor); END;
7/14/2017 2:36:28 23: LIBQUERY with Callback: 
7/14/2017 2:36:28 23: Path request:/api/environment/
7/14/2017 2:36:28 23: Path header:undefined
7/14/2017 2:36:28 23: Path query:{"USER_NAME":"abe"}
7/14/2017 2:36:28 23: BEGIN PKREQUESTMANAGER.CALLQUERY(23,'CLI0000003','abe','{}', '{abe}','{}', :cursor); END;
7/14/2017 2:36:28 23: 1 Object(s) returned... [FETCH]
7/14/2017 2:36:28 23: [object Object]
7/14/2017 2:36:28 23: 6 Object(s) returned... [FETCH]
7/14/2017 2:36:28 23: [object Object],[object Object],[object Object],[object Object],[object Object],[object Object]
7/14/2017 2:36:28 24: LIBQUERY with Callback: 
7/14/2017 2:36:28 24: Path request:/api/labels/
7/14/2017 2:36:28 24: Path header:undefined
7/14/2017 2:36:28 24: Path query:{}
7/14/2017 2:36:28 24: BEGIN PKREQUESTMANAGER.CALLQUERY(24,'LAB0000001','abe','{undefined}', '{undefined}','{HN}', :cursor); END;
7/14/2017 2:36:28 24: 36 Object(s) returned... [FETCH]
7/14/2017 2:36:28 24: [object Object],[object Object],[object Object],[object Object],[object Object],[object Object],[object Object],[object Object],[object Object],[object Object],[object Object],[object Object],[object Object],[object Object],[object Object],[object Object],[object Object],[object Object],[object Object],[object Object],[object Object],[object Object],[object Object],[object Object],[object Object],[object Object],[object Object],[object Object],[object Object],[object Object],[object Object],[object Object],[object Object],[object Object],[object Object],[object Object]
7/14/2017 3:9:34 25: LIBQUERY with Callback: 
7/14/2017 3:9:34 25: Path request:/api/authentification/
7/14/2017 3:9:34 25: Path header:undefined
7/14/2017 3:9:34 25: Path query:{}
7/14/2017 3:9:34 25: BEGIN PKREQUESTMANAGER.CALLQUERY(25,'ADM0000001','abe','{}', '{abe,abe}','{}', :cursor); END;
7/14/2017 3:9:34 25: 1 Object(s) returned... [FETCH]
7/14/2017 3:9:34 25: [object Object]
7/14/2017 3:9:34 26: LIBQUERY with Callback: 
7/14/2017 3:9:34 26: Path request:/api/user/
7/14/2017 3:9:34 26: Path header:undefined
7/14/2017 3:9:34 26: Path query:{"USER_NAME":"abe"}
7/14/2017 3:9:34 26: BEGIN PKREQUESTMANAGER.CALLQUERY(26,'CLI0000002','abe','{}', '{abe}','{}', :cursor); END;
7/14/2017 3:9:34 27: LIBQUERY with Callback: 
7/14/2017 3:9:34 27: Path request:/api/environment/
7/14/2017 3:9:34 27: Path header:undefined
7/14/2017 3:9:34 27: Path query:{"USER_NAME":"abe"}
7/14/2017 3:9:34 27: BEGIN PKREQUESTMANAGER.CALLQUERY(27,'CLI0000003','abe','{}', '{abe}','{}', :cursor); END;
7/14/2017 3:9:34 27: 1 Object(s) returned... [FETCH]
7/14/2017 3:9:34 27: [object Object]
7/14/2017 3:9:34 27: 6 Object(s) returned... [FETCH]
7/14/2017 3:9:34 27: [object Object],[object Object],[object Object],[object Object],[object Object],[object Object]
7/14/2017 3:9:34 28: LIBQUERY with Callback: 
7/14/2017 3:9:34 28: Path request:/api/labels/
7/14/2017 3:9:34 28: Path header:undefined
7/14/2017 3:9:34 28: Path query:{}
7/14/2017 3:9:34 28: BEGIN PKREQUESTMANAGER.CALLQUERY(28,'LAB0000001','abe','{undefined}', '{undefined}','{}', :cursor); END;
7/14/2017 3:9:34 28: 36 Object(s) returned... [FETCH]
7/14/2017 3:9:34 28: [object Object],[object Object],[object Object],[object Object],[object Object],[object Object],[object Object],[object Object],[object Object],[object Object],[object Object],[object Object],[object Object],[object Object],[object Object],[object Object],[object Object],[object Object],[object Object],[object Object],[object Object],[object Object],[object Object],[object Object],[object Object],[object Object],[object Object],[object Object],[object Object],[object Object],[object Object],[object Object],[object Object],[object Object],[object Object],[object Object]
7/14/2017 3:28:24 29: LIBQUERY with Callback: 
7/14/2017 3:28:24 29: Path request:/api/authentification/
7/14/2017 3:28:24 29: Path header:undefined
7/14/2017 3:28:24 29: Path query:{}
7/14/2017 3:28:24 29: BEGIN PKREQUESTMANAGER.CALLQUERY(29,'ADM0000001','abe','{}', '{abe,abe}','{}', :cursor); END;
7/14/2017 3:28:24 29: 1 Object(s) returned... [FETCH]
7/14/2017 3:28:24 29: [object Object]
7/14/2017 3:28:24 30: LIBQUERY with Callback: 
7/14/2017 3:28:24 30: Path request:/api/user/
7/14/2017 3:28:24 30: Path header:undefined
7/14/2017 3:28:24 30: Path query:{"USER_NAME":"abe"}
7/14/2017 3:28:24 30: BEGIN PKREQUESTMANAGER.CALLQUERY(30,'CLI0000002','abe','{}', '{abe}','{}', :cursor); END;
7/14/2017 3:28:24 31: LIBQUERY with Callback: 
7/14/2017 3:28:24 31: Path request:/api/environment/
7/14/2017 3:28:24 31: Path header:undefined
7/14/2017 3:28:24 31: Path query:{"USER_NAME":"abe"}
7/14/2017 3:28:24 31: BEGIN PKREQUESTMANAGER.CALLQUERY(31,'CLI0000003','abe','{}', '{abe}','{}', :cursor); END;
7/14/2017 3:28:24 31: 1 Object(s) returned... [FETCH]
7/14/2017 3:28:24 31: [object Object]
7/14/2017 3:28:24 31: 6 Object(s) returned... [FETCH]
7/14/2017 3:28:24 31: [object Object],[object Object],[object Object],[object Object],[object Object],[object Object]
7/14/2017 3:28:24 32: LIBQUERY with Callback: 
7/14/2017 3:28:24 32: Path request:/api/labels/
7/14/2017 3:28:24 32: Path header:undefined
7/14/2017 3:28:24 32: Path query:{}
7/14/2017 3:28:24 32: BEGIN PKREQUESTMANAGER.CALLQUERY(32,'LAB0000001','abe','{undefined}', '{undefined}','{}', :cursor); END;
7/14/2017 3:28:24 32: 36 Object(s) returned... [FETCH]
7/14/2017 3:28:24 32: [object Object],[object Object],[object Object],[object Object],[object Object],[object Object],[object Object],[object Object],[object Object],[object Object],[object Object],[object Object],[object Object],[object Object],[object Object],[object Object],[object Object],[object Object],[object Object],[object Object],[object Object],[object Object],[object Object],[object Object],[object Object],[object Object],[object Object],[object Object],[object Object],[object Object],[object Object],[object Object],[object Object],[object Object],[object Object],[object Object]
7/14/2017 4:47:49 33: LIBQUERY with Callback: 
7/14/2017 4:47:49 33: Path request:/api/authentification/
7/14/2017 4:47:49 33: Path header:undefined
7/14/2017 4:47:49 33: Path query:{}
7/14/2017 4:47:49 33: BEGIN PKREQUESTMANAGER.CALLQUERY(33,'ADM0000001','abe','{}', '{abe,abe}','{}', :cursor); END;
7/14/2017 4:47:49 33: 1 Object(s) returned... [FETCH]
7/14/2017 4:47:49 33: [object Object]
7/14/2017 4:47:49 34: LIBQUERY with Callback: 
7/14/2017 4:47:49 34: Path request:/api/user/
7/14/2017 4:47:49 34: Path header:undefined
7/14/2017 4:47:49 34: Path query:{"USER_NAME":"abe"}
7/14/2017 4:47:49 34: BEGIN PKREQUESTMANAGER.CALLQUERY(34,'CLI0000002','abe','{}', '{abe}','{}', :cursor); END;
7/14/2017 4:47:49 35: LIBQUERY with Callback: 
7/14/2017 4:47:49 35: Path request:/api/environment/
7/14/2017 4:47:49 35: Path header:undefined
7/14/2017 4:47:49 35: Path query:{"USER_NAME":"abe"}
7/14/2017 4:47:49 35: BEGIN PKREQUESTMANAGER.CALLQUERY(35,'CLI0000003','abe','{}', '{abe}','{}', :cursor); END;
7/14/2017 4:47:49 35: 1 Object(s) returned... [FETCH]
7/14/2017 4:47:49 35: [object Object]
7/14/2017 4:47:49 35: 6 Object(s) returned... [FETCH]
7/14/2017 4:47:49 35: [object Object],[object Object],[object Object],[object Object],[object Object],[object Object]
7/14/2017 4:47:50 36: LIBQUERY with Callback: 
7/14/2017 4:47:50 36: Path request:/api/labels/
7/14/2017 4:47:50 36: Path header:undefined
7/14/2017 4:47:50 36: Path query:{}
7/14/2017 4:47:50 36: BEGIN PKREQUESTMANAGER.CALLQUERY(36,'LAB0000001','abe','{undefined}', '{undefined}','{}', :cursor); END;
7/14/2017 4:47:50 36: 36 Object(s) returned... [FETCH]
7/14/2017 4:47:50 36: [object Object],[object Object],[object Object],[object Object],[object Object],[object Object],[object Object],[object Object],[object Object],[object Object],[object Object],[object Object],[object Object],[object Object],[object Object],[object Object],[object Object],[object Object],[object Object],[object Object],[object Object],[object Object],[object Object],[object Object],[object Object],[object Object],[object Object],[object Object],[object Object],[object Object],[object Object],[object Object],[object Object],[object Object],[object Object],[object Object]
7/14/2017 4:48:45 37: LIBQUERY with Callback: 
7/14/2017 4:48:45 37: Path request:/api/authentification/
7/14/2017 4:48:45 37: Path header:undefined
7/14/2017 4:48:45 37: Path query:{}
7/14/2017 4:48:45 37: BEGIN PKREQUESTMANAGER.CALLQUERY(37,'ADM0000001','abe','{}', '{abe,abe}','{}', :cursor); END;
7/14/2017 4:48:45 37: 1 Object(s) returned... [FETCH]
7/14/2017 4:48:45 37: [object Object]
7/14/2017 4:48:45 38: LIBQUERY with Callback: 
7/14/2017 4:48:45 38: Path request:/api/user/
7/14/2017 4:48:45 38: Path header:undefined
7/14/2017 4:48:45 38: Path query:{"USER_NAME":"abe"}
7/14/2017 4:48:45 38: BEGIN PKREQUESTMANAGER.CALLQUERY(38,'CLI0000002','abe','{}', '{abe}','{}', :cursor); END;
7/14/2017 4:48:45 39: LIBQUERY with Callback: 
7/14/2017 4:48:45 39: Path request:/api/environment/
7/14/2017 4:48:45 39: Path header:undefined
7/14/2017 4:48:45 39: Path query:{"USER_NAME":"abe"}
7/14/2017 4:48:45 39: BEGIN PKREQUESTMANAGER.CALLQUERY(39,'CLI0000003','abe','{}', '{abe}','{}', :cursor); END;
7/14/2017 4:48:45 39: 1 Object(s) returned... [FETCH]
7/14/2017 4:48:45 39: [object Object]
7/14/2017 4:48:45 39: 6 Object(s) returned... [FETCH]
7/14/2017 4:48:45 39: [object Object],[object Object],[object Object],[object Object],[object Object],[object Object]
7/14/2017 4:48:45 40: LIBQUERY with Callback: 
7/14/2017 4:48:45 40: Path request:/api/labels/
7/14/2017 4:48:45 40: Path header:undefined
7/14/2017 4:48:45 40: Path query:{}
7/14/2017 4:48:45 40: BEGIN PKREQUESTMANAGER.CALLQUERY(40,'LAB0000001','abe','{undefined}', '{undefined}','{}', :cursor); END;
7/14/2017 4:48:45 40: 36 Object(s) returned... [FETCH]
7/14/2017 4:48:45 40: [object Object],[object Object],[object Object],[object Object],[object Object],[object Object],[object Object],[object Object],[object Object],[object Object],[object Object],[object Object],[object Object],[object Object],[object Object],[object Object],[object Object],[object Object],[object Object],[object Object],[object Object],[object Object],[object Object],[object Object],[object Object],[object Object],[object Object],[object Object],[object Object],[object Object],[object Object],[object Object],[object Object],[object Object],[object Object],[object Object]
7/14/2017 4:50:22 41: LIBQUERY with Callback: 
7/14/2017 4:50:22 41: Path request:/api/authentification/
7/14/2017 4:50:22 41: Path header:undefined
7/14/2017 4:50:22 41: Path query:{}
7/14/2017 4:50:22 41: BEGIN PKREQUESTMANAGER.CALLQUERY(41,'ADM0000001','abe','{}', '{abe,abe}','{}', :cursor); END;
7/14/2017 4:50:22 41: 1 Object(s) returned... [FETCH]
7/14/2017 4:50:22 41: [object Object]
7/14/2017 4:50:22 42: LIBQUERY with Callback: 
7/14/2017 4:50:22 42: Path request:/api/user/
7/14/2017 4:50:22 42: Path header:undefined
7/14/2017 4:50:22 42: Path query:{"USER_NAME":"abe"}
7/14/2017 4:50:22 42: BEGIN PKREQUESTMANAGER.CALLQUERY(42,'CLI0000002','abe','{}', '{abe}','{}', :cursor); END;
7/14/2017 4:50:22 43: LIBQUERY with Callback: 
7/14/2017 4:50:22 43: Path request:/api/environment/
7/14/2017 4:50:22 43: Path header:undefined
7/14/2017 4:50:22 43: Path query:{"USER_NAME":"abe"}
7/14/2017 4:50:22 43: BEGIN PKREQUESTMANAGER.CALLQUERY(43,'CLI0000003','abe','{}', '{abe}','{}', :cursor); END;
7/14/2017 4:50:22 43: 1 Object(s) returned... [FETCH]
7/14/2017 4:50:22 43: [object Object]
7/14/2017 4:50:22 43: 6 Object(s) returned... [FETCH]
7/14/2017 4:50:22 43: [object Object],[object Object],[object Object],[object Object],[object Object],[object Object]
7/14/2017 4:50:22 44: LIBQUERY with Callback: 
7/14/2017 4:50:22 44: Path request:/api/labels/
7/14/2017 4:50:22 44: Path header:undefined
7/14/2017 4:50:22 44: Path query:{}
7/14/2017 4:50:22 44: BEGIN PKREQUESTMANAGER.CALLQUERY(44,'LAB0000001','abe','{undefined}', '{undefined}','{}', :cursor); END;
7/14/2017 4:50:22 44: 36 Object(s) returned... [FETCH]
7/14/2017 4:50:22 44: [object Object],[object Object],[object Object],[object Object],[object Object],[object Object],[object Object],[object Object],[object Object],[object Object],[object Object],[object Object],[object Object],[object Object],[object Object],[object Object],[object Object],[object Object],[object Object],[object Object],[object Object],[object Object],[object Object],[object Object],[object Object],[object Object],[object Object],[object Object],[object Object],[object Object],[object Object],[object Object],[object Object],[object Object],[object Object],[object Object]
7/14/2017 4:52:29 45: LIBQUERY with Callback: 
7/14/2017 4:52:29 45: Path request:/api/authentification/
7/14/2017 4:52:29 45: Path header:undefined
7/14/2017 4:52:29 45: Path query:{}
7/14/2017 4:52:29 45: BEGIN PKREQUESTMANAGER.CALLQUERY(45,'ADM0000001','abe','{}', '{abe,abe}','{}', :cursor); END;
7/14/2017 4:52:29 45: 1 Object(s) returned... [FETCH]
7/14/2017 4:52:29 45: [object Object]
7/14/2017 4:52:29 46: LIBQUERY with Callback: 
7/14/2017 4:52:29 46: Path request:/api/user/
7/14/2017 4:52:29 46: Path header:undefined
7/14/2017 4:52:29 46: Path query:{"USER_NAME":"abe"}
7/14/2017 4:52:29 46: BEGIN PKREQUESTMANAGER.CALLQUERY(46,'CLI0000002','abe','{}', '{abe}','{}', :cursor); END;
7/14/2017 4:52:29 47: LIBQUERY with Callback: 
7/14/2017 4:52:29 47: Path request:/api/environment/
7/14/2017 4:52:29 47: Path header:undefined
7/14/2017 4:52:29 47: Path query:{"USER_NAME":"abe"}
7/14/2017 4:52:29 47: BEGIN PKREQUESTMANAGER.CALLQUERY(47,'CLI0000003','abe','{}', '{abe}','{}', :cursor); END;
7/14/2017 4:52:30 47: 1 Object(s) returned... [FETCH]
7/14/2017 4:52:30 47: [object Object]
7/14/2017 4:52:30 47: 6 Object(s) returned... [FETCH]
7/14/2017 4:52:30 47: [object Object],[object Object],[object Object],[object Object],[object Object],[object Object]
7/14/2017 4:52:30 48: LIBQUERY with Callback: 
7/14/2017 4:52:30 48: Path request:/api/labels/
7/14/2017 4:52:30 48: Path header:undefined
7/14/2017 4:52:30 48: Path query:{}
7/14/2017 4:52:30 48: BEGIN PKREQUESTMANAGER.CALLQUERY(48,'LAB0000001','abe','{undefined}', '{undefined}','{}', :cursor); END;
7/14/2017 4:52:30 48: 36 Object(s) returned... [FETCH]
7/14/2017 4:52:30 48: [object Object],[object Object],[object Object],[object Object],[object Object],[object Object],[object Object],[object Object],[object Object],[object Object],[object Object],[object Object],[object Object],[object Object],[object Object],[object Object],[object Object],[object Object],[object Object],[object Object],[object Object],[object Object],[object Object],[object Object],[object Object],[object Object],[object Object],[object Object],[object Object],[object Object],[object Object],[object Object],[object Object],[object Object],[object Object],[object Object]
7/14/2017 4:59:29 49: LIBQUERY with Callback: 
7/14/2017 4:59:29 49: Path request:/api/authentification/
7/14/2017 4:59:29 49: Path header:undefined
7/14/2017 4:59:29 49: Path query:{}
7/14/2017 4:59:29 49: BEGIN PKREQUESTMANAGER.CALLQUERY(49,'ADM0000001','abe','{}', '{abe,abe}','{}', :cursor); END;
7/14/2017 4:59:29 49: 1 Object(s) returned... [FETCH]
7/14/2017 4:59:29 49: [object Object]
7/14/2017 4:59:29 50: LIBQUERY with Callback: 
7/14/2017 4:59:29 50: Path request:/api/user/
7/14/2017 4:59:29 50: Path header:undefined
7/14/2017 4:59:29 50: Path query:{"USER_NAME":"abe"}
7/14/2017 4:59:29 50: BEGIN PKREQUESTMANAGER.CALLQUERY(50,'CLI0000002','abe','{}', '{abe}','{}', :cursor); END;
7/14/2017 4:59:29 51: LIBQUERY with Callback: 
7/14/2017 4:59:29 51: Path request:/api/environment/
7/14/2017 4:59:29 51: Path header:undefined
7/14/2017 4:59:29 51: Path query:{"USER_NAME":"abe"}
7/14/2017 4:59:29 51: BEGIN PKREQUESTMANAGER.CALLQUERY(51,'CLI0000003','abe','{}', '{abe}','{}', :cursor); END;
7/14/2017 4:59:29 51: 1 Object(s) returned... [FETCH]
7/14/2017 4:59:29 51: [object Object]
7/14/2017 4:59:29 51: 6 Object(s) returned... [FETCH]
7/14/2017 4:59:29 51: [object Object],[object Object],[object Object],[object Object],[object Object],[object Object]
7/14/2017 4:59:30 52: LIBQUERY with Callback: 
7/14/2017 4:59:30 52: Path request:/api/labels/
7/14/2017 4:59:30 52: Path header:undefined
7/14/2017 4:59:30 52: Path query:{}
7/14/2017 4:59:30 52: BEGIN PKREQUESTMANAGER.CALLQUERY(52,'LAB0000001','abe','{undefined}', '{undefined}','{}', :cursor); END;
7/14/2017 4:59:30 52: 36 Object(s) returned... [FETCH]
7/14/2017 4:59:30 52: [object Object],[object Object],[object Object],[object Object],[object Object],[object Object],[object Object],[object Object],[object Object],[object Object],[object Object],[object Object],[object Object],[object Object],[object Object],[object Object],[object Object],[object Object],[object Object],[object Object],[object Object],[object Object],[object Object],[object Object],[object Object],[object Object],[object Object],[object Object],[object Object],[object Object],[object Object],[object Object],[object Object],[object Object],[object Object],[object Object]
