3/31/2017 8:32:35 1: LIBQUERY with Callback: 
3/31/2017 8:32:35 1: Path request:/api/search/
3/31/2017 8:32:35 1: Path header:undefined
3/31/2017 8:32:35 1: Path query:{"PARAM":["962936"]}
3/31/2017 8:32:35 1: BEGIN PKREQUESTMANAGER.CALLQUERY(1,'CLI0000001','admin','{HEINENS_CEN_UAT}', '{962936}','{HN}', :cursor); END;
3/31/2017 8:32:50 1: 1 Object(s) returned... [FETCH]
3/31/2017 8:32:50 1: [object Object]
3/31/2017 8:50:5 2: LIBQUERY with Callback: 
3/31/2017 8:50:5 2: Path request:/api/user/
3/31/2017 8:50:5 2: Path header:undefined
3/31/2017 8:50:5 2: Path query:{"USER_NAME":"admin"}
3/31/2017 8:50:5 2: BEGIN PKREQUESTMANAGER.CALLQUERY(2,'CLI0000002','admin','{}', '{admin}','{}', :cursor); END;
3/31/2017 8:50:5 3: LIBQUERY with Callback: 
3/31/2017 8:50:5 3: Path request:/api/environment/
3/31/2017 8:50:5 3: Path header:undefined
3/31/2017 8:50:5 3: Path query:{"USER_NAME":"admin"}
3/31/2017 8:50:5 3: BEGIN PKREQUESTMANAGER.CALLQUERY(3,'CLI0000003','admin','{}', '{admin}','{}', :cursor); END;
3/31/2017 8:50:5 3: 2 Object(s) returned... [FETCH]
3/31/2017 8:50:5 3: [object Object],[object Object]
3/31/2017 8:50:5 3: 1 Object(s) returned... [FETCH]
3/31/2017 8:50:5 3: [object Object]
3/31/2017 9:4:41 4: LIBQUERY with Callback: 
3/31/2017 9:4:41 4: Path request:/api/user/
3/31/2017 9:4:41 4: Path header:undefined
3/31/2017 9:4:41 4: Path query:{"USER_NAME":"admin"}
3/31/2017 9:4:41 4: BEGIN PKREQUESTMANAGER.CALLQUERY(4,'CLI0000002','admin','{}', '{admin}','{}', :cursor); END;
3/31/2017 9:4:41 5: LIBQUERY with Callback: 
3/31/2017 9:4:41 5: Path request:/api/environment/
3/31/2017 9:4:41 5: Path header:undefined
3/31/2017 9:4:41 5: Path query:{"USER_NAME":"admin"}
3/31/2017 9:4:41 5: BEGIN PKREQUESTMANAGER.CALLQUERY(5,'CLI0000003','admin','{}', '{admin}','{}', :cursor); END;
3/31/2017 9:4:41 5: 2 Object(s) returned... [FETCH]
3/31/2017 9:4:41 5: [object Object],[object Object]
3/31/2017 9:4:41 5: 1 Object(s) returned... [FETCH]
3/31/2017 9:4:41 5: [object Object]
3/31/2017 9:11:57 6: LIBQUERY with Callback: 
3/31/2017 9:11:57 6: Path request:/api/search/
3/31/2017 9:11:57 6: Path header:undefined
3/31/2017 9:11:57 6: Path query:{"PARAM":["962936"]}
3/31/2017 9:11:57 6: BEGIN PKREQUESTMANAGER.CALLQUERY(6,'CLI0000001','admin','{HEINENS_CEN_UAT}', '{962936}','{HN}', :cursor); END;
3/31/2017 9:12:10 6: 1 Object(s) returned... [FETCH]
3/31/2017 9:12:10 6: [object Object]
