5/13/2019 0:35:52 113: LIBQUERY with Callback: 
5/13/2019 0:35:52 113: BEGIN PKREQUESTMANAGER.CALLQUERY(113,'ADM0000001','abe','{}', '{abe,abe}','{}', :cursor); END;
5/13/2019 0:35:54 113: 1 Object(s) returned... [FETCH]
5/13/2019 0:35:54 113: [object Object]
5/13/2019 0:35:54 113: {"metaData":[{"name":"USERID"},{"name":"USERFNAME"},{"name":"USERLNAME"},{"name":"USEREMAIL"},{"name":"USERMOBILE"}]}
5/13/2019 0:35:54 114: LIBQUERY with Callback: 
5/13/2019 0:35:54 114: BEGIN PKREQUESTMANAGER.CALLQUERY(114,'CLI0000002','abe','{}', '{abe}','{}', :cursor); END;
5/13/2019 0:35:54 115: LIBQUERY with Callback: 
5/13/2019 0:35:54 115: BEGIN PKREQUESTMANAGER.CALLQUERY(115,'CLI0000003','abe','{}', '{abe}','{}', :cursor); END;
5/13/2019 0:35:56 115: 1 Object(s) returned... [FETCH]
5/13/2019 0:35:56 115: [object Object]
5/13/2019 0:35:56 115: {"metaData":[{"name":"USERID"},{"name":"USERCORPID"},{"name":"USERPASS"},{"name":"USERAUTH"},{"name":"USERLANG"},{"name":"USERPROF"},{"name":"USERAPPLI"},{"name":"USERFNAME"},{"name":"USERLNAME"},{"name":"USEREMAIL"},{"name":"USERMOBILE"},{"name":"USERTEAM"},{"name":"USERACTIVE"},{"name":"USERDCRE"},{"name":"USERDMAJ"},{"name":"USERUTIL"},{"name":"USERTYPE"}]}
5/13/2019 0:35:58 115: 6 Object(s) returned... [FETCH]
5/13/2019 0:35:58 115: [object Object],[object Object],[object Object],[object Object],[object Object],[object Object]
5/13/2019 0:35:58 115: {"metaData":[{"name":"LEVEL"},{"name":"ENVID"},{"name":"ENVCORPID"},{"name":"CORPSDESC"},{"name":"ENVCODE"},{"name":"ENVTYPE"},{"name":"ENVACTIVE"},{"name":"ENVSDESC"},{"name":"ENVLDESC"},{"name":"ENVDBTYPE"},{"name":"ENVIP"},{"name":"ENVPORT"},{"name":"ENVUSER"},{"name":"ENVPASSWORD"},{"name":"ENVSOURCE"},{"name":"ENVDBLINK"},{"name":"ENVDEFAULT"},{"name":"ENVDCRE"},{"name":"ENVDMAJ"},{"name":"ENVUTIL"},{"name":"ENVVERSION"},{"name":"ENVDEFLANG"},{"name":"CORPPIC"},{"name":"ENVVARINITSH"},{"name":"ENVTITLECOLOR"},{"name":"ENVTITLE"}]}
5/13/2019 0:35:58 116: LIBQUERY with Callback: 
5/13/2019 0:35:58 116: BEGIN PKREQUESTMANAGER.CALLQUERY(116,'WDG0000001','abe','{HEINENS_CUSTOM_PROD}', '{abe,-1}','{HN}', :cursor); END;
5/13/2019 0:36:0 116: 9 Object(s) returned... [FETCH]
5/13/2019 0:36:0 116: [object Object],[object Object],[object Object],[object Object],[object Object],[object Object],[object Object],[object Object],[object Object]
5/13/2019 0:36:0 116: {"metaData":[{"name":"WIDID"},{"name":"WIDBEHAVIOR"},{"name":"WIDTABLE"},{"name":"WIDRSS"},{"name":"WIDCHART"},{"name":"WIDINFO"},{"name":"WIDWIDTH"},{"name":"WIDHEIGHT"},{"name":"WIDX"},{"name":"WIDY"},{"name":"WIDROWS"},{"name":"UWPDCRE"},{"name":"UWPDMAJ"},{"name":"UWPUTIL"},{"name":"WIDSNAP"},{"name":"WIDSNAPFILE"},{"name":"LWQMWIDID"},{"name":"LWQCWIDID"},{"name":"LWQMFIELD"},{"name":"LWQCFIELD"},{"name":"LWQDCRE"},{"name":"LWQDMAJ"},{"name":"LWQUTIL"},{"name":"WRSID"},{"name":"WRSFIELD"},{"name":"WRSHEADER"},{"name":"WRSPOSITION"},{"name":"WRSDCRE"},{"name":"WRSDMAJ"},{"name":"WRSUTIL"},{"name":"WIDNAME"},{"name":"WIDDESC"}]}
5/13/2019 0:36:11 117: LIBQUERY with Callback: 
5/13/2019 0:36:11 117: BEGIN PKREQUESTMANAGER.CALLQUERY(117,'SUP0000001','abe','{HEINENS_CEN_UAT}', '{SHERW}','{HN}', :cursor); END;
5/13/2019 0:36:14 117: 116 Object(s) returned... [FETCH]
5/13/2019 0:36:14 117: [object Object],[object Object],[object Object],[object Object],[object Object],[object Object],[object Object],[object Object],[object Object],[object Object],[object Object],[object Object],[object Object],[object Object],[object Object],[object Object],[object Object],[object Object],[object Object],[object Object],[object Object],[object Object],[object Object],[object Object],[object Object],[object Object],[object Object],[object Object],[object Object],[object Object],[object Object],[object Object],[object Object],[object Object],[object Object],[object Object],[object Object],[object Object],[object Object],[object Object],[object Object],[object Object],[object Object],[object Object],[object Object],[object Object],[object Object],[object Object],[object Object],[object Object],[object Object],[object Object],[object Object],[object Object],[object Object],[object Object],[object Object],[object Object],[object Object],[object Object],[object Object],[object Object],[object Object],[object Object],[object Object],[object Object],[object Object],[object Object],[object Object],[object Object],[object Object],[object Object],[object Object],[object Object],[object Object],[object Object],[object Object],[object Object],[object Object],[object Object],[object Object],[object Object],[object Object],[object Object],[object Object],[object Object],[object Object],[object Object],[object Object],[object Object],[object Object],[object Object],[object Object],[object Object],[object Object],[object Object],[object Object],[object Object],[object Object],[object Object],[object Object],[object Object],[object Object],[object Object],[object Object],[object Object],[object Object],[object Object],[object Object],[object Object],[object Object],[object Object],[object Object],[object Object],[object Object],[object Object]
5/13/2019 0:36:14 117: {"metaData":[{"name":"LISCFIN"},{"name":"FOUCNUF"},{"name":"FOULIBL"},{"name":"FCSNUM"},{"name":"LISCSIN"},{"name":"LISCCIN"},{"name":"FCCNUM"},{"name":"LISNFILF"},{"name":"SOCSITE"},{"name":"SOCLMAG"},{"name":"LISNFILC"},{"name":"LISTLIV"},{"name":"LISCOMC"},{"name":"LISCOMR"},{"name":"LISCOMF"},{"name":"LISVCOM"},{"name":"LISTSLI"},{"name":"LISTSQP"},{"name":"LISTOP"},{"name":"LISAVAL"},{"name":"LISMARQ"},{"name":"LISREAP"},{"name":"LISUREAP"},{"name":"LISUREAP_LIB"},{"name":"LISCOMM"},{"name":"LISCDLU"},{"name":"LISCDMA"},{"name":"LISCDME"},{"name":"LISCDJE"},{"name":"LISCDVE"},{"name":"LISCDSA"},{"name":"LISCDDI"},{"name":"LISLILU"},{"name":"LISLIMA"},{"name":"LISLIME"},{"name":"LISLIJE"},{"name":"LISLIVE"},{"name":"LISLISA"},{"name":"LISLIDI"},{"name":"LISHRLU"},{"name":"LISHRMA"},{"name":"LISHRME"},{"name":"LISHRJE"},{"name":"LISHRVE"},{"name":"LISHRSA"},{"name":"LISHRDI"},{"name":"LISHLLU"},{"name":"LISHLMA"},{"name":"LISHLME"},{"name":"LISHLJE"},{"name":"LISHLVE"},{"name":"LISHLSA"},{"name":"LISHLDI"},{"name":"LISHRLU2"},{"name":"LISHRMA2"},{"name":"LISHRME2"},{"name":"LISHRJE2"},{"name":"LISHRVE2"},{"name":"LISHRSA2"},{"name":"LISHRDI2"},{"name":"LISHLLU2"},{"name":"LISHLMA2"},{"name":"LISHLME2"},{"name":"LISHLJE2"},{"name":"LISHLVE2"},{"name":"LISHLSA2"},{"name":"LISHLDI2"},{"name":"LISHRLU3"},{"name":"LISHRMA3"},{"name":"LISHRME3"},{"name":"LISHRJE3"},{"name":"LISHRVE3"},{"name":"LISHRSA3"},{"name":"LISHRDI3"},{"name":"LISHLLU3"},{"name":"LISHLMA3"},{"name":"LISHLME3"},{"name":"LISHLJE3"},{"name":"LISHLVE3"},{"name":"LISHLSA3"},{"name":"LISHLDI3"},{"name":"LISDDEB"},{"name":"LISDFIN"}]}
5/13/2019 0:36:38 118: LIBQUERY with Callback: 
5/13/2019 0:36:38 118: BEGIN PKREQUESTMANAGER.CALLQUERY(118,'SCH0000001','abe','{HEINENS_CEN_UAT}', '{08065,08065CC,0,08065SC,05/19/2019,05/25/2019,abe,99953}','{HN}', :cursor); END;
5/13/2019 0:36:40 118: 1 Object(s) returned... [FETCH]
5/13/2019 0:36:40 118: [object Object]
5/13/2019 0:36:40 118: {"metaData":[{"name":"'ALTERED'"}]}
5/13/2019 0:36:40 119: LIBQUERY with Callback: 
5/13/2019 0:36:40 119: BEGIN PKREQUESTMANAGER.CALLQUERY(119,'SCH0000002','abe','{HEINENS_CEN_UAT}', '{08065,08065CC,0,08065SC,05/19/2019,null,05/25/2019,null,abe,99953}','{HN}', :cursor); END;
5/13/2019 0:36:42 119: 1 Object(s) returned... [FETCH]
5/13/2019 0:36:42 119: [object Object]
5/13/2019 0:36:42 119: {"metaData":[{"name":"'ALTERED'"}]}
5/13/2019 0:44:33 120: LIBQUERY with Callback: 
5/13/2019 0:44:33 120: BEGIN PKREQUESTMANAGER.CALLQUERY(120,'SCH0000001','abe','{HEINENS_CEN_UAT}', '{08065,08065CC,0,08065SC,05/19/2019,05/25/2019,abe,99953}','{HN}', :cursor); END;
5/13/2019 0:44:36 120: 1 Object(s) returned... [FETCH]
5/13/2019 0:44:36 120: [object Object]
5/13/2019 0:44:36 120: {"metaData":[{"name":"'ALTERED'"}]}
5/13/2019 0:44:36 121: LIBQUERY with Callback: 
5/13/2019 0:44:36 121: BEGIN PKREQUESTMANAGER.CALLQUERY(121,'SCH0000002','abe','{HEINENS_CEN_UAT}', '{08065,08065CC,0,08065SC,05/19/2019,null,05/25/2019,null,abe,99953}','{HN}', :cursor); END;
5/13/2019 0:44:39 121: 1 Object(s) returned... [FETCH]
5/13/2019 0:44:39 121: [object Object]
5/13/2019 0:44:39 121: {"metaData":[{"name":"'ALTERED'"}]}
5/13/2019 0:44:53 122: LIBQUERY with Callback: 
5/13/2019 0:44:53 122: BEGIN PKREQUESTMANAGER.CALLQUERY(122,'ADM0000001','abe','{}', '{abe,abe}','{}', :cursor); END;
5/13/2019 0:44:56 122: 1 Object(s) returned... [FETCH]
5/13/2019 0:44:56 122: [object Object]
5/13/2019 0:44:56 122: {"metaData":[{"name":"USERID"},{"name":"USERFNAME"},{"name":"USERLNAME"},{"name":"USEREMAIL"},{"name":"USERMOBILE"}]}
5/13/2019 0:44:56 123: LIBQUERY with Callback: 
5/13/2019 0:44:56 123: BEGIN PKREQUESTMANAGER.CALLQUERY(123,'CLI0000002','abe','{}', '{abe}','{}', :cursor); END;
5/13/2019 0:44:56 124: LIBQUERY with Callback: 
5/13/2019 0:44:56 124: BEGIN PKREQUESTMANAGER.CALLQUERY(124,'CLI0000003','abe','{}', '{abe}','{}', :cursor); END;
5/13/2019 0:44:58 124: 1 Object(s) returned... [FETCH]
5/13/2019 0:44:58 124: [object Object]
5/13/2019 0:44:58 124: {"metaData":[{"name":"USERID"},{"name":"USERCORPID"},{"name":"USERPASS"},{"name":"USERAUTH"},{"name":"USERLANG"},{"name":"USERPROF"},{"name":"USERAPPLI"},{"name":"USERFNAME"},{"name":"USERLNAME"},{"name":"USEREMAIL"},{"name":"USERMOBILE"},{"name":"USERTEAM"},{"name":"USERACTIVE"},{"name":"USERDCRE"},{"name":"USERDMAJ"},{"name":"USERUTIL"},{"name":"USERTYPE"}]}
5/13/2019 0:44:58 124: 6 Object(s) returned... [FETCH]
5/13/2019 0:44:58 124: [object Object],[object Object],[object Object],[object Object],[object Object],[object Object]
5/13/2019 0:44:58 124: {"metaData":[{"name":"LEVEL"},{"name":"ENVID"},{"name":"ENVCORPID"},{"name":"CORPSDESC"},{"name":"ENVCODE"},{"name":"ENVTYPE"},{"name":"ENVACTIVE"},{"name":"ENVSDESC"},{"name":"ENVLDESC"},{"name":"ENVDBTYPE"},{"name":"ENVIP"},{"name":"ENVPORT"},{"name":"ENVUSER"},{"name":"ENVPASSWORD"},{"name":"ENVSOURCE"},{"name":"ENVDBLINK"},{"name":"ENVDEFAULT"},{"name":"ENVDCRE"},{"name":"ENVDMAJ"},{"name":"ENVUTIL"},{"name":"ENVVERSION"},{"name":"ENVDEFLANG"},{"name":"CORPPIC"},{"name":"ENVVARINITSH"},{"name":"ENVTITLECOLOR"},{"name":"ENVTITLE"}]}
5/13/2019 0:44:58 125: LIBQUERY with Callback: 
5/13/2019 0:44:58 125: BEGIN PKREQUESTMANAGER.CALLQUERY(125,'WDG0000001','abe','{HEINENS_CUSTOM_PROD}', '{abe,-1}','{HN}', :cursor); END;
5/13/2019 0:45:0 125: 9 Object(s) returned... [FETCH]
5/13/2019 0:45:0 125: [object Object],[object Object],[object Object],[object Object],[object Object],[object Object],[object Object],[object Object],[object Object]
5/13/2019 0:45:0 125: {"metaData":[{"name":"WIDID"},{"name":"WIDBEHAVIOR"},{"name":"WIDTABLE"},{"name":"WIDRSS"},{"name":"WIDCHART"},{"name":"WIDINFO"},{"name":"WIDWIDTH"},{"name":"WIDHEIGHT"},{"name":"WIDX"},{"name":"WIDY"},{"name":"WIDROWS"},{"name":"UWPDCRE"},{"name":"UWPDMAJ"},{"name":"UWPUTIL"},{"name":"WIDSNAP"},{"name":"WIDSNAPFILE"},{"name":"LWQMWIDID"},{"name":"LWQCWIDID"},{"name":"LWQMFIELD"},{"name":"LWQCFIELD"},{"name":"LWQDCRE"},{"name":"LWQDMAJ"},{"name":"LWQUTIL"},{"name":"WRSID"},{"name":"WRSFIELD"},{"name":"WRSHEADER"},{"name":"WRSPOSITION"},{"name":"WRSDCRE"},{"name":"WRSDMAJ"},{"name":"WRSUTIL"},{"name":"WIDNAME"},{"name":"WIDDESC"}]}
5/13/2019 0:45:9 126: LIBQUERY with Callback: 
5/13/2019 0:45:9 126: BEGIN PKREQUESTMANAGER.CALLQUERY(126,'SUP0000001','abe','{HEINENS_CEN_UAT}', '{SHER}','{HN}', :cursor); END;
5/13/2019 0:45:11 126: 184 Object(s) returned... [FETCH]
5/13/2019 0:45:11 126: [object Object],[object Object],[object Object],[object Object],[object Object],[object Object],[object Object],[object Object],[object Object],[object Object],[object Object],[object Object],[object Object],[object Object],[object Object],[object Object],[object Object],[object Object],[object Object],[object Object],[object Object],[object Object],[object Object],[object Object],[object Object],[object Object],[object Object],[object Object],[object Object],[object Object],[object Object],[object Object],[object Object],[object Object],[object Object],[object Object],[object Object],[object Object],[object Object],[object Object],[object Object],[object Object],[object Object],[object Object],[object Object],[object Object],[object Object],[object Object],[object Object],[object Object],[object Object],[object Object],[object Object],[object Object],[object Object],[object Object],[object Object],[object Object],[object Object],[object Object],[object Object],[object Object],[object Object],[object Object],[object Object],[object Object],[object Object],[object Object],[object Object],[object Object],[object Object],[object Object],[object Object],[object Object],[object Object],[object Object],[object Object],[object Object],[object Object],[object Object],[object Object],[object Object],[object Object],[object Object],[object Object],[object Object],[object Object],[object Object],[object Object],[object Object],[object Object],[object Object],[object Object],[object Object],[object Object],[object Object],[object Object],[object Object],[object Object],[object Object],[object Object],[object Object],[object Object],[object Object],[object Object],[object Object],[object Object],[object Object],[object Object],[object Object],[object Object],[object Object],[object Object],[object Object],[object Object],[object Object],[object Object],[object Object],[object Object],[object Object],[object Object],[object Object],[object Object],[object Object],[object Object],[object Object],[object Object],[object Object],[object Object],[object Object],[object Object],[object Object],[object Object],[object Object],[object Object],[object Object],[object Object],[object Object],[object Object],[object Object],[object Object],[object Object],[object Object],[object Object],[object Object],[object Object],[object Object],[object Object],[object Object],[object Object],[object Object],[object Object],[object Object],[object Object],[object Object],[object Object],[object Object],[object Object],[object Object],[object Object],[object Object],[object Object],[object Object],[object Object],[object Object],[object Object],[object Object],[object Object],[object Object],[object Object],[object Object],[object Object],[object Object],[object Object],[object Object],[object Object],[object Object],[object Object],[object Object],[object Object],[object Object],[object Object],[object Object],[object Object]
5/13/2019 0:45:11 126: {"metaData":[{"name":"LISCFIN"},{"name":"FOUCNUF"},{"name":"FOULIBL"},{"name":"FCSNUM"},{"name":"LISCSIN"},{"name":"LISCCIN"},{"name":"FCCNUM"},{"name":"LISNFILF"},{"name":"SOCSITE"},{"name":"SOCLMAG"},{"name":"LISNFILC"},{"name":"LISTLIV"},{"name":"LISCOMC"},{"name":"LISCOMR"},{"name":"LISCOMF"},{"name":"LISVCOM"},{"name":"LISTSLI"},{"name":"LISTSQP"},{"name":"LISTOP"},{"name":"LISAVAL"},{"name":"LISMARQ"},{"name":"LISREAP"},{"name":"LISUREAP"},{"name":"LISUREAP_LIB"},{"name":"LISCOMM"},{"name":"LISCDLU"},{"name":"LISCDMA"},{"name":"LISCDME"},{"name":"LISCDJE"},{"name":"LISCDVE"},{"name":"LISCDSA"},{"name":"LISCDDI"},{"name":"LISLILU"},{"name":"LISLIMA"},{"name":"LISLIME"},{"name":"LISLIJE"},{"name":"LISLIVE"},{"name":"LISLISA"},{"name":"LISLIDI"},{"name":"LISHRLU"},{"name":"LISHRMA"},{"name":"LISHRME"},{"name":"LISHRJE"},{"name":"LISHRVE"},{"name":"LISHRSA"},{"name":"LISHRDI"},{"name":"LISHLLU"},{"name":"LISHLMA"},{"name":"LISHLME"},{"name":"LISHLJE"},{"name":"LISHLVE"},{"name":"LISHLSA"},{"name":"LISHLDI"},{"name":"LISHRLU2"},{"name":"LISHRMA2"},{"name":"LISHRME2"},{"name":"LISHRJE2"},{"name":"LISHRVE2"},{"name":"LISHRSA2"},{"name":"LISHRDI2"},{"name":"LISHLLU2"},{"name":"LISHLMA2"},{"name":"LISHLME2"},{"name":"LISHLJE2"},{"name":"LISHLVE2"},{"name":"LISHLSA2"},{"name":"LISHLDI2"},{"name":"LISHRLU3"},{"name":"LISHRMA3"},{"name":"LISHRME3"},{"name":"LISHRJE3"},{"name":"LISHRVE3"},{"name":"LISHRSA3"},{"name":"LISHRDI3"},{"name":"LISHLLU3"},{"name":"LISHLMA3"},{"name":"LISHLME3"},{"name":"LISHLJE3"},{"name":"LISHLVE3"},{"name":"LISHLSA3"},{"name":"LISHLDI3"},{"name":"LISDDEB"},{"name":"LISDFIN"}]}
5/13/2019 0:47:16 1: LIBQUERY with Callback: 
5/13/2019 0:47:16 1: BEGIN PKREQUESTMANAGER.CALLQUERY(1,'ADM0000001','abe','{}', '{abe,abe}','{}', :cursor); END;
5/13/2019 0:47:19 1: 1 Object(s) returned... [FETCH]
5/13/2019 0:47:19 1: [object Object]
5/13/2019 0:47:20 1: {"metaData":[{"name":"USERID"},{"name":"USERFNAME"},{"name":"USERLNAME"},{"name":"USEREMAIL"},{"name":"USERMOBILE"}]}
5/13/2019 0:47:20 2: LIBQUERY with Callback: 
5/13/2019 0:47:20 2: BEGIN PKREQUESTMANAGER.CALLQUERY(2,'CLI0000002','abe','{}', '{abe}','{}', :cursor); END;
5/13/2019 0:47:20 3: LIBQUERY with Callback: 
5/13/2019 0:47:20 3: BEGIN PKREQUESTMANAGER.CALLQUERY(3,'CLI0000003','abe','{}', '{abe}','{}', :cursor); END;
5/13/2019 0:47:23 3: 1 Object(s) returned... [FETCH]
5/13/2019 0:47:23 3: [object Object]
5/13/2019 0:47:23 3: {"metaData":[{"name":"USERID"},{"name":"USERCORPID"},{"name":"USERPASS"},{"name":"USERAUTH"},{"name":"USERLANG"},{"name":"USERPROF"},{"name":"USERAPPLI"},{"name":"USERFNAME"},{"name":"USERLNAME"},{"name":"USEREMAIL"},{"name":"USERMOBILE"},{"name":"USERTEAM"},{"name":"USERACTIVE"},{"name":"USERDCRE"},{"name":"USERDMAJ"},{"name":"USERUTIL"},{"name":"USERTYPE"}]}
5/13/2019 0:47:23 3: 6 Object(s) returned... [FETCH]
5/13/2019 0:47:23 3: [object Object],[object Object],[object Object],[object Object],[object Object],[object Object]
5/13/2019 0:47:24 3: {"metaData":[{"name":"LEVEL"},{"name":"ENVID"},{"name":"ENVCORPID"},{"name":"CORPSDESC"},{"name":"ENVCODE"},{"name":"ENVTYPE"},{"name":"ENVACTIVE"},{"name":"ENVSDESC"},{"name":"ENVLDESC"},{"name":"ENVDBTYPE"},{"name":"ENVIP"},{"name":"ENVPORT"},{"name":"ENVUSER"},{"name":"ENVPASSWORD"},{"name":"ENVSOURCE"},{"name":"ENVDBLINK"},{"name":"ENVDEFAULT"},{"name":"ENVDCRE"},{"name":"ENVDMAJ"},{"name":"ENVUTIL"},{"name":"ENVVERSION"},{"name":"ENVDEFLANG"},{"name":"CORPPIC"},{"name":"ENVVARINITSH"},{"name":"ENVTITLECOLOR"},{"name":"ENVTITLE"}]}
5/13/2019 0:47:24 4: LIBQUERY with Callback: 
5/13/2019 0:47:24 4: BEGIN PKREQUESTMANAGER.CALLQUERY(4,'WDG0000001','abe','{HEINENS_CUSTOM_PROD}', '{abe,-1}','{HN}', :cursor); END;
5/13/2019 0:47:27 4: 9 Object(s) returned... [FETCH]
5/13/2019 0:47:27 4: [object Object],[object Object],[object Object],[object Object],[object Object],[object Object],[object Object],[object Object],[object Object]
5/13/2019 0:47:27 4: {"metaData":[{"name":"WIDID"},{"name":"WIDBEHAVIOR"},{"name":"WIDTABLE"},{"name":"WIDRSS"},{"name":"WIDCHART"},{"name":"WIDINFO"},{"name":"WIDWIDTH"},{"name":"WIDHEIGHT"},{"name":"WIDX"},{"name":"WIDY"},{"name":"WIDROWS"},{"name":"UWPDCRE"},{"name":"UWPDMAJ"},{"name":"UWPUTIL"},{"name":"WIDSNAP"},{"name":"WIDSNAPFILE"},{"name":"LWQMWIDID"},{"name":"LWQCWIDID"},{"name":"LWQMFIELD"},{"name":"LWQCFIELD"},{"name":"LWQDCRE"},{"name":"LWQDMAJ"},{"name":"LWQUTIL"},{"name":"WRSID"},{"name":"WRSFIELD"},{"name":"WRSHEADER"},{"name":"WRSPOSITION"},{"name":"WRSDCRE"},{"name":"WRSDMAJ"},{"name":"WRSUTIL"},{"name":"WIDNAME"},{"name":"WIDDESC"}]}
5/13/2019 0:47:42 5: LIBQUERY with Callback: 
5/13/2019 0:47:42 5: BEGIN PKREQUESTMANAGER.CALLQUERY(5,'SUP0000001','abe','{HEINENS_CEN_UAT}', '{SHER}','{HN}', :cursor); END;
5/13/2019 0:47:45 5: 184 Object(s) returned... [FETCH]
5/13/2019 0:47:45 5: [object Object],[object Object],[object Object],[object Object],[object Object],[object Object],[object Object],[object Object],[object Object],[object Object],[object Object],[object Object],[object Object],[object Object],[object Object],[object Object],[object Object],[object Object],[object Object],[object Object],[object Object],[object Object],[object Object],[object Object],[object Object],[object Object],[object Object],[object Object],[object Object],[object Object],[object Object],[object Object],[object Object],[object Object],[object Object],[object Object],[object Object],[object Object],[object Object],[object Object],[object Object],[object Object],[object Object],[object Object],[object Object],[object Object],[object Object],[object Object],[object Object],[object Object],[object Object],[object Object],[object Object],[object Object],[object Object],[object Object],[object Object],[object Object],[object Object],[object Object],[object Object],[object Object],[object Object],[object Object],[object Object],[object Object],[object Object],[object Object],[object Object],[object Object],[object Object],[object Object],[object Object],[object Object],[object Object],[object Object],[object Object],[object Object],[object Object],[object Object],[object Object],[object Object],[object Object],[object Object],[object Object],[object Object],[object Object],[object Object],[object Object],[object Object],[object Object],[object Object],[object Object],[object Object],[object Object],[object Object],[object Object],[object Object],[object Object],[object Object],[object Object],[object Object],[object Object],[object Object],[object Object],[object Object],[object Object],[object Object],[object Object],[object Object],[object Object],[object Object],[object Object],[object Object],[object Object],[object Object],[object Object],[object Object],[object Object],[object Object],[object Object],[object Object],[object Object],[object Object],[object Object],[object Object],[object Object],[object Object],[object Object],[object Object],[object Object],[object Object],[object Object],[object Object],[object Object],[object Object],[object Object],[object Object],[object Object],[object Object],[object Object],[object Object],[object Object],[object Object],[object Object],[object Object],[object Object],[object Object],[object Object],[object Object],[object Object],[object Object],[object Object],[object Object],[object Object],[object Object],[object Object],[object Object],[object Object],[object Object],[object Object],[object Object],[object Object],[object Object],[object Object],[object Object],[object Object],[object Object],[object Object],[object Object],[object Object],[object Object],[object Object],[object Object],[object Object],[object Object],[object Object],[object Object],[object Object],[object Object],[object Object],[object Object],[object Object],[object Object]
5/13/2019 0:47:46 5: {"metaData":[{"name":"LISCFIN"},{"name":"FOUCNUF"},{"name":"FOULIBL"},{"name":"FCSNUM"},{"name":"LISCSIN"},{"name":"LISCCIN"},{"name":"FCCNUM"},{"name":"LISNFILF"},{"name":"SOCSITE"},{"name":"SOCLMAG"},{"name":"LISNFILC"},{"name":"LISTLIV"},{"name":"LISCOMC"},{"name":"LISCOMR"},{"name":"LISCOMF"},{"name":"LISVCOM"},{"name":"LISTSLI"},{"name":"LISTSQP"},{"name":"LISTOP"},{"name":"LISAVAL"},{"name":"LISMARQ"},{"name":"LISREAP"},{"name":"LISUREAP"},{"name":"LISUREAP_LIB"},{"name":"LISCOMM"},{"name":"LISCDLU"},{"name":"LISCDMA"},{"name":"LISCDME"},{"name":"LISCDJE"},{"name":"LISCDVE"},{"name":"LISCDSA"},{"name":"LISCDDI"},{"name":"LISLILU"},{"name":"LISLIMA"},{"name":"LISLIME"},{"name":"LISLIJE"},{"name":"LISLIVE"},{"name":"LISLISA"},{"name":"LISLIDI"},{"name":"LISHRLU"},{"name":"LISHRMA"},{"name":"LISHRME"},{"name":"LISHRJE"},{"name":"LISHRVE"},{"name":"LISHRSA"},{"name":"LISHRDI"},{"name":"LISHLLU"},{"name":"LISHLMA"},{"name":"LISHLME"},{"name":"LISHLJE"},{"name":"LISHLVE"},{"name":"LISHLSA"},{"name":"LISHLDI"},{"name":"LISHRLU2"},{"name":"LISHRMA2"},{"name":"LISHRME2"},{"name":"LISHRJE2"},{"name":"LISHRVE2"},{"name":"LISHRSA2"},{"name":"LISHRDI2"},{"name":"LISHLLU2"},{"name":"LISHLMA2"},{"name":"LISHLME2"},{"name":"LISHLJE2"},{"name":"LISHLVE2"},{"name":"LISHLSA2"},{"name":"LISHLDI2"},{"name":"LISHRLU3"},{"name":"LISHRMA3"},{"name":"LISHRME3"},{"name":"LISHRJE3"},{"name":"LISHRVE3"},{"name":"LISHRSA3"},{"name":"LISHRDI3"},{"name":"LISHLLU3"},{"name":"LISHLMA3"},{"name":"LISHLME3"},{"name":"LISHLJE3"},{"name":"LISHLVE3"},{"name":"LISHLSA3"},{"name":"LISHLDI3"},{"name":"LISDDEB"},{"name":"LISDFIN"}]}
5/13/2019 0:48:5 6: LIBQUERY with Callback: 
5/13/2019 0:48:5 6: BEGIN PKREQUESTMANAGER.CALLQUERY(6,'SCH0000001','abe','{HEINENS_CEN_UAT}', '{08065,08065CC,0,08065SC,05/19/2019,05/25/2019,abe,99953}','{HN}', :cursor); END;
5/13/2019 0:48:8 6: 1 Object(s) returned... [FETCH]
5/13/2019 0:48:8 6: [object Object]
5/13/2019 0:48:8 6: {"metaData":[{"name":"'ALTERED'"}]}
5/13/2019 0:48:8 7: LIBQUERY with Callback: 
5/13/2019 0:48:8 7: BEGIN PKREQUESTMANAGER.CALLQUERY(7,'SCH0000002','abe','{HEINENS_CEN_UAT}', '{08065,08065CC,0,08065SC,05/19/2019,null,05/25/2019,null,abe,99953}','{HN}', :cursor); END;
5/13/2019 0:48:10 7: 1 Object(s) returned... [FETCH]
5/13/2019 0:48:10 7: [object Object]
5/13/2019 0:48:10 7: {"metaData":[{"name":"'ALTERED'"}]}
5/13/2019 0:48:52 8: LIBQUERY with Callback: 
5/13/2019 0:48:52 8: BEGIN PKREQUESTMANAGER.CALLQUERY(8,'SCH0000001','abe','{HEINENS_CEN_UAT}', '{08065,08065CC,0,08065SC,05/19/2019,05/25/2019,abe,99953}','{HN}', :cursor); END;
5/13/2019 0:48:54 8: 1 Object(s) returned... [FETCH]
5/13/2019 0:48:54 8: [object Object]
5/13/2019 0:48:54 8: {"metaData":[{"name":"'ALTERED'"}]}
5/13/2019 0:48:54 9: LIBQUERY with Callback: 
5/13/2019 0:48:54 9: BEGIN PKREQUESTMANAGER.CALLQUERY(9,'SCH0000002','abe','{HEINENS_CEN_UAT}', '{08065,08065CC,0,08065SC,05/19/2019,null,05/25/2019,null,abe,99953}','{HN}', :cursor); END;
5/13/2019 0:48:56 9: 1 Object(s) returned... [FETCH]
5/13/2019 0:48:56 9: [object Object]
5/13/2019 0:48:56 9: {"metaData":[{"name":"'ALTERED'"}]}
