5/20/2021 9:57:28 [mgarry] 13: "BEGIN PKREQUESTMANAGER.CALLQUERY(13,'ADM0000001','mgarry','{}', '{mgarry,Heinens}','{}', :cursor); END;"
5/20/2021 9:57:28 [mgarry] 13: "[{\"USERID\":\"mgarry\",\"USERFNAME\":\"Michele\",\"USERLNAME\":\"Garry\",\"USEREMAIL\":\"mgarry@heinens.com\",\"USERMOBILE\":null}]"
5/20/2021 9:57:28 [mgarry] 13: "1 Object(s) returned... [FETCH]"
5/20/2021 9:57:28 [mgarry] 14: "BEGIN PKREQUESTMANAGER.CALLQUERY(14,'CLI0000002','mgarry','{}', '{mgarry}','{}', :cursor); END;"
5/20/2021 9:57:28 [mgarry] 15: "BEGIN PKREQUESTMANAGER.CALLQUERY(15,'CLI0000003','mgarry','{}', '{mgarry}','{}', :cursor); END;"
5/20/2021 9:57:28 [mgarry] 14: "[{\"USERID\":\"mgarry\",\"USERCORPID\":2,\"USERPASS\":\"SGVpbmVucw==\",\"USERAUTH\":null,\"USERLANG\":\"us_US\",\"USERPROF\":null,\"USERAPPLI\":3,\"USERFNAME\":\"Michele\",\"USERLNAME\":\"Garry\",\"USEREMAIL\":\"mgarry@heinens.com\",\"USERMOBILE\":null,\"USERTEAM\":null,\"USERACTIVE\":1,\"USERDCRE\":\"2020-11-09T04:00:00.000Z\",\"USERDMAJ\":\"2020-11-09T04:00:00.000Z\",\"USERUTIL\":\"admin\",\"USERTYPE\":2}]"
5/20/2021 9:57:28 [mgarry] 14: "1 Object(s) returned... [FETCH]"
5/20/2021 9:57:28 [mgarry] 15: "[{\"LEVEL\":\"CORPORATE\",\"ENVID\":1,\"ENVCORPID\":2,\"CORPSDESC\":\"Heinen's\",\"ENVCODE\":\"CENTRAL_UAT\",\"ENVTYPE\":4,\"ENVACTIVE\":1,\"ENVSDESC\":\"User Acceptance\",\"ENVLDESC\":\"Heinen's Central UAT environement\",\"ENVDBTYPE\":1,\"ENVIP\":\"10.200.14.232\",\"ENVPORT\":1521,\"ENVUSER\":\"hntcen\",\"ENVPASSWORD\":\"Heinen123!\",\"ENVSOURCE\":\"test\",\"ENVDBLINK\":\"HEINENS_CEN_UAT\",\"ENVDEFAULT\":0,\"ENVDCRE\":\"2017-03-21T04:00:00.000Z\",\"ENVDMAJ\":\"2017-03-21T04:00:00.000Z\",\"ENVUTIL\":\"abe\",\"ENVVERSION\":1,\"ENVDEFLANG\":\"HN\",\"CORPPIC\":\"./assets/pictures/corporate/heinens.jpg\",\"ENVVARINITSH\":\". /home/hntcen/env/envCEN\",\"ENVTITLECOLOR\":\"yellow\",\"ENVTITLE\":\"Inventory Control Room (Acceptance)\"},{\"LEVEL\":\"CORPORATE\",\"ENVID\":2,\"ENVCORPID\":2,\"CORPSDESC\":\"Heinen's\",\"ENVCODE\":\"STOCK_UAT\",\"ENVTYPE\":4,\"ENVACTIVE\":1,\"ENVSDESC\":\"Heinen's Stock UAT\",\"ENVLDESC\":\"Heinen's Stock UAT environement\",\"ENVDBTYPE\":1,\"ENVIP\":\"10.200.14.232\",\"ENVPORT\":1521,\"ENVUSER\":\"hntstk\",\"ENVPASSWORD\":\"Heinen123!\",\"ENVSOURCE\":\"test\",\"ENVDBLINK\":\"HEINENS_STK_UAT\",\"ENVDEFAULT\":0,\"ENVDCRE\":\"2017-03-21T04:00:00.000Z\",\"ENVDMAJ\":\"2017-03-21T04:00:00.000Z\",\"ENVUTIL\":\"abe\",\"ENVVERSION\":2,\"ENVDEFLANG\":\"HN\",\"CORPPIC\":\"./assets/pictures/corporate/heinens.jpg\",\"ENVVARINITSH\":\". /home/hntstk/env/envSTK\",\"ENVTITLECOLOR\":\"yellow\",\"ENVTITLE\":\"Inventory Control Room (Acceptance)\"},{\"LEVEL\":\"USER\",\"ENVID\":1,\"ENVCORPID\":2,\"CORPSDESC\":\"Heinen's\",\"ENVCODE\":\"CENTRAL_UAT\",\"ENVTYPE\":4,\"ENVACTIVE\":1,\"ENVSDESC\":\"User Acceptance\",\"ENVLDESC\":\"Heinen's Central UAT environement\",\"ENVDBTYPE\":1,\"ENVIP\":\"10.200.14.232\",\"ENVPORT\":1521,\"ENVUSER\":\"hntcen\",\"ENVPASSWORD\":\"Heinen123!\",\"ENVSOURCE\":\"test\",\"ENVDBLINK\":\"HEINENS_CEN_UAT\",\"ENVDEFAULT\":0,\"ENVDCRE\":\"2017-03-21T04:00:00.000Z\",\"ENVDMAJ\":\"2017-03-21T04:00:00.000Z\",\"ENVUTIL\":\"abe\",\"ENVVERSION\":1,\"ENVDEFLANG\":\"HN\",\"CORPPIC\":\"./assets/pictures/corporate/heinens.jpg\",\"ENVVARINITSH\":\". /home/hntcen/env/envCEN\",\"ENVTITLECOLOR\":\"yellow\",\"ENVTITLE\":\"Inventory Control Room (Acceptance)\"},{\"LEVEL\":\"CORPORATE\",\"ENVID\":3,\"ENVCORPID\":2,\"CORPSDESC\":\"Heinen's\",\"ENVCODE\":\"HN_CENTRAL_PROD\",\"ENVTYPE\":7,\"ENVACTIVE\":1,\"ENVSDESC\":\"Production\",\"ENVLDESC\":\"Heinen's Custom PROD environement\",\"ENVDBTYPE\":1,\"ENVIP\":\"10.200.14.231\",\"ENVPORT\":1521,\"ENVUSER\":\"hnpcen\",\"ENVPASSWORD\":\"Heinen123!\",\"ENVSOURCE\":\"central\",\"ENVDBLINK\":\"HEINENS_CUSTOM_PROD\",\"ENVDEFAULT\":1,\"ENVDCRE\":\"2017-04-22T04:00:00.000Z\",\"ENVDMAJ\":\"2017-03-21T04:00:00.000Z\",\"ENVUTIL\":\"abe\",\"ENVVERSION\":1,\"ENVDEFLANG\":\"HN\",\"CORPPIC\":\"./assets/pictures/corporate/heinens.jpg\",\"ENVVARINITSH\":\". /home/hnpcen/env/envCEN\",\"ENVTITLECOLOR\":\"white\",\"ENVTITLE\":\"Inventory Control Room\"},{\"LEVEL\":\"CORPORATE\",\"ENVID\":4,\"ENVCORPID\":2,\"CORPSDESC\":\"Heinen's\",\"ENVCODE\":\"HN_STOCK_PROD\",\"ENVTYPE\":7,\"ENVACTIVE\":1,\"ENVSDESC\":\"Production Warehouse\",\"ENVLDESC\":\"Heinen's Warehouse PROD environement\",\"ENVDBTYPE\":1,\"ENVIP\":\"10.200.14.231\",\"ENVPORT\":1521,\"ENVUSER\":\"hnpstk\",\"ENVPASSWORD\":\"Heinen123!\",\"ENVSOURCE\":\"central\",\"ENVDBLINK\":\"HEINENS_CUSTOM_PROD\",\"ENVDEFAULT\":1,\"ENVDCRE\":\"2020-01-02T04:00:00.000Z\",\"ENVDMAJ\":\"2020-01-02T04:00:00.000Z\",\"ENVUTIL\":\"abe\",\"ENVVERSION\":1,\"ENVDEFLANG\":\"HN\",\"CORPPIC\":\"./assets/pictures/corporate/heinens.jpg\",\"ENVVARINITSH\":\". /home/hnpsk/env/envSTK\",\"ENVTITLECOLOR\":\"white\",\"ENVTITLE\":\"Inventory Control Room\"},{\"LEVEL\":\"USER\",\"ENVID\":3,\"ENVCORPID\":2,\"CORPSDESC\":\"Heinen's\",\"ENVCODE\":\"HN_CENTRAL_PROD\",\"ENVTYPE\":7,\"ENVACTIVE\":1,\"ENVSDESC\":\"Production\",\"ENVLDESC\":\"Heinen's Custom PROD environement\",\"ENVDBTYPE\":1,\"ENVIP\":\"10.200.14.231\",\"ENVPORT\":1521,\"ENVUSER\":\"hnpcen\",\"ENVPASSWORD\":\"Heinen123!\",\"ENVSOURCE\":\"central\",\"ENVDBLINK\":\"HEINENS_CUSTOM_PROD\",\"ENVDEFAULT\":1,\"ENVDCRE\":\"2017-04-22T04:00:00.000Z\",\"ENVDMAJ\":\"2017-03-21T04:00:00.000Z\",\"ENVUTIL\":\"abe\",\"ENVVERSION\":1,\"ENVDEFLANG\":\"HN\",\"CORPPIC\":\"./assets/pictures/corporate/heinens.jpg\",\"ENVVARINITSH\":\". /home/hnpcen/env/envCEN\",\"ENVTITLECOLOR\":\"white\",\"ENVTITLE\":\"Inventory Control Room\"}]"
5/20/2021 9:57:28 [mgarry] 15: "6 Object(s) returned... [FETCH]"
5/20/2021 9:57:29 [mgarry] 16: "BEGIN PKREQUESTMANAGER.CALLQUERY(16,'WDG0000001','mgarry','{HEINENS_CUSTOM_PROD}', '{mgarry,-1}','{HN}', :cursor); END;"
5/20/2021 9:57:29 [mgarry] 17: "BEGIN PKREQUESTMANAGER.CALLQUERY(17,'SCR0000001','mgarry','{HEINENS_CUSTOM_PROD}', '{SCR0000000001,mgarry}','{HN}', :cursor); END;"
5/20/2021 9:57:29 [mgarry] 17: "[{\"SCREENID\":\"SCR0000000001\",\"SCREENINFO\":\"<div><i class=\\\"bbs-keywords\\\">What is it : </i>Dashboard section is your <b>Home</b> tracking process. It simplifies and regroup data visualization.\\n                          As many as needed dashboard widget trackers can be enabled.\\n</div>\\n<div><i class=\\\"bbs-keywords\\\">Tracking type : </i>There are 3 types of data visualization: \\n        <li><b>Table </b> display with export to file option.</li> \\n        <li><b>Chart </b> with by type line, bar, radar, polar, pie, scatter, combined type </li> \\n        <li><b>Message & Alert </b> with color criticality such as successful, soft warning, hard warning.</li> \\n</div>\"}]"
5/20/2021 9:57:29 [mgarry] 17: "1 Object(s) returned... [FETCH]"
5/20/2021 9:57:29 [mgarry] 16: "27 Object(s) returned... [FETCH]"
5/20/2021 9:57:29 [mgarry] 18: "./repository/downloads/dashboard/INV0000001_HEINENS_CUSTOM_PROD.json File(s) returned... [FETCH]"
5/20/2021 9:57:29 [mgarry] 19: "BEGIN PKREQUESTMANAGER.CALLQUERY(19,'WDG1000000','mgarry','{HEINENS_CUSTOM_PROD}', '{WDG0000000014,null}','{HN}', :cursor); END;"
5/20/2021 9:57:29 [mgarry] 20: "BEGIN PKREQUESTMANAGER.CALLQUERY(20,'WDG1000000','mgarry','{HEINENS_CUSTOM_PROD}', '{WDG0000000016,1020100000000}','{HN}', :cursor); END;"
5/20/2021 9:57:29 [mgarry] 21: "BEGIN PKREQUESTMANAGER.CALLQUERY(21,'WDG1000000','mgarry','{HEINENS_CUSTOM_PROD}', '{WDG0000000013,null}','{HN}', :cursor); END;"
5/20/2021 9:57:29 [mgarry] 22: "BEGIN PKREQUESTMANAGER.CALLQUERY(22,'WDG1000000','mgarry','{HEINENS_CUSTOM_PROD}', '{WDG0000000010,null}','{HN}', :cursor); END;"
5/20/2021 9:57:29 [mgarry] 23: "BEGIN PKREQUESTMANAGER.CALLQUERY(23,'WDG1000000','mgarry','{HEINENS_CUSTOM_PROD}', '{WDG0000000017,1020100000000}','{HN}', :cursor); END;"
5/20/2021 9:57:29 [mgarry] 24: "BEGIN PKREQUESTMANAGER.CALLQUERY(24,'WDG1000000','mgarry','{HEINENS_CUSTOM_PROD}', '{WDG0000000016,1030010000000}','{HN}', :cursor); END;"
5/20/2021 9:57:29 [mgarry] 22: "667 Object(s) returned... [FETCH]"
5/20/2021 9:57:30 [mgarry] 25: "BEGIN PKREQUESTMANAGER.CALLQUERY(25,'WDG1000000','mgarry','{HEINENS_CUSTOM_PROD}', '{WDG0000000017,1030010000000}','{HN}', :cursor); END;"
5/20/2021 9:57:30 [mgarry] 24: "945 Object(s) returned... [FETCH]"
5/20/2021 9:57:30 [mgarry] 20: "945 Object(s) returned... [FETCH]"
5/20/2021 9:57:31 [mgarry] 21: "[{\"TYPE\":\"success\",\"MESSAGE\":\"No store deliveries blocked in inbound receipts (INTDEREC/WDETREC).\",\"RECEIPT_DATE\":\"05/20/2021\"}]"
5/20/2021 9:57:31 [mgarry] 21: "1 Object(s) returned... [FETCH]"
5/20/2021 9:57:33 [mgarry] 23: "945 Object(s) returned... [FETCH]"
5/20/2021 9:57:36 [mgarry] 26: "BEGIN PKREQUESTMANAGER.CALLQUERY(26,'SCR0000001','mgarry','{HEINENS_CUSTOM_PROD}', '{SCR0000000003,mgarry}','{HN}', :cursor); END;"
5/20/2021 9:57:36 [mgarry] 26: "[{\"SCREENID\":\"SCR0000000003\",\"SCREENINFO\":\"<div><i class=\\\"bbs-keywords\\\">What is it : </i>Supplier schedule give you the capability to review and maintain the already defined supplier schedule \\nfor a given supplier code or part of his description and the period to be reconsidered.\\n</div>\\n<div><i class=\\\"bbs-keywords\\\">Business case example :</i>Adjust the supplier delivery calendar due to holiday or temporary schedule change</div>\\n<div><i class=\\\"bbs-keywords\\\">Mechanism : </i>Tool is capturing the actual defined supplier schedule for the given period in order to gather\\nfundamental service information (commercial contrat, address chain, service contract, schedule (order day & time, delivery day & time), store associated to the schedule \\n</div> \\n<div><i class=\\\"bbs-keywords\\\">Scenario : </i>\\n     <li><b class=\\\"bbs-keywords-scenario\\\">Not finding the supplier: </b>That means for the given period, there is no actual supplier schedule. To resolve that, extend the period in the search panel. You will be able to readjust the end period once you get to the detail adjustment section.\\n     </li>'\\n</div>\"}]"
5/20/2021 9:57:36 [mgarry] 26: "1 Object(s) returned... [FETCH]"
5/20/2021 9:57:41 [mgarry] 25: "945 Object(s) returned... [FETCH]"
5/20/2021 9:58:59 [mgarry] 19: "49 Object(s) returned... [FETCH]"
5/20/2021 10:40:5 [mgarry] 49: "BEGIN PKREQUESTMANAGER.CALLQUERY(49,'SUP0000002','mgarry','{HEINENS_CUSTOM_PROD}', '{AO1587872,05/23/2021,05/29/2021}','{HN}', :cursor); END;"
5/20/2021 10:40:6 [mgarry] 49: "23 Object(s) returned... [FETCH]"
5/20/2021 10:41:21 [mgarry] 50: "BEGIN PKREQUESTMANAGER.CALLQUERY(50,'SUP0000002','mgarry','{HEINENS_CUSTOM_PROD}', '{AO1587872,06/01/2021,06/05/2021}','{HN}', :cursor); END;"
5/20/2021 10:41:21 [mgarry] 50: "23 Object(s) returned... [FETCH]"
5/20/2021 10:47:7 [mgarry] 52: "BEGIN PKREQUESTMANAGER.CALLQUERY(52,'SCH0000001','mgarry','{HEINENS_CUSTOM_PROD}', '{AO1587872,AO15878C,0,AO15878S,06/01/2021,06/05/2021,mgarry,1,4,5,6,7,8,9,10,11,12,14,15,16,17,18,19,20,21,22,41,42,43,44}','{HN}', :cursor); END;"
5/20/2021 10:47:7 [mgarry] 52: "[{\"'ALTERED'\":\"altered\"}]"
5/20/2021 10:47:7 [mgarry] 52: "1 Object(s) returned... [FETCH]"
5/20/2021 10:47:8 [mgarry] 53: "BEGIN PKREQUESTMANAGER.CALLQUERY(53,'SCH0000002','mgarry','{HEINENS_CUSTOM_PROD}', '{AO1587872,AO15878C,0,AO15878S,06/04/2021,1010,06/10/2021,0600,mgarry,1,4,5,6,7,8,9,10,11,12,14,15,16,17,18,19,20,21,22,41,42,43,44}','{HN}', :cursor); END;"
5/20/2021 10:47:8 [mgarry] 53: "[{\"'ALTERED'\":\"altered\"}]"
5/20/2021 10:47:8 [mgarry] 53: "1 Object(s) returned... [FETCH]"
5/20/2021 10:47:17 [mgarry] 54: "BEGIN PKREQUESTMANAGER.CALLQUERY(54,'SCH0000001','mgarry','{HEINENS_CUSTOM_PROD}', '{AO1587872,AO15878C,0,AO15878S,06/01/2021,06/05/2021,mgarry,1,4,5,6,7,8,9,10,11,12,14,15,16,17,18,19,20,21,22,41,42,43,44}','{HN}', :cursor); END;"
5/20/2021 10:47:17 [mgarry] 54: "[{\"'ALTERED'\":\"altered\"}]"
5/20/2021 10:47:17 [mgarry] 54: "1 Object(s) returned... [FETCH]"
5/20/2021 10:47:17 [mgarry] 55: "BEGIN PKREQUESTMANAGER.CALLQUERY(55,'SCH0000002','mgarry','{HEINENS_CUSTOM_PROD}', '{AO1587872,AO15878C,0,AO15878S,06/04/2021,1010,06/09/2021,0600,mgarry,1,4,5,6,7,8,9,10,11,12,14,15,16,17,18,19,20,21,22,41,42,43,44}','{HN}', :cursor); END;"
5/20/2021 10:47:17 [mgarry] 55: "[{\"'ALTERED'\":\"altered\"}]"
5/20/2021 10:47:17 [mgarry] 55: "1 Object(s) returned... [FETCH]"
5/20/2021 10:47:30 [mgarry] 56: "BEGIN PKREQUESTMANAGER.CALLQUERY(56,'SUP0000002','mgarry','{HEINENS_CUSTOM_PROD}', '{AO1587872,05/24/2021,05/29/2021}','{HN}', :cursor); END;"
5/20/2021 10:47:31 [mgarry] 56: "23 Object(s) returned... [FETCH]"
5/20/2021 10:47:39 [mgarry] 57: "BEGIN PKREQUESTMANAGER.CALLQUERY(57,'SCH0000001','mgarry','{HEINENS_CUSTOM_PROD}', '{AO1587872,AO15878C,0,AO15878S,05/24/2021,05/29/2021,mgarry,1,4,5,6,7,8,9,10,11,12,14,15,16,17,18,19,20,21,22,41,42,43,44}','{HN}', :cursor); END;"
5/20/2021 10:47:39 [mgarry] 57: "[{\"'ALTERED'\":\"altered\"}]"
5/20/2021 10:47:39 [mgarry] 57: "1 Object(s) returned... [FETCH]"
5/20/2021 10:47:39 [mgarry] 58: "BEGIN PKREQUESTMANAGER.CALLQUERY(58,'SCH0000002','mgarry','{HEINENS_CUSTOM_PROD}', '{AO1587872,AO15878C,0,AO15878S,05/28/2021,1010,06/03/2021,0600,mgarry,1,4,5,6,7,8,9,10,11,12,14,15,16,17,18,19,20,21,22,41,42,43,44}','{HN}', :cursor); END;"
5/20/2021 10:47:40 [mgarry] 58: "[{\"'ALTERED'\":\"altered\"}]"
5/20/2021 10:47:40 [mgarry] 58: "1 Object(s) returned... [FETCH]"
5/20/2021 10:47:50 [mgarry] 59: "BEGIN PKREQUESTMANAGER.CALLQUERY(59,'SUP0000002','mgarry','{HEINENS_CUSTOM_PROD}', '{AO1587872,06/01/2021,06/05/2021}','{HN}', :cursor); END;"
5/20/2021 10:47:50 [mgarry] 59: "23 Object(s) returned... [FETCH]"
5/20/2021 10:48:58 [mgarry] 60: "BEGIN PKREQUESTMANAGER.CALLQUERY(60,'SUP0000002','mgarry','{HEINENS_CUSTOM_PROD}', '{AO0748172,06/01/2021,06/05/2021}','{HN}', :cursor); END;"
5/20/2021 10:48:58 [mgarry] 60: "[]"
5/20/2021 10:48:58 [mgarry] 60: "0 Object(s) returned... [FETCH]"
5/20/2021 10:49:38 [mgarry] 62: "BEGIN PKREQUESTMANAGER.CALLQUERY(62,'SUP0000002','mgarry','{HEINENS_CUSTOM_PROD}', '{AO0748172,05/23/2021,05/29/2021}','{HN}', :cursor); END;"
5/20/2021 10:49:38 [mgarry] 62: "23 Object(s) returned... [FETCH]"
5/20/2021 10:50:55 [mgarry] 66: "BEGIN PKREQUESTMANAGER.CALLQUERY(66,'SCH0000001','mgarry','{HEINENS_CUSTOM_PROD}', '{AO0748172,AO07481C,0,AO07481S,05/23/2021,05/29/2021,mgarry,1,4,5,6,7,8,9,10,11,12,14,15,16,17,18,19,20,21,22,41,42,43,44}','{HN}', :cursor); END;"
5/20/2021 10:50:55 [mgarry] 66: "[{\"'ALTERED'\":\"altered\"}]"
5/20/2021 10:50:55 [mgarry] 66: "1 Object(s) returned... [FETCH]"
5/20/2021 10:50:55 [mgarry] 67: "BEGIN PKREQUESTMANAGER.CALLQUERY(67,'SCH0000002','mgarry','{HEINENS_CUSTOM_PROD}', '{AO0748172,AO07481C,0,AO07481S,05/24/2021,1010,05/26/2021,0600,mgarry,1,4,5,6,7,8,9,10,11,12,14,15,16,17,18,19,20,21,22,41,42,43,44}','{HN}', :cursor); END;"
5/20/2021 10:50:55 [mgarry] 68: "BEGIN PKREQUESTMANAGER.CALLQUERY(68,'SCH0000002','mgarry','{HEINENS_CUSTOM_PROD}', '{AO0748172,AO07481C,0,AO07481S,05/28/2021,1010,06/02/2021,0600,mgarry,1,4,5,6,7,8,9,10,11,12,14,15,16,17,18,19,20,21,22,41,42,43,44}','{HN}', :cursor); END;"
5/20/2021 10:50:55 [mgarry] 67: "[{\"'ALTERED'\":\"altered\"}]"
5/20/2021 10:50:55 [mgarry] 67: "1 Object(s) returned... [FETCH]"
5/20/2021 10:50:55 [mgarry] 68: "[{\"'ALTERED'\":\"altered\"}]"
5/20/2021 10:50:55 [mgarry] 68: "1 Object(s) returned... [FETCH]"
5/20/2021 10:52:5 [mgarry] 69: "BEGIN PKREQUESTMANAGER.CALLQUERY(69,'SUP0000002','mgarry','{HEINENS_CUSTOM_PROD}', '{AO0759072,05/23/2021,05/29/2021}','{HN}', :cursor); END;"
5/20/2021 10:52:5 [mgarry] 69: "46 Object(s) returned... [FETCH]"
5/20/2021 10:53:52 [mgarry] 71: "BEGIN PKREQUESTMANAGER.CALLQUERY(71,'SCH0000001','mgarry','{HEINENS_CUSTOM_PROD}', '{AO0759072,AO07590C,0,AO07590S,05/23/2021,05/29/2021,mgarry,1,4,5,6,7,8,9,10,11,12,14,15,16,17,18,19,20,21,22,41,42,43,44}','{HN}', :cursor); END;"
5/20/2021 10:53:53 [mgarry] 71: "[{\"'ALTERED'\":\"altered\"}]"
5/20/2021 10:53:53 [mgarry] 71: "1 Object(s) returned... [FETCH]"
5/20/2021 10:53:53 [mgarry] 72: "BEGIN PKREQUESTMANAGER.CALLQUERY(72,'SCH0000002','mgarry','{HEINENS_CUSTOM_PROD}', '{AO0759072,AO07590C,0,AO07590S,05/25/2021,1010,06/01/2021,0600,mgarry,1,4,5,6,7,8,9,10,11,12,14,15,16,17,18,19,20,21,22,41,42,43,44}','{HN}', :cursor); END;"
5/20/2021 10:53:53 [mgarry] 73: "BEGIN PKREQUESTMANAGER.CALLQUERY(73,'SCH0000002','mgarry','{HEINENS_CUSTOM_PROD}', '{AO0759072,AO07590C,0,AO07590S,05/26/2021,1010,06/04/2021,0600,mgarry,1,4,5,6,7,8,9,10,11,12,14,15,16,17,18,19,20,21,22,41,42,43,44}','{HN}', :cursor); END;"
5/20/2021 10:53:53 [mgarry] 72: "[{\"'ALTERED'\":\"altered\"}]"
5/20/2021 10:53:53 [mgarry] 72: "1 Object(s) returned... [FETCH]"
5/20/2021 10:53:53 [mgarry] 73: "[{\"'ALTERED'\":\"altered\"}]"
5/20/2021 10:53:53 [mgarry] 73: "1 Object(s) returned... [FETCH]"
5/20/2021 10:54:11 [mgarry] 77: "BEGIN PKREQUESTMANAGER.CALLQUERY(77,'SUP0000002','mgarry','{HEINENS_CUSTOM_PROD}', '{AO0759072,05/23/2021,05/29/2021}','{HN}', :cursor); END;"
5/20/2021 10:54:11 [mgarry] 77: "46 Object(s) returned... [FETCH]"
5/20/2021 10:54:24 [mgarry] 78: "BEGIN PKREQUESTMANAGER.CALLQUERY(78,'SUP0000002','mgarry','{HEINENS_CUSTOM_PROD}', '{AO0759072,06/01/2021,06/05/2021}','{HN}', :cursor); END;"
5/20/2021 10:54:25 [mgarry] 78: "46 Object(s) returned... [FETCH]"
5/20/2021 11:24:8 [mgarry] 99: "BEGIN PKREQUESTMANAGER.CALLQUERY(99,'SUP0000002','mgarry','{HEINENS_CUSTOM_PROD}', '{AO0771872,05/23/2021,05/29/2021}','{HN}', :cursor); END;"
5/20/2021 11:24:8 [mgarry] 99: "115 Object(s) returned... [FETCH]"
5/20/2021 11:33:17 [mgarry] 107: "BEGIN PKREQUESTMANAGER.CALLQUERY(107,'SCH0000001','mgarry','{HEINENS_CUSTOM_PROD}', '{AO0771872,AO07718,0,AO07718,05/23/2021,05/29/2021,mgarry,1,4,5,6,7,8,9,10,11,12,14,15,16,17,18,19,20,21,22,41,42,43,44}','{HN}', :cursor); END;"
5/20/2021 11:33:18 [mgarry] 107: "[{\"'ALTERED'\":\"altered\"}]"
5/20/2021 11:33:18 [mgarry] 107: "1 Object(s) returned... [FETCH]"
5/20/2021 11:33:18 [mgarry] 108: "BEGIN PKREQUESTMANAGER.CALLQUERY(108,'SCH0000002','mgarry','{HEINENS_CUSTOM_PROD}', '{AO0771872,AO07718,0,AO07718,05/24/2021,1010,05/25/2021,0000,mgarry,1,4,5,6,7,8,9,10,11,12,14,15,16,17,18,19,20,21,22,41,42,43,44}','{HN}', :cursor); END;"
5/20/2021 11:33:18 [mgarry] 109: "BEGIN PKREQUESTMANAGER.CALLQUERY(109,'SCH0000002','mgarry','{HEINENS_CUSTOM_PROD}', '{AO0771872,AO07718,0,AO07718,05/27/2021,1010,05/28/2021,0000,mgarry,1,4,5,6,7,8,9,10,11,12,14,15,16,17,18,19,20,21,22,41,42,43,44}','{HN}', :cursor); END;"
5/20/2021 11:33:18 [mgarry] 110: "BEGIN PKREQUESTMANAGER.CALLQUERY(110,'SCH0000002','mgarry','{HEINENS_CUSTOM_PROD}', '{AO0771872,AO07718,0,AO07718,05/29/2021,2110,06/01/2021,0000,mgarry,1,4,5,6,7,8,9,10,11,12,14,15,16,17,18,19,20,21,22,41,42,43,44}','{HN}', :cursor); END;"
5/20/2021 11:33:18 [mgarry] 108: "[{\"'ALTERED'\":\"altered\"}]"
5/20/2021 11:33:18 [mgarry] 108: "1 Object(s) returned... [FETCH]"
5/20/2021 11:33:18 [mgarry] 109: "[{\"'ALTERED'\":\"altered\"}]"
5/20/2021 11:33:18 [mgarry] 109: "1 Object(s) returned... [FETCH]"
5/20/2021 11:33:18 [mgarry] 110: "[{\"'ALTERED'\":\"altered\"}]"
5/20/2021 11:33:18 [mgarry] 110: "1 Object(s) returned... [FETCH]"
5/20/2021 11:33:34 [mgarry] 111: "BEGIN PKREQUESTMANAGER.CALLQUERY(111,'SUP0000002','mgarry','{HEINENS_CUSTOM_PROD}', '{AO0771872,06/01/2021,06/05/2021}','{HN}', :cursor); END;"
5/20/2021 11:33:34 [mgarry] 111: "92 Object(s) returned... [FETCH]"
5/20/2021 11:43:15 [mgarry] 112: "BEGIN PKREQUESTMANAGER.CALLQUERY(112,'SUP0000002','mgarry','{HEINENS_CUSTOM_PROD}', '{AO0771872,05/30/2021,06/05/2021}','{HN}', :cursor); END;"
5/20/2021 11:43:16 [mgarry] 112: "115 Object(s) returned... [FETCH]"
5/20/2021 11:43:30 [mgarry] 113: "BEGIN PKREQUESTMANAGER.CALLQUERY(113,'SCH0000001','mgarry','{HEINENS_CUSTOM_PROD}', '{AO0771872,AO07718,0,AO07718,05/30/2021,06/05/2021,mgarry,1,4,5,6,7,8,9,10,11,12,14,15,16,17,18,19,20,21,22,41,42,43,44}','{HN}', :cursor); END;"
5/20/2021 11:43:31 [mgarry] 113: "[{\"'ALTERED'\":\"altered\"}]"
5/20/2021 11:43:31 [mgarry] 113: "1 Object(s) returned... [FETCH]"
5/20/2021 11:43:31 [mgarry] 114: "BEGIN PKREQUESTMANAGER.CALLQUERY(114,'SCH0000002','mgarry','{HEINENS_CUSTOM_PROD}', '{AO0771872,AO07718,0,AO07718,06/03/2021,1010,06/04/2021,0000,mgarry,1,4,5,6,7,8,9,10,11,12,14,15,16,17,18,19,20,21,22,41,42,43,44}','{HN}', :cursor); END;"
5/20/2021 11:43:31 [mgarry] 114: "[{\"'ALTERED'\":\"altered\"}]"
5/20/2021 11:43:31 [mgarry] 114: "1 Object(s) returned... [FETCH]"
5/20/2021 11:44:44 [mgarry] 115: "BEGIN PKREQUESTMANAGER.CALLQUERY(115,'SUP0000002','mgarry','{HEINENS_CUSTOM_PROD}', '{AO0771872,05/23/2021,06/05/2021}','{HN}', :cursor); END;"
5/20/2021 11:44:44 [mgarry] 115: "230 Object(s) returned... [FETCH]"
5/20/2021 11:45:6 [mgarry] 116: "BEGIN PKREQUESTMANAGER.CALLQUERY(116,'SCH0000001','mgarry','{HEINENS_CUSTOM_PROD}', '{AO0771872,AO07718C,3,AO07718S,05/23/2021,06/05/2021,mgarry,1,4,5,6,7,8,9,10,11,12,14,15,16,17,18,19,20,21,22,41,42,43,44}','{HN}', :cursor); END;"
5/20/2021 11:45:7 [mgarry] 116: "[{\"'ALTERED'\":\"altered\"}]"
5/20/2021 11:45:7 [mgarry] 116: "1 Object(s) returned... [FETCH]"
5/20/2021 11:45:7 [mgarry] 117: "BEGIN PKREQUESTMANAGER.CALLQUERY(117,'SCH0000002','mgarry','{HEINENS_CUSTOM_PROD}', '{AO0771872,AO07718C,3,AO07718S,05/25/2021,1010,05/26/2021,1400,mgarry,1,4,5,6,7,8,9,10,11,12,14,15,16,17,18,19,20,21,22,41,42,43,44}','{HN}', :cursor); END;"
5/20/2021 11:45:7 [mgarry] 118: "BEGIN PKREQUESTMANAGER.CALLQUERY(118,'SCH0000002','mgarry','{HEINENS_CUSTOM_PROD}', '{AO0771872,AO07718C,3,AO07718S,05/27/2021,1010,05/29/2021,1400,mgarry,1,4,5,6,7,8,9,10,11,12,14,15,16,17,18,19,20,21,22,41,42,43,44}','{HN}', :cursor); END;"
5/20/2021 11:45:7 [mgarry] 119: "BEGIN PKREQUESTMANAGER.CALLQUERY(119,'SCH0000002','mgarry','{HEINENS_CUSTOM_PROD}', '{AO0771872,AO07718C,3,AO07718S,05/29/2021,1010,06/01/2021,1400,mgarry,1,4,5,6,7,8,9,10,11,12,14,15,16,17,18,19,20,21,22,41,42,43,44}','{HN}', :cursor); END;"
5/20/2021 11:45:7 [mgarry] 120: "BEGIN PKREQUESTMANAGER.CALLQUERY(120,'SCH0000002','mgarry','{HEINENS_CUSTOM_PROD}', '{AO0771872,AO07718C,3,AO07718S,06/01/2021,1010,06/03/2021,1400,mgarry,1,4,5,6,7,8,9,10,11,12,14,15,16,17,18,19,20,21,22,41,42,43,44}','{HN}', :cursor); END;"
5/20/2021 11:45:7 [mgarry] 121: "BEGIN PKREQUESTMANAGER.CALLQUERY(121,'SCH0000002','mgarry','{HEINENS_CUSTOM_PROD}', '{AO0771872,AO07718C,3,AO07718S,06/03/2021,1010,06/05/2021,1400,mgarry,1,4,5,6,7,8,9,10,11,12,14,15,16,17,18,19,20,21,22,41,42,43,44}','{HN}', :cursor); END;"
5/20/2021 11:45:7 [mgarry] 122: "BEGIN PKREQUESTMANAGER.CALLQUERY(122,'SCH0000002','mgarry','{HEINENS_CUSTOM_PROD}', '{AO0771872,AO07718C,3,AO07718S,06/05/2021,1010,06/07/2021,1400,mgarry,1,4,5,6,7,8,9,10,11,12,14,15,16,17,18,19,20,21,22,41,42,43,44}','{HN}', :cursor); END;"
5/20/2021 11:45:7 [mgarry] 117: "[{\"'ALTERED'\":\"altered\"}]"
5/20/2021 11:45:7 [mgarry] 117: "1 Object(s) returned... [FETCH]"
5/20/2021 11:45:7 [mgarry] 118: "[{\"'ALTERED'\":\"altered\"}]"
5/20/2021 11:45:7 [mgarry] 118: "1 Object(s) returned... [FETCH]"
5/20/2021 11:45:7 [mgarry] 119: "[{\"'ALTERED'\":\"altered\"}]"
5/20/2021 11:45:7 [mgarry] 119: "1 Object(s) returned... [FETCH]"
5/20/2021 11:45:7 [mgarry] 121: "[{\"'ALTERED'\":\"altered\"}]"
5/20/2021 11:45:7 [mgarry] 121: "1 Object(s) returned... [FETCH]"
5/20/2021 11:45:7 [mgarry] 120: "[{\"'ALTERED'\":\"altered\"}]"
5/20/2021 11:45:7 [mgarry] 120: "1 Object(s) returned... [FETCH]"
5/20/2021 11:45:7 [mgarry] 122: "[{\"'ALTERED'\":\"altered\"}]"
5/20/2021 11:45:7 [mgarry] 122: "1 Object(s) returned... [FETCH]"
5/20/2021 11:47:37 [mgarry] 123: "BEGIN PKREQUESTMANAGER.CALLQUERY(123,'SCH0000001','mgarry','{HEINENS_CUSTOM_PROD}', '{AO0771872,AO07718C,3,AO07718S,05/23/2021,06/05/2021,mgarry,1,4,5,6,7,8,9,10,11,12,14,15,16,17,18,19,20,21,22,41,42,43,44}','{HN}', :cursor); END;"
5/20/2021 11:47:37 [mgarry] 123: "[{\"'ALTERED'\":\"altered\"}]"
5/20/2021 11:47:37 [mgarry] 123: "1 Object(s) returned... [FETCH]"
5/20/2021 11:47:37 [mgarry] 124: "BEGIN PKREQUESTMANAGER.CALLQUERY(124,'SCH0000002','mgarry','{HEINENS_CUSTOM_PROD}', '{AO0771872,AO07718C,3,AO07718S,05/25/2021,1010,05/26/2021,1400,mgarry,1,4,5,6,7,8,9,10,11,12,14,15,16,17,18,19,20,21,22,41,42,43,44}','{HN}', :cursor); END;"
5/20/2021 11:47:37 [mgarry] 125: "BEGIN PKREQUESTMANAGER.CALLQUERY(125,'SCH0000002','mgarry','{HEINENS_CUSTOM_PROD}', '{AO0771872,AO07718C,3,AO07718S,05/27/2021,1010,05/28/2021,1400,mgarry,1,4,5,6,7,8,9,10,11,12,14,15,16,17,18,19,20,21,22,41,42,43,44}','{HN}', :cursor); END;"
5/20/2021 11:47:37 [mgarry] 126: "BEGIN PKREQUESTMANAGER.CALLQUERY(126,'SCH0000002','mgarry','{HEINENS_CUSTOM_PROD}', '{AO0771872,AO07718C,3,AO07718S,06/01/2021,1010,06/02/2021,1400,mgarry,1,4,5,6,7,8,9,10,11,12,14,15,16,17,18,19,20,21,22,41,42,43,44}','{HN}', :cursor); END;"
5/20/2021 11:47:37 [mgarry] 127: "BEGIN PKREQUESTMANAGER.CALLQUERY(127,'SCH0000002','mgarry','{HEINENS_CUSTOM_PROD}', '{AO0771872,AO07718C,3,AO07718S,05/29/2021,1010,06/01/2021,1400,mgarry,1,4,5,6,7,8,9,10,11,12,14,15,16,17,18,19,20,21,22,41,42,43,44}','{HN}', :cursor); END;"
5/20/2021 11:47:37 [mgarry] 128: "BEGIN PKREQUESTMANAGER.CALLQUERY(128,'SCH0000002','mgarry','{HEINENS_CUSTOM_PROD}', '{AO0771872,AO07718C,3,AO07718S,06/05/2021,1010,06/07/2021,1400,mgarry,1,4,5,6,7,8,9,10,11,12,14,15,16,17,18,19,20,21,22,41,42,43,44}','{HN}', :cursor); END;"
5/20/2021 11:47:37 [mgarry] 129: "BEGIN PKREQUESTMANAGER.CALLQUERY(129,'SCH0000002','mgarry','{HEINENS_CUSTOM_PROD}', '{AO0771872,AO07718C,3,AO07718S,06/03/2021,1010,06/04/2021,1400,mgarry,1,4,5,6,7,8,9,10,11,12,14,15,16,17,18,19,20,21,22,41,42,43,44}','{HN}', :cursor); END;"
5/20/2021 11:47:37 [mgarry] 124: "[{\"'ALTERED'\":\"altered\"}]"
5/20/2021 11:47:37 [mgarry] 124: "1 Object(s) returned... [FETCH]"
5/20/2021 11:47:38 [mgarry] 126: "[{\"'ALTERED'\":\"altered\"}]"
5/20/2021 11:47:38 [mgarry] 126: "1 Object(s) returned... [FETCH]"
5/20/2021 11:47:38 [mgarry] 128: "[{\"'ALTERED'\":\"altered\"}]"
5/20/2021 11:47:38 [mgarry] 128: "1 Object(s) returned... [FETCH]"
5/20/2021 11:47:38 [mgarry] 125: "[{\"'ALTERED'\":\"altered\"}]"
5/20/2021 11:47:38 [mgarry] 125: "1 Object(s) returned... [FETCH]"
5/20/2021 11:47:38 [mgarry] 129: "[{\"'ALTERED'\":\"altered\"}]"
5/20/2021 11:47:38 [mgarry] 129: "1 Object(s) returned... [FETCH]"
5/20/2021 11:47:38 [mgarry] 127: "[{\"'ALTERED'\":\"altered\"}]"
5/20/2021 11:47:38 [mgarry] 127: "1 Object(s) returned... [FETCH]"
5/20/2021 11:50:4 [mgarry] 130: "BEGIN PKREQUESTMANAGER.CALLQUERY(130,'SUP0000002','mgarry','{HEINENS_CUSTOM_PROD}', '{AO1468572,05/23/2021,06/05/2021}','{HN}', :cursor); END;"
5/20/2021 11:50:5 [mgarry] 130: "46 Object(s) returned... [FETCH]"
5/20/2021 11:52:2 [mgarry] 131: "BEGIN PKREQUESTMANAGER.CALLQUERY(131,'SCH0000001','mgarry','{HEINENS_CUSTOM_PROD}', '{AO1468572,AO14685C,0,AO14685S,05/23/2021,06/05/2021,mgarry,1,4,5,6,7,8,9,10,11,12,14,15,16,17,18,19,20,21,22,41,42,43,44}','{HN}', :cursor); END;"
5/20/2021 11:52:3 [mgarry] 131: "[{\"'ALTERED'\":\"altered\"}]"
5/20/2021 11:52:3 [mgarry] 131: "1 Object(s) returned... [FETCH]"
5/20/2021 11:52:3 [mgarry] 132: "BEGIN PKREQUESTMANAGER.CALLQUERY(132,'SCH0000002','mgarry','{HEINENS_CUSTOM_PROD}', '{AO1468572,AO14685C,0,AO14685S,05/24/2021,1010,06/03/2021,1400,mgarry,1,4,5,6,7,8,9,10,11,12,14,15,16,17,18,19,20,21,22,41,42,43,44}','{HN}', :cursor); END;"
5/20/2021 11:52:3 [mgarry] 133: "BEGIN PKREQUESTMANAGER.CALLQUERY(133,'SCH0000002','mgarry','{HEINENS_CUSTOM_PROD}', '{AO1468572,AO14685C,0,AO14685S,05/31/2021,1010,06/09/2021,1400,mgarry,1,4,5,6,7,8,9,10,11,12,14,15,16,17,18,19,20,21,22,41,42,43,44}','{HN}', :cursor); END;"
5/20/2021 11:52:3 [mgarry] 134: "BEGIN PKREQUESTMANAGER.CALLQUERY(134,'SCH0000002','mgarry','{HEINENS_CUSTOM_PROD}', '{AO1468572,AO14685C,0,AO14685S,05/28/2021,1010,06/08/2021,1400,mgarry,1,4,5,6,7,8,9,10,11,12,14,15,16,17,18,19,20,21,22,41,42,43,44}','{HN}', :cursor); END;"
5/20/2021 11:52:3 [mgarry] 132: "[{\"'ALTERED'\":\"altered\"}]"
5/20/2021 11:52:3 [mgarry] 132: "1 Object(s) returned... [FETCH]"
5/20/2021 11:52:3 [mgarry] 133: "[{\"'ALTERED'\":\"altered\"}]"
5/20/2021 11:52:3 [mgarry] 133: "1 Object(s) returned... [FETCH]"
5/20/2021 11:52:3 [mgarry] 134: "[{\"'ALTERED'\":\"altered\"}]"
5/20/2021 11:52:3 [mgarry] 134: "1 Object(s) returned... [FETCH]"
5/20/2021 11:54:46 [mgarry] 135: "BEGIN PKREQUESTMANAGER.CALLQUERY(135,'SUP0000002','mgarry','{HEINENS_CUSTOM_PROD}', '{AO1573572,05/23/2021,06/05/2021}','{HN}', :cursor); END;"
5/20/2021 11:54:46 [mgarry] 135: "46 Object(s) returned... [FETCH]"
5/20/2021 11:56:31 [mgarry] 136: "BEGIN PKREQUESTMANAGER.CALLQUERY(136,'SCH0000001','mgarry','{HEINENS_CUSTOM_PROD}', '{AO1573572,AO15735C,0,AO15735S,05/23/2021,06/05/2021,mgarry,1,4,5,6,7,8,9,10,11,12,14,15,16,17,18,19,20,21,22,41,42,43,44}','{HN}', :cursor); END;"
5/20/2021 11:56:31 [mgarry] 136: "[{\"'ALTERED'\":\"altered\"}]"
5/20/2021 11:56:31 [mgarry] 136: "1 Object(s) returned... [FETCH]"
5/20/2021 11:56:31 [mgarry] 137: "BEGIN PKREQUESTMANAGER.CALLQUERY(137,'SCH0000002','mgarry','{HEINENS_CUSTOM_PROD}', '{AO1573572,AO15735C,0,AO15735S,05/24/2021,1010,06/02/2021,0000,mgarry,1,4,5,6,7,8,9,10,11,12,14,15,16,17,18,19,20,21,22,41,42,43,44}','{HN}', :cursor); END;"
5/20/2021 11:56:31 [mgarry] 138: "BEGIN PKREQUESTMANAGER.CALLQUERY(138,'SCH0000002','mgarry','{HEINENS_CUSTOM_PROD}', '{AO1573572,AO15735C,0,AO15735S,06/01/2021,1010,06/09/2021,0000,mgarry,1,4,5,6,7,8,9,10,11,12,14,15,16,17,18,19,20,21,22,41,42,43,44}','{HN}', :cursor); END;"
5/20/2021 11:56:31 [mgarry] 137: "[{\"'ALTERED'\":\"altered\"}]"
5/20/2021 11:56:31 [mgarry] 137: "1 Object(s) returned... [FETCH]"
5/20/2021 11:56:31 [mgarry] 138: "[{\"'ALTERED'\":\"altered\"}]"
5/20/2021 11:56:31 [mgarry] 138: "1 Object(s) returned... [FETCH]"
5/20/2021 11:57:54 [mgarry] 139: "BEGIN PKREQUESTMANAGER.CALLQUERY(139,'SUP0000002','mgarry','{HEINENS_CUSTOM_PROD}', '{AO1606572,05/23/2021,06/05/2021}','{HN}', :cursor); END;"
5/20/2021 11:57:55 [mgarry] 139: "46 Object(s) returned... [FETCH]"
5/20/2021 12:0:59 [mgarry] 140: "BEGIN PKREQUESTMANAGER.CALLQUERY(140,'SUP0000002','mgarry','{HEINENS_CUSTOM_PROD}', '{AO1531972,05/23/2021,06/05/2021}','{HN}', :cursor); END;"
5/20/2021 12:0:59 [mgarry] 140: "46 Object(s) returned... [FETCH]"
5/20/2021 12:7:40 [mgarry] 141: "BEGIN PKREQUESTMANAGER.CALLQUERY(141,'SCH0000001','mgarry','{HEINENS_CUSTOM_PROD}', '{AO1531972,AO15319C,0,AO15319S,05/23/2021,06/05/2021,mgarry,1,4,5,6,7,8,9,10,11,12,14,15,16,17,18,19,20,21,22,41,42,43,44}','{HN}', :cursor); END;"
5/20/2021 12:7:41 [mgarry] 141: "[{\"'ALTERED'\":\"altered\"}]"
5/20/2021 12:7:41 [mgarry] 141: "1 Object(s) returned... [FETCH]"
5/20/2021 12:7:41 [mgarry] 142: "BEGIN PKREQUESTMANAGER.CALLQUERY(142,'SCH0000002','mgarry','{HEINENS_CUSTOM_PROD}', '{AO1531972,AO15319C,0,AO15319S,05/24/2021,1010,05/26/2021,0600,mgarry,1,4,5,6,7,8,9,10,11,12,14,15,16,17,18,19,20,21,22,41,42,43,44}','{HN}', :cursor); END;"
5/20/2021 12:7:41 [mgarry] 143: "BEGIN PKREQUESTMANAGER.CALLQUERY(143,'SCH0000002','mgarry','{HEINENS_CUSTOM_PROD}', '{AO1531972,AO15319C,0,AO15319S,05/28/2021,1010,06/04/2021,0600,mgarry,1,4,5,6,7,8,9,10,11,12,14,15,16,17,18,19,20,21,22,41,42,43,44}','{HN}', :cursor); END;"
5/20/2021 12:7:41 [mgarry] 142: "[{\"'ALTERED'\":\"altered\"}]"
5/20/2021 12:7:41 [mgarry] 142: "1 Object(s) returned... [FETCH]"
5/20/2021 12:7:41 [mgarry] 143: "[{\"'ALTERED'\":\"altered\"}]"
5/20/2021 12:7:41 [mgarry] 143: "1 Object(s) returned... [FETCH]"
5/20/2021 12:8:41 [mgarry] 144: "BEGIN PKREQUESTMANAGER.CALLQUERY(144,'SCH0000001','mgarry','{HEINENS_CUSTOM_PROD}', '{AO1531972,AO15319C,0,AO15319S,05/23/2021,06/05/2021,mgarry,1,4,5,6,7,8,9,10,11,12,14,15,16,17,18,19,20,21,22,41,42,43,44}','{HN}', :cursor); END;"
5/20/2021 12:8:41 [mgarry] 144: "[{\"'ALTERED'\":\"altered\"}]"
5/20/2021 12:8:41 [mgarry] 144: "1 Object(s) returned... [FETCH]"
5/20/2021 12:8:41 [mgarry] 145: "BEGIN PKREQUESTMANAGER.CALLQUERY(145,'SCH0000002','mgarry','{HEINENS_CUSTOM_PROD}', '{AO1531972,AO15319C,0,AO15319S,05/24/2021,1010,05/28/2021,0600,mgarry,1,4,5,6,7,8,9,10,11,12,14,15,16,17,18,19,20,21,22,41,42,43,44}','{HN}', :cursor); END;"
5/20/2021 12:8:41 [mgarry] 146: "BEGIN PKREQUESTMANAGER.CALLQUERY(146,'SCH0000002','mgarry','{HEINENS_CUSTOM_PROD}', '{AO1531972,AO15319C,0,AO15319S,05/28/2021,1010,06/04/2021,0600,mgarry,1,4,5,6,7,8,9,10,11,12,14,15,16,17,18,19,20,21,22,41,42,43,44}','{HN}', :cursor); END;"
5/20/2021 12:8:41 [mgarry] 145: "[{\"'ALTERED'\":\"altered\"}]"
5/20/2021 12:8:41 [mgarry] 145: "1 Object(s) returned... [FETCH]"
5/20/2021 12:8:41 [mgarry] 146: "[{\"'ALTERED'\":\"altered\"}]"
5/20/2021 12:8:41 [mgarry] 146: "1 Object(s) returned... [FETCH]"
5/20/2021 12:15:28 [mgarry] 147: "BEGIN PKREQUESTMANAGER.CALLQUERY(147,'SUP0000002','mgarry','{HEINENS_CUSTOM_PROD}', '{AO1356972,05/23/2021,06/05/2021}','{HN}', :cursor); END;"
5/20/2021 12:15:29 [mgarry] 147: "46 Object(s) returned... [FETCH]"
5/20/2021 12:18:50 [mgarry] 148: "BEGIN PKREQUESTMANAGER.CALLQUERY(148,'SCH0000001','mgarry','{HEINENS_CUSTOM_PROD}', '{AO1356972,AO13569C,0,AO13569S,05/23/2021,06/05/2021,mgarry,1,4,5,6,7,8,9,10,11,12,14,15,16,17,18,19,20,21,22,41,42,43,44}','{HN}', :cursor); END;"
5/20/2021 12:18:50 [mgarry] 148: "[{\"'ALTERED'\":\"altered\"}]"
5/20/2021 12:18:50 [mgarry] 148: "1 Object(s) returned... [FETCH]"
5/20/2021 12:18:51 [mgarry] 149: "BEGIN PKREQUESTMANAGER.CALLQUERY(149,'SCH0000002','mgarry','{HEINENS_CUSTOM_PROD}', '{AO1356972,AO13569C,0,AO13569S,05/24/2021,1010,06/02/2021,1400,mgarry,1,4,5,6,7,8,9,10,11,12,14,15,16,17,18,19,20,21,22,41,42,43,44}','{HN}', :cursor); END;"
5/20/2021 12:18:51 [mgarry] 150: "BEGIN PKREQUESTMANAGER.CALLQUERY(150,'SCH0000002','mgarry','{HEINENS_CUSTOM_PROD}', '{AO1356972,AO13569C,0,AO13569S,06/01/2021,1010,06/08/2021,1400,mgarry,1,4,5,6,7,8,9,10,11,12,14,15,16,17,18,19,20,21,22,41,42,43,44}','{HN}', :cursor); END;"
5/20/2021 12:18:51 [mgarry] 149: "[{\"'ALTERED'\":\"altered\"}]"
5/20/2021 12:18:51 [mgarry] 149: "1 Object(s) returned... [FETCH]"
5/20/2021 12:18:51 [mgarry] 150: "[{\"'ALTERED'\":\"altered\"}]"
5/20/2021 12:18:51 [mgarry] 150: "1 Object(s) returned... [FETCH]"
5/20/2021 12:20:31 [mgarry] 151: "BEGIN PKREQUESTMANAGER.CALLQUERY(151,'SUP0000002','mgarry','{HEINENS_CUSTOM_PROD}', '{00257,05/23/2021,06/05/2021}','{HN}', :cursor); END;"
5/20/2021 12:20:32 [mgarry] 151: "100 Object(s) returned... [FETCH]"
5/20/2021 12:26:44 [mgarry] 152: "BEGIN PKREQUESTMANAGER.CALLQUERY(152,'SCH0000001','mgarry','{HEINENS_CUSTOM_PROD}', '{00257,00257CC,0,00257SC,05/23/2021,06/05/2021,mgarry,1,4,5,6,7,8,9,10,11,12,14,15,16,17,18,19,20,21,22,41,42,43,44}','{HN}', :cursor); END;"
5/20/2021 12:26:44 [mgarry] 153: "BEGIN PKREQUESTMANAGER.CALLQUERY(153,'SCH0000001','mgarry','{HEINENS_CUSTOM_PROD}', '{00257,00257CC,0,00257SC,05/23/2021,06/05/2021,mgarry,99918,99953}','{HN}', :cursor); END;"
5/20/2021 12:26:44 [mgarry] 153: "[{\"'ALTERED'\":\"altered\"}]"
5/20/2021 12:26:44 [mgarry] 153: "1 Object(s) returned... [FETCH]"
5/20/2021 12:26:44 [mgarry] 152: "[{\"'ALTERED'\":\"altered\"}]"
5/20/2021 12:26:44 [mgarry] 152: "1 Object(s) returned... [FETCH]"
5/20/2021 12:26:44 [mgarry] 154: "BEGIN PKREQUESTMANAGER.CALLQUERY(154,'SCH0000002','mgarry','{HEINENS_CUSTOM_PROD}', '{00257,00257CC,0,00257SC,05/24/2021,0810,05/26/2021,0600,mgarry,1,4,5,6,7,8,9,10,11,12,14,15,16,17,18,19,20,21,22,41,42,43,44}','{HN}', :cursor); END;"
5/20/2021 12:26:45 [mgarry] 155: "BEGIN PKREQUESTMANAGER.CALLQUERY(155,'SCH0000002','mgarry','{HEINENS_CUSTOM_PROD}', '{00257,00257CC,0,00257SC,06/01/2021,0810,06/05/2021,0600,mgarry,1,4,5,6,7,8,9,10,11,12,14,15,16,17,18,19,20,21,22,41,42,43,44}','{HN}', :cursor); END;"
5/20/2021 12:26:45 [mgarry] 156: "BEGIN PKREQUESTMANAGER.CALLQUERY(156,'SCH0000002','mgarry','{HEINENS_CUSTOM_PROD}', '{00257,00257CC,0,00257SC,05/24/2021,0810,05/26/2021,0600,mgarry,99918,99953}','{HN}', :cursor); END;"
5/20/2021 12:26:45 [mgarry] 157: "BEGIN PKREQUESTMANAGER.CALLQUERY(157,'SCH0000002','mgarry','{HEINENS_CUSTOM_PROD}', '{00257,00257CC,0,00257SC,06/01/2021,0810,06/05/2021,0600,mgarry,99918,99953}','{HN}', :cursor); END;"
5/20/2021 12:26:45 [mgarry] 154: "[{\"'ALTERED'\":\"altered\"}]"
5/20/2021 12:26:45 [mgarry] 154: "1 Object(s) returned... [FETCH]"
5/20/2021 12:26:45 [mgarry] 155: "[{\"'ALTERED'\":\"altered\"}]"
5/20/2021 12:26:45 [mgarry] 155: "1 Object(s) returned... [FETCH]"
5/20/2021 12:26:45 [mgarry] 156: "[{\"'ALTERED'\":\"altered\"}]"
5/20/2021 12:26:45 [mgarry] 156: "1 Object(s) returned... [FETCH]"
5/20/2021 12:26:45 [mgarry] 157: "[{\"'ALTERED'\":\"altered\"}]"
5/20/2021 12:26:45 [mgarry] 157: "1 Object(s) returned... [FETCH]"
5/20/2021 12:42:48 [mgarry] 168: "BEGIN PKREQUESTMANAGER.CALLQUERY(168,'SCH0000001','mgarry','{HEINENS_CUSTOM_PROD}', '{00257,00257CCC,0,00257SCC,05/23/2021,06/05/2021,mgarry,99953}','{HN}', :cursor); END;"
5/20/2021 12:42:48 [mgarry] 169: "BEGIN PKREQUESTMANAGER.CALLQUERY(169,'SCH0000001','mgarry','{HEINENS_CUSTOM_PROD}', '{00257,00257CCC,0,00257SCC,05/23/2021,06/05/2021,mgarry,99918}','{HN}', :cursor); END;"
5/20/2021 12:42:48 [mgarry] 170: "BEGIN PKREQUESTMANAGER.CALLQUERY(170,'SCH0000001','mgarry','{HEINENS_CUSTOM_PROD}', '{00257,00257CCC,0,00257SCC,05/23/2021,06/05/2021,mgarry,1,4,5,6,7,8,9,10,11,12,14,15,16,17,18,19,20,21,22,41,42,43,44}','{HN}', :cursor); END;"
5/20/2021 12:42:48 [mgarry] 168: "[{\"'ALTERED'\":\"altered\"}]"
5/20/2021 12:42:48 [mgarry] 168: "1 Object(s) returned... [FETCH]"
5/20/2021 12:42:48 [mgarry] 169: "[{\"'ALTERED'\":\"altered\"}]"
5/20/2021 12:42:48 [mgarry] 169: "1 Object(s) returned... [FETCH]"
5/20/2021 12:42:48 [mgarry] 170: "[{\"'ALTERED'\":\"altered\"}]"
5/20/2021 12:42:48 [mgarry] 170: "1 Object(s) returned... [FETCH]"
5/20/2021 12:42:48 [mgarry] 171: "BEGIN PKREQUESTMANAGER.CALLQUERY(171,'SCH0000002','mgarry','{HEINENS_CUSTOM_PROD}', '{00257,00257CCC,0,00257SCC,05/24/2021,0810,05/29/2021,0600,mgarry,1,4,5,6,7,8,9,10,11,12,14,15,16,17,18,19,20,21,22,41,42,43,44}','{HN}', :cursor); END;"
5/20/2021 12:42:48 [mgarry] 172: "BEGIN PKREQUESTMANAGER.CALLQUERY(172,'SCH0000002','mgarry','{HEINENS_CUSTOM_PROD}', '{00257,00257CCC,0,00257SCC,06/01/2021,0810,06/05/2021,0600,mgarry,1,4,5,6,7,8,9,10,11,12,14,15,16,17,18,19,20,21,22,41,42,43,44}','{HN}', :cursor); END;"
5/20/2021 12:42:48 [mgarry] 173: "BEGIN PKREQUESTMANAGER.CALLQUERY(173,'SCH0000002','mgarry','{HEINENS_CUSTOM_PROD}', '{00257,00257CCC,0,00257SCC,05/24/2021,0810,05/29/2021,0600,mgarry,99953}','{HN}', :cursor); END;"
5/20/2021 12:42:48 [mgarry] 174: "BEGIN PKREQUESTMANAGER.CALLQUERY(174,'SCH0000002','mgarry','{HEINENS_CUSTOM_PROD}', '{00257,00257CCC,0,00257SCC,05/24/2021,1010,05/29/2021,0600,mgarry,99918}','{HN}', :cursor); END;"
5/20/2021 12:42:48 [mgarry] 175: "BEGIN PKREQUESTMANAGER.CALLQUERY(175,'SCH0000002','mgarry','{HEINENS_CUSTOM_PROD}', '{00257,00257CCC,0,00257SCC,06/01/2021,0810,06/05/2021,0600,mgarry,99953}','{HN}', :cursor); END;"
5/20/2021 12:42:48 [mgarry] 176: "BEGIN PKREQUESTMANAGER.CALLQUERY(176,'SCH0000002','mgarry','{HEINENS_CUSTOM_PROD}', '{00257,00257CCC,0,00257SCC,06/01/2021,1010,06/05/2021,0600,mgarry,99918}','{HN}', :cursor); END;"
5/20/2021 12:42:49 [mgarry] 172: "[{\"'ALTERED'\":\"altered\"}]"
5/20/2021 12:42:49 [mgarry] 172: "1 Object(s) returned... [FETCH]"
5/20/2021 12:42:49 [mgarry] 171: "[{\"'ALTERED'\":\"altered\"}]"
5/20/2021 12:42:49 [mgarry] 171: "1 Object(s) returned... [FETCH]"
5/20/2021 12:42:49 [mgarry] 173: "[{\"'ALTERED'\":\"altered\"}]"
5/20/2021 12:42:49 [mgarry] 173: "1 Object(s) returned... [FETCH]"
5/20/2021 12:42:49 [mgarry] 175: "[{\"'ALTERED'\":\"altered\"}]"
5/20/2021 12:42:49 [mgarry] 175: "1 Object(s) returned... [FETCH]"
5/20/2021 12:42:49 [mgarry] 174: "[{\"'ALTERED'\":\"altered\"}]"
5/20/2021 12:42:49 [mgarry] 174: "1 Object(s) returned... [FETCH]"
5/20/2021 12:42:49 [mgarry] 176: "[{\"'ALTERED'\":\"altered\"}]"
5/20/2021 12:42:49 [mgarry] 176: "1 Object(s) returned... [FETCH]"
5/20/2021 12:45:6 [mgarry] 183: "BEGIN PKREQUESTMANAGER.CALLQUERY(183,'SUP0000002','mgarry','{HEINENS_CUSTOM_PROD}', '{08065,05/23/2021,06/05/2021}','{HN}', :cursor); END;"
5/20/2021 12:45:6 [mgarry] 183: "484 Object(s) returned... [FETCH]"
5/20/2021 14:1:37 [mgarry] 248: "BEGIN PKREQUESTMANAGER.CALLQUERY(248,'SUP0000002','mgarry','{HEINENS_CUSTOM_PROD}', '{AO1543572,05/23/2021,06/05/2021}','{HN}', :cursor); END;"
5/20/2021 14:1:37 [mgarry] 248: "[]"
5/20/2021 14:1:37 [mgarry] 248: "0 Object(s) returned... [FETCH]"
5/20/2021 14:1:48 [mgarry] 249: "BEGIN PKREQUESTMANAGER.CALLQUERY(249,'SUP0000002','mgarry','{HEINENS_CUSTOM_PROD}', '{AO1542572,05/23/2021,06/05/2021}','{HN}', :cursor); END;"
5/20/2021 14:1:49 [mgarry] 249: "46 Object(s) returned... [FETCH]"
5/20/2021 14:5:18 [mgarry] 250: "BEGIN PKREQUESTMANAGER.CALLQUERY(250,'SCH0000001','mgarry','{HEINENS_CUSTOM_PROD}', '{AO1542572,AO15425C,0,AO15425S,05/23/2021,06/05/2021,mgarry,1,4,5,6,7,8,9,10,11,12,14,15,16,17,18,19,20,21,22,41,42,43,44}','{HN}', :cursor); END;"
5/20/2021 14:5:19 [mgarry] 250: "[{\"'ALTERED'\":\"altered\"}]"
5/20/2021 14:5:19 [mgarry] 250: "1 Object(s) returned... [FETCH]"
5/20/2021 14:5:19 [mgarry] 251: "BEGIN PKREQUESTMANAGER.CALLQUERY(251,'SCH0000002','mgarry','{HEINENS_CUSTOM_PROD}', '{AO1542572,AO15425C,0,AO15425S,05/24/2021,1010,05/26/2021,0600,mgarry,1,4,5,6,7,8,9,10,11,12,14,15,16,17,18,19,20,21,22,41,42,43,44}','{HN}', :cursor); END;"
5/20/2021 14:5:19 [mgarry] 252: "BEGIN PKREQUESTMANAGER.CALLQUERY(252,'SCH0000002','mgarry','{HEINENS_CUSTOM_PROD}', '{AO1542572,AO15425C,0,AO15425S,06/01/2021,1010,06/02/2021,0600,mgarry,1,4,5,6,7,8,9,10,11,12,14,15,16,17,18,19,20,21,22,41,42,43,44}','{HN}', :cursor); END;"
5/20/2021 14:5:19 [mgarry] 251: "[{\"'ALTERED'\":\"altered\"}]"
5/20/2021 14:5:19 [mgarry] 251: "1 Object(s) returned... [FETCH]"
5/20/2021 14:5:19 [mgarry] 252: "[{\"'ALTERED'\":\"altered\"}]"
5/20/2021 14:5:19 [mgarry] 252: "1 Object(s) returned... [FETCH]"
5/20/2021 14:6:9 [mgarry] 253: "BEGIN PKREQUESTMANAGER.CALLQUERY(253,'SUP0000002','mgarry','{HEINENS_CUSTOM_PROD}', '{AO1477172,05/23/2021,06/05/2021}','{HN}', :cursor); END;"
5/20/2021 14:6:9 [mgarry] 253: "46 Object(s) returned... [FETCH]"
5/20/2021 14:6:52 [mgarry] 254: "BEGIN PKREQUESTMANAGER.CALLQUERY(254,'SCH0000001','mgarry','{HEINENS_CUSTOM_PROD}', '{AO1477172,AO14771C,0,AO14771S,05/23/2021,06/05/2021,mgarry,1,4,5,6,7,8,9,10,11,12,14,15,16,17,18,19,20,21,22,41,42,43,44}','{HN}', :cursor); END;"
5/20/2021 14:6:53 [mgarry] 254: "[{\"'ALTERED'\":\"altered\"}]"
5/20/2021 14:6:53 [mgarry] 254: "1 Object(s) returned... [FETCH]"
5/20/2021 14:6:53 [mgarry] 255: "BEGIN PKREQUESTMANAGER.CALLQUERY(255,'SCH0000002','mgarry','{HEINENS_CUSTOM_PROD}', '{AO1477172,AO14771C,0,AO14771S,05/24/2021,1010,05/28/2021,0600,mgarry,1,4,5,6,7,8,9,10,11,12,14,15,16,17,18,19,20,21,22,41,42,43,44}','{HN}', :cursor); END;"
5/20/2021 14:6:53 [mgarry] 256: "BEGIN PKREQUESTMANAGER.CALLQUERY(256,'SCH0000002','mgarry','{HEINENS_CUSTOM_PROD}', '{AO1477172,AO14771C,0,AO14771S,06/01/2021,1010,06/05/2021,0600,mgarry,1,4,5,6,7,8,9,10,11,12,14,15,16,17,18,19,20,21,22,41,42,43,44}','{HN}', :cursor); END;"
5/20/2021 14:6:53 [mgarry] 255: "[{\"'ALTERED'\":\"altered\"}]"
5/20/2021 14:6:53 [mgarry] 255: "1 Object(s) returned... [FETCH]"
5/20/2021 14:6:53 [mgarry] 256: "[{\"'ALTERED'\":\"altered\"}]"
5/20/2021 14:6:53 [mgarry] 256: "1 Object(s) returned... [FETCH]"
5/20/2021 14:14:7 [mgarry] 259: "BEGIN PKREQUESTMANAGER.CALLQUERY(259,'SUP0000002','mgarry','{HEINENS_CUSTOM_PROD}', '{AO0180272,05/23/2021,06/05/2021}','{HN}', :cursor); END;"
5/20/2021 14:14:7 [mgarry] 259: "46 Object(s) returned... [FETCH]"
5/20/2021 14:15:46 [mgarry] 263: "BEGIN PKREQUESTMANAGER.CALLQUERY(263,'SCH0000001','mgarry','{HEINENS_CUSTOM_PROD}', '{AO0180272,AO01802C,0,AO01802S,05/23/2021,06/05/2021,mgarry,1,4,5,6,7,8,9,10,11,12,14,15,16,17,18,19,20,21,22,41,42,43,44}','{HN}', :cursor); END;"
5/20/2021 14:15:46 [mgarry] 263: "[{\"'ALTERED'\":\"altered\"}]"
5/20/2021 14:15:46 [mgarry] 263: "1 Object(s) returned... [FETCH]"
5/20/2021 14:15:46 [mgarry] 264: "BEGIN PKREQUESTMANAGER.CALLQUERY(264,'SCH0000002','mgarry','{HEINENS_CUSTOM_PROD}', '{AO0180272,AO01802C,0,AO01802S,05/24/2021,1010,05/26/2021,0600,mgarry,1,4,5,6,7,8,9,10,11,12,14,15,16,17,18,19,20,21,22,41,42,43,44}','{HN}', :cursor); END;"
5/20/2021 14:15:46 [mgarry] 265: "BEGIN PKREQUESTMANAGER.CALLQUERY(265,'SCH0000002','mgarry','{HEINENS_CUSTOM_PROD}', '{AO0180272,AO01802C,0,AO01802S,05/28/2021,1010,06/02/2021,0600,mgarry,1,4,5,6,7,8,9,10,11,12,14,15,16,17,18,19,20,21,22,41,42,43,44}','{HN}', :cursor); END;"
5/20/2021 14:15:46 [mgarry] 264: "[{\"'ALTERED'\":\"altered\"}]"
5/20/2021 14:15:46 [mgarry] 264: "1 Object(s) returned... [FETCH]"
5/20/2021 14:15:46 [mgarry] 265: "[{\"'ALTERED'\":\"altered\"}]"
5/20/2021 14:15:46 [mgarry] 265: "1 Object(s) returned... [FETCH]"
5/20/2021 14:16:42 [mgarry] 266: "BEGIN PKREQUESTMANAGER.CALLQUERY(266,'SUP0000002','mgarry','{HEINENS_CUSTOM_PROD}', '{AO1244272,05/23/2021,06/05/2021}','{HN}', :cursor); END;"
5/20/2021 14:16:42 [mgarry] 266: "46 Object(s) returned... [FETCH]"
5/20/2021 14:18:29 [mgarry] 271: "BEGIN PKREQUESTMANAGER.CALLQUERY(271,'SCH0000001','mgarry','{HEINENS_CUSTOM_PROD}', '{AO1244272,AO12442C,0,AO12442S,05/23/2021,06/05/2021,mgarry,1,4,5,6,7,8,9,10,11,12,14,15,16,17,18,19,20,21,22,41,42,43,44}','{HN}', :cursor); END;"
5/20/2021 14:18:29 [mgarry] 271: "[{\"'ALTERED'\":\"altered\"}]"
5/20/2021 14:18:29 [mgarry] 271: "1 Object(s) returned... [FETCH]"
5/20/2021 14:18:29 [mgarry] 272: "BEGIN PKREQUESTMANAGER.CALLQUERY(272,'SCH0000002','mgarry','{HEINENS_CUSTOM_PROD}', '{AO1244272,AO12442C,0,AO12442S,05/25/2021,1010,06/04/2021,0600,mgarry,1,4,5,6,7,8,9,10,11,12,14,15,16,17,18,19,20,21,22,41,42,43,44}','{HN}', :cursor); END;"
5/20/2021 14:18:30 [mgarry] 273: "BEGIN PKREQUESTMANAGER.CALLQUERY(273,'SCH0000002','mgarry','{HEINENS_CUSTOM_PROD}', '{AO1244272,AO12442C,0,AO12442S,06/03/2021,1010,06/11/2021,0600,mgarry,1,4,5,6,7,8,9,10,11,12,14,15,16,17,18,19,20,21,22,41,42,43,44}','{HN}', :cursor); END;"
5/20/2021 14:18:30 [mgarry] 272: "[{\"'ALTERED'\":\"altered\"}]"
5/20/2021 14:18:30 [mgarry] 272: "1 Object(s) returned... [FETCH]"
5/20/2021 14:18:30 [mgarry] 273: "[{\"'ALTERED'\":\"altered\"}]"
5/20/2021 14:18:30 [mgarry] 273: "1 Object(s) returned... [FETCH]"
5/20/2021 14:19:36 [mgarry] 275: "BEGIN PKREQUESTMANAGER.CALLQUERY(275,'SUP0000002','mgarry','{HEINENS_CUSTOM_PROD}', '{AO1641972,05/23/2021,06/05/2021}','{HN}', :cursor); END;"
5/20/2021 14:19:36 [mgarry] 275: "46 Object(s) returned... [FETCH]"
5/20/2021 14:21:8 [mgarry] 276: "BEGIN PKREQUESTMANAGER.CALLQUERY(276,'SCH0000001','mgarry','{HEINENS_CUSTOM_PROD}', '{AO1641972,AO16419C,0,AO16419S,05/23/2021,06/05/2021,mgarry,1,4,5,6,7,8,9,10,11,12,14,15,16,17,18,19,20,21,22,41,42,43,44}','{HN}', :cursor); END;"
5/20/2021 14:21:9 [mgarry] 276: "[{\"'ALTERED'\":\"altered\"}]"
5/20/2021 14:21:9 [mgarry] 276: "1 Object(s) returned... [FETCH]"
5/20/2021 14:21:9 [mgarry] 277: "BEGIN PKREQUESTMANAGER.CALLQUERY(277,'SCH0000002','mgarry','{HEINENS_CUSTOM_PROD}', '{AO1641972,AO16419C,0,AO16419S,05/24/2021,1010,06/01/2021,1400,mgarry,1,4,5,6,7,8,9,10,11,12,14,15,16,17,18,19,20,21,22,41,42,43,44}','{HN}', :cursor); END;"
5/20/2021 14:21:9 [mgarry] 278: "BEGIN PKREQUESTMANAGER.CALLQUERY(278,'SCH0000002','mgarry','{HEINENS_CUSTOM_PROD}', '{AO1641972,AO16419C,0,AO16419S,05/27/2021,1010,06/07/2021,1400,mgarry,1,4,5,6,7,8,9,10,11,12,14,15,16,17,18,19,20,21,22,41,42,43,44}','{HN}', :cursor); END;"
5/20/2021 14:21:9 [mgarry] 279: "BEGIN PKREQUESTMANAGER.CALLQUERY(279,'SCH0000002','mgarry','{HEINENS_CUSTOM_PROD}', '{AO1641972,AO16419C,0,AO16419S,06/04/2021,1010,06/14/2021,1400,mgarry,1,4,5,6,7,8,9,10,11,12,14,15,16,17,18,19,20,21,22,41,42,43,44}','{HN}', :cursor); END;"
5/20/2021 14:21:9 [mgarry] 277: "[{\"'ALTERED'\":\"altered\"}]"
5/20/2021 14:21:9 [mgarry] 277: "1 Object(s) returned... [FETCH]"
5/20/2021 14:21:9 [mgarry] 279: "[{\"'ALTERED'\":\"altered\"}]"
5/20/2021 14:21:9 [mgarry] 279: "1 Object(s) returned... [FETCH]"
5/20/2021 14:21:9 [mgarry] 278: "[{\"'ALTERED'\":\"altered\"}]"
5/20/2021 14:21:9 [mgarry] 278: "1 Object(s) returned... [FETCH]"
5/20/2021 14:22:13 [mgarry] 280: "BEGIN PKREQUESTMANAGER.CALLQUERY(280,'SUP0000002','mgarry','{HEINENS_CUSTOM_PROD}', '{13201,05/23/2021,06/05/2021}','{HN}', :cursor); END;"
5/20/2021 14:22:13 [mgarry] 280: "94 Object(s) returned... [FETCH]"
5/20/2021 14:23:15 [mgarry] 285: "BEGIN PKREQUESTMANAGER.CALLQUERY(285,'SUP0000002','mgarry','{HEINENS_CUSTOM_PROD}', '{AO1233972,05/23/2021,06/05/2021}','{HN}', :cursor); END;"
5/20/2021 14:23:15 [mgarry] 285: "138 Object(s) returned... [FETCH]"
5/20/2021 14:24:55 [mgarry] 290: "BEGIN PKREQUESTMANAGER.CALLQUERY(290,'SCH0000001','mgarry','{HEINENS_CUSTOM_PROD}', '{AO1233972,AO12339C,0,AO12339S,05/23/2021,06/05/2021,mgarry,1,4,5,6,7,8,9,10,11,12,14,15,16,17,18,19,20,21,22,41,42,43,44}','{HN}', :cursor); END;"
5/20/2021 14:24:55 [mgarry] 290: "[{\"'ALTERED'\":\"altered\"}]"
5/20/2021 14:24:55 [mgarry] 290: "1 Object(s) returned... [FETCH]"
5/20/2021 14:24:55 [mgarry] 291: "BEGIN PKREQUESTMANAGER.CALLQUERY(291,'SCH0000002','mgarry','{HEINENS_CUSTOM_PROD}', '{AO1233972,AO12339C,0,AO12339S,05/25/2021,1010,05/29/2021,0600,mgarry,1,4,5,6,7,8,9,10,11,12,14,15,16,17,18,19,20,21,22,41,42,43,44}','{HN}', :cursor); END;"
5/20/2021 14:24:55 [mgarry] 292: "BEGIN PKREQUESTMANAGER.CALLQUERY(292,'SCH0000002','mgarry','{HEINENS_CUSTOM_PROD}', '{AO1233972,AO12339C,0,AO12339S,05/26/2021,1010,06/02/2021,0600,mgarry,1,4,5,6,7,8,9,10,11,12,14,15,16,17,18,19,20,21,22,41,42,43,44}','{HN}', :cursor); END;"
5/20/2021 14:24:55 [mgarry] 293: "BEGIN PKREQUESTMANAGER.CALLQUERY(293,'SCH0000002','mgarry','{HEINENS_CUSTOM_PROD}', '{AO1233972,AO12339C,0,AO12339S,06/02/2021,1010,06/08/2021,0600,mgarry,1,4,5,6,7,8,9,10,11,12,14,15,16,17,18,19,20,21,22,41,42,43,44}','{HN}', :cursor); END;"
5/20/2021 14:24:55 [mgarry] 294: "BEGIN PKREQUESTMANAGER.CALLQUERY(294,'SCH0000002','mgarry','{HEINENS_CUSTOM_PROD}', '{AO1233972,AO12339C,0,AO12339S,05/27/2021,1010,06/03/2021,0600,mgarry,1,4,5,6,7,8,9,10,11,12,14,15,16,17,18,19,20,21,22,41,42,43,44}','{HN}', :cursor); END;"
5/20/2021 14:24:55 [mgarry] 295: "BEGIN PKREQUESTMANAGER.CALLQUERY(295,'SCH0000002','mgarry','{HEINENS_CUSTOM_PROD}', '{AO1233972,AO12339C,0,AO12339S,06/01/2021,1010,06/05/2021,0600,mgarry,1,4,5,6,7,8,9,10,11,12,14,15,16,17,18,19,20,21,22,41,42,43,44}','{HN}', :cursor); END;"
5/20/2021 14:24:55 [mgarry] 296: "BEGIN PKREQUESTMANAGER.CALLQUERY(296,'SCH0000002','mgarry','{HEINENS_CUSTOM_PROD}', '{AO1233972,AO12339C,0,AO12339S,06/04/2021,1010,06/10/2021,0600,mgarry,1,4,5,6,7,8,9,10,11,12,14,15,16,17,18,19,20,21,22,41,42,43,44}','{HN}', :cursor); END;"
5/20/2021 14:24:55 [mgarry] 291: "[{\"'ALTERED'\":\"altered\"}]"
5/20/2021 14:24:55 [mgarry] 291: "1 Object(s) returned... [FETCH]"
5/20/2021 14:24:55 [mgarry] 293: "[{\"'ALTERED'\":\"altered\"}]"
5/20/2021 14:24:55 [mgarry] 293: "1 Object(s) returned... [FETCH]"
5/20/2021 14:24:55 [mgarry] 296: "[{\"'ALTERED'\":\"altered\"}]"
5/20/2021 14:24:55 [mgarry] 296: "1 Object(s) returned... [FETCH]"
5/20/2021 14:24:55 [mgarry] 294: "[{\"'ALTERED'\":\"altered\"}]"
5/20/2021 14:24:55 [mgarry] 294: "1 Object(s) returned... [FETCH]"
5/20/2021 14:24:55 [mgarry] 292: "[{\"'ALTERED'\":\"altered\"}]"
5/20/2021 14:24:55 [mgarry] 292: "1 Object(s) returned... [FETCH]"
5/20/2021 14:24:55 [mgarry] 295: "[{\"'ALTERED'\":\"altered\"}]"
5/20/2021 14:24:55 [mgarry] 295: "1 Object(s) returned... [FETCH]"
5/20/2021 14:34:43 [mgarry] 307: "BEGIN PKREQUESTMANAGER.CALLQUERY(307,'SUP0000002','mgarry','{HEINENS_CUSTOM_PROD}', '{AO0204172,05/23/2021,06/05/2021}','{HN}', :cursor); END;"
5/20/2021 14:34:44 [mgarry] 307: "46 Object(s) returned... [FETCH]"
5/20/2021 14:35:28 [mgarry] 314: "BEGIN PKREQUESTMANAGER.CALLQUERY(314,'SCH0000001','mgarry','{HEINENS_CUSTOM_PROD}', '{AO0204172,AO02041C,0,AO02041S,05/23/2021,06/05/2021,mgarry,1,4,5,6,7,8,9,10,11,12,14,15,16,17,18,19,20,21,22,41,42,43,44}','{HN}', :cursor); END;"
5/20/2021 14:35:28 [mgarry] 314: "[{\"'ALTERED'\":\"altered\"}]"
5/20/2021 14:35:28 [mgarry] 314: "1 Object(s) returned... [FETCH]"
5/20/2021 14:35:29 [mgarry] 315: "BEGIN PKREQUESTMANAGER.CALLQUERY(315,'SCH0000002','mgarry','{HEINENS_CUSTOM_PROD}', '{AO0204172,AO02041C,0,AO02041S,05/24/2021,1010,05/28/2021,0600,mgarry,1,4,5,6,7,8,9,10,11,12,14,15,16,17,18,19,20,21,22,41,42,43,44}','{HN}', :cursor); END;"
5/20/2021 14:35:29 [mgarry] 316: "BEGIN PKREQUESTMANAGER.CALLQUERY(316,'SCH0000002','mgarry','{HEINENS_CUSTOM_PROD}', '{AO0204172,AO02041C,0,AO02041S,06/01/2021,1010,06/04/2021,0600,mgarry,1,4,5,6,7,8,9,10,11,12,14,15,16,17,18,19,20,21,22,41,42,43,44}','{HN}', :cursor); END;"
5/20/2021 14:35:29 [mgarry] 315: "[{\"'ALTERED'\":\"altered\"}]"
5/20/2021 14:35:29 [mgarry] 315: "1 Object(s) returned... [FETCH]"
5/20/2021 14:35:29 [mgarry] 316: "[{\"'ALTERED'\":\"altered\"}]"
5/20/2021 14:35:29 [mgarry] 316: "1 Object(s) returned... [FETCH]"
5/20/2021 14:36:51 [mgarry] 318: "BEGIN PKREQUESTMANAGER.CALLQUERY(318,'SUP0000002','mgarry','{HEINENS_CUSTOM_PROD}', '{AO1369572,05/23/2021,06/05/2021}','{HN}', :cursor); END;"
5/20/2021 14:36:51 [mgarry] 318: "46 Object(s) returned... [FETCH]"
5/20/2021 14:37:32 [mgarry] 322: "BEGIN PKREQUESTMANAGER.CALLQUERY(322,'SCH0000001','mgarry','{HEINENS_CUSTOM_PROD}', '{AO1369572,AO13695C,0,AO13695S,05/23/2021,06/05/2021,mgarry,1,4,5,6,7,8,9,10,11,12,14,15,16,17,18,19,20,21,22,41,42,43,44}','{HN}', :cursor); END;"
5/20/2021 14:37:32 [mgarry] 322: "[{\"'ALTERED'\":\"altered\"}]"
5/20/2021 14:37:32 [mgarry] 322: "1 Object(s) returned... [FETCH]"
5/20/2021 14:37:32 [mgarry] 323: "BEGIN PKREQUESTMANAGER.CALLQUERY(323,'SCH0000002','mgarry','{HEINENS_CUSTOM_PROD}', '{AO1369572,AO13695C,0,AO13695S,05/24/2021,1010,05/27/2021,0600,mgarry,1,4,5,6,7,8,9,10,11,12,14,15,16,17,18,19,20,21,22,41,42,43,44}','{HN}', :cursor); END;"
5/20/2021 14:37:32 [mgarry] 324: "BEGIN PKREQUESTMANAGER.CALLQUERY(324,'SCH0000002','mgarry','{HEINENS_CUSTOM_PROD}', '{AO1369572,AO13695C,0,AO13695S,06/01/2021,1010,06/03/2021,0600,mgarry,1,4,5,6,7,8,9,10,11,12,14,15,16,17,18,19,20,21,22,41,42,43,44}','{HN}', :cursor); END;"
5/20/2021 14:37:32 [mgarry] 323: "[{\"'ALTERED'\":\"altered\"}]"
5/20/2021 14:37:32 [mgarry] 323: "1 Object(s) returned... [FETCH]"
5/20/2021 14:37:32 [mgarry] 324: "[{\"'ALTERED'\":\"altered\"}]"
5/20/2021 14:37:32 [mgarry] 324: "1 Object(s) returned... [FETCH]"
5/20/2021 14:38:16 [mgarry] 326: "BEGIN PKREQUESTMANAGER.CALLQUERY(326,'SUP0000002','mgarry','{HEINENS_CUSTOM_PROD}', '{AO1220472,05/23/2021,06/05/2021}','{HN}', :cursor); END;"
5/20/2021 14:38:17 [mgarry] 326: "46 Object(s) returned... [FETCH]"
5/20/2021 14:39:7 [mgarry] 330: "BEGIN PKREQUESTMANAGER.CALLQUERY(330,'SCH0000001','mgarry','{HEINENS_CUSTOM_PROD}', '{AO1220472,AO12204C,0,AO12204S,05/23/2021,06/05/2021,mgarry,1,4,5,6,7,8,9,10,11,12,14,15,16,17,18,19,20,21,22,41,42,43,44}','{HN}', :cursor); END;"
5/20/2021 14:39:7 [mgarry] 330: "[{\"'ALTERED'\":\"altered\"}]"
5/20/2021 14:39:7 [mgarry] 330: "1 Object(s) returned... [FETCH]"
5/20/2021 14:39:7 [mgarry] 331: "BEGIN PKREQUESTMANAGER.CALLQUERY(331,'SCH0000002','mgarry','{HEINENS_CUSTOM_PROD}', '{AO1220472,AO12204C,0,AO12204S,05/24/2021,1010,05/27/2021,0600,mgarry,1,4,5,6,7,8,9,10,11,12,14,15,16,17,18,19,20,21,22,41,42,43,44}','{HN}', :cursor); END;"
5/20/2021 14:39:7 [mgarry] 331: "[{\"'ALTERED'\":\"altered\"}]"
5/20/2021 14:39:7 [mgarry] 331: "1 Object(s) returned... [FETCH]"
5/20/2021 14:40:45 [mgarry] 332: "BEGIN PKREQUESTMANAGER.CALLQUERY(332,'SUP0000002','mgarry','{HEINENS_CUSTOM_PROD}', '{AO0204972,05/23/2021,06/05/2021}','{HN}', :cursor); END;"
5/20/2021 14:40:46 [mgarry] 332: "46 Object(s) returned... [FETCH]"
5/20/2021 14:41:33 [mgarry] 333: "BEGIN PKREQUESTMANAGER.CALLQUERY(333,'SCH0000001','mgarry','{HEINENS_CUSTOM_PROD}', '{AO0204972,AO02049C,0,AO02049S,05/23/2021,06/05/2021,mgarry,1,4,5,6,7,8,9,10,11,12,14,15,16,17,18,19,20,21,22,41,42,43,44}','{HN}', :cursor); END;"
5/20/2021 14:41:34 [mgarry] 333: "[{\"'ALTERED'\":\"altered\"}]"
5/20/2021 14:41:34 [mgarry] 333: "1 Object(s) returned... [FETCH]"
5/20/2021 14:41:34 [mgarry] 334: "BEGIN PKREQUESTMANAGER.CALLQUERY(334,'SCH0000002','mgarry','{HEINENS_CUSTOM_PROD}', '{AO0204972,AO02049C,0,AO02049S,05/27/2021,1010,06/01/2021,0600,mgarry,1,4,5,6,7,8,9,10,11,12,14,15,16,17,18,19,20,21,22,41,42,43,44}','{HN}', :cursor); END;"
5/20/2021 14:41:34 [mgarry] 335: "BEGIN PKREQUESTMANAGER.CALLQUERY(335,'SCH0000002','mgarry','{HEINENS_CUSTOM_PROD}', '{AO0204972,AO02049C,0,AO02049S,06/04/2021,1010,06/07/2021,0600,mgarry,1,4,5,6,7,8,9,10,11,12,14,15,16,17,18,19,20,21,22,41,42,43,44}','{HN}', :cursor); END;"
5/20/2021 14:41:34 [mgarry] 334: "[{\"'ALTERED'\":\"altered\"}]"
5/20/2021 14:41:34 [mgarry] 334: "1 Object(s) returned... [FETCH]"
5/20/2021 14:41:34 [mgarry] 335: "[{\"'ALTERED'\":\"altered\"}]"
5/20/2021 14:41:34 [mgarry] 335: "1 Object(s) returned... [FETCH]"
5/20/2021 14:45:6 [mgarry] 345: "BEGIN PKREQUESTMANAGER.CALLQUERY(345,'SUP0000002','mgarry','{HEINENS_CUSTOM_PROD}', '{AO0831372,05/23/2021,06/05/2021}','{HN}', :cursor); END;"
5/20/2021 14:45:6 [mgarry] 345: "320 Object(s) returned... [FETCH]"
