5/20/2021 7:58:11 [pwirth] 1: "BEGIN PKREQUESTMANAGER.CALLQUERY(1,'ADM0000001','pwirth','{}', '{pwirth,heinens}','{}', :cursor); END;"
5/20/2021 7:58:11 [pwirth] 1: "[{\"USERID\":\"pwirth\",\"USERFNAME\":\"Paul\",\"USERLNAME\":\"Wirth\",\"USEREMAIL\":\"pwirth@heinens.com\",\"USERMOBILE\":null}]"
5/20/2021 7:58:11 [pwirth] 1: "1 Object(s) returned... [FETCH]"
5/20/2021 7:58:11 [pwirth] 2: "BEGIN PKREQUESTMANAGER.CALLQUERY(2,'CLI0000002','pwirth','{}', '{pwirth}','{}', :cursor); END;"
5/20/2021 7:58:11 [pwirth] 3: "BEGIN PKREQUESTMANAGER.CALLQUERY(3,'CLI0000003','pwirth','{}', '{pwirth}','{}', :cursor); END;"
5/20/2021 7:58:12 [pwirth] 2: "[{\"USERID\":\"pwirth\",\"USERCORPID\":2,\"USERPASS\":\"aGVpbmVucw==\",\"USERAUTH\":null,\"USERLANG\":\"us_US\",\"USERPROF\":null,\"USERAPPLI\":3,\"USERFNAME\":\"Paul\",\"USERLNAME\":\"Wirth\",\"USEREMAIL\":\"pwirth@heinens.com\",\"USERMOBILE\":null,\"USERTEAM\":null,\"USERACTIVE\":1,\"USERDCRE\":\"2019-11-24T04:00:00.000Z\",\"USERDMAJ\":\"2019-11-24T04:00:00.000Z\",\"USERUTIL\":\"admin\",\"USERTYPE\":2}]"
5/20/2021 7:58:12 [pwirth] 2: "1 Object(s) returned... [FETCH]"
5/20/2021 7:58:12 [pwirth] 3: "[{\"LEVEL\":\"CORPORATE\",\"ENVID\":1,\"ENVCORPID\":2,\"CORPSDESC\":\"Heinen's\",\"ENVCODE\":\"CENTRAL_UAT\",\"ENVTYPE\":4,\"ENVACTIVE\":1,\"ENVSDESC\":\"User Acceptance\",\"ENVLDESC\":\"Heinen's Central UAT environement\",\"ENVDBTYPE\":1,\"ENVIP\":\"10.200.14.232\",\"ENVPORT\":1521,\"ENVUSER\":\"hntcen\",\"ENVPASSWORD\":\"Heinen123!\",\"ENVSOURCE\":\"test\",\"ENVDBLINK\":\"HEINENS_CEN_UAT\",\"ENVDEFAULT\":0,\"ENVDCRE\":\"2017-03-21T04:00:00.000Z\",\"ENVDMAJ\":\"2017-03-21T04:00:00.000Z\",\"ENVUTIL\":\"abe\",\"ENVVERSION\":1,\"ENVDEFLANG\":\"HN\",\"CORPPIC\":\"./assets/pictures/corporate/heinens.jpg\",\"ENVVARINITSH\":\". /home/hntcen/env/envCEN\",\"ENVTITLECOLOR\":\"yellow\",\"ENVTITLE\":\"Inventory Control Room (Acceptance)\"},{\"LEVEL\":\"CORPORATE\",\"ENVID\":2,\"ENVCORPID\":2,\"CORPSDESC\":\"Heinen's\",\"ENVCODE\":\"STOCK_UAT\",\"ENVTYPE\":4,\"ENVACTIVE\":1,\"ENVSDESC\":\"Heinen's Stock UAT\",\"ENVLDESC\":\"Heinen's Stock UAT environement\",\"ENVDBTYPE\":1,\"ENVIP\":\"10.200.14.232\",\"ENVPORT\":1521,\"ENVUSER\":\"hntstk\",\"ENVPASSWORD\":\"Heinen123!\",\"ENVSOURCE\":\"test\",\"ENVDBLINK\":\"HEINENS_STK_UAT\",\"ENVDEFAULT\":0,\"ENVDCRE\":\"2017-03-21T04:00:00.000Z\",\"ENVDMAJ\":\"2017-03-21T04:00:00.000Z\",\"ENVUTIL\":\"abe\",\"ENVVERSION\":2,\"ENVDEFLANG\":\"HN\",\"CORPPIC\":\"./assets/pictures/corporate/heinens.jpg\",\"ENVVARINITSH\":\". /home/hntstk/env/envSTK\",\"ENVTITLECOLOR\":\"yellow\",\"ENVTITLE\":\"Inventory Control Room (Acceptance)\"},{\"LEVEL\":\"USER\",\"ENVID\":1,\"ENVCORPID\":2,\"CORPSDESC\":\"Heinen's\",\"ENVCODE\":\"CENTRAL_UAT\",\"ENVTYPE\":4,\"ENVACTIVE\":1,\"ENVSDESC\":\"User Acceptance\",\"ENVLDESC\":\"Heinen's Central UAT environement\",\"ENVDBTYPE\":1,\"ENVIP\":\"10.200.14.232\",\"ENVPORT\":1521,\"ENVUSER\":\"hntcen\",\"ENVPASSWORD\":\"Heinen123!\",\"ENVSOURCE\":\"test\",\"ENVDBLINK\":\"HEINENS_CEN_UAT\",\"ENVDEFAULT\":0,\"ENVDCRE\":\"2017-03-21T04:00:00.000Z\",\"ENVDMAJ\":\"2017-03-21T04:00:00.000Z\",\"ENVUTIL\":\"abe\",\"ENVVERSION\":1,\"ENVDEFLANG\":\"HN\",\"CORPPIC\":\"./assets/pictures/corporate/heinens.jpg\",\"ENVVARINITSH\":\". /home/hntcen/env/envCEN\",\"ENVTITLECOLOR\":\"yellow\",\"ENVTITLE\":\"Inventory Control Room (Acceptance)\"},{\"LEVEL\":\"CORPORATE\",\"ENVID\":3,\"ENVCORPID\":2,\"CORPSDESC\":\"Heinen's\",\"ENVCODE\":\"HN_CENTRAL_PROD\",\"ENVTYPE\":7,\"ENVACTIVE\":1,\"ENVSDESC\":\"Production\",\"ENVLDESC\":\"Heinen's Custom PROD environement\",\"ENVDBTYPE\":1,\"ENVIP\":\"10.200.14.231\",\"ENVPORT\":1521,\"ENVUSER\":\"hnpcen\",\"ENVPASSWORD\":\"Heinen123!\",\"ENVSOURCE\":\"central\",\"ENVDBLINK\":\"HEINENS_CUSTOM_PROD\",\"ENVDEFAULT\":1,\"ENVDCRE\":\"2017-04-22T04:00:00.000Z\",\"ENVDMAJ\":\"2017-03-21T04:00:00.000Z\",\"ENVUTIL\":\"abe\",\"ENVVERSION\":1,\"ENVDEFLANG\":\"HN\",\"CORPPIC\":\"./assets/pictures/corporate/heinens.jpg\",\"ENVVARINITSH\":\". /home/hnpcen/env/envCEN\",\"ENVTITLECOLOR\":\"white\",\"ENVTITLE\":\"Inventory Control Room\"},{\"LEVEL\":\"CORPORATE\",\"ENVID\":4,\"ENVCORPID\":2,\"CORPSDESC\":\"Heinen's\",\"ENVCODE\":\"HN_STOCK_PROD\",\"ENVTYPE\":7,\"ENVACTIVE\":1,\"ENVSDESC\":\"Production Warehouse\",\"ENVLDESC\":\"Heinen's Warehouse PROD environement\",\"ENVDBTYPE\":1,\"ENVIP\":\"10.200.14.231\",\"ENVPORT\":1521,\"ENVUSER\":\"hnpstk\",\"ENVPASSWORD\":\"Heinen123!\",\"ENVSOURCE\":\"central\",\"ENVDBLINK\":\"HEINENS_CUSTOM_PROD\",\"ENVDEFAULT\":1,\"ENVDCRE\":\"2020-01-02T04:00:00.000Z\",\"ENVDMAJ\":\"2020-01-02T04:00:00.000Z\",\"ENVUTIL\":\"abe\",\"ENVVERSION\":1,\"ENVDEFLANG\":\"HN\",\"CORPPIC\":\"./assets/pictures/corporate/heinens.jpg\",\"ENVVARINITSH\":\". /home/hnpsk/env/envSTK\",\"ENVTITLECOLOR\":\"white\",\"ENVTITLE\":\"Inventory Control Room\"},{\"LEVEL\":\"USER\",\"ENVID\":3,\"ENVCORPID\":2,\"CORPSDESC\":\"Heinen's\",\"ENVCODE\":\"HN_CENTRAL_PROD\",\"ENVTYPE\":7,\"ENVACTIVE\":1,\"ENVSDESC\":\"Production\",\"ENVLDESC\":\"Heinen's Custom PROD environement\",\"ENVDBTYPE\":1,\"ENVIP\":\"10.200.14.231\",\"ENVPORT\":1521,\"ENVUSER\":\"hnpcen\",\"ENVPASSWORD\":\"Heinen123!\",\"ENVSOURCE\":\"central\",\"ENVDBLINK\":\"HEINENS_CUSTOM_PROD\",\"ENVDEFAULT\":1,\"ENVDCRE\":\"2017-04-22T04:00:00.000Z\",\"ENVDMAJ\":\"2017-03-21T04:00:00.000Z\",\"ENVUTIL\":\"abe\",\"ENVVERSION\":1,\"ENVDEFLANG\":\"HN\",\"CORPPIC\":\"./assets/pictures/corporate/heinens.jpg\",\"ENVVARINITSH\":\". /home/hnpcen/env/envCEN\",\"ENVTITLECOLOR\":\"white\",\"ENVTITLE\":\"Inventory Control Room\"}]"
5/20/2021 7:58:12 [pwirth] 3: "6 Object(s) returned... [FETCH]"
5/20/2021 7:58:12 [pwirth] 4: "BEGIN PKREQUESTMANAGER.CALLQUERY(4,'WDG0000001','pwirth','{HEINENS_CUSTOM_PROD}', '{pwirth,-1}','{HN}', :cursor); END;"
5/20/2021 7:58:12 [pwirth] 5: "BEGIN PKREQUESTMANAGER.CALLQUERY(5,'SCR0000001','pwirth','{HEINENS_CUSTOM_PROD}', '{SCR0000000001,pwirth}','{HN}', :cursor); END;"
5/20/2021 7:58:12 [pwirth] 5: "[{\"SCREENID\":\"SCR0000000001\",\"SCREENINFO\":\"<div><i class=\\\"bbs-keywords\\\">What is it : </i>Dashboard section is your <b>Home</b> tracking process. It simplifies and regroup data visualization.\\n                          As many as needed dashboard widget trackers can be enabled.\\n</div>\\n<div><i class=\\\"bbs-keywords\\\">Tracking type : </i>There are 3 types of data visualization: \\n        <li><b>Table </b> display with export to file option.</li> \\n        <li><b>Chart </b> with by type line, bar, radar, polar, pie, scatter, combined type </li> \\n        <li><b>Message & Alert </b> with color criticality such as successful, soft warning, hard warning.</li> \\n</div>\"}]"
5/20/2021 7:58:12 [pwirth] 5: "1 Object(s) returned... [FETCH]"
5/20/2021 7:58:12 [pwirth] 4: "[{\"WIDID\":\"WDG0000000001\",\"WIDBEHAVIOR\":1,\"WIDTABLE\":1,\"WIDRSS\":0,\"WIDCHART\":0,\"WIDINFO\":0,\"WIDWIDTH\":20,\"WIDHEIGHT\":6,\"WIDX\":0,\"WIDY\":0,\"WIDPARAM\":null,\"WIDROWS\":10,\"UWPDCRE\":\"2020-06-06T09:10:08.000Z\",\"UWPDMAJ\":\"2020-06-06T09:10:08.000Z\",\"UWPUTIL\":\"admin\",\"WIDSNAP\":1,\"WIDSNAPFILE\":\"./repository/downloads/dashboard/INV0000001_HEINENS_CUSTOM_PROD.json\",\"LWQMWIDID\":null,\"LWQCWIDID\":null,\"LWQMFIELD\":null,\"LWQCFIELD\":null,\"LWQDCRE\":null,\"LWQDMAJ\":null,\"LWQUTIL\":null,\"WRSID\":\"WDG0000000001\",\"WRSFIELD\":\"WHS\",\"WRSHEADER\":\"Site code\",\"WRSPOSITION\":1,\"WRSDCRE\":\"2018-03-12T04:00:00.000Z\",\"WRSDMAJ\":\"2018-03-12T04:00:00.000Z\",\"WRSUTIL\":\"abe\",\"WIDNAME\":\"Sleeping Inventory (Warehouse)\",\"WIDDESC\":\"Sleeping Inventory (Warehouse)\",\"WIDCHARTX\":null,\"WIDCHARTDATA\":null,\"WIDCHARTLEGEND\":null,\"WIDCOLLAPSE\":\"collapse\",\"WIDCHARTLEGENDINFO\":null,\"WIDCHARTNBSET\":null,\"WIDCHARTTYPE\":null,\"WIDCHARTUNIT\":null},{\"WIDID\":\"WDG0000000001\",\"WIDBEHAVIOR\":1,\"WIDTABLE\":1,\"WIDRSS\":0,\"WIDCHART\":0,\"WIDINFO\":0,\"WIDWIDTH\":20,\"WIDHEIGHT\":6,\"WIDX\":0,\"WIDY\":0,\"WIDPARAM\":null,\"WIDROWS\":10,\"UWPDCRE\":\"2020-06-06T09:10:08.000Z\",\"UWPDMAJ\":\"2020-06-06T09:10:08.000Z\",\"UWPUTIL\":\"admin\",\"WIDSNAP\":1,\"WIDSNAPFILE\":\"./repository/downloads/dashboard/INV0000001_HEINENS_CUSTOM_PROD.json\",\"LWQMWIDID\":null,\"LWQCWIDID\":null,\"LWQMFIELD\":null,\"LWQCFIELD\":null,\"LWQDCRE\":null,\"LWQDMAJ\":null,\"LWQUTIL\":null,\"WRSID\":\"WDG0000000001\",\"WRSFIELD\":\"WHSLIB\",\"WRSHEADER\":\"Desc.\",\"WRSPOSITION\":2,\"WRSDCRE\":\"2018-03-12T04:00:00.000Z\",\"WRSDMAJ\":\"2018-03-12T04:00:00.000Z\",\"WRSUTIL\":\"abe\",\"WIDNAME\":\"Sleeping Inventory (Warehouse)\",\"WIDDESC\":\"Sleeping Inventory (Warehouse)\",\"WIDCHARTX\":null,\"WIDCHARTDATA\":null,\"WIDCHARTLEGEND\":null,\"WIDCOLLAPSE\":\"collapse\",\"WIDCHARTLEGENDINFO\":null,\"WIDCHARTNBSET\":null,\"WIDCHARTTYPE\":null,\"WIDCHARTUNIT\":null},{\"WIDID\":\"WDG0000000001\",\"WIDBEHAVIOR\":1,\"WIDTABLE\":1,\"WIDRSS\":0,\"WIDCHART\":0,\"WIDINFO\":0,\"WIDWIDTH\":20,\"WIDHEIGHT\":6,\"WIDX\":0,\"WIDY\":0,\"WIDPARAM\":null,\"WIDROWS\":10,\"UWPDCRE\":\"2020-06-06T09:10:08.000Z\",\"UWPDMAJ\":\"2020-06-06T09:10:08.000Z\",\"UWPUTIL\":\"admin\",\"WIDSNAP\":1,\"WIDSNAPFILE\":\"./repository/downloads/dashboard/INV0000001_HEINENS_CUSTOM_PROD.json\",\"LWQMWIDID\":null,\"LWQCWIDID\":null,\"LWQMFIELD\":null,\"LWQCFIELD\":null,\"LWQDCRE\":null,\"LWQDMAJ\":null,\"LWQUTIL\":null,\"WRSID\":\"WDG0000000001\",\"WRSFIELD\":\"ITEMCODE\",\"WRSHEADER\":\"Item code\",\"WRSPOSITION\":3,\"WRSDCRE\":\"2018-03-12T04:00:00.000Z\",\"WRSDMAJ\":\"2018-03-12T04:00:00.000Z\",\"WRSUTIL\":\"abe\",\"WIDNAME\":\"Sleeping Inventory (Warehouse)\",\"WIDDESC\":\"Sleeping Inventory (Warehouse)\",\"WIDCHARTX\":null,\"WIDCHARTDATA\":null,\"WIDCHARTLEGEND\":null,\"WIDCOLLAPSE\":\"collapse\",\"WIDCHARTLEGENDINFO\":null,\"WIDCHARTNBSET\":null,\"WIDCHARTTYPE\":null,\"WIDCHARTUNIT\":null},{\"WIDID\":\"WDG0000000001\",\"WIDBEHAVIOR\":1,\"WIDTABLE\":1,\"WIDRSS\":0,\"WIDCHART\":0,\"WIDINFO\":0,\"WIDWIDTH\":20,\"WIDHEIGHT\":6,\"WIDX\":0,\"WIDY\":0,\"WIDPARAM\":null,\"WIDROWS\":10,\"UWPDCRE\":\"2020-06-06T09:10:08.000Z\",\"UWPDMAJ\":\"2020-06-06T09:10:08.000Z\",\"UWPUTIL\":\"admin\",\"WIDSNAP\":1,\"WIDSNAPFILE\":\"./repository/downloads/dashboard/INV0000001_HEINENS_CUSTOM_PROD.json\",\"LWQMWIDID\":null,\"LWQCWIDID\":null,\"LWQMFIELD\":null,\"LWQCFIELD\":null,\"LWQDCRE\":null,\"LWQDMAJ\":null,\"LWQUTIL\":null,\"WRSID\":\"WDG0000000001\",\"WRSFIELD\":\"LVCODE\",\"WRSHEADER\":\"LV code\",\"WRSPOSITION\":4,\"WRSDCRE\":\"2018-03-12T04:00:00.000Z\",\"WRSDMAJ\":\"2018-03-12T04:00:00.000Z\",\"WRSUTIL\":\"abe\",\"WIDNAME\":\"Sleeping Inventory (Warehouse)\",\"WIDDESC\":\"Sleeping Inventory (Warehouse)\",\"WIDCHARTX\":null,\"WIDCHARTDATA\":null,\"WIDCHARTLEGEND\":null,\"WIDCOLLAPSE\":\"collapse\",\"WIDCHARTLEGENDINFO\":null,\"WIDCHARTNBSET\":null,\"WIDCHARTTYPE\":null,\"WIDCHARTUNIT\":null},{\"WIDID\":\"WDG0000000001\",\"WIDBEHAVIOR\":1,\"WIDTABLE\":1,\"WIDRSS\":0,\"WIDCHART\":0,\"WIDINFO\":0,\"WIDWIDTH\":20,\"WIDHEIGHT\":6,\"WIDX\":0,\"WIDY\":0,\"WIDPARAM\":null,\"WIDROWS\":10,\"UWPDCRE\":\"2020-06-06T09:10:08.000Z\",\"UWPDMAJ\":\"2020-06-06T09:10:08.000Z\",\"UWPUTIL\":\"admin\",\"WIDSNAP\":1,\"WIDSNAPFILE\":\"./repository/downloads/dashboard/INV0000001_HEINENS_CUSTOM_PROD.json\",\"LWQMWIDID\":null,\"LWQCWIDID\":null,\"LWQMFIELD\":null,\"LWQCFIELD\":null,\"LWQDCRE\":null,\"LWQDMAJ\":null,\"LWQUTIL\":null,\"WRSID\":\"WDG0000000001\",\"WRSFIELD\":\"DESCVL\",\"WRSHEADER\":\"LV desc.\",\"WRSPOSITION\":5,\"WRSDCRE\":\"2018-03-12T04:00:00.000Z\",\"WRSDMAJ\":\"2018-03-12T04:00:00.000Z\",\"WRSUTIL\":\"abe\",\"WIDNAME\":\"Sleeping Inventory (Warehouse)\",\"WIDDESC\":\"Sleeping Inventory (Warehouse)\",\"WIDCHARTX\":null,\"WIDCHARTDATA\":null,\"WIDCHARTLEGEND\":null,\"WIDCOLLAPSE\":\"collapse\",\"WIDCHARTLEGENDINFO\":null,\"WIDCHARTNBSET\":null,\"WIDCHARTTYPE\":null,\"WIDCHARTUNIT\":null},{\"WIDID\":\"WDG0000000001\",\"WIDBEHAVIOR\":1,\"WIDTABLE\":1,\"WIDRSS\":0,\"WIDCHART\":0,\"WIDINFO\":0,\"WIDWIDTH\":20,\"WIDHEIGHT\":6,\"WIDX\":0,\"WIDY\":0,\"WIDPARAM\":null,\"WIDROWS\":10,\"UWPDCRE\":\"2020-06-06T09:10:08.000Z\",\"UWPDMAJ\":\"2020-06-06T09:10:08.000Z\",\"UWPUTIL\":\"admin\",\"WIDSNAP\":1,\"WIDSNAPFILE\":\"./repository/downloads/dashboard/INV0000001_HEINENS_CUSTOM_PROD.json\",\"LWQMWIDID\":null,\"LWQCWIDID\":null,\"LWQMFIELD\":null,\"LWQCFIELD\":null,\"LWQDCRE\":null,\"LWQDMAJ\":null,\"LWQUTIL\":null,\"WRSID\":\"WDG0000000001\",\"WRSFIELD\":\"INVENTORY\",\"WRSHEADER\":\"Inventory\",\"WRSPOSITION\":6,\"WRSDCRE\":\"2018-03-12T04:00:00.000Z\",\"WRSDMAJ\":\"2018-03-12T04:00:00.000Z\",\"WRSUTIL\":\"abe\",\"WIDNAME\":\"Sleeping Inventory (Warehouse)\",\"WIDDESC\":\"Sleeping Inventory (Warehouse)\",\"WIDCHARTX\":null,\"WIDCHARTDATA\":null,\"WIDCHARTLEGEND\":null,\"WIDCOLLAPSE\":\"collapse\",\"WIDCHARTLEGENDINFO\":null,\"WIDCHARTNBSET\":null,\"WIDCHARTTYPE\":null,\"WIDCHARTUNIT\":null},{\"WIDID\":\"WDG0000000001\",\"WIDBEHAVIOR\":1,\"WIDTABLE\":1,\"WIDRSS\":0,\"WIDCHART\":0,\"WIDINFO\":0,\"WIDWIDTH\":20,\"WIDHEIGHT\":6,\"WIDX\":0,\"WIDY\":0,\"WIDPARAM\":null,\"WIDROWS\":10,\"UWPDCRE\":\"2020-06-06T09:10:08.000Z\",\"UWPDMAJ\":\"2020-06-06T09:10:08.000Z\",\"UWPUTIL\":\"admin\",\"WIDSNAP\":1,\"WIDSNAPFILE\":\"./repository/downloads/dashboard/INV0000001_HEINENS_CUSTOM_PROD.json\",\"LWQMWIDID\":null,\"LWQCWIDID\":null,\"LWQMFIELD\":null,\"LWQCFIELD\":null,\"LWQDCRE\":null,\"LWQDMAJ\":null,\"LWQUTIL\":null,\"WRSID\":\"WDG0000000001\",\"WRSFIELD\":\"LASTMVT\",\"WRSHEADER\":\"Last Store mvt.\",\"WRSPOSITION\":7,\"WRSDCRE\":\"2018-03-12T04:00:00.000Z\",\"WRSDMAJ\":\"2018-03-12T04:00:00.000Z\",\"WRSUTIL\":\"abe\",\"WIDNAME\":\"Sleeping Inventory (Warehouse)\",\"WIDDESC\":\"Sleeping Inventory (Warehouse)\",\"WIDCHARTX\":null,\"WIDCHARTDATA\":null,\"WIDCHARTLEGEND\":null,\"WIDCOLLAPSE\":\"collapse\",\"WIDCHARTLEGENDINFO\":null,\"WIDCHARTNBSET\":null,\"WIDCHARTTYPE\":null,\"WIDCHARTUNIT\":null},{\"WIDID\":\"WDG0000000001\",\"WIDBEHAVIOR\":1,\"WIDTABLE\":1,\"WIDRSS\":0,\"WIDCHART\":0,\"WIDINFO\":0,\"WIDWIDTH\":20,\"WIDHEIGHT\":6,\"WIDX\":0,\"WIDY\":0,\"WIDPARAM\":null,\"WIDROWS\":10,\"UWPDCRE\":\"2020-06-06T09:10:08.000Z\",\"UWPDMAJ\":\"2020-06-06T09:10:08.000Z\",\"UWPUTIL\":\"admin\",\"WIDSNAP\":1,\"WIDSNAPFILE\":\"./repository/downloads/dashboard/INV0000001_HEINENS_CUSTOM_PROD.json\",\"LWQMWIDID\":null,\"LWQCWIDID\":null,\"LWQMFIELD\":null,\"LWQCFIELD\":null,\"LWQDCRE\":null,\"LWQDMAJ\":null,\"LWQUTIL\":null,\"WRSID\":\"WDG0000000001\",\"WRSFIELD\":\"LASTRECEIVING\",\"WRSHEADER\":\"Last receiving\",\"WRSPOSITION\":8,\"WRSDCRE\":\"2018-03-12T04:00:00.000Z\",\"WRSDMAJ\":\"2018-03-12T04:00:00.000Z\",\"WRSUTIL\":\"abe\",\"WIDNAME\":\"Sleeping Inventory (Warehouse)\",\"WIDDESC\":\"Sleeping Inventory (Warehouse)\",\"WIDCHARTX\":null,\"WIDCHARTDATA\":null,\"WIDCHARTLEGEND\":null,\"WIDCOLLAPSE\":\"collapse\",\"WIDCHARTLEGENDINFO\":null,\"WIDCHARTNBSET\":null,\"WIDCHARTTYPE\":null,\"WIDCHARTUNIT\":null},{\"WIDID\":\"WDG0000000001\",\"WIDBEHAVIOR\":1,\"WIDTABLE\":1,\"WIDRSS\":0,\"WIDCHART\":0,\"WIDINFO\":0,\"WIDWIDTH\":20,\"WIDHEIGHT\":6,\"WIDX\":0,\"WIDY\":0,\"WIDPARAM\":null,\"WIDROWS\":10,\"UWPDCRE\":\"2020-06-06T09:10:08.000Z\",\"UWPDMAJ\":\"2020-06-06T09:10:08.000Z\",\"UWPUTIL\":\"admin\",\"WIDSNAP\":1,\"WIDSNAPFILE\":\"./repository/downloads/dashboard/INV0000001_HEINENS_CUSTOM_PROD.json\",\"LWQMWIDID\":null,\"LWQCWIDID\":null,\"LWQMFIELD\":null,\"LWQCFIELD\":null,\"LWQDCRE\":null,\"LWQDMAJ\":null,\"LWQUTIL\":null,\"WRSID\":\"WDG0000000001\",\"WRSFIELD\":\"LASTSHIPMENT\",\"WRSHEADER\":\"Last shipment\",\"WRSPOSITION\":9,\"WRSDCRE\":\"2018-03-12T04:00:00.000Z\",\"WRSDMAJ\":\"2018-03-12T04:00:00.000Z\",\"WRSUTIL\":\"abe\",\"WIDNAME\":\"Sleeping Inventory (Warehouse)\",\"WIDDESC\":\"Sleeping Inventory (Warehouse)\",\"WIDCHARTX\":null,\"WIDCHARTDATA\":null,\"WIDCHARTLEGEND\":null,\"WIDCOLLAPSE\":\"collapse\",\"WIDCHARTLEGENDINFO\":null,\"WIDCHARTNBSET\":null,\"WIDCHARTTYPE\":null,\"WIDCHARTUNIT\":null}]"
5/20/2021 7:58:12 [pwirth] 4: "9 Object(s) returned... [FETCH]"
5/20/2021 7:58:12 [pwirth] 6: "./repository/downloads/dashboard/INV0000001_HEINENS_CUSTOM_PROD.json File(s) returned... [FETCH]"
5/20/2021 7:58:19 [pwirth] 7: "BEGIN PKREQUESTMANAGER.CALLQUERY(7,'SCR0000001','pwirth','{HEINENS_CUSTOM_PROD}', '{SCR0000000003,pwirth}','{HN}', :cursor); END;"
5/20/2021 7:58:19 [pwirth] 7: "[{\"SCREENID\":\"SCR0000000003\",\"SCREENINFO\":\"<div><i class=\\\"bbs-keywords\\\">What is it : </i>Supplier schedule give you the capability to review and maintain the already defined supplier schedule \\nfor a given supplier code or part of his description and the period to be reconsidered.\\n</div>\\n<div><i class=\\\"bbs-keywords\\\">Business case example :</i>Adjust the supplier delivery calendar due to holiday or temporary schedule change</div>\\n<div><i class=\\\"bbs-keywords\\\">Mechanism : </i>Tool is capturing the actual defined supplier schedule for the given period in order to gather\\nfundamental service information (commercial contrat, address chain, service contract, schedule (order day & time, delivery day & time), store associated to the schedule \\n</div> \\n<div><i class=\\\"bbs-keywords\\\">Scenario : </i>\\n     <li><b class=\\\"bbs-keywords-scenario\\\">Not finding the supplier: </b>That means for the given period, there is no actual supplier schedule. To resolve that, extend the period in the search panel. You will be able to readjust the end period once you get to the detail adjustment section.\\n     </li>'\\n</div>\"}]"
5/20/2021 7:58:19 [pwirth] 7: "1 Object(s) returned... [FETCH]"
5/20/2021 9:32:17 [pwirth] 8: "BEGIN PKREQUESTMANAGER.CALLQUERY(8,'SUP0000002','pwirth','{HEINENS_CUSTOM_PROD}', '{Jennie,05/21/2021,05/29/2021}','{HN}', :cursor); END;"
5/20/2021 9:32:18 [pwirth] 8: "[]"
5/20/2021 9:32:18 [pwirth] 8: "0 Object(s) returned... [FETCH]"
5/20/2021 9:32:53 [pwirth] 9: "BEGIN PKREQUESTMANAGER.CALLQUERY(9,'SUP0000002','pwirth','{HEINENS_CUSTOM_PROD}', '{AO0848672,05/21/2021,05/29/2021}','{HN}', :cursor); END;"
5/20/2021 9:32:53 [pwirth] 9: "69 Object(s) returned... [FETCH]"
5/20/2021 9:33:25 [pwirth] 10: "BEGIN PKREQUESTMANAGER.CALLQUERY(10,'SUP0000002','pwirth','{HEINENS_CUSTOM_PROD}', '{AO0848672,05/21/2021,06/04/2021}','{HN}', :cursor); END;"
5/20/2021 9:33:25 [pwirth] 10: "138 Object(s) returned... [FETCH]"
5/20/2021 9:39:49 [pwirth] 11: "BEGIN PKREQUESTMANAGER.CALLQUERY(11,'SCR0000001','pwirth','{HEINENS_CUSTOM_PROD}', '{undefined,pwirth}','{HN}', :cursor); END;"
5/20/2021 9:39:49 [pwirth] 11: "[]"
5/20/2021 9:39:49 [pwirth] 11: "0 Object(s) returned... [FETCH]"
5/20/2021 9:39:51 [pwirth] 12: "BEGIN PKREQUESTMANAGER.CALLQUERY(12,'SCR0000001','pwirth','{HEINENS_CUSTOM_PROD}', '{SCR0000000003,pwirth}','{HN}', :cursor); END;"
5/20/2021 9:39:51 [pwirth] 12: "[{\"SCREENID\":\"SCR0000000003\",\"SCREENINFO\":\"<div><i class=\\\"bbs-keywords\\\">What is it : </i>Supplier schedule give you the capability to review and maintain the already defined supplier schedule \\nfor a given supplier code or part of his description and the period to be reconsidered.\\n</div>\\n<div><i class=\\\"bbs-keywords\\\">Business case example :</i>Adjust the supplier delivery calendar due to holiday or temporary schedule change</div>\\n<div><i class=\\\"bbs-keywords\\\">Mechanism : </i>Tool is capturing the actual defined supplier schedule for the given period in order to gather\\nfundamental service information (commercial contrat, address chain, service contract, schedule (order day & time, delivery day & time), store associated to the schedule \\n</div> \\n<div><i class=\\\"bbs-keywords\\\">Scenario : </i>\\n     <li><b class=\\\"bbs-keywords-scenario\\\">Not finding the supplier: </b>That means for the given period, there is no actual supplier schedule. To resolve that, extend the period in the search panel. You will be able to readjust the end period once you get to the detail adjustment section.\\n     </li>'\\n</div>\"}]"
5/20/2021 9:39:51 [pwirth] 12: "1 Object(s) returned... [FETCH]"
5/20/2021 10:8:38 [pwirth] 27: "BEGIN PKREQUESTMANAGER.CALLQUERY(27,'SUP0000002','pwirth','{HEINENS_CUSTOM_PROD}', '{AO1434172,05/21/2021,06/02/2021}','{HN}', :cursor); END;"
5/20/2021 10:8:38 [pwirth] 27: "92 Object(s) returned... [FETCH]"
5/20/2021 10:11:43 [pwirth] 28: "BEGIN PKREQUESTMANAGER.CALLQUERY(28,'SCH0000001','pwirth','{HEINENS_CUSTOM_PROD}', '{AO1434172,A14341CB,1,A14341SB,05/21/2021,06/02/2021,pwirth,1,4,5,6,7,8,9,10,11,12,14,15,16,17,18,19,20,21,22,41,42,43,44}','{HN}', :cursor); END;"
5/20/2021 10:11:43 [pwirth] 28: "[{\"'ALTERED'\":\"altered\"}]"
5/20/2021 10:11:43 [pwirth] 28: "1 Object(s) returned... [FETCH]"
5/20/2021 10:11:43 [pwirth] 29: "BEGIN PKREQUESTMANAGER.CALLQUERY(29,'SCH0000002','pwirth','{HEINENS_CUSTOM_PROD}', '{AO1434172,A14341CB,1,A14341SB,05/24/2021,1010,05/29/2021,0000,pwirth,1,4,5,6,7,8,9,10,11,12,14,15,16,17,18,19,20,21,22,41,42,43,44}','{HN}', :cursor); END;"
5/20/2021 10:11:43 [pwirth] 30: "BEGIN PKREQUESTMANAGER.CALLQUERY(30,'SCH0000002','pwirth','{HEINENS_CUSTOM_PROD}', '{AO1434172,A14341CB,1,A14341SB,06/01/2021,1010,06/06/2021,0000,pwirth,1,4,5,6,7,8,9,10,11,12,14,15,16,17,18,19,20,21,22,41,42,43,44}','{HN}', :cursor); END;"
5/20/2021 10:11:44 [pwirth] 29: "[{\"'ALTERED'\":\"altered\"}]"
5/20/2021 10:11:44 [pwirth] 29: "1 Object(s) returned... [FETCH]"
5/20/2021 10:11:44 [pwirth] 30: "[{\"'ALTERED'\":\"altered\"}]"
5/20/2021 10:11:44 [pwirth] 30: "1 Object(s) returned... [FETCH]"
5/20/2021 10:12:54 [pwirth] 31: "BEGIN PKREQUESTMANAGER.CALLQUERY(31,'SCH0000001','pwirth','{HEINENS_CUSTOM_PROD}', '{AO1434172,AO14341C,0,AO14341S,05/21/2021,06/02/2021,pwirth,1,4,5,6,7,8,9,10,11,12,14,15,16,17,18,19,20,21,22,41,42,43,44}','{HN}', :cursor); END;"
5/20/2021 10:12:54 [pwirth] 31: "[{\"'ALTERED'\":\"altered\"}]"
5/20/2021 10:12:54 [pwirth] 31: "1 Object(s) returned... [FETCH]"
5/20/2021 10:12:54 [pwirth] 32: "BEGIN PKREQUESTMANAGER.CALLQUERY(32,'SCH0000002','pwirth','{HEINENS_CUSTOM_PROD}', '{AO1434172,AO14341C,0,AO14341S,05/24/2021,1010,05/26/2021,0600,pwirth,1,4,5,6,7,8,9,10,11,12,14,15,16,17,18,19,20,21,22,41,42,43,44}','{HN}', :cursor); END;"
5/20/2021 10:12:54 [pwirth] 33: "BEGIN PKREQUESTMANAGER.CALLQUERY(33,'SCH0000002','pwirth','{HEINENS_CUSTOM_PROD}', '{AO1434172,AO14341C,0,AO14341S,06/01/2021,1010,06/03/2021,0600,pwirth,1,4,5,6,7,8,9,10,11,12,14,15,16,17,18,19,20,21,22,41,42,43,44}','{HN}', :cursor); END;"
5/20/2021 10:12:54 [pwirth] 32: "[{\"'ALTERED'\":\"altered\"}]"
5/20/2021 10:12:54 [pwirth] 32: "1 Object(s) returned... [FETCH]"
5/20/2021 10:12:54 [pwirth] 33: "[{\"'ALTERED'\":\"altered\"}]"
5/20/2021 10:12:54 [pwirth] 33: "1 Object(s) returned... [FETCH]"
5/20/2021 10:19:16 [pwirth] 34: "BEGIN PKREQUESTMANAGER.CALLQUERY(34,'SCH0000001','pwirth','{HEINENS_CUSTOM_PROD}', '{AO1434172,A14341CB,1,A14341SB,05/21/2021,06/02/2021,pwirth,1,4,5,6,7,8,9,10,11,12,14,15,16,17,18,19,20,21,22,41,42,43,44}','{HN}', :cursor); END;"
5/20/2021 10:19:16 [pwirth] 34: "[{\"'ALTERED'\":\"altered\"}]"
5/20/2021 10:19:16 [pwirth] 34: "1 Object(s) returned... [FETCH]"
5/20/2021 10:19:17 [pwirth] 35: "BEGIN PKREQUESTMANAGER.CALLQUERY(35,'SCH0000002','pwirth','{HEINENS_CUSTOM_PROD}', '{AO1434172,A14341CB,1,A14341SB,05/24/2021,1010,05/29/2021,0000,pwirth,1,4,5,6,7,8,9,10,11,12,14,15,16,17,18,19,20,21,22,41,42,43,44}','{HN}', :cursor); END;"
5/20/2021 10:19:17 [pwirth] 36: "BEGIN PKREQUESTMANAGER.CALLQUERY(36,'SCH0000002','pwirth','{HEINENS_CUSTOM_PROD}', '{AO1434172,A14341CB,1,A14341SB,06/01/2021,1010,06/05/2021,000,pwirth,1,4,5,6,7,8,9,10,11,12,14,15,16,17,18,19,20,21,22,41,42,43,44}','{HN}', :cursor); END;"
5/20/2021 10:19:17 [pwirth] 35: "[{\"'ALTERED'\":\"altered\"}]"
5/20/2021 10:19:17 [pwirth] 35: "1 Object(s) returned... [FETCH]"
5/20/2021 10:19:17 [pwirth] 36: "[{\"'ALTERED'\":\"altered\"}]"
5/20/2021 10:19:17 [pwirth] 36: "1 Object(s) returned... [FETCH]"
5/20/2021 10:19:49 [pwirth] 37: "BEGIN PKREQUESTMANAGER.CALLQUERY(37,'SUP0000002','pwirth','{HEINENS_CUSTOM_PROD}', '{AO1434172,05/21/2021,06/02/2021}','{HN}', :cursor); END;"
5/20/2021 10:19:50 [pwirth] 37: "92 Object(s) returned... [FETCH]"
5/20/2021 10:49:29 [pwirth] 61: "BEGIN PKREQUESTMANAGER.CALLQUERY(61,'SUP0000002','pwirth','{HEINENS_CUSTOM_PROD}', '{AO1583872,05/21/2021,06/02/2021}','{HN}', :cursor); END;"
5/20/2021 10:49:29 [pwirth] 61: "46 Object(s) returned... [FETCH]"
5/20/2021 10:50:47 [pwirth] 63: "BEGIN PKREQUESTMANAGER.CALLQUERY(63,'SCH0000001','pwirth','{HEINENS_CUSTOM_PROD}', '{AO1583872,AO15838C,0,AO15838S,05/21/2021,06/02/2021,pwirth,1,4,5,6,7,8,9,10,11,12,14,15,16,17,18,19,20,21,22,41,42,43,44}','{HN}', :cursor); END;"
5/20/2021 10:50:47 [pwirth] 63: "[{\"'ALTERED'\":\"altered\"}]"
5/20/2021 10:50:47 [pwirth] 63: "1 Object(s) returned... [FETCH]"
5/20/2021 10:50:47 [pwirth] 64: "BEGIN PKREQUESTMANAGER.CALLQUERY(64,'SCH0000002','pwirth','{HEINENS_CUSTOM_PROD}', '{AO1583872,AO15838C,0,AO15838S,05/24/2021,1010,05/28/2021,0600,pwirth,1,4,5,6,7,8,9,10,11,12,14,15,16,17,18,19,20,21,22,41,42,43,44}','{HN}', :cursor); END;"
5/20/2021 10:50:47 [pwirth] 65: "BEGIN PKREQUESTMANAGER.CALLQUERY(65,'SCH0000002','pwirth','{HEINENS_CUSTOM_PROD}', '{AO1583872,AO15838C,0,AO15838S,05/28/2021,1010,06/04/2021,0600,pwirth,1,4,5,6,7,8,9,10,11,12,14,15,16,17,18,19,20,21,22,41,42,43,44}','{HN}', :cursor); END;"
5/20/2021 10:50:47 [pwirth] 64: "[{\"'ALTERED'\":\"altered\"}]"
5/20/2021 10:50:47 [pwirth] 64: "1 Object(s) returned... [FETCH]"
5/20/2021 10:50:47 [pwirth] 65: "[{\"'ALTERED'\":\"altered\"}]"
5/20/2021 10:50:47 [pwirth] 65: "1 Object(s) returned... [FETCH]"
5/20/2021 10:52:15 [pwirth] 70: "BEGIN PKREQUESTMANAGER.CALLQUERY(70,'SUP0000002','pwirth','{HEINENS_CUSTOM_PROD}', '{AO1628072,05/21/2021,06/02/2021}','{HN}', :cursor); END;"
5/20/2021 10:52:15 [pwirth] 70: "46 Object(s) returned... [FETCH]"
5/20/2021 10:53:54 [pwirth] 74: "BEGIN PKREQUESTMANAGER.CALLQUERY(74,'SCH0000001','pwirth','{HEINENS_CUSTOM_PROD}', '{AO1628072,AO16280C,0,AO16280S,05/21/2021,06/02/2021,pwirth,1,4,5,6,7,8,9,10,11,12,14,15,16,17,18,19,20,21,22,41,42,43,44}','{HN}', :cursor); END;"
5/20/2021 10:53:54 [pwirth] 74: "[{\"'ALTERED'\":\"altered\"}]"
5/20/2021 10:53:54 [pwirth] 74: "1 Object(s) returned... [FETCH]"
5/20/2021 10:53:54 [pwirth] 75: "BEGIN PKREQUESTMANAGER.CALLQUERY(75,'SCH0000002','pwirth','{HEINENS_CUSTOM_PROD}', '{AO1628072,AO16280C,0,AO16280S,05/24/2021,1010,06/02/2021,0600,pwirth,1,4,5,6,7,8,9,10,11,12,14,15,16,17,18,19,20,21,22,41,42,43,44}','{HN}', :cursor); END;"
5/20/2021 10:53:54 [pwirth] 76: "BEGIN PKREQUESTMANAGER.CALLQUERY(76,'SCH0000002','pwirth','{HEINENS_CUSTOM_PROD}', '{AO1628072,AO16280C,0,AO16280S,05/28/2021,1010,06/07/2021,0600,pwirth,1,4,5,6,7,8,9,10,11,12,14,15,16,17,18,19,20,21,22,41,42,43,44}','{HN}', :cursor); END;"
5/20/2021 10:53:54 [pwirth] 75: "[{\"'ALTERED'\":\"altered\"}]"
5/20/2021 10:53:54 [pwirth] 75: "1 Object(s) returned... [FETCH]"
5/20/2021 10:53:55 [pwirth] 76: "[{\"'ALTERED'\":\"altered\"}]"
5/20/2021 10:53:55 [pwirth] 76: "1 Object(s) returned... [FETCH]"
5/20/2021 10:56:49 [pwirth] 79: "BEGIN PKREQUESTMANAGER.CALLQUERY(79,'SUP0000002','pwirth','{HEINENS_CUSTOM_PROD}', '{AO1356872,05/21/2021,06/02/2021}','{HN}', :cursor); END;"
5/20/2021 10:56:49 [pwirth] 79: "138 Object(s) returned... [FETCH]"
5/20/2021 11:6:14 [pwirth] 80: "BEGIN PKREQUESTMANAGER.CALLQUERY(80,'SCH0000001','pwirth','{HEINENS_CUSTOM_PROD}', '{AO1356872,A13568CC,1,A13568SC,05/21/2021,06/02/2021,pwirth,1,4,5,6,7,8,9,10,11,12,14,15,16,17,18,19,20,21,22,41,42,43,44}','{HN}', :cursor); END;"
5/20/2021 11:6:14 [pwirth] 80: "[{\"'ALTERED'\":\"altered\"}]"
5/20/2021 11:6:14 [pwirth] 80: "1 Object(s) returned... [FETCH]"
5/20/2021 11:6:14 [pwirth] 81: "BEGIN PKREQUESTMANAGER.CALLQUERY(81,'SCH0000002','pwirth','{HEINENS_CUSTOM_PROD}', '{AO1356872,A13568CC,1,A13568SC,05/23/2021,1010,05/27/2021,0600,pwirth,1,4,5,6,7,8,9,10,11,12,14,15,16,17,18,19,20,21,22,41,42,43,44}','{HN}', :cursor); END;"
5/20/2021 11:6:15 [pwirth] 82: "BEGIN PKREQUESTMANAGER.CALLQUERY(82,'SCH0000002','pwirth','{HEINENS_CUSTOM_PROD}', '{AO1356872,A13568CC,1,A13568SC,05/26/2021,1010,05/28/2021,0600,pwirth,1,4,5,6,7,8,9,10,11,12,14,15,16,17,18,19,20,21,22,41,42,43,44}','{HN}', :cursor); END;"
5/20/2021 11:6:15 [pwirth] 83: "BEGIN PKREQUESTMANAGER.CALLQUERY(83,'SCH0000002','pwirth','{HEINENS_CUSTOM_PROD}', '{AO1356872,A13568CC,1,A13568SC,05/30/2021,1010,06/03/2021,0600,pwirth,1,4,5,6,7,8,9,10,11,12,14,15,16,17,18,19,20,21,22,41,42,43,44}','{HN}', :cursor); END;"
5/20/2021 11:6:15 [pwirth] 84: "BEGIN PKREQUESTMANAGER.CALLQUERY(84,'SCH0000002','pwirth','{HEINENS_CUSTOM_PROD}', '{AO1356872,A13568CC,1,A13568SC,06/02/2021,1010,06/04/2021,1010,pwirth,1,4,5,6,7,8,9,10,11,12,14,15,16,17,18,19,20,21,22,41,42,43,44}','{HN}', :cursor); END;"
5/20/2021 11:6:15 [pwirth] 81: "[{\"'ALTERED'\":\"altered\"}]"
5/20/2021 11:6:15 [pwirth] 81: "1 Object(s) returned... [FETCH]"
5/20/2021 11:6:15 [pwirth] 83: "[{\"'ALTERED'\":\"altered\"}]"
5/20/2021 11:6:15 [pwirth] 83: "1 Object(s) returned... [FETCH]"
5/20/2021 11:6:15 [pwirth] 82: "[{\"'ALTERED'\":\"altered\"}]"
5/20/2021 11:6:15 [pwirth] 82: "1 Object(s) returned... [FETCH]"
5/20/2021 11:6:15 [pwirth] 84: "[{\"'ALTERED'\":\"altered\"}]"
5/20/2021 11:6:15 [pwirth] 84: "1 Object(s) returned... [FETCH]"
5/20/2021 11:6:24 [pwirth] 85: "BEGIN PKREQUESTMANAGER.CALLQUERY(85,'SUP0000002','pwirth','{HEINENS_CUSTOM_PROD}', '{AO1356872,05/21/2021,06/02/2021}','{HN}', :cursor); END;"
5/20/2021 11:6:25 [pwirth] 85: "184 Object(s) returned... [FETCH]"
5/20/2021 11:8:30 [pwirth] 86: "BEGIN PKREQUESTMANAGER.CALLQUERY(86,'SUP0000002','pwirth','{HEINENS_CUSTOM_PROD}', '{AO1356872,05/21/2021,06/02/2021}','{HN}', :cursor); END;"
5/20/2021 11:8:31 [pwirth] 86: "184 Object(s) returned... [FETCH]"
5/20/2021 11:10:0 [pwirth] 87: "BEGIN PKREQUESTMANAGER.CALLQUERY(87,'SUP0000002','pwirth','{HEINENS_CUSTOM_PROD}', '{AO1356872,05/21/2021,06/02/2021}','{HN}', :cursor); END;"
5/20/2021 11:10:0 [pwirth] 87: "184 Object(s) returned... [FETCH]"
5/20/2021 11:10:8 [pwirth] 88: "BEGIN PKREQUESTMANAGER.CALLQUERY(88,'PAR0000001','pwirth','{HEINENS_CUSTOM_PROD}', '{33,pwirth}','{HN}', :cursor); END;"
5/20/2021 11:10:8 [pwirth] 89: "BEGIN PKREQUESTMANAGER.CALLQUERY(89,'PAR0000001','pwirth','{HEINENS_CUSTOM_PROD}', '{32,pwirth}','{HN}', :cursor); END;"
5/20/2021 11:10:9 [pwirth] 90: "BEGIN PKREQUESTMANAGER.CALLQUERY(90,'PAR0000001','pwirth','{HEINENS_CUSTOM_PROD}', '{31,pwirth}','{HN}', :cursor); END;"
5/20/2021 11:10:9 [pwirth] 91: "BEGIN PKREQUESTMANAGER.CALLQUERY(91,'SCR0000001','pwirth','{HEINENS_CUSTOM_PROD}', '{SCR0000000009,pwirth}','{HN}', :cursor); END;"
5/20/2021 11:10:9 [pwirth] 91: "[{\"SCREENID\":\"SCR0000000009\",\"SCREENINFO\":\"<div><i class=\\\"bbs-keywords\\\">What is it : </i>Mass-changes Item Hierarchy is helping you review past and future mass changes activities. It allows you to cancel future planned execution.\\n</div>\\n<div><i class=\\\"bbs-keywords\\\">Process : </i>ICR users is loading the mass-change file in respect to the data checks. All activities is the mass changes ICR solution is tracked and reported in the journal.\\n</div>\"}]"
5/20/2021 11:10:9 [pwirth] 91: "1 Object(s) returned... [FETCH]"
5/20/2021 11:10:9 [pwirth] 89: "[{\"PARAMID\":32,\"TPARAMDESC\":\"Mass change status\",\"PARAMENTRY\":0,\"TENTRYDESC\":\"Open\",\"PARAMVAL1\":null,\"PARAMVAL2\":null,\"PARAMVAL3\":null,\"PARAMVAL4\":null,\"PARAMVAL5\":null,\"PARAMCHAR1\":null,\"PARAMCHAR2\":null,\"PARAMCHAR3\":null,\"PARAMCHAR4\":null,\"PARAMCHAR5\":null},{\"PARAMID\":32,\"TPARAMDESC\":\"Mass change status\",\"PARAMENTRY\":1,\"TENTRYDESC\":\"Completed\",\"PARAMVAL1\":null,\"PARAMVAL2\":null,\"PARAMVAL3\":null,\"PARAMVAL4\":null,\"PARAMVAL5\":null,\"PARAMCHAR1\":null,\"PARAMCHAR2\":null,\"PARAMCHAR3\":null,\"PARAMCHAR4\":null,\"PARAMCHAR5\":null},{\"PARAMID\":32,\"TPARAMDESC\":\"Mass change status\",\"PARAMENTRY\":2,\"TENTRYDESC\":\"Cancelled\",\"PARAMVAL1\":null,\"PARAMVAL2\":null,\"PARAMVAL3\":null,\"PARAMVAL4\":null,\"PARAMVAL5\":null,\"PARAMCHAR1\":null,\"PARAMCHAR2\":null,\"PARAMCHAR3\":null,\"PARAMCHAR4\":null,\"PARAMCHAR5\":null}]"
5/20/2021 11:10:9 [pwirth] 89: "3 Object(s) returned... [FETCH]"
5/20/2021 11:10:9 [pwirth] 90: "[{\"PARAMID\":31,\"TPARAMDESC\":\"Mass change execution type\",\"PARAMENTRY\":0,\"TENTRYDESC\":\"Schedule\",\"PARAMVAL1\":null,\"PARAMVAL2\":null,\"PARAMVAL3\":null,\"PARAMVAL4\":null,\"PARAMVAL5\":null,\"PARAMCHAR1\":null,\"PARAMCHAR2\":null,\"PARAMCHAR3\":null,\"PARAMCHAR4\":null,\"PARAMCHAR5\":null},{\"PARAMID\":31,\"TPARAMDESC\":\"Mass change execution type\",\"PARAMENTRY\":1,\"TENTRYDESC\":\"Immediate\",\"PARAMVAL1\":null,\"PARAMVAL2\":null,\"PARAMVAL3\":null,\"PARAMVAL4\":null,\"PARAMVAL5\":null,\"PARAMCHAR1\":null,\"PARAMCHAR2\":null,\"PARAMCHAR3\":null,\"PARAMCHAR4\":null,\"PARAMCHAR5\":null}]"
5/20/2021 11:10:9 [pwirth] 90: "2 Object(s) returned... [FETCH]"
5/20/2021 11:10:9 [pwirth] 88: "[{\"PARAMID\":33,\"TPARAMDESC\":\"Mass change type\",\"PARAMENTRY\":1,\"TENTRYDESC\":\"Item Hierarchy\",\"PARAMVAL1\":null,\"PARAMVAL2\":null,\"PARAMVAL3\":null,\"PARAMVAL4\":null,\"PARAMVAL5\":null,\"PARAMCHAR1\":null,\"PARAMCHAR2\":null,\"PARAMCHAR3\":null,\"PARAMCHAR4\":null,\"PARAMCHAR5\":null},{\"PARAMID\":33,\"TPARAMDESC\":\"Mass change type\",\"PARAMENTRY\":2,\"TENTRYDESC\":\"Barcodes\",\"PARAMVAL1\":null,\"PARAMVAL2\":null,\"PARAMVAL3\":null,\"PARAMVAL4\":null,\"PARAMVAL5\":null,\"PARAMCHAR1\":null,\"PARAMCHAR2\":null,\"PARAMCHAR3\":null,\"PARAMCHAR4\":null,\"PARAMCHAR5\":null},{\"PARAMID\":33,\"TPARAMDESC\":\"Mass change type\",\"PARAMENTRY\":3,\"TENTRYDESC\":\"Item Attributes\",\"PARAMVAL1\":null,\"PARAMVAL2\":null,\"PARAMVAL3\":null,\"PARAMVAL4\":null,\"PARAMVAL5\":null,\"PARAMCHAR1\":null,\"PARAMCHAR2\":null,\"PARAMCHAR3\":null,\"PARAMCHAR4\":null,\"PARAMCHAR5\":null},{\"PARAMID\":33,\"TPARAMDESC\":\"Mass change type\",\"PARAMENTRY\":4,\"TENTRYDESC\":\"Item category Mgr\",\"PARAMVAL1\":null,\"PARAMVAL2\":null,\"PARAMVAL3\":null,\"PARAMVAL4\":null,\"PARAMVAL5\":null,\"PARAMCHAR1\":null,\"PARAMCHAR2\":null,\"PARAMCHAR3\":null,\"PARAMCHAR4\":null,\"PARAMCHAR5\":null},{\"PARAMID\":33,\"TPARAMDESC\":\"Mass change type\",\"PARAMENTRY\":5,\"TENTRYDESC\":\"Item/SV Attributes\",\"PARAMVAL1\":null,\"PARAMVAL2\":null,\"PARAMVAL3\":null,\"PARAMVAL4\":null,\"PARAMVAL5\":null,\"PARAMCHAR1\":null,\"PARAMCHAR2\":null,\"PARAMCHAR3\":null,\"PARAMCHAR4\":null,\"PARAMCHAR5\":null}]"
5/20/2021 11:10:9 [pwirth] 88: "5 Object(s) returned... [FETCH]"
5/20/2021 11:10:9 [pwirth] 92: "BEGIN PKREQUESTMANAGER.CALLQUERY(92,'SCR0000001','pwirth','{HEINENS_CUSTOM_PROD}', '{undefined,pwirth}','{HN}', :cursor); END;"
5/20/2021 11:10:9 [pwirth] 92: "[]"
5/20/2021 11:10:9 [pwirth] 92: "0 Object(s) returned... [FETCH]"
5/20/2021 11:10:12 [pwirth] 93: "BEGIN PKREQUESTMANAGER.CALLQUERY(93,'SCR0000001','pwirth','{HEINENS_CUSTOM_PROD}', '{SCR0000000003,pwirth}','{HN}', :cursor); END;"
5/20/2021 11:10:12 [pwirth] 93: "[{\"SCREENID\":\"SCR0000000003\",\"SCREENINFO\":\"<div><i class=\\\"bbs-keywords\\\">What is it : </i>Supplier schedule give you the capability to review and maintain the already defined supplier schedule \\nfor a given supplier code or part of his description and the period to be reconsidered.\\n</div>\\n<div><i class=\\\"bbs-keywords\\\">Business case example :</i>Adjust the supplier delivery calendar due to holiday or temporary schedule change</div>\\n<div><i class=\\\"bbs-keywords\\\">Mechanism : </i>Tool is capturing the actual defined supplier schedule for the given period in order to gather\\nfundamental service information (commercial contrat, address chain, service contract, schedule (order day & time, delivery day & time), store associated to the schedule \\n</div> \\n<div><i class=\\\"bbs-keywords\\\">Scenario : </i>\\n     <li><b class=\\\"bbs-keywords-scenario\\\">Not finding the supplier: </b>That means for the given period, there is no actual supplier schedule. To resolve that, extend the period in the search panel. You will be able to readjust the end period once you get to the detail adjustment section.\\n     </li>'\\n</div>\"}]"
5/20/2021 11:10:12 [pwirth] 93: "1 Object(s) returned... [FETCH]"
5/20/2021 11:10:25 [pwirth] 94: "BEGIN PKREQUESTMANAGER.CALLQUERY(94,'SUP0000002','pwirth','{HEINENS_CUSTOM_PROD}', '{AO1356872,05/21/2021,06/04/2021}','{HN}', :cursor); END;"
5/20/2021 11:10:26 [pwirth] 94: "184 Object(s) returned... [FETCH]"
5/20/2021 11:20:39 [pwirth] 95: "BEGIN PKREQUESTMANAGER.CALLQUERY(95,'SCH0000001','pwirth','{HEINENS_CUSTOM_PROD}', '{AO1356872,A13568CC,1,A13568SC,05/21/2021,06/04/2021,pwirth,1,4,5,6,7,8,9,10,11,12,14,15,16,17,18,19,20,21,22,41,42,43,44}','{HN}', :cursor); END;"
5/20/2021 11:20:40 [pwirth] 95: "[{\"'ALTERED'\":\"altered\"}]"
5/20/2021 11:20:40 [pwirth] 95: "1 Object(s) returned... [FETCH]"
5/20/2021 11:20:40 [pwirth] 96: "BEGIN PKREQUESTMANAGER.CALLQUERY(96,'SCH0000002','pwirth','{HEINENS_CUSTOM_PROD}', '{AO1356872,A13568CC,1,A13568SC,05/23/2021,1010,05/28/2021,0600,pwirth,1,4,5,6,7,8,9,10,11,12,14,15,16,17,18,19,20,21,22,41,42,43,44}','{HN}', :cursor); END;"
5/20/2021 11:20:40 [pwirth] 97: "BEGIN PKREQUESTMANAGER.CALLQUERY(97,'SCH0000002','pwirth','{HEINENS_CUSTOM_PROD}', '{AO1356872,A13568CC,1,A13568SC,05/30/2021,1010,06/04/2021,0600,pwirth,1,4,5,6,7,8,9,10,11,12,14,15,16,17,18,19,20,21,22,41,42,43,44}','{HN}', :cursor); END;"
5/20/2021 11:20:40 [pwirth] 96: "[{\"'ALTERED'\":\"altered\"}]"
5/20/2021 11:20:40 [pwirth] 96: "1 Object(s) returned... [FETCH]"
5/20/2021 11:20:40 [pwirth] 97: "[{\"'ALTERED'\":\"altered\"}]"
5/20/2021 11:20:40 [pwirth] 97: "1 Object(s) returned... [FETCH]"
5/20/2021 11:21:37 [pwirth] 98: "BEGIN PKREQUESTMANAGER.CALLQUERY(98,'SUP0000002','pwirth','{HEINENS_CUSTOM_PROD}', '{AO1356872,05/21/2021,06/04/2021}','{HN}', :cursor); END;"
5/20/2021 11:21:37 [pwirth] 98: "138 Object(s) returned... [FETCH]"
5/20/2021 11:25:47 [pwirth] 100: "BEGIN PKREQUESTMANAGER.CALLQUERY(100,'SCH0000001','pwirth','{HEINENS_CUSTOM_PROD}', '{AO1356872,AO13568C,0,AO13568S,05/21/2021,06/04/2021,pwirth,1,4,5,6,7,8,9,10,11,12,14,15,16,17,18,19,20,21,22,41,42,43,44}','{HN}', :cursor); END;"
5/20/2021 11:25:48 [pwirth] 100: "[{\"'ALTERED'\":\"altered\"}]"
5/20/2021 11:25:48 [pwirth] 100: "1 Object(s) returned... [FETCH]"
5/20/2021 11:25:48 [pwirth] 101: "BEGIN PKREQUESTMANAGER.CALLQUERY(101,'SCH0000002','pwirth','{HEINENS_CUSTOM_PROD}', '{AO1356872,AO13568C,0,AO13568S,05/23/2021,1010,05/25/2021,0600,pwirth,1,4,5,6,7,8,9,10,11,12,14,15,16,17,18,19,20,21,22,41,42,43,44}','{HN}', :cursor); END;"
5/20/2021 11:25:48 [pwirth] 102: "BEGIN PKREQUESTMANAGER.CALLQUERY(102,'SCH0000002','pwirth','{HEINENS_CUSTOM_PROD}', '{AO1356872,AO13568C,0,AO13568S,05/26/2021,1010,05/28/2021,0600,pwirth,1,4,5,6,7,8,9,10,11,12,14,15,16,17,18,19,20,21,22,41,42,43,44}','{HN}', :cursor); END;"
5/20/2021 11:25:48 [pwirth] 103: "BEGIN PKREQUESTMANAGER.CALLQUERY(103,'SCH0000002','pwirth','{HEINENS_CUSTOM_PROD}', '{AO1356872,AO13568C,0,AO13568S,05/30/2021,1010,06/01/2021,0600,pwirth,1,4,5,6,7,8,9,10,11,12,14,15,16,17,18,19,20,21,22,41,42,43,44}','{HN}', :cursor); END;"
5/20/2021 11:25:48 [pwirth] 104: "BEGIN PKREQUESTMANAGER.CALLQUERY(104,'SCH0000002','pwirth','{HEINENS_CUSTOM_PROD}', '{AO1356872,AO13568C,0,AO13568S,06/02/2021,1010,06/05/2021,0600,pwirth,1,4,5,6,7,8,9,10,11,12,14,15,16,17,18,19,20,21,22,41,42,43,44}','{HN}', :cursor); END;"
5/20/2021 11:25:48 [pwirth] 101: "[{\"'ALTERED'\":\"altered\"}]"
5/20/2021 11:25:48 [pwirth] 101: "1 Object(s) returned... [FETCH]"
5/20/2021 11:25:48 [pwirth] 104: "[{\"'ALTERED'\":\"altered\"}]"
5/20/2021 11:25:48 [pwirth] 104: "1 Object(s) returned... [FETCH]"
5/20/2021 11:25:48 [pwirth] 103: "[{\"'ALTERED'\":\"altered\"}]"
5/20/2021 11:25:48 [pwirth] 103: "1 Object(s) returned... [FETCH]"
5/20/2021 11:25:48 [pwirth] 102: "[{\"'ALTERED'\":\"altered\"}]"
5/20/2021 11:25:48 [pwirth] 102: "1 Object(s) returned... [FETCH]"
5/20/2021 11:26:57 [pwirth] 105: "BEGIN PKREQUESTMANAGER.CALLQUERY(105,'SUP0000002','pwirth','{HEINENS_CUSTOM_PROD}', '{AO0570072,05/21/2021,06/04/2021}','{HN}', :cursor); END;"
5/20/2021 11:26:57 [pwirth] 105: "46 Object(s) returned... [FETCH]"
5/20/2021 11:28:43 [pwirth] 106: "BEGIN PKREQUESTMANAGER.CALLQUERY(106,'SUP0000002','pwirth','{HEINENS_CUSTOM_PROD}', '{AO1356872,05/21/2021,06/04/2021}','{HN}', :cursor); END;"
5/20/2021 11:28:44 [pwirth] 106: "138 Object(s) returned... [FETCH]"
5/20/2021 12:39:15 [pwirth] 158: "BEGIN PKREQUESTMANAGER.CALLQUERY(158,'SCH0000001','pwirth','{HEINENS_CUSTOM_PROD}', '{AO1356872,AO13568C,0,AO13568S,05/21/2021,06/04/2021,pwirth,1,4,5,6,7,8,9,10,11,12,14,15,16,17,18,19,20,21,22,41,42,43,44}','{HN}', :cursor); END;"
5/20/2021 12:39:15 [pwirth] 158: "[{\"'ALTERED'\":\"altered\"}]"
5/20/2021 12:39:15 [pwirth] 158: "1 Object(s) returned... [FETCH]"
5/20/2021 12:39:15 [pwirth] 159: "BEGIN PKREQUESTMANAGER.CALLQUERY(159,'SCH0000002','pwirth','{HEINENS_CUSTOM_PROD}', '{AO1356872,AO13568C,0,AO13568S,05/23/2021,1010,05/25/2021,0600,pwirth,1,4,5,6,7,8,9,10,11,12,14,15,16,17,18,19,20,21,22,41,42,43,44}','{HN}', :cursor); END;"
5/20/2021 12:39:15 [pwirth] 160: "BEGIN PKREQUESTMANAGER.CALLQUERY(160,'SCH0000002','pwirth','{HEINENS_CUSTOM_PROD}', '{AO1356872,AO13568C,0,AO13568S,05/30/2021,1010,06/02/2021,0600,pwirth,1,4,5,6,7,8,9,10,11,12,14,15,16,17,18,19,20,21,22,41,42,43,44}','{HN}', :cursor); END;"
5/20/2021 12:39:15 [pwirth] 161: "BEGIN PKREQUESTMANAGER.CALLQUERY(161,'SCH0000002','pwirth','{HEINENS_CUSTOM_PROD}', '{AO1356872,AO13568C,0,AO13568S,05/26/2021,1010,05/28/2021,0600,pwirth,1,4,5,6,7,8,9,10,11,12,14,15,16,17,18,19,20,21,22,41,42,43,44}','{HN}', :cursor); END;"
5/20/2021 12:39:15 [pwirth] 162: "BEGIN PKREQUESTMANAGER.CALLQUERY(162,'SCH0000002','pwirth','{HEINENS_CUSTOM_PROD}', '{AO1356872,AO13568C,0,AO13568S,06/02/2021,1010,06/04/2021,0600,pwirth,1,4,5,6,7,8,9,10,11,12,14,15,16,17,18,19,20,21,22,41,42,43,44}','{HN}', :cursor); END;"
5/20/2021 12:39:15 [pwirth] 159: "[{\"'ALTERED'\":\"altered\"}]"
5/20/2021 12:39:15 [pwirth] 159: "1 Object(s) returned... [FETCH]"
5/20/2021 12:39:15 [pwirth] 160: "[{\"'ALTERED'\":\"altered\"}]"
5/20/2021 12:39:15 [pwirth] 160: "1 Object(s) returned... [FETCH]"
5/20/2021 12:39:15 [pwirth] 161: "[{\"'ALTERED'\":\"altered\"}]"
5/20/2021 12:39:15 [pwirth] 161: "1 Object(s) returned... [FETCH]"
5/20/2021 12:39:15 [pwirth] 162: "[{\"'ALTERED'\":\"altered\"}]"
5/20/2021 12:39:15 [pwirth] 162: "1 Object(s) returned... [FETCH]"
5/20/2021 12:39:33 [pwirth] 163: "BEGIN PKREQUESTMANAGER.CALLQUERY(163,'SUP0000002','pwirth','{HEINENS_CUSTOM_PROD}', '{AO0570072,05/21/2021,06/04/2021}','{HN}', :cursor); END;"
5/20/2021 12:39:33 [pwirth] 163: "46 Object(s) returned... [FETCH]"
5/20/2021 12:40:36 [pwirth] 164: "BEGIN PKREQUESTMANAGER.CALLQUERY(164,'SCH0000001','pwirth','{HEINENS_CUSTOM_PROD}', '{AO0570072,AO05700C,0,AO05700S,05/21/2021,06/04/2021,pwirth,1,4,5,6,7,8,9,10,11,12,14,15,16,17,18,19,20,21,22,41,42,43,44}','{HN}', :cursor); END;"
5/20/2021 12:40:36 [pwirth] 164: "[{\"'ALTERED'\":\"altered\"}]"
5/20/2021 12:40:36 [pwirth] 164: "1 Object(s) returned... [FETCH]"
5/20/2021 12:40:36 [pwirth] 165: "BEGIN PKREQUESTMANAGER.CALLQUERY(165,'SCH0000002','pwirth','{HEINENS_CUSTOM_PROD}', '{AO0570072,AO05700C,0,AO05700S,05/24/2021,1010,05/27/2021,0600,pwirth,1,4,5,6,7,8,9,10,11,12,14,15,16,17,18,19,20,21,22,41,42,43,44}','{HN}', :cursor); END;"
5/20/2021 12:40:36 [pwirth] 166: "BEGIN PKREQUESTMANAGER.CALLQUERY(166,'SCH0000002','pwirth','{HEINENS_CUSTOM_PROD}', '{AO0570072,AO05700C,0,AO05700S,05/28/2021,1010,06/02/2021,0600,pwirth,1,4,5,6,7,8,9,10,11,12,14,15,16,17,18,19,20,21,22,41,42,43,44}','{HN}', :cursor); END;"
5/20/2021 12:40:36 [pwirth] 165: "[{\"'ALTERED'\":\"altered\"}]"
5/20/2021 12:40:36 [pwirth] 165: "1 Object(s) returned... [FETCH]"
5/20/2021 12:40:36 [pwirth] 166: "[{\"'ALTERED'\":\"altered\"}]"
5/20/2021 12:40:36 [pwirth] 166: "1 Object(s) returned... [FETCH]"
5/20/2021 12:42:4 [pwirth] 167: "BEGIN PKREQUESTMANAGER.CALLQUERY(167,'SUP0000002','pwirth','{HEINENS_CUSTOM_PROD}', '{AO1601472,05/21/2021,06/04/2021}','{HN}', :cursor); END;"
5/20/2021 12:42:5 [pwirth] 167: "115 Object(s) returned... [FETCH]"
5/20/2021 12:44:10 [pwirth] 177: "BEGIN PKREQUESTMANAGER.CALLQUERY(177,'SCH0000001','pwirth','{HEINENS_CUSTOM_PROD}', '{AO1601472,AO16014C,0,AO16014S,05/21/2021,06/04/2021,pwirth,1,4,5,6,7,8,9,10,11,12,14,15,16,17,18,19,20,21,22,41,42,43,44}','{HN}', :cursor); END;"
5/20/2021 12:44:10 [pwirth] 177: "[{\"'ALTERED'\":\"altered\"}]"
5/20/2021 12:44:10 [pwirth] 177: "1 Object(s) returned... [FETCH]"
5/20/2021 12:44:10 [pwirth] 178: "BEGIN PKREQUESTMANAGER.CALLQUERY(178,'SCH0000002','pwirth','{HEINENS_CUSTOM_PROD}', '{AO1601472,AO16014C,0,AO16014S,05/21/2021,1010,05/28/2021,0200,pwirth,1,4,5,6,7,8,9,10,11,12,14,15,16,17,18,19,20,21,22,41,42,43,44}','{HN}', :cursor); END;"
5/20/2021 12:44:10 [pwirth] 179: "BEGIN PKREQUESTMANAGER.CALLQUERY(179,'SCH0000002','pwirth','{HEINENS_CUSTOM_PROD}', '{AO1601472,AO16014C,0,AO16014S,05/27/2021,1010,06/04/2021,0200,pwirth,1,4,5,6,7,8,9,10,11,12,14,15,16,17,18,19,20,21,22,41,42,43,44}','{HN}', :cursor); END;"
5/20/2021 12:44:10 [pwirth] 180: "BEGIN PKREQUESTMANAGER.CALLQUERY(180,'SCH0000002','pwirth','{HEINENS_CUSTOM_PROD}', '{AO1601472,AO16014C,0,AO16014S,05/25/2021,1010,06/02/2021,0200,pwirth,1,4,5,6,7,8,9,10,11,12,14,15,16,17,18,19,20,21,22,41,42,43,44}','{HN}', :cursor); END;"
5/20/2021 12:44:10 [pwirth] 181: "BEGIN PKREQUESTMANAGER.CALLQUERY(181,'SCH0000002','pwirth','{HEINENS_CUSTOM_PROD}', '{AO1601472,AO16014C,0,AO16014S,06/01/2021,1010,06/08/2021,0200,pwirth,1,4,5,6,7,8,9,10,11,12,14,15,16,17,18,19,20,21,22,41,42,43,44}','{HN}', :cursor); END;"
5/20/2021 12:44:10 [pwirth] 182: "BEGIN PKREQUESTMANAGER.CALLQUERY(182,'SCH0000002','pwirth','{HEINENS_CUSTOM_PROD}', '{AO1601472,AO16014C,0,AO16014S,06/04/2021,1010,06/11/2021,0200,pwirth,1,4,5,6,7,8,9,10,11,12,14,15,16,17,18,19,20,21,22,41,42,43,44}','{HN}', :cursor); END;"
5/20/2021 12:44:10 [pwirth] 178: "[{\"'ALTERED'\":\"altered\"}]"
5/20/2021 12:44:10 [pwirth] 178: "1 Object(s) returned... [FETCH]"
5/20/2021 12:44:10 [pwirth] 181: "[{\"'ALTERED'\":\"altered\"}]"
5/20/2021 12:44:10 [pwirth] 181: "1 Object(s) returned... [FETCH]"
5/20/2021 12:44:10 [pwirth] 179: "[{\"'ALTERED'\":\"altered\"}]"
5/20/2021 12:44:10 [pwirth] 179: "1 Object(s) returned... [FETCH]"
5/20/2021 12:44:10 [pwirth] 180: "[{\"'ALTERED'\":\"altered\"}]"
5/20/2021 12:44:10 [pwirth] 180: "1 Object(s) returned... [FETCH]"
5/20/2021 12:44:10 [pwirth] 182: "[{\"'ALTERED'\":\"altered\"}]"
5/20/2021 12:44:10 [pwirth] 182: "1 Object(s) returned... [FETCH]"
5/20/2021 12:45:51 [pwirth] 184: "BEGIN PKREQUESTMANAGER.CALLQUERY(184,'SUP0000002','pwirth','{HEINENS_CUSTOM_PROD}', '{AO1466572,05/21/2021,06/04/2021}','{HN}', :cursor); END;"
5/20/2021 12:45:52 [pwirth] 184: "46 Object(s) returned... [FETCH]"
5/20/2021 12:50:2 [pwirth] 185: "BEGIN PKREQUESTMANAGER.CALLQUERY(185,'SCH0000001','pwirth','{HEINENS_CUSTOM_PROD}', '{AO1466572,AO14665C,0,AO14665S,05/21/2021,06/04/2021,pwirth,1,4,5,6,7,8,9,10,11,12,14,15,16,17,18,19,20,21,22,41,42,43,44}','{HN}', :cursor); END;"
5/20/2021 12:50:2 [pwirth] 185: "[{\"'ALTERED'\":\"altered\"}]"
5/20/2021 12:50:2 [pwirth] 185: "1 Object(s) returned... [FETCH]"
5/20/2021 12:50:2 [pwirth] 186: "BEGIN PKREQUESTMANAGER.CALLQUERY(186,'SCH0000002','pwirth','{HEINENS_CUSTOM_PROD}', '{AO1466572,AO14665C,0,AO14665S,05/24/2021,1010,05/28/2021,0600,pwirth,1,4,5,6,7,8,9,10,11,12,14,15,16,17,18,19,20,21,22,41,42,43,44}','{HN}', :cursor); END;"
5/20/2021 12:50:2 [pwirth] 187: "BEGIN PKREQUESTMANAGER.CALLQUERY(187,'SCH0000002','pwirth','{HEINENS_CUSTOM_PROD}', '{AO1466572,AO14665C,0,AO14665S,06/01/2021,1010,06/04/2021,0600,pwirth,1,4,5,6,7,8,9,10,11,12,14,15,16,17,18,19,20,21,22,41,42,43,44}','{HN}', :cursor); END;"
5/20/2021 12:50:2 [pwirth] 186: "[{\"'ALTERED'\":\"altered\"}]"
5/20/2021 12:50:2 [pwirth] 186: "1 Object(s) returned... [FETCH]"
5/20/2021 12:50:2 [pwirth] 187: "[{\"'ALTERED'\":\"altered\"}]"
5/20/2021 12:50:2 [pwirth] 187: "1 Object(s) returned... [FETCH]"
5/20/2021 12:51:38 [pwirth] 188: "BEGIN PKREQUESTMANAGER.CALLQUERY(188,'SUP0000002','pwirth','{HEINENS_CUSTOM_PROD}', '{AO0588472,05/21/2021,06/04/2021}','{HN}', :cursor); END;"
5/20/2021 12:51:39 [pwirth] 188: "46 Object(s) returned... [FETCH]"
5/20/2021 12:52:32 [pwirth] 189: "BEGIN PKREQUESTMANAGER.CALLQUERY(189,'SCH0000001','pwirth','{HEINENS_CUSTOM_PROD}', '{AO0588472,AO05884C,0,AO05884S,05/21/2021,06/04/2021,pwirth,1,4,5,6,7,8,9,10,11,12,14,15,16,17,18,19,20,21,22,41,42,43,44}','{HN}', :cursor); END;"
5/20/2021 12:52:32 [pwirth] 189: "[{\"'ALTERED'\":\"altered\"}]"
5/20/2021 12:52:32 [pwirth] 189: "1 Object(s) returned... [FETCH]"
5/20/2021 12:52:33 [pwirth] 190: "BEGIN PKREQUESTMANAGER.CALLQUERY(190,'SCH0000002','pwirth','{HEINENS_CUSTOM_PROD}', '{AO0588472,AO05884C,0,AO05884S,05/24/2021,1010,05/26/2021,0000,pwirth,1,4,5,6,7,8,9,10,11,12,14,15,16,17,18,19,20,21,22,41,42,43,44}','{HN}', :cursor); END;"
5/20/2021 12:52:33 [pwirth] 191: "BEGIN PKREQUESTMANAGER.CALLQUERY(191,'SCH0000002','pwirth','{HEINENS_CUSTOM_PROD}', '{AO0588472,AO05884C,0,AO05884S,06/01/2021,1010,06/03/2021,0000,pwirth,1,4,5,6,7,8,9,10,11,12,14,15,16,17,18,19,20,21,22,41,42,43,44}','{HN}', :cursor); END;"
5/20/2021 12:52:33 [pwirth] 190: "[{\"'ALTERED'\":\"altered\"}]"
5/20/2021 12:52:33 [pwirth] 190: "1 Object(s) returned... [FETCH]"
5/20/2021 12:52:33 [pwirth] 191: "[{\"'ALTERED'\":\"altered\"}]"
5/20/2021 12:52:33 [pwirth] 191: "1 Object(s) returned... [FETCH]"
5/20/2021 12:53:22 [pwirth] 192: "BEGIN PKREQUESTMANAGER.CALLQUERY(192,'SUP0000002','pwirth','{HEINENS_CUSTOM_PROD}', '{AO1387572,05/21/2021,06/04/2021}','{HN}', :cursor); END;"
5/20/2021 12:53:22 [pwirth] 192: "69 Object(s) returned... [FETCH]"
5/20/2021 12:55:19 [pwirth] 193: "BEGIN PKREQUESTMANAGER.CALLQUERY(193,'SUP0000002','pwirth','{HEINENS_CUSTOM_PROD}', '{AO0618272,05/21/2021,06/04/2021}','{HN}', :cursor); END;"
5/20/2021 12:55:19 [pwirth] 193: "46 Object(s) returned... [FETCH]"
5/20/2021 12:56:37 [pwirth] 194: "BEGIN PKREQUESTMANAGER.CALLQUERY(194,'SCH0000001','pwirth','{HEINENS_CUSTOM_PROD}', '{AO0618272,AO06182C,0,AO06182S,05/21/2021,06/04/2021,pwirth,1,4,5,6,7,8,9,10,11,12,14,15,16,17,18,19,20,21,22,41,42,43,44}','{HN}', :cursor); END;"
5/20/2021 12:56:37 [pwirth] 194: "[{\"'ALTERED'\":\"altered\"}]"
5/20/2021 12:56:37 [pwirth] 194: "1 Object(s) returned... [FETCH]"
5/20/2021 12:56:37 [pwirth] 195: "BEGIN PKREQUESTMANAGER.CALLQUERY(195,'SCH0000002','pwirth','{HEINENS_CUSTOM_PROD}', '{AO0618272,AO06182C,0,AO06182S,05/24/2021,1010,05/26/2021,0600,pwirth,1,4,5,6,7,8,9,10,11,12,14,15,16,17,18,19,20,21,22,41,42,43,44}','{HN}', :cursor); END;"
5/20/2021 12:56:37 [pwirth] 196: "BEGIN PKREQUESTMANAGER.CALLQUERY(196,'SCH0000002','pwirth','{HEINENS_CUSTOM_PROD}', '{AO0618272,AO06182C,0,AO06182S,05/28/2021,1010,06/01/2021,0600,pwirth,1,4,5,6,7,8,9,10,11,12,14,15,16,17,18,19,20,21,22,41,42,43,44}','{HN}', :cursor); END;"
5/20/2021 12:56:37 [pwirth] 197: "BEGIN PKREQUESTMANAGER.CALLQUERY(197,'SCH0000002','pwirth','{HEINENS_CUSTOM_PROD}', '{AO0618272,AO06182C,0,AO06182S,06/04/2021,1010,06/08/2021,0600,pwirth,1,4,5,6,7,8,9,10,11,12,14,15,16,17,18,19,20,21,22,41,42,43,44}','{HN}', :cursor); END;"
5/20/2021 12:56:37 [pwirth] 195: "[{\"'ALTERED'\":\"altered\"}]"
5/20/2021 12:56:37 [pwirth] 195: "1 Object(s) returned... [FETCH]"
5/20/2021 12:56:37 [pwirth] 197: "[{\"'ALTERED'\":\"altered\"}]"
5/20/2021 12:56:37 [pwirth] 197: "1 Object(s) returned... [FETCH]"
5/20/2021 12:56:37 [pwirth] 196: "[{\"'ALTERED'\":\"altered\"}]"
5/20/2021 12:56:37 [pwirth] 196: "1 Object(s) returned... [FETCH]"
5/20/2021 12:57:23 [pwirth] 198: "BEGIN PKREQUESTMANAGER.CALLQUERY(198,'SCH0000001','pwirth','{HEINENS_CUSTOM_PROD}', '{AO0618272,AO06182C,0,AO06182S,05/21/2021,06/04/2021,pwirth,1,4,5,6,7,8,9,10,11,12,14,15,16,17,18,19,20,21,22,41,42,43,44}','{HN}', :cursor); END;"
5/20/2021 12:57:23 [pwirth] 198: "[{\"'ALTERED'\":\"altered\"}]"
5/20/2021 12:57:23 [pwirth] 198: "1 Object(s) returned... [FETCH]"
5/20/2021 12:57:23 [pwirth] 199: "BEGIN PKREQUESTMANAGER.CALLQUERY(199,'SCH0000002','pwirth','{HEINENS_CUSTOM_PROD}', '{AO0618272,AO06182C,0,AO06182S,05/24/2021,1010,05/26/2021,0600,pwirth,1,4,5,6,7,8,9,10,11,12,14,15,16,17,18,19,20,21,22,41,42,43,44}','{HN}', :cursor); END;"
5/20/2021 12:57:23 [pwirth] 200: "BEGIN PKREQUESTMANAGER.CALLQUERY(200,'SCH0000002','pwirth','{HEINENS_CUSTOM_PROD}', '{AO0618272,AO06182C,0,AO06182S,05/28/2021,1010,06/02/2021,0600,pwirth,1,4,5,6,7,8,9,10,11,12,14,15,16,17,18,19,20,21,22,41,42,43,44}','{HN}', :cursor); END;"
5/20/2021 12:57:23 [pwirth] 201: "BEGIN PKREQUESTMANAGER.CALLQUERY(201,'SCH0000002','pwirth','{HEINENS_CUSTOM_PROD}', '{AO0618272,AO06182C,0,AO06182S,06/04/2021,1010,06/09/2021,0600,pwirth,1,4,5,6,7,8,9,10,11,12,14,15,16,17,18,19,20,21,22,41,42,43,44}','{HN}', :cursor); END;"
5/20/2021 12:57:24 [pwirth] 199: "[{\"'ALTERED'\":\"altered\"}]"
5/20/2021 12:57:24 [pwirth] 199: "1 Object(s) returned... [FETCH]"
5/20/2021 12:57:24 [pwirth] 200: "[{\"'ALTERED'\":\"altered\"}]"
5/20/2021 12:57:24 [pwirth] 200: "1 Object(s) returned... [FETCH]"
5/20/2021 12:57:24 [pwirth] 201: "[{\"'ALTERED'\":\"altered\"}]"
5/20/2021 12:57:24 [pwirth] 201: "1 Object(s) returned... [FETCH]"
5/20/2021 12:58:11 [pwirth] 202: "BEGIN PKREQUESTMANAGER.CALLQUERY(202,'SUP0000002','pwirth','{HEINENS_CUSTOM_PROD}', '{AO0622372,05/21/2021,06/04/2021}','{HN}', :cursor); END;"
5/20/2021 12:58:11 [pwirth] 202: "46 Object(s) returned... [FETCH]"
5/20/2021 13:1:19 [pwirth] 203: "BEGIN PKREQUESTMANAGER.CALLQUERY(203,'SCH0000001','pwirth','{HEINENS_CUSTOM_PROD}', '{AO0622372,AO06223C,0,AO06223S,05/21/2021,06/04/2021,pwirth,1,4,5,6,7,8,9,10,11,12,14,15,16,17,18,19,20,21,22,41,42,43,44}','{HN}', :cursor); END;"
5/20/2021 13:1:19 [pwirth] 203: "[{\"'ALTERED'\":\"altered\"}]"
5/20/2021 13:1:19 [pwirth] 203: "1 Object(s) returned... [FETCH]"
5/20/2021 13:1:19 [pwirth] 204: "BEGIN PKREQUESTMANAGER.CALLQUERY(204,'SCH0000002','pwirth','{HEINENS_CUSTOM_PROD}', '{AO0622372,AO06223C,0,AO06223S,05/24/2021,1010,05/28/2021,0600,pwirth,1,4,5,6,7,8,9,10,11,12,14,15,16,17,18,19,20,21,22,41,42,43,44}','{HN}', :cursor); END;"
5/20/2021 13:1:19 [pwirth] 205: "BEGIN PKREQUESTMANAGER.CALLQUERY(205,'SCH0000002','pwirth','{HEINENS_CUSTOM_PROD}', '{AO0622372,AO06223C,0,AO06223S,06/01/2021,1010,06/04/2021,0600,pwirth,1,4,5,6,7,8,9,10,11,12,14,15,16,17,18,19,20,21,22,41,42,43,44}','{HN}', :cursor); END;"
5/20/2021 13:1:19 [pwirth] 204: "[{\"'ALTERED'\":\"altered\"}]"
5/20/2021 13:1:19 [pwirth] 204: "1 Object(s) returned... [FETCH]"
5/20/2021 13:1:19 [pwirth] 205: "[{\"'ALTERED'\":\"altered\"}]"
5/20/2021 13:1:19 [pwirth] 205: "1 Object(s) returned... [FETCH]"
5/20/2021 13:2:43 [pwirth] 206: "BEGIN PKREQUESTMANAGER.CALLQUERY(206,'SUP0000002','pwirth','{HEINENS_CUSTOM_PROD}', '{AO1527572,05/21/2021,06/04/2021}','{HN}', :cursor); END;"
5/20/2021 13:2:43 [pwirth] 206: "23 Object(s) returned... [FETCH]"
5/20/2021 13:4:27 [pwirth] 207: "BEGIN PKREQUESTMANAGER.CALLQUERY(207,'SUP0000002','pwirth','{HEINENS_CUSTOM_PROD}', '{AO1247272,05/21/2021,06/04/2021}','{HN}', :cursor); END;"
5/20/2021 13:4:27 [pwirth] 207: "69 Object(s) returned... [FETCH]"
5/20/2021 13:29:7 [pwirth] 208: "BEGIN PKREQUESTMANAGER.CALLQUERY(208,'SCH0000001','pwirth','{HEINENS_CUSTOM_PROD}', '{AO1247272,AO12472C,0,AO12472S,05/21/2021,06/04/2021,pwirth,1,4,5,6,7,8,9,10,11,12,14,15,16,17,18,19,20,21,22,41,42,43,44}','{HN}', :cursor); END;"
5/20/2021 13:29:7 [pwirth] 208: "[{\"'ALTERED'\":\"altered\"}]"
5/20/2021 13:29:7 [pwirth] 208: "1 Object(s) returned... [FETCH]"
5/20/2021 13:29:7 [pwirth] 209: "BEGIN PKREQUESTMANAGER.CALLQUERY(209,'SCH0000002','pwirth','{HEINENS_CUSTOM_PROD}', '{AO1247272,AO12472C,0,AO12472S,05/21/2021,1010,06/02/2021,0600,pwirth,1,4,5,6,7,8,9,10,11,12,14,15,16,17,18,19,20,21,22,41,42,43,44}','{HN}', :cursor); END;"
5/20/2021 13:29:7 [pwirth] 210: "BEGIN PKREQUESTMANAGER.CALLQUERY(210,'SCH0000002','pwirth','{HEINENS_CUSTOM_PROD}', '{AO1247272,AO12472C,0,AO12472S,05/27/2021,1010,06/12/2021,1010,pwirth,1,4,5,6,7,8,9,10,11,12,14,15,16,17,18,19,20,21,22,41,42,43,44}','{HN}', :cursor); END;"
5/20/2021 13:29:7 [pwirth] 211: "BEGIN PKREQUESTMANAGER.CALLQUERY(211,'SCH0000002','pwirth','{HEINENS_CUSTOM_PROD}', '{AO1247272,AO12472C,0,AO12472S,06/04/2021,1010,06/19/2021,0600,pwirth,1,4,5,6,7,8,9,10,11,12,14,15,16,17,18,19,20,21,22,41,42,43,44}','{HN}', :cursor); END;"
5/20/2021 13:29:7 [pwirth] 209: "[{\"'ALTERED'\":\"altered\"}]"
5/20/2021 13:29:7 [pwirth] 209: "1 Object(s) returned... [FETCH]"
5/20/2021 13:29:8 [pwirth] 210: "[{\"'ALTERED'\":\"altered\"}]"
5/20/2021 13:29:8 [pwirth] 210: "1 Object(s) returned... [FETCH]"
5/20/2021 13:29:8 [pwirth] 211: "[{\"'ALTERED'\":\"altered\"}]"
5/20/2021 13:29:8 [pwirth] 211: "1 Object(s) returned... [FETCH]"
5/20/2021 13:30:5 [pwirth] 212: "BEGIN PKREQUESTMANAGER.CALLQUERY(212,'SUP0000002','pwirth','{HEINENS_CUSTOM_PROD}', '{AO1348772,05/21/2021,06/04/2021}','{HN}', :cursor); END;"
5/20/2021 13:30:5 [pwirth] 212: "92 Object(s) returned... [FETCH]"
5/20/2021 13:30:14 [pwirth] 213: "BEGIN PKREQUESTMANAGER.CALLQUERY(213,'SUP0000002','pwirth','{HEINENS_CUSTOM_PROD}', '{AO1348772,05/21/2021,06/05/2021}','{HN}', :cursor); END;"
5/20/2021 13:30:14 [pwirth] 213: "115 Object(s) returned... [FETCH]"
5/20/2021 13:31:50 [pwirth] 214: "BEGIN PKREQUESTMANAGER.CALLQUERY(214,'SCH0000001','pwirth','{HEINENS_CUSTOM_PROD}', '{AO1348772,AO13487C,0,AO13487S,05/21/2021,06/05/2021,pwirth,1,4,5,6,7,8,9,10,11,12,14,15,16,17,18,19,20,21,22,41,42,43,44}','{HN}', :cursor); END;"
5/20/2021 13:31:50 [pwirth] 214: "[{\"'ALTERED'\":\"altered\"}]"
5/20/2021 13:31:50 [pwirth] 214: "1 Object(s) returned... [FETCH]"
5/20/2021 13:31:50 [pwirth] 215: "BEGIN PKREQUESTMANAGER.CALLQUERY(215,'SCH0000002','pwirth','{HEINENS_CUSTOM_PROD}', '{AO1348772,AO13487C,0,AO13487S,05/22/2021,1010,05/24/2021,0000,pwirth,1,4,5,6,7,8,9,10,11,12,14,15,16,17,18,19,20,21,22,41,42,43,44}','{HN}', :cursor); END;"
5/20/2021 13:31:51 [pwirth] 216: "BEGIN PKREQUESTMANAGER.CALLQUERY(216,'SCH0000002','pwirth','{HEINENS_CUSTOM_PROD}', '{AO1348772,AO13487C,0,AO13487S,06/02/2021,1010,06/03/2021,0000,pwirth,1,4,5,6,7,8,9,10,11,12,14,15,16,17,18,19,20,21,22,41,42,43,44}','{HN}', :cursor); END;"
5/20/2021 13:31:51 [pwirth] 217: "BEGIN PKREQUESTMANAGER.CALLQUERY(217,'SCH0000002','pwirth','{HEINENS_CUSTOM_PROD}', '{AO1348772,AO13487C,0,AO13487S,05/26/2021,1010,05/27/2021,0000,pwirth,1,4,5,6,7,8,9,10,11,12,14,15,16,17,18,19,20,21,22,41,42,43,44}','{HN}', :cursor); END;"
5/20/2021 13:31:51 [pwirth] 218: "BEGIN PKREQUESTMANAGER.CALLQUERY(218,'SCH0000002','pwirth','{HEINENS_CUSTOM_PROD}', '{AO1348772,AO13487C,0,AO13487S,06/05/2021,1010,06/08/2021,0000,pwirth,1,4,5,6,7,8,9,10,11,12,14,15,16,17,18,19,20,21,22,41,42,43,44}','{HN}', :cursor); END;"
5/20/2021 13:31:51 [pwirth] 215: "[{\"'ALTERED'\":\"altered\"}]"
5/20/2021 13:31:51 [pwirth] 215: "1 Object(s) returned... [FETCH]"
5/20/2021 13:31:51 [pwirth] 216: "[{\"'ALTERED'\":\"altered\"}]"
5/20/2021 13:31:51 [pwirth] 216: "1 Object(s) returned... [FETCH]"
5/20/2021 13:31:51 [pwirth] 217: "[{\"'ALTERED'\":\"altered\"}]"
5/20/2021 13:31:51 [pwirth] 217: "1 Object(s) returned... [FETCH]"
5/20/2021 13:31:51 [pwirth] 218: "[{\"'ALTERED'\":\"altered\"}]"
5/20/2021 13:31:51 [pwirth] 218: "1 Object(s) returned... [FETCH]"
5/20/2021 13:34:43 [pwirth] 219: "BEGIN PKREQUESTMANAGER.CALLQUERY(219,'SUP0000002','pwirth','{HEINENS_CUSTOM_PROD}', '{AO0765672,05/21/2021,06/05/2021}','{HN}', :cursor); END;"
5/20/2021 13:34:43 [pwirth] 219: "115 Object(s) returned... [FETCH]"
5/20/2021 13:56:11 [pwirth] 236: "BEGIN PKREQUESTMANAGER.CALLQUERY(236,'SCH0000001','pwirth','{HEINENS_CUSTOM_PROD}', '{AO0765672,AO07656C,0,AO07656S,05/21/2021,06/05/2021,pwirth,1,4,5,6,7,8,9,10,11,12,14,15,16,17,18,19,20,21,22,41,42,43,44}','{HN}', :cursor); END;"
5/20/2021 13:56:11 [pwirth] 236: "[{\"'ALTERED'\":\"altered\"}]"
5/20/2021 13:56:11 [pwirth] 236: "1 Object(s) returned... [FETCH]"
5/20/2021 13:56:11 [pwirth] 237: "BEGIN PKREQUESTMANAGER.CALLQUERY(237,'SCH0000002','pwirth','{HEINENS_CUSTOM_PROD}', '{AO0765672,AO07656C,0,AO07656S,05/21/2021,1010,05/27/2021,0200,pwirth,1,4,5,6,7,8,9,10,11,12,14,15,16,17,18,19,20,21,22,41,42,43,44}','{HN}', :cursor); END;"
5/20/2021 13:56:11 [pwirth] 238: "BEGIN PKREQUESTMANAGER.CALLQUERY(238,'SCH0000002','pwirth','{HEINENS_CUSTOM_PROD}', '{AO0765672,AO07656C,0,AO07656S,06/04/2021,1010,06/10/2021,0200,pwirth,1,4,5,6,7,8,9,10,11,12,14,15,16,17,18,19,20,21,22,41,42,43,44}','{HN}', :cursor); END;"
5/20/2021 13:56:11 [pwirth] 239: "BEGIN PKREQUESTMANAGER.CALLQUERY(239,'SCH0000002','pwirth','{HEINENS_CUSTOM_PROD}', '{AO0765672,AO07656C,0,AO07656S,06/01/2021,1010,06/08/2021,0200,pwirth,1,4,5,6,7,8,9,10,11,12,14,15,16,17,18,19,20,21,22,41,42,43,44}','{HN}', :cursor); END;"
5/20/2021 13:56:11 [pwirth] 240: "BEGIN PKREQUESTMANAGER.CALLQUERY(240,'SCH0000002','pwirth','{HEINENS_CUSTOM_PROD}', '{AO0765672,AO07656C,0,AO07656S,05/27/2021,1010,06/03/2021,0200,pwirth,1,4,5,6,7,8,9,10,11,12,14,15,16,17,18,19,20,21,22,41,42,43,44}','{HN}', :cursor); END;"
5/20/2021 13:56:12 [pwirth] 241: "BEGIN PKREQUESTMANAGER.CALLQUERY(241,'SCH0000002','pwirth','{HEINENS_CUSTOM_PROD}', '{AO0765672,AO07656C,0,AO07656S,05/25/2021,1010,06/02/2021,0200,pwirth,1,4,5,6,7,8,9,10,11,12,14,15,16,17,18,19,20,21,22,41,42,43,44}','{HN}', :cursor); END;"
5/20/2021 13:56:12 [pwirth] 237: "[{\"'ALTERED'\":\"altered\"}]"
5/20/2021 13:56:12 [pwirth] 237: "1 Object(s) returned... [FETCH]"
5/20/2021 13:56:12 [pwirth] 238: "[{\"'ALTERED'\":\"altered\"}]"
5/20/2021 13:56:12 [pwirth] 238: "1 Object(s) returned... [FETCH]"
5/20/2021 13:56:12 [pwirth] 239: "[{\"'ALTERED'\":\"altered\"}]"
5/20/2021 13:56:12 [pwirth] 239: "1 Object(s) returned... [FETCH]"
5/20/2021 13:56:12 [pwirth] 241: "[{\"'ALTERED'\":\"altered\"}]"
5/20/2021 13:56:12 [pwirth] 241: "1 Object(s) returned... [FETCH]"
5/20/2021 13:56:12 [pwirth] 240: "[{\"'ALTERED'\":\"altered\"}]"
5/20/2021 13:56:12 [pwirth] 240: "1 Object(s) returned... [FETCH]"
5/20/2021 13:56:52 [pwirth] 242: "BEGIN PKREQUESTMANAGER.CALLQUERY(242,'SCH0000001','pwirth','{HEINENS_CUSTOM_PROD}', '{AO0765672,AO07656C,0,AO07656S,05/21/2021,06/05/2021,pwirth,1,4,5,6,7,8,9,10,11,12,14,15,16,17,18,19,20,21,22,41,42,43,44}','{HN}', :cursor); END;"
5/20/2021 13:56:52 [pwirth] 242: "[{\"'ALTERED'\":\"altered\"}]"
5/20/2021 13:56:52 [pwirth] 242: "1 Object(s) returned... [FETCH]"
5/20/2021 13:56:53 [pwirth] 243: "BEGIN PKREQUESTMANAGER.CALLQUERY(243,'SCH0000002','pwirth','{HEINENS_CUSTOM_PROD}', '{AO0765672,AO07656C,0,AO07656S,05/21/2021,1010,05/27/2021,0200,pwirth,1,4,5,6,7,8,9,10,11,12,14,15,16,17,18,19,20,21,22,41,42,43,44}','{HN}', :cursor); END;"
5/20/2021 13:56:53 [pwirth] 244: "BEGIN PKREQUESTMANAGER.CALLQUERY(244,'SCH0000002','pwirth','{HEINENS_CUSTOM_PROD}', '{AO0765672,AO07656C,0,AO07656S,05/25/2021,1010,06/02/2021,0200,pwirth,1,4,5,6,7,8,9,10,11,12,14,15,16,17,18,19,20,21,22,41,42,43,44}','{HN}', :cursor); END;"
5/20/2021 13:56:53 [pwirth] 245: "BEGIN PKREQUESTMANAGER.CALLQUERY(245,'SCH0000002','pwirth','{HEINENS_CUSTOM_PROD}', '{AO0765672,AO07656C,0,AO07656S,05/27/2021,1010,06/04/2021,0200,pwirth,1,4,5,6,7,8,9,10,11,12,14,15,16,17,18,19,20,21,22,41,42,43,44}','{HN}', :cursor); END;"
5/20/2021 13:56:53 [pwirth] 246: "BEGIN PKREQUESTMANAGER.CALLQUERY(246,'SCH0000002','pwirth','{HEINENS_CUSTOM_PROD}', '{AO0765672,AO07656C,0,AO07656S,06/04/2021,1010,06/10/2021,0200,pwirth,1,4,5,6,7,8,9,10,11,12,14,15,16,17,18,19,20,21,22,41,42,43,44}','{HN}', :cursor); END;"
5/20/2021 13:56:53 [pwirth] 247: "BEGIN PKREQUESTMANAGER.CALLQUERY(247,'SCH0000002','pwirth','{HEINENS_CUSTOM_PROD}', '{AO0765672,AO07656C,0,AO07656S,06/01/2021,1010,06/08/2021,0200,pwirth,1,4,5,6,7,8,9,10,11,12,14,15,16,17,18,19,20,21,22,41,42,43,44}','{HN}', :cursor); END;"
5/20/2021 13:56:53 [pwirth] 243: "[{\"'ALTERED'\":\"altered\"}]"
5/20/2021 13:56:53 [pwirth] 243: "1 Object(s) returned... [FETCH]"
5/20/2021 13:56:53 [pwirth] 244: "[{\"'ALTERED'\":\"altered\"}]"
5/20/2021 13:56:53 [pwirth] 244: "1 Object(s) returned... [FETCH]"
5/20/2021 13:56:53 [pwirth] 246: "[{\"'ALTERED'\":\"altered\"}]"
5/20/2021 13:56:53 [pwirth] 246: "1 Object(s) returned... [FETCH]"
5/20/2021 13:56:53 [pwirth] 245: "[{\"'ALTERED'\":\"altered\"}]"
5/20/2021 13:56:53 [pwirth] 245: "1 Object(s) returned... [FETCH]"
5/20/2021 13:56:53 [pwirth] 247: "[{\"'ALTERED'\":\"altered\"}]"
5/20/2021 13:56:53 [pwirth] 247: "1 Object(s) returned... [FETCH]"
5/20/2021 14:11:33 [pwirth] 257: "BEGIN PKREQUESTMANAGER.CALLQUERY(257,'SUP0000002','pwirth','{HEINENS_CUSTOM_PROD}', '{AO1629072,05/21/2021,06/05/2021}','{HN}', :cursor); END;"
5/20/2021 14:11:33 [pwirth] 257: "23 Object(s) returned... [FETCH]"
5/20/2021 14:13:28 [pwirth] 258: "BEGIN PKREQUESTMANAGER.CALLQUERY(258,'SUP0000002','pwirth','{HEINENS_CUSTOM_PROD}', '{AO0654072,05/21/2021,06/05/2021}','{HN}', :cursor); END;"
5/20/2021 14:13:29 [pwirth] 258: "46 Object(s) returned... [FETCH]"
5/20/2021 14:15:21 [pwirth] 260: "BEGIN PKREQUESTMANAGER.CALLQUERY(260,'SCH0000001','pwirth','{HEINENS_CUSTOM_PROD}', '{AO0654072,AO06540C,0,AO06540S,05/21/2021,06/05/2021,pwirth,1,4,5,6,7,8,9,10,11,12,14,15,16,17,18,19,20,21,22,41,42,43,44}','{HN}', :cursor); END;"
5/20/2021 14:15:22 [pwirth] 260: "[{\"'ALTERED'\":\"altered\"}]"
5/20/2021 14:15:22 [pwirth] 260: "1 Object(s) returned... [FETCH]"
5/20/2021 14:15:22 [pwirth] 261: "BEGIN PKREQUESTMANAGER.CALLQUERY(261,'SCH0000002','pwirth','{HEINENS_CUSTOM_PROD}', '{AO0654072,AO06540C,0,AO06540S,05/24/2021,1010,05/28/2021,0600,pwirth,1,4,5,6,7,8,9,10,11,12,14,15,16,17,18,19,20,21,22,41,42,43,44}','{HN}', :cursor); END;"
5/20/2021 14:15:22 [pwirth] 262: "BEGIN PKREQUESTMANAGER.CALLQUERY(262,'SCH0000002','pwirth','{HEINENS_CUSTOM_PROD}', '{AO0654072,AO06540C,0,AO06540S,05/28/2021,1010,06/04/2021,0600,pwirth,1,4,5,6,7,8,9,10,11,12,14,15,16,17,18,19,20,21,22,41,42,43,44}','{HN}', :cursor); END;"
5/20/2021 14:15:22 [pwirth] 261: "[{\"'ALTERED'\":\"altered\"}]"
5/20/2021 14:15:22 [pwirth] 261: "1 Object(s) returned... [FETCH]"
5/20/2021 14:15:22 [pwirth] 262: "[{\"'ALTERED'\":\"altered\"}]"
5/20/2021 14:15:22 [pwirth] 262: "1 Object(s) returned... [FETCH]"
5/20/2021 14:17:23 [pwirth] 267: "BEGIN PKREQUESTMANAGER.CALLQUERY(267,'SUP0000002','pwirth','{HEINENS_CUSTOM_PROD}', '{AO0661472,05/21/2021,06/05/2021}','{HN}', :cursor); END;"
5/20/2021 14:17:24 [pwirth] 267: "46 Object(s) returned... [FETCH]"
5/20/2021 14:18:17 [pwirth] 268: "BEGIN PKREQUESTMANAGER.CALLQUERY(268,'SCH0000001','pwirth','{HEINENS_CUSTOM_PROD}', '{AO0661472,AO06614C,0,AO06614S,05/21/2021,06/05/2021,pwirth,1,4,5,6,7,8,9,10,11,12,14,15,16,17,18,19,20,21,22,41,42,43,44}','{HN}', :cursor); END;"
5/20/2021 14:18:17 [pwirth] 268: "[{\"'ALTERED'\":\"altered\"}]"
5/20/2021 14:18:17 [pwirth] 268: "1 Object(s) returned... [FETCH]"
5/20/2021 14:18:17 [pwirth] 269: "BEGIN PKREQUESTMANAGER.CALLQUERY(269,'SCH0000002','pwirth','{HEINENS_CUSTOM_PROD}', '{AO0661472,AO06614C,0,AO06614S,05/24/2021,1010,05/27/2021,0000,pwirth,1,4,5,6,7,8,9,10,11,12,14,15,16,17,18,19,20,21,22,41,42,43,44}','{HN}', :cursor); END;"
5/20/2021 14:18:17 [pwirth] 270: "BEGIN PKREQUESTMANAGER.CALLQUERY(270,'SCH0000002','pwirth','{HEINENS_CUSTOM_PROD}', '{AO0661472,AO06614C,0,AO06614S,05/28/2021,1010,06/03/2021,0000,pwirth,1,4,5,6,7,8,9,10,11,12,14,15,16,17,18,19,20,21,22,41,42,43,44}','{HN}', :cursor); END;"
5/20/2021 14:18:18 [pwirth] 269: "[{\"'ALTERED'\":\"altered\"}]"
5/20/2021 14:18:18 [pwirth] 269: "1 Object(s) returned... [FETCH]"
5/20/2021 14:18:18 [pwirth] 270: "[{\"'ALTERED'\":\"altered\"}]"
5/20/2021 14:18:18 [pwirth] 270: "1 Object(s) returned... [FETCH]"
5/20/2021 14:19:26 [pwirth] 274: "BEGIN PKREQUESTMANAGER.CALLQUERY(274,'SUP0000002','pwirth','{HEINENS_CUSTOM_PROD}', '{AO0848672,05/21/2021,06/05/2021}','{HN}', :cursor); END;"
5/20/2021 14:19:26 [pwirth] 274: "138 Object(s) returned... [FETCH]"
5/20/2021 14:22:40 [pwirth] 281: "BEGIN PKREQUESTMANAGER.CALLQUERY(281,'SCH0000001','pwirth','{HEINENS_CUSTOM_PROD}', '{AO0848672,AO08486C,0,AO08486S,05/21/2021,06/05/2021,pwirth,1,4,5,6,7,8,9,10,11,12,14,15,16,17,18,19,20,21,22,41,42,43,44}','{HN}', :cursor); END;"
5/20/2021 14:22:40 [pwirth] 281: "[{\"'ALTERED'\":\"altered\"}]"
5/20/2021 14:22:40 [pwirth] 281: "1 Object(s) returned... [FETCH]"
5/20/2021 14:22:40 [pwirth] 282: "BEGIN PKREQUESTMANAGER.CALLQUERY(282,'SCH0000002','pwirth','{HEINENS_CUSTOM_PROD}', '{AO0848672,AO08486C,0,AO08486S,05/21/2021,1010,06/01/2021,0600,pwirth,1,4,5,6,7,8,9,10,11,12,14,15,16,17,18,19,20,21,22,41,42,43,44}','{HN}', :cursor); END;"
5/20/2021 14:22:40 [pwirth] 283: "BEGIN PKREQUESTMANAGER.CALLQUERY(283,'SCH0000002','pwirth','{HEINENS_CUSTOM_PROD}', '{AO0848672,AO08486C,0,AO08486S,06/03/2021,1010,06/07/2021,0600,pwirth,1,4,5,6,7,8,9,10,11,12,14,15,16,17,18,19,20,21,22,41,42,43,44}','{HN}', :cursor); END;"
5/20/2021 14:22:40 [pwirth] 284: "BEGIN PKREQUESTMANAGER.CALLQUERY(284,'SCH0000002','pwirth','{HEINENS_CUSTOM_PROD}', '{AO0848672,AO08486C,0,AO08486S,05/27/2021,1010,06/08/2021,0600,pwirth,1,4,5,6,7,8,9,10,11,12,14,15,16,17,18,19,20,21,22,41,42,43,44}','{HN}', :cursor); END;"
5/20/2021 14:22:40 [pwirth] 282: "[{\"'ALTERED'\":\"altered\"}]"
5/20/2021 14:22:40 [pwirth] 282: "1 Object(s) returned... [FETCH]"
5/20/2021 14:22:41 [pwirth] 284: "[{\"'ALTERED'\":\"altered\"}]"
5/20/2021 14:22:41 [pwirth] 284: "1 Object(s) returned... [FETCH]"
5/20/2021 14:22:41 [pwirth] 283: "[{\"'ALTERED'\":\"altered\"}]"
5/20/2021 14:22:41 [pwirth] 283: "1 Object(s) returned... [FETCH]"
5/20/2021 14:23:24 [pwirth] 286: "BEGIN PKREQUESTMANAGER.CALLQUERY(286,'SCH0000001','pwirth','{HEINENS_CUSTOM_PROD}', '{AO0848672,AO08486C,0,AO08486S,05/21/2021,06/05/2021,pwirth,1,4,5,6,7,8,9,10,11,12,14,15,16,17,18,19,20,21,22,41,42,43,44}','{HN}', :cursor); END;"
5/20/2021 14:23:25 [pwirth] 286: "[{\"'ALTERED'\":\"altered\"}]"
5/20/2021 14:23:25 [pwirth] 286: "1 Object(s) returned... [FETCH]"
5/20/2021 14:23:25 [pwirth] 287: "BEGIN PKREQUESTMANAGER.CALLQUERY(287,'SCH0000002','pwirth','{HEINENS_CUSTOM_PROD}', '{AO0848672,AO08486C,0,AO08486S,05/21/2021,1010,06/02/2021,0600,pwirth,1,4,5,6,7,8,9,10,11,12,14,15,16,17,18,19,20,21,22,41,42,43,44}','{HN}', :cursor); END;"
5/20/2021 14:23:25 [pwirth] 288: "BEGIN PKREQUESTMANAGER.CALLQUERY(288,'SCH0000002','pwirth','{HEINENS_CUSTOM_PROD}', '{AO0848672,AO08486C,0,AO08486S,05/27/2021,1010,06/08/2021,0600,pwirth,1,4,5,6,7,8,9,10,11,12,14,15,16,17,18,19,20,21,22,41,42,43,44}','{HN}', :cursor); END;"
5/20/2021 14:23:25 [pwirth] 289: "BEGIN PKREQUESTMANAGER.CALLQUERY(289,'SCH0000002','pwirth','{HEINENS_CUSTOM_PROD}', '{AO0848672,AO08486C,0,AO08486S,06/03/2021,1010,06/07/2021,0600,pwirth,1,4,5,6,7,8,9,10,11,12,14,15,16,17,18,19,20,21,22,41,42,43,44}','{HN}', :cursor); END;"
5/20/2021 14:23:25 [pwirth] 287: "[{\"'ALTERED'\":\"altered\"}]"
5/20/2021 14:23:25 [pwirth] 287: "1 Object(s) returned... [FETCH]"
5/20/2021 14:23:25 [pwirth] 289: "[{\"'ALTERED'\":\"altered\"}]"
5/20/2021 14:23:25 [pwirth] 289: "1 Object(s) returned... [FETCH]"
5/20/2021 14:23:25 [pwirth] 288: "[{\"'ALTERED'\":\"altered\"}]"
5/20/2021 14:23:25 [pwirth] 288: "1 Object(s) returned... [FETCH]"
5/20/2021 14:29:45 [pwirth] 297: "BEGIN PKREQUESTMANAGER.CALLQUERY(297,'SUP0000002','pwirth','{HEINENS_CUSTOM_PROD}', '{AO0848672,05/21/2021,06/05/2021}','{HN}', :cursor); END;"
5/20/2021 14:29:46 [pwirth] 297: "115 Object(s) returned... [FETCH]"
5/20/2021 14:31:4 [pwirth] 298: "BEGIN PKREQUESTMANAGER.CALLQUERY(298,'SCH0000001','pwirth','{HEINENS_CUSTOM_PROD}', '{AO0848672,A08486C7,0,A08486S7,05/21/2021,06/05/2021,pwirth,1,4,5,6,7,8,9,10,11,12,14,15,16,17,18,19,20,21,22,41,42,43,44}','{HN}', :cursor); END;"
5/20/2021 14:31:4 [pwirth] 298: "[{\"'ALTERED'\":\"altered\"}]"
5/20/2021 14:31:4 [pwirth] 298: "1 Object(s) returned... [FETCH]"
5/20/2021 14:31:4 [pwirth] 299: "BEGIN PKREQUESTMANAGER.CALLQUERY(299,'SCH0000002','pwirth','{HEINENS_CUSTOM_PROD}', '{AO0848672,A08486C7,0,A08486S7,05/21/2021,1010,06/02/2021,0600,pwirth,1,4,5,6,7,8,9,10,11,12,14,15,16,17,18,19,20,21,22,41,42,43,44}','{HN}', :cursor); END;"
5/20/2021 14:31:4 [pwirth] 300: "BEGIN PKREQUESTMANAGER.CALLQUERY(300,'SCH0000002','pwirth','{HEINENS_CUSTOM_PROD}', '{AO0848672,A08486C7,0,A08486S7,05/27/2021,1010,06/08/2021,1010,pwirth,1,4,5,6,7,8,9,10,11,12,14,15,16,17,18,19,20,21,22,41,42,43,44}','{HN}', :cursor); END;"
5/20/2021 14:31:4 [pwirth] 299: "[{\"'ALTERED'\":\"altered\"}]"
5/20/2021 14:31:4 [pwirth] 299: "1 Object(s) returned... [FETCH]"
5/20/2021 14:31:4 [pwirth] 300: "[{\"'ALTERED'\":\"altered\"}]"
5/20/2021 14:31:4 [pwirth] 300: "1 Object(s) returned... [FETCH]"
5/20/2021 14:33:39 [pwirth] 301: "BEGIN PKREQUESTMANAGER.CALLQUERY(301,'SCH0000001','pwirth','{HEINENS_CUSTOM_PROD}', '{AO0848672,AO08486C,0,AO08486S,05/21/2021,06/05/2021,pwirth,1,4,5,6,7,8,9,10,11,12,14,15,16,17,18,19,20,21,22,41,42,43,44}','{HN}', :cursor); END;"
5/20/2021 14:33:39 [pwirth] 301: "[{\"'ALTERED'\":\"altered\"}]"
5/20/2021 14:33:39 [pwirth] 301: "1 Object(s) returned... [FETCH]"
5/20/2021 14:33:40 [pwirth] 302: "BEGIN PKREQUESTMANAGER.CALLQUERY(302,'SCH0000002','pwirth','{HEINENS_CUSTOM_PROD}', '{AO0848672,AO08486C,0,AO08486S,05/21/2021,1010,05/28/2021,0600,pwirth,1,4,5,6,7,8,9,10,11,12,14,15,16,17,18,19,20,21,22,41,42,43,44}','{HN}', :cursor); END;"
5/20/2021 14:33:40 [pwirth] 303: "BEGIN PKREQUESTMANAGER.CALLQUERY(303,'SCH0000002','pwirth','{HEINENS_CUSTOM_PROD}', '{AO0848672,AO08486C,0,AO08486S,05/26/2021,1010,06/02/2021,1010,pwirth,1,4,5,6,7,8,9,10,11,12,14,15,16,17,18,19,20,21,22,41,42,43,44}','{HN}', :cursor); END;"
5/20/2021 14:33:40 [pwirth] 304: "BEGIN PKREQUESTMANAGER.CALLQUERY(304,'SCH0000002','pwirth','{HEINENS_CUSTOM_PROD}', '{AO0848672,AO08486C,0,AO08486S,05/27/2021,1010,06/04/2021,0600,pwirth,1,4,5,6,7,8,9,10,11,12,14,15,16,17,18,19,20,21,22,41,42,43,44}','{HN}', :cursor); END;"
5/20/2021 14:33:40 [pwirth] 305: "BEGIN PKREQUESTMANAGER.CALLQUERY(305,'SCH0000002','pwirth','{HEINENS_CUSTOM_PROD}', '{AO0848672,AO08486C,0,AO08486S,06/02/2021,1010,06/07/2021,0600,pwirth,1,4,5,6,7,8,9,10,11,12,14,15,16,17,18,19,20,21,22,41,42,43,44}','{HN}', :cursor); END;"
5/20/2021 14:33:40 [pwirth] 306: "BEGIN PKREQUESTMANAGER.CALLQUERY(306,'SCH0000002','pwirth','{HEINENS_CUSTOM_PROD}', '{AO0848672,AO08486C,0,AO08486S,06/03/2021,1010,06/07/2021,0600,pwirth,1,4,5,6,7,8,9,10,11,12,14,15,16,17,18,19,20,21,22,41,42,43,44}','{HN}', :cursor); END;"
5/20/2021 14:33:40 [pwirth] 302: "[{\"'ALTERED'\":\"altered\"}]"
5/20/2021 14:33:40 [pwirth] 302: "1 Object(s) returned... [FETCH]"
5/20/2021 14:33:40 [pwirth] 304: "[{\"'ALTERED'\":\"altered\"}]"
5/20/2021 14:33:40 [pwirth] 304: "1 Object(s) returned... [FETCH]"
5/20/2021 14:33:40 [pwirth] 305: "[{\"'ALTERED'\":\"altered\"}]"
5/20/2021 14:33:40 [pwirth] 305: "1 Object(s) returned... [FETCH]"
5/20/2021 14:33:40 [pwirth] 303: "[{\"'ALTERED'\":\"altered\"}]"
5/20/2021 14:33:40 [pwirth] 303: "1 Object(s) returned... [FETCH]"
5/20/2021 14:33:40 [pwirth] 306: "[{\"'ALTERED'\":\"altered\"}]"
5/20/2021 14:33:40 [pwirth] 306: "1 Object(s) returned... [FETCH]"
5/20/2021 14:34:53 [pwirth] 308: "BEGIN PKREQUESTMANAGER.CALLQUERY(308,'SCH0000001','pwirth','{HEINENS_CUSTOM_PROD}', '{AO0848672,AO08486C,0,AO08486S,05/21/2021,06/05/2021,pwirth,1,4,5,6,7,8,9,10,11,12,14,15,16,17,18,19,20,21,22,41,42,43,44}','{HN}', :cursor); END;"
5/20/2021 14:34:53 [pwirth] 308: "[{\"'ALTERED'\":\"altered\"}]"
5/20/2021 14:34:53 [pwirth] 308: "1 Object(s) returned... [FETCH]"
5/20/2021 14:34:53 [pwirth] 309: "BEGIN PKREQUESTMANAGER.CALLQUERY(309,'SCH0000002','pwirth','{HEINENS_CUSTOM_PROD}', '{AO0848672,AO08486C,0,AO08486S,05/21/2021,1010,05/28/2021,0600,pwirth,1,4,5,6,7,8,9,10,11,12,14,15,16,17,18,19,20,21,22,41,42,43,44}','{HN}', :cursor); END;"
5/20/2021 14:34:53 [pwirth] 310: "BEGIN PKREQUESTMANAGER.CALLQUERY(310,'SCH0000002','pwirth','{HEINENS_CUSTOM_PROD}', '{AO0848672,AO08486C,0,AO08486S,06/02/2021,1010,06/08/2021,0600,pwirth,1,4,5,6,7,8,9,10,11,12,14,15,16,17,18,19,20,21,22,41,42,43,44}','{HN}', :cursor); END;"
5/20/2021 14:34:53 [pwirth] 311: "BEGIN PKREQUESTMANAGER.CALLQUERY(311,'SCH0000002','pwirth','{HEINENS_CUSTOM_PROD}', '{AO0848672,AO08486C,0,AO08486S,05/26/2021,1010,06/02/2021,1010,pwirth,1,4,5,6,7,8,9,10,11,12,14,15,16,17,18,19,20,21,22,41,42,43,44}','{HN}', :cursor); END;"
5/20/2021 14:34:53 [pwirth] 312: "BEGIN PKREQUESTMANAGER.CALLQUERY(312,'SCH0000002','pwirth','{HEINENS_CUSTOM_PROD}', '{AO0848672,AO08486C,0,AO08486S,05/27/2021,1010,06/04/2021,0600,pwirth,1,4,5,6,7,8,9,10,11,12,14,15,16,17,18,19,20,21,22,41,42,43,44}','{HN}', :cursor); END;"
5/20/2021 14:34:53 [pwirth] 313: "BEGIN PKREQUESTMANAGER.CALLQUERY(313,'SCH0000002','pwirth','{HEINENS_CUSTOM_PROD}', '{AO0848672,AO08486C,0,AO08486S,06/03/2021,1010,06/07/2021,0600,pwirth,1,4,5,6,7,8,9,10,11,12,14,15,16,17,18,19,20,21,22,41,42,43,44}','{HN}', :cursor); END;"
5/20/2021 14:34:53 [pwirth] 309: "[{\"'ALTERED'\":\"altered\"}]"
5/20/2021 14:34:53 [pwirth] 309: "1 Object(s) returned... [FETCH]"
5/20/2021 14:34:53 [pwirth] 312: "[{\"'ALTERED'\":\"altered\"}]"
5/20/2021 14:34:53 [pwirth] 312: "1 Object(s) returned... [FETCH]"
5/20/2021 14:34:53 [pwirth] 313: "[{\"'ALTERED'\":\"altered\"}]"
5/20/2021 14:34:53 [pwirth] 313: "1 Object(s) returned... [FETCH]"
5/20/2021 14:34:53 [pwirth] 310: "[{\"'ALTERED'\":\"altered\"}]"
5/20/2021 14:34:53 [pwirth] 310: "1 Object(s) returned... [FETCH]"
5/20/2021 14:34:53 [pwirth] 311: "[{\"'ALTERED'\":\"altered\"}]"
5/20/2021 14:34:53 [pwirth] 311: "1 Object(s) returned... [FETCH]"
5/20/2021 14:36:19 [pwirth] 317: "BEGIN PKREQUESTMANAGER.CALLQUERY(317,'SUP0000002','pwirth','{HEINENS_CUSTOM_PROD}', '{AO1282772,05/21/2021,06/05/2021}','{HN}', :cursor); END;"
5/20/2021 14:36:19 [pwirth] 317: "46 Object(s) returned... [FETCH]"
5/20/2021 14:37:12 [pwirth] 319: "BEGIN PKREQUESTMANAGER.CALLQUERY(319,'SCH0000001','pwirth','{HEINENS_CUSTOM_PROD}', '{AO1282772,AO12827C,0,AO12827S,05/21/2021,06/05/2021,pwirth,1,4,5,6,7,8,9,10,11,12,14,15,16,17,18,19,20,21,22,41,42,43,44}','{HN}', :cursor); END;"
5/20/2021 14:37:13 [pwirth] 319: "[{\"'ALTERED'\":\"altered\"}]"
5/20/2021 14:37:13 [pwirth] 319: "1 Object(s) returned... [FETCH]"
5/20/2021 14:37:13 [pwirth] 320: "BEGIN PKREQUESTMANAGER.CALLQUERY(320,'SCH0000002','pwirth','{HEINENS_CUSTOM_PROD}', '{AO1282772,AO12827C,0,AO12827S,05/24/2021,1010,05/27/2021,0600,pwirth,1,4,5,6,7,8,9,10,11,12,14,15,16,17,18,19,20,21,22,41,42,43,44}','{HN}', :cursor); END;"
5/20/2021 14:37:13 [pwirth] 321: "BEGIN PKREQUESTMANAGER.CALLQUERY(321,'SCH0000002','pwirth','{HEINENS_CUSTOM_PROD}', '{AO1282772,AO12827C,0,AO12827S,05/28/2021,1010,06/03/2021,0600,pwirth,1,4,5,6,7,8,9,10,11,12,14,15,16,17,18,19,20,21,22,41,42,43,44}','{HN}', :cursor); END;"
5/20/2021 14:37:13 [pwirth] 320: "[{\"'ALTERED'\":\"altered\"}]"
5/20/2021 14:37:13 [pwirth] 320: "1 Object(s) returned... [FETCH]"
5/20/2021 14:37:13 [pwirth] 321: "[{\"'ALTERED'\":\"altered\"}]"
5/20/2021 14:37:13 [pwirth] 321: "1 Object(s) returned... [FETCH]"
5/20/2021 14:37:53 [pwirth] 325: "BEGIN PKREQUESTMANAGER.CALLQUERY(325,'SUP0000002','pwirth','{HEINENS_CUSTOM_PROD}', '{AO1619272,05/21/2021,06/05/2021}','{HN}', :cursor); END;"
5/20/2021 14:37:53 [pwirth] 325: "46 Object(s) returned... [FETCH]"
5/20/2021 14:38:46 [pwirth] 327: "BEGIN PKREQUESTMANAGER.CALLQUERY(327,'SCH0000001','pwirth','{HEINENS_CUSTOM_PROD}', '{AO1619272,AO16192C,0,AO16192S,05/21/2021,06/05/2021,pwirth,1,4,5,6,7,8,9,10,11,12,14,15,16,17,18,19,20,21,22,41,42,43,44}','{HN}', :cursor); END;"
5/20/2021 14:38:46 [pwirth] 327: "[{\"'ALTERED'\":\"altered\"}]"
5/20/2021 14:38:46 [pwirth] 327: "1 Object(s) returned... [FETCH]"
5/20/2021 14:38:46 [pwirth] 328: "BEGIN PKREQUESTMANAGER.CALLQUERY(328,'SCH0000002','pwirth','{HEINENS_CUSTOM_PROD}', '{AO1619272,AO16192C,0,AO16192S,05/24/2021,1010,05/27/2021,0000,pwirth,1,4,5,6,7,8,9,10,11,12,14,15,16,17,18,19,20,21,22,41,42,43,44}','{HN}', :cursor); END;"
5/20/2021 14:38:46 [pwirth] 329: "BEGIN PKREQUESTMANAGER.CALLQUERY(329,'SCH0000002','pwirth','{HEINENS_CUSTOM_PROD}', '{AO1619272,AO16192C,0,AO16192S,05/28/2021,1010,06/03/2021,0000,pwirth,1,4,5,6,7,8,9,10,11,12,14,15,16,17,18,19,20,21,22,41,42,43,44}','{HN}', :cursor); END;"
5/20/2021 14:38:46 [pwirth] 328: "[{\"'ALTERED'\":\"altered\"}]"
5/20/2021 14:38:46 [pwirth] 328: "1 Object(s) returned... [FETCH]"
5/20/2021 14:38:46 [pwirth] 329: "[{\"'ALTERED'\":\"altered\"}]"
5/20/2021 14:38:46 [pwirth] 329: "1 Object(s) returned... [FETCH]"
5/20/2021 14:42:22 [pwirth] 336: "BEGIN PKREQUESTMANAGER.CALLQUERY(336,'SUP0000002','pwirth','{HEINENS_CUSTOM_PROD}', '{AO848672,05/21/2021,06/05/2021}','{HN}', :cursor); END;"
5/20/2021 14:42:22 [pwirth] 336: "[]"
5/20/2021 14:42:22 [pwirth] 336: "0 Object(s) returned... [FETCH]"
5/20/2021 14:42:32 [pwirth] 337: "BEGIN PKREQUESTMANAGER.CALLQUERY(337,'SUP0000002','pwirth','{HEINENS_CUSTOM_PROD}', '{AO0848672,05/21/2021,06/05/2021}','{HN}', :cursor); END;"
5/20/2021 14:42:32 [pwirth] 337: "161 Object(s) returned... [FETCH]"
