1/18/2024 13:51:26 [crontab] 1: "BEGIN PKREQUESTMANAGER.CALLQUERY(1,'CRON000001','crontab','{}', '{}','{}', :cursor); END;"
1/18/2024 13:52:10 [crontab] 1: "BEGIN PKREQUESTMANAGER.CALLQUERY(1,'CRON000001','crontab','{}', '{}','{}', :cursor); END;"
1/18/2024 14:58:1 [crontab] 1: "BEGIN PKREQUESTMANAGER.CALLQUERY(1,'CRON000001','crontab','{}', '{}','{}', :cursor); END;"
1/18/2024 15:0:0 [crontab] 1: "BEGIN PKREQUESTMANAGER.CALLQUERY(1,'CRON000001','crontab','{}', '{}','{}', :cursor); END;"
1/18/2024 15:2:11 [crontab] 1: "BEGIN PKREQUESTMANAGER.CALLQUERY(1,'CRON000001','crontab','{}', '{}','{}', :cursor); END;"
1/18/2024 15:6:16 [crontab] 1: "BEGIN PKREQUESTMANAGER.CALLQUERY(1,'CRON000001','crontab','{}', '{}','{}', :cursor); END;"
1/18/2024 15:7:26 [crontab] 1: "BEGIN PKREQUESTMANAGER.CALLQUERY(1,'CRON000001','crontab','{}', '{}','{}', :cursor); END;"
1/18/2024 22:3:12 [crontab] 1: "BEGIN PKREQUESTMANAGER.CALLQUERY(1,'CRON000001','crontab','{}', '{}','{}', :cursor); END;"
1/18/2024 22:3:14 [crontab] 1: "79 Object(s) returned... [FETCH]"
1/18/2024 22:3:14 [crontab] CRON: "Cron Job WEEKLY_Store_shrink is now scheduled using cron setup : 5 19 * * 7"
1/18/2024 22:3:14 [crontab] CRON: "Cron Job DAILY_Store_Sales is now scheduled using cron setup : 5 8 * * *"
1/18/2024 22:3:14 [crontab] CRON: "Cron Job DAILY_CAO_Negative_Inventory_1130AM is now scheduled using cron setup : 30 11 * * *"
1/18/2024 22:3:14 [crontab] CRON: "Cron Job WEEKLY_EDI_invoice_WEEKLY is now scheduled using cron setup : 1 19 * * 7"
1/18/2024 22:3:14 [crontab] CRON: "Cron Job DAILY_EDI_BLANK_REF is now scheduled using cron setup : 5 7 * * *"
1/18/2024 22:3:14 [crontab] CRON: "Cron Job VIEW_REFRESH_DAILY is now scheduled using cron setup : 5 12 * * *"
1/18/2024 22:3:14 [crontab] CRON: "Cron Job VIEW_REFRESH is now scheduled using cron setup : 5 11 * * *"
1/18/2024 22:3:14 [crontab] CRON: "Cron Job DAILY_STORE_SHORTED is now scheduled using cron setup : 10 7 * * *"
1/18/2024 22:3:14 [crontab] CRON: "Cron Job DAILY_STORE_BLOCKED_RECEIPT is now scheduled using cron setup : 15 7 * * *"
1/18/2024 22:3:14 [crontab] CRON: "Cron Job DAILY_WHS_CUT is now scheduled using cron setup : 5 7 * * *"
1/18/2024 22:3:14 [crontab] CRON: "Cron Job DAILY_WHS_NEG_UBD is now scheduled using cron setup : 0 2 * * *"
1/18/2024 22:3:14 [crontab] CRON: "Cron Job DAILY_WHS_SSCC_NO_UBD is now scheduled using cron setup : */55 * * * *"
1/18/2024 22:3:14 [crontab] CRON: "Cron Job WEEKLY_STORE_NO_SALES_ADMIN is now scheduled using cron setup : 5 7 * * 1"
1/18/2024 22:3:14 [crontab] CRON: "Cron Job WEEKLY_STORE_NO_SALES is now scheduled using cron setup : 5 6 * * 1"
1/18/2024 22:3:14 [crontab] CRON: "Cron Job WEEKLY_STORE_NO_SALES_CAPTURE_ADMIN is now scheduled using cron setup : 5 6 * * 1"
1/18/2024 22:3:14 [crontab] CRON: "Cron Job EXP_WHS_INVALID_PICKING is now scheduled using cron setup : 7 9 * * *"
1/18/2024 22:3:14 [crontab] CRON: "Cron Job DAILY_SERVICE_RATE_CAPTURE is now scheduled using cron setup : 0 16 * * *"
1/18/2024 22:3:14 [crontab] CRON: "Cron Job DAILY_FILL_RATE_CAPTURE is now scheduled using cron setup : 0 16 * * *"
1/18/2024 22:3:14 [crontab] CRON: "Cron Job DAILY_WHS_BLOCKED_PO is now scheduled using cron setup : 5 10 * * *"
1/18/2024 22:3:14 [crontab] CRON: "Cron Job EXP_WHS_FAULTY_DO is now scheduled using cron setup : 5 11 * * *"
1/18/2024 22:3:14 [crontab] CRON: "Cron Job DAILY_RETAIL_NO_MULTIPLE is now scheduled using cron setup : 0 7-18 * * 1,2,3,4,5"
1/18/2024 22:3:14 [crontab] CRON: "Cron Job WHS_MISS_ROUTE is now scheduled using cron setup : 0 * * * *"
1/18/2024 22:3:14 [crontab] CRON: "Cron Job DAILY_INVALIDCOLLECTION_TIME is now scheduled using cron setup : 0 7-18 * * 1,2,3,4,5"
1/18/2024 22:3:14 [crontab] CRON: "Cron Job DAILY_WHS_HIGH_INV is now scheduled using cron setup : 2 11 * * 1"
1/18/2024 22:3:14 [crontab] CRON: "Cron Job DAILY_WHS_LOW_INV is now scheduled using cron setup : 3 11 * * 1"
1/18/2024 22:3:14 [crontab] CRON: "Cron Job DAILY_WHS_SSCC_SUSPICIOUS_UBD is now scheduled using cron setup : 10 9 * * *"
1/18/2024 22:3:14 [crontab] CRON: "Cron Job DAILY_WHS_RECEIVED_CUT_OVER is now scheduled using cron setup : 11 9 * * *"
1/18/2024 22:3:14 [crontab] CRON: "Cron Job DAILY_SALES_LOAD_CHECK is now scheduled using cron setup : 18 5-19 * * *"
1/18/2024 22:3:14 [crontab] CRON: "Cron Job DAILY_INTERDEPT_ERROR_DETECTION is now scheduled using cron setup : 1 11 * * *"
1/18/2024 22:3:14 [crontab] CRON: "Cron Job DAILY_EDI_INVALIDDEALS is now scheduled using cron setup : 40 7 * * 1,2,3,4,5"
1/18/2024 22:3:14 [crontab] CRON: "Cron Job DAILY_EDI_UNKNOWN_UPC is now scheduled using cron setup : 4 11 * * 1,2,3,4,5"
1/18/2024 22:3:14 [crontab] CRON: "Cron Job DAILY_WHS_TI_DIFFERENCE is now scheduled using cron setup : 15 9 * * 1,2,3,4,5,6"
1/18/2024 22:3:14 [crontab] CRON: "Cron Job DAILY_PRODUCE_0_LEAD_TIME is now scheduled using cron setup : 5 9 * * 1-5"
1/18/2024 22:3:14 [crontab] CRON: "Cron Job DAILY_WHS_EXPIRING_SSCC is now scheduled using cron setup : 0 10 * * *"
1/18/2024 22:3:14 [crontab] CRON: "Cron Job DAILY_INVOICE_FAILURE is now scheduled using cron setup : 15 11 * * 1,2,3,4,5"
1/18/2024 22:3:14 [crontab] CRON: "Cron Job DAILY_WHS_SHIPMENT_BLOCKED is now scheduled using cron setup : 45 * * * *"
1/18/2024 22:3:14 [crontab] CRON: "Cron Job DAILY_DUNHUMMBY_ITEM_EXCEPTION is now scheduled using cron setup : 0 10 * * 1-5"
1/18/2024 22:3:14 [crontab] CRON: "Cron Job DAILY_WHS_RECEIPT_OOS is now scheduled using cron setup : 30 0-23 * * *"
1/18/2024 22:3:14 [crontab] CRON: "Cron Job DAILY_FIN_SHRINK_INVOICE is now scheduled using cron setup : 30 7 * * *"
1/18/2024 22:3:14 [crontab] CRON: "Cron Job DAILY_WHS_SKU_WEIGHT is now scheduled using cron setup : 20 11 * * 1-5"
1/18/2024 22:3:14 [crontab] CRON: "Cron Job DAILY_WHS_MULTICONSIGNMENT is now scheduled using cron setup : */30 * * * *"
1/18/2024 22:3:14 [crontab] CRON: "Cron Job WEEKLY_WHS_DISCONTINUED is now scheduled using cron setup : 5 19 * * 1"
1/18/2024 22:3:14 [crontab] CRON: "Cron Job WEEKLY_WHS_ACTIVE_STORE_FUTURE is now scheduled using cron setup : 5 19 * * 1"
1/18/2024 22:3:14 [crontab] CRON: "Cron Job WEEKLY_WHS_RECEIVABLE is now scheduled using cron setup : 5 19 * * 1"
1/18/2024 22:3:14 [crontab] CRON: "Cron Job DAILY_WHS_HIGH_QTY is now scheduled using cron setup : 5 9 * * *"
1/18/2024 22:3:14 [crontab] CRON: "Cron Job DAILY_WHS_BLOCKED_RECEIPT is now scheduled using cron setup : 15 9 * * *"
1/18/2024 22:3:14 [crontab] CRON: "Cron Job EXP_PO_NOT_COLLECTED is now scheduled using cron setup : */15 * * * *"
1/18/2024 22:3:14 [crontab] CRON: "Cron Job WEEKLY_WHS_SMART_UBD is now scheduled using cron setup : 0 13 * * 2"
1/18/2024 22:3:14 [crontab] CRON: "Cron Job WEEKLY_WHS_PUSH_UBD is now scheduled using cron setup : 0 13 * * 3"
1/18/2024 22:3:14 [crontab] CRON: "Cron Job DAILY_ECOMMERCE_ISSUE is now scheduled using cron setup : 5 11 * * *"
1/18/2024 22:3:14 [crontab] CRON: "Cron Job DAILY_WHS_USERS_DEL is now scheduled using cron setup : 6 11 * * *"
1/18/2024 22:3:14 [crontab] CRON: "Cron Job DAILY_VESTCOM is now scheduled using cron setup : 31 8 * * *"
1/18/2024 22:3:14 [crontab] CRON: "Cron Job DAILY_STORE_INVALID_TRANSFER_PRICE is now scheduled using cron setup : 15 13 * * *"
1/18/2024 22:3:14 [crontab] CRON: "Cron Job DAILY_WHS_FILL_RATE is now scheduled using cron setup : 2 7 * * *"
1/18/2024 22:3:14 [crontab] CRON: "Cron Job WHS_FILL_RAT_CAT_GROCERY is now scheduled using cron setup : 5 7 * * 1,5"
1/18/2024 22:3:14 [crontab] CRON: "Cron Job WHS_FILL_RAT_CAT_FREEZER_DAIRY is now scheduled using cron setup : 7 7 * * 1,5"
1/18/2024 22:3:14 [crontab] CRON: "Cron Job DAILY_WHS_FILL_RATE_CAT is now scheduled using cron setup : 7 7 * * 2,3,4,6,7"
1/18/2024 22:3:14 [crontab] CRON: "Cron Job WEEKLY_TAX_WHS_UBD is now scheduled using cron setup : 6 19 * * 2"
1/18/2024 22:3:14 [crontab] CRON: "Cron Job WEEKLY_NON_TAX_WHS_NOUBD is now scheduled using cron setup : 5 19 * * 2"
1/18/2024 22:3:14 [crontab] CRON: "Cron Job WEEKLY_WHS_SHRINK_UBD is now scheduled using cron setup : 15 7 * * 3"
1/18/2024 22:3:14 [crontab] CRON: "Cron Job DAILY_WHS_BLOCKED_PODO is now scheduled using cron setup : 0 */2 * * *"
1/18/2024 22:3:14 [crontab] CRON: "Cron Job DAILY_EDI_INVOICEEXISTS is now scheduled using cron setup : 0 */3 * * *"
1/18/2024 22:3:14 [crontab] CRON: "Cron Job DAILY_PO_NOTWAREHOUSE is now scheduled using cron setup : 0 11 * * *"
1/18/2024 22:3:14 [crontab] CRON: "Cron Job DAILY_PRODUCE_INVALIDUBD is now scheduled using cron setup : 10 9 * * *"
1/18/2024 22:3:14 [crontab] CRON: "Cron Job DAILY_INVALIDLABEL is now scheduled using cron setup : 25 7 * * *"
1/18/2024 22:3:14 [crontab] CRON: "Cron Job DAILY_PPG_SUBCATEGORY is now scheduled using cron setup : 50 7 * * 1-5"
1/18/2024 22:3:14 [crontab] CRON: "Cron Job DAILY_WHS_ALLOTMENTTIME is now scheduled using cron setup : */50 * * * *"
1/18/2024 22:3:14 [crontab] CRON: "Cron Job MONTHLY_LOSS_PREVENTION is now scheduled using cron setup : 0 11 1 * *"
1/18/2024 22:3:14 [crontab] CRON: "Cron Job DAILY_CAO_Store_Sales is not active. Activation date on Tue Jan 12 2049 00:00:00 GMT+0100 (Central European Standard Time)"
1/18/2024 22:3:14 [crontab] CRON: "Cron Job WEEKLY_CAO_Store_shrink is not active. Activation date on Tue Jan 12 2049 00:00:00 GMT+0100 (Central European Standard Time)"
1/18/2024 22:3:14 [crontab] CRON: "Cron Job DAILY_BUYER_Pushout is not active. Activation date on Tue Jan 12 2049 00:00:00 GMT+0100 (Central European Standard Time)"
1/18/2024 22:3:14 [crontab] CRON: "Cron Job CGO_ALERT is not active. Activation date on Tue Jan 12 2049 00:00:00 GMT+0100 (Central European Standard Time)"
1/18/2024 22:3:14 [crontab] CRON: "Cron Job DAILY_CAO_Negative_Inventory_0530AM is not active. Activation date on Tue Jan 12 2049 00:00:00 GMT+0100 (Central European Standard Time)"
1/18/2024 22:3:14 [crontab] CRON: "Cron Job DAILY_CAO_Order_Recap is not active. Activation date on Fri Dec 31 2049 00:00:00 GMT+0100 (Central European Standard Time)"
1/18/2024 22:3:14 [crontab] CRON: "Cron Job ONGOING_EDI_invoice_SCAN is not active. Activation date on Fri Dec 31 2049 00:00:00 GMT+0100 (Central European Standard Time)"
1/18/2024 22:3:14 [crontab] CRON: "Cron Job DAILY_PURCHASE_PRICE_XML_CHECK is not active. Activation date on Fri Dec 31 2049 00:00:00 GMT+0100 (Central European Standard Time)"
1/18/2024 22:3:14 [crontab] CRON: "Cron Job MONTHLY_SALES_REPORT is not active. Activation date on Fri Dec 31 2049 00:00:00 GMT+0100 (Central European Standard Time)"
1/18/2024 22:3:14 [crontab] CRON: "Cron Job ICR_MAINTENANCE is not active. Activation date on Fri Dec 31 2049 00:00:00 GMT+0100 (Central European Standard Time)"
1/18/2024 22:3:14 [crontab] CRON: "Cron Job DAILY_WHS_UBD is not active. Activation date on Fri Dec 31 2049 00:00:00 GMT+0100 (Central European Standard Time)"
1/18/2024 22:3:14 [crontab] 2: "BEGIN PKREQUESTMANAGER.CALLQUERY(2,'CRON000002','crontab','{}', '{}','{}', :cursor); END;"
1/18/2024 22:3:16 [crontab] 2: " Error... : {\"offset\":640,\"errorNum\":1722,\"code\":\"ORA-01722\"}"
1/18/2024 22:6:32 [crontab] 1: "BEGIN PKREQUESTMANAGER.CALLQUERY(1,'CRON000001','crontab','{}', '{}','{}', :cursor); END;"
1/18/2024 22:6:33 [crontab] 1: "90 Object(s) returned... [FETCH]"
1/18/2024 22:6:33 [crontab] CRON: "Cron Job WEEKLY_EDI_invoice_WEEKLY is now scheduled using cron setup : 1 19 * * 7"
1/18/2024 22:6:33 [crontab] CRON: "Cron Job WEEKLY_Store_shrink is now scheduled using cron setup : 5 19 * * 7"
1/18/2024 22:6:33 [crontab] CRON: "Cron Job DAILY_Store_Sales is now scheduled using cron setup : 5 8 * * *"
1/18/2024 22:6:33 [crontab] CRON: "Cron Job DAILY_CAO_Negative_Inventory_1130AM is now scheduled using cron setup : 30 11 * * *"
1/18/2024 22:6:33 [crontab] CRON: "Cron Job DAILY_EDI_BLANK_REF is now scheduled using cron setup : 5 7 * * *"
1/18/2024 22:6:33 [crontab] CRON: "Cron Job VIEW_REFRESH is now scheduled using cron setup : 5 11 * * *"
1/18/2024 22:6:33 [crontab] CRON: "Cron Job VIEW_REFRESH_DAILY is now scheduled using cron setup : 5 12 * * *"
1/18/2024 22:6:33 [crontab] CRON: "Cron Job DAILY_STORE_SHORTED is now scheduled using cron setup : 10 7 * * *"
1/18/2024 22:6:33 [crontab] CRON: "Cron Job DAILY_STORE_BLOCKED_RECEIPT is now scheduled using cron setup : 15 7 * * *"
1/18/2024 22:6:33 [crontab] CRON: "Cron Job DAILY_WHS_CUT is now scheduled using cron setup : 5 7 * * *"
1/18/2024 22:6:33 [crontab] CRON: "Cron Job DAILY_WHS_NEG_UBD is now scheduled using cron setup : 0 2 * * *"
1/18/2024 22:6:33 [crontab] CRON: "Cron Job DAILY_WHS_SSCC_NO_UBD is now scheduled using cron setup : */55 * * * *"
1/18/2024 22:6:33 [crontab] CRON: "Cron Job WEEKLY_STORE_NO_SALES is now scheduled using cron setup : 5 6 * * 1"
1/18/2024 22:6:33 [crontab] CRON: "Cron Job WEEKLY_STORE_NO_SALES_ADMIN is now scheduled using cron setup : 5 7 * * 1"
1/18/2024 22:6:33 [crontab] CRON: "Cron Job WEEKLY_STORE_NO_SALES_CAPTURE_ADMIN is now scheduled using cron setup : 5 6 * * 1"
1/18/2024 22:6:33 [crontab] CRON: "Cron Job EXP_WHS_INVALID_PICKING is now scheduled using cron setup : 7 9 * * *"
1/18/2024 22:6:33 [crontab] CRON: "Cron Job DAILY_FILL_RATE_CAPTURE is now scheduled using cron setup : 0 16 * * *"
1/18/2024 22:6:33 [crontab] CRON: "Cron Job DAILY_SERVICE_RATE_CAPTURE is now scheduled using cron setup : 0 16 * * *"
1/18/2024 22:6:33 [crontab] CRON: "Cron Job DAILY_WHS_BLOCKED_PO is now scheduled using cron setup : 5 10 * * *"
1/18/2024 22:6:33 [crontab] CRON: "Cron Job EXP_WHS_FAULTY_DO is now scheduled using cron setup : 5 11 * * *"
1/18/2024 22:6:33 [crontab] CRON: "Cron Job DAILY_RETAIL_NO_MULTIPLE is now scheduled using cron setup : 0 7-18 * * 1,2,3,4,5"
1/18/2024 22:6:33 [crontab] CRON: "Cron Job WHS_MISS_ROUTE is now scheduled using cron setup : 0 * * * *"
1/18/2024 22:6:33 [crontab] CRON: "Cron Job DAILY_INVALIDCOLLECTION_TIME is now scheduled using cron setup : 0 7-18 * * 1,2,3,4,5"
1/18/2024 22:6:33 [crontab] CRON: "Cron Job DAILY_WHS_LOW_INV is now scheduled using cron setup : 3 11 * * 1"
1/18/2024 22:6:33 [crontab] CRON: "Cron Job DAILY_WHS_HIGH_INV is now scheduled using cron setup : 2 11 * * 1"
1/18/2024 22:6:33 [crontab] CRON: "Cron Job DAILY_WHS_RECEIVED_CUT_OVER is now scheduled using cron setup : 11 9 * * *"
1/18/2024 22:6:33 [crontab] CRON: "Cron Job DAILY_WHS_SSCC_SUSPICIOUS_UBD is now scheduled using cron setup : 10 9 * * *"
1/18/2024 22:6:33 [crontab] CRON: "Cron Job DAILY_SALES_LOAD_CHECK is now scheduled using cron setup : 18 5-19 * * *"
1/18/2024 22:6:33 [crontab] CRON: "Cron Job DAILY_INTERDEPT_ERROR_DETECTION is now scheduled using cron setup : 1 11 * * *"
1/18/2024 22:6:33 [crontab] CRON: "Cron Job DAILY_EDI_INVALIDDEALS is now scheduled using cron setup : 40 7 * * 1,2,3,4,5"
1/18/2024 22:6:33 [crontab] CRON: "Cron Job DAILY_EDI_UNKNOWN_UPC is now scheduled using cron setup : 4 11 * * 1,2,3,4,5"
1/18/2024 22:6:33 [crontab] CRON: "Cron Job DAILY_WHS_TI_DIFFERENCE is now scheduled using cron setup : 15 9 * * 1,2,3,4,5,6"
1/18/2024 22:6:33 [crontab] CRON: "Cron Job DAILY_PRODUCE_0_LEAD_TIME is now scheduled using cron setup : 5 9 * * 1-5"
1/18/2024 22:6:33 [crontab] CRON: "Cron Job DAILY_WHS_EXPIRING_SSCC is now scheduled using cron setup : 0 10 * * *"
1/18/2024 22:6:33 [crontab] CRON: "Cron Job DAILY_INVOICE_FAILURE is now scheduled using cron setup : 15 11 * * 1,2,3,4,5"
1/18/2024 22:6:33 [crontab] CRON: "Cron Job DAILY_WHS_SHIPMENT_BLOCKED is now scheduled using cron setup : 45 * * * *"
1/18/2024 22:6:33 [crontab] CRON: "Cron Job DAILY_DUNHUMMBY_ITEM_EXCEPTION is now scheduled using cron setup : 0 10 * * 1-5"
1/18/2024 22:6:33 [crontab] CRON: "Cron Job DAILY_WHS_RECEIPT_OOS is now scheduled using cron setup : 30 0-23 * * *"
1/18/2024 22:6:33 [crontab] CRON: "Cron Job DAILY_FIN_SHRINK_INVOICE is now scheduled using cron setup : 30 7 * * *"
1/18/2024 22:6:33 [crontab] CRON: "Cron Job DAILY_WHS_SKU_WEIGHT is now scheduled using cron setup : 5 2 * * 1"
1/18/2024 22:6:33 [crontab] CRON: "Cron Job DAILY_WHS_MULTICONSIGNMENT is now scheduled using cron setup : */30 * * * *"
1/18/2024 22:6:33 [crontab] CRON: "Cron Job WEEKLY_WHS_ACTIVE_STORE_FUTURE is now scheduled using cron setup : 30 14 * * 5"
1/18/2024 22:6:33 [crontab] CRON: "Cron Job WEEKLY_WHS_DISCONTINUED is now scheduled using cron setup : 5 19 * * 1"
1/18/2024 22:6:33 [crontab] CRON: "Cron Job WEEKLY_WHS_RECEIVABLE is now scheduled using cron setup : 5 19 * * 1"
1/18/2024 22:6:33 [crontab] CRON: "Cron Job DAILY_WHS_HIGH_QTY is now scheduled using cron setup : 5 9 * * *"
1/18/2024 22:6:33 [crontab] CRON: "Cron Job DAILY_WHS_BLOCKED_RECEIPT is now scheduled using cron setup : 15 9 * * *"
1/18/2024 22:6:33 [crontab] CRON: "Cron Job EXP_PO_NOT_COLLECTED is now scheduled using cron setup : */15 * * * *"
1/18/2024 22:6:33 [crontab] CRON: "Cron Job WEEKLY_WHS_SMART_UBD is now scheduled using cron setup : 0 13 * * 2"
1/18/2024 22:6:33 [crontab] CRON: "Cron Job WEEKLY_WHS_PUSH_UBD is now scheduled using cron setup : 0 13 * * 3"
1/18/2024 22:6:33 [crontab] CRON: "Cron Job DAILY_ECOMMERCE_ISSUE is now scheduled using cron setup : 5 11 * * *"
1/18/2024 22:6:33 [crontab] CRON: "Cron Job DAILY_WHS_USERS_DEL is now scheduled using cron setup : 6 11 * * *"
1/18/2024 22:6:33 [crontab] CRON: "Cron Job DAILY_VESTCOM is now scheduled using cron setup : 31 8 * * *"
1/18/2024 22:6:33 [crontab] CRON: "Cron Job DAILY_STORE_INVALID_TRANSFER_PRICE is now scheduled using cron setup : 15 13 * * *"
1/18/2024 22:6:33 [crontab] CRON: "Cron Job DAILY_WHS_FILL_RATE is now scheduled using cron setup : 2 7 * * *"
1/18/2024 22:6:33 [crontab] CRON: "Cron Job WHS_FILL_RAT_CAT_FREEZER_DAIRY is now scheduled using cron setup : 7 7 * * 1,5"
1/18/2024 22:6:33 [crontab] CRON: "Cron Job DAILY_WHS_FILL_RATE_CAT is now scheduled using cron setup : 7 7 * * 2,3,4,6,7"
1/18/2024 22:6:33 [crontab] CRON: "Cron Job WHS_FILL_RAT_CAT_GROCERY is now scheduled using cron setup : 9 7 * * 1,5"
1/18/2024 22:6:33 [crontab] CRON: "Cron Job WEEKLY_NON_TAX_WHS_NOUBD is now scheduled using cron setup : 5 19 * * 2"
1/18/2024 22:6:33 [crontab] CRON: "Cron Job WEEKLY_TAX_WHS_UBD is now scheduled using cron setup : 6 19 * * 2"
1/18/2024 22:6:33 [crontab] CRON: "Cron Job WEEKLY_WHS_SHRINK_UBD is now scheduled using cron setup : 15 7 * * 3"
1/18/2024 22:6:33 [crontab] CRON: "Cron Job DAILY_EDI_INVOICEEXISTS is now scheduled using cron setup : 0 */3 * * *"
1/18/2024 22:6:33 [crontab] CRON: "Cron Job DAILY_WHS_BLOCKED_PODO is now scheduled using cron setup : 0 */2 * * *"
1/18/2024 22:6:33 [crontab] CRON: "Cron Job DAILY_PO_NOTWAREHOUSE is now scheduled using cron setup : 0 11 * * *"
1/18/2024 22:6:33 [crontab] CRON: "Cron Job DAILY_INVALIDLABEL is now scheduled using cron setup : 25 7 * * *"
1/18/2024 22:6:33 [crontab] CRON: "Cron Job DAILY_PRODUCE_INVALIDUBD is now scheduled using cron setup : 10 9 * * *"
1/18/2024 22:6:33 [crontab] CRON: "Cron Job DAILY_WHS_ALLOTMENTTIME is now scheduled using cron setup : */50 * * * *"
1/18/2024 22:6:33 [crontab] CRON: "Cron Job DAILY_PPG_SUBCATEGORY is now scheduled using cron setup : 50 7 * * 1-5"
1/18/2024 22:6:33 [crontab] CRON: "Cron Job MONTHLY_LOSS_PREVENTION is now scheduled using cron setup : 2 11 1 * *"
1/18/2024 22:6:33 [crontab] CRON: "Cron Job MONTHLY_LOSS_PREVENTION_WELLNESS is now scheduled using cron setup : 10 11 1 * *"
1/18/2024 22:6:33 [crontab] CRON: "Cron Job MONTHLY_LOSS_PREVENTION_HPC is now scheduled using cron setup : 8 11 1 * *"
1/18/2024 22:6:33 [crontab] CRON: "Cron Job DAILY_COUNTING_THIRDPARTY is now scheduled using cron setup : 30 7 * * *"
1/18/2024 22:6:33 [crontab] CRON: "Cron Job EXP_PO_LOCKED is now scheduled using cron setup : */15 6-23 * * *"
1/18/2024 22:6:33 [crontab] CRON: "Cron Job WEEKLY_DEFAULT_DIMENSION is now scheduled using cron setup : 5 2 * * 1"
1/18/2024 22:6:33 [crontab] CRON: "Cron Job PO_INTERFACE_REJECTION is now scheduled using cron setup : 22 8-21 * * *"
1/18/2024 22:6:33 [crontab] CRON: "Cron Job WEEKLY_WHS_INACTIVE_STORE_ACTIVE is now scheduled using cron setup : 2 6 * * 3"
1/18/2024 22:6:33 [crontab] CRON: "Cron Job WEEKLY_WHS_DEFAULT_DIMENSION is now scheduled using cron setup : 5 2 * * 1"
1/18/2024 22:6:33 [crontab] CRON: "Cron Job DAILY_PPG_KLI is now scheduled using cron setup : 55 7 * * 1-5"
1/18/2024 22:6:33 [crontab] CRON: "Cron Job MONTHLY_LOSS_PREVENTION_WELLNESS_ATTRIBUTE is now scheduled using cron setup : 15 11 1 * *"
1/18/2024 22:6:33 [crontab] CRON: "Cron Job IT_HIGH_CPU is now scheduled using cron setup : 29 * * * *"
1/18/2024 22:6:33 [crontab] CRON: "Cron Job CGO_ALERT is not active. Activation date on Tue Jan 12 2049 00:00:00 GMT+0100 (Central European Standard Time)"
1/18/2024 22:6:33 [crontab] CRON: "Cron Job WEEKLY_CAO_Store_shrink is not active. Activation date on Tue Jan 12 2049 00:00:00 GMT+0100 (Central European Standard Time)"
1/18/2024 22:6:33 [crontab] CRON: "Cron Job DAILY_CAO_Store_Sales is not active. Activation date on Tue Jan 12 2049 00:00:00 GMT+0100 (Central European Standard Time)"
1/18/2024 22:6:33 [crontab] CRON: "Cron Job DAILY_CAO_Negative_Inventory_0530AM is not active. Activation date on Tue Jan 12 2049 00:00:00 GMT+0100 (Central European Standard Time)"
1/18/2024 22:6:33 [crontab] CRON: "Cron Job DAILY_BUYER_Pushout is not active. Activation date on Tue Jan 12 2049 00:00:00 GMT+0100 (Central European Standard Time)"
1/18/2024 22:6:33 [crontab] CRON: "Cron Job DAILY_CAO_Order_Recap is not active. Activation date on Fri Dec 31 2049 00:00:00 GMT+0100 (Central European Standard Time)"
1/18/2024 22:6:33 [crontab] CRON: "Cron Job ONGOING_EDI_invoice_SCAN is not active. Activation date on Fri Dec 31 2049 00:00:00 GMT+0100 (Central European Standard Time)"
1/18/2024 22:6:33 [crontab] CRON: "Cron Job DAILY_PURCHASE_PRICE_XML_CHECK is not active. Activation date on Fri Dec 31 2049 00:00:00 GMT+0100 (Central European Standard Time)"
1/18/2024 22:6:33 [crontab] CRON: "Cron Job MONTHLY_SALES_REPORT is not active. Activation date on Fri Dec 31 2049 00:00:00 GMT+0100 (Central European Standard Time)"
1/18/2024 22:6:33 [crontab] CRON: "Cron Job DAILY_WHS_UBD is not active. Activation date on Fri Dec 31 2049 00:00:00 GMT+0100 (Central European Standard Time)"
1/18/2024 22:6:33 [crontab] CRON: "Cron Job ICR_MAINTENANCE is not active. Activation date on Fri Dec 31 2049 00:00:00 GMT+0100 (Central European Standard Time)"
1/18/2024 22:6:33 [crontab] 2: "BEGIN PKREQUESTMANAGER.CALLQUERY(2,'CRON000002','crontab','{}', '{}','{}', :cursor); END;"
1/18/2024 22:6:35 [crontab] 2: "[{\"SALTID\":\"IT_HIGH_CPU\",\"SALTCRON\":\"29 * * * *\",\"SALTTYPE\":2,\"SALTQUERYNUM\":null,\"SALTQUERYPARAM\":null,\"SALTJOB\":\"/home/hnpcen/bin/shell/whatsupgold/process/check_process.sh\"}]"
1/18/2024 22:6:35 [crontab] 2: "1 Object(s) returned... [FETCH]"
1/18/2024 22:6:35 [crontab] CRON: "RUN : /home/hnpcen/bin/shell/whatsupgold/process/check_process.sh"
1/18/2024 22:7:30 [crontab] 1: "BEGIN PKREQUESTMANAGER.CALLQUERY(1,'CRON000001','crontab','{}', '{}','{}', :cursor); END;"
1/18/2024 22:7:31 [crontab] 1: "90 Object(s) returned... [FETCH]"
1/18/2024 22:7:31 [crontab] CRON: "Cron Job WEEKLY_EDI_invoice_WEEKLY is now scheduled using cron setup : 1 19 * * 7"
1/18/2024 22:7:31 [crontab] CRON: "Cron Job WEEKLY_Store_shrink is now scheduled using cron setup : 5 19 * * 7"
1/18/2024 22:7:31 [crontab] CRON: "Cron Job DAILY_Store_Sales is now scheduled using cron setup : 5 8 * * *"
1/18/2024 22:7:31 [crontab] CRON: "Cron Job DAILY_CAO_Negative_Inventory_1130AM is now scheduled using cron setup : 30 11 * * *"
1/18/2024 22:7:31 [crontab] CRON: "Cron Job DAILY_EDI_BLANK_REF is now scheduled using cron setup : 5 7 * * *"
1/18/2024 22:7:31 [crontab] CRON: "Cron Job VIEW_REFRESH is now scheduled using cron setup : 5 11 * * *"
1/18/2024 22:7:31 [crontab] CRON: "Cron Job VIEW_REFRESH_DAILY is now scheduled using cron setup : 5 12 * * *"
1/18/2024 22:7:31 [crontab] CRON: "Cron Job DAILY_STORE_SHORTED is now scheduled using cron setup : 10 7 * * *"
1/18/2024 22:7:31 [crontab] CRON: "Cron Job DAILY_STORE_BLOCKED_RECEIPT is now scheduled using cron setup : 15 7 * * *"
1/18/2024 22:7:31 [crontab] CRON: "Cron Job DAILY_WHS_CUT is now scheduled using cron setup : 5 7 * * *"
1/18/2024 22:7:31 [crontab] CRON: "Cron Job DAILY_WHS_NEG_UBD is now scheduled using cron setup : 0 2 * * *"
1/18/2024 22:7:31 [crontab] CRON: "Cron Job DAILY_WHS_SSCC_NO_UBD is now scheduled using cron setup : */55 * * * *"
1/18/2024 22:7:31 [crontab] CRON: "Cron Job WEEKLY_STORE_NO_SALES is now scheduled using cron setup : 5 6 * * 1"
1/18/2024 22:7:31 [crontab] CRON: "Cron Job WEEKLY_STORE_NO_SALES_ADMIN is now scheduled using cron setup : 5 7 * * 1"
1/18/2024 22:7:31 [crontab] CRON: "Cron Job WEEKLY_STORE_NO_SALES_CAPTURE_ADMIN is now scheduled using cron setup : 5 6 * * 1"
1/18/2024 22:7:31 [crontab] CRON: "Cron Job EXP_WHS_INVALID_PICKING is now scheduled using cron setup : 7 9 * * *"
1/18/2024 22:7:31 [crontab] CRON: "Cron Job DAILY_FILL_RATE_CAPTURE is now scheduled using cron setup : 0 16 * * *"
1/18/2024 22:7:31 [crontab] CRON: "Cron Job DAILY_SERVICE_RATE_CAPTURE is now scheduled using cron setup : 0 16 * * *"
1/18/2024 22:7:31 [crontab] CRON: "Cron Job DAILY_WHS_BLOCKED_PO is now scheduled using cron setup : 5 10 * * *"
1/18/2024 22:7:31 [crontab] CRON: "Cron Job EXP_WHS_FAULTY_DO is now scheduled using cron setup : 5 11 * * *"
1/18/2024 22:7:31 [crontab] CRON: "Cron Job DAILY_RETAIL_NO_MULTIPLE is now scheduled using cron setup : 0 7-18 * * 1,2,3,4,5"
1/18/2024 22:7:31 [crontab] CRON: "Cron Job WHS_MISS_ROUTE is now scheduled using cron setup : 0 * * * *"
1/18/2024 22:7:31 [crontab] CRON: "Cron Job DAILY_INVALIDCOLLECTION_TIME is now scheduled using cron setup : 0 7-18 * * 1,2,3,4,5"
1/18/2024 22:7:31 [crontab] CRON: "Cron Job DAILY_WHS_LOW_INV is now scheduled using cron setup : 3 11 * * 1"
1/18/2024 22:7:31 [crontab] CRON: "Cron Job DAILY_WHS_HIGH_INV is now scheduled using cron setup : 2 11 * * 1"
1/18/2024 22:7:31 [crontab] CRON: "Cron Job DAILY_WHS_RECEIVED_CUT_OVER is now scheduled using cron setup : 11 9 * * *"
1/18/2024 22:7:31 [crontab] CRON: "Cron Job DAILY_WHS_SSCC_SUSPICIOUS_UBD is now scheduled using cron setup : 10 9 * * *"
1/18/2024 22:7:31 [crontab] CRON: "Cron Job DAILY_SALES_LOAD_CHECK is now scheduled using cron setup : 18 5-19 * * *"
1/18/2024 22:7:31 [crontab] CRON: "Cron Job DAILY_INTERDEPT_ERROR_DETECTION is now scheduled using cron setup : 1 11 * * *"
1/18/2024 22:7:31 [crontab] CRON: "Cron Job DAILY_EDI_INVALIDDEALS is now scheduled using cron setup : 40 7 * * 1,2,3,4,5"
1/18/2024 22:7:31 [crontab] CRON: "Cron Job DAILY_EDI_UNKNOWN_UPC is now scheduled using cron setup : 4 11 * * 1,2,3,4,5"
1/18/2024 22:7:31 [crontab] CRON: "Cron Job DAILY_WHS_TI_DIFFERENCE is now scheduled using cron setup : 15 9 * * 1,2,3,4,5,6"
1/18/2024 22:7:31 [crontab] CRON: "Cron Job DAILY_PRODUCE_0_LEAD_TIME is now scheduled using cron setup : 5 9 * * 1-5"
1/18/2024 22:7:31 [crontab] CRON: "Cron Job DAILY_WHS_EXPIRING_SSCC is now scheduled using cron setup : 0 10 * * *"
1/18/2024 22:7:31 [crontab] CRON: "Cron Job DAILY_INVOICE_FAILURE is now scheduled using cron setup : 15 11 * * 1,2,3,4,5"
1/18/2024 22:7:31 [crontab] CRON: "Cron Job DAILY_WHS_SHIPMENT_BLOCKED is now scheduled using cron setup : 45 * * * *"
1/18/2024 22:7:31 [crontab] CRON: "Cron Job DAILY_DUNHUMMBY_ITEM_EXCEPTION is now scheduled using cron setup : 0 10 * * 1-5"
1/18/2024 22:7:31 [crontab] CRON: "Cron Job DAILY_WHS_RECEIPT_OOS is now scheduled using cron setup : 30 0-23 * * *"
1/18/2024 22:7:31 [crontab] CRON: "Cron Job DAILY_FIN_SHRINK_INVOICE is now scheduled using cron setup : 30 7 * * *"
1/18/2024 22:7:31 [crontab] CRON: "Cron Job DAILY_WHS_SKU_WEIGHT is now scheduled using cron setup : 5 2 * * 1"
1/18/2024 22:7:31 [crontab] CRON: "Cron Job DAILY_WHS_MULTICONSIGNMENT is now scheduled using cron setup : */30 * * * *"
1/18/2024 22:7:31 [crontab] CRON: "Cron Job WEEKLY_WHS_ACTIVE_STORE_FUTURE is now scheduled using cron setup : 30 14 * * 5"
1/18/2024 22:7:31 [crontab] CRON: "Cron Job WEEKLY_WHS_DISCONTINUED is now scheduled using cron setup : 5 19 * * 1"
1/18/2024 22:7:31 [crontab] CRON: "Cron Job WEEKLY_WHS_RECEIVABLE is now scheduled using cron setup : 5 19 * * 1"
1/18/2024 22:7:31 [crontab] CRON: "Cron Job DAILY_WHS_HIGH_QTY is now scheduled using cron setup : 5 9 * * *"
1/18/2024 22:7:31 [crontab] CRON: "Cron Job DAILY_WHS_BLOCKED_RECEIPT is now scheduled using cron setup : 15 9 * * *"
1/18/2024 22:7:31 [crontab] CRON: "Cron Job EXP_PO_NOT_COLLECTED is now scheduled using cron setup : */15 * * * *"
1/18/2024 22:7:31 [crontab] CRON: "Cron Job WEEKLY_WHS_SMART_UBD is now scheduled using cron setup : 0 13 * * 2"
1/18/2024 22:7:31 [crontab] CRON: "Cron Job WEEKLY_WHS_PUSH_UBD is now scheduled using cron setup : 0 13 * * 3"
1/18/2024 22:7:31 [crontab] CRON: "Cron Job DAILY_ECOMMERCE_ISSUE is now scheduled using cron setup : 5 11 * * *"
1/18/2024 22:7:31 [crontab] CRON: "Cron Job DAILY_WHS_USERS_DEL is now scheduled using cron setup : 6 11 * * *"
1/18/2024 22:7:31 [crontab] CRON: "Cron Job DAILY_VESTCOM is now scheduled using cron setup : 31 8 * * *"
1/18/2024 22:7:31 [crontab] CRON: "Cron Job DAILY_STORE_INVALID_TRANSFER_PRICE is now scheduled using cron setup : 15 13 * * *"
1/18/2024 22:7:31 [crontab] CRON: "Cron Job DAILY_WHS_FILL_RATE is now scheduled using cron setup : 2 7 * * *"
1/18/2024 22:7:31 [crontab] CRON: "Cron Job WHS_FILL_RAT_CAT_FREEZER_DAIRY is now scheduled using cron setup : 7 7 * * 1,5"
1/18/2024 22:7:31 [crontab] CRON: "Cron Job DAILY_WHS_FILL_RATE_CAT is now scheduled using cron setup : 7 7 * * 2,3,4,6,7"
1/18/2024 22:7:31 [crontab] CRON: "Cron Job WHS_FILL_RAT_CAT_GROCERY is now scheduled using cron setup : 9 7 * * 1,5"
1/18/2024 22:7:31 [crontab] CRON: "Cron Job WEEKLY_NON_TAX_WHS_NOUBD is now scheduled using cron setup : 5 19 * * 2"
1/18/2024 22:7:31 [crontab] CRON: "Cron Job WEEKLY_TAX_WHS_UBD is now scheduled using cron setup : 6 19 * * 2"
1/18/2024 22:7:31 [crontab] CRON: "Cron Job WEEKLY_WHS_SHRINK_UBD is now scheduled using cron setup : 15 7 * * 3"
1/18/2024 22:7:31 [crontab] CRON: "Cron Job DAILY_EDI_INVOICEEXISTS is now scheduled using cron setup : 0 */3 * * *"
1/18/2024 22:7:31 [crontab] CRON: "Cron Job DAILY_WHS_BLOCKED_PODO is now scheduled using cron setup : 0 */2 * * *"
1/18/2024 22:7:31 [crontab] CRON: "Cron Job DAILY_PO_NOTWAREHOUSE is now scheduled using cron setup : 0 11 * * *"
1/18/2024 22:7:31 [crontab] CRON: "Cron Job DAILY_INVALIDLABEL is now scheduled using cron setup : 25 7 * * *"
1/18/2024 22:7:31 [crontab] CRON: "Cron Job DAILY_PRODUCE_INVALIDUBD is now scheduled using cron setup : 10 9 * * *"
1/18/2024 22:7:31 [crontab] CRON: "Cron Job DAILY_WHS_ALLOTMENTTIME is now scheduled using cron setup : */50 * * * *"
1/18/2024 22:7:31 [crontab] CRON: "Cron Job DAILY_PPG_SUBCATEGORY is now scheduled using cron setup : 50 7 * * 1-5"
1/18/2024 22:7:31 [crontab] CRON: "Cron Job MONTHLY_LOSS_PREVENTION is now scheduled using cron setup : 2 11 1 * *"
1/18/2024 22:7:31 [crontab] CRON: "Cron Job MONTHLY_LOSS_PREVENTION_WELLNESS is now scheduled using cron setup : 10 11 1 * *"
1/18/2024 22:7:31 [crontab] CRON: "Cron Job MONTHLY_LOSS_PREVENTION_HPC is now scheduled using cron setup : 8 11 1 * *"
1/18/2024 22:7:31 [crontab] CRON: "Cron Job DAILY_COUNTING_THIRDPARTY is now scheduled using cron setup : 30 7 * * *"
1/18/2024 22:7:31 [crontab] CRON: "Cron Job EXP_PO_LOCKED is now scheduled using cron setup : */15 6-23 * * *"
1/18/2024 22:7:31 [crontab] CRON: "Cron Job WEEKLY_DEFAULT_DIMENSION is now scheduled using cron setup : 5 2 * * 1"
1/18/2024 22:7:31 [crontab] CRON: "Cron Job PO_INTERFACE_REJECTION is now scheduled using cron setup : 22 8-21 * * *"
1/18/2024 22:7:31 [crontab] CRON: "Cron Job WEEKLY_WHS_INACTIVE_STORE_ACTIVE is now scheduled using cron setup : 2 6 * * 3"
1/18/2024 22:7:31 [crontab] CRON: "Cron Job WEEKLY_WHS_DEFAULT_DIMENSION is now scheduled using cron setup : 5 2 * * 1"
1/18/2024 22:7:31 [crontab] CRON: "Cron Job DAILY_PPG_KLI is now scheduled using cron setup : 55 7 * * 1-5"
1/18/2024 22:7:31 [crontab] CRON: "Cron Job MONTHLY_LOSS_PREVENTION_WELLNESS_ATTRIBUTE is now scheduled using cron setup : 15 11 1 * *"
1/18/2024 22:7:31 [crontab] CRON: "Cron Job IT_HIGH_CPU is now scheduled using cron setup : 29 * * * *"
1/18/2024 22:7:31 [crontab] CRON: "Cron Job CGO_ALERT is not active. Activation date on Tue Jan 12 2049 00:00:00 GMT+0100 (Central European Standard Time)"
1/18/2024 22:7:31 [crontab] CRON: "Cron Job WEEKLY_CAO_Store_shrink is not active. Activation date on Tue Jan 12 2049 00:00:00 GMT+0100 (Central European Standard Time)"
1/18/2024 22:7:31 [crontab] CRON: "Cron Job DAILY_CAO_Store_Sales is not active. Activation date on Tue Jan 12 2049 00:00:00 GMT+0100 (Central European Standard Time)"
1/18/2024 22:7:31 [crontab] CRON: "Cron Job DAILY_CAO_Negative_Inventory_0530AM is not active. Activation date on Tue Jan 12 2049 00:00:00 GMT+0100 (Central European Standard Time)"
1/18/2024 22:7:31 [crontab] CRON: "Cron Job DAILY_BUYER_Pushout is not active. Activation date on Tue Jan 12 2049 00:00:00 GMT+0100 (Central European Standard Time)"
1/18/2024 22:7:31 [crontab] CRON: "Cron Job DAILY_CAO_Order_Recap is not active. Activation date on Fri Dec 31 2049 00:00:00 GMT+0100 (Central European Standard Time)"
1/18/2024 22:7:31 [crontab] CRON: "Cron Job ONGOING_EDI_invoice_SCAN is not active. Activation date on Fri Dec 31 2049 00:00:00 GMT+0100 (Central European Standard Time)"
1/18/2024 22:7:31 [crontab] CRON: "Cron Job DAILY_PURCHASE_PRICE_XML_CHECK is not active. Activation date on Fri Dec 31 2049 00:00:00 GMT+0100 (Central European Standard Time)"
1/18/2024 22:7:31 [crontab] CRON: "Cron Job MONTHLY_SALES_REPORT is not active. Activation date on Fri Dec 31 2049 00:00:00 GMT+0100 (Central European Standard Time)"
1/18/2024 22:7:31 [crontab] CRON: "Cron Job DAILY_WHS_UBD is not active. Activation date on Fri Dec 31 2049 00:00:00 GMT+0100 (Central European Standard Time)"
1/18/2024 22:7:31 [crontab] CRON: "Cron Job ICR_MAINTENANCE is not active. Activation date on Fri Dec 31 2049 00:00:00 GMT+0100 (Central European Standard Time)"
1/18/2024 22:7:31 [crontab] 2: "BEGIN PKREQUESTMANAGER.CALLQUERY(2,'CRON000002','crontab','{}', '{}','{}', :cursor); END;"
1/18/2024 22:7:33 [crontab] 2: "[{\"SALTID\":\"IT_HIGH_CPU\",\"SALTCRON\":\"29 * * * *\",\"SALTTYPE\":2,\"SALTQUERYNUM\":null,\"SALTQUERYPARAM\":null,\"SALTJOB\":\"/home/hnpcen/bin/shell/whatsupgold/process/check_process.sh\"}]"
1/18/2024 22:7:33 [crontab] 2: "1 Object(s) returned... [FETCH]"
1/18/2024 22:7:33 [crontab] CRON: "RUN : /home/hnpcen/bin/shell/whatsupgold/process/check_process.sh"
1/18/2024 22:8:38 [crontab] 1: "BEGIN PKREQUESTMANAGER.CALLQUERY(1,'CRON000001','crontab','{}', '{}','{}', :cursor); END;"
1/18/2024 22:8:40 [crontab] 1: "90 Object(s) returned... [FETCH]"
1/18/2024 22:8:40 [crontab] CRON: "Cron Job WEEKLY_EDI_invoice_WEEKLY is now scheduled using cron setup : 1 19 * * 7"
1/18/2024 22:8:40 [crontab] CRON: "Cron Job WEEKLY_Store_shrink is now scheduled using cron setup : 5 19 * * 7"
1/18/2024 22:8:40 [crontab] CRON: "Cron Job DAILY_Store_Sales is now scheduled using cron setup : 5 8 * * *"
1/18/2024 22:8:40 [crontab] CRON: "Cron Job DAILY_CAO_Negative_Inventory_1130AM is now scheduled using cron setup : 30 11 * * *"
1/18/2024 22:8:40 [crontab] CRON: "Cron Job DAILY_EDI_BLANK_REF is now scheduled using cron setup : 5 7 * * *"
1/18/2024 22:8:40 [crontab] CRON: "Cron Job VIEW_REFRESH is now scheduled using cron setup : 5 11 * * *"
1/18/2024 22:8:40 [crontab] CRON: "Cron Job VIEW_REFRESH_DAILY is now scheduled using cron setup : 5 12 * * *"
1/18/2024 22:8:40 [crontab] CRON: "Cron Job DAILY_STORE_SHORTED is now scheduled using cron setup : 10 7 * * *"
1/18/2024 22:8:40 [crontab] CRON: "Cron Job DAILY_STORE_BLOCKED_RECEIPT is now scheduled using cron setup : 15 7 * * *"
1/18/2024 22:8:40 [crontab] CRON: "Cron Job DAILY_WHS_CUT is now scheduled using cron setup : 5 7 * * *"
1/18/2024 22:8:40 [crontab] CRON: "Cron Job DAILY_WHS_NEG_UBD is now scheduled using cron setup : 0 2 * * *"
1/18/2024 22:8:40 [crontab] CRON: "Cron Job DAILY_WHS_SSCC_NO_UBD is now scheduled using cron setup : */55 * * * *"
1/18/2024 22:8:40 [crontab] CRON: "Cron Job WEEKLY_STORE_NO_SALES is now scheduled using cron setup : 5 6 * * 1"
1/18/2024 22:8:40 [crontab] CRON: "Cron Job WEEKLY_STORE_NO_SALES_ADMIN is now scheduled using cron setup : 5 7 * * 1"
1/18/2024 22:8:40 [crontab] CRON: "Cron Job WEEKLY_STORE_NO_SALES_CAPTURE_ADMIN is now scheduled using cron setup : 5 6 * * 1"
1/18/2024 22:8:40 [crontab] CRON: "Cron Job EXP_WHS_INVALID_PICKING is now scheduled using cron setup : 7 9 * * *"
1/18/2024 22:8:40 [crontab] CRON: "Cron Job DAILY_FILL_RATE_CAPTURE is now scheduled using cron setup : 0 16 * * *"
1/18/2024 22:8:40 [crontab] CRON: "Cron Job DAILY_SERVICE_RATE_CAPTURE is now scheduled using cron setup : 0 16 * * *"
1/18/2024 22:8:40 [crontab] CRON: "Cron Job DAILY_WHS_BLOCKED_PO is now scheduled using cron setup : 5 10 * * *"
1/18/2024 22:8:40 [crontab] CRON: "Cron Job EXP_WHS_FAULTY_DO is now scheduled using cron setup : 5 11 * * *"
1/18/2024 22:8:40 [crontab] CRON: "Cron Job DAILY_RETAIL_NO_MULTIPLE is now scheduled using cron setup : 0 7-18 * * 1,2,3,4,5"
1/18/2024 22:8:40 [crontab] CRON: "Cron Job WHS_MISS_ROUTE is now scheduled using cron setup : 0 * * * *"
1/18/2024 22:8:40 [crontab] CRON: "Cron Job DAILY_INVALIDCOLLECTION_TIME is now scheduled using cron setup : 0 7-18 * * 1,2,3,4,5"
1/18/2024 22:8:40 [crontab] CRON: "Cron Job DAILY_WHS_LOW_INV is now scheduled using cron setup : 3 11 * * 1"
1/18/2024 22:8:40 [crontab] CRON: "Cron Job DAILY_WHS_HIGH_INV is now scheduled using cron setup : 2 11 * * 1"
1/18/2024 22:8:40 [crontab] CRON: "Cron Job DAILY_WHS_RECEIVED_CUT_OVER is now scheduled using cron setup : 11 9 * * *"
1/18/2024 22:8:40 [crontab] CRON: "Cron Job DAILY_WHS_SSCC_SUSPICIOUS_UBD is now scheduled using cron setup : 10 9 * * *"
1/18/2024 22:8:40 [crontab] CRON: "Cron Job DAILY_SALES_LOAD_CHECK is now scheduled using cron setup : 18 5-19 * * *"
1/18/2024 22:8:40 [crontab] CRON: "Cron Job DAILY_INTERDEPT_ERROR_DETECTION is now scheduled using cron setup : 1 11 * * *"
1/18/2024 22:8:40 [crontab] CRON: "Cron Job DAILY_EDI_INVALIDDEALS is now scheduled using cron setup : 40 7 * * 1,2,3,4,5"
1/18/2024 22:8:40 [crontab] CRON: "Cron Job DAILY_EDI_UNKNOWN_UPC is now scheduled using cron setup : 4 11 * * 1,2,3,4,5"
1/18/2024 22:8:40 [crontab] CRON: "Cron Job DAILY_WHS_TI_DIFFERENCE is now scheduled using cron setup : 15 9 * * 1,2,3,4,5,6"
1/18/2024 22:8:40 [crontab] CRON: "Cron Job DAILY_PRODUCE_0_LEAD_TIME is now scheduled using cron setup : 5 9 * * 1-5"
1/18/2024 22:8:40 [crontab] CRON: "Cron Job DAILY_WHS_EXPIRING_SSCC is now scheduled using cron setup : 0 10 * * *"
1/18/2024 22:8:40 [crontab] CRON: "Cron Job DAILY_INVOICE_FAILURE is now scheduled using cron setup : 15 11 * * 1,2,3,4,5"
1/18/2024 22:8:40 [crontab] CRON: "Cron Job DAILY_WHS_SHIPMENT_BLOCKED is now scheduled using cron setup : 45 * * * *"
1/18/2024 22:8:40 [crontab] CRON: "Cron Job DAILY_DUNHUMMBY_ITEM_EXCEPTION is now scheduled using cron setup : 0 10 * * 1-5"
1/18/2024 22:8:40 [crontab] CRON: "Cron Job DAILY_WHS_RECEIPT_OOS is now scheduled using cron setup : 30 0-23 * * *"
1/18/2024 22:8:40 [crontab] CRON: "Cron Job DAILY_FIN_SHRINK_INVOICE is now scheduled using cron setup : 30 7 * * *"
1/18/2024 22:8:40 [crontab] CRON: "Cron Job DAILY_WHS_SKU_WEIGHT is now scheduled using cron setup : 5 2 * * 1"
1/18/2024 22:8:40 [crontab] CRON: "Cron Job DAILY_WHS_MULTICONSIGNMENT is now scheduled using cron setup : */30 * * * *"
1/18/2024 22:8:40 [crontab] CRON: "Cron Job WEEKLY_WHS_ACTIVE_STORE_FUTURE is now scheduled using cron setup : 30 14 * * 5"
1/18/2024 22:8:40 [crontab] CRON: "Cron Job WEEKLY_WHS_DISCONTINUED is now scheduled using cron setup : 5 19 * * 1"
1/18/2024 22:8:40 [crontab] CRON: "Cron Job WEEKLY_WHS_RECEIVABLE is now scheduled using cron setup : 5 19 * * 1"
1/18/2024 22:8:40 [crontab] CRON: "Cron Job DAILY_WHS_HIGH_QTY is now scheduled using cron setup : 5 9 * * *"
1/18/2024 22:8:40 [crontab] CRON: "Cron Job DAILY_WHS_BLOCKED_RECEIPT is now scheduled using cron setup : 15 9 * * *"
1/18/2024 22:8:40 [crontab] CRON: "Cron Job EXP_PO_NOT_COLLECTED is now scheduled using cron setup : */15 * * * *"
1/18/2024 22:8:40 [crontab] CRON: "Cron Job WEEKLY_WHS_SMART_UBD is now scheduled using cron setup : 0 13 * * 2"
1/18/2024 22:8:40 [crontab] CRON: "Cron Job WEEKLY_WHS_PUSH_UBD is now scheduled using cron setup : 0 13 * * 3"
1/18/2024 22:8:40 [crontab] CRON: "Cron Job DAILY_ECOMMERCE_ISSUE is now scheduled using cron setup : 5 11 * * *"
1/18/2024 22:8:40 [crontab] CRON: "Cron Job DAILY_WHS_USERS_DEL is now scheduled using cron setup : 6 11 * * *"
1/18/2024 22:8:40 [crontab] CRON: "Cron Job DAILY_VESTCOM is now scheduled using cron setup : 31 8 * * *"
1/18/2024 22:8:40 [crontab] CRON: "Cron Job DAILY_STORE_INVALID_TRANSFER_PRICE is now scheduled using cron setup : 15 13 * * *"
1/18/2024 22:8:40 [crontab] CRON: "Cron Job DAILY_WHS_FILL_RATE is now scheduled using cron setup : 2 7 * * *"
1/18/2024 22:8:40 [crontab] CRON: "Cron Job WHS_FILL_RAT_CAT_FREEZER_DAIRY is now scheduled using cron setup : 7 7 * * 1,5"
1/18/2024 22:8:40 [crontab] CRON: "Cron Job DAILY_WHS_FILL_RATE_CAT is now scheduled using cron setup : 7 7 * * 2,3,4,6,7"
1/18/2024 22:8:40 [crontab] CRON: "Cron Job WHS_FILL_RAT_CAT_GROCERY is now scheduled using cron setup : 9 7 * * 1,5"
1/18/2024 22:8:40 [crontab] CRON: "Cron Job WEEKLY_NON_TAX_WHS_NOUBD is now scheduled using cron setup : 5 19 * * 2"
1/18/2024 22:8:40 [crontab] CRON: "Cron Job WEEKLY_TAX_WHS_UBD is now scheduled using cron setup : 6 19 * * 2"
1/18/2024 22:8:40 [crontab] CRON: "Cron Job WEEKLY_WHS_SHRINK_UBD is now scheduled using cron setup : 15 7 * * 3"
1/18/2024 22:8:40 [crontab] CRON: "Cron Job DAILY_EDI_INVOICEEXISTS is now scheduled using cron setup : 0 */3 * * *"
1/18/2024 22:8:40 [crontab] CRON: "Cron Job DAILY_WHS_BLOCKED_PODO is now scheduled using cron setup : 0 */2 * * *"
1/18/2024 22:8:40 [crontab] CRON: "Cron Job DAILY_PO_NOTWAREHOUSE is now scheduled using cron setup : 0 11 * * *"
1/18/2024 22:8:40 [crontab] CRON: "Cron Job DAILY_INVALIDLABEL is now scheduled using cron setup : 25 7 * * *"
1/18/2024 22:8:40 [crontab] CRON: "Cron Job DAILY_PRODUCE_INVALIDUBD is now scheduled using cron setup : 10 9 * * *"
1/18/2024 22:8:40 [crontab] CRON: "Cron Job DAILY_WHS_ALLOTMENTTIME is now scheduled using cron setup : */50 * * * *"
1/18/2024 22:8:40 [crontab] CRON: "Cron Job DAILY_PPG_SUBCATEGORY is now scheduled using cron setup : 50 7 * * 1-5"
1/18/2024 22:8:40 [crontab] CRON: "Cron Job MONTHLY_LOSS_PREVENTION is now scheduled using cron setup : 2 11 1 * *"
1/18/2024 22:8:40 [crontab] CRON: "Cron Job MONTHLY_LOSS_PREVENTION_WELLNESS is now scheduled using cron setup : 10 11 1 * *"
1/18/2024 22:8:40 [crontab] CRON: "Cron Job MONTHLY_LOSS_PREVENTION_HPC is now scheduled using cron setup : 8 11 1 * *"
1/18/2024 22:8:40 [crontab] CRON: "Cron Job DAILY_COUNTING_THIRDPARTY is now scheduled using cron setup : 30 7 * * *"
1/18/2024 22:8:40 [crontab] CRON: "Cron Job EXP_PO_LOCKED is now scheduled using cron setup : */15 6-23 * * *"
1/18/2024 22:8:40 [crontab] CRON: "Cron Job WEEKLY_DEFAULT_DIMENSION is now scheduled using cron setup : 5 2 * * 1"
1/18/2024 22:8:40 [crontab] CRON: "Cron Job PO_INTERFACE_REJECTION is now scheduled using cron setup : 22 8-21 * * *"
1/18/2024 22:8:40 [crontab] CRON: "Cron Job WEEKLY_WHS_INACTIVE_STORE_ACTIVE is now scheduled using cron setup : 2 6 * * 3"
1/18/2024 22:8:40 [crontab] CRON: "Cron Job WEEKLY_WHS_DEFAULT_DIMENSION is now scheduled using cron setup : 5 2 * * 1"
1/18/2024 22:8:40 [crontab] CRON: "Cron Job DAILY_PPG_KLI is now scheduled using cron setup : 55 7 * * 1-5"
1/18/2024 22:8:40 [crontab] CRON: "Cron Job MONTHLY_LOSS_PREVENTION_WELLNESS_ATTRIBUTE is now scheduled using cron setup : 15 11 1 * *"
1/18/2024 22:8:40 [crontab] CRON: "Cron Job IT_HIGH_CPU is now scheduled using cron setup : 29 * * * *"
1/18/2024 22:8:40 [crontab] CRON: "Cron Job CGO_ALERT is not active. Activation date on Tue Jan 12 2049 00:00:00 GMT+0100 (Central European Standard Time)"
1/18/2024 22:8:40 [crontab] CRON: "Cron Job WEEKLY_CAO_Store_shrink is not active. Activation date on Tue Jan 12 2049 00:00:00 GMT+0100 (Central European Standard Time)"
1/18/2024 22:8:40 [crontab] CRON: "Cron Job DAILY_CAO_Store_Sales is not active. Activation date on Tue Jan 12 2049 00:00:00 GMT+0100 (Central European Standard Time)"
1/18/2024 22:8:40 [crontab] CRON: "Cron Job DAILY_CAO_Negative_Inventory_0530AM is not active. Activation date on Tue Jan 12 2049 00:00:00 GMT+0100 (Central European Standard Time)"
1/18/2024 22:8:40 [crontab] CRON: "Cron Job DAILY_BUYER_Pushout is not active. Activation date on Tue Jan 12 2049 00:00:00 GMT+0100 (Central European Standard Time)"
1/18/2024 22:8:40 [crontab] CRON: "Cron Job DAILY_CAO_Order_Recap is not active. Activation date on Fri Dec 31 2049 00:00:00 GMT+0100 (Central European Standard Time)"
1/18/2024 22:8:40 [crontab] CRON: "Cron Job ONGOING_EDI_invoice_SCAN is not active. Activation date on Fri Dec 31 2049 00:00:00 GMT+0100 (Central European Standard Time)"
1/18/2024 22:8:40 [crontab] CRON: "Cron Job DAILY_PURCHASE_PRICE_XML_CHECK is not active. Activation date on Fri Dec 31 2049 00:00:00 GMT+0100 (Central European Standard Time)"
1/18/2024 22:8:40 [crontab] CRON: "Cron Job MONTHLY_SALES_REPORT is not active. Activation date on Fri Dec 31 2049 00:00:00 GMT+0100 (Central European Standard Time)"
1/18/2024 22:8:40 [crontab] CRON: "Cron Job DAILY_WHS_UBD is not active. Activation date on Fri Dec 31 2049 00:00:00 GMT+0100 (Central European Standard Time)"
1/18/2024 22:8:40 [crontab] CRON: "Cron Job ICR_MAINTENANCE is not active. Activation date on Fri Dec 31 2049 00:00:00 GMT+0100 (Central European Standard Time)"
1/18/2024 22:8:40 [crontab] 2: "BEGIN PKREQUESTMANAGER.CALLQUERY(2,'CRON000002','crontab','{}', '{}','{}', :cursor); END;"
1/18/2024 22:8:42 [crontab] 2: "[{\"SALTID\":\"IT_HIGH_CPU\",\"SALTCRON\":\"29 * * * *\",\"SALTTYPE\":2,\"SALTQUERYNUM\":null,\"SALTQUERYPARAM\":null,\"SALTJOB\":\"/home/hnpcen/bin/shell/whatsupgold/process/check_process.sh\"}]"
1/18/2024 22:8:42 [crontab] 2: "1 Object(s) returned... [FETCH]"
1/18/2024 22:8:42 [crontab] CRON: "RUN : /home/hnpcen/bin/shell/whatsupgold/process/check_process.sh"
1/18/2024 22:8:54 [crontab] 1: "BEGIN PKREQUESTMANAGER.CALLQUERY(1,'CRON000001','crontab','{}', '{}','{}', :cursor); END;"
1/18/2024 22:8:56 [crontab] 1: "90 Object(s) returned... [FETCH]"
1/18/2024 22:8:56 [crontab] CRON: "Cron Job WEEKLY_EDI_invoice_WEEKLY is now scheduled using cron setup : 1 19 * * 7"
1/18/2024 22:8:56 [crontab] CRON: "Cron Job WEEKLY_Store_shrink is now scheduled using cron setup : 5 19 * * 7"
1/18/2024 22:8:56 [crontab] CRON: "Cron Job DAILY_Store_Sales is now scheduled using cron setup : 5 8 * * *"
1/18/2024 22:8:56 [crontab] CRON: "Cron Job DAILY_CAO_Negative_Inventory_1130AM is now scheduled using cron setup : 30 11 * * *"
1/18/2024 22:8:56 [crontab] CRON: "Cron Job DAILY_EDI_BLANK_REF is now scheduled using cron setup : 5 7 * * *"
1/18/2024 22:8:56 [crontab] CRON: "Cron Job VIEW_REFRESH is now scheduled using cron setup : 5 11 * * *"
1/18/2024 22:8:56 [crontab] CRON: "Cron Job VIEW_REFRESH_DAILY is now scheduled using cron setup : 5 12 * * *"
1/18/2024 22:8:56 [crontab] CRON: "Cron Job DAILY_STORE_SHORTED is now scheduled using cron setup : 10 7 * * *"
1/18/2024 22:8:56 [crontab] CRON: "Cron Job DAILY_STORE_BLOCKED_RECEIPT is now scheduled using cron setup : 15 7 * * *"
1/18/2024 22:8:56 [crontab] CRON: "Cron Job DAILY_WHS_CUT is now scheduled using cron setup : 5 7 * * *"
1/18/2024 22:8:56 [crontab] CRON: "Cron Job DAILY_WHS_NEG_UBD is now scheduled using cron setup : 0 2 * * *"
1/18/2024 22:8:56 [crontab] CRON: "Cron Job DAILY_WHS_SSCC_NO_UBD is now scheduled using cron setup : */55 * * * *"
1/18/2024 22:8:56 [crontab] CRON: "Cron Job WEEKLY_STORE_NO_SALES is now scheduled using cron setup : 5 6 * * 1"
1/18/2024 22:8:56 [crontab] CRON: "Cron Job WEEKLY_STORE_NO_SALES_ADMIN is now scheduled using cron setup : 5 7 * * 1"
1/18/2024 22:8:56 [crontab] CRON: "Cron Job WEEKLY_STORE_NO_SALES_CAPTURE_ADMIN is now scheduled using cron setup : 5 6 * * 1"
1/18/2024 22:8:56 [crontab] CRON: "Cron Job EXP_WHS_INVALID_PICKING is now scheduled using cron setup : 7 9 * * *"
1/18/2024 22:8:56 [crontab] CRON: "Cron Job DAILY_FILL_RATE_CAPTURE is now scheduled using cron setup : 0 16 * * *"
1/18/2024 22:8:56 [crontab] CRON: "Cron Job DAILY_SERVICE_RATE_CAPTURE is now scheduled using cron setup : 0 16 * * *"
1/18/2024 22:8:56 [crontab] CRON: "Cron Job DAILY_WHS_BLOCKED_PO is now scheduled using cron setup : 5 10 * * *"
1/18/2024 22:8:56 [crontab] CRON: "Cron Job EXP_WHS_FAULTY_DO is now scheduled using cron setup : 5 11 * * *"
1/18/2024 22:8:56 [crontab] CRON: "Cron Job DAILY_RETAIL_NO_MULTIPLE is now scheduled using cron setup : 0 7-18 * * 1,2,3,4,5"
1/18/2024 22:8:56 [crontab] CRON: "Cron Job WHS_MISS_ROUTE is now scheduled using cron setup : 0 * * * *"
1/18/2024 22:8:56 [crontab] CRON: "Cron Job DAILY_INVALIDCOLLECTION_TIME is now scheduled using cron setup : 0 7-18 * * 1,2,3,4,5"
1/18/2024 22:8:56 [crontab] CRON: "Cron Job DAILY_WHS_LOW_INV is now scheduled using cron setup : 3 11 * * 1"
1/18/2024 22:8:56 [crontab] CRON: "Cron Job DAILY_WHS_HIGH_INV is now scheduled using cron setup : 2 11 * * 1"
1/18/2024 22:8:56 [crontab] CRON: "Cron Job DAILY_WHS_RECEIVED_CUT_OVER is now scheduled using cron setup : 11 9 * * *"
1/18/2024 22:8:56 [crontab] CRON: "Cron Job DAILY_WHS_SSCC_SUSPICIOUS_UBD is now scheduled using cron setup : 10 9 * * *"
1/18/2024 22:8:56 [crontab] CRON: "Cron Job DAILY_SALES_LOAD_CHECK is now scheduled using cron setup : 18 5-19 * * *"
1/18/2024 22:8:56 [crontab] CRON: "Cron Job DAILY_INTERDEPT_ERROR_DETECTION is now scheduled using cron setup : 1 11 * * *"
1/18/2024 22:8:56 [crontab] CRON: "Cron Job DAILY_EDI_INVALIDDEALS is now scheduled using cron setup : 40 7 * * 1,2,3,4,5"
1/18/2024 22:8:56 [crontab] CRON: "Cron Job DAILY_EDI_UNKNOWN_UPC is now scheduled using cron setup : 4 11 * * 1,2,3,4,5"
1/18/2024 22:8:56 [crontab] CRON: "Cron Job DAILY_WHS_TI_DIFFERENCE is now scheduled using cron setup : 15 9 * * 1,2,3,4,5,6"
1/18/2024 22:8:56 [crontab] CRON: "Cron Job DAILY_PRODUCE_0_LEAD_TIME is now scheduled using cron setup : 5 9 * * 1-5"
1/18/2024 22:8:56 [crontab] CRON: "Cron Job DAILY_WHS_EXPIRING_SSCC is now scheduled using cron setup : 0 10 * * *"
1/18/2024 22:8:56 [crontab] CRON: "Cron Job DAILY_INVOICE_FAILURE is now scheduled using cron setup : 15 11 * * 1,2,3,4,5"
1/18/2024 22:8:56 [crontab] CRON: "Cron Job DAILY_WHS_SHIPMENT_BLOCKED is now scheduled using cron setup : 45 * * * *"
1/18/2024 22:8:56 [crontab] CRON: "Cron Job DAILY_DUNHUMMBY_ITEM_EXCEPTION is now scheduled using cron setup : 0 10 * * 1-5"
1/18/2024 22:8:56 [crontab] CRON: "Cron Job DAILY_WHS_RECEIPT_OOS is now scheduled using cron setup : 30 0-23 * * *"
1/18/2024 22:8:56 [crontab] CRON: "Cron Job DAILY_FIN_SHRINK_INVOICE is now scheduled using cron setup : 30 7 * * *"
1/18/2024 22:8:56 [crontab] CRON: "Cron Job DAILY_WHS_SKU_WEIGHT is now scheduled using cron setup : 5 2 * * 1"
1/18/2024 22:8:56 [crontab] CRON: "Cron Job DAILY_WHS_MULTICONSIGNMENT is now scheduled using cron setup : */30 * * * *"
1/18/2024 22:8:56 [crontab] CRON: "Cron Job WEEKLY_WHS_ACTIVE_STORE_FUTURE is now scheduled using cron setup : 30 14 * * 5"
1/18/2024 22:8:56 [crontab] CRON: "Cron Job WEEKLY_WHS_DISCONTINUED is now scheduled using cron setup : 5 19 * * 1"
1/18/2024 22:8:56 [crontab] CRON: "Cron Job WEEKLY_WHS_RECEIVABLE is now scheduled using cron setup : 5 19 * * 1"
1/18/2024 22:8:56 [crontab] CRON: "Cron Job DAILY_WHS_HIGH_QTY is now scheduled using cron setup : 5 9 * * *"
1/18/2024 22:8:56 [crontab] CRON: "Cron Job DAILY_WHS_BLOCKED_RECEIPT is now scheduled using cron setup : 15 9 * * *"
1/18/2024 22:8:56 [crontab] CRON: "Cron Job EXP_PO_NOT_COLLECTED is now scheduled using cron setup : */15 * * * *"
1/18/2024 22:8:56 [crontab] CRON: "Cron Job WEEKLY_WHS_SMART_UBD is now scheduled using cron setup : 0 13 * * 2"
1/18/2024 22:8:56 [crontab] CRON: "Cron Job WEEKLY_WHS_PUSH_UBD is now scheduled using cron setup : 0 13 * * 3"
1/18/2024 22:8:56 [crontab] CRON: "Cron Job DAILY_ECOMMERCE_ISSUE is now scheduled using cron setup : 5 11 * * *"
1/18/2024 22:8:56 [crontab] CRON: "Cron Job DAILY_WHS_USERS_DEL is now scheduled using cron setup : 6 11 * * *"
1/18/2024 22:8:56 [crontab] CRON: "Cron Job DAILY_VESTCOM is now scheduled using cron setup : 31 8 * * *"
1/18/2024 22:8:56 [crontab] CRON: "Cron Job DAILY_STORE_INVALID_TRANSFER_PRICE is now scheduled using cron setup : 15 13 * * *"
1/18/2024 22:8:56 [crontab] CRON: "Cron Job DAILY_WHS_FILL_RATE is now scheduled using cron setup : 2 7 * * *"
1/18/2024 22:8:56 [crontab] CRON: "Cron Job WHS_FILL_RAT_CAT_FREEZER_DAIRY is now scheduled using cron setup : 7 7 * * 1,5"
1/18/2024 22:8:56 [crontab] CRON: "Cron Job DAILY_WHS_FILL_RATE_CAT is now scheduled using cron setup : 7 7 * * 2,3,4,6,7"
1/18/2024 22:8:56 [crontab] CRON: "Cron Job WHS_FILL_RAT_CAT_GROCERY is now scheduled using cron setup : 9 7 * * 1,5"
1/18/2024 22:8:56 [crontab] CRON: "Cron Job WEEKLY_NON_TAX_WHS_NOUBD is now scheduled using cron setup : 5 19 * * 2"
1/18/2024 22:8:56 [crontab] CRON: "Cron Job WEEKLY_TAX_WHS_UBD is now scheduled using cron setup : 6 19 * * 2"
1/18/2024 22:8:56 [crontab] CRON: "Cron Job WEEKLY_WHS_SHRINK_UBD is now scheduled using cron setup : 15 7 * * 3"
1/18/2024 22:8:56 [crontab] CRON: "Cron Job DAILY_EDI_INVOICEEXISTS is now scheduled using cron setup : 0 */3 * * *"
1/18/2024 22:8:56 [crontab] CRON: "Cron Job DAILY_WHS_BLOCKED_PODO is now scheduled using cron setup : 0 */2 * * *"
1/18/2024 22:8:56 [crontab] CRON: "Cron Job DAILY_PO_NOTWAREHOUSE is now scheduled using cron setup : 0 11 * * *"
1/18/2024 22:8:56 [crontab] CRON: "Cron Job DAILY_INVALIDLABEL is now scheduled using cron setup : 25 7 * * *"
1/18/2024 22:8:56 [crontab] CRON: "Cron Job DAILY_PRODUCE_INVALIDUBD is now scheduled using cron setup : 10 9 * * *"
1/18/2024 22:8:56 [crontab] CRON: "Cron Job DAILY_WHS_ALLOTMENTTIME is now scheduled using cron setup : */50 * * * *"
1/18/2024 22:8:56 [crontab] CRON: "Cron Job DAILY_PPG_SUBCATEGORY is now scheduled using cron setup : 50 7 * * 1-5"
1/18/2024 22:8:56 [crontab] CRON: "Cron Job MONTHLY_LOSS_PREVENTION is now scheduled using cron setup : 2 11 1 * *"
1/18/2024 22:8:56 [crontab] CRON: "Cron Job MONTHLY_LOSS_PREVENTION_WELLNESS is now scheduled using cron setup : 10 11 1 * *"
1/18/2024 22:8:56 [crontab] CRON: "Cron Job MONTHLY_LOSS_PREVENTION_HPC is now scheduled using cron setup : 8 11 1 * *"
1/18/2024 22:8:56 [crontab] CRON: "Cron Job DAILY_COUNTING_THIRDPARTY is now scheduled using cron setup : 30 7 * * *"
1/18/2024 22:8:56 [crontab] CRON: "Cron Job EXP_PO_LOCKED is now scheduled using cron setup : */15 6-23 * * *"
1/18/2024 22:8:56 [crontab] CRON: "Cron Job WEEKLY_DEFAULT_DIMENSION is now scheduled using cron setup : 5 2 * * 1"
1/18/2024 22:8:56 [crontab] CRON: "Cron Job PO_INTERFACE_REJECTION is now scheduled using cron setup : 22 8-21 * * *"
1/18/2024 22:8:56 [crontab] CRON: "Cron Job WEEKLY_WHS_INACTIVE_STORE_ACTIVE is now scheduled using cron setup : 2 6 * * 3"
1/18/2024 22:8:56 [crontab] CRON: "Cron Job WEEKLY_WHS_DEFAULT_DIMENSION is now scheduled using cron setup : 5 2 * * 1"
1/18/2024 22:8:56 [crontab] CRON: "Cron Job DAILY_PPG_KLI is now scheduled using cron setup : 55 7 * * 1-5"
1/18/2024 22:8:56 [crontab] CRON: "Cron Job MONTHLY_LOSS_PREVENTION_WELLNESS_ATTRIBUTE is now scheduled using cron setup : 15 11 1 * *"
1/18/2024 22:8:56 [crontab] CRON: "Cron Job IT_HIGH_CPU is now scheduled using cron setup : 29 * * * *"
1/18/2024 22:8:56 [crontab] CRON: "Cron Job CGO_ALERT is not active. Activation date on Tue Jan 12 2049 00:00:00 GMT+0100 (Central European Standard Time)"
1/18/2024 22:8:56 [crontab] CRON: "Cron Job WEEKLY_CAO_Store_shrink is not active. Activation date on Tue Jan 12 2049 00:00:00 GMT+0100 (Central European Standard Time)"
1/18/2024 22:8:56 [crontab] CRON: "Cron Job DAILY_CAO_Store_Sales is not active. Activation date on Tue Jan 12 2049 00:00:00 GMT+0100 (Central European Standard Time)"
1/18/2024 22:8:56 [crontab] CRON: "Cron Job DAILY_CAO_Negative_Inventory_0530AM is not active. Activation date on Tue Jan 12 2049 00:00:00 GMT+0100 (Central European Standard Time)"
1/18/2024 22:8:56 [crontab] CRON: "Cron Job DAILY_BUYER_Pushout is not active. Activation date on Tue Jan 12 2049 00:00:00 GMT+0100 (Central European Standard Time)"
1/18/2024 22:8:56 [crontab] CRON: "Cron Job DAILY_CAO_Order_Recap is not active. Activation date on Fri Dec 31 2049 00:00:00 GMT+0100 (Central European Standard Time)"
1/18/2024 22:8:56 [crontab] CRON: "Cron Job ONGOING_EDI_invoice_SCAN is not active. Activation date on Fri Dec 31 2049 00:00:00 GMT+0100 (Central European Standard Time)"
1/18/2024 22:8:56 [crontab] CRON: "Cron Job DAILY_PURCHASE_PRICE_XML_CHECK is not active. Activation date on Fri Dec 31 2049 00:00:00 GMT+0100 (Central European Standard Time)"
1/18/2024 22:8:56 [crontab] CRON: "Cron Job MONTHLY_SALES_REPORT is not active. Activation date on Fri Dec 31 2049 00:00:00 GMT+0100 (Central European Standard Time)"
1/18/2024 22:8:56 [crontab] CRON: "Cron Job DAILY_WHS_UBD is not active. Activation date on Fri Dec 31 2049 00:00:00 GMT+0100 (Central European Standard Time)"
1/18/2024 22:8:56 [crontab] CRON: "Cron Job ICR_MAINTENANCE is not active. Activation date on Fri Dec 31 2049 00:00:00 GMT+0100 (Central European Standard Time)"
1/18/2024 22:8:56 [crontab] 2: "BEGIN PKREQUESTMANAGER.CALLQUERY(2,'CRON000002','crontab','{}', '{}','{}', :cursor); END;"
1/18/2024 22:8:57 [crontab] 2: "[{\"SALTID\":\"IT_HIGH_CPU\",\"SALTCRON\":\"29 * * * *\",\"SALTTYPE\":2,\"SALTQUERYNUM\":null,\"SALTQUERYPARAM\":null,\"SALTJOB\":\"/home/hnpcen/bin/shell/whatsupgold/process/check_process.sh\"}]"
1/18/2024 22:8:57 [crontab] 2: "1 Object(s) returned... [FETCH]"
1/18/2024 22:8:57 [crontab] CRON: "RUN : /home/hnpcen/bin/shell/whatsupgold/process/check_process.sh"
