1/22/2024 14:7:39 [internal] 0: " Server is listening at http://:::8093"
1/22/2024 14:7:39 [internal] 0: " Server is listening at http://:::8091"
1/22/2024 14:19:52 [internal] internal: "Uncaught exception RangeError: Maximum call stack size exceeded"
1/22/2024 14:19:52 [internal] internal: "Shutting down"
1/22/2024 14:19:52 [internal] internal: "Closing Inventory Control Room backend server"
1/22/2024 14:19:52 [internal] internal: "Web server closed"
1/22/2024 14:22:10 [internal] 0: " Server is listening at http://:::8093"
1/22/2024 14:22:10 [internal] 0: " Server is listening at http://:::8091"
1/22/2024 14:32:44 [internal] internal: "Uncaught exception RangeError: Maximum call stack size exceeded"
1/22/2024 14:32:44 [internal] internal: "Shutting down"
1/22/2024 14:32:44 [internal] internal: "Closing Inventory Control Room backend server"
1/22/2024 14:32:44 [internal] internal: "Web server closed"
1/22/2024 14:52:0 [internal] 0: " Server is listening at http://:::8091"
1/22/2024 14:52:0 [internal] 0: " Server is listening at http://:::8093"
1/22/2024 14:54:16 [internal] internal: "Uncaught exception ReferenceError: FILENAME_EXT is not defined"
1/22/2024 14:54:16 [internal] internal: "Shutting down"
1/22/2024 14:54:16 [internal] internal: "Closing Inventory Control Room backend server"
1/22/2024 14:54:16 [internal] internal: "Web server closed"
1/22/2024 15:5:16 [internal] 0: " Server is listening at http://:::8091"
1/22/2024 15:5:16 [internal] 0: " Server is listening at http://:::8093"
1/22/2024 15:7:20 [internal] internal: "Uncaught exception ReferenceError: FILENAME_EXT is not defined"
1/22/2024 15:7:20 [internal] internal: "Shutting down"
1/22/2024 15:7:20 [internal] internal: "Closing Inventory Control Room backend server"
1/22/2024 15:7:20 [internal] internal: "Web server closed"
1/22/2024 15:11:4 [internal] 0: " Server is listening at http://:::8093"
1/22/2024 15:11:4 [internal] 0: " Server is listening at http://:::8091"
1/22/2024 15:12:45 [internal] internal: "Uncaught exception ReferenceError: FILENAME_EXT is not defined"
1/22/2024 15:12:45 [internal] internal: "Shutting down"
1/22/2024 15:12:45 [internal] internal: "Closing Inventory Control Room backend server"
1/22/2024 15:12:45 [internal] internal: "Web server closed"
1/22/2024 15:16:46 [internal] 0: " Server is listening at http://:::8091"
1/22/2024 15:16:46 [internal] 0: " Server is listening at http://:::8093"
1/22/2024 15:18:26 [internal] internal: "Uncaught exception ReferenceError: FILENAME_EXT is not defined"
1/22/2024 15:18:26 [internal] internal: "Shutting down"
1/22/2024 15:18:26 [internal] internal: "Closing Inventory Control Room backend server"
1/22/2024 15:18:26 [internal] internal: "Web server closed"
1/22/2024 15:27:59 [internal] 0: " Server is listening at http://:::8093"
1/22/2024 15:27:59 [internal] 0: " Server is listening at http://:::8091"
1/22/2024 15:29:48 [internal] internal: "Uncaught exception ReferenceError: FILENAME_EXT is not defined"
1/22/2024 15:29:48 [internal] internal: "Shutting down"
1/22/2024 15:29:48 [internal] internal: "Closing Inventory Control Room backend server"
1/22/2024 15:29:48 [internal] internal: "Web server closed"
1/22/2024 15:47:45 [internal] 0: " Server is listening at http://:::8091"
1/22/2024 15:47:45 [internal] 0: " Server is listening at http://:::8093"
1/22/2024 15:50:24 [internal] internal: "Uncaught exception ReferenceError: FILENAME_EXT is not defined"
1/22/2024 15:50:24 [internal] internal: "Shutting down"
1/22/2024 15:50:24 [internal] internal: "Closing Inventory Control Room backend server"
1/22/2024 15:50:24 [internal] internal: "Web server closed"
1/22/2024 15:51:38 [internal] 0: " Server is listening at http://:::8093"
1/22/2024 15:51:38 [internal] 0: " Server is listening at http://:::8091"
1/22/2024 15:52:35 [internal] internal: "Uncaught exception ReferenceError: FILENAME_EXT is not defined"
1/22/2024 15:52:35 [internal] internal: "Shutting down"
1/22/2024 15:52:35 [internal] internal: "Closing Inventory Control Room backend server"
1/22/2024 15:52:35 [internal] internal: "Web server closed"
1/22/2024 15:54:30 [internal] 0: " Server is listening at http://:::8091"
1/22/2024 15:54:30 [internal] 0: " Server is listening at http://:::8093"
1/22/2024 15:55:5 [internal] internal: "Uncaught exception ReferenceError: FILENAME_EXT is not defined"
1/22/2024 15:55:5 [internal] internal: "Shutting down"
1/22/2024 15:55:5 [internal] internal: "Closing Inventory Control Room backend server"
1/22/2024 15:55:5 [internal] internal: "Web server closed"
