4/9/2017 7:35:13 14: LIBQUERY with Callback: 
4/9/2017 7:35:13 14: Path request:/api/user/
4/9/2017 7:35:13 14: Path header:undefined
4/9/2017 7:35:13 14: Path query:{"USER_NAME":"abe"}
4/9/2017 7:35:13 14: BEGIN PKREQUESTMANAGER.CALLQUERY(14,'CLI0000002','abe','{}', '{abe}','{}', :cursor); END;
4/9/2017 7:35:13 15: LIBQUERY with Callback: 
4/9/2017 7:35:13 15: Path request:/api/environment/
4/9/2017 7:35:13 15: Path header:undefined
4/9/2017 7:35:13 15: Path query:{"USER_NAME":"abe"}
4/9/2017 7:35:13 15: BEGIN PKREQUESTMANAGER.CALLQUERY(15,'CLI0000003','abe','{}', '{abe}','{}', :cursor); END;
4/9/2017 7:35:13 15: 1 Object(s) returned... [FETCH]
4/9/2017 7:35:13 15: [object Object]
4/9/2017 7:35:16 15: 2 Object(s) returned... [FETCH]
4/9/2017 7:35:16 15: [object Object],[object Object]
4/9/2017 7:51:49 16: LIBQUERY with Callback: 
4/9/2017 7:51:49 16: Path request:/api/user/
4/9/2017 7:51:49 16: Path header:undefined
4/9/2017 7:51:49 16: Path query:{"USER_NAME":"abe"}
4/9/2017 7:51:49 16: BEGIN PKREQUESTMANAGER.CALLQUERY(16,'CLI0000002','abe','{}', '{abe}','{}', :cursor); END;
4/9/2017 7:51:49 17: LIBQUERY with Callback: 
4/9/2017 7:51:49 17: Path request:/api/environment/
4/9/2017 7:51:49 17: Path header:undefined
4/9/2017 7:51:49 17: Path query:{"USER_NAME":"abe"}
4/9/2017 7:51:49 17: BEGIN PKREQUESTMANAGER.CALLQUERY(17,'CLI0000003','abe','{}', '{abe}','{}', :cursor); END;
4/9/2017 7:51:49 17: 1 Object(s) returned... [FETCH]
4/9/2017 7:51:49 17: [object Object]
4/9/2017 7:51:49 17: 2 Object(s) returned... [FETCH]
4/9/2017 7:51:49 17: [object Object],[object Object]
4/9/2017 7:52:34 18: LIBQUERY with Callback: 
4/9/2017 7:52:34 18: Path request:/api/user/
4/9/2017 7:52:34 18: Path header:undefined
4/9/2017 7:52:34 18: Path query:{"USER_NAME":"abe"}
4/9/2017 7:52:34 18: BEGIN PKREQUESTMANAGER.CALLQUERY(18,'CLI0000002','abe','{}', '{abe}','{}', :cursor); END;
4/9/2017 7:52:34 19: LIBQUERY with Callback: 
4/9/2017 7:52:34 19: Path request:/api/environment/
4/9/2017 7:52:34 19: Path header:undefined
4/9/2017 7:52:34 19: Path query:{"USER_NAME":"abe"}
4/9/2017 7:52:34 19: BEGIN PKREQUESTMANAGER.CALLQUERY(19,'CLI0000003','abe','{}', '{abe}','{}', :cursor); END;
4/9/2017 7:52:34 19: 1 Object(s) returned... [FETCH]
4/9/2017 7:52:34 19: [object Object]
4/9/2017 7:52:34 19: 2 Object(s) returned... [FETCH]
4/9/2017 7:52:34 19: [object Object],[object Object]
4/9/2017 7:52:52 20: LIBQUERY with Callback: 
4/9/2017 7:52:52 20: Path request:/api/user/
4/9/2017 7:52:52 20: Path header:undefined
4/9/2017 7:52:52 20: Path query:{"USER_NAME":"abe"}
4/9/2017 7:52:52 20: BEGIN PKREQUESTMANAGER.CALLQUERY(20,'CLI0000002','abe','{}', '{abe}','{}', :cursor); END;
4/9/2017 7:52:52 21: LIBQUERY with Callback: 
4/9/2017 7:52:52 21: Path request:/api/environment/
4/9/2017 7:52:52 21: Path header:undefined
4/9/2017 7:52:52 21: Path query:{"USER_NAME":"abe"}
4/9/2017 7:52:52 21: BEGIN PKREQUESTMANAGER.CALLQUERY(21,'CLI0000003','abe','{}', '{abe}','{}', :cursor); END;
4/9/2017 7:52:52 21: 1 Object(s) returned... [FETCH]
4/9/2017 7:52:52 21: [object Object]
4/9/2017 7:52:52 21: 2 Object(s) returned... [FETCH]
4/9/2017 7:52:52 21: [object Object],[object Object]
4/9/2017 8:44:27 22: LIBQUERY with Callback: 
4/9/2017 8:44:27 22: Path request:/api/user/
4/9/2017 8:44:27 22: Path header:undefined
4/9/2017 8:44:27 22: Path query:{"USER_NAME":"abe"}
4/9/2017 8:44:27 22: BEGIN PKREQUESTMANAGER.CALLQUERY(22,'CLI0000002','abe','{}', '{abe}','{}', :cursor); END;
4/9/2017 8:44:27 23: LIBQUERY with Callback: 
4/9/2017 8:44:27 23: Path request:/api/environment/
4/9/2017 8:44:27 23: Path header:undefined
4/9/2017 8:44:27 23: Path query:{"USER_NAME":"abe"}
4/9/2017 8:44:27 23: BEGIN PKREQUESTMANAGER.CALLQUERY(23,'CLI0000003','abe','{}', '{abe}','{}', :cursor); END;
4/9/2017 8:44:27 23: 2 Object(s) returned... [FETCH]
4/9/2017 8:44:27 23: [object Object],[object Object]
4/9/2017 8:44:30 23: 1 Object(s) returned... [FETCH]
4/9/2017 8:44:30 23: [object Object]
4/9/2017 8:44:53 24: LIBQUERY with Callback: 
4/9/2017 8:44:53 24: Path request:/api/user/
4/9/2017 8:44:53 24: Path header:undefined
4/9/2017 8:44:53 24: Path query:{"USER_NAME":"abe"}
4/9/2017 8:44:53 24: BEGIN PKREQUESTMANAGER.CALLQUERY(24,'CLI0000002','abe','{}', '{abe}','{}', :cursor); END;
4/9/2017 8:44:53 25: LIBQUERY with Callback: 
4/9/2017 8:44:53 25: Path request:/api/environment/
4/9/2017 8:44:53 25: Path header:undefined
4/9/2017 8:44:53 25: Path query:{"USER_NAME":"abe"}
4/9/2017 8:44:53 25: BEGIN PKREQUESTMANAGER.CALLQUERY(25,'CLI0000003','abe','{}', '{abe}','{}', :cursor); END;
4/9/2017 8:44:53 25: 1 Object(s) returned... [FETCH]
4/9/2017 8:44:53 25: [object Object]
4/9/2017 8:44:53 25: 2 Object(s) returned... [FETCH]
4/9/2017 8:44:53 25: [object Object],[object Object]
4/9/2017 8:45:6 26: LIBQUERY with Callback: 
4/9/2017 8:45:6 26: Path request:/api/user/
4/9/2017 8:45:6 26: Path header:undefined
4/9/2017 8:45:6 26: Path query:{"USER_NAME":"abe"}
4/9/2017 8:45:6 26: BEGIN PKREQUESTMANAGER.CALLQUERY(26,'CLI0000002','abe','{}', '{abe}','{}', :cursor); END;
4/9/2017 8:45:6 26: 1 Object(s) returned... [FETCH]
4/9/2017 8:45:6 26: [object Object]
4/9/2017 8:45:6 27: LIBQUERY with Callback: 
4/9/2017 8:45:6 27: Path request:/api/environment/
4/9/2017 8:45:6 27: Path header:undefined
4/9/2017 8:45:6 27: Path query:{"USER_NAME":"abe"}
4/9/2017 8:45:6 27: BEGIN PKREQUESTMANAGER.CALLQUERY(27,'CLI0000003','abe','{}', '{abe}','{}', :cursor); END;
4/9/2017 8:45:6 27: 2 Object(s) returned... [FETCH]
4/9/2017 8:45:6 27: [object Object],[object Object]
4/9/2017 8:45:27 28: LIBQUERY with Callback: 
4/9/2017 8:45:27 28: Path request:/api/user/
4/9/2017 8:45:27 28: Path header:undefined
4/9/2017 8:45:27 28: Path query:{"USER_NAME":"abe"}
4/9/2017 8:45:27 28: BEGIN PKREQUESTMANAGER.CALLQUERY(28,'CLI0000002','abe','{}', '{abe}','{}', :cursor); END;
4/9/2017 8:45:27 29: LIBQUERY with Callback: 
4/9/2017 8:45:27 29: Path request:/api/environment/
4/9/2017 8:45:27 29: Path header:undefined
4/9/2017 8:45:27 29: Path query:{"USER_NAME":"abe"}
4/9/2017 8:45:27 29: BEGIN PKREQUESTMANAGER.CALLQUERY(29,'CLI0000003','abe','{}', '{abe}','{}', :cursor); END;
4/9/2017 8:45:27 29: 1 Object(s) returned... [FETCH]
4/9/2017 8:45:27 29: [object Object]
4/9/2017 8:45:27 29: 2 Object(s) returned... [FETCH]
4/9/2017 8:45:27 29: [object Object],[object Object]
4/9/2017 9:0:3 30: LIBQUERY with Callback: 
4/9/2017 9:0:3 30: Path request:/api/user/
4/9/2017 9:0:3 30: Path header:undefined
4/9/2017 9:0:3 30: Path query:{"USER_NAME":"abe"}
4/9/2017 9:0:3 30: BEGIN PKREQUESTMANAGER.CALLQUERY(30,'CLI0000002','abe','{}', '{abe}','{}', :cursor); END;
4/9/2017 9:0:3 31: LIBQUERY with Callback: 
4/9/2017 9:0:3 31: Path request:/api/environment/
4/9/2017 9:0:3 31: Path header:undefined
4/9/2017 9:0:3 31: Path query:{"USER_NAME":"abe"}
4/9/2017 9:0:3 31: BEGIN PKREQUESTMANAGER.CALLQUERY(31,'CLI0000003','abe','{}', '{abe}','{}', :cursor); END;
4/9/2017 9:0:3 31: 1 Object(s) returned... [FETCH]
4/9/2017 9:0:3 31: [object Object]
4/9/2017 9:0:3 31: 2 Object(s) returned... [FETCH]
4/9/2017 9:0:3 31: [object Object],[object Object]
4/9/2017 9:0:26 32: LIBQUERY with Callback: 
4/9/2017 9:0:26 32: Path request:/api/user/
4/9/2017 9:0:26 32: Path header:undefined
4/9/2017 9:0:26 32: Path query:{"USER_NAME":"abe"}
4/9/2017 9:0:26 32: BEGIN PKREQUESTMANAGER.CALLQUERY(32,'CLI0000002','abe','{}', '{abe}','{}', :cursor); END;
4/9/2017 9:0:26 32: 1 Object(s) returned... [FETCH]
4/9/2017 9:0:26 32: [object Object]
4/9/2017 9:0:26 33: LIBQUERY with Callback: 
4/9/2017 9:0:26 33: Path request:/api/environment/
4/9/2017 9:0:26 33: Path header:undefined
4/9/2017 9:0:26 33: Path query:{"USER_NAME":"abe"}
4/9/2017 9:0:26 33: BEGIN PKREQUESTMANAGER.CALLQUERY(33,'CLI0000003','abe','{}', '{abe}','{}', :cursor); END;
4/9/2017 9:0:26 33: 2 Object(s) returned... [FETCH]
4/9/2017 9:0:26 33: [object Object],[object Object]
4/9/2017 9:2:52 34: LIBQUERY with Callback: 
4/9/2017 9:2:52 34: Path request:/api/user/
4/9/2017 9:2:52 34: Path header:undefined
4/9/2017 9:2:52 34: Path query:{"USER_NAME":"abe"}
4/9/2017 9:2:52 34: BEGIN PKREQUESTMANAGER.CALLQUERY(34,'CLI0000002','abe','{}', '{abe}','{}', :cursor); END;
4/9/2017 9:2:52 34: 1 Object(s) returned... [FETCH]
4/9/2017 9:2:52 34: [object Object]
4/9/2017 9:2:52 35: LIBQUERY with Callback: 
4/9/2017 9:2:52 35: Path request:/api/environment/
4/9/2017 9:2:52 35: Path header:undefined
4/9/2017 9:2:52 35: Path query:{"USER_NAME":"abe"}
4/9/2017 9:2:52 35: BEGIN PKREQUESTMANAGER.CALLQUERY(35,'CLI0000003','abe','{}', '{abe}','{}', :cursor); END;
4/9/2017 9:2:52 35: 2 Object(s) returned... [FETCH]
4/9/2017 9:2:52 35: [object Object],[object Object]
4/9/2017 9:7:38 36: LIBQUERY with Callback: 
4/9/2017 9:7:38 36: Path request:/api/user/
4/9/2017 9:7:38 36: Path header:undefined
4/9/2017 9:7:38 36: Path query:{"USER_NAME":"abe"}
4/9/2017 9:7:38 36: BEGIN PKREQUESTMANAGER.CALLQUERY(36,'CLI0000002','abe','{}', '{abe}','{}', :cursor); END;
4/9/2017 9:7:38 36: 1 Object(s) returned... [FETCH]
4/9/2017 9:7:38 36: [object Object]
4/9/2017 9:7:38 37: LIBQUERY with Callback: 
4/9/2017 9:7:38 37: Path request:/api/environment/
4/9/2017 9:7:38 37: Path header:undefined
4/9/2017 9:7:38 37: Path query:{"USER_NAME":"abe"}
4/9/2017 9:7:38 37: BEGIN PKREQUESTMANAGER.CALLQUERY(37,'CLI0000003','abe','{}', '{abe}','{}', :cursor); END;
4/9/2017 9:7:38 37: 2 Object(s) returned... [FETCH]
4/9/2017 9:7:38 37: [object Object],[object Object]
4/9/2017 9:10:7 38: LIBQUERY with Callback: 
4/9/2017 9:10:7 38: Path request:/api/user/
4/9/2017 9:10:7 38: Path header:undefined
4/9/2017 9:10:7 38: Path query:{"USER_NAME":"abe"}
4/9/2017 9:10:7 38: BEGIN PKREQUESTMANAGER.CALLQUERY(38,'CLI0000002','abe','{}', '{abe}','{}', :cursor); END;
4/9/2017 9:10:7 39: LIBQUERY with Callback: 
4/9/2017 9:10:7 39: Path request:/api/environment/
4/9/2017 9:10:7 39: Path header:undefined
4/9/2017 9:10:7 39: Path query:{"USER_NAME":"abe"}
4/9/2017 9:10:7 39: BEGIN PKREQUESTMANAGER.CALLQUERY(39,'CLI0000003','abe','{}', '{abe}','{}', :cursor); END;
4/9/2017 9:10:7 39: 1 Object(s) returned... [FETCH]
4/9/2017 9:10:7 39: [object Object]
4/9/2017 9:10:7 39: 2 Object(s) returned... [FETCH]
4/9/2017 9:10:7 39: [object Object],[object Object]
4/9/2017 10:7:15 40: LIBQUERY with Callback: 
4/9/2017 10:7:15 40: Path request:/api/user/
4/9/2017 10:7:15 40: Path header:undefined
4/9/2017 10:7:15 40: Path query:{"USER_NAME":"abe"}
4/9/2017 10:7:15 40: BEGIN PKREQUESTMANAGER.CALLQUERY(40,'CLI0000002','abe','{}', '{abe}','{}', :cursor); END;
4/9/2017 10:7:15 41: LIBQUERY with Callback: 
4/9/2017 10:7:15 41: Path request:/api/environment/
4/9/2017 10:7:15 41: Path header:undefined
4/9/2017 10:7:15 41: Path query:{"USER_NAME":"abe"}
4/9/2017 10:7:15 41: BEGIN PKREQUESTMANAGER.CALLQUERY(41,'CLI0000003','abe','{}', '{abe}','{}', :cursor); END;
4/9/2017 10:7:15 41: 1 Object(s) returned... [FETCH]
4/9/2017 10:7:15 41: [object Object]
4/9/2017 10:7:15 41: 2 Object(s) returned... [FETCH]
4/9/2017 10:7:15 41: [object Object],[object Object]
4/9/2017 10:9:42 42: LIBQUERY with Callback: 
4/9/2017 10:9:42 42: Path request:/api/user/
4/9/2017 10:9:42 42: Path header:undefined
4/9/2017 10:9:42 42: Path query:{"USER_NAME":"abe"}
4/9/2017 10:9:42 42: BEGIN PKREQUESTMANAGER.CALLQUERY(42,'CLI0000002','abe','{}', '{abe}','{}', :cursor); END;
4/9/2017 10:9:42 43: LIBQUERY with Callback: 
4/9/2017 10:9:42 43: Path request:/api/environment/
4/9/2017 10:9:42 43: Path header:undefined
4/9/2017 10:9:42 43: Path query:{"USER_NAME":"abe"}
4/9/2017 10:9:42 43: BEGIN PKREQUESTMANAGER.CALLQUERY(43,'CLI0000003','abe','{}', '{abe}','{}', :cursor); END;
4/9/2017 10:9:42 43: 1 Object(s) returned... [FETCH]
4/9/2017 10:9:42 43: [object Object]
4/9/2017 10:9:42 43: 2 Object(s) returned... [FETCH]
4/9/2017 10:9:42 43: [object Object],[object Object]
4/9/2017 10:9:54 44: LIBQUERY with Callback: 
4/9/2017 10:9:54 44: Path request:/api/user/
4/9/2017 10:9:54 44: Path header:undefined
4/9/2017 10:9:54 44: Path query:{"USER_NAME":"abe"}
4/9/2017 10:9:54 44: BEGIN PKREQUESTMANAGER.CALLQUERY(44,'CLI0000002','abe','{}', '{abe}','{}', :cursor); END;
4/9/2017 10:9:54 45: LIBQUERY with Callback: 
4/9/2017 10:9:54 45: Path request:/api/environment/
4/9/2017 10:9:54 45: Path header:undefined
4/9/2017 10:9:54 45: Path query:{"USER_NAME":"abe"}
4/9/2017 10:9:54 45: BEGIN PKREQUESTMANAGER.CALLQUERY(45,'CLI0000003','abe','{}', '{abe}','{}', :cursor); END;
4/9/2017 10:9:54 44: 1 Object(s) returned... [FETCH]
4/9/2017 10:9:54 44: [object Object]
4/9/2017 10:9:54 45: 2 Object(s) returned... [FETCH]
4/9/2017 10:9:54 45: [object Object],[object Object]
4/9/2017 10:11:27 46: LIBQUERY with Callback: 
4/9/2017 10:11:27 46: Path request:/api/user/
4/9/2017 10:11:27 46: Path header:undefined
4/9/2017 10:11:27 46: Path query:{"USER_NAME":"abe"}
4/9/2017 10:11:27 46: BEGIN PKREQUESTMANAGER.CALLQUERY(46,'CLI0000002','abe','{}', '{abe}','{}', :cursor); END;
4/9/2017 10:11:27 47: LIBQUERY with Callback: 
4/9/2017 10:11:27 47: Path request:/api/environment/
4/9/2017 10:11:27 47: Path header:undefined
4/9/2017 10:11:27 47: Path query:{"USER_NAME":"abe"}
4/9/2017 10:11:27 47: BEGIN PKREQUESTMANAGER.CALLQUERY(47,'CLI0000003','abe','{}', '{abe}','{}', :cursor); END;
4/9/2017 10:11:27 47: 1 Object(s) returned... [FETCH]
4/9/2017 10:11:27 47: [object Object]
4/9/2017 10:11:28 47: 2 Object(s) returned... [FETCH]
4/9/2017 10:11:28 47: [object Object],[object Object]
4/9/2017 10:12:4 48: LIBQUERY with Callback: 
4/9/2017 10:12:4 48: Path request:/api/user/
4/9/2017 10:12:4 48: Path header:undefined
4/9/2017 10:12:4 48: Path query:{"USER_NAME":"abe"}
4/9/2017 10:12:4 48: BEGIN PKREQUESTMANAGER.CALLQUERY(48,'CLI0000002','abe','{}', '{abe}','{}', :cursor); END;
4/9/2017 10:12:5 49: LIBQUERY with Callback: 
4/9/2017 10:12:5 49: Path request:/api/environment/
4/9/2017 10:12:5 49: Path header:undefined
4/9/2017 10:12:5 49: Path query:{"USER_NAME":"abe"}
4/9/2017 10:12:5 49: BEGIN PKREQUESTMANAGER.CALLQUERY(49,'CLI0000003','abe','{}', '{abe}','{}', :cursor); END;
4/9/2017 10:12:5 49: 1 Object(s) returned... [FETCH]
4/9/2017 10:12:5 49: [object Object]
4/9/2017 10:12:5 49: 2 Object(s) returned... [FETCH]
4/9/2017 10:12:5 49: [object Object],[object Object]
4/9/2017 10:12:40 50: LIBQUERY with Callback: 
4/9/2017 10:12:40 50: Path request:/api/user/
4/9/2017 10:12:40 50: Path header:undefined
4/9/2017 10:12:40 50: Path query:{"USER_NAME":"abe"}
4/9/2017 10:12:40 50: BEGIN PKREQUESTMANAGER.CALLQUERY(50,'CLI0000002','abe','{}', '{abe}','{}', :cursor); END;
4/9/2017 10:12:40 51: LIBQUERY with Callback: 
4/9/2017 10:12:40 51: Path request:/api/environment/
4/9/2017 10:12:40 51: Path header:undefined
4/9/2017 10:12:40 51: Path query:{"USER_NAME":"abe"}
4/9/2017 10:12:40 51: BEGIN PKREQUESTMANAGER.CALLQUERY(51,'CLI0000003','abe','{}', '{abe}','{}', :cursor); END;
4/9/2017 10:12:40 50: 1 Object(s) returned... [FETCH]
4/9/2017 10:12:40 50: [object Object]
4/9/2017 10:12:40 51: 2 Object(s) returned... [FETCH]
4/9/2017 10:12:40 51: [object Object],[object Object]
4/9/2017 10:14:26 52: LIBQUERY with Callback: 
4/9/2017 10:14:26 52: Path request:/api/user/
4/9/2017 10:14:26 52: Path header:undefined
4/9/2017 10:14:26 52: Path query:{"USER_NAME":"abe"}
4/9/2017 10:14:26 52: BEGIN PKREQUESTMANAGER.CALLQUERY(52,'CLI0000002','abe','{}', '{abe}','{}', :cursor); END;
4/9/2017 10:14:26 52: 1 Object(s) returned... [FETCH]
4/9/2017 10:14:26 52: [object Object]
4/9/2017 10:14:26 53: LIBQUERY with Callback: 
4/9/2017 10:14:26 53: Path request:/api/environment/
4/9/2017 10:14:26 53: Path header:undefined
4/9/2017 10:14:26 53: Path query:{"USER_NAME":"abe"}
4/9/2017 10:14:26 53: BEGIN PKREQUESTMANAGER.CALLQUERY(53,'CLI0000003','abe','{}', '{abe}','{}', :cursor); END;
4/9/2017 10:14:26 53: 2 Object(s) returned... [FETCH]
4/9/2017 10:14:26 53: [object Object],[object Object]
