2/9/2017 15:53:44 1: Path request:/user_profiles
2/9/2017 15:53:44 1: Executing query.... 
2/9/2017 15:53:44 1: PKREQUESTMANAGER.CALLQUERY('ADM0000002','abe','')
2/9/2017 15:53:44 1: 

"''"
2/9/2017 15:54:17 1: Path request:/user_profiles
2/9/2017 15:54:17 1: Executing query.... 
2/9/2017 15:54:17 1: PKREQUESTMANAGER.CALLQUERY('ADM0000002','abe',"''")
2/9/2017 15:54:17 1: 

"\"''\""
2/9/2017 15:54:36 1: Path request:/user_profiles
2/9/2017 15:54:36 1: Executing query.... 
2/9/2017 15:54:36 1: PKREQUESTMANAGER.CALLQUERY('ADM0000002','abe','')
2/9/2017 15:54:36 1: 

"''"
2/9/2017 15:58:44 1: Path request:/user_profiles
2/9/2017 15:58:44 1: Executing query.... 
2/9/2017 15:58:44 1: PKREQUESTMANAGER.CALLQUERY(1,'ADM0000002','abe','')
2/9/2017 15:58:44 1: 

"''"
2/9/2017 16:1:53 1: Path request:/user_profiles
2/9/2017 16:1:53 1: Executing query.... 
2/9/2017 16:1:53 1: PKREQUESTMANAGER.CALLQUERY(1,'abe',
2/9/2017 16:1:53 1: 

"''"
2/9/2017 16:2:8 1: Path request:/user_profiles
2/9/2017 16:2:8 1: Executing query.... 
2/9/2017 16:2:8 1: PKREQUESTMANAGER.CALLQUERY(1,'abe','ADM0000002','')
2/9/2017 16:2:8 1: 

"''"
2/9/2017 16:4:28 1: Path request:/user_profiles
2/9/2017 16:4:28 1: Executing query.... 
2/9/2017 16:4:28 1: PKREQUESTMANAGER.CALLQUERY(1,'abe','ADM0000002','')
2/9/2017 16:4:28 1: 

"''"
2/9/2017 16:5:39 1: Path request:/user_profiles
2/9/2017 16:5:39 1: Executing query.... 
2/9/2017 16:5:39 1: PKREQUESTMANAGER.CALLQUERY(1,'abe','ADM0000002','')
2/9/2017 16:5:39 1: 

"''"
2/9/2017 16:9:21 1: Path request:/user_profiles
2/9/2017 16:9:21 1: Executing query.... 
2/9/2017 16:9:21 1: PKREQUESTMANAGER.CALLQUERY(1,'abe','ADM0000002','')
2/9/2017 16:9:21 1: 

"''"
2/9/2017 16:25:17 1: Path request:/user_profiles
2/9/2017 16:25:17 1: Executing query.... 
2/9/2017 16:25:17 1: PKREQUESTMANAGER.CALLQUERY(1,'abe','ADM0000002','')
2/9/2017 16:25:17 1: 

"''"
2/9/2017 16:25:57 1: Path request:/user_profiles
2/9/2017 16:25:57 1: Executing query.... 
2/9/2017 16:25:57 1: PKREQUESTMANAGER.CALLQUERY(1,'abe','ADM0000002','')
2/9/2017 16:25:57 1: 

"''"
2/9/2017 16:26:47 1: Path request:/user_profiles
2/9/2017 16:26:47 1: Executing query.... 
2/9/2017 16:26:47 1: PKREQUESTMANAGER.CALLQUERY(1,'abe','ADM0000002','')
2/9/2017 16:26:47 1: 

"''"
2/9/2017 17:37:6 1: Path request:/user_profiles
2/9/2017 17:37:6 1: Executing query.... 
2/9/2017 17:37:6 1: PKREQUESTMANAGER.CALLQUERY(1,'abe','ADM0000002','')
2/9/2017 17:37:6 1: 

"''"
2/9/2017 17:38:16 1: Path request:/user_profiles
2/9/2017 17:38:16 1: Executing query.... 
2/9/2017 17:38:16 1: PKREQUESTMANAGER.CALLQUERY(1,'abe','ADM0000002','')
2/9/2017 17:38:16 1: 

"''"
2/9/2017 17:38:16 1: undefined Object(s) returned...
2/9/2017 17:39:9 1: Path request:/user_profiles
2/9/2017 17:39:9 1: Executing query.... 
2/9/2017 17:39:9 1: PKREQUESTMANAGER.CALLQUERY(1,'abe','ADM0000002','')
2/9/2017 17:39:9 1: 

"''"
2/9/2017 17:39:9 1: undefined Object(s) returned...
2/9/2017 17:39:15 2: Path request:/user_profiles
2/9/2017 17:39:15 2: Executing query.... 
2/9/2017 17:39:15 2: PKREQUESTMANAGER.CALLQUERY(1,'abe','ADM0000002','')
2/9/2017 17:39:15 2: 

"''"
2/9/2017 17:39:15 2: undefined Object(s) returned...
2/9/2017 17:39:44 1: Path request:/user_profiles
2/9/2017 17:39:44 1: Executing query.... 
2/9/2017 17:39:44 1: PKREQUESTMANAGER.CALLQUERY(1,'abe','ADM0000002','')
2/9/2017 17:39:44 1: 

"''"
2/9/2017 17:39:44 1: undefined Object(s) returned...
2/9/2017 17:40:2 1: Path request:/user_profiles
2/9/2017 17:40:2 1: Executing query.... 
2/9/2017 17:40:2 1: PKREQUESTMANAGER.CALLQUERY(1,'abe','ADM0000002','')
2/9/2017 17:40:2 1: 

"''"
2/9/2017 17:40:2 1: undefined Object(s) returned...
2/9/2017 18:3:54 1: Path request:/user_profiles
2/9/2017 18:3:54 1: Executing query.... 
2/9/2017 18:3:54 1: PKREQUESTMANAGER.CALLQUERY(1,'abe','ADM0000002','')
2/9/2017 18:3:54 1: 

"''"
2/9/2017 18:3:54 1: undefined Object(s) returned...
2/9/2017 18:6:36 1: Path request:/user_profiles
2/9/2017 18:6:36 1: Executing query.... 
2/9/2017 18:6:55 1: Path request:/user_profiles
2/9/2017 18:6:55 1: Executing query.... 
2/9/2017 18:6:55 1: BEGIN PKREQUESTMANAGER.CALLQUERY(1,''abe'',''ADM0000002'', '', :cursor); END;
2/9/2017 18:6:55 1: 

"''"
2/9/2017 18:6:55 1: undefined Object(s) returned...
2/9/2017 18:8:42 1: Path request:/user_profiles
2/9/2017 18:8:42 1: Executing query.... 
2/9/2017 18:8:42 1: BEGIN PKREQUESTMANAGER.CALLQUERY(1,''abe'',''ADM0000002'', '', :cursor); END;
2/9/2017 18:8:42 1: 

"''"
2/9/2017 18:8:42 1: undefined Object(s) returned...
2/9/2017 18:13:28 1: Path request:/user_profiles
2/9/2017 18:13:28 1: Executing query.... 
2/9/2017 18:13:28 1: BEGIN PKREQUESTMANAGER.CALLQUERY(1,''abe'',''ADM0000002'', '', :cursor); END;
2/9/2017 18:13:28 1: 

"''"
2/9/2017 18:13:28 1: undefined Object(s) returned...
2/9/2017 18:14:17 1: Path request:/user_profiles
2/9/2017 18:14:17 1: Executing query.... 
2/9/2017 18:14:17 1: BEGIN PKREQUESTMANAGER.CALLQUERY(1,''abe'',''ADM0000002'', '', :cursor); END;
2/9/2017 18:14:17 1: 

"''"
2/9/2017 18:14:17 1: undefined Object(s) returned...
2/9/2017 18:14:22 2: Path request:/user_profiles
2/9/2017 18:14:22 2: Executing query.... 
2/9/2017 18:14:22 2: BEGIN PKREQUESTMANAGER.CALLQUERY(1,''abe'',''ADM0000002'', '', :cursor); END;
2/9/2017 18:14:22 2: 

"''"
2/9/2017 18:14:22 2: undefined Object(s) returned...
2/9/2017 18:16:49 3: Path request:/user_profiles
2/9/2017 18:16:49 3: Executing query.... 
2/9/2017 18:16:49 3: BEGIN PKREQUESTMANAGER.CALLQUERY(1,''abe'',''ADM0000002'', '', :cursor); END;
2/9/2017 18:16:49 3: 

"''"
2/9/2017 18:16:49 3: undefined Object(s) returned...
2/9/2017 18:17:49 1: Path request:/user_profiles
2/9/2017 18:17:49 1: Executing query.... 
2/9/2017 18:17:49 1: BEGIN PKREQUESTMANAGER.CALLQUERY(1,''abe'',''ADM0000002'', '', :cursor); END;
2/9/2017 18:17:49 1: 

"''"
2/9/2017 18:20:4 1: Path request:/user_profiles
2/9/2017 18:20:4 1: Executing query.... 
2/9/2017 18:20:4 1: BEGIN PKREQUESTMANAGER.CALLQUERY(1,''abe'',''ADM0000002'', '', :cursor); END;
2/9/2017 18:20:4 1: 

"''"
2/9/2017 18:20:4 1: undefined Object(s) returned...
2/9/2017 18:33:44 1: Path request:/user_profiles
2/9/2017 18:33:44 1: Executing query.... 
2/9/2017 18:33:44 1: BEGIN PKREQUESTMANAGER.CALLQUERY(1,''abe'',''ADM0000002'', '', :cursor); END;
2/9/2017 18:33:44 1: 

"''"
2/9/2017 18:34:30 1: Path request:/user_profiles
2/9/2017 18:34:30 1: Executing query.... 
2/9/2017 18:34:30 1: BEGIN PKREQUESTMANAGER.CALLQUERY(1,''abe'',''ADM0000002'', '', :cursor); END;
2/9/2017 18:34:30 1: 

"''"
2/9/2017 18:34:30 1: undefined Object(s) returned...
2/9/2017 18:35:7 1: Path request:/user_profiles
2/9/2017 18:35:7 1: Executing query.... 
2/9/2017 18:35:7 1: BEGIN PKREQUESTMANAGER.CALLQUERY(1,''abe'',''ADM0000002'', '', :cursor); END;
2/9/2017 18:35:7 1: 

"''"
2/9/2017 18:35:7 1: undefined Object(s) returned...
2/9/2017 18:35:31 1: Path request:/user_profiles
2/9/2017 18:35:31 1: Executing query.... 
2/9/2017 18:35:31 1: BEGIN PKREQUESTMANAGER.CALLQUERY(1,''abe'',''ADM0000002'', '', :cursor); END;
2/9/2017 18:35:31 1: 

"''"
2/9/2017 18:35:31 1: undefined Object(s) returned...
2/9/2017 18:35:41 2: Path request:/user_profiles
2/9/2017 18:35:41 2: Executing query.... 
2/9/2017 18:35:41 2: BEGIN PKREQUESTMANAGER.CALLQUERY(1,''abe'',''ADM0000002'', '', :cursor); END;
2/9/2017 18:35:41 2: 

"''"
2/9/2017 18:35:41 2: undefined Object(s) returned...
2/9/2017 18:36:12 1: Path request:/user_profiles
2/9/2017 18:36:12 1: Executing query.... 
2/9/2017 18:36:12 1: BEGIN PKREQUESTMANAGER.CALLQUERY(1,''abe'',''ADM0000002'', '', :cursor); END;
2/9/2017 18:36:12 1: 

"''"
2/9/2017 18:36:12 1: undefined Object(s) returned...
2/9/2017 18:37:1 1: Path request:/user_profiles
2/9/2017 18:37:1 1: Executing query.... 
2/9/2017 18:37:1 1: BEGIN PKREQUESTMANAGER.CALLQUERY(1,''abe'',''ADM0000002'', '', :cursor); END;
2/9/2017 18:37:1 1: 

"''"
2/9/2017 18:37:1 1: undefined Object(s) returned...
2/9/2017 18:38:29 1: Path request:/user_profiles
2/9/2017 18:38:29 1: Executing query.... 
2/9/2017 18:38:29 1: BEGIN PKREQUESTMANAGER.CALLQUERY(1,''abe'',''ADM0000002'', '', :cursor); END;
2/9/2017 18:38:29 1: 

"''"
2/9/2017 18:38:29 1: undefined Object(s) returned...
2/9/2017 18:38:55 1: Path request:/user_profiles
2/9/2017 18:38:55 1: Executing query.... 
2/9/2017 18:38:55 1: BEGIN PKREQUESTMANAGER.CALLQUERY(1,''abe'',''ADM0000002'', '', :cursor); END;
2/9/2017 18:38:55 1: 

"''"
2/9/2017 18:38:55 1: undefined Object(s) returned...
2/9/2017 18:39:16 1: Path request:/user_profiles
2/9/2017 18:39:16 1: Executing query.... 
2/9/2017 18:39:16 1: BEGIN PKREQUESTMANAGER.CALLQUERY(1,''abe'',''ADM0000002'', '', :cursor); END;
2/9/2017 18:39:16 1: 

"''"
2/9/2017 18:39:16 1: undefined Object(s) returned...
2/9/2017 18:40:3 1: Path request:/user_profiles
2/9/2017 18:40:3 1: Executing query.... 
2/9/2017 18:40:3 1: BEGIN PKREQUESTMANAGER.CALLQUERY(1,''abe'',''ADM0000002'', '', :cursor); END;
2/9/2017 18:40:3 1: 

"''"
2/9/2017 18:40:3 1: undefined Object(s) returned...
2/9/2017 18:40:23 1: Path request:/user_profiles
2/9/2017 18:40:23 1: Executing query.... 
2/9/2017 18:40:23 1: BEGIN PKREQUESTMANAGER.CALLQUERY(1,''abe'',''ADM0000002'', '', :cursor); END;
2/9/2017 18:40:23 1: 

"''"
2/9/2017 18:40:23 1: undefined Object(s) returned...
2/9/2017 18:41:2 1: Path request:/user_profiles
2/9/2017 18:41:2 1: Executing query.... 
2/9/2017 18:41:2 1: BEGIN PKREQUESTMANAGER.CALLQUERY(1,''abe'',''ADM0000002'', '', :cursor); END;
2/9/2017 18:41:2 1: 

"''"
2/9/2017 18:41:2 1: undefined Object(s) returned...
2/9/2017 18:41:14 2: Path request:/user_profiles
2/9/2017 18:41:14 2: Executing query.... 
2/9/2017 18:41:14 2: BEGIN PKREQUESTMANAGER.CALLQUERY(1,''abe'',''ADM0000002'', '', :cursor); END;
2/9/2017 18:41:14 2: 

"''"
2/9/2017 18:41:14 2: undefined Object(s) returned...
2/9/2017 18:41:15 3: Path request:/user_profiles
2/9/2017 18:41:15 3: Executing query.... 
2/9/2017 18:41:15 3: BEGIN PKREQUESTMANAGER.CALLQUERY(1,''abe'',''ADM0000002'', '', :cursor); END;
2/9/2017 18:41:15 3: 

"''"
2/9/2017 18:41:15 3: undefined Object(s) returned...
2/9/2017 18:46:59 1: Path request:/user_profiles
2/9/2017 18:46:59 1: Executing query.... 
2/9/2017 18:46:59 1: BEGIN PKREQUESTMANAGER.CALLQUERY(1,''abe'',''ADM0000002'', '', :cursor); END;
2/9/2017 18:46:59 1: 

"''"
2/9/2017 18:46:59 1: undefined Object(s) returned...
2/9/2017 18:47:17 1: Path request:/user_profiles
2/9/2017 18:47:17 1: Executing query.... 
2/9/2017 18:47:17 1: BEGIN PKREQUESTMANAGER.CALLQUERY(1,''abe'',''ADM0000002'', '', :cursor); END;
2/9/2017 18:47:17 1: 

"''"
2/9/2017 18:47:17 1: undefined Object(s) returned...
2/9/2017 18:47:40 1: Path request:/user_profiles
2/9/2017 18:47:40 1: Executing query.... 
2/9/2017 18:47:40 1: BEGIN PKREQUESTMANAGER.CALLQUERY(1,''abe'',''ADM0000002'', '', :cursor); END;
2/9/2017 18:47:40 1: 

"''"
2/9/2017 18:47:40 1: undefined Object(s) returned...
2/9/2017 18:47:40 1: 1 Object(s) returned... [FETCH]
2/9/2017 18:48:4 1: Path request:/user_profiles
2/9/2017 18:48:4 1: Executing query.... 
2/9/2017 18:48:4 1: BEGIN PKREQUESTMANAGER.CALLQUERY(1,''abe'',''ADM0000002'', '', :cursor); END;
2/9/2017 18:48:4 1: 

"''"
2/9/2017 18:48:4 1: undefined Object(s) returned...
2/9/2017 18:48:4 1: 1 Object(s) returned... [FETCH]
2/9/2017 18:48:21 1: Path request:/user_profiles
2/9/2017 18:48:21 1: Executing query.... 
2/9/2017 18:48:21 1: BEGIN PKREQUESTMANAGER.CALLQUERY(1,''abe'',''ADM0000002'', '', :cursor); END;
2/9/2017 18:48:21 1: 

"''"
2/9/2017 18:48:21 1: undefined Object(s) returned...
2/9/2017 18:48:21 1: 1 Object(s) returned... [FETCH]
2/9/2017 18:50:44 1: Path request:/user_profiles
2/9/2017 18:50:44 1: Executing query.... 
2/9/2017 18:50:44 1: BEGIN PKREQUESTMANAGER.CALLQUERY(1,''abe'',''ADM0000002'', '', :cursor); END;
2/9/2017 18:50:44 1: 

"''"
2/9/2017 18:50:44 1: undefined Object(s) returned...
2/9/2017 18:50:44 1: 1 Object(s) returned... [FETCH]
2/9/2017 18:51:23 1: Path request:/user_profiles
2/9/2017 18:51:23 1: Executing query.... 
2/9/2017 18:51:23 1: BEGIN PKREQUESTMANAGER.CALLQUERY(1,''abe'',''ADM0000002'', '', :cursor); END;
2/9/2017 18:51:23 1: 

"''"
2/9/2017 18:51:23 1: undefined Object(s) returned...
2/9/2017 18:51:23 1: 1 Object(s) returned... [FETCH]
2/9/2017 18:52:21 1: Path request:/user_profiles
2/9/2017 18:52:21 1: Executing query.... 
2/9/2017 18:52:21 1: BEGIN PKREQUESTMANAGER.CALLQUERY(1,''abe'',''ADM0000002'', '', :cursor); END;
2/9/2017 18:52:21 1: 

"''"
2/9/2017 18:52:21 1: undefined Object(s) returned...
2/9/2017 18:52:21 1: 1 Object(s) returned... [FETCH]
2/9/2017 18:52:44 1: Path request:/user_profiles
2/9/2017 18:52:44 1: Executing query.... 
2/9/2017 18:52:44 1: BEGIN PKREQUESTMANAGER.CALLQUERY(1,''abe'',''ADM0000002'', '', :cursor); END;
2/9/2017 18:52:44 1: 

"''"
2/9/2017 18:52:44 1: undefined Object(s) returned...
2/9/2017 18:52:44 1: 1 Object(s) returned... [FETCH]
2/9/2017 18:53:43 1: Path request:/user_profiles
2/9/2017 18:53:43 1: Executing query.... 
2/9/2017 18:53:43 1: BEGIN PKREQUESTMANAGER.CALLQUERY(1,''abe'',''ADM0000002'', '', :cursor); END;
2/9/2017 18:53:43 1: 

"''"
2/9/2017 18:53:43 1: undefined Object(s) returned...
2/9/2017 18:53:43 1: 1 Object(s) returned... [FETCH]
2/9/2017 18:56:23 1: Path request:/user_profiles
2/9/2017 18:56:23 1: Executing query.... 
2/9/2017 18:56:23 1: BEGIN PKREQUESTMANAGER.CALLQUERY(1,''abe'',''ADM0000002'', '', :cursor); END;
2/9/2017 18:56:23 1: 

"''"
2/9/2017 18:56:23 1: undefined Object(s) returned...
2/9/2017 18:56:23 1: 1 Object(s) returned... [FETCH]
2/9/2017 19:2:51 1: Path request:/user_profiles
2/9/2017 19:2:51 1: Executing query.... 
2/9/2017 19:2:51 1: BEGIN PKREQUESTMANAGER.CALLQUERY(1,''abe'',''ADM0000002'', '', :cursor); END;
2/9/2017 19:2:51 1: 

"''"
2/9/2017 19:2:51 1: undefined Object(s) returned...
2/9/2017 19:2:51 1: 1 Object(s) returned... [FETCH]
2/9/2017 19:3:21 1: Path request:/user_profiles
2/9/2017 19:3:21 1: Executing query.... 
2/9/2017 19:3:21 1: BEGIN PKREQUESTMANAGER.CALLQUERY(1,''abe'',''ADM0000002'', '', :cursor); END;
2/9/2017 19:3:21 1: 

"''"
2/9/2017 19:3:21 1: undefined Object(s) returned...
2/9/2017 19:3:21 1: 1 Object(s) returned... [FETCH]
2/9/2017 20:53:29 1: Path request:/user_profiles
2/9/2017 20:53:29 1: Executing query.... 
2/9/2017 20:53:29 1: BEGIN PKREQUESTMANAGER.CALLQUERY(1,''abe'',''ADM0000002'', '', :cursor); END;
2/9/2017 20:53:29 1: 

"''"
2/9/2017 20:53:29 1: undefined Object(s) returned...
2/9/2017 20:53:29 1: 1 Object(s) returned... [FETCH]
2/9/2017 20:53:49 1: Path request:/user_profiles
2/9/2017 20:53:49 1: Executing query.... 
2/9/2017 20:53:49 1: BEGIN PKREQUESTMANAGER.CALLQUERY(1,''abe'',''ADM0000002'', '', :cursor); END;
2/9/2017 20:53:49 1: 

"''"
2/9/2017 20:53:49 1: undefined Object(s) returned...
2/9/2017 20:53:49 1: 1 Object(s) returned... [FETCH]
2/9/2017 20:55:52 2: Path request:/user_profiles
2/9/2017 20:55:52 2: Executing query.... 
2/9/2017 20:55:52 2: BEGIN PKREQUESTMANAGER.CALLQUERY(1,''abe'',''ADM0000002'', '', :cursor); END;
2/9/2017 20:55:52 2: 

"''"
2/9/2017 20:55:52 2: undefined Object(s) returned...
2/9/2017 20:55:52 2: 2 Object(s) returned... [FETCH]
2/9/2017 20:56:18 3: Path request:/user_profiles
2/9/2017 20:56:18 3: Executing query.... 
2/9/2017 20:56:18 3: BEGIN PKREQUESTMANAGER.CALLQUERY(1,''abe'',''ADM0000002'', '', :cursor); END;
2/9/2017 20:56:18 3: 

"''"
2/9/2017 20:56:18 3: undefined Object(s) returned...
2/9/2017 20:56:18 3: 2 Object(s) returned... [FETCH]
2/9/2017 20:58:11 1: Path request:/user_profiles
2/9/2017 20:58:11 1: Executing query.... 
2/9/2017 20:58:11 1: BEGIN PKREQUESTMANAGER.CALLQUERY(1,''abe'',''ADM0000002'', '', :cursor); END;
2/9/2017 20:58:11 1: 

"''"
2/9/2017 20:58:11 1: undefined Object(s) returned...
2/9/2017 20:58:11 1: 2 Object(s) returned... [FETCH]
2/9/2017 20:59:21 1: Path request:/user_profiles
2/9/2017 20:59:21 1: Executing query.... 
2/9/2017 20:59:21 1: BEGIN PKREQUESTMANAGER.CALLQUERY(1,''abe'',''ADM0000002'', '', :cursor); END;
2/9/2017 20:59:21 1: 

"''"
2/9/2017 20:59:21 1: undefined Object(s) returned...
2/9/2017 20:59:22 1: 2 Object(s) returned... [FETCH]
2/9/2017 21:2:38 1: Path request:/user_profiles
2/9/2017 21:2:38 1: Executing query.... 
2/9/2017 21:2:38 1: BEGIN PKREQUESTMANAGER.CALLQUERY(1,''abe'',''ADM0000002'', '', :cursor); END;
2/9/2017 21:2:38 1: 

"''"
2/9/2017 21:2:38 1: undefined Object(s) returned...
2/9/2017 21:2:38 1: 2 Object(s) returned... [FETCH]
2/9/2017 21:4:25 1: Path request:/user_profiles
2/9/2017 21:4:25 1: Executing query.... 
2/9/2017 21:4:25 1: BEGIN PKREQUESTMANAGER.CALLQUERY(1,''abe'',''ADM0000002'', '', :cursor); END;
2/9/2017 21:4:25 1: 

"''"
2/9/2017 21:4:25 1: undefined Object(s) returned...
2/9/2017 21:4:25 1: 2 Object(s) returned... [FETCH]
2/9/2017 21:4:43 1: Path request:/user_profiles
2/9/2017 21:4:43 1: Executing query.... 
2/9/2017 21:4:43 1: BEGIN PKREQUESTMANAGER.CALLQUERY(1,''abe'',''ADM0000002'', '', :cursor); END;
2/9/2017 21:4:43 1: 

"''"
2/9/2017 21:4:43 1: undefined Object(s) returned...
2/9/2017 21:4:43 1: 2 Object(s) returned... [FETCH]
2/9/2017 21:8:26 1: Path request:/user_profiles
2/9/2017 21:8:26 1: Executing query.... 
2/9/2017 21:8:26 1: BEGIN PKREQUESTMANAGER.CALLQUERY(1,''abe'',''ADM0000002'', '', :cursor); END;
2/9/2017 21:8:26 1: 

"''"
2/9/2017 21:9:24 1: Path request:/user_profiles
2/9/2017 21:9:24 1: Executing query.... 
2/9/2017 21:9:24 1: BEGIN PKREQUESTMANAGER.CALLQUERY(1,''abe'',''ADM0000002'', '', :cursor); END;
2/9/2017 21:9:24 1: 

"''"
2/9/2017 21:10:0 1: Path request:/user_profiles
2/9/2017 21:10:0 1: Executing query.... 
2/9/2017 21:10:0 1: BEGIN PKREQUESTMANAGER.CALLQUERY(1,''abe'',''ADM0000002'', '', :cursor); END;
2/9/2017 21:10:0 1: 

"''"
2/9/2017 21:11:18 1: Path request:/user_profiles
2/9/2017 21:11:18 1: Executing query.... 
2/9/2017 21:11:18 1: BEGIN PKREQUESTMANAGER.CALLQUERY(1,''abe'',''ADM0000002'', '', :cursor); END;
2/9/2017 21:11:18 1: 

"''"
2/9/2017 21:11:18 1: undefined Object(s) returned...
2/9/2017 21:11:18 1: 2 Object(s) returned... [FETCH]
2/9/2017 21:18:0 1: Path request:/user_profiles
2/9/2017 21:18:0 1: Executing query.... 
2/9/2017 21:18:0 1: BEGIN PKREQUESTMANAGER.CALLQUERY(1,''abe'',''ADM0000002'', '', :cursor); END;
2/9/2017 21:18:0 1: 

"''"
2/9/2017 21:18:0 1: undefined Object(s) returned...
2/9/2017 21:18:0 1: 2 Object(s) returned... [FETCH]
2/9/2017 21:24:41 1: Path request:/user_profiles
2/9/2017 21:24:41 1: Executing query.... 
2/9/2017 21:24:41 1: BEGIN PKREQUESTMANAGER.CALLQUERY(1,''abe'',''ADM0000002'', ':USER_ID', :cursor); END;
2/9/2017 21:24:41 1: 

"':USER_ID'"
2/9/2017 21:24:41 1: undefined Object(s) returned...
2/9/2017 21:24:41 1: 2 Object(s) returned... [FETCH]
