2/9/2017 14:55:56 1: Path request:/user_profiles
2/9/2017 14:55:56 1: Executing query.... 
2/9/2017 14:55:56 1: SELECT * FROM USER_PROFILES 
2/9/2017 14:55:56 1: 

{}
2/9/2017 14:55:56 1: 12 Object(s) returned...
2/9/2017 15:43:18 1: Path request:/user_profiles
2/9/2017 15:43:18 1: Executing query.... 
2/9/2017 15:43:18 1: ADM0000002
2/9/2017 15:43:18 1: 

{}
2/9/2017 15:46:18 1: Path request:/user_profiles
2/9/2017 15:46:18 1: Executing query.... 
2/9/2017 15:46:18 1: PKREQUESTMANAGER.CALLQUERY(ADM0000002,abe,[object Object])
2/9/2017 15:46:18 1: 

{}
2/9/2017 15:48:46 1: Path request:/user_profiles
2/9/2017 15:48:46 1: Executing query.... 
2/9/2017 15:48:46 1: PKREQUESTMANAGER.CALLQUERY(ADM0000002,abe,)
2/9/2017 15:48:46 1: 

""
2/9/2017 15:49:41 1: Path request:/user_profiles
2/9/2017 15:49:41 1: Executing query.... 
2/9/2017 15:49:41 1: PKREQUESTMANAGER.CALLQUERY(ADM0000002,abe,'')
2/9/2017 15:49:41 1: 

"''"
2/9/2017 15:50:31 1: Path request:/user_profiles
2/9/2017 15:50:31 1: Executing query.... 
2/9/2017 15:50:31 1: PKREQUESTMANAGER.CALLQUERY('ADM0000002',abe,'')
2/9/2017 15:50:31 1: 

"''"
2/9/2017 15:53:23 1: Path request:/user_profiles
2/9/2017 15:53:23 1: Executing query.... 
2/9/2017 15:53:23 1: PKREQUESTMANAGER.CALLQUERY('ADM0000002',abe,'')
2/9/2017 15:53:23 1: 

"''"
2/9/2017 21:45:32 1: Path request:/authentification/
2/9/2017 21:45:32 1: Executing query.... 
2/9/2017 21:45:32 1: BEGIN PKREQUESTMANAGER.CALLQUERY(1,'abe',''ADM0000001'', {(:USERID:,req.query.USER_NAME),(:PASSWORD:,req.header('PASSWORD'))}, :cursor); END;
2/9/2017 21:45:32 1: 

"{(:USERID:,req.query.USER_NAME),(:PASSWORD:,req.header('PASSWORD'))}"
2/9/2017 21:46:33 2: Path request:/authentification/
2/9/2017 21:46:33 2: Executing query.... 
2/9/2017 21:46:33 2: BEGIN PKREQUESTMANAGER.CALLQUERY(1,'abe',''ADM0000001'', {(:USERID:,req.query.USER_NAME),(:PASSWORD:,req.header('PASSWORD'))}, :cursor); END;
2/9/2017 21:46:33 2: 

"{(:USERID:,req.query.USER_NAME),(:PASSWORD:,req.header('PASSWORD'))}"
2/9/2017 21:47:14 1: Path request:/authentification/
2/9/2017 21:47:14 1: Executing query.... 
2/9/2017 21:47:14 1: BEGIN PKREQUESTMANAGER.CALLQUERY(1,'abe','ADM0000001', {(:USERID:,req.query.USER_NAME),(:PASSWORD:,req.header('PASSWORD'))}, :cursor); END;
2/9/2017 21:47:14 1: 

"{(:USERID:,req.query.USER_NAME),(:PASSWORD:,req.header('PASSWORD'))}"
2/9/2017 21:47:44 1: Path request:/authentification/
2/9/2017 21:47:44 1: Executing query.... 
2/9/2017 21:47:44 1: BEGIN PKREQUESTMANAGER.CALLQUERY(1,'abe','ADM0000001', '{(:USERID:,req.query.USER_NAME),(:PASSWORD:,req.header('PASSWORD'))}', :cursor); END;
2/9/2017 21:47:44 1: 

"'{(:USERID:,req.query.USER_NAME),(:PASSWORD:,req.header('PASSWORD'))}'"
2/9/2017 21:56:9 1: Path request:/authentification/
2/9/2017 21:56:9 1: Executing query.... 
2/9/2017 21:56:9 1: BEGIN PKREQUESTMANAGER.CALLQUERY(1,'abe',''ADM0000001', '{(:USERID:, :USER_NAME),+ (:PASSWORD:, :PASSWORD)}'', [object Object], :cursor); END;
2/9/2017 21:56:9 1: 

{}
2/9/2017 21:58:28 1: Path request:/authentification/
2/9/2017 21:58:28 1: Executing query.... 
2/9/2017 21:58:28 1: BEGIN PKREQUESTMANAGER.CALLQUERY(1,'abe',''ADM0000001', '{(:USERID:, :USER_NAME),+ (:PASSWORD:, :PASSWORD)}'', [object Object], :cursor); END;
2/9/2017 21:58:28 1: 

{}
2/9/2017 21:59:15 1: Path request:/authentification/
2/9/2017 21:59:15 1: Executing query.... 
2/9/2017 21:59:15 1: BEGIN PKREQUESTMANAGER.CALLQUERY(1,'abe','ADM0000001, '{(:USERID:, :USER_NAME),+ (:PASSWORD:, :PASSWORD)}'', [object Object], :cursor); END;
2/9/2017 21:59:15 1: 

{}
2/9/2017 21:59:45 1: Path request:/authentification/
2/9/2017 21:59:45 1: Executing query.... 
2/9/2017 21:59:45 1: BEGIN PKREQUESTMANAGER.CALLQUERY(1,'abe','ADM0000001, '{(:USERID:, :USER_NAME),(:PASSWORD:, :PASSWORD)}'', [object Object], :cursor); END;
2/9/2017 21:59:45 1: 

{}
2/9/2017 22:0:19 1: Path request:/authentification/
2/9/2017 22:0:19 1: Executing query.... 
2/9/2017 22:0:19 1: BEGIN PKREQUESTMANAGER.CALLQUERY(1,'abe','ADM0000001,{(:USERID:, :USER_NAME),(:PASSWORD:, :PASSWORD)}', [object Object], :cursor); END;
2/9/2017 22:0:19 1: 

{}
2/9/2017 22:10:23 1: Path request:/authentification/
2/9/2017 22:10:23 1: Executing query.... 
2/9/2017 22:10:23 1: BEGIN PKREQUESTMANAGER.CALLQUERY(1,'abe','ADM0000001,{(:USERID:, :USER_NAME),(:PASSWORD:, :PASSWORD)}', '[object Object]', :cursor); END;
2/9/2017 22:10:23 1: 

{}
2/9/2017 22:13:13 1: Path request:/authentification/
2/9/2017 22:13:13 1: Executing query.... 
2/9/2017 22:13:13 1: BEGIN PKREQUESTMANAGER.CALLQUERY(1,'abe','ADM0000001', '{(:USERID:, :USER_NAME),(:PASSWORD:, :PASSWORD)}', :cursor); END;
2/9/2017 22:13:13 1: 

{}
2/9/2017 22:13:13 1: undefined Object(s) returned...
2/9/2017 22:14:51 1: Path request:/authentification/
2/9/2017 22:14:51 1: Executing query.... 
2/9/2017 22:14:51 1: BEGIN PKREQUESTMANAGER.CALLQUERY(1,'abe','ADM0000001', '{(:USERID:, :USER_NAME),(:PASSWORD:, :PASSWORD)}', :cursor); END;
2/9/2017 22:14:51 1: 

{"USER_NAME":"admin"}
2/9/2017 22:14:51 1: undefined Object(s) returned...
2/9/2017 22:15:12 2: Path request:/authentification/
2/9/2017 22:15:12 2: Executing query.... 
2/9/2017 22:15:12 2: BEGIN PKREQUESTMANAGER.CALLQUERY(2,'abe','ADM0000001', '{(:USERID:, :USER_NAME),(:PASSWORD:, :PASSWORD)}', :cursor); END;
2/9/2017 22:15:12 2: 

{"USER_NAME":"admin","PASSWORD":"youpi"}
2/9/2017 22:15:12 2: undefined Object(s) returned...
2/9/2017 22:17:32 1: Path request:/authentification/
2/9/2017 22:17:32 1: Executing query.... 
2/9/2017 22:17:32 1: BEGIN PKREQUESTMANAGER.CALLQUERY(1,'abe','ADM0000001', '{(:USERID:, :USER_NAME),(:USERPASSWORD:, :PASSWORD)}', :cursor); END;
2/9/2017 22:17:32 1: 

{"USER_NAME":"admin","PASSWORD":"youpi"}
2/9/2017 22:17:32 1: undefined Object(s) returned...
2/9/2017 22:18:3 1: Path request:/authentification/
2/9/2017 22:18:3 1: Executing query.... 
2/9/2017 22:18:3 1: BEGIN PKREQUESTMANAGER.CALLQUERY(1,'abe','ADM0000001', '{(:USERID:, :USER_NAME),(:USERPASSWORD:, :PASSWORD)}', :cursor); END;
2/9/2017 22:18:3 1: 

{"USER_NAME":"admin","PASSWORD":"youpi"}
