2/9/2017 15:43:18 Error: ORA-01036: illegal variable name/number
: abe
2/9/2017 15:46:18 Error: ORA-01036: illegal variable name/number
: abe
2/9/2017 17:37:6 ORA-01036: illegal variable name/number
: 'abe'
2/9/2017 21:10:0 1: maxRows: undefined
2/9/2017 21:11:18 1: maxRows: 20000
2/9/2017 21:45:32 Connection execution:ORA-06550: line 1, column 44:
PLS-00103: Encountered the symbol "ADM0000001" when expecting one of the following:

   ) , * & = - + < / > at in is mod remainder not rem =>
   <an exponent (**)> <> or != or ~= >= <= <> and or like like2
   like4 likec between || multiset member submultiset
: abe
2/9/2017 21:46:33 Connection execution:ORA-06550: line 1, column 44:
PLS-00103: Encountered the symbol "ADM0000001" when expecting one of the following:

   ) , * & = - + < / > at in is mod remainder not rem =>
   <an exponent (**)> <> or != or ~= >= <= <> and or like like2
   like4 likec between || multiset member submultiset
: abe
2/9/2017 21:47:14 Connection execution:ORA-06550: line 1, column 56:
PLS-00103: Encountered the symbol "{" when expecting one of the following:

   ( - + case mod new not null <an identifier>
   <a double-quoted delimited-identifier> <a bind variable>
   continue avg count current exists max min prior sql stddev
   sum variance execute forall merge time timestamp interval
   date <a string literal with character set specification>
   <a number> <a single-quoted SQL string> pipe
   <an alternatively-quoted string literal with character set specification>
   <an alternatively
: abe
2/9/2017 21:47:44 Connection execution:ORA-06550: line 1, column 113:
PLS-00103: Encountered the symbol "PASSWORD" when expecting one of the following:

   ) , * & = - + < / > at in is mod remainder not rem =>
   <an exponent (**)> <> or != or ~= >= <= <> and or like like2
   like4 likec between || multiset member submultiset
The symbol ", was inserted before "PASSWORD" to continue.
: abe
2/9/2017 21:58:28 Connection execution:ORA-06550: line 1, column 44:
PLS-00103: Encountered the symbol "ADM0000001" when expecting one of the following:

   ) , * & = - + < / > at in is mod remainder not rem =>
   <an exponent (**)> <> or != or ~= >= <= <> and or like like2
   like4 likec between || multiset member submultiset
: abe
2/9/2017 21:59:15 Connection execution:ORA-06550: line 1, column 56:
PLS-00103: Encountered the symbol "{" when expecting one of the following:

   ) , * & = - + < / > at in is mod remainder not rem =>
   <an exponent (**)> <> or != or ~= >= <= <> and or like like2
   like4 likec between || multiset member submultiset
: abe
2/9/2017 21:59:45 Connection execution:ORA-06550: line 1, column 56:
PLS-00103: Encountered the symbol "{" when expecting one of the following:

   ) , * & = - + < / > at in is mod remainder not rem =>
   <an exponent (**)> <> or != or ~= >= <= <> and or like like2
   like4 likec between || multiset member submultiset
: abe
2/9/2017 22:0:19 Connection execution:ORA-06550: line 1, column 105:
PLS-00103: Encountered the symbol "[" when expecting one of the following:

   ( - + case mod new not null <an identifier>
   <a double-quoted delimited-identifier> <a bind variable>
   continue avg count current exists max min prior sql stddev
   sum variance execute forall merge time timestamp interval
   date <a string literal with character set specification>
   <a number> <a single-quoted SQL string> pipe
   <an alternatively-quoted string literal with character set specification>
   <an alternatively
: abe
