4/6/2019 10:46:10 1: LIBQUERY with Callback: 
4/6/2019 10:46:10 1: BEGIN PKREQUESTMANAGER.CALLQUERY(1,'ADM0000001','abe','{}', '{abe,abe}','{}', :cursor); END;
4/6/2019 10:46:12 1: 1 Object(s) returned... [FETCH]
4/6/2019 10:46:12 1: [object Object]
4/6/2019 10:46:12 1: {"metaData":[{"name":"USERID"},{"name":"USERFNAME"},{"name":"USERLNAME"},{"name":"USEREMAIL"},{"name":"USERMOBILE"}]}
4/6/2019 10:46:13 2: LIBQUERY with Callback: 
4/6/2019 10:46:13 2: BEGIN PKREQUESTMANAGER.CALLQUERY(2,'CLI0000002','abe','{}', '{abe}','{}', :cursor); END;
4/6/2019 10:46:13 3: LIBQUERY with Callback: 
4/6/2019 10:46:13 3: BEGIN PKREQUESTMANAGER.CALLQUERY(3,'CLI0000003','abe','{}', '{abe}','{}', :cursor); END;
4/6/2019 10:46:14 3: 1 Object(s) returned... [FETCH]
4/6/2019 10:46:14 3: [object Object]
4/6/2019 10:46:14 3: {"metaData":[{"name":"USERID"},{"name":"USERCORPID"},{"name":"USERPASS"},{"name":"USERAUTH"},{"name":"USERLANG"},{"name":"USERPROF"},{"name":"USERAPPLI"},{"name":"USERFNAME"},{"name":"USERLNAME"},{"name":"USEREMAIL"},{"name":"USERMOBILE"},{"name":"USERTEAM"},{"name":"USERACTIVE"},{"name":"USERDCRE"},{"name":"USERDMAJ"},{"name":"USERUTIL"},{"name":"USERTYPE"}]}
4/6/2019 10:46:15 3: 6 Object(s) returned... [FETCH]
4/6/2019 10:46:15 3: [object Object],[object Object],[object Object],[object Object],[object Object],[object Object]
4/6/2019 10:46:15 3: {"metaData":[{"name":"LEVEL"},{"name":"ENVID"},{"name":"ENVCORPID"},{"name":"ENVCODE"},{"name":"ENVTYPE"},{"name":"ENVACTIVE"},{"name":"ENVSDESC"},{"name":"ENVLDESC"},{"name":"ENVDBTYPE"},{"name":"ENVIP"},{"name":"ENVPORT"},{"name":"ENVUSER"},{"name":"ENVPASSWORD"},{"name":"ENVSOURCE"},{"name":"ENVDBLINK"},{"name":"ENVDEFAULT"},{"name":"ENVDCRE"},{"name":"ENVDMAJ"},{"name":"ENVUTIL"},{"name":"ENVVERSION"},{"name":"ENVDEFLANG"},{"name":"CORPPIC"},{"name":"ENVVARINITSH"}]}
4/6/2019 10:46:15 4: LIBQUERY with Callback: 
4/6/2019 10:46:15 4: BEGIN PKREQUESTMANAGER.CALLQUERY(4,'WDG0000001','abe','{HEINENS_CUSTOM_PROD}', '{abe,-1}','{HN}', :cursor); END;
4/6/2019 10:46:16 4: 1 Object(s) returned... [FETCH]
4/6/2019 10:46:16 4: [object Object]
4/6/2019 10:46:16 4: {"metaData":[{"name":"'EXECUTINGISSUE,CHECKDBMS_SQL.EXECUTERIGHTS'"}]}
4/6/2019 10:46:16 5: LIBQUERY with Callback: 
4/6/2019 10:46:16 5: BEGIN PKREQUESTMANAGER.CALLQUERY(5,'WDG1000000','abe','{HEINENS_CUSTOM_PROD}', '{undefined}','{HN}', :cursor); END;
4/6/2019 10:48:16 6: LIBQUERY with Callback: 
4/6/2019 10:48:16 6: BEGIN PKREQUESTMANAGER.CALLQUERY(6,'WDG1000000','abe','{HEINENS_CUSTOM_PROD}', '{undefined}','{HN}', :cursor); END;
4/6/2019 10:49:23 7: LIBQUERY with Callback: 
4/6/2019 10:49:23 7: BEGIN PKREQUESTMANAGER.CALLQUERY(7,'SUP0000001','abe','{HEINENS_CEN_UAT}', '{LEO}','{HN}', :cursor); END;
4/6/2019 10:49:25 7: 57 Object(s) returned... [FETCH]
4/6/2019 10:49:25 7: [object Object],[object Object],[object Object],[object Object],[object Object],[object Object],[object Object],[object Object],[object Object],[object Object],[object Object],[object Object],[object Object],[object Object],[object Object],[object Object],[object Object],[object Object],[object Object],[object Object],[object Object],[object Object],[object Object],[object Object],[object Object],[object Object],[object Object],[object Object],[object Object],[object Object],[object Object],[object Object],[object Object],[object Object],[object Object],[object Object],[object Object],[object Object],[object Object],[object Object],[object Object],[object Object],[object Object],[object Object],[object Object],[object Object],[object Object],[object Object],[object Object],[object Object],[object Object],[object Object],[object Object],[object Object],[object Object],[object Object],[object Object]
4/6/2019 10:49:27 7: {"metaData":[{"name":"LISCFIN"},{"name":"FOUCNUF"},{"name":"FOULIBL"},{"name":"FCSNUM"},{"name":"LISCSIN"},{"name":"LISCCIN"},{"name":"FCCNUM"},{"name":"LISNFILF"},{"name":"SOCSITE"},{"name":"SOCLMAG"},{"name":"LISNFILC"},{"name":"LISTLIV"},{"name":"LISCOMC"},{"name":"LISCOMR"},{"name":"LISCOMF"},{"name":"LISVCOM"},{"name":"LISTSLI"},{"name":"LISTSQP"},{"name":"LISTOP"},{"name":"LISAVAL"},{"name":"LISMARQ"},{"name":"LISREAP"},{"name":"LISUREAP"},{"name":"LISUREAP_LIB"},{"name":"LISCOMM"},{"name":"LISCDLU"},{"name":"LISCDMA"},{"name":"LISCDME"},{"name":"LISCDJE"},{"name":"LISCDVE"},{"name":"LISCDSA"},{"name":"LISCDDI"},{"name":"LISLILU"},{"name":"LISLIMA"},{"name":"LISLIME"},{"name":"LISLIJE"},{"name":"LISLIVE"},{"name":"LISLISA"},{"name":"LISLIDI"},{"name":"LISHRLU"},{"name":"LISHRMA"},{"name":"LISHRME"},{"name":"LISHRJE"},{"name":"LISHRVE"},{"name":"LISHRSA"},{"name":"LISHRDI"},{"name":"LISHLLU"},{"name":"LISHLMA"},{"name":"LISHLME"},{"name":"LISHLJE"},{"name":"LISHLVE"},{"name":"LISHLSA"},{"name":"LISHLDI"},{"name":"LISHRLU2"},{"name":"LISHRMA2"},{"name":"LISHRME2"},{"name":"LISHRJE2"},{"name":"LISHRVE2"},{"name":"LISHRSA2"},{"name":"LISHRDI2"},{"name":"LISHLLU2"},{"name":"LISHLMA2"},{"name":"LISHLME2"},{"name":"LISHLJE2"},{"name":"LISHLVE2"},{"name":"LISHLSA2"},{"name":"LISHLDI2"},{"name":"LISHRLU3"},{"name":"LISHRMA3"},{"name":"LISHRME3"},{"name":"LISHRJE3"},{"name":"LISHRVE3"},{"name":"LISHRSA3"},{"name":"LISHRDI3"},{"name":"LISHLLU3"},{"name":"LISHLMA3"},{"name":"LISHLME3"},{"name":"LISHLJE3"},{"name":"LISHLVE3"},{"name":"LISHLSA3"},{"name":"LISHLDI3"},{"name":"LISDDEB"},{"name":"LISDFIN"}]}
4/6/2019 10:52:8 8: LIBQUERY with Callback: 
4/6/2019 10:52:8 8: BEGIN PKREQUESTMANAGER.CALLQUERY(8,'ADM0000001','abe','{}', '{abe,abe}','{}', :cursor); END;
4/6/2019 10:52:12 8: 1 Object(s) returned... [FETCH]
4/6/2019 10:52:12 8: [object Object]
4/6/2019 10:52:12 8: {"metaData":[{"name":"USERID"},{"name":"USERFNAME"},{"name":"USERLNAME"},{"name":"USEREMAIL"},{"name":"USERMOBILE"}]}
4/6/2019 10:52:13 9: LIBQUERY with Callback: 
4/6/2019 10:52:13 9: BEGIN PKREQUESTMANAGER.CALLQUERY(9,'CLI0000003','abe','{}', '{abe}','{}', :cursor); END;
4/6/2019 10:52:13 10: LIBQUERY with Callback: 
4/6/2019 10:52:13 10: BEGIN PKREQUESTMANAGER.CALLQUERY(10,'CLI0000002','abe','{}', '{abe}','{}', :cursor); END;
4/6/2019 10:52:15 10: 1 Object(s) returned... [FETCH]
4/6/2019 10:52:15 10: [object Object]
4/6/2019 10:52:15 10: {"metaData":[{"name":"USERID"},{"name":"USERCORPID"},{"name":"USERPASS"},{"name":"USERAUTH"},{"name":"USERLANG"},{"name":"USERPROF"},{"name":"USERAPPLI"},{"name":"USERFNAME"},{"name":"USERLNAME"},{"name":"USEREMAIL"},{"name":"USERMOBILE"},{"name":"USERTEAM"},{"name":"USERACTIVE"},{"name":"USERDCRE"},{"name":"USERDMAJ"},{"name":"USERUTIL"},{"name":"USERTYPE"}]}
4/6/2019 10:52:15 10: 6 Object(s) returned... [FETCH]
4/6/2019 10:52:15 10: [object Object],[object Object],[object Object],[object Object],[object Object],[object Object]
4/6/2019 10:52:15 10: {"metaData":[{"name":"LEVEL"},{"name":"ENVID"},{"name":"ENVCORPID"},{"name":"ENVCODE"},{"name":"ENVTYPE"},{"name":"ENVACTIVE"},{"name":"ENVSDESC"},{"name":"ENVLDESC"},{"name":"ENVDBTYPE"},{"name":"ENVIP"},{"name":"ENVPORT"},{"name":"ENVUSER"},{"name":"ENVPASSWORD"},{"name":"ENVSOURCE"},{"name":"ENVDBLINK"},{"name":"ENVDEFAULT"},{"name":"ENVDCRE"},{"name":"ENVDMAJ"},{"name":"ENVUTIL"},{"name":"ENVVERSION"},{"name":"ENVDEFLANG"},{"name":"CORPPIC"},{"name":"ENVVARINITSH"}]}
4/6/2019 10:52:16 11: LIBQUERY with Callback: 
4/6/2019 10:52:16 11: BEGIN PKREQUESTMANAGER.CALLQUERY(11,'WDG0000001','abe','{HEINENS_CUSTOM_PROD}', '{abe,-1}','{HN}', :cursor); END;
4/6/2019 10:52:18 11: 1 Object(s) returned... [FETCH]
4/6/2019 10:52:18 11: [object Object]
4/6/2019 10:52:18 11: {"metaData":[{"name":"'EXECUTINGISSUE,CHECKDBMS_SQL.EXECUTERIGHTS'"}]}
4/6/2019 10:52:19 12: LIBQUERY with Callback: 
4/6/2019 10:52:19 12: BEGIN PKREQUESTMANAGER.CALLQUERY(12,'WDG1000000','abe','{HEINENS_CUSTOM_PROD}', '{undefined}','{HN}', :cursor); END;
4/6/2019 10:52:33 13: LIBQUERY with Callback: 
4/6/2019 10:52:33 13: BEGIN PKREQUESTMANAGER.CALLQUERY(13,'ADM0000001','abe','{}', '{abe,abe}','{}', :cursor); END;
4/6/2019 10:52:37 13: 1 Object(s) returned... [FETCH]
4/6/2019 10:52:37 13: [object Object]
4/6/2019 10:52:37 13: {"metaData":[{"name":"USERID"},{"name":"USERFNAME"},{"name":"USERLNAME"},{"name":"USEREMAIL"},{"name":"USERMOBILE"}]}
4/6/2019 10:52:37 14: LIBQUERY with Callback: 
4/6/2019 10:52:37 14: BEGIN PKREQUESTMANAGER.CALLQUERY(14,'CLI0000002','abe','{}', '{abe}','{}', :cursor); END;
4/6/2019 10:52:37 15: LIBQUERY with Callback: 
4/6/2019 10:52:37 15: BEGIN PKREQUESTMANAGER.CALLQUERY(15,'CLI0000003','abe','{}', '{abe}','{}', :cursor); END;
4/6/2019 10:52:40 15: 1 Object(s) returned... [FETCH]
4/6/2019 10:52:40 15: [object Object]
4/6/2019 10:52:40 15: {"metaData":[{"name":"USERID"},{"name":"USERCORPID"},{"name":"USERPASS"},{"name":"USERAUTH"},{"name":"USERLANG"},{"name":"USERPROF"},{"name":"USERAPPLI"},{"name":"USERFNAME"},{"name":"USERLNAME"},{"name":"USEREMAIL"},{"name":"USERMOBILE"},{"name":"USERTEAM"},{"name":"USERACTIVE"},{"name":"USERDCRE"},{"name":"USERDMAJ"},{"name":"USERUTIL"},{"name":"USERTYPE"}]}
4/6/2019 10:52:40 15: 6 Object(s) returned... [FETCH]
4/6/2019 10:52:40 15: [object Object],[object Object],[object Object],[object Object],[object Object],[object Object]
4/6/2019 10:52:40 15: {"metaData":[{"name":"LEVEL"},{"name":"ENVID"},{"name":"ENVCORPID"},{"name":"ENVCODE"},{"name":"ENVTYPE"},{"name":"ENVACTIVE"},{"name":"ENVSDESC"},{"name":"ENVLDESC"},{"name":"ENVDBTYPE"},{"name":"ENVIP"},{"name":"ENVPORT"},{"name":"ENVUSER"},{"name":"ENVPASSWORD"},{"name":"ENVSOURCE"},{"name":"ENVDBLINK"},{"name":"ENVDEFAULT"},{"name":"ENVDCRE"},{"name":"ENVDMAJ"},{"name":"ENVUTIL"},{"name":"ENVVERSION"},{"name":"ENVDEFLANG"},{"name":"CORPPIC"},{"name":"ENVVARINITSH"}]}
4/6/2019 10:52:40 16: LIBQUERY with Callback: 
4/6/2019 10:52:40 16: BEGIN PKREQUESTMANAGER.CALLQUERY(16,'WDG0000001','abe','{HEINENS_CUSTOM_PROD}', '{abe,-1}','{HN}', :cursor); END;
4/6/2019 10:52:41 16: 1 Object(s) returned... [FETCH]
4/6/2019 10:52:41 16: [object Object]
4/6/2019 10:52:41 16: {"metaData":[{"name":"'EXECUTINGISSUE,CHECKDBMS_SQL.EXECUTERIGHTS'"}]}
4/6/2019 10:52:41 17: LIBQUERY with Callback: 
4/6/2019 10:52:41 17: BEGIN PKREQUESTMANAGER.CALLQUERY(17,'WDG1000000','abe','{HEINENS_CUSTOM_PROD}', '{undefined}','{HN}', :cursor); END;
4/6/2019 10:54:43 18: LIBQUERY with Callback: 
4/6/2019 10:54:43 18: BEGIN PKREQUESTMANAGER.CALLQUERY(18,'WDG1000000','abe','{HEINENS_CUSTOM_PROD}', '{undefined}','{HN}', :cursor); END;
4/6/2019 10:58:58 19: LIBQUERY with Callback: 
4/6/2019 10:58:58 19: BEGIN PKREQUESTMANAGER.CALLQUERY(19,'ADM0000001','abe','{}', '{abe,abe}','{}', :cursor); END;
4/6/2019 10:59:0 19: 1 Object(s) returned... [FETCH]
4/6/2019 10:59:0 19: [object Object]
4/6/2019 10:59:0 19: {"metaData":[{"name":"USERID"},{"name":"USERFNAME"},{"name":"USERLNAME"},{"name":"USEREMAIL"},{"name":"USERMOBILE"}]}
4/6/2019 10:59:1 20: LIBQUERY with Callback: 
4/6/2019 10:59:1 20: BEGIN PKREQUESTMANAGER.CALLQUERY(20,'CLI0000002','abe','{}', '{abe}','{}', :cursor); END;
4/6/2019 10:59:1 21: LIBQUERY with Callback: 
4/6/2019 10:59:1 21: BEGIN PKREQUESTMANAGER.CALLQUERY(21,'CLI0000003','abe','{}', '{abe}','{}', :cursor); END;
4/6/2019 10:59:3 21: 1 Object(s) returned... [FETCH]
4/6/2019 10:59:3 21: [object Object]
4/6/2019 10:59:3 21: 6 Object(s) returned... [FETCH]
4/6/2019 10:59:3 21: [object Object],[object Object],[object Object],[object Object],[object Object],[object Object]
4/6/2019 10:59:3 21: {"metaData":[{"name":"USERID"},{"name":"USERCORPID"},{"name":"USERPASS"},{"name":"USERAUTH"},{"name":"USERLANG"},{"name":"USERPROF"},{"name":"USERAPPLI"},{"name":"USERFNAME"},{"name":"USERLNAME"},{"name":"USEREMAIL"},{"name":"USERMOBILE"},{"name":"USERTEAM"},{"name":"USERACTIVE"},{"name":"USERDCRE"},{"name":"USERDMAJ"},{"name":"USERUTIL"},{"name":"USERTYPE"}]}
4/6/2019 10:59:3 21: {"metaData":[{"name":"LEVEL"},{"name":"ENVID"},{"name":"ENVCORPID"},{"name":"ENVCODE"},{"name":"ENVTYPE"},{"name":"ENVACTIVE"},{"name":"ENVSDESC"},{"name":"ENVLDESC"},{"name":"ENVDBTYPE"},{"name":"ENVIP"},{"name":"ENVPORT"},{"name":"ENVUSER"},{"name":"ENVPASSWORD"},{"name":"ENVSOURCE"},{"name":"ENVDBLINK"},{"name":"ENVDEFAULT"},{"name":"ENVDCRE"},{"name":"ENVDMAJ"},{"name":"ENVUTIL"},{"name":"ENVVERSION"},{"name":"ENVDEFLANG"},{"name":"CORPPIC"},{"name":"ENVVARINITSH"}]}
4/6/2019 10:59:3 22: LIBQUERY with Callback: 
4/6/2019 10:59:3 22: BEGIN PKREQUESTMANAGER.CALLQUERY(22,'WDG0000001','abe','{HEINENS_CUSTOM_PROD}', '{abe,-1}','{HN}', :cursor); END;
4/6/2019 10:59:5 22: 1 Object(s) returned... [FETCH]
4/6/2019 10:59:5 22: [object Object]
4/6/2019 10:59:5 22: {"metaData":[{"name":"'EXECUTINGISSUE,CHECKDBMS_SQL.EXECUTERIGHTS'"}]}
4/6/2019 10:59:7 23: LIBQUERY with Callback: 
4/6/2019 10:59:7 23: BEGIN PKREQUESTMANAGER.CALLQUERY(23,'WDG1000000','abe','{HEINENS_CUSTOM_PROD}', '{undefined}','{HN}', :cursor); END;
4/6/2019 10:59:17 24: LIBQUERY with Callback: 
4/6/2019 10:59:17 24: BEGIN PKREQUESTMANAGER.CALLQUERY(24,'SUP0000001','abe','{HEINENS_CEN_UAT}', '{LEO}','{HN}', :cursor); END;
4/6/2019 10:59:19 24: 57 Object(s) returned... [FETCH]
4/6/2019 10:59:19 24: [object Object],[object Object],[object Object],[object Object],[object Object],[object Object],[object Object],[object Object],[object Object],[object Object],[object Object],[object Object],[object Object],[object Object],[object Object],[object Object],[object Object],[object Object],[object Object],[object Object],[object Object],[object Object],[object Object],[object Object],[object Object],[object Object],[object Object],[object Object],[object Object],[object Object],[object Object],[object Object],[object Object],[object Object],[object Object],[object Object],[object Object],[object Object],[object Object],[object Object],[object Object],[object Object],[object Object],[object Object],[object Object],[object Object],[object Object],[object Object],[object Object],[object Object],[object Object],[object Object],[object Object],[object Object],[object Object],[object Object],[object Object]
4/6/2019 10:59:19 24: {"metaData":[{"name":"LISCFIN"},{"name":"FOUCNUF"},{"name":"FOULIBL"},{"name":"FCSNUM"},{"name":"LISCSIN"},{"name":"LISCCIN"},{"name":"FCCNUM"},{"name":"LISNFILF"},{"name":"SOCSITE"},{"name":"SOCLMAG"},{"name":"LISNFILC"},{"name":"LISTLIV"},{"name":"LISCOMC"},{"name":"LISCOMR"},{"name":"LISCOMF"},{"name":"LISVCOM"},{"name":"LISTSLI"},{"name":"LISTSQP"},{"name":"LISTOP"},{"name":"LISAVAL"},{"name":"LISMARQ"},{"name":"LISREAP"},{"name":"LISUREAP"},{"name":"LISUREAP_LIB"},{"name":"LISCOMM"},{"name":"LISCDLU"},{"name":"LISCDMA"},{"name":"LISCDME"},{"name":"LISCDJE"},{"name":"LISCDVE"},{"name":"LISCDSA"},{"name":"LISCDDI"},{"name":"LISLILU"},{"name":"LISLIMA"},{"name":"LISLIME"},{"name":"LISLIJE"},{"name":"LISLIVE"},{"name":"LISLISA"},{"name":"LISLIDI"},{"name":"LISHRLU"},{"name":"LISHRMA"},{"name":"LISHRME"},{"name":"LISHRJE"},{"name":"LISHRVE"},{"name":"LISHRSA"},{"name":"LISHRDI"},{"name":"LISHLLU"},{"name":"LISHLMA"},{"name":"LISHLME"},{"name":"LISHLJE"},{"name":"LISHLVE"},{"name":"LISHLSA"},{"name":"LISHLDI"},{"name":"LISHRLU2"},{"name":"LISHRMA2"},{"name":"LISHRME2"},{"name":"LISHRJE2"},{"name":"LISHRVE2"},{"name":"LISHRSA2"},{"name":"LISHRDI2"},{"name":"LISHLLU2"},{"name":"LISHLMA2"},{"name":"LISHLME2"},{"name":"LISHLJE2"},{"name":"LISHLVE2"},{"name":"LISHLSA2"},{"name":"LISHLDI2"},{"name":"LISHRLU3"},{"name":"LISHRMA3"},{"name":"LISHRME3"},{"name":"LISHRJE3"},{"name":"LISHRVE3"},{"name":"LISHRSA3"},{"name":"LISHRDI3"},{"name":"LISHLLU3"},{"name":"LISHLMA3"},{"name":"LISHLME3"},{"name":"LISHLJE3"},{"name":"LISHLVE3"},{"name":"LISHLSA3"},{"name":"LISHLDI3"},{"name":"LISDDEB"},{"name":"LISDFIN"}]}
4/6/2019 11:1:7 25: LIBQUERY with Callback: 
4/6/2019 11:1:7 25: BEGIN PKREQUESTMANAGER.CALLQUERY(25,'WDG1000000','abe','{HEINENS_CUSTOM_PROD}', '{undefined}','{HN}', :cursor); END;
4/6/2019 11:4:59 26: LIBQUERY with Callback: 
4/6/2019 11:4:59 26: BEGIN PKREQUESTMANAGER.CALLQUERY(26,'ADM0000001','abe','{}', '{abe,abe}','{}', :cursor); END;
4/6/2019 11:5:1 26: 1 Object(s) returned... [FETCH]
4/6/2019 11:5:1 26: [object Object]
4/6/2019 11:5:1 26: {"metaData":[{"name":"USERID"},{"name":"USERFNAME"},{"name":"USERLNAME"},{"name":"USEREMAIL"},{"name":"USERMOBILE"}]}
4/6/2019 11:5:1 27: LIBQUERY with Callback: 
4/6/2019 11:5:1 27: BEGIN PKREQUESTMANAGER.CALLQUERY(27,'CLI0000003','abe','{}', '{abe}','{}', :cursor); END;
4/6/2019 11:5:1 28: LIBQUERY with Callback: 
4/6/2019 11:5:1 28: BEGIN PKREQUESTMANAGER.CALLQUERY(28,'CLI0000002','abe','{}', '{abe}','{}', :cursor); END;
4/6/2019 11:5:3 28: 1 Object(s) returned... [FETCH]
4/6/2019 11:5:3 28: [object Object]
4/6/2019 11:5:3 28: {"metaData":[{"name":"USERID"},{"name":"USERCORPID"},{"name":"USERPASS"},{"name":"USERAUTH"},{"name":"USERLANG"},{"name":"USERPROF"},{"name":"USERAPPLI"},{"name":"USERFNAME"},{"name":"USERLNAME"},{"name":"USEREMAIL"},{"name":"USERMOBILE"},{"name":"USERTEAM"},{"name":"USERACTIVE"},{"name":"USERDCRE"},{"name":"USERDMAJ"},{"name":"USERUTIL"},{"name":"USERTYPE"}]}
4/6/2019 11:5:3 28: 6 Object(s) returned... [FETCH]
4/6/2019 11:5:3 28: [object Object],[object Object],[object Object],[object Object],[object Object],[object Object]
4/6/2019 11:5:3 28: {"metaData":[{"name":"LEVEL"},{"name":"ENVID"},{"name":"ENVCORPID"},{"name":"ENVCODE"},{"name":"ENVTYPE"},{"name":"ENVACTIVE"},{"name":"ENVSDESC"},{"name":"ENVLDESC"},{"name":"ENVDBTYPE"},{"name":"ENVIP"},{"name":"ENVPORT"},{"name":"ENVUSER"},{"name":"ENVPASSWORD"},{"name":"ENVSOURCE"},{"name":"ENVDBLINK"},{"name":"ENVDEFAULT"},{"name":"ENVDCRE"},{"name":"ENVDMAJ"},{"name":"ENVUTIL"},{"name":"ENVVERSION"},{"name":"ENVDEFLANG"},{"name":"CORPPIC"},{"name":"ENVVARINITSH"}]}
4/6/2019 11:5:3 29: LIBQUERY with Callback: 
4/6/2019 11:5:3 29: BEGIN PKREQUESTMANAGER.CALLQUERY(29,'WDG0000001','abe','{HEINENS_CUSTOM_PROD}', '{abe,-1}','{HN}', :cursor); END;
4/6/2019 11:5:5 29: 1 Object(s) returned... [FETCH]
4/6/2019 11:5:5 29: [object Object]
4/6/2019 11:5:5 29: {"metaData":[{"name":"'EXECUTINGISSUE,CHECKDBMS_SQL.EXECUTERIGHTS'"}]}
4/6/2019 11:5:5 30: LIBQUERY with Callback: 
4/6/2019 11:5:5 30: BEGIN PKREQUESTMANAGER.CALLQUERY(30,'WDG1000000','abe','{HEINENS_CUSTOM_PROD}', '{undefined}','{HN}', :cursor); END;
4/6/2019 11:5:13 31: LIBQUERY with Callback: 
4/6/2019 11:5:13 31: BEGIN PKREQUESTMANAGER.CALLQUERY(31,'SUP0000001','abe','{HEINENS_CEN_UAT}', '{LEO}','{HN}', :cursor); END;
4/6/2019 11:5:15 31: 57 Object(s) returned... [FETCH]
4/6/2019 11:5:15 31: [object Object],[object Object],[object Object],[object Object],[object Object],[object Object],[object Object],[object Object],[object Object],[object Object],[object Object],[object Object],[object Object],[object Object],[object Object],[object Object],[object Object],[object Object],[object Object],[object Object],[object Object],[object Object],[object Object],[object Object],[object Object],[object Object],[object Object],[object Object],[object Object],[object Object],[object Object],[object Object],[object Object],[object Object],[object Object],[object Object],[object Object],[object Object],[object Object],[object Object],[object Object],[object Object],[object Object],[object Object],[object Object],[object Object],[object Object],[object Object],[object Object],[object Object],[object Object],[object Object],[object Object],[object Object],[object Object],[object Object],[object Object]
4/6/2019 11:5:15 31: {"metaData":[{"name":"LISCFIN"},{"name":"FOUCNUF"},{"name":"FOULIBL"},{"name":"FCSNUM"},{"name":"LISCSIN"},{"name":"LISCCIN"},{"name":"FCCNUM"},{"name":"LISNFILF"},{"name":"SOCSITE"},{"name":"SOCLMAG"},{"name":"LISNFILC"},{"name":"LISTLIV"},{"name":"LISCOMC"},{"name":"LISCOMR"},{"name":"LISCOMF"},{"name":"LISVCOM"},{"name":"LISTSLI"},{"name":"LISTSQP"},{"name":"LISTOP"},{"name":"LISAVAL"},{"name":"LISMARQ"},{"name":"LISREAP"},{"name":"LISUREAP"},{"name":"LISUREAP_LIB"},{"name":"LISCOMM"},{"name":"LISCDLU"},{"name":"LISCDMA"},{"name":"LISCDME"},{"name":"LISCDJE"},{"name":"LISCDVE"},{"name":"LISCDSA"},{"name":"LISCDDI"},{"name":"LISLILU"},{"name":"LISLIMA"},{"name":"LISLIME"},{"name":"LISLIJE"},{"name":"LISLIVE"},{"name":"LISLISA"},{"name":"LISLIDI"},{"name":"LISHRLU"},{"name":"LISHRMA"},{"name":"LISHRME"},{"name":"LISHRJE"},{"name":"LISHRVE"},{"name":"LISHRSA"},{"name":"LISHRDI"},{"name":"LISHLLU"},{"name":"LISHLMA"},{"name":"LISHLME"},{"name":"LISHLJE"},{"name":"LISHLVE"},{"name":"LISHLSA"},{"name":"LISHLDI"},{"name":"LISHRLU2"},{"name":"LISHRMA2"},{"name":"LISHRME2"},{"name":"LISHRJE2"},{"name":"LISHRVE2"},{"name":"LISHRSA2"},{"name":"LISHRDI2"},{"name":"LISHLLU2"},{"name":"LISHLMA2"},{"name":"LISHLME2"},{"name":"LISHLJE2"},{"name":"LISHLVE2"},{"name":"LISHLSA2"},{"name":"LISHLDI2"},{"name":"LISHRLU3"},{"name":"LISHRMA3"},{"name":"LISHRME3"},{"name":"LISHRJE3"},{"name":"LISHRVE3"},{"name":"LISHRSA3"},{"name":"LISHRDI3"},{"name":"LISHLLU3"},{"name":"LISHLMA3"},{"name":"LISHLME3"},{"name":"LISHLJE3"},{"name":"LISHLVE3"},{"name":"LISHLSA3"},{"name":"LISHLDI3"},{"name":"LISDDEB"},{"name":"LISDFIN"}]}
4/6/2019 11:7:5 32: LIBQUERY with Callback: 
4/6/2019 11:7:5 32: BEGIN PKREQUESTMANAGER.CALLQUERY(32,'WDG1000000','abe','{HEINENS_CUSTOM_PROD}', '{undefined}','{HN}', :cursor); END;
4/6/2019 11:16:34 33: LIBQUERY with Callback: 
4/6/2019 11:16:34 33: BEGIN PKREQUESTMANAGER.CALLQUERY(33,'ADM0000001','abe','{}', '{abe,abe}','{}', :cursor); END;
4/6/2019 11:16:34 34: LIBQUERY with Callback: 
4/6/2019 11:16:34 34: BEGIN PKREQUESTMANAGER.CALLQUERY(34,'ADM0000001','abe','{}', '{abe,abe}','{}', :cursor); END;
4/6/2019 11:16:35 35: LIBQUERY with Callback: 
4/6/2019 11:16:35 35: BEGIN PKREQUESTMANAGER.CALLQUERY(35,'ADM0000001','abe','{}', '{abe,abe}','{}', :cursor); END;
4/6/2019 11:16:36 36: LIBQUERY with Callback: 
4/6/2019 11:16:36 36: BEGIN PKREQUESTMANAGER.CALLQUERY(36,'ADM0000001','abe','{}', '{abe,abe}','{}', :cursor); END;
4/6/2019 11:16:39 36: 1 Object(s) returned... [FETCH]
4/6/2019 11:16:39 36: [object Object]
4/6/2019 11:16:39 36: 1 Object(s) returned... [FETCH]
4/6/2019 11:16:39 36: [object Object]
4/6/2019 11:16:39 36: 1 Object(s) returned... [FETCH]
4/6/2019 11:16:39 36: [object Object]
4/6/2019 11:16:39 36: 1 Object(s) returned... [FETCH]
4/6/2019 11:16:39 36: [object Object]
4/6/2019 11:16:39 36: {"metaData":[{"name":"USERID"},{"name":"USERFNAME"},{"name":"USERLNAME"},{"name":"USEREMAIL"},{"name":"USERMOBILE"}]}
4/6/2019 11:16:39 36: {"metaData":[{"name":"USERID"},{"name":"USERFNAME"},{"name":"USERLNAME"},{"name":"USEREMAIL"},{"name":"USERMOBILE"}]}
4/6/2019 11:16:39 36: {"metaData":[{"name":"USERID"},{"name":"USERFNAME"},{"name":"USERLNAME"},{"name":"USEREMAIL"},{"name":"USERMOBILE"}]}
4/6/2019 11:16:39 36: {"metaData":[{"name":"USERID"},{"name":"USERFNAME"},{"name":"USERLNAME"},{"name":"USEREMAIL"},{"name":"USERMOBILE"}]}
4/6/2019 11:16:40 37: LIBQUERY with Callback: 
4/6/2019 11:16:40 37: BEGIN PKREQUESTMANAGER.CALLQUERY(37,'CLI0000002','abe','{}', '{abe}','{}', :cursor); END;
4/6/2019 11:16:40 38: LIBQUERY with Callback: 
4/6/2019 11:16:40 38: BEGIN PKREQUESTMANAGER.CALLQUERY(38,'CLI0000003','abe','{}', '{abe}','{}', :cursor); END;
4/6/2019 11:16:42 38: 1 Object(s) returned... [FETCH]
4/6/2019 11:16:42 38: [object Object]
4/6/2019 11:16:42 38: 6 Object(s) returned... [FETCH]
4/6/2019 11:16:42 38: [object Object],[object Object],[object Object],[object Object],[object Object],[object Object]
4/6/2019 11:16:42 38: {"metaData":[{"name":"USERID"},{"name":"USERCORPID"},{"name":"USERPASS"},{"name":"USERAUTH"},{"name":"USERLANG"},{"name":"USERPROF"},{"name":"USERAPPLI"},{"name":"USERFNAME"},{"name":"USERLNAME"},{"name":"USEREMAIL"},{"name":"USERMOBILE"},{"name":"USERTEAM"},{"name":"USERACTIVE"},{"name":"USERDCRE"},{"name":"USERDMAJ"},{"name":"USERUTIL"},{"name":"USERTYPE"}]}
4/6/2019 11:16:42 38: {"metaData":[{"name":"LEVEL"},{"name":"ENVID"},{"name":"ENVCORPID"},{"name":"ENVCODE"},{"name":"ENVTYPE"},{"name":"ENVACTIVE"},{"name":"ENVSDESC"},{"name":"ENVLDESC"},{"name":"ENVDBTYPE"},{"name":"ENVIP"},{"name":"ENVPORT"},{"name":"ENVUSER"},{"name":"ENVPASSWORD"},{"name":"ENVSOURCE"},{"name":"ENVDBLINK"},{"name":"ENVDEFAULT"},{"name":"ENVDCRE"},{"name":"ENVDMAJ"},{"name":"ENVUTIL"},{"name":"ENVVERSION"},{"name":"ENVDEFLANG"},{"name":"CORPPIC"},{"name":"ENVVARINITSH"}]}
4/6/2019 11:16:42 39: LIBQUERY with Callback: 
4/6/2019 11:16:42 39: BEGIN PKREQUESTMANAGER.CALLQUERY(39,'CLI0000002','abe','{}', '{abe}','{}', :cursor); END;
4/6/2019 11:16:42 40: LIBQUERY with Callback: 
4/6/2019 11:16:42 40: BEGIN PKREQUESTMANAGER.CALLQUERY(40,'CLI0000003','abe','{}', '{abe}','{}', :cursor); END;
4/6/2019 11:16:43 41: LIBQUERY with Callback: 
4/6/2019 11:16:43 41: BEGIN PKREQUESTMANAGER.CALLQUERY(41,'WDG0000001','abe','{HEINENS_CUSTOM_PROD}', '{abe,-1}','{HN}', :cursor); END;
4/6/2019 11:16:44 41: 1 Object(s) returned... [FETCH]
4/6/2019 11:16:44 41: [object Object]
4/6/2019 11:16:44 41: {"metaData":[{"name":"USERID"},{"name":"USERCORPID"},{"name":"USERPASS"},{"name":"USERAUTH"},{"name":"USERLANG"},{"name":"USERPROF"},{"name":"USERAPPLI"},{"name":"USERFNAME"},{"name":"USERLNAME"},{"name":"USEREMAIL"},{"name":"USERMOBILE"},{"name":"USERTEAM"},{"name":"USERACTIVE"},{"name":"USERDCRE"},{"name":"USERDMAJ"},{"name":"USERUTIL"},{"name":"USERTYPE"}]}
4/6/2019 11:16:44 42: LIBQUERY with Callback: 
4/6/2019 11:16:44 42: BEGIN PKREQUESTMANAGER.CALLQUERY(42,'CLI0000002','abe','{}', '{abe}','{}', :cursor); END;
4/6/2019 11:16:44 41: 6 Object(s) returned... [FETCH]
4/6/2019 11:16:44 41: [object Object],[object Object],[object Object],[object Object],[object Object],[object Object]
4/6/2019 11:16:44 41: {"metaData":[{"name":"LEVEL"},{"name":"ENVID"},{"name":"ENVCORPID"},{"name":"ENVCODE"},{"name":"ENVTYPE"},{"name":"ENVACTIVE"},{"name":"ENVSDESC"},{"name":"ENVLDESC"},{"name":"ENVDBTYPE"},{"name":"ENVIP"},{"name":"ENVPORT"},{"name":"ENVUSER"},{"name":"ENVPASSWORD"},{"name":"ENVSOURCE"},{"name":"ENVDBLINK"},{"name":"ENVDEFAULT"},{"name":"ENVDCRE"},{"name":"ENVDMAJ"},{"name":"ENVUTIL"},{"name":"ENVVERSION"},{"name":"ENVDEFLANG"},{"name":"CORPPIC"},{"name":"ENVVARINITSH"}]}
4/6/2019 11:16:44 43: LIBQUERY with Callback: 
4/6/2019 11:16:44 43: BEGIN PKREQUESTMANAGER.CALLQUERY(43,'CLI0000003','abe','{}', '{abe}','{}', :cursor); END;
4/6/2019 11:16:44 43: 1 Object(s) returned... [FETCH]
4/6/2019 11:16:44 43: [object Object]
4/6/2019 11:16:44 43: {"metaData":[{"name":"'EXECUTINGISSUE,CHECKDBMS_SQL.EXECUTERIGHTS'"}]}
4/6/2019 11:16:45 44: LIBQUERY with Callback: 
4/6/2019 11:16:45 44: BEGIN PKREQUESTMANAGER.CALLQUERY(44,'WDG1000000','abe','{HEINENS_CUSTOM_PROD}', '{undefined}','{HN}', :cursor); END;
4/6/2019 11:16:45 43: 1 Object(s) returned... [FETCH]
4/6/2019 11:16:45 43: [object Object]
4/6/2019 11:16:45 43: {"metaData":[{"name":"USERID"},{"name":"USERCORPID"},{"name":"USERPASS"},{"name":"USERAUTH"},{"name":"USERLANG"},{"name":"USERPROF"},{"name":"USERAPPLI"},{"name":"USERFNAME"},{"name":"USERLNAME"},{"name":"USEREMAIL"},{"name":"USERMOBILE"},{"name":"USERTEAM"},{"name":"USERACTIVE"},{"name":"USERDCRE"},{"name":"USERDMAJ"},{"name":"USERUTIL"},{"name":"USERTYPE"}]}
4/6/2019 11:16:45 45: LIBQUERY with Callback: 
4/6/2019 11:16:45 45: BEGIN PKREQUESTMANAGER.CALLQUERY(45,'CLI0000002','abe','{}', '{abe}','{}', :cursor); END;
4/6/2019 11:16:46 45: 6 Object(s) returned... [FETCH]
4/6/2019 11:16:46 45: [object Object],[object Object],[object Object],[object Object],[object Object],[object Object]
4/6/2019 11:16:46 45: {"metaData":[{"name":"LEVEL"},{"name":"ENVID"},{"name":"ENVCORPID"},{"name":"ENVCODE"},{"name":"ENVTYPE"},{"name":"ENVACTIVE"},{"name":"ENVSDESC"},{"name":"ENVLDESC"},{"name":"ENVDBTYPE"},{"name":"ENVIP"},{"name":"ENVPORT"},{"name":"ENVUSER"},{"name":"ENVPASSWORD"},{"name":"ENVSOURCE"},{"name":"ENVDBLINK"},{"name":"ENVDEFAULT"},{"name":"ENVDCRE"},{"name":"ENVDMAJ"},{"name":"ENVUTIL"},{"name":"ENVVERSION"},{"name":"ENVDEFLANG"},{"name":"CORPPIC"},{"name":"ENVVARINITSH"}]}
4/6/2019 11:16:46 46: LIBQUERY with Callback: 
4/6/2019 11:16:46 46: BEGIN PKREQUESTMANAGER.CALLQUERY(46,'CLI0000003','abe','{}', '{abe}','{}', :cursor); END;
4/6/2019 11:16:46 46: 1 Object(s) returned... [FETCH]
4/6/2019 11:16:46 46: [object Object]
4/6/2019 11:16:46 46: {"metaData":[{"name":"USERID"},{"name":"USERCORPID"},{"name":"USERPASS"},{"name":"USERAUTH"},{"name":"USERLANG"},{"name":"USERPROF"},{"name":"USERAPPLI"},{"name":"USERFNAME"},{"name":"USERLNAME"},{"name":"USEREMAIL"},{"name":"USERMOBILE"},{"name":"USERTEAM"},{"name":"USERACTIVE"},{"name":"USERDCRE"},{"name":"USERDMAJ"},{"name":"USERUTIL"},{"name":"USERTYPE"}]}
4/6/2019 11:16:47 46: 6 Object(s) returned... [FETCH]
4/6/2019 11:16:47 46: [object Object],[object Object],[object Object],[object Object],[object Object],[object Object]
4/6/2019 11:16:48 46: {"metaData":[{"name":"LEVEL"},{"name":"ENVID"},{"name":"ENVCORPID"},{"name":"ENVCODE"},{"name":"ENVTYPE"},{"name":"ENVACTIVE"},{"name":"ENVSDESC"},{"name":"ENVLDESC"},{"name":"ENVDBTYPE"},{"name":"ENVIP"},{"name":"ENVPORT"},{"name":"ENVUSER"},{"name":"ENVPASSWORD"},{"name":"ENVSOURCE"},{"name":"ENVDBLINK"},{"name":"ENVDEFAULT"},{"name":"ENVDCRE"},{"name":"ENVDMAJ"},{"name":"ENVUTIL"},{"name":"ENVVERSION"},{"name":"ENVDEFLANG"},{"name":"CORPPIC"},{"name":"ENVVARINITSH"}]}
4/6/2019 11:16:50 47: LIBQUERY with Callback: 
4/6/2019 11:16:50 47: BEGIN PKREQUESTMANAGER.CALLQUERY(47,'WDG0000001','abe','{HEINENS_CUSTOM_PROD}', '{abe,-1}','{HN}', :cursor); END;
4/6/2019 11:16:52 47: 1 Object(s) returned... [FETCH]
4/6/2019 11:16:52 47: [object Object]
4/6/2019 11:16:52 47: {"metaData":[{"name":"'EXECUTINGISSUE,CHECKDBMS_SQL.EXECUTERIGHTS'"}]}
4/6/2019 11:17:3 48: LIBQUERY with Callback: 
4/6/2019 11:17:3 48: BEGIN PKREQUESTMANAGER.CALLQUERY(48,'SUP0000001','abe','{HEINENS_CEN_UAT}', '{LEO}','{HN}', :cursor); END;
4/6/2019 11:17:5 48: 57 Object(s) returned... [FETCH]
4/6/2019 11:17:5 48: [object Object],[object Object],[object Object],[object Object],[object Object],[object Object],[object Object],[object Object],[object Object],[object Object],[object Object],[object Object],[object Object],[object Object],[object Object],[object Object],[object Object],[object Object],[object Object],[object Object],[object Object],[object Object],[object Object],[object Object],[object Object],[object Object],[object Object],[object Object],[object Object],[object Object],[object Object],[object Object],[object Object],[object Object],[object Object],[object Object],[object Object],[object Object],[object Object],[object Object],[object Object],[object Object],[object Object],[object Object],[object Object],[object Object],[object Object],[object Object],[object Object],[object Object],[object Object],[object Object],[object Object],[object Object],[object Object],[object Object],[object Object]
4/6/2019 11:17:5 48: {"metaData":[{"name":"LISCFIN"},{"name":"FOUCNUF"},{"name":"FOULIBL"},{"name":"FCSNUM"},{"name":"LISCSIN"},{"name":"LISCCIN"},{"name":"FCCNUM"},{"name":"LISNFILF"},{"name":"SOCSITE"},{"name":"SOCLMAG"},{"name":"LISNFILC"},{"name":"LISTLIV"},{"name":"LISCOMC"},{"name":"LISCOMR"},{"name":"LISCOMF"},{"name":"LISVCOM"},{"name":"LISTSLI"},{"name":"LISTSQP"},{"name":"LISTOP"},{"name":"LISAVAL"},{"name":"LISMARQ"},{"name":"LISREAP"},{"name":"LISUREAP"},{"name":"LISUREAP_LIB"},{"name":"LISCOMM"},{"name":"LISCDLU"},{"name":"LISCDMA"},{"name":"LISCDME"},{"name":"LISCDJE"},{"name":"LISCDVE"},{"name":"LISCDSA"},{"name":"LISCDDI"},{"name":"LISLILU"},{"name":"LISLIMA"},{"name":"LISLIME"},{"name":"LISLIJE"},{"name":"LISLIVE"},{"name":"LISLISA"},{"name":"LISLIDI"},{"name":"LISHRLU"},{"name":"LISHRMA"},{"name":"LISHRME"},{"name":"LISHRJE"},{"name":"LISHRVE"},{"name":"LISHRSA"},{"name":"LISHRDI"},{"name":"LISHLLU"},{"name":"LISHLMA"},{"name":"LISHLME"},{"name":"LISHLJE"},{"name":"LISHLVE"},{"name":"LISHLSA"},{"name":"LISHLDI"},{"name":"LISHRLU2"},{"name":"LISHRMA2"},{"name":"LISHRME2"},{"name":"LISHRJE2"},{"name":"LISHRVE2"},{"name":"LISHRSA2"},{"name":"LISHRDI2"},{"name":"LISHLLU2"},{"name":"LISHLMA2"},{"name":"LISHLME2"},{"name":"LISHLJE2"},{"name":"LISHLVE2"},{"name":"LISHLSA2"},{"name":"LISHLDI2"},{"name":"LISHRLU3"},{"name":"LISHRMA3"},{"name":"LISHRME3"},{"name":"LISHRJE3"},{"name":"LISHRVE3"},{"name":"LISHRSA3"},{"name":"LISHRDI3"},{"name":"LISHLLU3"},{"name":"LISHLMA3"},{"name":"LISHLME3"},{"name":"LISHLJE3"},{"name":"LISHLVE3"},{"name":"LISHLSA3"},{"name":"LISHLDI3"},{"name":"LISDDEB"},{"name":"LISDFIN"}]}
4/6/2019 11:17:13 49: LIBQUERY with Callback: 
4/6/2019 11:17:13 49: BEGIN PKREQUESTMANAGER.CALLQUERY(49,'WDG1000000','abe','{HEINENS_CUSTOM_PROD}', '{undefined}','{HN}', :cursor); END;
4/6/2019 11:18:45 50: LIBQUERY with Callback: 
4/6/2019 11:18:45 50: BEGIN PKREQUESTMANAGER.CALLQUERY(50,'WDG1000000','abe','{HEINENS_CUSTOM_PROD}', '{undefined}','{HN}', :cursor); END;
4/6/2019 11:21:13 51: LIBQUERY with Callback: 
4/6/2019 11:21:13 51: BEGIN PKREQUESTMANAGER.CALLQUERY(51,'ADM0000001','abe','{}', '{abe,abe}','{}', :cursor); END;
4/6/2019 11:21:15 51: 1 Object(s) returned... [FETCH]
4/6/2019 11:21:15 51: [object Object]
4/6/2019 11:21:15 51: {"metaData":[{"name":"USERID"},{"name":"USERFNAME"},{"name":"USERLNAME"},{"name":"USEREMAIL"},{"name":"USERMOBILE"}]}
4/6/2019 11:21:15 52: LIBQUERY with Callback: 
4/6/2019 11:21:15 52: BEGIN PKREQUESTMANAGER.CALLQUERY(52,'CLI0000002','abe','{}', '{abe}','{}', :cursor); END;
4/6/2019 11:21:15 53: LIBQUERY with Callback: 
4/6/2019 11:21:15 53: BEGIN PKREQUESTMANAGER.CALLQUERY(53,'CLI0000003','abe','{}', '{abe}','{}', :cursor); END;
4/6/2019 11:21:17 53: 1 Object(s) returned... [FETCH]
4/6/2019 11:21:17 53: [object Object]
4/6/2019 11:21:17 53: 6 Object(s) returned... [FETCH]
4/6/2019 11:21:17 53: [object Object],[object Object],[object Object],[object Object],[object Object],[object Object]
4/6/2019 11:21:17 53: {"metaData":[{"name":"USERID"},{"name":"USERCORPID"},{"name":"USERPASS"},{"name":"USERAUTH"},{"name":"USERLANG"},{"name":"USERPROF"},{"name":"USERAPPLI"},{"name":"USERFNAME"},{"name":"USERLNAME"},{"name":"USEREMAIL"},{"name":"USERMOBILE"},{"name":"USERTEAM"},{"name":"USERACTIVE"},{"name":"USERDCRE"},{"name":"USERDMAJ"},{"name":"USERUTIL"},{"name":"USERTYPE"}]}
4/6/2019 11:21:17 53: {"metaData":[{"name":"LEVEL"},{"name":"ENVID"},{"name":"ENVCORPID"},{"name":"ENVCODE"},{"name":"ENVTYPE"},{"name":"ENVACTIVE"},{"name":"ENVSDESC"},{"name":"ENVLDESC"},{"name":"ENVDBTYPE"},{"name":"ENVIP"},{"name":"ENVPORT"},{"name":"ENVUSER"},{"name":"ENVPASSWORD"},{"name":"ENVSOURCE"},{"name":"ENVDBLINK"},{"name":"ENVDEFAULT"},{"name":"ENVDCRE"},{"name":"ENVDMAJ"},{"name":"ENVUTIL"},{"name":"ENVVERSION"},{"name":"ENVDEFLANG"},{"name":"CORPPIC"},{"name":"ENVVARINITSH"}]}
4/6/2019 11:21:17 54: LIBQUERY with Callback: 
4/6/2019 11:21:17 54: BEGIN PKREQUESTMANAGER.CALLQUERY(54,'WDG0000001','abe','{HEINENS_CUSTOM_PROD}', '{abe,-1}','{HN}', :cursor); END;
4/6/2019 11:21:19 54: 1 Object(s) returned... [FETCH]
4/6/2019 11:21:19 54: [object Object]
4/6/2019 11:21:19 54: {"metaData":[{"name":"'EXECUTINGISSUE,CHECKDBMS_SQL.EXECUTERIGHTS'"}]}
4/6/2019 11:21:19 55: LIBQUERY with Callback: 
4/6/2019 11:21:19 55: BEGIN PKREQUESTMANAGER.CALLQUERY(55,'WDG1000000','abe','{HEINENS_CUSTOM_PROD}', '{undefined}','{HN}', :cursor); END;
4/6/2019 11:21:28 56: LIBQUERY with Callback: 
4/6/2019 11:21:28 56: BEGIN PKREQUESTMANAGER.CALLQUERY(56,'SUP0000001','abe','{HEINENS_CEN_UAT}', '{LEO}','{HN}', :cursor); END;
4/6/2019 11:21:31 56: 57 Object(s) returned... [FETCH]
4/6/2019 11:21:31 56: [object Object],[object Object],[object Object],[object Object],[object Object],[object Object],[object Object],[object Object],[object Object],[object Object],[object Object],[object Object],[object Object],[object Object],[object Object],[object Object],[object Object],[object Object],[object Object],[object Object],[object Object],[object Object],[object Object],[object Object],[object Object],[object Object],[object Object],[object Object],[object Object],[object Object],[object Object],[object Object],[object Object],[object Object],[object Object],[object Object],[object Object],[object Object],[object Object],[object Object],[object Object],[object Object],[object Object],[object Object],[object Object],[object Object],[object Object],[object Object],[object Object],[object Object],[object Object],[object Object],[object Object],[object Object],[object Object],[object Object],[object Object]
4/6/2019 11:21:31 56: {"metaData":[{"name":"LISCFIN"},{"name":"FOUCNUF"},{"name":"FOULIBL"},{"name":"FCSNUM"},{"name":"LISCSIN"},{"name":"LISCCIN"},{"name":"FCCNUM"},{"name":"LISNFILF"},{"name":"SOCSITE"},{"name":"SOCLMAG"},{"name":"LISNFILC"},{"name":"LISTLIV"},{"name":"LISCOMC"},{"name":"LISCOMR"},{"name":"LISCOMF"},{"name":"LISVCOM"},{"name":"LISTSLI"},{"name":"LISTSQP"},{"name":"LISTOP"},{"name":"LISAVAL"},{"name":"LISMARQ"},{"name":"LISREAP"},{"name":"LISUREAP"},{"name":"LISUREAP_LIB"},{"name":"LISCOMM"},{"name":"LISCDLU"},{"name":"LISCDMA"},{"name":"LISCDME"},{"name":"LISCDJE"},{"name":"LISCDVE"},{"name":"LISCDSA"},{"name":"LISCDDI"},{"name":"LISLILU"},{"name":"LISLIMA"},{"name":"LISLIME"},{"name":"LISLIJE"},{"name":"LISLIVE"},{"name":"LISLISA"},{"name":"LISLIDI"},{"name":"LISHRLU"},{"name":"LISHRMA"},{"name":"LISHRME"},{"name":"LISHRJE"},{"name":"LISHRVE"},{"name":"LISHRSA"},{"name":"LISHRDI"},{"name":"LISHLLU"},{"name":"LISHLMA"},{"name":"LISHLME"},{"name":"LISHLJE"},{"name":"LISHLVE"},{"name":"LISHLSA"},{"name":"LISHLDI"},{"name":"LISHRLU2"},{"name":"LISHRMA2"},{"name":"LISHRME2"},{"name":"LISHRJE2"},{"name":"LISHRVE2"},{"name":"LISHRSA2"},{"name":"LISHRDI2"},{"name":"LISHLLU2"},{"name":"LISHLMA2"},{"name":"LISHLME2"},{"name":"LISHLJE2"},{"name":"LISHLVE2"},{"name":"LISHLSA2"},{"name":"LISHLDI2"},{"name":"LISHRLU3"},{"name":"LISHRMA3"},{"name":"LISHRME3"},{"name":"LISHRJE3"},{"name":"LISHRVE3"},{"name":"LISHRSA3"},{"name":"LISHRDI3"},{"name":"LISHLLU3"},{"name":"LISHLMA3"},{"name":"LISHLME3"},{"name":"LISHLJE3"},{"name":"LISHLVE3"},{"name":"LISHLSA3"},{"name":"LISHLDI3"},{"name":"LISDDEB"},{"name":"LISDFIN"}]}
4/6/2019 11:23:20 57: LIBQUERY with Callback: 
4/6/2019 11:23:20 57: BEGIN PKREQUESTMANAGER.CALLQUERY(57,'WDG1000000','abe','{HEINENS_CUSTOM_PROD}', '{undefined}','{HN}', :cursor); END;
