10/9/2017 13:17:57 1: LIBQUERY with Callback: 
10/9/2017 13:17:57 1: Path request:/api/authentification/
10/9/2017 13:17:57 1: Path header:undefined
10/9/2017 13:17:57 1: Path query:{}
10/9/2017 13:17:57 1: BEGIN PKREQUESTMANAGER.CALLQUERY(1,'ADM0000001','abe','{}', '{abe,abe}','{}', :cursor); END;
10/9/2017 13:17:57 2: LIBQUERY with Callback: 
10/9/2017 13:17:57 2: Path request:/api/authentification/
10/9/2017 13:17:57 2: Path header:undefined
10/9/2017 13:17:57 2: Path query:{}
10/9/2017 13:17:57 2: BEGIN PKREQUESTMANAGER.CALLQUERY(2,'ADM0000001','abe','{}', '{abe,abe}','{}', :cursor); END;
10/9/2017 13:17:57 1: 1 Object(s) returned... [FETCH]
10/9/2017 13:17:57 1: [object Object]
10/9/2017 13:17:57 2: 1 Object(s) returned... [FETCH]
10/9/2017 13:17:57 2: [object Object]
10/9/2017 13:17:57 3: LIBQUERY with Callback: 
10/9/2017 13:17:57 3: Path request:/api/user/
10/9/2017 13:17:57 3: Path header:undefined
10/9/2017 13:17:57 3: Path query:{"USER_NAME":"abe"}
10/9/2017 13:17:57 3: BEGIN PKREQUESTMANAGER.CALLQUERY(3,'CLI0000002','abe','{}', '{abe}','{}', :cursor); END;
10/9/2017 13:17:57 4: LIBQUERY with Callback: 
10/9/2017 13:17:57 4: Path request:/api/environment/
10/9/2017 13:17:57 4: Path header:undefined
10/9/2017 13:17:57 4: Path query:{"USER_NAME":"abe"}
10/9/2017 13:17:57 4: BEGIN PKREQUESTMANAGER.CALLQUERY(4,'CLI0000003','abe','{}', '{abe}','{}', :cursor); END;
10/9/2017 13:17:57 4: 1 Object(s) returned... [FETCH]
10/9/2017 13:17:57 4: [object Object]
10/9/2017 13:17:57 4: 6 Object(s) returned... [FETCH]
10/9/2017 13:17:57 4: [object Object],[object Object],[object Object],[object Object],[object Object],[object Object]
10/9/2017 13:17:57 5: LIBQUERY with Callback: 
10/9/2017 13:17:57 5: Path request:/api/user/
10/9/2017 13:17:57 5: Path header:undefined
10/9/2017 13:17:57 5: Path query:{"USER_NAME":"abe"}
10/9/2017 13:17:57 5: BEGIN PKREQUESTMANAGER.CALLQUERY(5,'CLI0000002','abe','{}', '{abe}','{}', :cursor); END;
10/9/2017 13:17:57 6: LIBQUERY with Callback: 
10/9/2017 13:17:57 6: Path request:/api/environment/
10/9/2017 13:17:57 6: Path header:undefined
10/9/2017 13:17:57 6: Path query:{"USER_NAME":"abe"}
10/9/2017 13:17:57 6: BEGIN PKREQUESTMANAGER.CALLQUERY(6,'CLI0000003','abe','{}', '{abe}','{}', :cursor); END;
10/9/2017 13:17:58 6: 1 Object(s) returned... [FETCH]
10/9/2017 13:17:58 6: [object Object]
10/9/2017 13:17:58 6: 6 Object(s) returned... [FETCH]
10/9/2017 13:17:58 6: [object Object],[object Object],[object Object],[object Object],[object Object],[object Object]
10/9/2017 13:17:58 7: LIBQUERY with Callback: 
10/9/2017 13:17:58 7: Path request:/api/labels/
10/9/2017 13:17:58 7: Path header:undefined
10/9/2017 13:17:58 7: Path query:{}
10/9/2017 13:17:58 7: BEGIN PKREQUESTMANAGER.CALLQUERY(7,'LAB0000001','abe','{undefined}', '{undefined}','{}', :cursor); END;
10/9/2017 13:17:58 7: 36 Object(s) returned... [FETCH]
10/9/2017 13:17:58 7: [object Object],[object Object],[object Object],[object Object],[object Object],[object Object],[object Object],[object Object],[object Object],[object Object],[object Object],[object Object],[object Object],[object Object],[object Object],[object Object],[object Object],[object Object],[object Object],[object Object],[object Object],[object Object],[object Object],[object Object],[object Object],[object Object],[object Object],[object Object],[object Object],[object Object],[object Object],[object Object],[object Object],[object Object],[object Object],[object Object]
10/9/2017 13:18:9 8: LIBQUERY with Callback: 
10/9/2017 13:18:9 8: Path request:/api/counting/2/
10/9/2017 13:18:9 8: Path header:undefined
10/9/2017 13:18:9 8: Path query:{"PARAM":"10/09/2017"}
10/9/2017 13:18:9 8: BEGIN PKREQUESTMANAGER.CALLQUERY(8,'CNT0000002','abe','{HEINENS_CUSTOM_PROD}', '{10/09/2017}','{HN}', :cursor); END;
10/9/2017 13:18:14 8: 6 Object(s) returned... [FETCH]
10/9/2017 13:18:14 8: [object Object],[object Object],[object Object],[object Object],[object Object],[object Object]
10/9/2017 13:21:5 9: LIBQUERY with Callback: 
10/9/2017 13:21:5 9: Path request:/api/counting/3/
10/9/2017 13:21:5 9: Path header:undefined
10/9/2017 13:21:5 9: Path query:{"PARAM":["10/09/2017","20","2017100820.csv"]}
10/9/2017 13:21:5 9: BEGIN PKREQUESTMANAGER.CALLQUERY(9,'CNT0000003','abe','{HEINENS_CUSTOM_PROD}', '{10/09/2017,20,2017100820.csv}','{HN}', :cursor); END;
10/9/2017 13:21:5 10: LIBQUERY with Callback: 
10/9/2017 13:21:5 10: Path request:/api/counting/4/
10/9/2017 13:21:5 10: Path header:undefined
10/9/2017 13:21:5 10: Path query:{"PARAM":["10/09/2017","20","2017100820.csv"]}
10/9/2017 13:21:5 10: BEGIN PKREQUESTMANAGER.CALLQUERY(10,'CNT0000004','abe','{HEINENS_CUSTOM_PROD}', '{10/09/2017,20,2017100820.csv}','{HN}', :cursor); END;
10/9/2017 13:21:16 10: 1 Object(s) returned... [FETCH]
10/9/2017 13:21:16 10: [object Object]
10/9/2017 13:21:16 11: LIBQUERY with Callback: 
10/9/2017 13:21:16 11: Path request:/api/process/
10/9/2017 13:21:16 11: Path header:undefined
10/9/2017 13:21:16 11: Path query:{"PARAM":["10/09/2017","pssti12p","10 20"]}
10/9/2017 13:21:16 11: BEGIN PKREQUESTMANAGER.CALLQUERY(11,'BTH0000001','abe','{HEINENS_CUSTOM_PROD}', '{10/09/2017,pssti12p,10 20}','{HN}', :cursor); END;
10/9/2017 13:21:16 12: LIBQUERY with Callback: 
10/9/2017 13:21:16 12: Path request:/api/counting/5/
10/9/2017 13:21:16 12: Path header:undefined
10/9/2017 13:21:16 12: Path query:{"PARAM":["10/09/2017","20","2017100820.csv"]}
10/9/2017 13:21:16 12: BEGIN PKREQUESTMANAGER.CALLQUERY(12,'CNT0000005','abe','{HEINENS_CUSTOM_PROD}', '{10/09/2017,20,2017100820.csv}','{HN}', :cursor); END;
10/9/2017 13:21:16 13: LIBQUERY with Callback: 
10/9/2017 13:21:16 13: Path request:/api/counting/6/
10/9/2017 13:21:16 13: Path header:undefined
10/9/2017 13:21:16 13: Path query:{"PARAM":["10/09/2017","20","2017100820.csv"]}
10/9/2017 13:21:16 13: BEGIN PKREQUESTMANAGER.CALLQUERY(13,'CNT0000006','abe','{HEINENS_CUSTOM_PROD}', '{10/09/2017,20,2017100820.csv}','{HN}', :cursor); END;
10/9/2017 13:21:19 13: 0 Object(s) returned... [FETCH] :)
10/9/2017 13:21:25 13: 264 Object(s) returned... [FETCH]
10/9/2017 13:21:25 13: [object Object],[object Object],[object Object],[object Object],[object Object],[object Object],[object Object],[object Object],[object Object],[object Object],[object Object],[object Object],[object Object],[object Object],[object Object],[object Object],[object Object],[object Object],[object Object],[object Object],[object Object],[object Object],[object Object],[object Object],[object Object],[object Object],[object Object],[object Object],[object Object],[object Object],[object Object],[object Object],[object Object],[object Object],[object Object],[object Object],[object Object],[object Object],[object Object],[object Object],[object Object],[object Object],[object Object],[object Object],[object Object],[object Object],[object Object],[object Object],[object Object],[object Object],[object Object],[object Object],[object Object],[object Object],[object Object],[object Object],[object Object],[object Object],[object Object],[object Object],[object Object],[object Object],[object Object],[object Object],[object Object],[object Object],[object Object],[object Object],[object Object],[object Object],[object Object],[object Object],[object Object],[object Object],[object Object],[object Object],[object Object],[object Object],[object Object],[object Object],[object Object],[object Object],[object Object],[object Object],[object Object],[object Object],[object Object],[object Object],[object Object],[object Object],[object Object],[object Object],[object Object],[object Object],[object Object],[object Object],[object Object],[object Object],[object Object],[object Object],[object Object],[object Object],[object Object],[object Object],[object Object],[object Object],[object Object],[object Object],[object Object],[object Object],[object Object],[object Object],[object Object],[object Object],[object Object],[object Object],[object Object],[object Object],[object Object],[object Object],[object Object],[object Object],[object Object],[object Object],[object Object],[object Object],[object Object],[object Object],[object Object],[object Object],[object Object],[object Object],[object Object],[object Object],[object Object],[object Object],[object Object],[object Object],[object Object],[object Object],[object Object],[object Object],[object Object],[object Object],[object Object],[object Object],[object Object],[object Object],[object Object],[object Object],[object Object],[object Object],[object Object],[object Object],[object Object],[object Object],[object Object],[object Object],[object Object],[object Object],[object Object],[object Object],[object Object],[object Object],[object Object],[object Object],[object Object],[object Object],[object Object],[object Object],[object Object],[object Object],[object Object],[object Object],[object Object],[object Object],[object Object],[object Object],[object Object],[object Object],[object Object],[object Object],[object Object],[object Object],[object Object],[object Object],[object Object],[object Object],[object Object],[object Object],[object Object],[object Object],[object Object],[object Object],[object Object],[object Object],[object Object],[object Object],[object Object],[object Object],[object Object],[object Object],[object Object],[object Object],[object Object],[object Object],[object Object],[object Object],[object Object],[object Object],[object Object],[object Object],[object Object],[object Object],[object Object],[object Object],[object Object],[object Object],[object Object],[object Object],[object Object],[object Object],[object Object],[object Object],[object Object],[object Object],[object Object],[object Object],[object Object],[object Object],[object Object],[object Object],[object Object],[object Object],[object Object],[object Object],[object Object],[object Object],[object Object],[object Object],[object Object],[object Object],[object Object],[object Object],[object Object],[object Object],[object Object],[object Object],[object Object],[object Object],[object Object],[object Object],[object Object],[object Object],[object Object],[object Object],[object Object],[object Object],[object Object],[object Object],[object Object],[object Object],[object Object],[object Object]
10/9/2017 13:21:28 13: 0 Object(s) returned... [FETCH] :)
10/9/2017 13:21:37 14: LIBQUERY with Callback: 
10/9/2017 13:21:37 14: Path request:/api/counting/3/
10/9/2017 13:21:37 14: Path header:undefined
10/9/2017 13:21:37 14: Path query:{"PARAM":["10/09/2017","14","2017100814.csv"]}
10/9/2017 13:21:37 14: BEGIN PKREQUESTMANAGER.CALLQUERY(14,'CNT0000003','abe','{HEINENS_CUSTOM_PROD}', '{10/09/2017,14,2017100814.csv}','{HN}', :cursor); END;
10/9/2017 13:21:37 15: LIBQUERY with Callback: 
10/9/2017 13:21:37 15: Path request:/api/counting/4/
10/9/2017 13:21:37 15: Path header:undefined
10/9/2017 13:21:37 15: Path query:{"PARAM":["10/09/2017","14","2017100814.csv"]}
10/9/2017 13:21:37 15: BEGIN PKREQUESTMANAGER.CALLQUERY(15,'CNT0000004','abe','{HEINENS_CUSTOM_PROD}', '{10/09/2017,14,2017100814.csv}','{HN}', :cursor); END;
10/9/2017 13:21:41 15: 0 Object(s) returned... [FETCH] :)
10/9/2017 13:21:43 15: 1 Object(s) returned... [FETCH]
10/9/2017 13:21:43 15: [object Object]
10/9/2017 13:21:43 16: LIBQUERY with Callback: 
10/9/2017 13:21:43 16: Path request:/api/process/
10/9/2017 13:21:43 16: Path header:undefined
10/9/2017 13:21:43 16: Path query:{"PARAM":["10/09/2017","pssti12p","10 14"]}
10/9/2017 13:21:43 16: BEGIN PKREQUESTMANAGER.CALLQUERY(16,'BTH0000001','abe','{HEINENS_CUSTOM_PROD}', '{10/09/2017,pssti12p,10 14}','{HN}', :cursor); END;
10/9/2017 13:21:43 17: LIBQUERY with Callback: 
10/9/2017 13:21:43 17: Path request:/api/counting/5/
10/9/2017 13:21:43 17: Path header:undefined
10/9/2017 13:21:43 17: Path query:{"PARAM":["10/09/2017","14","2017100814.csv"]}
10/9/2017 13:21:43 17: BEGIN PKREQUESTMANAGER.CALLQUERY(17,'CNT0000005','abe','{HEINENS_CUSTOM_PROD}', '{10/09/2017,14,2017100814.csv}','{HN}', :cursor); END;
10/9/2017 13:21:43 18: LIBQUERY with Callback: 
10/9/2017 13:21:43 18: Path request:/api/counting/6/
10/9/2017 13:21:43 18: Path header:undefined
10/9/2017 13:21:43 18: Path query:{"PARAM":["10/09/2017","14","2017100814.csv"]}
10/9/2017 13:21:43 18: BEGIN PKREQUESTMANAGER.CALLQUERY(18,'CNT0000006','abe','{HEINENS_CUSTOM_PROD}', '{10/09/2017,14,2017100814.csv}','{HN}', :cursor); END;
10/9/2017 13:21:44 18: 0 Object(s) returned... [FETCH] :)
10/9/2017 13:21:48 18: 154 Object(s) returned... [FETCH]
10/9/2017 13:21:48 18: [object Object],[object Object],[object Object],[object Object],[object Object],[object Object],[object Object],[object Object],[object Object],[object Object],[object Object],[object Object],[object Object],[object Object],[object Object],[object Object],[object Object],[object Object],[object Object],[object Object],[object Object],[object Object],[object Object],[object Object],[object Object],[object Object],[object Object],[object Object],[object Object],[object Object],[object Object],[object Object],[object Object],[object Object],[object Object],[object Object],[object Object],[object Object],[object Object],[object Object],[object Object],[object Object],[object Object],[object Object],[object Object],[object Object],[object Object],[object Object],[object Object],[object Object],[object Object],[object Object],[object Object],[object Object],[object Object],[object Object],[object Object],[object Object],[object Object],[object Object],[object Object],[object Object],[object Object],[object Object],[object Object],[object Object],[object Object],[object Object],[object Object],[object Object],[object Object],[object Object],[object Object],[object Object],[object Object],[object Object],[object Object],[object Object],[object Object],[object Object],[object Object],[object Object],[object Object],[object Object],[object Object],[object Object],[object Object],[object Object],[object Object],[object Object],[object Object],[object Object],[object Object],[object Object],[object Object],[object Object],[object Object],[object Object],[object Object],[object Object],[object Object],[object Object],[object Object],[object Object],[object Object],[object Object],[object Object],[object Object],[object Object],[object Object],[object Object],[object Object],[object Object],[object Object],[object Object],[object Object],[object Object],[object Object],[object Object],[object Object],[object Object],[object Object],[object Object],[object Object],[object Object],[object Object],[object Object],[object Object],[object Object],[object Object],[object Object],[object Object],[object Object],[object Object],[object Object],[object Object],[object Object],[object Object],[object Object],[object Object],[object Object],[object Object],[object Object],[object Object],[object Object],[object Object],[object Object],[object Object],[object Object],[object Object],[object Object],[object Object],[object Object],[object Object]
10/9/2017 13:21:49 18: 0 Object(s) returned... [FETCH] :)
10/9/2017 13:22:0 18: 0 Object(s) returned... [FETCH] :)
10/9/2017 13:48:19 19: LIBQUERY with Callback: 
10/9/2017 13:48:19 19: Path request:/api/counting/3/
10/9/2017 13:48:19 19: Path header:undefined
10/9/2017 13:48:19 19: Path query:{"PARAM":["10/09/2017","20","2017100820.csv"]}
10/9/2017 13:48:19 19: BEGIN PKREQUESTMANAGER.CALLQUERY(19,'CNT0000003','abe','{HEINENS_CUSTOM_PROD}', '{10/09/2017,20,2017100820.csv}','{HN}', :cursor); END;
10/9/2017 13:48:19 20: LIBQUERY with Callback: 
10/9/2017 13:48:19 20: Path request:/api/counting/4/
10/9/2017 13:48:19 20: Path header:undefined
10/9/2017 13:48:19 20: Path query:{"PARAM":["10/09/2017","20","2017100820.csv"]}
10/9/2017 13:48:19 20: BEGIN PKREQUESTMANAGER.CALLQUERY(20,'CNT0000004','abe','{HEINENS_CUSTOM_PROD}', '{10/09/2017,20,2017100820.csv}','{HN}', :cursor); END;
10/9/2017 13:48:25 20: 1 Object(s) returned... [FETCH]
10/9/2017 13:48:25 20: [object Object]
10/9/2017 13:48:25 21: LIBQUERY with Callback: 
10/9/2017 13:48:25 21: Path request:/api/counting/5/
10/9/2017 13:48:25 21: Path header:undefined
10/9/2017 13:48:25 21: Path query:{"PARAM":["10/09/2017","20","2017100820.csv"]}
10/9/2017 13:48:25 21: BEGIN PKREQUESTMANAGER.CALLQUERY(21,'CNT0000005','abe','{HEINENS_CUSTOM_PROD}', '{10/09/2017,20,2017100820.csv}','{HN}', :cursor); END;
10/9/2017 13:48:25 22: LIBQUERY with Callback: 
10/9/2017 13:48:25 22: Path request:/api/process/
10/9/2017 13:48:25 22: Path header:undefined
10/9/2017 13:48:25 22: Path query:{"PARAM":["10/09/2017","pssti12p","10 20"]}
10/9/2017 13:48:25 22: BEGIN PKREQUESTMANAGER.CALLQUERY(22,'BTH0000001','abe','{HEINENS_CUSTOM_PROD}', '{10/09/2017,pssti12p,10 20}','{HN}', :cursor); END;
10/9/2017 13:48:25 23: LIBQUERY with Callback: 
10/9/2017 13:48:25 23: Path request:/api/counting/6/
10/9/2017 13:48:25 23: Path header:undefined
10/9/2017 13:48:25 23: Path query:{"PARAM":["10/09/2017","20","2017100820.csv"]}
10/9/2017 13:48:25 23: BEGIN PKREQUESTMANAGER.CALLQUERY(23,'CNT0000006','abe','{HEINENS_CUSTOM_PROD}', '{10/09/2017,20,2017100820.csv}','{HN}', :cursor); END;
10/9/2017 13:48:27 23: 0 Object(s) returned... [FETCH] :)
10/9/2017 13:48:30 23: 264 Object(s) returned... [FETCH]
10/9/2017 13:48:30 23: [object Object],[object Object],[object Object],[object Object],[object Object],[object Object],[object Object],[object Object],[object Object],[object Object],[object Object],[object Object],[object Object],[object Object],[object Object],[object Object],[object Object],[object Object],[object Object],[object Object],[object Object],[object Object],[object Object],[object Object],[object Object],[object Object],[object Object],[object Object],[object Object],[object Object],[object Object],[object Object],[object Object],[object Object],[object Object],[object Object],[object Object],[object Object],[object Object],[object Object],[object Object],[object Object],[object Object],[object Object],[object Object],[object Object],[object Object],[object Object],[object Object],[object Object],[object Object],[object Object],[object Object],[object Object],[object Object],[object Object],[object Object],[object Object],[object Object],[object Object],[object Object],[object Object],[object Object],[object Object],[object Object],[object Object],[object Object],[object Object],[object Object],[object Object],[object Object],[object Object],[object Object],[object Object],[object Object],[object Object],[object Object],[object Object],[object Object],[object Object],[object Object],[object Object],[object Object],[object Object],[object Object],[object Object],[object Object],[object Object],[object Object],[object Object],[object Object],[object Object],[object Object],[object Object],[object Object],[object Object],[object Object],[object Object],[object Object],[object Object],[object Object],[object Object],[object Object],[object Object],[object Object],[object Object],[object Object],[object Object],[object Object],[object Object],[object Object],[object Object],[object Object],[object Object],[object Object],[object Object],[object Object],[object Object],[object Object],[object Object],[object Object],[object Object],[object Object],[object Object],[object Object],[object Object],[object Object],[object Object],[object Object],[object Object],[object Object],[object Object],[object Object],[object Object],[object Object],[object Object],[object Object],[object Object],[object Object],[object Object],[object Object],[object Object],[object Object],[object Object],[object Object],[object Object],[object Object],[object Object],[object Object],[object Object],[object Object],[object Object],[object Object],[object Object],[object Object],[object Object],[object Object],[object Object],[object Object],[object Object],[object Object],[object Object],[object Object],[object Object],[object Object],[object Object],[object Object],[object Object],[object Object],[object Object],[object Object],[object Object],[object Object],[object Object],[object Object],[object Object],[object Object],[object Object],[object Object],[object Object],[object Object],[object Object],[object Object],[object Object],[object Object],[object Object],[object Object],[object Object],[object Object],[object Object],[object Object],[object Object],[object Object],[object Object],[object Object],[object Object],[object Object],[object Object],[object Object],[object Object],[object Object],[object Object],[object Object],[object Object],[object Object],[object Object],[object Object],[object Object],[object Object],[object Object],[object Object],[object Object],[object Object],[object Object],[object Object],[object Object],[object Object],[object Object],[object Object],[object Object],[object Object],[object Object],[object Object],[object Object],[object Object],[object Object],[object Object],[object Object],[object Object],[object Object],[object Object],[object Object],[object Object],[object Object],[object Object],[object Object],[object Object],[object Object],[object Object],[object Object],[object Object],[object Object],[object Object],[object Object],[object Object],[object Object],[object Object],[object Object],[object Object],[object Object],[object Object],[object Object],[object Object],[object Object],[object Object],[object Object],[object Object],[object Object],[object Object],[object Object],[object Object],[object Object],[object Object],[object Object]
10/9/2017 13:48:32 23: 0 Object(s) returned... [FETCH] :)
10/9/2017 13:48:36 23: 0 Object(s) returned... [FETCH] :)
10/9/2017 13:48:44 24: LIBQUERY with Callback: 
10/9/2017 13:48:44 24: Path request:/api/counting/2/
10/9/2017 13:48:44 24: Path header:undefined
10/9/2017 13:48:44 24: Path query:{"PARAM":"10/09/2017"}
10/9/2017 13:48:44 24: BEGIN PKREQUESTMANAGER.CALLQUERY(24,'CNT0000002','abe','{HEINENS_CUSTOM_PROD}', '{10/09/2017}','{HN}', :cursor); END;
10/9/2017 13:48:51 24: 9 Object(s) returned... [FETCH]
10/9/2017 13:48:51 24: [object Object],[object Object],[object Object],[object Object],[object Object],[object Object],[object Object],[object Object],[object Object]
10/9/2017 13:48:56 25: LIBQUERY with Callback: 
10/9/2017 13:48:56 25: Path request:/api/counting/3/
10/9/2017 13:48:56 25: Path header:undefined
10/9/2017 13:48:56 25: Path query:{"PARAM":["10/09/2017","12","000012.csv"]}
10/9/2017 13:48:56 25: BEGIN PKREQUESTMANAGER.CALLQUERY(25,'CNT0000003','abe','{HEINENS_CUSTOM_PROD}', '{10/09/2017,12,000012.csv}','{HN}', :cursor); END;
10/9/2017 13:48:56 26: LIBQUERY with Callback: 
10/9/2017 13:48:56 26: Path request:/api/counting/4/
10/9/2017 13:48:56 26: Path header:undefined
10/9/2017 13:48:56 26: Path query:{"PARAM":["10/09/2017","12","000012.csv"]}
10/9/2017 13:48:56 26: BEGIN PKREQUESTMANAGER.CALLQUERY(26,'CNT0000004','abe','{HEINENS_CUSTOM_PROD}', '{10/09/2017,12,000012.csv}','{HN}', :cursor); END;
10/9/2017 13:49:1 26: 1 Object(s) returned... [FETCH]
10/9/2017 13:49:1 26: [object Object]
10/9/2017 13:49:1 27: LIBQUERY with Callback: 
10/9/2017 13:49:1 27: Path request:/api/process/
10/9/2017 13:49:1 27: Path header:undefined
10/9/2017 13:49:1 27: Path query:{"PARAM":["10/09/2017","pssti12p","10 12"]}
10/9/2017 13:49:1 27: BEGIN PKREQUESTMANAGER.CALLQUERY(27,'BTH0000001','abe','{HEINENS_CUSTOM_PROD}', '{10/09/2017,pssti12p,10 12}','{HN}', :cursor); END;
10/9/2017 13:49:1 28: LIBQUERY with Callback: 
10/9/2017 13:49:1 28: Path request:/api/counting/5/
10/9/2017 13:49:1 28: Path header:undefined
10/9/2017 13:49:1 28: Path query:{"PARAM":["10/09/2017","12","000012.csv"]}
10/9/2017 13:49:1 28: BEGIN PKREQUESTMANAGER.CALLQUERY(28,'CNT0000005','abe','{HEINENS_CUSTOM_PROD}', '{10/09/2017,12,000012.csv}','{HN}', :cursor); END;
10/9/2017 13:49:1 29: LIBQUERY with Callback: 
10/9/2017 13:49:1 29: Path request:/api/counting/6/
10/9/2017 13:49:1 29: Path header:undefined
10/9/2017 13:49:1 29: Path query:{"PARAM":["10/09/2017","12","000012.csv"]}
10/9/2017 13:49:1 29: BEGIN PKREQUESTMANAGER.CALLQUERY(29,'CNT0000006','abe','{HEINENS_CUSTOM_PROD}', '{10/09/2017,12,000012.csv}','{HN}', :cursor); END;
10/9/2017 13:49:2 29: 0 Object(s) returned... [FETCH] :)
10/9/2017 13:49:6 29: 2 Object(s) returned... [FETCH]
10/9/2017 13:49:6 29: [object Object],[object Object]
10/9/2017 13:49:9 29: 0 Object(s) returned... [FETCH] :)
10/9/2017 13:51:1 30: LIBQUERY with Callback: 
10/9/2017 13:51:1 30: Path request:/api/counting/5/
10/9/2017 13:51:1 30: Path header:undefined
10/9/2017 13:51:1 30: Path query:{"PARAM":["10/09/2017","12","000012.csv"]}
10/9/2017 13:51:1 30: BEGIN PKREQUESTMANAGER.CALLQUERY(30,'CNT0000005','abe','{HEINENS_CUSTOM_PROD}', '{10/09/2017,12,000012.csv}','{HN}', :cursor); END;
10/9/2017 15:58:35 31: LIBQUERY with Callback: 
10/9/2017 15:58:35 31: Path request:/api/counting/3/
10/9/2017 15:58:35 31: Path header:undefined
10/9/2017 15:58:35 31: Path query:{"PARAM":["10/09/2017","14","2017100814.csv"]}
10/9/2017 15:58:35 31: BEGIN PKREQUESTMANAGER.CALLQUERY(31,'CNT0000003','abe','{HEINENS_CUSTOM_PROD}', '{10/09/2017,14,2017100814.csv}','{HN}', :cursor); END;
10/9/2017 15:58:35 32: LIBQUERY with Callback: 
10/9/2017 15:58:35 32: Path request:/api/counting/4/
10/9/2017 15:58:35 32: Path header:undefined
10/9/2017 15:58:35 32: Path query:{"PARAM":["10/09/2017","14","2017100814.csv"]}
10/9/2017 15:58:35 32: BEGIN PKREQUESTMANAGER.CALLQUERY(32,'CNT0000004','abe','{HEINENS_CUSTOM_PROD}', '{10/09/2017,14,2017100814.csv}','{HN}', :cursor); END;
10/9/2017 15:58:41 32: 0 Object(s) returned... [FETCH] :)
10/9/2017 15:58:42 32: 1 Object(s) returned... [FETCH]
10/9/2017 15:58:42 32: [object Object]
10/9/2017 15:58:42 33: LIBQUERY with Callback: 
10/9/2017 15:58:42 33: Path request:/api/counting/5/
10/9/2017 15:58:42 33: Path header:undefined
10/9/2017 15:58:42 33: Path query:{"PARAM":["10/09/2017","14","2017100814.csv"]}
10/9/2017 15:58:42 33: BEGIN PKREQUESTMANAGER.CALLQUERY(33,'CNT0000005','abe','{HEINENS_CUSTOM_PROD}', '{10/09/2017,14,2017100814.csv}','{HN}', :cursor); END;
10/9/2017 15:58:42 34: LIBQUERY with Callback: 
10/9/2017 15:58:42 34: Path request:/api/process/
10/9/2017 15:58:42 34: Path header:undefined
10/9/2017 15:58:42 34: Path query:{"PARAM":["10/09/2017","pssti12p","10 14"]}
10/9/2017 15:58:42 34: BEGIN PKREQUESTMANAGER.CALLQUERY(34,'BTH0000001','abe','{HEINENS_CUSTOM_PROD}', '{10/09/2017,pssti12p,10 14}','{HN}', :cursor); END;
10/9/2017 15:58:42 35: LIBQUERY with Callback: 
10/9/2017 15:58:42 35: Path request:/api/counting/6/
10/9/2017 15:58:42 35: Path header:undefined
10/9/2017 15:58:42 35: Path query:{"PARAM":["10/09/2017","14","2017100814.csv"]}
10/9/2017 15:58:42 35: BEGIN PKREQUESTMANAGER.CALLQUERY(35,'CNT0000006','abe','{HEINENS_CUSTOM_PROD}', '{10/09/2017,14,2017100814.csv}','{HN}', :cursor); END;
10/9/2017 15:58:47 35: 154 Object(s) returned... [FETCH]
10/9/2017 15:58:47 35: [object Object],[object Object],[object Object],[object Object],[object Object],[object Object],[object Object],[object Object],[object Object],[object Object],[object Object],[object Object],[object Object],[object Object],[object Object],[object Object],[object Object],[object Object],[object Object],[object Object],[object Object],[object Object],[object Object],[object Object],[object Object],[object Object],[object Object],[object Object],[object Object],[object Object],[object Object],[object Object],[object Object],[object Object],[object Object],[object Object],[object Object],[object Object],[object Object],[object Object],[object Object],[object Object],[object Object],[object Object],[object Object],[object Object],[object Object],[object Object],[object Object],[object Object],[object Object],[object Object],[object Object],[object Object],[object Object],[object Object],[object Object],[object Object],[object Object],[object Object],[object Object],[object Object],[object Object],[object Object],[object Object],[object Object],[object Object],[object Object],[object Object],[object Object],[object Object],[object Object],[object Object],[object Object],[object Object],[object Object],[object Object],[object Object],[object Object],[object Object],[object Object],[object Object],[object Object],[object Object],[object Object],[object Object],[object Object],[object Object],[object Object],[object Object],[object Object],[object Object],[object Object],[object Object],[object Object],[object Object],[object Object],[object Object],[object Object],[object Object],[object Object],[object Object],[object Object],[object Object],[object Object],[object Object],[object Object],[object Object],[object Object],[object Object],[object Object],[object Object],[object Object],[object Object],[object Object],[object Object],[object Object],[object Object],[object Object],[object Object],[object Object],[object Object],[object Object],[object Object],[object Object],[object Object],[object Object],[object Object],[object Object],[object Object],[object Object],[object Object],[object Object],[object Object],[object Object],[object Object],[object Object],[object Object],[object Object],[object Object],[object Object],[object Object],[object Object],[object Object],[object Object],[object Object],[object Object],[object Object],[object Object],[object Object],[object Object],[object Object],[object Object],[object Object]
10/9/2017 15:58:50 35: 0 Object(s) returned... [FETCH] :)
10/9/2017 15:58:57 35: 0 Object(s) returned... [FETCH] :)
10/9/2017 16:38:29 36: LIBQUERY with Callback: 
10/9/2017 16:38:29 36: Path request:/api/counting/3/
10/9/2017 16:38:29 36: Path header:undefined
10/9/2017 16:38:29 36: Path query:{"PARAM":["10/09/2017","20","2017100820.csv"]}
10/9/2017 16:38:29 36: BEGIN PKREQUESTMANAGER.CALLQUERY(36,'CNT0000003','abe','{HEINENS_CUSTOM_PROD}', '{10/09/2017,20,2017100820.csv}','{HN}', :cursor); END;
10/9/2017 16:38:29 37: LIBQUERY with Callback: 
10/9/2017 16:38:29 37: Path request:/api/counting/4/
10/9/2017 16:38:29 37: Path header:undefined
10/9/2017 16:38:29 37: Path query:{"PARAM":["10/09/2017","20","2017100820.csv"]}
10/9/2017 16:38:29 37: BEGIN PKREQUESTMANAGER.CALLQUERY(37,'CNT0000004','abe','{HEINENS_CUSTOM_PROD}', '{10/09/2017,20,2017100820.csv}','{HN}', :cursor); END;
10/9/2017 16:38:36 37: 0 Object(s) returned... [FETCH] :)
10/9/2017 16:38:37 37: 1 Object(s) returned... [FETCH]
10/9/2017 16:38:37 37: [object Object]
10/9/2017 16:38:37 38: LIBQUERY with Callback: 
10/9/2017 16:38:37 38: Path request:/api/process/
10/9/2017 16:38:37 38: Path header:undefined
10/9/2017 16:38:37 38: Path query:{"PARAM":["10/09/2017","pssti12p","10 20"]}
10/9/2017 16:38:37 38: BEGIN PKREQUESTMANAGER.CALLQUERY(38,'BTH0000001','abe','{HEINENS_CUSTOM_PROD}', '{10/09/2017,pssti12p,10 20}','{HN}', :cursor); END;
10/9/2017 16:38:37 39: LIBQUERY with Callback: 
10/9/2017 16:38:37 39: Path request:/api/counting/5/
10/9/2017 16:38:37 39: Path header:undefined
10/9/2017 16:38:37 39: Path query:{"PARAM":["10/09/2017","20","2017100820.csv"]}
10/9/2017 16:38:37 39: BEGIN PKREQUESTMANAGER.CALLQUERY(39,'CNT0000005','abe','{HEINENS_CUSTOM_PROD}', '{10/09/2017,20,2017100820.csv}','{HN}', :cursor); END;
10/9/2017 16:38:37 40: LIBQUERY with Callback: 
10/9/2017 16:38:37 40: Path request:/api/counting/6/
10/9/2017 16:38:37 40: Path header:undefined
10/9/2017 16:38:37 40: Path query:{"PARAM":["10/09/2017","20","2017100820.csv"]}
10/9/2017 16:38:37 40: BEGIN PKREQUESTMANAGER.CALLQUERY(40,'CNT0000006','abe','{HEINENS_CUSTOM_PROD}', '{10/09/2017,20,2017100820.csv}','{HN}', :cursor); END;
10/9/2017 16:38:42 40: 264 Object(s) returned... [FETCH]
10/9/2017 16:38:42 40: [object Object],[object Object],[object Object],[object Object],[object Object],[object Object],[object Object],[object Object],[object Object],[object Object],[object Object],[object Object],[object Object],[object Object],[object Object],[object Object],[object Object],[object Object],[object Object],[object Object],[object Object],[object Object],[object Object],[object Object],[object Object],[object Object],[object Object],[object Object],[object Object],[object Object],[object Object],[object Object],[object Object],[object Object],[object Object],[object Object],[object Object],[object Object],[object Object],[object Object],[object Object],[object Object],[object Object],[object Object],[object Object],[object Object],[object Object],[object Object],[object Object],[object Object],[object Object],[object Object],[object Object],[object Object],[object Object],[object Object],[object Object],[object Object],[object Object],[object Object],[object Object],[object Object],[object Object],[object Object],[object Object],[object Object],[object Object],[object Object],[object Object],[object Object],[object Object],[object Object],[object Object],[object Object],[object Object],[object Object],[object Object],[object Object],[object Object],[object Object],[object Object],[object Object],[object Object],[object Object],[object Object],[object Object],[object Object],[object Object],[object Object],[object Object],[object Object],[object Object],[object Object],[object Object],[object Object],[object Object],[object Object],[object Object],[object Object],[object Object],[object Object],[object Object],[object Object],[object Object],[object Object],[object Object],[object Object],[object Object],[object Object],[object Object],[object Object],[object Object],[object Object],[object Object],[object Object],[object Object],[object Object],[object Object],[object Object],[object Object],[object Object],[object Object],[object Object],[object Object],[object Object],[object Object],[object Object],[object Object],[object Object],[object Object],[object Object],[object Object],[object Object],[object Object],[object Object],[object Object],[object Object],[object Object],[object Object],[object Object],[object Object],[object Object],[object Object],[object Object],[object Object],[object Object],[object Object],[object Object],[object Object],[object Object],[object Object],[object Object],[object Object],[object Object],[object Object],[object Object],[object Object],[object Object],[object Object],[object Object],[object Object],[object Object],[object Object],[object Object],[object Object],[object Object],[object Object],[object Object],[object Object],[object Object],[object Object],[object Object],[object Object],[object Object],[object Object],[object Object],[object Object],[object Object],[object Object],[object Object],[object Object],[object Object],[object Object],[object Object],[object Object],[object Object],[object Object],[object Object],[object Object],[object Object],[object Object],[object Object],[object Object],[object Object],[object Object],[object Object],[object Object],[object Object],[object Object],[object Object],[object Object],[object Object],[object Object],[object Object],[object Object],[object Object],[object Object],[object Object],[object Object],[object Object],[object Object],[object Object],[object Object],[object Object],[object Object],[object Object],[object Object],[object Object],[object Object],[object Object],[object Object],[object Object],[object Object],[object Object],[object Object],[object Object],[object Object],[object Object],[object Object],[object Object],[object Object],[object Object],[object Object],[object Object],[object Object],[object Object],[object Object],[object Object],[object Object],[object Object],[object Object],[object Object],[object Object],[object Object],[object Object],[object Object],[object Object],[object Object],[object Object],[object Object],[object Object],[object Object],[object Object],[object Object],[object Object],[object Object],[object Object],[object Object],[object Object],[object Object],[object Object],[object Object],[object Object],[object Object]
10/9/2017 16:38:45 40: 0 Object(s) returned... [FETCH] :)
10/9/2017 16:38:53 40: 0 Object(s) returned... [FETCH] :)
