10/9/2017 13:17:57 1: ********* Resulset 2222 *********** : {"metaData":[{"name":"USERID"},{"name":"USERFNAME"},{"name":"USERLNAME"},{"name":"USEREMAIL"},{"name":"USERMOBILE"}]}
10/9/2017 13:17:57 2: ********* Resulset 2222 *********** : {"metaData":[{"name":"USERID"},{"name":"USERFNAME"},{"name":"USERLNAME"},{"name":"USEREMAIL"},{"name":"USERMOBILE"}]}
10/9/2017 13:17:57 4: ********* Resulset 2222 *********** : {"metaData":[{"name":"USERID"},{"name":"USERCORPID"},{"name":"USERPASS"},{"name":"USERAUTH"},{"name":"USERLANG"},{"name":"USERPROF"},{"name":"USERAPPLI"},{"name":"USERFNAME"},{"name":"USERLNAME"},{"name":"USEREMAIL"},{"name":"USERMOBILE"},{"name":"USERTEAM"},{"name":"USERACTIVE"},{"name":"USERDCRE"},{"name":"USERDMAJ"},{"name":"USERUTIL"},{"name":"USERTYPE"}]}
10/9/2017 13:17:57 4: ********* Resulset 2222 *********** : {"metaData":[{"name":"LEVEL"},{"name":"ENVID"},{"name":"ENVCORPID"},{"name":"ENVCODE"},{"name":"ENVTYPE"},{"name":"ENVACTIVE"},{"name":"ENVSDESC"},{"name":"ENVLDESC"},{"name":"ENVDBTYPE"},{"name":"ENVIP"},{"name":"ENVPORT"},{"name":"ENVUSER"},{"name":"ENVPASSWORD"},{"name":"ENVSOURCE"},{"name":"ENVDBLINK"},{"name":"ENVDEFAULT"},{"name":"ENVDCRE"},{"name":"ENVDMAJ"},{"name":"ENVUTIL"},{"name":"ENVVERSION"},{"name":"ENVDEFLANG"}]}
10/9/2017 13:17:58 6: ********* Resulset 2222 *********** : {"metaData":[{"name":"USERID"},{"name":"USERCORPID"},{"name":"USERPASS"},{"name":"USERAUTH"},{"name":"USERLANG"},{"name":"USERPROF"},{"name":"USERAPPLI"},{"name":"USERFNAME"},{"name":"USERLNAME"},{"name":"USEREMAIL"},{"name":"USERMOBILE"},{"name":"USERTEAM"},{"name":"USERACTIVE"},{"name":"USERDCRE"},{"name":"USERDMAJ"},{"name":"USERUTIL"},{"name":"USERTYPE"}]}
10/9/2017 13:17:58 6: ********* Resulset 2222 *********** : {"metaData":[{"name":"LEVEL"},{"name":"ENVID"},{"name":"ENVCORPID"},{"name":"ENVCODE"},{"name":"ENVTYPE"},{"name":"ENVACTIVE"},{"name":"ENVSDESC"},{"name":"ENVLDESC"},{"name":"ENVDBTYPE"},{"name":"ENVIP"},{"name":"ENVPORT"},{"name":"ENVUSER"},{"name":"ENVPASSWORD"},{"name":"ENVSOURCE"},{"name":"ENVDBLINK"},{"name":"ENVDEFAULT"},{"name":"ENVDCRE"},{"name":"ENVDMAJ"},{"name":"ENVUTIL"},{"name":"ENVVERSION"},{"name":"ENVDEFLANG"}]}
10/9/2017 13:17:58 7: ********* Resulset 2222 *********** : {"metaData":[{"name":"LABID"},{"name":"LABTYPE"},{"name":"LABDESC"},{"name":"LABLANG"},{"name":"LABDCRE"},{"name":"LABDMAJ"},{"name":"LABUTIL"}]}
10/9/2017 13:18:14 8: ********* Resulset 2222 *********** : {"metaData":[{"name":"TOTAL"},{"name":"TRT"},{"name":"SITE"},{"name":"SOCLMAG"},{"name":"INVDATE"},{"name":"FILENAME"},{"name":"COMPANY"},{"name":"CREATEDAT"},{"name":"UPDATEDAT"}]}
10/9/2017 13:21:16 10: ********* Resulset 2222 *********** : {"metaData":[{"name":"TOTAL"},{"name":"TRT"},{"name":"SITE"},{"name":"SOCLMAG"},{"name":"INVDATE"},{"name":"FILENAME"},{"name":"COMPANY"}]}
10/9/2017 13:21:19 13: ********* Resulset 2222 *********** : {"metaData":[{"name":"IETSITE"},{"name":"STEP"},{"name":"STEPLABEL"},{"name":"STATUS"},{"name":"UPDATE"}]}
10/9/2017 13:21:25 13: ********* Resulset 2222 *********** : {"metaData":[{"name":"STEP"},{"name":"UPC"},{"name":"SITE"},{"name":"ITEMDESC"},{"name":"ITEM"},{"name":"QTY"},{"name":"FILE"},{"name":"LINE"},{"name":"TRT"},{"name":"NERR"},{"name":"MESS"}]}
10/9/2017 13:21:28 13: ********* Resulset 2222 *********** : {"metaData":[{"name":"BATCHNAME"},{"name":"DATESTART"},{"name":"STARTAT"},{"name":"ENDAT"},{"name":"DURATION"},{"name":"PARAMETER"},{"name":"BATCHID"}]}
10/9/2017 13:21:41 15: ********* Resulset 2222 *********** : {"metaData":[{"name":"SITE"},{"name":"TMVT"},{"name":"DESC"},{"name":"ITEM"},{"name":"LV"},{"name":"ITEMDESC"},{"name":"QTY"},{"name":"CREATEDAT"},{"name":"UPDATEDAT"},{"name":"USER"}]}
10/9/2017 13:21:43 15: ********* Resulset 2222 *********** : {"metaData":[{"name":"TOTAL"},{"name":"TRT"},{"name":"SITE"},{"name":"SOCLMAG"},{"name":"INVDATE"},{"name":"FILENAME"},{"name":"COMPANY"}]}
10/9/2017 13:21:44 18: ********* Resulset 2222 *********** : {"metaData":[{"name":"IETSITE"},{"name":"STEP"},{"name":"STEPLABEL"},{"name":"STATUS"},{"name":"UPDATE"}]}
10/9/2017 13:21:48 18: ********* Resulset 2222 *********** : {"metaData":[{"name":"STEP"},{"name":"UPC"},{"name":"SITE"},{"name":"ITEMDESC"},{"name":"ITEM"},{"name":"QTY"},{"name":"FILE"},{"name":"LINE"},{"name":"TRT"},{"name":"NERR"},{"name":"MESS"}]}
10/9/2017 13:21:49 18: ********* Resulset 2222 *********** : {"metaData":[{"name":"BATCHNAME"},{"name":"DATESTART"},{"name":"STARTAT"},{"name":"ENDAT"},{"name":"DURATION"},{"name":"PARAMETER"},{"name":"BATCHID"}]}
10/9/2017 13:22:0 18: ********* Resulset 2222 *********** : {"metaData":[{"name":"SITE"},{"name":"TMVT"},{"name":"DESC"},{"name":"ITEM"},{"name":"LV"},{"name":"ITEMDESC"},{"name":"QTY"},{"name":"CREATEDAT"},{"name":"UPDATEDAT"},{"name":"USER"}]}
10/9/2017 13:48:25 20: ********* Resulset 2222 *********** : {"metaData":[{"name":"TOTAL"},{"name":"TRT"},{"name":"SITE"},{"name":"SOCLMAG"},{"name":"INVDATE"},{"name":"FILENAME"},{"name":"COMPANY"}]}
10/9/2017 13:48:27 23: ********* Resulset 2222 *********** : {"metaData":[{"name":"IETSITE"},{"name":"STEP"},{"name":"STEPLABEL"},{"name":"STATUS"},{"name":"UPDATE"}]}
10/9/2017 13:48:30 23: ********* Resulset 2222 *********** : {"metaData":[{"name":"STEP"},{"name":"UPC"},{"name":"SITE"},{"name":"ITEMDESC"},{"name":"ITEM"},{"name":"QTY"},{"name":"FILE"},{"name":"LINE"},{"name":"TRT"},{"name":"NERR"},{"name":"MESS"}]}
10/9/2017 13:48:32 23: ********* Resulset 2222 *********** : {"metaData":[{"name":"BATCHNAME"},{"name":"DATESTART"},{"name":"STARTAT"},{"name":"ENDAT"},{"name":"DURATION"},{"name":"PARAMETER"},{"name":"BATCHID"}]}
10/9/2017 13:48:36 23: ********* Resulset 2222 *********** : {"metaData":[{"name":"SITE"},{"name":"TMVT"},{"name":"DESC"},{"name":"ITEM"},{"name":"LV"},{"name":"ITEMDESC"},{"name":"QTY"},{"name":"CREATEDAT"},{"name":"UPDATEDAT"},{"name":"USER"}]}
10/9/2017 13:48:51 24: ********* Resulset 2222 *********** : {"metaData":[{"name":"TOTAL"},{"name":"TRT"},{"name":"SITE"},{"name":"SOCLMAG"},{"name":"INVDATE"},{"name":"FILENAME"},{"name":"COMPANY"},{"name":"CREATEDAT"},{"name":"UPDATEDAT"}]}
10/9/2017 13:49:1 26: ********* Resulset 2222 *********** : {"metaData":[{"name":"TOTAL"},{"name":"TRT"},{"name":"SITE"},{"name":"SOCLMAG"},{"name":"INVDATE"},{"name":"FILENAME"},{"name":"COMPANY"}]}
10/9/2017 13:49:2 29: ********* Resulset 2222 *********** : {"metaData":[{"name":"IETSITE"},{"name":"STEP"},{"name":"STEPLABEL"},{"name":"STATUS"},{"name":"UPDATE"}]}
10/9/2017 13:49:6 29: ********* Resulset 2222 *********** : {"metaData":[{"name":"STEP"},{"name":"UPC"},{"name":"SITE"},{"name":"ITEMDESC"},{"name":"ITEM"},{"name":"QTY"},{"name":"FILE"},{"name":"LINE"},{"name":"TRT"},{"name":"NERR"},{"name":"MESS"}]}
10/9/2017 13:49:9 29: ********* Resulset 2222 *********** : {"metaData":[{"name":"BATCHNAME"},{"name":"DATESTART"},{"name":"STARTAT"},{"name":"ENDAT"},{"name":"DURATION"},{"name":"PARAMETER"},{"name":"BATCHID"}]}
10/9/2017 13:52:26 30:  Resulset empty...
10/9/2017 15:58:41 32: ********* Resulset 2222 *********** : {"metaData":[{"name":"IETSITE"},{"name":"STEP"},{"name":"STEPLABEL"},{"name":"STATUS"},{"name":"UPDATE"}]}
10/9/2017 15:58:42 32: ********* Resulset 2222 *********** : {"metaData":[{"name":"TOTAL"},{"name":"TRT"},{"name":"SITE"},{"name":"SOCLMAG"},{"name":"INVDATE"},{"name":"FILENAME"},{"name":"COMPANY"}]}
10/9/2017 15:58:47 35: ********* Resulset 2222 *********** : {"metaData":[{"name":"STEP"},{"name":"UPC"},{"name":"SITE"},{"name":"ITEMDESC"},{"name":"ITEM"},{"name":"QTY"},{"name":"FILE"},{"name":"LINE"},{"name":"TRT"},{"name":"NERR"},{"name":"MESS"}]}
10/9/2017 15:58:50 35: ********* Resulset 2222 *********** : {"metaData":[{"name":"BATCHNAME"},{"name":"DATESTART"},{"name":"STARTAT"},{"name":"ENDAT"},{"name":"DURATION"},{"name":"PARAMETER"},{"name":"BATCHID"}]}
10/9/2017 15:58:57 35: ********* Resulset 2222 *********** : {"metaData":[{"name":"SITE"},{"name":"TMVT"},{"name":"DESC"},{"name":"ITEM"},{"name":"LV"},{"name":"ITEMDESC"},{"name":"QTY"},{"name":"CREATEDAT"},{"name":"UPDATEDAT"},{"name":"USER"}]}
10/9/2017 16:38:36 37: ********* Resulset 2222 *********** : {"metaData":[{"name":"IETSITE"},{"name":"STEP"},{"name":"STEPLABEL"},{"name":"STATUS"},{"name":"UPDATE"}]}
10/9/2017 16:38:37 37: ********* Resulset 2222 *********** : {"metaData":[{"name":"TOTAL"},{"name":"TRT"},{"name":"SITE"},{"name":"SOCLMAG"},{"name":"INVDATE"},{"name":"FILENAME"},{"name":"COMPANY"}]}
10/9/2017 16:38:42 40: ********* Resulset 2222 *********** : {"metaData":[{"name":"STEP"},{"name":"UPC"},{"name":"SITE"},{"name":"ITEMDESC"},{"name":"ITEM"},{"name":"QTY"},{"name":"FILE"},{"name":"LINE"},{"name":"TRT"},{"name":"NERR"},{"name":"MESS"}]}
10/9/2017 16:38:45 40: ********* Resulset 2222 *********** : {"metaData":[{"name":"BATCHNAME"},{"name":"DATESTART"},{"name":"STARTAT"},{"name":"ENDAT"},{"name":"DURATION"},{"name":"PARAMETER"},{"name":"BATCHID"}]}
10/9/2017 16:38:53 40: ********* Resulset 2222 *********** : {"metaData":[{"name":"SITE"},{"name":"TMVT"},{"name":"DESC"},{"name":"ITEM"},{"name":"LV"},{"name":"ITEMDESC"},{"name":"QTY"},{"name":"CREATEDAT"},{"name":"UPDATEDAT"},{"name":"USER"}]}
