5/6/2019 0:24:54 9: LIBQUERY with Callback: 
5/6/2019 0:24:54 9: BEGIN PKREQUESTMANAGER.CALLQUERY(9,'ADM0000001','abe','{}', '{abe,abe}','{}', :cursor); END;
5/6/2019 0:24:57 9: 1 Object(s) returned... [FETCH]
5/6/2019 0:24:57 9: [object Object]
5/6/2019 0:24:57 9: {"metaData":[{"name":"USERID"},{"name":"USERFNAME"},{"name":"USERLNAME"},{"name":"USEREMAIL"},{"name":"USERMOBILE"}]}
5/6/2019 0:24:57 10: LIBQUERY with Callback: 
5/6/2019 0:24:57 10: BEGIN PKREQUESTMANAGER.CALLQUERY(10,'CLI0000003','abe','{}', '{abe}','{}', :cursor); END;
5/6/2019 0:24:57 11: LIBQUERY with Callback: 
5/6/2019 0:24:57 11: BEGIN PKREQUESTMANAGER.CALLQUERY(11,'CLI0000002','abe','{}', '{abe}','{}', :cursor); END;
5/6/2019 0:24:59 11: 1 Object(s) returned... [FETCH]
5/6/2019 0:24:59 11: [object Object]
5/6/2019 0:24:59 11: 6 Object(s) returned... [FETCH]
5/6/2019 0:24:59 11: [object Object],[object Object],[object Object],[object Object],[object Object],[object Object]
5/6/2019 0:24:59 11: {"metaData":[{"name":"USERID"},{"name":"USERCORPID"},{"name":"USERPASS"},{"name":"USERAUTH"},{"name":"USERLANG"},{"name":"USERPROF"},{"name":"USERAPPLI"},{"name":"USERFNAME"},{"name":"USERLNAME"},{"name":"USEREMAIL"},{"name":"USERMOBILE"},{"name":"USERTEAM"},{"name":"USERACTIVE"},{"name":"USERDCRE"},{"name":"USERDMAJ"},{"name":"USERUTIL"},{"name":"USERTYPE"}]}
5/6/2019 0:24:59 11: {"metaData":[{"name":"LEVEL"},{"name":"ENVID"},{"name":"ENVCORPID"},{"name":"ENVCODE"},{"name":"ENVTYPE"},{"name":"ENVACTIVE"},{"name":"ENVSDESC"},{"name":"ENVLDESC"},{"name":"ENVDBTYPE"},{"name":"ENVIP"},{"name":"ENVPORT"},{"name":"ENVUSER"},{"name":"ENVPASSWORD"},{"name":"ENVSOURCE"},{"name":"ENVDBLINK"},{"name":"ENVDEFAULT"},{"name":"ENVDCRE"},{"name":"ENVDMAJ"},{"name":"ENVUTIL"},{"name":"ENVVERSION"},{"name":"ENVDEFLANG"},{"name":"CORPPIC"},{"name":"ENVVARINITSH"}]}
5/6/2019 0:24:59 12: LIBQUERY with Callback: 
5/6/2019 0:24:59 12: BEGIN PKREQUESTMANAGER.CALLQUERY(12,'WDG0000001','abe','{HEINENS_CUSTOM_PROD}', '{abe,-1}','{HN}', :cursor); END;
5/6/2019 0:25:1 12: 0 Object(s) returned... [FETCH] :)
5/6/2019 0:25:1 12: {}
5/6/2019 0:25:1 13: LIBQUERY with Callback: 
5/6/2019 0:25:1 13: BEGIN PKREQUESTMANAGER.CALLQUERY(13,'WDG1000000','abe','{HEINENS_CUSTOM_PROD}', '{undefined}','{HN}', :cursor); END;
5/6/2019 0:27:1 14: LIBQUERY with Callback: 
5/6/2019 0:27:1 14: BEGIN PKREQUESTMANAGER.CALLQUERY(14,'WDG1000000','abe','{HEINENS_CUSTOM_PROD}', '{undefined}','{HN}', :cursor); END;
5/6/2019 0:36:38 15: LIBQUERY with Callback: 
5/6/2019 0:36:38 15: BEGIN PKREQUESTMANAGER.CALLQUERY(15,'ADM0000001','abe','{}', '{abe,abe}','{}', :cursor); END;
5/6/2019 0:36:41 15: 1 Object(s) returned... [FETCH]
5/6/2019 0:36:41 15: [object Object]
5/6/2019 0:36:41 15: {"metaData":[{"name":"USERID"},{"name":"USERFNAME"},{"name":"USERLNAME"},{"name":"USEREMAIL"},{"name":"USERMOBILE"}]}
5/6/2019 0:36:41 16: LIBQUERY with Callback: 
5/6/2019 0:36:41 16: BEGIN PKREQUESTMANAGER.CALLQUERY(16,'CLI0000003','abe','{}', '{abe}','{}', :cursor); END;
5/6/2019 0:36:41 17: LIBQUERY with Callback: 
5/6/2019 0:36:41 17: BEGIN PKREQUESTMANAGER.CALLQUERY(17,'CLI0000002','abe','{}', '{abe}','{}', :cursor); END;
5/6/2019 0:36:43 17: 1 Object(s) returned... [FETCH]
5/6/2019 0:36:43 17: [object Object]
5/6/2019 0:36:43 17: {"metaData":[{"name":"USERID"},{"name":"USERCORPID"},{"name":"USERPASS"},{"name":"USERAUTH"},{"name":"USERLANG"},{"name":"USERPROF"},{"name":"USERAPPLI"},{"name":"USERFNAME"},{"name":"USERLNAME"},{"name":"USEREMAIL"},{"name":"USERMOBILE"},{"name":"USERTEAM"},{"name":"USERACTIVE"},{"name":"USERDCRE"},{"name":"USERDMAJ"},{"name":"USERUTIL"},{"name":"USERTYPE"}]}
5/6/2019 0:36:43 17: 6 Object(s) returned... [FETCH]
5/6/2019 0:36:43 17: [object Object],[object Object],[object Object],[object Object],[object Object],[object Object]
5/6/2019 0:36:43 17: {"metaData":[{"name":"LEVEL"},{"name":"ENVID"},{"name":"ENVCORPID"},{"name":"ENVCODE"},{"name":"ENVTYPE"},{"name":"ENVACTIVE"},{"name":"ENVSDESC"},{"name":"ENVLDESC"},{"name":"ENVDBTYPE"},{"name":"ENVIP"},{"name":"ENVPORT"},{"name":"ENVUSER"},{"name":"ENVPASSWORD"},{"name":"ENVSOURCE"},{"name":"ENVDBLINK"},{"name":"ENVDEFAULT"},{"name":"ENVDCRE"},{"name":"ENVDMAJ"},{"name":"ENVUTIL"},{"name":"ENVVERSION"},{"name":"ENVDEFLANG"},{"name":"CORPPIC"},{"name":"ENVVARINITSH"}]}
5/6/2019 0:36:43 18: LIBQUERY with Callback: 
5/6/2019 0:36:43 18: BEGIN PKREQUESTMANAGER.CALLQUERY(18,'WDG0000001','abe','{HEINENS_CUSTOM_PROD}', '{abe,-1}','{HN}', :cursor); END;
5/6/2019 0:36:45 18: 0 Object(s) returned... [FETCH] :)
5/6/2019 0:36:45 18: {}
5/6/2019 0:36:45 19: LIBQUERY with Callback: 
5/6/2019 0:36:45 19: BEGIN PKREQUESTMANAGER.CALLQUERY(19,'WDG1000000','abe','{HEINENS_CUSTOM_PROD}', '{undefined}','{HN}', :cursor); END;
5/6/2019 0:38:45 20: LIBQUERY with Callback: 
5/6/2019 0:38:45 20: BEGIN PKREQUESTMANAGER.CALLQUERY(20,'WDG1000000','abe','{HEINENS_CUSTOM_PROD}', '{undefined}','{HN}', :cursor); END;
5/6/2019 0:41:15 21: LIBQUERY with Callback: 
5/6/2019 0:41:15 21: BEGIN PKREQUESTMANAGER.CALLQUERY(21,'ADM0000001','abe','{}', '{abe,abe}','{}', :cursor); END;
5/6/2019 0:41:18 21: 1 Object(s) returned... [FETCH]
5/6/2019 0:41:18 21: [object Object]
5/6/2019 0:41:18 21: {"metaData":[{"name":"USERID"},{"name":"USERFNAME"},{"name":"USERLNAME"},{"name":"USEREMAIL"},{"name":"USERMOBILE"}]}
5/6/2019 0:41:18 22: LIBQUERY with Callback: 
5/6/2019 0:41:18 22: BEGIN PKREQUESTMANAGER.CALLQUERY(22,'CLI0000003','abe','{}', '{abe}','{}', :cursor); END;
5/6/2019 0:41:18 23: LIBQUERY with Callback: 
5/6/2019 0:41:18 23: BEGIN PKREQUESTMANAGER.CALLQUERY(23,'CLI0000002','abe','{}', '{abe}','{}', :cursor); END;
5/6/2019 0:41:20 23: 6 Object(s) returned... [FETCH]
5/6/2019 0:41:20 23: [object Object],[object Object],[object Object],[object Object],[object Object],[object Object]
5/6/2019 0:41:20 23: 1 Object(s) returned... [FETCH]
5/6/2019 0:41:20 23: [object Object]
5/6/2019 0:41:20 23: {"metaData":[{"name":"LEVEL"},{"name":"ENVID"},{"name":"ENVCORPID"},{"name":"ENVCODE"},{"name":"ENVTYPE"},{"name":"ENVACTIVE"},{"name":"ENVSDESC"},{"name":"ENVLDESC"},{"name":"ENVDBTYPE"},{"name":"ENVIP"},{"name":"ENVPORT"},{"name":"ENVUSER"},{"name":"ENVPASSWORD"},{"name":"ENVSOURCE"},{"name":"ENVDBLINK"},{"name":"ENVDEFAULT"},{"name":"ENVDCRE"},{"name":"ENVDMAJ"},{"name":"ENVUTIL"},{"name":"ENVVERSION"},{"name":"ENVDEFLANG"},{"name":"CORPPIC"},{"name":"ENVVARINITSH"}]}
5/6/2019 0:41:20 23: {"metaData":[{"name":"USERID"},{"name":"USERCORPID"},{"name":"USERPASS"},{"name":"USERAUTH"},{"name":"USERLANG"},{"name":"USERPROF"},{"name":"USERAPPLI"},{"name":"USERFNAME"},{"name":"USERLNAME"},{"name":"USEREMAIL"},{"name":"USERMOBILE"},{"name":"USERTEAM"},{"name":"USERACTIVE"},{"name":"USERDCRE"},{"name":"USERDMAJ"},{"name":"USERUTIL"},{"name":"USERTYPE"}]}
5/6/2019 0:41:20 24: LIBQUERY with Callback: 
5/6/2019 0:41:20 24: BEGIN PKREQUESTMANAGER.CALLQUERY(24,'WDG0000001','abe','{HEINENS_CUSTOM_PROD}', '{abe,-1}','{HN}', :cursor); END;
5/6/2019 0:41:22 24: 0 Object(s) returned... [FETCH] :)
5/6/2019 0:41:22 24: {}
5/6/2019 0:41:22 25: LIBQUERY with Callback: 
5/6/2019 0:41:22 25: BEGIN PKREQUESTMANAGER.CALLQUERY(25,'WDG1000000','abe','{HEINENS_CUSTOM_PROD}', '{undefined}','{HN}', :cursor); END;
5/6/2019 0:43:25 26: LIBQUERY with Callback: 
5/6/2019 0:43:25 26: BEGIN PKREQUESTMANAGER.CALLQUERY(26,'WDG1000000','abe','{HEINENS_CUSTOM_PROD}', '{undefined}','{HN}', :cursor); END;
5/6/2019 0:53:3 27: LIBQUERY with Callback: 
5/6/2019 0:53:3 27: BEGIN PKREQUESTMANAGER.CALLQUERY(27,'ADM0000001','abe','{}', '{abe,abe}','{}', :cursor); END;
5/6/2019 0:53:5 27: 1 Object(s) returned... [FETCH]
5/6/2019 0:53:5 27: [object Object]
5/6/2019 0:53:5 27: {"metaData":[{"name":"USERID"},{"name":"USERFNAME"},{"name":"USERLNAME"},{"name":"USEREMAIL"},{"name":"USERMOBILE"}]}
5/6/2019 0:53:5 28: LIBQUERY with Callback: 
5/6/2019 0:53:5 28: BEGIN PKREQUESTMANAGER.CALLQUERY(28,'CLI0000002','abe','{}', '{abe}','{}', :cursor); END;
5/6/2019 0:53:5 29: LIBQUERY with Callback: 
5/6/2019 0:53:5 29: BEGIN PKREQUESTMANAGER.CALLQUERY(29,'CLI0000003','abe','{}', '{abe}','{}', :cursor); END;
5/6/2019 0:53:7 29: 1 Object(s) returned... [FETCH]
5/6/2019 0:53:7 29: [object Object]
5/6/2019 0:53:7 29: 6 Object(s) returned... [FETCH]
5/6/2019 0:53:7 29: [object Object],[object Object],[object Object],[object Object],[object Object],[object Object]
5/6/2019 0:53:7 29: {"metaData":[{"name":"USERID"},{"name":"USERCORPID"},{"name":"USERPASS"},{"name":"USERAUTH"},{"name":"USERLANG"},{"name":"USERPROF"},{"name":"USERAPPLI"},{"name":"USERFNAME"},{"name":"USERLNAME"},{"name":"USEREMAIL"},{"name":"USERMOBILE"},{"name":"USERTEAM"},{"name":"USERACTIVE"},{"name":"USERDCRE"},{"name":"USERDMAJ"},{"name":"USERUTIL"},{"name":"USERTYPE"}]}
5/6/2019 0:53:7 29: {"metaData":[{"name":"LEVEL"},{"name":"ENVID"},{"name":"ENVCORPID"},{"name":"ENVCODE"},{"name":"ENVTYPE"},{"name":"ENVACTIVE"},{"name":"ENVSDESC"},{"name":"ENVLDESC"},{"name":"ENVDBTYPE"},{"name":"ENVIP"},{"name":"ENVPORT"},{"name":"ENVUSER"},{"name":"ENVPASSWORD"},{"name":"ENVSOURCE"},{"name":"ENVDBLINK"},{"name":"ENVDEFAULT"},{"name":"ENVDCRE"},{"name":"ENVDMAJ"},{"name":"ENVUTIL"},{"name":"ENVVERSION"},{"name":"ENVDEFLANG"},{"name":"CORPPIC"},{"name":"ENVVARINITSH"}]}
5/6/2019 0:53:7 30: LIBQUERY with Callback: 
5/6/2019 0:53:7 30: BEGIN PKREQUESTMANAGER.CALLQUERY(30,'WDG0000001','abe','{HEINENS_CUSTOM_PROD}', '{abe,-1}','{HN}', :cursor); END;
5/6/2019 0:53:9 30: 0 Object(s) returned... [FETCH] :)
5/6/2019 0:53:9 30: {}
5/6/2019 0:53:9 31: LIBQUERY with Callback: 
5/6/2019 0:53:9 31: BEGIN PKREQUESTMANAGER.CALLQUERY(31,'WDG1000000','abe','{HEINENS_CUSTOM_PROD}', '{undefined}','{HN}', :cursor); END;
5/6/2019 0:55:9 32: LIBQUERY with Callback: 
5/6/2019 0:55:9 32: BEGIN PKREQUESTMANAGER.CALLQUERY(32,'WDG1000000','abe','{HEINENS_CUSTOM_PROD}', '{undefined}','{HN}', :cursor); END;
