10/17/2017 11:55:55 1: ********* Resulset 2222 *********** : {"metaData":[{"name":"USERID"},{"name":"USERFNAME"},{"name":"USERLNAME"},{"name":"USEREMAIL"},{"name":"USERMOBILE"}]}
10/17/2017 11:55:55 3: ********* Resulset 2222 *********** : {"metaData":[{"name":"USERID"},{"name":"USERCORPID"},{"name":"USERPASS"},{"name":"USERAUTH"},{"name":"USERLANG"},{"name":"USERPROF"},{"name":"USERAPPLI"},{"name":"USERFNAME"},{"name":"USERLNAME"},{"name":"USEREMAIL"},{"name":"USERMOBILE"},{"name":"USERTEAM"},{"name":"USERACTIVE"},{"name":"USERDCRE"},{"name":"USERDMAJ"},{"name":"USERUTIL"},{"name":"USERTYPE"}]}
10/17/2017 11:55:56 4: ********* Resulset 2222 *********** : {"metaData":[{"name":"LEVEL"},{"name":"ENVID"},{"name":"ENVCORPID"},{"name":"ENVCODE"},{"name":"ENVTYPE"},{"name":"ENVACTIVE"},{"name":"ENVSDESC"},{"name":"ENVLDESC"},{"name":"ENVDBTYPE"},{"name":"ENVIP"},{"name":"ENVPORT"},{"name":"ENVUSER"},{"name":"ENVPASSWORD"},{"name":"ENVSOURCE"},{"name":"ENVDBLINK"},{"name":"ENVDEFAULT"},{"name":"ENVDCRE"},{"name":"ENVDMAJ"},{"name":"ENVUTIL"},{"name":"ENVVERSION"},{"name":"ENVDEFLANG"}]}
10/17/2017 11:55:56 4: ********* Resulset 2222 *********** : {"metaData":[{"name":"LABID"},{"name":"LABTYPE"},{"name":"LABDESC"},{"name":"LABLANG"},{"name":"LABDCRE"},{"name":"LABDMAJ"},{"name":"LABUTIL"}]}
10/17/2017 11:56:11 5: ********* Resulset 2222 *********** : {"metaData":[{"name":"TOTAL"},{"name":"TRT"},{"name":"SITE"},{"name":"SOCLMAG"},{"name":"INVDATE"},{"name":"FILENAME"},{"name":"COMPANY"},{"name":"CREATEDAT"},{"name":"UPDATEDAT"}]}
10/17/2017 11:56:36 6: ********* Resulset 2222 *********** : {"metaData":[{"name":"TOTAL"},{"name":"TRT"},{"name":"SITE"},{"name":"SOCLMAG"},{"name":"INVDATE"},{"name":"FILENAME"},{"name":"COMPANY"},{"name":"CREATEDAT"},{"name":"UPDATEDAT"}]}
10/17/2017 12:6:18 1: ********* Resulset 2222 *********** : {"metaData":[{"name":"USERID"},{"name":"USERFNAME"},{"name":"USERLNAME"},{"name":"USEREMAIL"},{"name":"USERMOBILE"}]}
10/17/2017 12:6:19 3: ********* Resulset 2222 *********** : {"metaData":[{"name":"LEVEL"},{"name":"ENVID"},{"name":"ENVCORPID"},{"name":"ENVCODE"},{"name":"ENVTYPE"},{"name":"ENVACTIVE"},{"name":"ENVSDESC"},{"name":"ENVLDESC"},{"name":"ENVDBTYPE"},{"name":"ENVIP"},{"name":"ENVPORT"},{"name":"ENVUSER"},{"name":"ENVPASSWORD"},{"name":"ENVSOURCE"},{"name":"ENVDBLINK"},{"name":"ENVDEFAULT"},{"name":"ENVDCRE"},{"name":"ENVDMAJ"},{"name":"ENVUTIL"},{"name":"ENVVERSION"},{"name":"ENVDEFLANG"}]}
10/17/2017 12:6:19 3: ********* Resulset 2222 *********** : {"metaData":[{"name":"USERID"},{"name":"USERCORPID"},{"name":"USERPASS"},{"name":"USERAUTH"},{"name":"USERLANG"},{"name":"USERPROF"},{"name":"USERAPPLI"},{"name":"USERFNAME"},{"name":"USERLNAME"},{"name":"USEREMAIL"},{"name":"USERMOBILE"},{"name":"USERTEAM"},{"name":"USERACTIVE"},{"name":"USERDCRE"},{"name":"USERDMAJ"},{"name":"USERUTIL"},{"name":"USERTYPE"}]}
10/17/2017 12:6:19 4: ********* Resulset 2222 *********** : {"metaData":[{"name":"LABID"},{"name":"LABTYPE"},{"name":"LABDESC"},{"name":"LABLANG"},{"name":"LABDCRE"},{"name":"LABDMAJ"},{"name":"LABUTIL"}]}
10/17/2017 12:6:34 5: ********* Resulset 2222 *********** : {"metaData":[{"name":"TOTAL"},{"name":"TRT"},{"name":"SITE"},{"name":"SOCLMAG"},{"name":"INVDATE"},{"name":"FILENAME"},{"name":"COMPANY"},{"name":"CREATEDAT"},{"name":"UPDATEDAT"}]}
10/17/2017 12:6:43 7: ********* Resulset 2222 *********** : {"metaData":[{"name":"TOTAL"},{"name":"TRT"},{"name":"SITE"},{"name":"SOCLMAG"},{"name":"INVDATE"},{"name":"FILENAME"},{"name":"COMPANY"}]}
10/17/2017 12:6:45 10: ********* Resulset 2222 *********** : {"metaData":[{"name":"IETSITE"},{"name":"STEP"},{"name":"STEPLABEL"},{"name":"STATUS"},{"name":"UPDATE"}]}
10/17/2017 12:6:49 10: ********* Resulset 2222 *********** : {"metaData":[{"name":"STEP"},{"name":"UPC"},{"name":"SITE"},{"name":"ITEMDESC"},{"name":"ITEM"},{"name":"QTY"},{"name":"FILE"},{"name":"LINE"},{"name":"TRT"},{"name":"NERR"},{"name":"MESS"}]}
10/17/2017 12:6:53 10: ********* Resulset 2222 *********** : {"metaData":[{"name":"BATCHNAME"},{"name":"DATESTART"},{"name":"STARTAT"},{"name":"ENDAT"},{"name":"DURATION"},{"name":"PARAMETER"},{"name":"BATCHID"}]}
10/17/2017 12:7:0 10: ********* Resulset 2222 *********** : {"metaData":[{"name":"SITE"},{"name":"TMVT"},{"name":"DESC"},{"name":"ITEM"},{"name":"LV"},{"name":"ITEMDESC"},{"name":"QTY"},{"name":"CREATEDAT"},{"name":"UPDATEDAT"},{"name":"USER"}]}
10/17/2017 12:16:54 13: ********* Resulset 2222 *********** : {"metaData":[{"name":"TOTAL"},{"name":"TRT"},{"name":"SITE"},{"name":"SOCLMAG"},{"name":"INVDATE"},{"name":"FILENAME"},{"name":"COMPANY"},{"name":"CREATEDAT"},{"name":"UPDATEDAT"}]}
10/17/2017 12:23:50 14: ********* Resulset 2222 *********** : {"metaData":[{"name":"USERID"},{"name":"USERFNAME"},{"name":"USERLNAME"},{"name":"USEREMAIL"},{"name":"USERMOBILE"}]}
10/17/2017 12:23:50 16: ********* Resulset 2222 *********** : {"metaData":[{"name":"USERID"},{"name":"USERCORPID"},{"name":"USERPASS"},{"name":"USERAUTH"},{"name":"USERLANG"},{"name":"USERPROF"},{"name":"USERAPPLI"},{"name":"USERFNAME"},{"name":"USERLNAME"},{"name":"USEREMAIL"},{"name":"USERMOBILE"},{"name":"USERTEAM"},{"name":"USERACTIVE"},{"name":"USERDCRE"},{"name":"USERDMAJ"},{"name":"USERUTIL"},{"name":"USERTYPE"}]}
10/17/2017 12:23:50 16: ********* Resulset 2222 *********** : {"metaData":[{"name":"LEVEL"},{"name":"ENVID"},{"name":"ENVCORPID"},{"name":"ENVCODE"},{"name":"ENVTYPE"},{"name":"ENVACTIVE"},{"name":"ENVSDESC"},{"name":"ENVLDESC"},{"name":"ENVDBTYPE"},{"name":"ENVIP"},{"name":"ENVPORT"},{"name":"ENVUSER"},{"name":"ENVPASSWORD"},{"name":"ENVSOURCE"},{"name":"ENVDBLINK"},{"name":"ENVDEFAULT"},{"name":"ENVDCRE"},{"name":"ENVDMAJ"},{"name":"ENVUTIL"},{"name":"ENVVERSION"},{"name":"ENVDEFLANG"}]}
10/17/2017 12:23:51 17: ********* Resulset 2222 *********** : {"metaData":[{"name":"LABID"},{"name":"LABTYPE"},{"name":"LABDESC"},{"name":"LABLANG"},{"name":"LABDCRE"},{"name":"LABDMAJ"},{"name":"LABUTIL"}]}
10/17/2017 12:24:1 18: ********* Resulset 2222 *********** : {"metaData":[{"name":"TOTAL"},{"name":"TRT"},{"name":"SITE"},{"name":"SOCLMAG"},{"name":"INVDATE"},{"name":"FILENAME"},{"name":"COMPANY"},{"name":"CREATEDAT"},{"name":"UPDATEDAT"}]}
10/17/2017 12:24:12 20: ********* Resulset 2222 *********** : {"metaData":[{"name":"TOTAL"},{"name":"TRT"},{"name":"SITE"},{"name":"SOCLMAG"},{"name":"INVDATE"},{"name":"FILENAME"},{"name":"COMPANY"}]}
10/17/2017 12:24:12 20: ********* Resulset 2222 *********** : {"metaData":[{"name":"IETSITE"},{"name":"STEP"},{"name":"STEPLABEL"},{"name":"STATUS"},{"name":"UPDATE"}]}
10/17/2017 12:24:18 23: ********* Resulset 2222 *********** : {"metaData":[{"name":"STEP"},{"name":"UPC"},{"name":"SITE"},{"name":"ITEMDESC"},{"name":"ITEM"},{"name":"QTY"},{"name":"FILE"},{"name":"LINE"},{"name":"TRT"},{"name":"NERR"},{"name":"MESS"}]}
10/17/2017 12:24:18 23: ********* Resulset 2222 *********** : {"metaData":[{"name":"BATCHNAME"},{"name":"DATESTART"},{"name":"STARTAT"},{"name":"ENDAT"},{"name":"DURATION"},{"name":"PARAMETER"},{"name":"BATCHID"}]}
10/17/2017 12:24:21 23: ********* Resulset 2222 *********** : {"metaData":[{"name":"SITE"},{"name":"TMVT"},{"name":"DESC"},{"name":"ITEM"},{"name":"LV"},{"name":"ITEMDESC"},{"name":"QTY"},{"name":"CREATEDAT"},{"name":"UPDATEDAT"},{"name":"USER"}]}
10/17/2017 12:48:33 25: ********* Resulset 2222 *********** : {"metaData":[{"name":"TOTAL"},{"name":"TRT"},{"name":"SITE"},{"name":"SOCLMAG"},{"name":"INVDATE"},{"name":"FILENAME"},{"name":"COMPANY"}]}
10/17/2017 12:48:33 28: ********* Resulset 2222 *********** : {"metaData":[{"name":"IETSITE"},{"name":"STEP"},{"name":"STEPLABEL"},{"name":"STATUS"},{"name":"UPDATE"}]}
10/17/2017 12:48:39 28: ********* Resulset 2222 *********** : {"metaData":[{"name":"STEP"},{"name":"UPC"},{"name":"SITE"},{"name":"ITEMDESC"},{"name":"ITEM"},{"name":"QTY"},{"name":"FILE"},{"name":"LINE"},{"name":"TRT"},{"name":"NERR"},{"name":"MESS"}]}
10/17/2017 12:48:39 28: ********* Resulset 2222 *********** : {"metaData":[{"name":"BATCHNAME"},{"name":"DATESTART"},{"name":"STARTAT"},{"name":"ENDAT"},{"name":"DURATION"},{"name":"PARAMETER"},{"name":"BATCHID"}]}
10/17/2017 12:48:42 28: ********* Resulset 2222 *********** : {"metaData":[{"name":"SITE"},{"name":"TMVT"},{"name":"DESC"},{"name":"ITEM"},{"name":"LV"},{"name":"ITEMDESC"},{"name":"QTY"},{"name":"CREATEDAT"},{"name":"UPDATEDAT"},{"name":"USER"}]}
10/17/2017 12:52:34 30: ********* Resulset 2222 *********** : {"metaData":[{"name":"TOTAL"},{"name":"TRT"},{"name":"SITE"},{"name":"SOCLMAG"},{"name":"INVDATE"},{"name":"FILENAME"},{"name":"COMPANY"}]}
10/17/2017 12:52:34 33: ********* Resulset 2222 *********** : {"metaData":[{"name":"IETSITE"},{"name":"STEP"},{"name":"STEPLABEL"},{"name":"STATUS"},{"name":"UPDATE"}]}
10/17/2017 12:52:39 33: ********* Resulset 2222 *********** : {"metaData":[{"name":"BATCHNAME"},{"name":"DATESTART"},{"name":"STARTAT"},{"name":"ENDAT"},{"name":"DURATION"},{"name":"PARAMETER"},{"name":"BATCHID"}]}
10/17/2017 12:52:39 33: ********* Resulset 2222 *********** : {"metaData":[{"name":"STEP"},{"name":"UPC"},{"name":"SITE"},{"name":"ITEMDESC"},{"name":"ITEM"},{"name":"QTY"},{"name":"FILE"},{"name":"LINE"},{"name":"TRT"},{"name":"NERR"},{"name":"MESS"}]}
10/17/2017 12:52:46 33: ********* Resulset 2222 *********** : {"metaData":[{"name":"SITE"},{"name":"TMVT"},{"name":"DESC"},{"name":"ITEM"},{"name":"LV"},{"name":"ITEMDESC"},{"name":"QTY"},{"name":"CREATEDAT"},{"name":"UPDATEDAT"},{"name":"USER"}]}
10/17/2017 12:54:14 35: ********* Resulset 2222 *********** : {"metaData":[{"name":"TOTAL"},{"name":"TRT"},{"name":"SITE"},{"name":"SOCLMAG"},{"name":"INVDATE"},{"name":"FILENAME"},{"name":"COMPANY"}]}
10/17/2017 12:54:15 38: ********* Resulset 2222 *********** : {"metaData":[{"name":"IETSITE"},{"name":"STEP"},{"name":"STEPLABEL"},{"name":"STATUS"},{"name":"UPDATE"}]}
10/17/2017 12:54:19 38: ********* Resulset 2222 *********** : {"metaData":[{"name":"BATCHNAME"},{"name":"DATESTART"},{"name":"STARTAT"},{"name":"ENDAT"},{"name":"DURATION"},{"name":"PARAMETER"},{"name":"BATCHID"}]}
10/17/2017 12:54:20 38: ********* Resulset 2222 *********** : {"metaData":[{"name":"STEP"},{"name":"UPC"},{"name":"SITE"},{"name":"ITEMDESC"},{"name":"ITEM"},{"name":"QTY"},{"name":"FILE"},{"name":"LINE"},{"name":"TRT"},{"name":"NERR"},{"name":"MESS"}]}
10/17/2017 12:54:25 38: ********* Resulset 2222 *********** : {"metaData":[{"name":"SITE"},{"name":"TMVT"},{"name":"DESC"},{"name":"ITEM"},{"name":"LV"},{"name":"ITEMDESC"},{"name":"QTY"},{"name":"CREATEDAT"},{"name":"UPDATEDAT"},{"name":"USER"}]}
10/17/2017 12:55:7 40: ********* Resulset 2222 *********** : {"metaData":[{"name":"TOTAL"},{"name":"TRT"},{"name":"SITE"},{"name":"SOCLMAG"},{"name":"INVDATE"},{"name":"FILENAME"},{"name":"COMPANY"}]}
10/17/2017 12:55:7 43: ********* Resulset 2222 *********** : {"metaData":[{"name":"IETSITE"},{"name":"STEP"},{"name":"STEPLABEL"},{"name":"STATUS"},{"name":"UPDATE"}]}
10/17/2017 12:55:11 43: ********* Resulset 2222 *********** : {"metaData":[{"name":"BATCHNAME"},{"name":"DATESTART"},{"name":"STARTAT"},{"name":"ENDAT"},{"name":"DURATION"},{"name":"PARAMETER"},{"name":"BATCHID"}]}
10/17/2017 12:55:12 43: ********* Resulset 2222 *********** : {"metaData":[{"name":"STEP"},{"name":"UPC"},{"name":"SITE"},{"name":"ITEMDESC"},{"name":"ITEM"},{"name":"QTY"},{"name":"FILE"},{"name":"LINE"},{"name":"TRT"},{"name":"NERR"},{"name":"MESS"}]}
10/17/2017 12:55:17 43: ********* Resulset 2222 *********** : {"metaData":[{"name":"SITE"},{"name":"TMVT"},{"name":"DESC"},{"name":"ITEM"},{"name":"LV"},{"name":"ITEMDESC"},{"name":"QTY"},{"name":"CREATEDAT"},{"name":"UPDATEDAT"},{"name":"USER"}]}
10/17/2017 12:56:19 45: ********* Resulset 2222 *********** : {"metaData":[{"name":"TOTAL"},{"name":"TRT"},{"name":"SITE"},{"name":"SOCLMAG"},{"name":"INVDATE"},{"name":"FILENAME"},{"name":"COMPANY"}]}
10/17/2017 12:56:20 48: ********* Resulset 2222 *********** : {"metaData":[{"name":"IETSITE"},{"name":"STEP"},{"name":"STEPLABEL"},{"name":"STATUS"},{"name":"UPDATE"}]}
10/17/2017 12:56:24 48: ********* Resulset 2222 *********** : {"metaData":[{"name":"BATCHNAME"},{"name":"DATESTART"},{"name":"STARTAT"},{"name":"ENDAT"},{"name":"DURATION"},{"name":"PARAMETER"},{"name":"BATCHID"}]}
10/17/2017 12:56:24 48: ********* Resulset 2222 *********** : {"metaData":[{"name":"STEP"},{"name":"UPC"},{"name":"SITE"},{"name":"ITEMDESC"},{"name":"ITEM"},{"name":"QTY"},{"name":"FILE"},{"name":"LINE"},{"name":"TRT"},{"name":"NERR"},{"name":"MESS"}]}
10/17/2017 12:56:30 48: ********* Resulset 2222 *********** : {"metaData":[{"name":"SITE"},{"name":"TMVT"},{"name":"DESC"},{"name":"ITEM"},{"name":"LV"},{"name":"ITEMDESC"},{"name":"QTY"},{"name":"CREATEDAT"},{"name":"UPDATEDAT"},{"name":"USER"}]}
10/17/2017 12:56:52 50: ********* Resulset 2222 *********** : {"metaData":[{"name":"TOTAL"},{"name":"TRT"},{"name":"SITE"},{"name":"SOCLMAG"},{"name":"INVDATE"},{"name":"FILENAME"},{"name":"COMPANY"}]}
10/17/2017 12:56:54 53: ********* Resulset 2222 *********** : {"metaData":[{"name":"IETSITE"},{"name":"STEP"},{"name":"STEPLABEL"},{"name":"STATUS"},{"name":"UPDATE"}]}
10/17/2017 12:56:57 53: ********* Resulset 2222 *********** : {"metaData":[{"name":"BATCHNAME"},{"name":"DATESTART"},{"name":"STARTAT"},{"name":"ENDAT"},{"name":"DURATION"},{"name":"PARAMETER"},{"name":"BATCHID"}]}
10/17/2017 12:56:57 53: ********* Resulset 2222 *********** : {"metaData":[{"name":"STEP"},{"name":"UPC"},{"name":"SITE"},{"name":"ITEMDESC"},{"name":"ITEM"},{"name":"QTY"},{"name":"FILE"},{"name":"LINE"},{"name":"TRT"},{"name":"NERR"},{"name":"MESS"}]}
10/17/2017 12:57:4 53: ********* Resulset 2222 *********** : {"metaData":[{"name":"SITE"},{"name":"TMVT"},{"name":"DESC"},{"name":"ITEM"},{"name":"LV"},{"name":"ITEMDESC"},{"name":"QTY"},{"name":"CREATEDAT"},{"name":"UPDATEDAT"},{"name":"USER"}]}
10/17/2017 12:57:48 54: ********* Resulset 2222 *********** : {"metaData":[{"name":"TOTAL"},{"name":"TRT"},{"name":"SITE"},{"name":"SOCLMAG"},{"name":"INVDATE"},{"name":"FILENAME"},{"name":"COMPANY"},{"name":"CREATEDAT"},{"name":"UPDATEDAT"}]}
10/17/2017 12:58:1 56: ********* Resulset 2222 *********** : {"metaData":[{"name":"TOTAL"},{"name":"TRT"},{"name":"SITE"},{"name":"SOCLMAG"},{"name":"INVDATE"},{"name":"FILENAME"},{"name":"COMPANY"}]}
10/17/2017 12:58:4 59: ********* Resulset 2222 *********** : {"metaData":[{"name":"IETSITE"},{"name":"STEP"},{"name":"STEPLABEL"},{"name":"STATUS"},{"name":"UPDATE"}]}
10/17/2017 12:58:9 59: ********* Resulset 2222 *********** : {"metaData":[{"name":"BATCHNAME"},{"name":"DATESTART"},{"name":"STARTAT"},{"name":"ENDAT"},{"name":"DURATION"},{"name":"PARAMETER"},{"name":"BATCHID"}]}
10/17/2017 12:58:16 61: ********* Resulset 2222 *********** : {"metaData":[{"name":"TOTAL"},{"name":"TRT"},{"name":"SITE"},{"name":"SOCLMAG"},{"name":"INVDATE"},{"name":"FILENAME"},{"name":"COMPANY"}]}
10/17/2017 12:58:17 64: ********* Resulset 2222 *********** : {"metaData":[{"name":"IETSITE"},{"name":"STEP"},{"name":"STEPLABEL"},{"name":"STATUS"},{"name":"UPDATE"}]}
10/17/2017 12:58:19 61: ********* Resulset 2222 *********** : {"metaData":[{"name":"SITE"},{"name":"TMVT"},{"name":"DESC"},{"name":"ITEM"},{"name":"LV"},{"name":"ITEMDESC"},{"name":"QTY"},{"name":"CREATEDAT"},{"name":"UPDATEDAT"},{"name":"USER"}]}
10/17/2017 12:58:19 59: ********* Resulset 2222 *********** : {"metaData":[{"name":"STEP"},{"name":"UPC"},{"name":"SITE"},{"name":"ITEMDESC"},{"name":"ITEM"},{"name":"QTY"},{"name":"FILE"},{"name":"LINE"},{"name":"TRT"},{"name":"NERR"},{"name":"MESS"}]}
10/17/2017 12:58:21 64: ********* Resulset 2222 *********** : {"metaData":[{"name":"BATCHNAME"},{"name":"DATESTART"},{"name":"STARTAT"},{"name":"ENDAT"},{"name":"DURATION"},{"name":"PARAMETER"},{"name":"BATCHID"}]}
10/17/2017 12:58:22 64: ********* Resulset 2222 *********** : {"metaData":[{"name":"STEP"},{"name":"UPC"},{"name":"SITE"},{"name":"ITEMDESC"},{"name":"ITEM"},{"name":"QTY"},{"name":"FILE"},{"name":"LINE"},{"name":"TRT"},{"name":"NERR"},{"name":"MESS"}]}
10/17/2017 12:58:27 64: ********* Resulset 2222 *********** : {"metaData":[{"name":"SITE"},{"name":"TMVT"},{"name":"DESC"},{"name":"ITEM"},{"name":"LV"},{"name":"ITEMDESC"},{"name":"QTY"},{"name":"CREATEDAT"},{"name":"UPDATEDAT"},{"name":"USER"}]}
10/17/2017 13:8:30 66: ********* Resulset 2222 *********** : {"metaData":[{"name":"TOTAL"},{"name":"TRT"},{"name":"SITE"},{"name":"SOCLMAG"},{"name":"INVDATE"},{"name":"FILENAME"},{"name":"COMPANY"}]}
10/17/2017 13:8:30 69: ********* Resulset 2222 *********** : {"metaData":[{"name":"IETSITE"},{"name":"STEP"},{"name":"STEPLABEL"},{"name":"STATUS"},{"name":"UPDATE"}]}
10/17/2017 13:8:34 69: ********* Resulset 2222 *********** : {"metaData":[{"name":"BATCHNAME"},{"name":"DATESTART"},{"name":"STARTAT"},{"name":"ENDAT"},{"name":"DURATION"},{"name":"PARAMETER"},{"name":"BATCHID"}]}
10/17/2017 13:8:37 69: ********* Resulset 2222 *********** : {"metaData":[{"name":"SITE"},{"name":"TMVT"},{"name":"DESC"},{"name":"ITEM"},{"name":"LV"},{"name":"ITEMDESC"},{"name":"QTY"},{"name":"CREATEDAT"},{"name":"UPDATEDAT"},{"name":"USER"}]}
10/17/2017 13:8:41 69: ********* Resulset 2222 *********** : {"metaData":[{"name":"STEP"},{"name":"UPC"},{"name":"SITE"},{"name":"ITEMDESC"},{"name":"ITEM"},{"name":"QTY"},{"name":"FILE"},{"name":"LINE"},{"name":"TRT"},{"name":"NERR"},{"name":"MESS"}]}
