5/9/2018 0:3:8 1: LIBQUERY with Callback: 
5/9/2018 0:3:8 1: BEGIN PKREQUESTMANAGER.CALLQUERY(1,'ADM0000001','abe','{}', '{abe,abe}','{}', :cursor); END;
5/9/2018 0:3:8 1: 1 Object(s) returned... [FETCH]
5/9/2018 0:3:8 1: [object Object]
5/9/2018 0:3:8 1: {"metaData":[{"name":"USERID"},{"name":"USERFNAME"},{"name":"USERLNAME"},{"name":"USEREMAIL"},{"name":"USERMOBILE"}]}
5/9/2018 0:3:8 2: LIBQUERY with Callback: 
5/9/2018 0:3:8 2: BEGIN PKREQUESTMANAGER.CALLQUERY(2,'CLI0000002','abe','{}', '{abe}','{}', :cursor); END;
5/9/2018 0:3:8 2: 1 Object(s) returned... [FETCH]
5/9/2018 0:3:8 2: [object Object]
5/9/2018 0:3:8 2: {"metaData":[{"name":"USERID"},{"name":"USERCORPID"},{"name":"USERPASS"},{"name":"USERAUTH"},{"name":"USERLANG"},{"name":"USERPROF"},{"name":"USERAPPLI"},{"name":"USERFNAME"},{"name":"USERLNAME"},{"name":"USEREMAIL"},{"name":"USERMOBILE"},{"name":"USERTEAM"},{"name":"USERACTIVE"},{"name":"USERDCRE"},{"name":"USERDMAJ"},{"name":"USERUTIL"},{"name":"USERTYPE"}]}
5/9/2018 0:3:8 3: LIBQUERY with Callback: 
5/9/2018 0:3:8 3: BEGIN PKREQUESTMANAGER.CALLQUERY(3,'CLI0000003','abe','{}', '{abe}','{}', :cursor); END;
5/9/2018 0:3:8 3: 6 Object(s) returned... [FETCH]
5/9/2018 0:3:8 3: [object Object],[object Object],[object Object],[object Object],[object Object],[object Object]
5/9/2018 0:3:8 3: {"metaData":[{"name":"LEVEL"},{"name":"ENVID"},{"name":"ENVCORPID"},{"name":"ENVCODE"},{"name":"ENVTYPE"},{"name":"ENVACTIVE"},{"name":"ENVSDESC"},{"name":"ENVLDESC"},{"name":"ENVDBTYPE"},{"name":"ENVIP"},{"name":"ENVPORT"},{"name":"ENVUSER"},{"name":"ENVPASSWORD"},{"name":"ENVSOURCE"},{"name":"ENVDBLINK"},{"name":"ENVDEFAULT"},{"name":"ENVDCRE"},{"name":"ENVDMAJ"},{"name":"ENVUTIL"},{"name":"ENVVERSION"},{"name":"ENVDEFLANG"},{"name":"CORPPIC"},{"name":"ENVVARINITSH"}]}
5/9/2018 0:4:14 4: LIBQUERY with Callback: 
5/9/2018 0:4:14 4: BEGIN PKREQUESTMANAGER.CALLQUERY(4,'SUP0000001','abe','{HEINENS_CEN_UAT}', '{DICK}','{HN}', :cursor); END;
5/9/2018 0:4:14 4: 66 Object(s) returned... [FETCH]
5/9/2018 0:4:14 4: [object Object],[object Object],[object Object],[object Object],[object Object],[object Object],[object Object],[object Object],[object Object],[object Object],[object Object],[object Object],[object Object],[object Object],[object Object],[object Object],[object Object],[object Object],[object Object],[object Object],[object Object],[object Object],[object Object],[object Object],[object Object],[object Object],[object Object],[object Object],[object Object],[object Object],[object Object],[object Object],[object Object],[object Object],[object Object],[object Object],[object Object],[object Object],[object Object],[object Object],[object Object],[object Object],[object Object],[object Object],[object Object],[object Object],[object Object],[object Object],[object Object],[object Object],[object Object],[object Object],[object Object],[object Object],[object Object],[object Object],[object Object],[object Object],[object Object],[object Object],[object Object],[object Object],[object Object],[object Object],[object Object],[object Object]
5/9/2018 0:4:14 4: {"metaData":[{"name":"LISCFIN"},{"name":"FOUCNUF"},{"name":"FOULIBL"},{"name":"FCSNUM"},{"name":"LISCSIN"},{"name":"LISCCIN"},{"name":"FCCNUM"},{"name":"LISNFILF"},{"name":"SOCSITE"},{"name":"SOCLMAG"},{"name":"LISNFILC"},{"name":"LISTLIV"},{"name":"LISCOMC"},{"name":"LISCOMR"},{"name":"LISCOMF"},{"name":"LISVCOM"},{"name":"LISTSLI"},{"name":"LISTSQP"},{"name":"LISTOP"},{"name":"LISAVAL"},{"name":"LISMARQ"},{"name":"LISREAP"},{"name":"LISUREAP"},{"name":"LISUREAP_LIB"},{"name":"LISCOMM"},{"name":"LISCDLU"},{"name":"LISCDMA"},{"name":"LISCDME"},{"name":"LISCDJE"},{"name":"LISCDVE"},{"name":"LISCDSA"},{"name":"LISCDDI"},{"name":"LISLILU"},{"name":"LISLIMA"},{"name":"LISLIME"},{"name":"LISLIJE"},{"name":"LISLIVE"},{"name":"LISLISA"},{"name":"LISLIDI"},{"name":"LISHRLU"},{"name":"LISHRMA"},{"name":"LISHRME"},{"name":"LISHRJE"},{"name":"LISHRVE"},{"name":"LISHRSA"},{"name":"LISHRDI"},{"name":"LISHLLU"},{"name":"LISHLMA"},{"name":"LISHLME"},{"name":"LISHLJE"},{"name":"LISHLVE"},{"name":"LISHLSA"},{"name":"LISHLDI"},{"name":"LISHRLU2"},{"name":"LISHRMA2"},{"name":"LISHRME2"},{"name":"LISHRJE2"},{"name":"LISHRVE2"},{"name":"LISHRSA2"},{"name":"LISHRDI2"},{"name":"LISHLLU2"},{"name":"LISHLMA2"},{"name":"LISHLME2"},{"name":"LISHLJE2"},{"name":"LISHLVE2"},{"name":"LISHLSA2"},{"name":"LISHLDI2"},{"name":"LISHRLU3"},{"name":"LISHRMA3"},{"name":"LISHRME3"},{"name":"LISHRJE3"},{"name":"LISHRVE3"},{"name":"LISHRSA3"},{"name":"LISHRDI3"},{"name":"LISHLLU3"},{"name":"LISHLMA3"},{"name":"LISHLME3"},{"name":"LISHLJE3"},{"name":"LISHLVE3"},{"name":"LISHLSA3"},{"name":"LISHLDI3"},{"name":"LISDDEB"},{"name":"LISDFIN"}]}
5/9/2018 0:4:25 5: LIBQUERY with Callback: 
5/9/2018 0:4:25 5: BEGIN PKREQUESTMANAGER.CALLQUERY(5,'SCH0000001','abe','{HEINENS_CEN_UAT}', '{00562,00562CC,0,00562SC,05/06/2018,05/12/2018,abe,5,6,10,11,16,17,19,20,41,42,43,44}','{HN}', :cursor); END;
5/9/2018 0:4:25 5: 1 Object(s) returned... [FETCH]
5/9/2018 0:4:25 5: [object Object]
5/9/2018 0:4:25 5: {"metaData":[{"name":"'EXECUTINGISSUE,CHECKDBMS_SQL.EXECUTERIGHTS'"}]}
5/9/2018 0:4:25 6: LIBQUERY with Callback: 
5/9/2018 0:4:25 6: BEGIN PKREQUESTMANAGER.CALLQUERY(6,'SCH0000002','abe','{HEINENS_CEN_UAT}', '{00562,00562CC,0,00562SC,05/08/2018,0810,05/10/2018,0600,abe,5,6,10,11,16,17,19,20,41,42,43,44}','{HN}', :cursor); END;
5/9/2018 0:4:25 6: 1 Object(s) returned... [FETCH]
5/9/2018 0:4:25 6: [object Object]
5/9/2018 0:4:25 6: {"metaData":[{"name":"'EXECUTINGISSUE,CHECKDBMS_SQL.EXECUTERIGHTS'"}]}
5/9/2018 0:4:25 7: LIBQUERY with Callback: 
5/9/2018 0:4:25 7: BEGIN PKREQUESTMANAGER.CALLQUERY(7,'SCH0000002','abe','{HEINENS_CEN_UAT}', '{00562,00562CC,0,00562SC,05/11/2018,0810,05/14/2018,0600,abe,5,6,10,11,16,17,19,20,41,42,43,44}','{HN}', :cursor); END;
5/9/2018 0:4:25 7: 1 Object(s) returned... [FETCH]
5/9/2018 0:4:25 7: [object Object]
5/9/2018 0:4:25 7: {"metaData":[{"name":"'EXECUTINGISSUE,CHECKDBMS_SQL.EXECUTERIGHTS'"}]}
5/9/2018 0:4:58 8: LIBQUERY with Callback: 
5/9/2018 0:4:58 8: BEGIN PKREQUESTMANAGER.CALLQUERY(8,'ADM0000001','abe','{}', '{abe,abe}','{}', :cursor); END;
5/9/2018 0:4:58 8: 1 Object(s) returned... [FETCH]
5/9/2018 0:4:58 8: [object Object]
5/9/2018 0:4:58 8: {"metaData":[{"name":"USERID"},{"name":"USERFNAME"},{"name":"USERLNAME"},{"name":"USEREMAIL"},{"name":"USERMOBILE"}]}
5/9/2018 0:4:58 9: LIBQUERY with Callback: 
5/9/2018 0:4:58 9: BEGIN PKREQUESTMANAGER.CALLQUERY(9,'CLI0000002','abe','{}', '{abe}','{}', :cursor); END;
5/9/2018 0:4:58 9: 1 Object(s) returned... [FETCH]
5/9/2018 0:4:58 9: [object Object]
5/9/2018 0:4:58 9: {"metaData":[{"name":"USERID"},{"name":"USERCORPID"},{"name":"USERPASS"},{"name":"USERAUTH"},{"name":"USERLANG"},{"name":"USERPROF"},{"name":"USERAPPLI"},{"name":"USERFNAME"},{"name":"USERLNAME"},{"name":"USEREMAIL"},{"name":"USERMOBILE"},{"name":"USERTEAM"},{"name":"USERACTIVE"},{"name":"USERDCRE"},{"name":"USERDMAJ"},{"name":"USERUTIL"},{"name":"USERTYPE"}]}
5/9/2018 0:4:58 10: LIBQUERY with Callback: 
5/9/2018 0:4:58 10: BEGIN PKREQUESTMANAGER.CALLQUERY(10,'CLI0000003','abe','{}', '{abe}','{}', :cursor); END;
5/9/2018 0:4:58 10: 6 Object(s) returned... [FETCH]
5/9/2018 0:4:58 10: [object Object],[object Object],[object Object],[object Object],[object Object],[object Object]
5/9/2018 0:4:58 10: {"metaData":[{"name":"LEVEL"},{"name":"ENVID"},{"name":"ENVCORPID"},{"name":"ENVCODE"},{"name":"ENVTYPE"},{"name":"ENVACTIVE"},{"name":"ENVSDESC"},{"name":"ENVLDESC"},{"name":"ENVDBTYPE"},{"name":"ENVIP"},{"name":"ENVPORT"},{"name":"ENVUSER"},{"name":"ENVPASSWORD"},{"name":"ENVSOURCE"},{"name":"ENVDBLINK"},{"name":"ENVDEFAULT"},{"name":"ENVDCRE"},{"name":"ENVDMAJ"},{"name":"ENVUTIL"},{"name":"ENVVERSION"},{"name":"ENVDEFLANG"},{"name":"CORPPIC"},{"name":"ENVVARINITSH"}]}
5/9/2018 0:14:43 1: LIBQUERY with Callback: 
5/9/2018 0:14:43 1: BEGIN PKREQUESTMANAGER.CALLQUERY(1,'ADM0000001','abe','{}', '{abe,abe}','{}', :cursor); END;
5/9/2018 0:14:43 1: 1 Object(s) returned... [FETCH]
5/9/2018 0:14:43 1: [object Object]
5/9/2018 0:14:43 1: {"metaData":[{"name":"USERID"},{"name":"USERFNAME"},{"name":"USERLNAME"},{"name":"USEREMAIL"},{"name":"USERMOBILE"}]}
5/9/2018 0:14:44 2: LIBQUERY with Callback: 
5/9/2018 0:14:44 2: BEGIN PKREQUESTMANAGER.CALLQUERY(2,'CLI0000002','abe','{}', '{abe}','{}', :cursor); END;
5/9/2018 0:14:44 2: 1 Object(s) returned... [FETCH]
5/9/2018 0:14:44 2: [object Object]
5/9/2018 0:14:44 2: {"metaData":[{"name":"USERID"},{"name":"USERCORPID"},{"name":"USERPASS"},{"name":"USERAUTH"},{"name":"USERLANG"},{"name":"USERPROF"},{"name":"USERAPPLI"},{"name":"USERFNAME"},{"name":"USERLNAME"},{"name":"USEREMAIL"},{"name":"USERMOBILE"},{"name":"USERTEAM"},{"name":"USERACTIVE"},{"name":"USERDCRE"},{"name":"USERDMAJ"},{"name":"USERUTIL"},{"name":"USERTYPE"}]}
5/9/2018 0:14:44 3: LIBQUERY with Callback: 
5/9/2018 0:14:44 3: BEGIN PKREQUESTMANAGER.CALLQUERY(3,'CLI0000003','abe','{}', '{abe}','{}', :cursor); END;
5/9/2018 0:14:44 3: 6 Object(s) returned... [FETCH]
5/9/2018 0:14:44 3: [object Object],[object Object],[object Object],[object Object],[object Object],[object Object]
5/9/2018 0:14:44 3: {"metaData":[{"name":"LEVEL"},{"name":"ENVID"},{"name":"ENVCORPID"},{"name":"ENVCODE"},{"name":"ENVTYPE"},{"name":"ENVACTIVE"},{"name":"ENVSDESC"},{"name":"ENVLDESC"},{"name":"ENVDBTYPE"},{"name":"ENVIP"},{"name":"ENVPORT"},{"name":"ENVUSER"},{"name":"ENVPASSWORD"},{"name":"ENVSOURCE"},{"name":"ENVDBLINK"},{"name":"ENVDEFAULT"},{"name":"ENVDCRE"},{"name":"ENVDMAJ"},{"name":"ENVUTIL"},{"name":"ENVVERSION"},{"name":"ENVDEFLANG"},{"name":"CORPPIC"},{"name":"ENVVARINITSH"}]}
5/9/2018 0:17:14 4: LIBQUERY with Callback: 
5/9/2018 0:17:14 4: BEGIN PKREQUESTMANAGER.CALLQUERY(4,'SUP0000001','abe','{HEINENS_CEN_UAT}', '{dick}','{HN}', :cursor); END;
5/9/2018 0:17:14 4: 66 Object(s) returned... [FETCH]
5/9/2018 0:17:14 4: [object Object],[object Object],[object Object],[object Object],[object Object],[object Object],[object Object],[object Object],[object Object],[object Object],[object Object],[object Object],[object Object],[object Object],[object Object],[object Object],[object Object],[object Object],[object Object],[object Object],[object Object],[object Object],[object Object],[object Object],[object Object],[object Object],[object Object],[object Object],[object Object],[object Object],[object Object],[object Object],[object Object],[object Object],[object Object],[object Object],[object Object],[object Object],[object Object],[object Object],[object Object],[object Object],[object Object],[object Object],[object Object],[object Object],[object Object],[object Object],[object Object],[object Object],[object Object],[object Object],[object Object],[object Object],[object Object],[object Object],[object Object],[object Object],[object Object],[object Object],[object Object],[object Object],[object Object],[object Object],[object Object],[object Object]
5/9/2018 0:17:14 4: {"metaData":[{"name":"LISCFIN"},{"name":"FOUCNUF"},{"name":"FOULIBL"},{"name":"FCSNUM"},{"name":"LISCSIN"},{"name":"LISCCIN"},{"name":"FCCNUM"},{"name":"LISNFILF"},{"name":"SOCSITE"},{"name":"SOCLMAG"},{"name":"LISNFILC"},{"name":"LISTLIV"},{"name":"LISCOMC"},{"name":"LISCOMR"},{"name":"LISCOMF"},{"name":"LISVCOM"},{"name":"LISTSLI"},{"name":"LISTSQP"},{"name":"LISTOP"},{"name":"LISAVAL"},{"name":"LISMARQ"},{"name":"LISREAP"},{"name":"LISUREAP"},{"name":"LISUREAP_LIB"},{"name":"LISCOMM"},{"name":"LISCDLU"},{"name":"LISCDMA"},{"name":"LISCDME"},{"name":"LISCDJE"},{"name":"LISCDVE"},{"name":"LISCDSA"},{"name":"LISCDDI"},{"name":"LISLILU"},{"name":"LISLIMA"},{"name":"LISLIME"},{"name":"LISLIJE"},{"name":"LISLIVE"},{"name":"LISLISA"},{"name":"LISLIDI"},{"name":"LISHRLU"},{"name":"LISHRMA"},{"name":"LISHRME"},{"name":"LISHRJE"},{"name":"LISHRVE"},{"name":"LISHRSA"},{"name":"LISHRDI"},{"name":"LISHLLU"},{"name":"LISHLMA"},{"name":"LISHLME"},{"name":"LISHLJE"},{"name":"LISHLVE"},{"name":"LISHLSA"},{"name":"LISHLDI"},{"name":"LISHRLU2"},{"name":"LISHRMA2"},{"name":"LISHRME2"},{"name":"LISHRJE2"},{"name":"LISHRVE2"},{"name":"LISHRSA2"},{"name":"LISHRDI2"},{"name":"LISHLLU2"},{"name":"LISHLMA2"},{"name":"LISHLME2"},{"name":"LISHLJE2"},{"name":"LISHLVE2"},{"name":"LISHLSA2"},{"name":"LISHLDI2"},{"name":"LISHRLU3"},{"name":"LISHRMA3"},{"name":"LISHRME3"},{"name":"LISHRJE3"},{"name":"LISHRVE3"},{"name":"LISHRSA3"},{"name":"LISHRDI3"},{"name":"LISHLLU3"},{"name":"LISHLMA3"},{"name":"LISHLME3"},{"name":"LISHLJE3"},{"name":"LISHLVE3"},{"name":"LISHLSA3"},{"name":"LISHLDI3"},{"name":"LISDDEB"},{"name":"LISDFIN"}]}
5/9/2018 0:17:27 5: LIBQUERY with Callback: 
5/9/2018 0:17:27 5: BEGIN PKREQUESTMANAGER.CALLQUERY(5,'SCH0000001','abe','{HEINENS_CEN_UAT}', '{AO0056272,AO00562C,0,AO00562S,05/06/2018,05/12/2018,abe,1,4,5,6,7,8,9,10,11,12,14,15,16,17,18,19,20,21,22,41,42,43,44}','{HN}', :cursor); END;
5/9/2018 0:17:27 5: 1 Object(s) returned... [FETCH]
5/9/2018 0:17:27 5: [object Object]
5/9/2018 0:17:27 5: {"metaData":[{"name":"'EXECUTINGISSUE,CHECKDBMS_SQL.EXECUTERIGHTS'"}]}
5/9/2018 0:17:27 6: LIBQUERY with Callback: 
5/9/2018 0:17:27 6: BEGIN PKREQUESTMANAGER.CALLQUERY(6,'SCH0000002','abe','{HEINENS_CEN_UAT}', '{AO0056272,AO00562C,0,AO00562S,05/07/2018,1010,05/08/2018,0600,abe,1,4,5,6,7,8,9,10,11,12,14,15,16,17,18,19,20,21,22,41,42,43,44}','{HN}', :cursor); END;
5/9/2018 0:17:28 6: 1 Object(s) returned... [FETCH]
5/9/2018 0:17:28 6: [object Object]
5/9/2018 0:17:28 6: {"metaData":[{"name":"'EXECUTINGISSUE,CHECKDBMS_SQL.EXECUTERIGHTS'"}]}
5/9/2018 0:18:21 7: LIBQUERY with Callback: 
5/9/2018 0:18:21 7: BEGIN PKREQUESTMANAGER.CALLQUERY(7,'SCH0000001','abe','{HEINENS_CEN_UAT}', '{AO0056272,AO00562C,0,AO00562S,05/06/2018,05/12/2018,abe,1,4,5,6,7,8,9,10,11,12,14,15,16,17,18,19,20,21,22,41,42,43,44}','{HN}', :cursor); END;
5/9/2018 0:18:21 7: 1 Object(s) returned... [FETCH]
5/9/2018 0:18:21 7: [object Object]
5/9/2018 0:18:21 7: {"metaData":[{"name":"'EXECUTINGISSUE,CHECKDBMS_SQL.EXECUTERIGHTS'"}]}
5/9/2018 0:18:22 8: LIBQUERY with Callback: 
5/9/2018 0:18:22 8: BEGIN PKREQUESTMANAGER.CALLQUERY(8,'SCH0000002','abe','{HEINENS_CEN_UAT}', '{AO0056272,AO00562C,0,AO00562S,05/08/2018,1010,05/09/2018,0600,abe,1,4,5,6,7,8,9,10,11,12,14,15,16,17,18,19,20,21,22,41,42,43,44}','{HN}', :cursor); END;
5/9/2018 0:18:22 8: 1 Object(s) returned... [FETCH]
5/9/2018 0:18:22 8: [object Object]
5/9/2018 0:18:22 8: {"metaData":[{"name":"'EXECUTINGISSUE,CHECKDBMS_SQL.EXECUTERIGHTS'"}]}
5/9/2018 0:19:42 9: LIBQUERY with Callback: 
5/9/2018 0:19:42 9: BEGIN PKREQUESTMANAGER.CALLQUERY(9,'SCH0000001','abe','{HEINENS_CEN_UAT}', '{AO0056272,AO00562C,0,AO00562S,05/06/2018,05/12/2018,abe,1,4,5,6,7,8,9,10,11,12,14,15,16,17,18,19,20,21,22,41,42,43,44}','{HN}', :cursor); END;
5/9/2018 0:19:42 9: 1 Object(s) returned... [FETCH]
5/9/2018 0:19:42 9: [object Object]
5/9/2018 0:19:42 9: {"metaData":[{"name":"'EXECUTINGISSUE,CHECKDBMS_SQL.EXECUTERIGHTS'"}]}
5/9/2018 0:19:42 10: LIBQUERY with Callback: 
5/9/2018 0:19:42 10: BEGIN PKREQUESTMANAGER.CALLQUERY(10,'SCH0000002','abe','{HEINENS_CEN_UAT}', '{AO0056272,AO00562C,0,AO00562S,05/08/2018,1010,05/09/2018,0600,abe,1,4,5,6,7,8,9,10,11,12,14,15,16,17,18,19,20,21,22,41,42,43,44}','{HN}', :cursor); END;
5/9/2018 0:19:43 10: 1 Object(s) returned... [FETCH]
5/9/2018 0:19:43 10: [object Object]
5/9/2018 0:19:43 10: {"metaData":[{"name":"'EXECUTINGISSUE,CHECKDBMS_SQL.EXECUTERIGHTS'"}]}
5/9/2018 0:19:43 11: LIBQUERY with Callback: 
5/9/2018 0:19:43 11: BEGIN PKREQUESTMANAGER.CALLQUERY(11,'SCH0000002','abe','{HEINENS_CEN_UAT}', '{AO0056272,AO00562C,0,AO00562S,05/10/2018,1010,05/11/2018,0600,abe,1,4,5,6,7,8,9,10,11,12,14,15,16,17,18,19,20,21,22,41,42,43,44}','{HN}', :cursor); END;
5/9/2018 0:19:43 11: 1 Object(s) returned... [FETCH]
5/9/2018 0:19:43 11: [object Object]
5/9/2018 0:19:43 11: {"metaData":[{"name":"'EXECUTINGISSUE,CHECKDBMS_SQL.EXECUTERIGHTS'"}]}
5/9/2018 0:48:53 22: LIBQUERY with Callback: 
5/9/2018 0:48:53 22: BEGIN PKREQUESTMANAGER.CALLQUERY(22,'ADM0000001','abe','{}', '{abe,abe}','{}', :cursor); END;
5/9/2018 0:48:53 22: 1 Object(s) returned... [FETCH]
5/9/2018 0:48:53 22: [object Object]
5/9/2018 0:48:53 22: {"metaData":[{"name":"USERID"},{"name":"USERFNAME"},{"name":"USERLNAME"},{"name":"USEREMAIL"},{"name":"USERMOBILE"}]}
5/9/2018 0:48:54 23: LIBQUERY with Callback: 
5/9/2018 0:48:54 23: BEGIN PKREQUESTMANAGER.CALLQUERY(23,'CLI0000002','abe','{}', '{abe}','{}', :cursor); END;
5/9/2018 0:48:54 23: 1 Object(s) returned... [FETCH]
5/9/2018 0:48:54 23: [object Object]
5/9/2018 0:48:54 23: {"metaData":[{"name":"USERID"},{"name":"USERCORPID"},{"name":"USERPASS"},{"name":"USERAUTH"},{"name":"USERLANG"},{"name":"USERPROF"},{"name":"USERAPPLI"},{"name":"USERFNAME"},{"name":"USERLNAME"},{"name":"USEREMAIL"},{"name":"USERMOBILE"},{"name":"USERTEAM"},{"name":"USERACTIVE"},{"name":"USERDCRE"},{"name":"USERDMAJ"},{"name":"USERUTIL"},{"name":"USERTYPE"}]}
5/9/2018 0:48:54 24: LIBQUERY with Callback: 
5/9/2018 0:48:54 24: BEGIN PKREQUESTMANAGER.CALLQUERY(24,'CLI0000003','abe','{}', '{abe}','{}', :cursor); END;
5/9/2018 0:48:54 24: 6 Object(s) returned... [FETCH]
5/9/2018 0:48:54 24: [object Object],[object Object],[object Object],[object Object],[object Object],[object Object]
5/9/2018 0:48:54 24: {"metaData":[{"name":"LEVEL"},{"name":"ENVID"},{"name":"ENVCORPID"},{"name":"ENVCODE"},{"name":"ENVTYPE"},{"name":"ENVACTIVE"},{"name":"ENVSDESC"},{"name":"ENVLDESC"},{"name":"ENVDBTYPE"},{"name":"ENVIP"},{"name":"ENVPORT"},{"name":"ENVUSER"},{"name":"ENVPASSWORD"},{"name":"ENVSOURCE"},{"name":"ENVDBLINK"},{"name":"ENVDEFAULT"},{"name":"ENVDCRE"},{"name":"ENVDMAJ"},{"name":"ENVUTIL"},{"name":"ENVVERSION"},{"name":"ENVDEFLANG"},{"name":"CORPPIC"},{"name":"ENVVARINITSH"}]}
5/9/2018 9:8:35 1: LIBQUERY with Callback: 
5/9/2018 9:8:35 1: BEGIN PKREQUESTMANAGER.CALLQUERY(1,'ADM0000001','abe','{}', '{abe,abe}','{}', :cursor); END;
5/9/2018 9:8:36 1: 1 Object(s) returned... [FETCH]
5/9/2018 9:8:36 1: [object Object]
5/9/2018 9:8:36 1: {"metaData":[{"name":"USERID"},{"name":"USERFNAME"},{"name":"USERLNAME"},{"name":"USEREMAIL"},{"name":"USERMOBILE"}]}
5/9/2018 9:8:36 2: LIBQUERY with Callback: 
5/9/2018 9:8:36 2: BEGIN PKREQUESTMANAGER.CALLQUERY(2,'CLI0000002','abe','{}', '{abe}','{}', :cursor); END;
5/9/2018 9:8:36 2: 1 Object(s) returned... [FETCH]
5/9/2018 9:8:36 2: [object Object]
5/9/2018 9:8:36 2: {"metaData":[{"name":"USERID"},{"name":"USERCORPID"},{"name":"USERPASS"},{"name":"USERAUTH"},{"name":"USERLANG"},{"name":"USERPROF"},{"name":"USERAPPLI"},{"name":"USERFNAME"},{"name":"USERLNAME"},{"name":"USEREMAIL"},{"name":"USERMOBILE"},{"name":"USERTEAM"},{"name":"USERACTIVE"},{"name":"USERDCRE"},{"name":"USERDMAJ"},{"name":"USERUTIL"},{"name":"USERTYPE"}]}
5/9/2018 9:8:36 3: LIBQUERY with Callback: 
5/9/2018 9:8:36 3: BEGIN PKREQUESTMANAGER.CALLQUERY(3,'ADM0000001','abe','{}', '{abe,abe}','{}', :cursor); END;
5/9/2018 9:8:36 3: 1 Object(s) returned... [FETCH]
5/9/2018 9:8:36 3: [object Object]
5/9/2018 9:8:36 3: {"metaData":[{"name":"USERID"},{"name":"USERFNAME"},{"name":"USERLNAME"},{"name":"USEREMAIL"},{"name":"USERMOBILE"}]}
5/9/2018 9:8:36 4: LIBQUERY with Callback: 
5/9/2018 9:8:36 4: BEGIN PKREQUESTMANAGER.CALLQUERY(4,'CLI0000003','abe','{}', '{abe}','{}', :cursor); END;
5/9/2018 9:8:36 5: LIBQUERY with Callback: 
5/9/2018 9:8:36 5: BEGIN PKREQUESTMANAGER.CALLQUERY(5,'CLI0000002','abe','{}', '{abe}','{}', :cursor); END;
5/9/2018 9:8:36 5: 6 Object(s) returned... [FETCH]
5/9/2018 9:8:36 5: [object Object],[object Object],[object Object],[object Object],[object Object],[object Object]
5/9/2018 9:8:36 5: {"metaData":[{"name":"LEVEL"},{"name":"ENVID"},{"name":"ENVCORPID"},{"name":"ENVCODE"},{"name":"ENVTYPE"},{"name":"ENVACTIVE"},{"name":"ENVSDESC"},{"name":"ENVLDESC"},{"name":"ENVDBTYPE"},{"name":"ENVIP"},{"name":"ENVPORT"},{"name":"ENVUSER"},{"name":"ENVPASSWORD"},{"name":"ENVSOURCE"},{"name":"ENVDBLINK"},{"name":"ENVDEFAULT"},{"name":"ENVDCRE"},{"name":"ENVDMAJ"},{"name":"ENVUTIL"},{"name":"ENVVERSION"},{"name":"ENVDEFLANG"},{"name":"CORPPIC"},{"name":"ENVVARINITSH"}]}
5/9/2018 9:8:36 5: 1 Object(s) returned... [FETCH]
5/9/2018 9:8:36 5: [object Object]
5/9/2018 9:8:36 5: {"metaData":[{"name":"USERID"},{"name":"USERCORPID"},{"name":"USERPASS"},{"name":"USERAUTH"},{"name":"USERLANG"},{"name":"USERPROF"},{"name":"USERAPPLI"},{"name":"USERFNAME"},{"name":"USERLNAME"},{"name":"USEREMAIL"},{"name":"USERMOBILE"},{"name":"USERTEAM"},{"name":"USERACTIVE"},{"name":"USERDCRE"},{"name":"USERDMAJ"},{"name":"USERUTIL"},{"name":"USERTYPE"}]}
5/9/2018 9:8:36 6: LIBQUERY with Callback: 
5/9/2018 9:8:36 6: BEGIN PKREQUESTMANAGER.CALLQUERY(6,'CLI0000003','abe','{}', '{abe}','{}', :cursor); END;
5/9/2018 9:8:37 6: 6 Object(s) returned... [FETCH]
5/9/2018 9:8:37 6: [object Object],[object Object],[object Object],[object Object],[object Object],[object Object]
5/9/2018 9:8:37 6: {"metaData":[{"name":"LEVEL"},{"name":"ENVID"},{"name":"ENVCORPID"},{"name":"ENVCODE"},{"name":"ENVTYPE"},{"name":"ENVACTIVE"},{"name":"ENVSDESC"},{"name":"ENVLDESC"},{"name":"ENVDBTYPE"},{"name":"ENVIP"},{"name":"ENVPORT"},{"name":"ENVUSER"},{"name":"ENVPASSWORD"},{"name":"ENVSOURCE"},{"name":"ENVDBLINK"},{"name":"ENVDEFAULT"},{"name":"ENVDCRE"},{"name":"ENVDMAJ"},{"name":"ENVUTIL"},{"name":"ENVVERSION"},{"name":"ENVDEFLANG"},{"name":"CORPPIC"},{"name":"ENVVARINITSH"}]}
5/9/2018 9:27:41 7: LIBQUERY with Callback: 
5/9/2018 9:27:41 7: BEGIN PKREQUESTMANAGER.CALLQUERY(7,'ADM0000001','abe','{}', '{abe,abe}','{}', :cursor); END;
5/9/2018 9:27:41 7: 1 Object(s) returned... [FETCH]
5/9/2018 9:27:41 7: [object Object]
5/9/2018 9:27:41 7: {"metaData":[{"name":"USERID"},{"name":"USERFNAME"},{"name":"USERLNAME"},{"name":"USEREMAIL"},{"name":"USERMOBILE"}]}
5/9/2018 9:27:41 8: LIBQUERY with Callback: 
5/9/2018 9:27:41 8: BEGIN PKREQUESTMANAGER.CALLQUERY(8,'CLI0000002','abe','{}', '{abe}','{}', :cursor); END;
5/9/2018 9:27:42 8: 1 Object(s) returned... [FETCH]
5/9/2018 9:27:42 8: [object Object]
5/9/2018 9:27:42 8: {"metaData":[{"name":"USERID"},{"name":"USERCORPID"},{"name":"USERPASS"},{"name":"USERAUTH"},{"name":"USERLANG"},{"name":"USERPROF"},{"name":"USERAPPLI"},{"name":"USERFNAME"},{"name":"USERLNAME"},{"name":"USEREMAIL"},{"name":"USERMOBILE"},{"name":"USERTEAM"},{"name":"USERACTIVE"},{"name":"USERDCRE"},{"name":"USERDMAJ"},{"name":"USERUTIL"},{"name":"USERTYPE"}]}
5/9/2018 9:27:42 9: LIBQUERY with Callback: 
5/9/2018 9:27:42 9: BEGIN PKREQUESTMANAGER.CALLQUERY(9,'CLI0000003','abe','{}', '{abe}','{}', :cursor); END;
5/9/2018 9:27:42 9: 6 Object(s) returned... [FETCH]
5/9/2018 9:27:42 9: [object Object],[object Object],[object Object],[object Object],[object Object],[object Object]
5/9/2018 9:27:42 9: {"metaData":[{"name":"LEVEL"},{"name":"ENVID"},{"name":"ENVCORPID"},{"name":"ENVCODE"},{"name":"ENVTYPE"},{"name":"ENVACTIVE"},{"name":"ENVSDESC"},{"name":"ENVLDESC"},{"name":"ENVDBTYPE"},{"name":"ENVIP"},{"name":"ENVPORT"},{"name":"ENVUSER"},{"name":"ENVPASSWORD"},{"name":"ENVSOURCE"},{"name":"ENVDBLINK"},{"name":"ENVDEFAULT"},{"name":"ENVDCRE"},{"name":"ENVDMAJ"},{"name":"ENVUTIL"},{"name":"ENVVERSION"},{"name":"ENVDEFLANG"},{"name":"CORPPIC"},{"name":"ENVVARINITSH"}]}
5/9/2018 9:28:19 10: LIBQUERY with Callback: 
5/9/2018 9:28:19 10: BEGIN PKREQUESTMANAGER.CALLQUERY(10,'ADM0000001','abe','{}', '{abe,abe}','{}', :cursor); END;
5/9/2018 9:28:19 10: 1 Object(s) returned... [FETCH]
5/9/2018 9:28:19 10: [object Object]
5/9/2018 9:28:19 10: {"metaData":[{"name":"USERID"},{"name":"USERFNAME"},{"name":"USERLNAME"},{"name":"USEREMAIL"},{"name":"USERMOBILE"}]}
5/9/2018 9:28:20 11: LIBQUERY with Callback: 
5/9/2018 9:28:20 11: BEGIN PKREQUESTMANAGER.CALLQUERY(11,'CLI0000002','abe','{}', '{abe}','{}', :cursor); END;
5/9/2018 9:28:20 11: 1 Object(s) returned... [FETCH]
5/9/2018 9:28:20 11: [object Object]
5/9/2018 9:28:20 11: {"metaData":[{"name":"USERID"},{"name":"USERCORPID"},{"name":"USERPASS"},{"name":"USERAUTH"},{"name":"USERLANG"},{"name":"USERPROF"},{"name":"USERAPPLI"},{"name":"USERFNAME"},{"name":"USERLNAME"},{"name":"USEREMAIL"},{"name":"USERMOBILE"},{"name":"USERTEAM"},{"name":"USERACTIVE"},{"name":"USERDCRE"},{"name":"USERDMAJ"},{"name":"USERUTIL"},{"name":"USERTYPE"}]}
5/9/2018 9:28:20 12: LIBQUERY with Callback: 
5/9/2018 9:28:20 12: BEGIN PKREQUESTMANAGER.CALLQUERY(12,'CLI0000003','abe','{}', '{abe}','{}', :cursor); END;
5/9/2018 9:28:20 12: 6 Object(s) returned... [FETCH]
5/9/2018 9:28:20 12: [object Object],[object Object],[object Object],[object Object],[object Object],[object Object]
5/9/2018 9:28:20 12: {"metaData":[{"name":"LEVEL"},{"name":"ENVID"},{"name":"ENVCORPID"},{"name":"ENVCODE"},{"name":"ENVTYPE"},{"name":"ENVACTIVE"},{"name":"ENVSDESC"},{"name":"ENVLDESC"},{"name":"ENVDBTYPE"},{"name":"ENVIP"},{"name":"ENVPORT"},{"name":"ENVUSER"},{"name":"ENVPASSWORD"},{"name":"ENVSOURCE"},{"name":"ENVDBLINK"},{"name":"ENVDEFAULT"},{"name":"ENVDCRE"},{"name":"ENVDMAJ"},{"name":"ENVUTIL"},{"name":"ENVVERSION"},{"name":"ENVDEFLANG"},{"name":"CORPPIC"},{"name":"ENVVARINITSH"}]}
5/9/2018 16:32:28 20: LIBQUERY with Callback: 
5/9/2018 16:32:28 20: BEGIN PKREQUESTMANAGER.CALLQUERY(20,'ADM0000001','abe','{}', '{abe,abe}','{}', :cursor); END;
5/9/2018 16:32:28 20: 1 Object(s) returned... [FETCH]
5/9/2018 16:32:28 20: [object Object]
5/9/2018 16:32:28 20: {"metaData":[{"name":"USERID"},{"name":"USERFNAME"},{"name":"USERLNAME"},{"name":"USEREMAIL"},{"name":"USERMOBILE"}]}
5/9/2018 16:32:28 21: LIBQUERY with Callback: 
5/9/2018 16:32:28 21: BEGIN PKREQUESTMANAGER.CALLQUERY(21,'CLI0000002','abe','{}', '{abe}','{}', :cursor); END;
5/9/2018 16:32:28 21: 1 Object(s) returned... [FETCH]
5/9/2018 16:32:28 21: [object Object]
5/9/2018 16:32:28 21: {"metaData":[{"name":"USERID"},{"name":"USERCORPID"},{"name":"USERPASS"},{"name":"USERAUTH"},{"name":"USERLANG"},{"name":"USERPROF"},{"name":"USERAPPLI"},{"name":"USERFNAME"},{"name":"USERLNAME"},{"name":"USEREMAIL"},{"name":"USERMOBILE"},{"name":"USERTEAM"},{"name":"USERACTIVE"},{"name":"USERDCRE"},{"name":"USERDMAJ"},{"name":"USERUTIL"},{"name":"USERTYPE"}]}
5/9/2018 16:32:29 22: LIBQUERY with Callback: 
5/9/2018 16:32:29 22: BEGIN PKREQUESTMANAGER.CALLQUERY(22,'CLI0000003','abe','{}', '{abe}','{}', :cursor); END;
5/9/2018 16:32:29 22: 6 Object(s) returned... [FETCH]
5/9/2018 16:32:29 22: [object Object],[object Object],[object Object],[object Object],[object Object],[object Object]
5/9/2018 16:32:29 22: {"metaData":[{"name":"LEVEL"},{"name":"ENVID"},{"name":"ENVCORPID"},{"name":"ENVCODE"},{"name":"ENVTYPE"},{"name":"ENVACTIVE"},{"name":"ENVSDESC"},{"name":"ENVLDESC"},{"name":"ENVDBTYPE"},{"name":"ENVIP"},{"name":"ENVPORT"},{"name":"ENVUSER"},{"name":"ENVPASSWORD"},{"name":"ENVSOURCE"},{"name":"ENVDBLINK"},{"name":"ENVDEFAULT"},{"name":"ENVDCRE"},{"name":"ENVDMAJ"},{"name":"ENVUTIL"},{"name":"ENVVERSION"},{"name":"ENVDEFLANG"},{"name":"CORPPIC"},{"name":"ENVVARINITSH"}]}
