5/9/2018 11:28:45 16: LIBQUERY with Callback: 
5/9/2018 11:28:45 16: BEGIN PKREQUESTMANAGER.CALLQUERY(16,'ADM0000001','emorris','{}', '{emorris,chambers27}','{}', :cursor); END;
5/9/2018 11:28:45 16: 1 Object(s) returned... [FETCH]
5/9/2018 11:28:45 16: [object Object]
5/9/2018 11:28:45 16: {"metaData":[{"name":"USERID"},{"name":"USERFNAME"},{"name":"USERLNAME"},{"name":"USEREMAIL"},{"name":"USERMOBILE"}]}
5/9/2018 11:28:45 17: LIBQUERY with Callback: 
5/9/2018 11:28:45 17: BEGIN PKREQUESTMANAGER.CALLQUERY(17,'CLI0000002','emorris','{}', '{emorris}','{}', :cursor); END;
5/9/2018 11:28:45 17: 1 Object(s) returned... [FETCH]
5/9/2018 11:28:45 17: [object Object]
5/9/2018 11:28:45 17: {"metaData":[{"name":"USERID"},{"name":"USERCORPID"},{"name":"USERPASS"},{"name":"USERAUTH"},{"name":"USERLANG"},{"name":"USERPROF"},{"name":"USERAPPLI"},{"name":"USERFNAME"},{"name":"USERLNAME"},{"name":"USEREMAIL"},{"name":"USERMOBILE"},{"name":"USERTEAM"},{"name":"USERACTIVE"},{"name":"USERDCRE"},{"name":"USERDMAJ"},{"name":"USERUTIL"},{"name":"USERTYPE"}]}
5/9/2018 11:28:45 18: LIBQUERY with Callback: 
5/9/2018 11:28:45 18: BEGIN PKREQUESTMANAGER.CALLQUERY(18,'CLI0000003','emorris','{}', '{emorris}','{}', :cursor); END;
5/9/2018 11:28:46 18: 5 Object(s) returned... [FETCH]
5/9/2018 11:28:46 18: [object Object],[object Object],[object Object],[object Object],[object Object]
5/9/2018 11:28:46 18: {"metaData":[{"name":"LEVEL"},{"name":"ENVID"},{"name":"ENVCORPID"},{"name":"ENVCODE"},{"name":"ENVTYPE"},{"name":"ENVACTIVE"},{"name":"ENVSDESC"},{"name":"ENVLDESC"},{"name":"ENVDBTYPE"},{"name":"ENVIP"},{"name":"ENVPORT"},{"name":"ENVUSER"},{"name":"ENVPASSWORD"},{"name":"ENVSOURCE"},{"name":"ENVDBLINK"},{"name":"ENVDEFAULT"},{"name":"ENVDCRE"},{"name":"ENVDMAJ"},{"name":"ENVUTIL"},{"name":"ENVVERSION"},{"name":"ENVDEFLANG"},{"name":"CORPPIC"},{"name":"ENVVARINITSH"}]}
5/9/2018 11:28:59 19: LIBQUERY with Callback: 
5/9/2018 11:28:59 19: BEGIN PKREQUESTMANAGER.CALLQUERY(19,'SUP0000001','emorris','{HEINENS_CEN_UAT}', '{08065}','{HN}', :cursor); END;
5/9/2018 11:28:59 19: 92 Object(s) returned... [FETCH]
5/9/2018 11:28:59 19: [object Object],[object Object],[object Object],[object Object],[object Object],[object Object],[object Object],[object Object],[object Object],[object Object],[object Object],[object Object],[object Object],[object Object],[object Object],[object Object],[object Object],[object Object],[object Object],[object Object],[object Object],[object Object],[object Object],[object Object],[object Object],[object Object],[object Object],[object Object],[object Object],[object Object],[object Object],[object Object],[object Object],[object Object],[object Object],[object Object],[object Object],[object Object],[object Object],[object Object],[object Object],[object Object],[object Object],[object Object],[object Object],[object Object],[object Object],[object Object],[object Object],[object Object],[object Object],[object Object],[object Object],[object Object],[object Object],[object Object],[object Object],[object Object],[object Object],[object Object],[object Object],[object Object],[object Object],[object Object],[object Object],[object Object],[object Object],[object Object],[object Object],[object Object],[object Object],[object Object],[object Object],[object Object],[object Object],[object Object],[object Object],[object Object],[object Object],[object Object],[object Object],[object Object],[object Object],[object Object],[object Object],[object Object],[object Object],[object Object],[object Object],[object Object],[object Object],[object Object]
5/9/2018 11:28:59 19: {"metaData":[{"name":"LISCFIN"},{"name":"FOUCNUF"},{"name":"FOULIBL"},{"name":"FCSNUM"},{"name":"LISCSIN"},{"name":"LISCCIN"},{"name":"FCCNUM"},{"name":"LISNFILF"},{"name":"SOCSITE"},{"name":"SOCLMAG"},{"name":"LISNFILC"},{"name":"LISTLIV"},{"name":"LISCOMC"},{"name":"LISCOMR"},{"name":"LISCOMF"},{"name":"LISVCOM"},{"name":"LISTSLI"},{"name":"LISTSQP"},{"name":"LISTOP"},{"name":"LISAVAL"},{"name":"LISMARQ"},{"name":"LISREAP"},{"name":"LISUREAP"},{"name":"LISUREAP_LIB"},{"name":"LISCOMM"},{"name":"LISCDLU"},{"name":"LISCDMA"},{"name":"LISCDME"},{"name":"LISCDJE"},{"name":"LISCDVE"},{"name":"LISCDSA"},{"name":"LISCDDI"},{"name":"LISLILU"},{"name":"LISLIMA"},{"name":"LISLIME"},{"name":"LISLIJE"},{"name":"LISLIVE"},{"name":"LISLISA"},{"name":"LISLIDI"},{"name":"LISHRLU"},{"name":"LISHRMA"},{"name":"LISHRME"},{"name":"LISHRJE"},{"name":"LISHRVE"},{"name":"LISHRSA"},{"name":"LISHRDI"},{"name":"LISHLLU"},{"name":"LISHLMA"},{"name":"LISHLME"},{"name":"LISHLJE"},{"name":"LISHLVE"},{"name":"LISHLSA"},{"name":"LISHLDI"},{"name":"LISHRLU2"},{"name":"LISHRMA2"},{"name":"LISHRME2"},{"name":"LISHRJE2"},{"name":"LISHRVE2"},{"name":"LISHRSA2"},{"name":"LISHRDI2"},{"name":"LISHLLU2"},{"name":"LISHLMA2"},{"name":"LISHLME2"},{"name":"LISHLJE2"},{"name":"LISHLVE2"},{"name":"LISHLSA2"},{"name":"LISHLDI2"},{"name":"LISHRLU3"},{"name":"LISHRMA3"},{"name":"LISHRME3"},{"name":"LISHRJE3"},{"name":"LISHRVE3"},{"name":"LISHRSA3"},{"name":"LISHRDI3"},{"name":"LISHLLU3"},{"name":"LISHLMA3"},{"name":"LISHLME3"},{"name":"LISHLJE3"},{"name":"LISHLVE3"},{"name":"LISHLSA3"},{"name":"LISHLDI3"},{"name":"LISDDEB"},{"name":"LISDFIN"}]}
