
SQL*Plus: Release 12.1.0.2.0 Production on Fri Nov 13 16:42:40 2020

Copyright (c) 1982, 2014, Oracle.  All rights reserved.

Last Successful login time: Fri Nov 13 2020 16:41:26 -05:00

Connected to:
Oracle Database 12c Enterprise Edition Release 12.2.0.1.0 - 64bit Production

DROP MATERIALIZED VIEW MV_SUPPLIERSERVICERATE
*
ERROR at line 1:
ORA-12003: materialized view or zonemap "CONTROLROOM"."MV_SUPPLIERSERVICERATE"
does not exist


	   AND ROWNUM = 1) ITEM_CLASS,
                           *
ERROR at line 18:
ORA-22818: subquery expressions not allowed here


SQL> Error 45 initializing SQL*Plus
Internal error
[[0;43mSTART[0m]	 Starting process for view refresh..... Thu Dec  3 02:53:16 EST 2020 	[[0;43mIN PROGRESS[0m]
Subject: DAILY VIEW REFRESH refreshed completer
DAILY Materialized view has been refreshed.
Trying 127.0.0.1...
Connected to localhost.
Escape character is '^]'.
220 hnapptest02.localdomain ESMTP Postfix
250 hnapptest02.localdomain
250 2.1.0 Ok
250 2.1.5 Ok
354 End data with <CR><LF>.<CR><LF>
250 2.0.0 Ok: queued as C66AA7FABA
221 2.0.0 Bye
Connection closed by foreign host.
[[0;43mSTART[0m]	 Starting process for view refresh..... Mon Jan 11 17:11:46 EST 2021 	[[0;43mIN PROGRESS[0m]
Subject: DAILY VIEW REFRESH refreshed completer
DAILY Materialized view has been refreshed.
Trying 127.0.0.1...
Connected to localhost.
Escape character is '^]'.
220 hnapptest02.localdomain ESMTP Postfix
250 hnapptest02.localdomain
250 2.1.0 Ok
250 2.1.5 Ok
354 End data with <CR><LF>.<CR><LF>
250 2.0.0 Ok: queued as F332D7FABA
221 2.0.0 Bye
Connection closed by foreign host.
