7/20/2017 7:22:47 1: LIBQUERY with Callback: 
7/20/2017 7:22:47 1: Path request:/api/authentification/
7/20/2017 7:22:47 1: Path header:undefined
7/20/2017 7:22:47 1: Path query:{}
7/20/2017 7:22:47 1: BEGIN PKREQUESTMANAGER.CALLQUERY(1,'ADM0000001','abe','{}', '{abe,abe}','{}', :cursor); END;
7/20/2017 7:22:47 1: 1 Object(s) returned... [FETCH]
7/20/2017 7:22:47 1: [object Object]
7/20/2017 7:22:47 2: LIBQUERY with Callback: 
7/20/2017 7:22:47 2: Path request:/api/environment/
7/20/2017 7:22:47 2: Path header:undefined
7/20/2017 7:22:47 2: Path query:{"USER_NAME":"abe"}
7/20/2017 7:22:47 2: BEGIN PKREQUESTMANAGER.CALLQUERY(2,'CLI0000003','abe','{}', '{abe}','{}', :cursor); END;
7/20/2017 7:22:47 3: LIBQUERY with Callback: 
7/20/2017 7:22:47 3: Path request:/api/user/
7/20/2017 7:22:47 3: Path header:undefined
7/20/2017 7:22:47 3: Path query:{"USER_NAME":"abe"}
7/20/2017 7:22:47 3: BEGIN PKREQUESTMANAGER.CALLQUERY(3,'CLI0000002','abe','{}', '{abe}','{}', :cursor); END;
7/20/2017 7:22:47 3: 1 Object(s) returned... [FETCH]
7/20/2017 7:22:47 3: [object Object]
7/20/2017 7:22:48 3: 6 Object(s) returned... [FETCH]
7/20/2017 7:22:48 3: [object Object],[object Object],[object Object],[object Object],[object Object],[object Object]
7/20/2017 7:22:48 4: LIBQUERY with Callback: 
7/20/2017 7:22:48 4: Path request:/api/labels/
7/20/2017 7:22:48 4: Path header:undefined
7/20/2017 7:22:48 4: Path query:{}
7/20/2017 7:22:48 4: BEGIN PKREQUESTMANAGER.CALLQUERY(4,'LAB0000001','abe','{undefined}', '{undefined}','{}', :cursor); END;
7/20/2017 7:22:48 4: 36 Object(s) returned... [FETCH]
7/20/2017 7:22:48 4: [object Object],[object Object],[object Object],[object Object],[object Object],[object Object],[object Object],[object Object],[object Object],[object Object],[object Object],[object Object],[object Object],[object Object],[object Object],[object Object],[object Object],[object Object],[object Object],[object Object],[object Object],[object Object],[object Object],[object Object],[object Object],[object Object],[object Object],[object Object],[object Object],[object Object],[object Object],[object Object],[object Object],[object Object],[object Object],[object Object]
7/20/2017 7:34:33 5: LIBQUERY with Callback: 
7/20/2017 7:34:33 5: Path request:/api/authentification/
7/20/2017 7:34:33 5: Path header:undefined
7/20/2017 7:34:33 5: Path query:{}
7/20/2017 7:34:33 5: BEGIN PKREQUESTMANAGER.CALLQUERY(5,'ADM0000001','abe','{}', '{abe,abe}','{}', :cursor); END;
7/20/2017 7:34:33 5: 1 Object(s) returned... [FETCH]
7/20/2017 7:34:33 5: [object Object]
7/20/2017 7:34:33 6: LIBQUERY with Callback: 
7/20/2017 7:34:33 6: Path request:/api/user/
7/20/2017 7:34:33 6: Path header:undefined
7/20/2017 7:34:33 6: Path query:{"USER_NAME":"abe"}
7/20/2017 7:34:33 6: BEGIN PKREQUESTMANAGER.CALLQUERY(6,'CLI0000002','abe','{}', '{abe}','{}', :cursor); END;
7/20/2017 7:34:33 6: 1 Object(s) returned... [FETCH]
7/20/2017 7:34:33 6: [object Object]
7/20/2017 7:34:33 7: LIBQUERY with Callback: 
7/20/2017 7:34:33 7: Path request:/api/environment/
7/20/2017 7:34:33 7: Path header:undefined
7/20/2017 7:34:33 7: Path query:{"USER_NAME":"abe"}
7/20/2017 7:34:33 7: BEGIN PKREQUESTMANAGER.CALLQUERY(7,'CLI0000003','abe','{}', '{abe}','{}', :cursor); END;
7/20/2017 7:34:33 7: 6 Object(s) returned... [FETCH]
7/20/2017 7:34:33 7: [object Object],[object Object],[object Object],[object Object],[object Object],[object Object]
7/20/2017 7:34:33 8: LIBQUERY with Callback: 
7/20/2017 7:34:33 8: Path request:/api/labels/
7/20/2017 7:34:33 8: Path header:undefined
7/20/2017 7:34:33 8: Path query:{}
7/20/2017 7:34:33 8: BEGIN PKREQUESTMANAGER.CALLQUERY(8,'LAB0000001','abe','{undefined}', '{undefined}','{}', :cursor); END;
7/20/2017 7:34:33 8: 36 Object(s) returned... [FETCH]
7/20/2017 7:34:33 8: [object Object],[object Object],[object Object],[object Object],[object Object],[object Object],[object Object],[object Object],[object Object],[object Object],[object Object],[object Object],[object Object],[object Object],[object Object],[object Object],[object Object],[object Object],[object Object],[object Object],[object Object],[object Object],[object Object],[object Object],[object Object],[object Object],[object Object],[object Object],[object Object],[object Object],[object Object],[object Object],[object Object],[object Object],[object Object],[object Object]
7/20/2017 7:35:16 9: LIBQUERY with Callback: 
7/20/2017 7:35:16 9: Path request:/api/authentification/
7/20/2017 7:35:16 9: Path header:undefined
7/20/2017 7:35:16 9: Path query:{}
7/20/2017 7:35:16 9: BEGIN PKREQUESTMANAGER.CALLQUERY(9,'ADM0000001','abe','{}', '{abe,abe}','{}', :cursor); END;
7/20/2017 7:35:16 9: 1 Object(s) returned... [FETCH]
7/20/2017 7:35:16 9: [object Object]
7/20/2017 7:35:16 10: LIBQUERY with Callback: 
7/20/2017 7:35:16 10: Path request:/api/user/
7/20/2017 7:35:16 10: Path header:undefined
7/20/2017 7:35:16 10: Path query:{"USER_NAME":"abe"}
7/20/2017 7:35:16 10: BEGIN PKREQUESTMANAGER.CALLQUERY(10,'CLI0000002','abe','{}', '{abe}','{}', :cursor); END;
7/20/2017 7:35:16 11: LIBQUERY with Callback: 
7/20/2017 7:35:16 11: Path request:/api/environment/
7/20/2017 7:35:16 11: Path header:undefined
7/20/2017 7:35:16 11: Path query:{"USER_NAME":"abe"}
7/20/2017 7:35:16 11: BEGIN PKREQUESTMANAGER.CALLQUERY(11,'CLI0000003','abe','{}', '{abe}','{}', :cursor); END;
7/20/2017 7:35:16 11: 1 Object(s) returned... [FETCH]
7/20/2017 7:35:16 11: [object Object]
7/20/2017 7:35:16 11: 6 Object(s) returned... [FETCH]
7/20/2017 7:35:16 11: [object Object],[object Object],[object Object],[object Object],[object Object],[object Object]
7/20/2017 7:35:16 12: LIBQUERY with Callback: 
7/20/2017 7:35:16 12: Path request:/api/labels/
7/20/2017 7:35:16 12: Path header:undefined
7/20/2017 7:35:16 12: Path query:{}
7/20/2017 7:35:16 12: BEGIN PKREQUESTMANAGER.CALLQUERY(12,'LAB0000001','abe','{undefined}', '{undefined}','{}', :cursor); END;
7/20/2017 7:35:16 12: 36 Object(s) returned... [FETCH]
7/20/2017 7:35:16 12: [object Object],[object Object],[object Object],[object Object],[object Object],[object Object],[object Object],[object Object],[object Object],[object Object],[object Object],[object Object],[object Object],[object Object],[object Object],[object Object],[object Object],[object Object],[object Object],[object Object],[object Object],[object Object],[object Object],[object Object],[object Object],[object Object],[object Object],[object Object],[object Object],[object Object],[object Object],[object Object],[object Object],[object Object],[object Object],[object Object]
7/20/2017 7:37:31 13: LIBQUERY with Callback: 
7/20/2017 7:37:31 13: Path request:/api/authentification/
7/20/2017 7:37:31 13: Path header:undefined
7/20/2017 7:37:31 13: Path query:{}
7/20/2017 7:37:31 13: BEGIN PKREQUESTMANAGER.CALLQUERY(13,'ADM0000001','abe','{}', '{abe,abe}','{}', :cursor); END;
7/20/2017 7:37:31 13: 1 Object(s) returned... [FETCH]
7/20/2017 7:37:31 13: [object Object]
7/20/2017 7:37:31 14: LIBQUERY with Callback: 
7/20/2017 7:37:31 14: Path request:/api/user/
7/20/2017 7:37:31 14: Path header:undefined
7/20/2017 7:37:31 14: Path query:{"USER_NAME":"abe"}
7/20/2017 7:37:31 14: BEGIN PKREQUESTMANAGER.CALLQUERY(14,'CLI0000002','abe','{}', '{abe}','{}', :cursor); END;
7/20/2017 7:37:31 15: LIBQUERY with Callback: 
7/20/2017 7:37:31 15: Path request:/api/environment/
7/20/2017 7:37:31 15: Path header:undefined
7/20/2017 7:37:31 15: Path query:{"USER_NAME":"abe"}
7/20/2017 7:37:31 15: BEGIN PKREQUESTMANAGER.CALLQUERY(15,'CLI0000003','abe','{}', '{abe}','{}', :cursor); END;
7/20/2017 7:37:31 16: LIBQUERY with Callback: 
7/20/2017 7:37:31 16: Path request:/api/labels/
7/20/2017 7:37:31 16: Path header:undefined
7/20/2017 7:37:31 16: Path query:{}
7/20/2017 7:37:31 16: BEGIN PKREQUESTMANAGER.CALLQUERY(16,'LAB0000001','abe','{undefined}', '{undefined}','{}', :cursor); END;
7/20/2017 7:37:32 17: LIBQUERY with Callback: 
7/20/2017 7:37:32 17: Path request:/api/authentification/
7/20/2017 7:37:32 17: Path header:undefined
7/20/2017 7:37:32 17: Path query:{}
7/20/2017 7:37:32 17: BEGIN PKREQUESTMANAGER.CALLQUERY(17,'ADM0000001','abe','{}', '{abe,abe}','{}', :cursor); END;
7/20/2017 7:37:35 17: 1 Object(s) returned... [FETCH]
7/20/2017 7:37:35 17: [object Object]
7/20/2017 7:37:35 17: 6 Object(s) returned... [FETCH]
7/20/2017 7:37:35 17: [object Object],[object Object],[object Object],[object Object],[object Object],[object Object]
7/20/2017 7:37:36 17: 36 Object(s) returned... [FETCH]
7/20/2017 7:37:36 17: [object Object],[object Object],[object Object],[object Object],[object Object],[object Object],[object Object],[object Object],[object Object],[object Object],[object Object],[object Object],[object Object],[object Object],[object Object],[object Object],[object Object],[object Object],[object Object],[object Object],[object Object],[object Object],[object Object],[object Object],[object Object],[object Object],[object Object],[object Object],[object Object],[object Object],[object Object],[object Object],[object Object],[object Object],[object Object],[object Object]
7/20/2017 7:37:36 17: 1 Object(s) returned... [FETCH]
7/20/2017 7:37:36 17: [object Object]
7/20/2017 7:37:36 18: LIBQUERY with Callback: 
7/20/2017 7:37:36 18: Path request:/api/user/
7/20/2017 7:37:36 18: Path header:undefined
7/20/2017 7:37:36 18: Path query:{"USER_NAME":"abe"}
7/20/2017 7:37:36 18: BEGIN PKREQUESTMANAGER.CALLQUERY(18,'CLI0000002','abe','{}', '{abe}','{}', :cursor); END;
7/20/2017 7:37:36 19: LIBQUERY with Callback: 
7/20/2017 7:37:36 19: Path request:/api/environment/
7/20/2017 7:37:36 19: Path header:undefined
7/20/2017 7:37:36 19: Path query:{"USER_NAME":"abe"}
7/20/2017 7:37:36 19: BEGIN PKREQUESTMANAGER.CALLQUERY(19,'CLI0000003','abe','{}', '{abe}','{}', :cursor); END;
7/20/2017 7:37:36 19: 1 Object(s) returned... [FETCH]
7/20/2017 7:37:36 19: [object Object]
7/20/2017 7:37:36 19: 6 Object(s) returned... [FETCH]
7/20/2017 7:37:36 19: [object Object],[object Object],[object Object],[object Object],[object Object],[object Object]
7/20/2017 7:37:37 20: LIBQUERY with Callback: 
7/20/2017 7:37:37 20: Path request:/api/labels/
7/20/2017 7:37:37 20: Path header:undefined
7/20/2017 7:37:37 20: Path query:{}
7/20/2017 7:37:37 20: BEGIN PKREQUESTMANAGER.CALLQUERY(20,'LAB0000001','abe','{undefined}', '{undefined}','{HN}', :cursor); END;
7/20/2017 7:37:37 20: 36 Object(s) returned... [FETCH]
7/20/2017 7:37:37 20: [object Object],[object Object],[object Object],[object Object],[object Object],[object Object],[object Object],[object Object],[object Object],[object Object],[object Object],[object Object],[object Object],[object Object],[object Object],[object Object],[object Object],[object Object],[object Object],[object Object],[object Object],[object Object],[object Object],[object Object],[object Object],[object Object],[object Object],[object Object],[object Object],[object Object],[object Object],[object Object],[object Object],[object Object],[object Object],[object Object]
7/20/2017 7:40:0 21: LIBQUERY with Callback: 
7/20/2017 7:40:0 21: Path request:/api/authentification/
7/20/2017 7:40:0 21: Path header:undefined
7/20/2017 7:40:0 21: Path query:{}
7/20/2017 7:40:0 21: BEGIN PKREQUESTMANAGER.CALLQUERY(21,'ADM0000001','abe','{}', '{abe,abe}','{}', :cursor); END;
7/20/2017 7:40:0 21: 1 Object(s) returned... [FETCH]
7/20/2017 7:40:0 21: [object Object]
7/20/2017 7:40:0 22: LIBQUERY with Callback: 
7/20/2017 7:40:0 22: Path request:/api/user/
7/20/2017 7:40:0 22: Path header:undefined
7/20/2017 7:40:0 22: Path query:{"USER_NAME":"abe"}
7/20/2017 7:40:0 22: BEGIN PKREQUESTMANAGER.CALLQUERY(22,'CLI0000002','abe','{}', '{abe}','{}', :cursor); END;
7/20/2017 7:40:0 23: LIBQUERY with Callback: 
7/20/2017 7:40:0 23: Path request:/api/environment/
7/20/2017 7:40:0 23: Path header:undefined
7/20/2017 7:40:0 23: Path query:{"USER_NAME":"abe"}
7/20/2017 7:40:0 23: BEGIN PKREQUESTMANAGER.CALLQUERY(23,'CLI0000003','abe','{}', '{abe}','{}', :cursor); END;
7/20/2017 7:40:0 23: 1 Object(s) returned... [FETCH]
7/20/2017 7:40:0 23: [object Object]
7/20/2017 7:40:0 23: 6 Object(s) returned... [FETCH]
7/20/2017 7:40:0 23: [object Object],[object Object],[object Object],[object Object],[object Object],[object Object]
7/20/2017 7:40:0 24: LIBQUERY with Callback: 
7/20/2017 7:40:0 24: Path request:/api/labels/
7/20/2017 7:40:0 24: Path header:undefined
7/20/2017 7:40:0 24: Path query:{}
7/20/2017 7:40:0 24: BEGIN PKREQUESTMANAGER.CALLQUERY(24,'LAB0000001','abe','{undefined}', '{undefined}','{HN}', :cursor); END;
7/20/2017 7:40:0 24: 36 Object(s) returned... [FETCH]
7/20/2017 7:40:0 24: [object Object],[object Object],[object Object],[object Object],[object Object],[object Object],[object Object],[object Object],[object Object],[object Object],[object Object],[object Object],[object Object],[object Object],[object Object],[object Object],[object Object],[object Object],[object Object],[object Object],[object Object],[object Object],[object Object],[object Object],[object Object],[object Object],[object Object],[object Object],[object Object],[object Object],[object Object],[object Object],[object Object],[object Object],[object Object],[object Object]
7/20/2017 7:41:15 25: LIBQUERY with Callback: 
7/20/2017 7:41:15 25: Path request:/api/authentification/
7/20/2017 7:41:15 25: Path header:undefined
7/20/2017 7:41:15 25: Path query:{}
7/20/2017 7:41:15 25: BEGIN PKREQUESTMANAGER.CALLQUERY(25,'ADM0000001','abe','{}', '{abe,abe}','{}', :cursor); END;
7/20/2017 7:41:15 25: 1 Object(s) returned... [FETCH]
7/20/2017 7:41:15 25: [object Object]
7/20/2017 7:41:15 26: LIBQUERY with Callback: 
7/20/2017 7:41:15 26: Path request:/api/user/
7/20/2017 7:41:15 26: Path header:undefined
7/20/2017 7:41:15 26: Path query:{"USER_NAME":"abe"}
7/20/2017 7:41:15 26: BEGIN PKREQUESTMANAGER.CALLQUERY(26,'CLI0000002','abe','{}', '{abe}','{}', :cursor); END;
7/20/2017 7:41:15 27: LIBQUERY with Callback: 
7/20/2017 7:41:15 27: Path request:/api/environment/
7/20/2017 7:41:15 27: Path header:undefined
7/20/2017 7:41:15 27: Path query:{"USER_NAME":"abe"}
7/20/2017 7:41:15 27: BEGIN PKREQUESTMANAGER.CALLQUERY(27,'CLI0000003','abe','{}', '{abe}','{}', :cursor); END;
7/20/2017 7:41:15 27: 1 Object(s) returned... [FETCH]
7/20/2017 7:41:15 27: [object Object]
7/20/2017 7:41:15 27: 6 Object(s) returned... [FETCH]
7/20/2017 7:41:15 27: [object Object],[object Object],[object Object],[object Object],[object Object],[object Object]
7/20/2017 7:41:15 28: LIBQUERY with Callback: 
7/20/2017 7:41:15 28: Path request:/api/labels/
7/20/2017 7:41:15 28: Path header:undefined
7/20/2017 7:41:15 28: Path query:{}
7/20/2017 7:41:15 28: BEGIN PKREQUESTMANAGER.CALLQUERY(28,'LAB0000001','abe','{undefined}', '{undefined}','{}', :cursor); END;
7/20/2017 7:41:15 28: 36 Object(s) returned... [FETCH]
7/20/2017 7:41:15 28: [object Object],[object Object],[object Object],[object Object],[object Object],[object Object],[object Object],[object Object],[object Object],[object Object],[object Object],[object Object],[object Object],[object Object],[object Object],[object Object],[object Object],[object Object],[object Object],[object Object],[object Object],[object Object],[object Object],[object Object],[object Object],[object Object],[object Object],[object Object],[object Object],[object Object],[object Object],[object Object],[object Object],[object Object],[object Object],[object Object]
7/20/2017 7:47:27 29: LIBQUERY with Callback: 
7/20/2017 7:47:27 29: Path request:/api/authentification/
7/20/2017 7:47:27 29: Path header:undefined
7/20/2017 7:47:27 29: Path query:{}
7/20/2017 7:47:27 29: BEGIN PKREQUESTMANAGER.CALLQUERY(29,'ADM0000001','abe','{}', '{abe,abe}','{}', :cursor); END;
7/20/2017 7:47:27 29: 1 Object(s) returned... [FETCH]
7/20/2017 7:47:27 29: [object Object]
7/20/2017 7:47:27 30: LIBQUERY with Callback: 
7/20/2017 7:47:27 30: Path request:/api/user/
7/20/2017 7:47:27 30: Path header:undefined
7/20/2017 7:47:27 30: Path query:{"USER_NAME":"abe"}
7/20/2017 7:47:27 30: BEGIN PKREQUESTMANAGER.CALLQUERY(30,'CLI0000002','abe','{}', '{abe}','{}', :cursor); END;
7/20/2017 7:47:27 31: LIBQUERY with Callback: 
7/20/2017 7:47:27 31: Path request:/api/environment/
7/20/2017 7:47:27 31: Path header:undefined
7/20/2017 7:47:27 31: Path query:{"USER_NAME":"abe"}
7/20/2017 7:47:27 31: BEGIN PKREQUESTMANAGER.CALLQUERY(31,'CLI0000003','abe','{}', '{abe}','{}', :cursor); END;
7/20/2017 7:47:27 31: 1 Object(s) returned... [FETCH]
7/20/2017 7:47:27 31: [object Object]
7/20/2017 7:47:27 31: 6 Object(s) returned... [FETCH]
7/20/2017 7:47:27 31: [object Object],[object Object],[object Object],[object Object],[object Object],[object Object]
7/20/2017 7:47:27 32: LIBQUERY with Callback: 
7/20/2017 7:47:27 32: Path request:/api/labels/
7/20/2017 7:47:27 32: Path header:undefined
7/20/2017 7:47:27 32: Path query:{}
7/20/2017 7:47:27 32: BEGIN PKREQUESTMANAGER.CALLQUERY(32,'LAB0000001','abe','{undefined}', '{undefined}','{}', :cursor); END;
7/20/2017 7:47:27 32: 36 Object(s) returned... [FETCH]
7/20/2017 7:47:27 32: [object Object],[object Object],[object Object],[object Object],[object Object],[object Object],[object Object],[object Object],[object Object],[object Object],[object Object],[object Object],[object Object],[object Object],[object Object],[object Object],[object Object],[object Object],[object Object],[object Object],[object Object],[object Object],[object Object],[object Object],[object Object],[object Object],[object Object],[object Object],[object Object],[object Object],[object Object],[object Object],[object Object],[object Object],[object Object],[object Object]
7/20/2017 7:49:4 33: LIBQUERY with Callback: 
7/20/2017 7:49:4 33: Path request:/api/authentification/
7/20/2017 7:49:4 33: Path header:undefined
7/20/2017 7:49:4 33: Path query:{}
7/20/2017 7:49:4 33: BEGIN PKREQUESTMANAGER.CALLQUERY(33,'ADM0000001','abe','{}', '{abe,abe}','{}', :cursor); END;
7/20/2017 7:49:4 33: 1 Object(s) returned... [FETCH]
7/20/2017 7:49:4 33: [object Object]
7/20/2017 7:49:4 34: LIBQUERY with Callback: 
7/20/2017 7:49:4 34: Path request:/api/user/
7/20/2017 7:49:4 34: Path header:undefined
7/20/2017 7:49:4 34: Path query:{"USER_NAME":"abe"}
7/20/2017 7:49:4 34: BEGIN PKREQUESTMANAGER.CALLQUERY(34,'CLI0000002','abe','{}', '{abe}','{}', :cursor); END;
7/20/2017 7:49:4 35: LIBQUERY with Callback: 
7/20/2017 7:49:4 35: Path request:/api/environment/
7/20/2017 7:49:4 35: Path header:undefined
7/20/2017 7:49:4 35: Path query:{"USER_NAME":"abe"}
7/20/2017 7:49:4 35: BEGIN PKREQUESTMANAGER.CALLQUERY(35,'CLI0000003','abe','{}', '{abe}','{}', :cursor); END;
7/20/2017 7:49:4 35: 1 Object(s) returned... [FETCH]
7/20/2017 7:49:4 35: [object Object]
7/20/2017 7:49:4 35: 6 Object(s) returned... [FETCH]
7/20/2017 7:49:4 35: [object Object],[object Object],[object Object],[object Object],[object Object],[object Object]
7/20/2017 7:49:4 36: LIBQUERY with Callback: 
7/20/2017 7:49:4 36: Path request:/api/labels/
7/20/2017 7:49:4 36: Path header:undefined
7/20/2017 7:49:4 36: Path query:{}
7/20/2017 7:49:4 36: BEGIN PKREQUESTMANAGER.CALLQUERY(36,'LAB0000001','abe','{undefined}', '{undefined}','{HN}', :cursor); END;
7/20/2017 7:49:4 36: 36 Object(s) returned... [FETCH]
7/20/2017 7:49:4 36: [object Object],[object Object],[object Object],[object Object],[object Object],[object Object],[object Object],[object Object],[object Object],[object Object],[object Object],[object Object],[object Object],[object Object],[object Object],[object Object],[object Object],[object Object],[object Object],[object Object],[object Object],[object Object],[object Object],[object Object],[object Object],[object Object],[object Object],[object Object],[object Object],[object Object],[object Object],[object Object],[object Object],[object Object],[object Object],[object Object]
7/20/2017 7:49:34 37: LIBQUERY with Callback: 
7/20/2017 7:49:34 37: Path request:/api/authentification/
7/20/2017 7:49:34 37: Path header:undefined
7/20/2017 7:49:34 37: Path query:{}
7/20/2017 7:49:34 37: BEGIN PKREQUESTMANAGER.CALLQUERY(37,'ADM0000001','abe','{}', '{abe,abe}','{}', :cursor); END;
7/20/2017 7:49:34 37: 1 Object(s) returned... [FETCH]
7/20/2017 7:49:34 37: [object Object]
7/20/2017 7:49:34 38: LIBQUERY with Callback: 
7/20/2017 7:49:34 38: Path request:/api/user/
7/20/2017 7:49:34 38: Path header:undefined
7/20/2017 7:49:34 38: Path query:{"USER_NAME":"abe"}
7/20/2017 7:49:34 38: BEGIN PKREQUESTMANAGER.CALLQUERY(38,'CLI0000002','abe','{}', '{abe}','{}', :cursor); END;
7/20/2017 7:49:34 39: LIBQUERY with Callback: 
7/20/2017 7:49:34 39: Path request:/api/environment/
7/20/2017 7:49:34 39: Path header:undefined
7/20/2017 7:49:34 39: Path query:{"USER_NAME":"abe"}
7/20/2017 7:49:34 39: BEGIN PKREQUESTMANAGER.CALLQUERY(39,'CLI0000003','abe','{}', '{abe}','{}', :cursor); END;
7/20/2017 7:49:34 39: 1 Object(s) returned... [FETCH]
7/20/2017 7:49:34 39: [object Object]
7/20/2017 7:49:34 39: 6 Object(s) returned... [FETCH]
7/20/2017 7:49:34 39: [object Object],[object Object],[object Object],[object Object],[object Object],[object Object]
7/20/2017 7:49:35 40: LIBQUERY with Callback: 
7/20/2017 7:49:35 40: Path request:/api/labels/
7/20/2017 7:49:35 40: Path header:undefined
7/20/2017 7:49:35 40: Path query:{}
7/20/2017 7:49:35 40: BEGIN PKREQUESTMANAGER.CALLQUERY(40,'LAB0000001','abe','{undefined}', '{undefined}','{HN}', :cursor); END;
7/20/2017 7:49:35 40: 36 Object(s) returned... [FETCH]
7/20/2017 7:49:35 40: [object Object],[object Object],[object Object],[object Object],[object Object],[object Object],[object Object],[object Object],[object Object],[object Object],[object Object],[object Object],[object Object],[object Object],[object Object],[object Object],[object Object],[object Object],[object Object],[object Object],[object Object],[object Object],[object Object],[object Object],[object Object],[object Object],[object Object],[object Object],[object Object],[object Object],[object Object],[object Object],[object Object],[object Object],[object Object],[object Object]
7/20/2017 7:51:1 41: LIBQUERY with Callback: 
7/20/2017 7:51:1 41: Path request:/api/authentification/
7/20/2017 7:51:1 41: Path header:undefined
7/20/2017 7:51:1 41: Path query:{}
7/20/2017 7:51:1 41: BEGIN PKREQUESTMANAGER.CALLQUERY(41,'ADM0000001','abe','{}', '{abe,abe}','{}', :cursor); END;
7/20/2017 7:51:1 41: 1 Object(s) returned... [FETCH]
7/20/2017 7:51:1 41: [object Object]
7/20/2017 7:51:1 42: LIBQUERY with Callback: 
7/20/2017 7:51:1 42: Path request:/api/user/
7/20/2017 7:51:1 42: Path header:undefined
7/20/2017 7:51:1 42: Path query:{"USER_NAME":"abe"}
7/20/2017 7:51:1 42: BEGIN PKREQUESTMANAGER.CALLQUERY(42,'CLI0000002','abe','{}', '{abe}','{}', :cursor); END;
7/20/2017 7:51:1 43: LIBQUERY with Callback: 
7/20/2017 7:51:1 43: Path request:/api/environment/
7/20/2017 7:51:1 43: Path header:undefined
7/20/2017 7:51:1 43: Path query:{"USER_NAME":"abe"}
7/20/2017 7:51:1 43: BEGIN PKREQUESTMANAGER.CALLQUERY(43,'CLI0000003','abe','{}', '{abe}','{}', :cursor); END;
7/20/2017 7:51:1 43: 1 Object(s) returned... [FETCH]
7/20/2017 7:51:1 43: [object Object]
7/20/2017 7:51:1 43: 6 Object(s) returned... [FETCH]
7/20/2017 7:51:1 43: [object Object],[object Object],[object Object],[object Object],[object Object],[object Object]
7/20/2017 7:51:1 44: LIBQUERY with Callback: 
7/20/2017 7:51:1 44: Path request:/api/labels/
7/20/2017 7:51:1 44: Path header:undefined
7/20/2017 7:51:1 44: Path query:{}
7/20/2017 7:51:1 44: BEGIN PKREQUESTMANAGER.CALLQUERY(44,'LAB0000001','abe','{undefined}', '{undefined}','{HN}', :cursor); END;
7/20/2017 7:51:1 44: 36 Object(s) returned... [FETCH]
7/20/2017 7:51:1 44: [object Object],[object Object],[object Object],[object Object],[object Object],[object Object],[object Object],[object Object],[object Object],[object Object],[object Object],[object Object],[object Object],[object Object],[object Object],[object Object],[object Object],[object Object],[object Object],[object Object],[object Object],[object Object],[object Object],[object Object],[object Object],[object Object],[object Object],[object Object],[object Object],[object Object],[object Object],[object Object],[object Object],[object Object],[object Object],[object Object]
7/20/2017 7:51:49 45: LIBQUERY with Callback: 
7/20/2017 7:51:49 45: Path request:/api/authentification/
7/20/2017 7:51:49 45: Path header:undefined
7/20/2017 7:51:49 45: Path query:{}
7/20/2017 7:51:49 45: BEGIN PKREQUESTMANAGER.CALLQUERY(45,'ADM0000001','abe','{}', '{abe,abe}','{}', :cursor); END;
7/20/2017 7:51:49 45: 1 Object(s) returned... [FETCH]
7/20/2017 7:51:49 45: [object Object]
7/20/2017 7:51:49 46: LIBQUERY with Callback: 
7/20/2017 7:51:49 46: Path request:/api/user/
7/20/2017 7:51:49 46: Path header:undefined
7/20/2017 7:51:49 46: Path query:{"USER_NAME":"abe"}
7/20/2017 7:51:49 46: BEGIN PKREQUESTMANAGER.CALLQUERY(46,'CLI0000002','abe','{}', '{abe}','{}', :cursor); END;
7/20/2017 7:51:49 47: LIBQUERY with Callback: 
7/20/2017 7:51:49 47: Path request:/api/environment/
7/20/2017 7:51:49 47: Path header:undefined
7/20/2017 7:51:49 47: Path query:{"USER_NAME":"abe"}
7/20/2017 7:51:49 47: BEGIN PKREQUESTMANAGER.CALLQUERY(47,'CLI0000003','abe','{}', '{abe}','{}', :cursor); END;
7/20/2017 7:51:49 47: 1 Object(s) returned... [FETCH]
7/20/2017 7:51:49 47: [object Object]
7/20/2017 7:51:49 47: 6 Object(s) returned... [FETCH]
7/20/2017 7:51:49 47: [object Object],[object Object],[object Object],[object Object],[object Object],[object Object]
7/20/2017 7:51:50 48: LIBQUERY with Callback: 
7/20/2017 7:51:50 48: Path request:/api/labels/
7/20/2017 7:51:50 48: Path header:undefined
7/20/2017 7:51:50 48: Path query:{}
7/20/2017 7:51:50 48: BEGIN PKREQUESTMANAGER.CALLQUERY(48,'LAB0000001','abe','{undefined}', '{undefined}','{}', :cursor); END;
7/20/2017 7:51:50 48: 36 Object(s) returned... [FETCH]
7/20/2017 7:51:50 48: [object Object],[object Object],[object Object],[object Object],[object Object],[object Object],[object Object],[object Object],[object Object],[object Object],[object Object],[object Object],[object Object],[object Object],[object Object],[object Object],[object Object],[object Object],[object Object],[object Object],[object Object],[object Object],[object Object],[object Object],[object Object],[object Object],[object Object],[object Object],[object Object],[object Object],[object Object],[object Object],[object Object],[object Object],[object Object],[object Object]
7/20/2017 19:25:11 1: LIBQUERY with Callback: 
7/20/2017 19:25:11 1: Path request:/api/authentification/
7/20/2017 19:25:11 1: Path header:undefined
7/20/2017 19:25:11 1: Path query:{}
7/20/2017 19:25:11 1: BEGIN PKREQUESTMANAGER.CALLQUERY(1,'ADM0000001','abe','{}', '{abe,abe}','{}', :cursor); END;
7/20/2017 19:25:12 1: 1 Object(s) returned... [FETCH]
7/20/2017 19:25:12 1: [object Object]
7/20/2017 19:25:12 2: LIBQUERY with Callback: 
7/20/2017 19:25:12 2: Path request:/api/environment/
7/20/2017 19:25:12 2: Path header:undefined
7/20/2017 19:25:12 2: Path query:{"USER_NAME":"abe"}
7/20/2017 19:25:12 2: BEGIN PKREQUESTMANAGER.CALLQUERY(2,'CLI0000003','abe','{}', '{abe}','{}', :cursor); END;
7/20/2017 19:25:12 3: LIBQUERY with Callback: 
7/20/2017 19:25:12 3: Path request:/api/user/
7/20/2017 19:25:12 3: Path header:undefined
7/20/2017 19:25:12 3: Path query:{"USER_NAME":"abe"}
7/20/2017 19:25:12 3: BEGIN PKREQUESTMANAGER.CALLQUERY(3,'CLI0000002','abe','{}', '{abe}','{}', :cursor); END;
7/20/2017 19:25:12 3: 1 Object(s) returned... [FETCH]
7/20/2017 19:25:12 3: [object Object]
7/20/2017 19:25:12 3: 6 Object(s) returned... [FETCH]
7/20/2017 19:25:12 3: [object Object],[object Object],[object Object],[object Object],[object Object],[object Object]
7/20/2017 19:25:19 4: LIBQUERY with Callback: 
7/20/2017 19:25:19 4: Path request:/api/authentification/
7/20/2017 19:25:19 4: Path header:undefined
7/20/2017 19:25:19 4: Path query:{}
7/20/2017 19:25:19 4: BEGIN PKREQUESTMANAGER.CALLQUERY(4,'ADM0000001','abe','{}', '{abe,abe}','{}', :cursor); END;
7/20/2017 19:25:19 4: 1 Object(s) returned... [FETCH]
7/20/2017 19:25:19 4: [object Object]
7/20/2017 19:25:19 5: LIBQUERY with Callback: 
7/20/2017 19:25:19 5: Path request:/api/user/
7/20/2017 19:25:19 5: Path header:undefined
7/20/2017 19:25:19 5: Path query:{"USER_NAME":"abe"}
7/20/2017 19:25:19 5: BEGIN PKREQUESTMANAGER.CALLQUERY(5,'CLI0000002','abe','{}', '{abe}','{}', :cursor); END;
7/20/2017 19:25:19 6: LIBQUERY with Callback: 
7/20/2017 19:25:19 6: Path request:/api/environment/
7/20/2017 19:25:19 6: Path header:undefined
7/20/2017 19:25:19 6: Path query:{"USER_NAME":"abe"}
7/20/2017 19:25:19 6: BEGIN PKREQUESTMANAGER.CALLQUERY(6,'CLI0000003','abe','{}', '{abe}','{}', :cursor); END;
7/20/2017 19:25:19 6: 1 Object(s) returned... [FETCH]
7/20/2017 19:25:19 6: [object Object]
7/20/2017 19:25:19 6: 6 Object(s) returned... [FETCH]
7/20/2017 19:25:19 6: [object Object],[object Object],[object Object],[object Object],[object Object],[object Object]
7/20/2017 19:25:35 1: LIBQUERY with Callback: 
7/20/2017 19:25:35 1: Path request:/api/authentification/
7/20/2017 19:25:35 1: Path header:undefined
7/20/2017 19:25:35 1: Path query:{}
7/20/2017 19:25:35 1: BEGIN PKREQUESTMANAGER.CALLQUERY(1,'ADM0000001','abe','{}', '{abe,abe}','{}', :cursor); END;
7/20/2017 19:25:35 1: 1 Object(s) returned... [FETCH]
7/20/2017 19:25:35 1: [object Object]
7/20/2017 19:25:35 2: LIBQUERY with Callback: 
7/20/2017 19:25:35 2: Path request:/api/user/
7/20/2017 19:25:35 2: Path header:undefined
7/20/2017 19:25:35 2: Path query:{"USER_NAME":"abe"}
7/20/2017 19:25:35 2: BEGIN PKREQUESTMANAGER.CALLQUERY(2,'CLI0000002','abe','{}', '{abe}','{}', :cursor); END;
7/20/2017 19:25:35 3: LIBQUERY with Callback: 
7/20/2017 19:25:35 3: Path request:/api/environment/
7/20/2017 19:25:35 3: Path header:undefined
7/20/2017 19:25:35 3: Path query:{"USER_NAME":"abe"}
7/20/2017 19:25:35 3: BEGIN PKREQUESTMANAGER.CALLQUERY(3,'CLI0000003','abe','{}', '{abe}','{}', :cursor); END;
7/20/2017 19:25:35 3: 1 Object(s) returned... [FETCH]
7/20/2017 19:25:35 3: [object Object]
7/20/2017 19:25:35 3: 6 Object(s) returned... [FETCH]
7/20/2017 19:25:35 3: [object Object],[object Object],[object Object],[object Object],[object Object],[object Object]
7/20/2017 19:27:8 4: LIBQUERY with Callback: 
7/20/2017 19:27:8 4: Path request:/api/authentification/
7/20/2017 19:27:8 4: Path header:undefined
7/20/2017 19:27:8 4: Path query:{}
7/20/2017 19:27:8 4: BEGIN PKREQUESTMANAGER.CALLQUERY(4,'ADM0000001','abe','{}', '{abe,abe}','{}', :cursor); END;
7/20/2017 19:27:8 4: 1 Object(s) returned... [FETCH]
7/20/2017 19:27:8 4: [object Object]
7/20/2017 19:27:8 5: LIBQUERY with Callback: 
7/20/2017 19:27:8 5: Path request:/api/user/
7/20/2017 19:27:8 5: Path header:undefined
7/20/2017 19:27:8 5: Path query:{"USER_NAME":"abe"}
7/20/2017 19:27:8 5: BEGIN PKREQUESTMANAGER.CALLQUERY(5,'CLI0000002','abe','{}', '{abe}','{}', :cursor); END;
7/20/2017 19:27:8 6: LIBQUERY with Callback: 
7/20/2017 19:27:8 6: Path request:/api/environment/
7/20/2017 19:27:8 6: Path header:undefined
7/20/2017 19:27:8 6: Path query:{"USER_NAME":"abe"}
7/20/2017 19:27:8 6: BEGIN PKREQUESTMANAGER.CALLQUERY(6,'CLI0000003','abe','{}', '{abe}','{}', :cursor); END;
7/20/2017 19:27:8 6: 1 Object(s) returned... [FETCH]
7/20/2017 19:27:8 6: [object Object]
7/20/2017 19:27:8 6: 6 Object(s) returned... [FETCH]
7/20/2017 19:27:8 6: [object Object],[object Object],[object Object],[object Object],[object Object],[object Object]
7/20/2017 19:27:8 7: LIBQUERY with Callback: 
7/20/2017 19:27:8 7: Path request:/api/labels/
7/20/2017 19:27:8 7: Path header:undefined
7/20/2017 19:27:8 7: Path query:{}
7/20/2017 19:27:8 7: BEGIN PKREQUESTMANAGER.CALLQUERY(7,'LAB0000001','abe','{undefined}', '{undefined}','{}', :cursor); END;
7/20/2017 19:27:8 7: 36 Object(s) returned... [FETCH]
7/20/2017 19:27:8 7: [object Object],[object Object],[object Object],[object Object],[object Object],[object Object],[object Object],[object Object],[object Object],[object Object],[object Object],[object Object],[object Object],[object Object],[object Object],[object Object],[object Object],[object Object],[object Object],[object Object],[object Object],[object Object],[object Object],[object Object],[object Object],[object Object],[object Object],[object Object],[object Object],[object Object],[object Object],[object Object],[object Object],[object Object],[object Object],[object Object]
