[33m[nodemon] 2.0.7[39m
[33m[nodemon] to restart at any time, enter `rs`[39m
[33m[nodemon] watching path(s): server/**/*[39m
[33m[nodemon] watching extensions: js,mjs,json[39m
[32m[nodemon] starting `node /Users/bbsymphony/Workspace/controlRoom/controlRoom_server/server/server_admin.js package.json 8091 server_admin.js ./alerts/ ./node_modules/ ./scripts/ ./uploads/ ./views/ ./documentation/ ./logs/`[39m
[2021-02-16 20:57:40] DEBUG Creating transport: nodemailer (6.4.10; +https://nodemailer.com/; SMTP/6.4.10[client:6.4.10])
Creating connection pool {"user":"controlroom","password":"controlroom","connectString":"10.200.14.230/test","poolMin":1,"poolMax":200,"poolTimeout":0,"maxRows":70000,"autocommit":true,"_enableStats":false,"queueRequests":false,"queueTimeout":0,"stmtCacheSize":40}
2/16/2021 21:57:48 [internal] 0: " Server is listening at http://:::8091"

[32m[nodemon] restarting due to changes...[39m
[32m[nodemon] starting `node /Users/bbsymphony/Workspace/controlRoom/controlRoom_server/server/server_admin.js package.json 8091 server_admin.js ./alerts/ ./node_modules/ ./scripts/ ./uploads/ ./views/ ./documentation/ ./logs/`[39m
[2021-02-16 20:58:15] DEBUG Creating transport: nodemailer (6.4.10; +https://nodemailer.com/; SMTP/6.4.10[client:6.4.10])
Creating connection pool {"user":"controlroom","password":"controlroom","connectString":"10.200.14.230/test","poolMin":1,"poolMax":200,"poolTimeout":0,"maxRows":70000,"autocommit":true,"_enableStats":false,"queueRequests":false,"queueTimeout":0,"stmtCacheSize":40}
2/16/2021 21:58:19 [internal] 0: " Server is listening at http://:::8091"

[32m[nodemon] restarting due to changes...[39m
[32m[nodemon] starting `node /Users/bbsymphony/Workspace/controlRoom/controlRoom_server/server/server_admin.js package.json 8091 server_admin.js ./alerts/ ./node_modules/ ./scripts/ ./uploads/ ./views/ ./documentation/ ./logs/`[39m
[2021-02-16 20:59:56] DEBUG Creating transport: nodemailer (6.4.10; +https://nodemailer.com/; SMTP/6.4.10[client:6.4.10])
Creating connection pool {"user":"controlroom","password":"controlroom","connectString":"10.200.14.230/test","poolMin":1,"poolMax":200,"poolTimeout":0,"maxRows":70000,"autocommit":true,"_enableStats":false,"queueRequests":false,"queueTimeout":0,"stmtCacheSize":40}
2/16/2021 21:59:59 [internal] 0: " Server is listening at http://:::8091"

[32m[nodemon] restarting due to changes...[39m
[32m[nodemon] starting `node /Users/bbsymphony/Workspace/controlRoom/controlRoom_server/server/server_admin.js package.json 8091 server_admin.js ./alerts/ ./node_modules/ ./scripts/ ./uploads/ ./views/ ./documentation/ ./logs/`[39m
[2021-02-16 21:00:19] DEBUG Creating transport: nodemailer (6.4.10; +https://nodemailer.com/; SMTP/6.4.10[client:6.4.10])
Creating connection pool {"user":"controlroom","password":"controlroom","connectString":"10.200.14.230/test","poolMin":1,"poolMax":200,"poolTimeout":0,"maxRows":70000,"autocommit":true,"_enableStats":false,"queueRequests":false,"queueTimeout":0,"stmtCacheSize":40}
2/16/2021 22:0:21 [internal] 0: " Server is listening at http://:::8091"

[32m[nodemon] restarting due to changes...[39m
[32m[nodemon] starting `node /Users/bbsymphony/Workspace/controlRoom/controlRoom_server/server/server_admin.js package.json 8091 server_admin.js ./alerts/ ./node_modules/ ./scripts/ ./uploads/ ./views/ ./documentation/ ./logs/`[39m
[2021-02-16 21:01:18] DEBUG Creating transport: nodemailer (6.4.10; +https://nodemailer.com/; SMTP/6.4.10[client:6.4.10])
[31m[nodemon] app crashed[39m
[33m[nodemon] 2.0.7[39m
[33m[nodemon] to restart at any time, enter `rs`[39m
[33m[nodemon] watching path(s): server/**/*[39m
[33m[nodemon] watching extensions: js,mjs,json[39m
[32m[nodemon] starting `node /Users/bbsymphony/Workspace/controlRoom/controlRoom_server/server/server_admin.js package.json 8091 server_admin.js ./alerts/ ./node_modules/ ./scripts/ ./uploads/ ./views/ ./documentation/ ./logs/`[39m
[2021-02-16 21:01:21] DEBUG Creating transport: nodemailer (6.4.10; +https://nodemailer.com/; SMTP/6.4.10[client:6.4.10])
[31m[nodemon] app crashed[39m
[33m[nodemon] 2.0.7[39m
[33m[nodemon] to restart at any time, enter `rs`[39m
[33m[nodemon] watching path(s): server/**/*[39m
[33m[nodemon] watching extensions: js,mjs,json[39m
[32m[nodemon] starting `node /Users/bbsymphony/Workspace/controlRoom/controlRoom_server/server/server_admin.js package.json 8091 server_admin.js ./alerts/ ./node_modules/ ./scripts/ ./uploads/ ./views/ ./documentation/ ./logs/`[39m
[2021-02-16 21:01:23] DEBUG Creating transport: nodemailer (6.4.10; +https://nodemailer.com/; SMTP/6.4.10[client:6.4.10])
[31m[nodemon] app crashed[39m
[33m[nodemon] 2.0.7[39m
[33m[nodemon] to restart at any time, enter `rs`[39m
[33m[nodemon] watching path(s): server/**/*[39m
[33m[nodemon] watching extensions: js,mjs,json[39m
[32m[nodemon] starting `node /Users/bbsymphony/Workspace/controlRoom/controlRoom_server/server/server_admin.js package.json 8091 server_admin.js ./alerts/ ./node_modules/ ./scripts/ ./uploads/ ./views/ ./documentation/ ./logs/`[39m
[32m[nodemon] restarting due to changes...[39m
[32m[nodemon] starting `node /Users/bbsymphony/Workspace/controlRoom/controlRoom_server/server/server_admin.js package.json 8091 server_admin.js ./alerts/ ./node_modules/ ./scripts/ ./uploads/ ./views/ ./documentation/ ./logs/`[39m
[2021-02-16 21:01:27] DEBUG Creating transport: nodemailer (6.4.10; +https://nodemailer.com/; SMTP/6.4.10[client:6.4.10])
Creating connection pool {"user":"controlroom","password":"controlroom","connectString":"10.200.14.230/test","poolMin":1,"poolMax":200,"poolTimeout":0,"maxRows":70000,"autocommit":true,"_enableStats":false,"queueRequests":false,"queueTimeout":0,"stmtCacheSize":40}
2/16/2021 22:1:31 [internal] 0: " Server is listening at http://:::8091"

[32m[nodemon] restarting due to changes...[39m
[32m[nodemon] starting `node /Users/bbsymphony/Workspace/controlRoom/controlRoom_server/server/server_admin.js package.json 8091 server_admin.js ./alerts/ ./node_modules/ ./scripts/ ./uploads/ ./views/ ./documentation/ ./logs/`[39m
[2021-02-16 21:04:08] DEBUG Creating transport: nodemailer (6.4.10; +https://nodemailer.com/; SMTP/6.4.10[client:6.4.10])
[32m[nodemon] restarting due to changes...[39m
[32m[nodemon] starting `node /Users/bbsymphony/Workspace/controlRoom/controlRoom_server/server/server_admin.js package.json 8091 server_admin.js ./alerts/ ./node_modules/ ./scripts/ ./uploads/ ./views/ ./documentation/ ./logs/`[39m
[32m[nodemon] still waiting for 1 sub-process to finish...[39m
[2021-02-16 21:04:11] DEBUG Creating transport: nodemailer (6.4.10; +https://nodemailer.com/; SMTP/6.4.10[client:6.4.10])
Creating connection pool {"user":"controlroom","password":"controlroom","connectString":"10.200.14.230/test","poolMin":1,"poolMax":200,"poolTimeout":0,"maxRows":70000,"autocommit":true,"_enableStats":false,"queueRequests":false,"queueTimeout":0,"stmtCacheSize":40}
2/16/2021 22:4:14 [internal] 0: " Server is listening at http://:::8091"

[32m[nodemon] restarting due to changes...[39m
[32m[nodemon] starting `node /Users/bbsymphony/Workspace/controlRoom/controlRoom_server/server/server_admin.js package.json 8091 server_admin.js ./alerts/ ./node_modules/ ./scripts/ ./uploads/ ./views/ ./documentation/ ./logs/`[39m
[2021-02-16 21:04:33] DEBUG Creating transport: nodemailer (6.4.10; +https://nodemailer.com/; SMTP/6.4.10[client:6.4.10])
Creating connection pool {"user":"controlroom","password":"controlroom","connectString":"10.200.14.230/test","poolMin":1,"poolMax":200,"poolTimeout":0,"maxRows":70000,"autocommit":true,"_enableStats":false,"queueRequests":false,"queueTimeout":0,"stmtCacheSize":40}
2/16/2021 22:4:36 [internal] 0: " Server is listening at http://:::8091"

[32m[nodemon] restarting due to changes...[39m
[32m[nodemon] starting `node /Users/bbsymphony/Workspace/controlRoom/controlRoom_server/server/server_admin.js package.json 8091 server_admin.js ./alerts/ ./node_modules/ ./scripts/ ./uploads/ ./views/ ./documentation/ ./logs/`[39m
[2021-02-16 21:07:06] DEBUG Creating transport: nodemailer (6.4.10; +https://nodemailer.com/; SMTP/6.4.10[client:6.4.10])
Creating connection pool {"user":"controlroom","password":"controlroom","connectString":"10.200.14.230/test","poolMin":1,"poolMax":200,"poolTimeout":0,"maxRows":70000,"autocommit":true,"_enableStats":false,"queueRequests":false,"queueTimeout":0,"stmtCacheSize":40}
2/16/2021 22:7:8 [internal] 0: " Server is listening at http://:::8091"

[32m[nodemon] restarting due to changes...[39m
[32m[nodemon] starting `node /Users/bbsymphony/Workspace/controlRoom/controlRoom_server/server/server_admin.js package.json 8091 server_admin.js ./alerts/ ./node_modules/ ./scripts/ ./uploads/ ./views/ ./documentation/ ./logs/`[39m
[2021-02-16 21:10:33] DEBUG Creating transport: nodemailer (6.4.10; +https://nodemailer.com/; SMTP/6.4.10[client:6.4.10])
Creating connection pool {"user":"controlroom","password":"controlroom","connectString":"10.200.14.230/test","poolMin":1,"poolMax":200,"poolTimeout":0,"maxRows":70000,"autocommit":true,"_enableStats":false,"queueRequests":false,"queueTimeout":0,"stmtCacheSize":40}
2/16/2021 22:10:35 [internal] 0: " Server is listening at http://:::8091"

[32m[nodemon] restarting due to changes...[39m
[32m[nodemon] starting `node /Users/bbsymphony/Workspace/controlRoom/controlRoom_server/server/server_admin.js package.json 8091 server_admin.js ./alerts/ ./node_modules/ ./scripts/ ./uploads/ ./views/ ./documentation/ ./logs/`[39m
[2021-02-16 21:12:32] DEBUG Creating transport: nodemailer (6.4.10; +https://nodemailer.com/; SMTP/6.4.10[client:6.4.10])
Creating connection pool {"user":"controlroom","password":"controlroom","connectString":"10.200.14.230/test","poolMin":1,"poolMax":200,"poolTimeout":0,"maxRows":70000,"autocommit":true,"_enableStats":false,"queueRequests":false,"queueTimeout":0,"stmtCacheSize":40}
2/16/2021 22:12:35 [internal] 0: " Server is listening at http://:::8091"

[32m[nodemon] restarting due to changes...[39m
[32m[nodemon] starting `node /Users/bbsymphony/Workspace/controlRoom/controlRoom_server/server/server_admin.js package.json 8091 server_admin.js ./alerts/ ./node_modules/ ./scripts/ ./uploads/ ./views/ ./documentation/ ./logs/`[39m
[2021-02-16 21:13:02] DEBUG Creating transport: nodemailer (6.4.10; +https://nodemailer.com/; SMTP/6.4.10[client:6.4.10])
Creating connection pool {"user":"controlroom","password":"controlroom","connectString":"10.200.14.230/test","poolMin":1,"poolMax":200,"poolTimeout":0,"maxRows":70000,"autocommit":true,"_enableStats":false,"queueRequests":false,"queueTimeout":0,"stmtCacheSize":40}
2/16/2021 22:13:5 [internal] 0: " Server is listening at http://:::8091"

[32m[nodemon] restarting due to changes...[39m
[32m[nodemon] starting `node /Users/bbsymphony/Workspace/controlRoom/controlRoom_server/server/server_admin.js package.json 8091 server_admin.js ./alerts/ ./node_modules/ ./scripts/ ./uploads/ ./views/ ./documentation/ ./logs/`[39m
[2021-02-16 21:17:30] DEBUG Creating transport: nodemailer (6.4.10; +https://nodemailer.com/; SMTP/6.4.10[client:6.4.10])
Creating connection pool {"user":"controlroom","password":"controlroom","connectString":"10.200.14.230/test","poolMin":1,"poolMax":200,"poolTimeout":0,"maxRows":70000,"autocommit":true,"_enableStats":false,"queueRequests":false,"queueTimeout":0,"stmtCacheSize":40}
2/16/2021 22:17:34 [internal] 0: " Server is listening at http://:::8091"

[32m[nodemon] restarting due to changes...[39m
[32m[nodemon] starting `node /Users/bbsymphony/Workspace/controlRoom/controlRoom_server/server/server_admin.js package.json 8091 server_admin.js ./alerts/ ./node_modules/ ./scripts/ ./uploads/ ./views/ ./documentation/ ./logs/`[39m
[2021-02-16 21:19:50] DEBUG Creating transport: nodemailer (6.4.10; +https://nodemailer.com/; SMTP/6.4.10[client:6.4.10])
Creating connection pool {"user":"controlroom","password":"controlroom","connectString":"10.200.14.230/test","poolMin":1,"poolMax":200,"poolTimeout":0,"maxRows":70000,"autocommit":true,"_enableStats":false,"queueRequests":false,"queueTimeout":0,"stmtCacheSize":40}
2/16/2021 22:19:53 [internal] 0: " Server is listening at http://:::8091"

[32m[nodemon] restarting due to changes...[39m
[32m[nodemon] starting `node /Users/bbsymphony/Workspace/controlRoom/controlRoom_server/server/server_admin.js package.json 8091 server_admin.js ./alerts/ ./node_modules/ ./scripts/ ./uploads/ ./views/ ./documentation/ ./logs/`[39m
[2021-02-16 21:20:11] DEBUG Creating transport: nodemailer (6.4.10; +https://nodemailer.com/; SMTP/6.4.10[client:6.4.10])
Creating connection pool {"user":"controlroom","password":"controlroom","connectString":"10.200.14.230/test","poolMin":1,"poolMax":200,"poolTimeout":0,"maxRows":70000,"autocommit":true,"_enableStats":false,"queueRequests":false,"queueTimeout":0,"stmtCacheSize":40}
2/16/2021 22:20:14 [internal] 0: " Server is listening at http://:::8091"

[32m[nodemon] restarting due to changes...[39m
[32m[nodemon] starting `node /Users/bbsymphony/Workspace/controlRoom/controlRoom_server/server/server_admin.js package.json 8091 server_admin.js ./alerts/ ./node_modules/ ./scripts/ ./uploads/ ./views/ ./documentation/ ./logs/`[39m
[2021-02-16 21:22:40] DEBUG Creating transport: nodemailer (6.4.10; +https://nodemailer.com/; SMTP/6.4.10[client:6.4.10])
Creating connection pool {"user":"controlroom","password":"controlroom","connectString":"10.200.14.230/test","poolMin":1,"poolMax":200,"poolTimeout":0,"maxRows":70000,"autocommit":true,"_enableStats":false,"queueRequests":false,"queueTimeout":0,"stmtCacheSize":40}
2/16/2021 22:22:43 [internal] 0: " Server is listening at http://:::8091"

[32m[nodemon] restarting due to changes...[39m
[32m[nodemon] starting `node /Users/bbsymphony/Workspace/controlRoom/controlRoom_server/server/server_admin.js package.json 8091 server_admin.js ./alerts/ ./node_modules/ ./scripts/ ./uploads/ ./views/ ./documentation/ ./logs/`[39m
[32m[nodemon] restarting due to changes...[39m
[32m[nodemon] starting `node /Users/bbsymphony/Workspace/controlRoom/controlRoom_server/server/server_admin.js package.json 8091 server_admin.js ./alerts/ ./node_modules/ ./scripts/ ./uploads/ ./views/ ./documentation/ ./logs/`[39m
[32m[nodemon] restarting due to changes...[39m
[32m[nodemon] restarting due to changes...[39m
[32m[nodemon] starting `node /Users/bbsymphony/Workspace/controlRoom/controlRoom_server/server/server_admin.js package.json 8091 server_admin.js ./alerts/ ./node_modules/ ./scripts/ ./uploads/ ./views/ ./documentation/ ./logs/`[39m
[32m[nodemon] restarting due to changes...[39m
[32m[nodemon] restarting due to changes...[39m
[32m[nodemon] restarting due to changes...[39m
[32m[nodemon] starting `node /Users/bbsymphony/Workspace/controlRoom/controlRoom_server/server/server_admin.js package.json 8091 server_admin.js ./alerts/ ./node_modules/ ./scripts/ ./uploads/ ./views/ ./documentation/ ./logs/`[39m
[32m[nodemon] restarting due to changes...[39m
[32m[nodemon] starting `node /Users/bbsymphony/Workspace/controlRoom/controlRoom_server/server/server_admin.js package.json 8091 server_admin.js ./alerts/ ./node_modules/ ./scripts/ ./uploads/ ./views/ ./documentation/ ./logs/`[39m
[2021-02-16 21:23:03] DEBUG Creating transport: nodemailer (6.4.10; +https://nodemailer.com/; SMTP/6.4.10[client:6.4.10])
Creating connection pool {"user":"controlroom","password":"controlroom","connectString":"10.200.14.230/test","poolMin":1,"poolMax":200,"poolTimeout":0,"maxRows":70000,"autocommit":true,"_enableStats":false,"queueRequests":false,"queueTimeout":0,"stmtCacheSize":40}
2/16/2021 22:23:5 [internal] 0: " Server is listening at http://:::8091"

[32m[nodemon] restarting due to changes...[39m
[32m[nodemon] starting `node /Users/bbsymphony/Workspace/controlRoom/controlRoom_server/server/server_admin.js package.json 8091 server_admin.js ./alerts/ ./node_modules/ ./scripts/ ./uploads/ ./views/ ./documentation/ ./logs/`[39m
[32m[nodemon] restarting due to changes...[39m
[32m[nodemon] starting `node /Users/bbsymphony/Workspace/controlRoom/controlRoom_server/server/server_admin.js package.json 8091 server_admin.js ./alerts/ ./node_modules/ ./scripts/ ./uploads/ ./views/ ./documentation/ ./logs/`[39m
[2021-02-16 21:23:16] DEBUG Creating transport: nodemailer (6.4.10; +https://nodemailer.com/; SMTP/6.4.10[client:6.4.10])
[31m[nodemon] app crashed[39m
[33m[nodemon] 2.0.7[39m
[33m[nodemon] to restart at any time, enter `rs`[39m
[33m[nodemon] watching path(s): server/**/*[39m
[33m[nodemon] watching extensions: js,mjs,json[39m
[32m[nodemon] starting `node /Users/bbsymphony/Workspace/controlRoom/controlRoom_server/server/server_admin.js package.json 8091 server_admin.js ./alerts/ ./node_modules/ ./scripts/ ./uploads/ ./views/ ./documentation/ ./logs/`[39m
[32m[nodemon] restarting due to changes...[39m
[32m[nodemon] still waiting for 1 sub-process to finish...[39m
[32m[nodemon] starting `node /Users/bbsymphony/Workspace/controlRoom/controlRoom_server/server/server_admin.js package.json 8091 server_admin.js ./alerts/ ./node_modules/ ./scripts/ ./uploads/ ./views/ ./documentation/ ./logs/`[39m
[2021-02-16 21:23:22] DEBUG Creating transport: nodemailer (6.4.10; +https://nodemailer.com/; SMTP/6.4.10[client:6.4.10])
Creating connection pool {"user":"controlroom","password":"controlroom","connectString":"10.200.14.230/test","poolMin":1,"poolMax":200,"poolTimeout":0,"maxRows":70000,"autocommit":true,"_enableStats":false,"queueRequests":false,"queueTimeout":0,"stmtCacheSize":40}
2/16/2021 22:23:24 [internal] 0: " Server is listening at http://:::8091"

[32m[nodemon] restarting due to changes...[39m
[32m[nodemon] starting `node /Users/bbsymphony/Workspace/controlRoom/controlRoom_server/server/server_admin.js package.json 8091 server_admin.js ./alerts/ ./node_modules/ ./scripts/ ./uploads/ ./views/ ./documentation/ ./logs/`[39m
[32m[nodemon] restarting due to changes...[39m
[32m[nodemon] restarting due to changes...[39m
[32m[nodemon] starting `node /Users/bbsymphony/Workspace/controlRoom/controlRoom_server/server/server_admin.js package.json 8091 server_admin.js ./alerts/ ./node_modules/ ./scripts/ ./uploads/ ./views/ ./documentation/ ./logs/`[39m
[32m[nodemon] restarting due to changes...[39m
[32m[nodemon] starting `node /Users/bbsymphony/Workspace/controlRoom/controlRoom_server/server/server_admin.js package.json 8091 server_admin.js ./alerts/ ./node_modules/ ./scripts/ ./uploads/ ./views/ ./documentation/ ./logs/`[39m
[2021-02-16 21:26:19] DEBUG Creating transport: nodemailer (6.4.10; +https://nodemailer.com/; SMTP/6.4.10[client:6.4.10])
Creating connection pool {"user":"controlroom","password":"controlroom","connectString":"10.200.14.230/test","poolMin":1,"poolMax":200,"poolTimeout":0,"maxRows":70000,"autocommit":true,"_enableStats":false,"queueRequests":false,"queueTimeout":0,"stmtCacheSize":40}
2/16/2021 22:26:22 [internal] 0: " Server is listening at http://:::8091"

[32m[nodemon] restarting due to changes...[39m
[32m[nodemon] starting `node /Users/bbsymphony/Workspace/controlRoom/controlRoom_server/server/server_admin.js package.json 8091 server_admin.js ./alerts/ ./node_modules/ ./scripts/ ./uploads/ ./views/ ./documentation/ ./logs/`[39m
[2021-02-16 21:26:34] DEBUG Creating transport: nodemailer (6.4.10; +https://nodemailer.com/; SMTP/6.4.10[client:6.4.10])
Creating connection pool {"user":"controlroom","password":"controlroom","connectString":"10.200.14.230/test","poolMin":1,"poolMax":200,"poolTimeout":0,"maxRows":70000,"autocommit":true,"_enableStats":false,"queueRequests":false,"queueTimeout":0,"stmtCacheSize":40}
2/16/2021 22:26:37 [internal] 0: " Server is listening at http://:::8091"

[32m[nodemon] restarting due to changes...[39m
[32m[nodemon] starting `node /Users/bbsymphony/Workspace/controlRoom/controlRoom_server/server/server_admin.js package.json 8091 server_admin.js ./alerts/ ./node_modules/ ./scripts/ ./uploads/ ./views/ ./documentation/ ./logs/`[39m
[2021-02-16 21:26:57] DEBUG Creating transport: nodemailer (6.4.10; +https://nodemailer.com/; SMTP/6.4.10[client:6.4.10])
Creating connection pool {"user":"controlroom","password":"controlroom","connectString":"10.200.14.230/test","poolMin":1,"poolMax":200,"poolTimeout":0,"maxRows":70000,"autocommit":true,"_enableStats":false,"queueRequests":false,"queueTimeout":0,"stmtCacheSize":40}
2/16/2021 22:26:59 [internal] 0: " Server is listening at http://:::8091"

[32m[nodemon] restarting due to changes...[39m
[32m[nodemon] starting `node /Users/bbsymphony/Workspace/controlRoom/controlRoom_server/server/server_admin.js package.json 8091 server_admin.js ./alerts/ ./node_modules/ ./scripts/ ./uploads/ ./views/ ./documentation/ ./logs/`[39m
[2021-02-16 21:28:18] DEBUG Creating transport: nodemailer (6.4.10; +https://nodemailer.com/; SMTP/6.4.10[client:6.4.10])
Creating connection pool {"user":"controlroom","password":"controlroom","connectString":"10.200.14.230/test","poolMin":1,"poolMax":200,"poolTimeout":0,"maxRows":70000,"autocommit":true,"_enableStats":false,"queueRequests":false,"queueTimeout":0,"stmtCacheSize":40}
2/16/2021 22:28:20 [internal] 0: " Server is listening at http://:::8091"

[32m[nodemon] restarting due to changes...[39m
[32m[nodemon] starting `node /Users/bbsymphony/Workspace/controlRoom/controlRoom_server/server/server_admin.js package.json 8091 server_admin.js ./alerts/ ./node_modules/ ./scripts/ ./uploads/ ./views/ ./documentation/ ./logs/`[39m
[2021-02-16 21:28:38] DEBUG Creating transport: nodemailer (6.4.10; +https://nodemailer.com/; SMTP/6.4.10[client:6.4.10])
Creating connection pool {"user":"controlroom","password":"controlroom","connectString":"10.200.14.230/test","poolMin":1,"poolMax":200,"poolTimeout":0,"maxRows":70000,"autocommit":true,"_enableStats":false,"queueRequests":false,"queueTimeout":0,"stmtCacheSize":40}
2/16/2021 22:28:40 [internal] 0: " Server is listening at http://:::8091"

[32m[nodemon] restarting due to changes...[39m
[32m[nodemon] starting `node /Users/bbsymphony/Workspace/controlRoom/controlRoom_server/server/server_admin.js package.json 8091 server_admin.js ./alerts/ ./node_modules/ ./scripts/ ./uploads/ ./views/ ./documentation/ ./logs/`[39m
[2021-02-16 21:39:24] DEBUG Creating transport: nodemailer (6.4.10; +https://nodemailer.com/; SMTP/6.4.10[client:6.4.10])
Creating connection pool {"user":"controlroom","password":"controlroom","connectString":"10.200.14.230/test","poolMin":1,"poolMax":200,"poolTimeout":0,"maxRows":70000,"autocommit":true,"_enableStats":false,"queueRequests":false,"queueTimeout":0,"stmtCacheSize":40}
2/16/2021 22:39:29 [internal] 0: " Server is listening at http://:::8091"

[32m[nodemon] restarting due to changes...[39m
[32m[nodemon] restarting due to changes...[39m
[32m[nodemon] starting `node /Users/bbsymphony/Workspace/controlRoom/controlRoom_server/server/server_admin.js package.json 8091 server_admin.js ./alerts/ ./node_modules/ ./scripts/ ./uploads/ ./views/ ./documentation/ ./logs/`[39m
[2021-02-16 21:41:19] DEBUG Creating transport: nodemailer (6.4.10; +https://nodemailer.com/; SMTP/6.4.10[client:6.4.10])
Creating connection pool {"user":"controlroom","password":"controlroom","connectString":"10.200.14.230/test","poolMin":1,"poolMax":200,"poolTimeout":0,"maxRows":70000,"autocommit":true,"_enableStats":false,"queueRequests":false,"queueTimeout":0,"stmtCacheSize":40}
2/16/2021 22:41:24 [internal] 0: " Server is listening at http://:::8091"

[32m[nodemon] restarting due to changes...[39m
[32m[nodemon] restarting due to changes...[39m
[32m[nodemon] starting `node /Users/bbsymphony/Workspace/controlRoom/controlRoom_server/server/server_admin.js package.json 8091 server_admin.js ./alerts/ ./node_modules/ ./scripts/ ./uploads/ ./views/ ./documentation/ ./logs/`[39m
[2021-02-16 21:43:08] DEBUG Creating transport: nodemailer (6.4.10; +https://nodemailer.com/; SMTP/6.4.10[client:6.4.10])
Creating connection pool {"user":"controlroom","password":"controlroom","connectString":"10.200.14.230/test","poolMin":1,"poolMax":200,"poolTimeout":0,"maxRows":70000,"autocommit":true,"_enableStats":false,"queueRequests":false,"queueTimeout":0,"stmtCacheSize":40}
2/16/2021 22:43:15 [internal] 0: " Server is listening at http://:::8091"

[32m[nodemon] restarting due to changes...[39m
[32m[nodemon] starting `node /Users/bbsymphony/Workspace/controlRoom/controlRoom_server/server/server_admin.js package.json 8091 server_admin.js ./alerts/ ./node_modules/ ./scripts/ ./uploads/ ./views/ ./documentation/ ./logs/`[39m
[2021-02-16 21:43:58] DEBUG Creating transport: nodemailer (6.4.10; +https://nodemailer.com/; SMTP/6.4.10[client:6.4.10])
Creating connection pool {"user":"controlroom","password":"controlroom","connectString":"10.200.14.230/test","poolMin":1,"poolMax":200,"poolTimeout":0,"maxRows":70000,"autocommit":true,"_enableStats":false,"queueRequests":false,"queueTimeout":0,"stmtCacheSize":40}
2/16/2021 22:44:4 [internal] 0: " Server is listening at http://:::8091"

[32m[nodemon] restarting due to changes...[39m
[32m[nodemon] starting `node /Users/bbsymphony/Workspace/controlRoom/controlRoom_server/server/server_admin.js package.json 8091 server_admin.js ./alerts/ ./node_modules/ ./scripts/ ./uploads/ ./views/ ./documentation/ ./logs/`[39m
[2021-02-17 12:00:49] DEBUG Creating transport: nodemailer (6.4.10; +https://nodemailer.com/; SMTP/6.4.10[client:6.4.10])
Creating connection pool {"user":"controlroom","password":"controlroom","connectString":"10.200.14.230/test","poolMin":1,"poolMax":200,"poolTimeout":0,"maxRows":70000,"autocommit":true,"_enableStats":false,"queueRequests":false,"queueTimeout":0,"stmtCacheSize":40}
2/17/2021 13:0:52 [internal] 0: " Server is listening at http://:::8091"

[32m[nodemon] restarting due to changes...[39m
[32m[nodemon] starting `node /Users/bbsymphony/Workspace/controlRoom/controlRoom_server/server/server_admin.js package.json 8091 server_admin.js ./alerts/ ./node_modules/ ./scripts/ ./uploads/ ./views/ ./documentation/ ./logs/`[39m
[32m[nodemon] restarting due to changes...[39m
[32m[nodemon] starting `node /Users/bbsymphony/Workspace/controlRoom/controlRoom_server/server/server_admin.js package.json 8091 server_admin.js ./alerts/ ./node_modules/ ./scripts/ ./uploads/ ./views/ ./documentation/ ./logs/`[39m
[2021-02-17 12:02:20] DEBUG Creating transport: nodemailer (6.4.10; +https://nodemailer.com/; SMTP/6.4.10[client:6.4.10])
Creating connection pool {"user":"controlroom","password":"controlroom","connectString":"10.200.14.230/test","poolMin":1,"poolMax":200,"poolTimeout":0,"maxRows":70000,"autocommit":true,"_enableStats":false,"queueRequests":false,"queueTimeout":0,"stmtCacheSize":40}
2/17/2021 13:2:24 [internal] 0: " Server is listening at http://:::8091"

[32m[nodemon] restarting due to changes...[39m
[32m[nodemon] starting `node /Users/bbsymphony/Workspace/controlRoom/controlRoom_server/server/server_admin.js package.json 8091 server_admin.js ./alerts/ ./node_modules/ ./scripts/ ./uploads/ ./views/ ./documentation/ ./logs/`[39m
[2021-02-17 12:05:07] DEBUG Creating transport: nodemailer (6.4.10; +https://nodemailer.com/; SMTP/6.4.10[client:6.4.10])
Creating connection pool {"user":"controlroom","password":"controlroom","connectString":"10.200.14.230/test","poolMin":1,"poolMax":200,"poolTimeout":0,"maxRows":70000,"autocommit":true,"_enableStats":false,"queueRequests":false,"queueTimeout":0,"stmtCacheSize":40}
2/17/2021 13:5:11 [internal] 0: " Server is listening at http://:::8091"

[32m[nodemon] restarting due to changes...[39m
[32m[nodemon] starting `node /Users/bbsymphony/Workspace/controlRoom/controlRoom_server/server/server_admin.js package.json 8091 server_admin.js ./alerts/ ./node_modules/ ./scripts/ ./uploads/ ./views/ ./documentation/ ./logs/`[39m
[2021-02-17 12:05:30] DEBUG Creating transport: nodemailer (6.4.10; +https://nodemailer.com/; SMTP/6.4.10[client:6.4.10])
Creating connection pool {"user":"controlroom","password":"controlroom","connectString":"10.200.14.230/test","poolMin":1,"poolMax":200,"poolTimeout":0,"maxRows":70000,"autocommit":true,"_enableStats":false,"queueRequests":false,"queueTimeout":0,"stmtCacheSize":40}
2/17/2021 13:5:33 [internal] 0: " Server is listening at http://:::8091"

[32m[nodemon] restarting due to changes...[39m
[32m[nodemon] starting `node /Users/bbsymphony/Workspace/controlRoom/controlRoom_server/server/server_admin.js package.json 8091 server_admin.js ./alerts/ ./node_modules/ ./scripts/ ./uploads/ ./views/ ./documentation/ ./logs/`[39m
[32m[nodemon] restarting due to changes...[39m
[32m[nodemon] starting `node /Users/bbsymphony/Workspace/controlRoom/controlRoom_server/server/server_admin.js package.json 8091 server_admin.js ./alerts/ ./node_modules/ ./scripts/ ./uploads/ ./views/ ./documentation/ ./logs/`[39m
[2021-02-17 12:06:04] DEBUG Creating transport: nodemailer (6.4.10; +https://nodemailer.com/; SMTP/6.4.10[client:6.4.10])
Creating connection pool {"user":"controlroom","password":"controlroom","connectString":"10.200.14.230/test","poolMin":1,"poolMax":200,"poolTimeout":0,"maxRows":70000,"autocommit":true,"_enableStats":false,"queueRequests":false,"queueTimeout":0,"stmtCacheSize":40}
2/17/2021 13:6:8 [internal] 0: " Server is listening at http://:::8091"

[32m[nodemon] restarting due to changes...[39m
[32m[nodemon] starting `node /Users/bbsymphony/Workspace/controlRoom/controlRoom_server/server/server_admin.js package.json 8091 server_admin.js ./alerts/ ./node_modules/ ./scripts/ ./uploads/ ./views/ ./documentation/ ./logs/`[39m
[2021-02-17 12:07:03] DEBUG Creating transport: nodemailer (6.4.10; +https://nodemailer.com/; SMTP/6.4.10[client:6.4.10])
Creating connection pool {"user":"controlroom","password":"controlroom","connectString":"10.200.14.230/test","poolMin":1,"poolMax":200,"poolTimeout":0,"maxRows":70000,"autocommit":true,"_enableStats":false,"queueRequests":false,"queueTimeout":0,"stmtCacheSize":40}
2/17/2021 13:7:8 [internal] 0: " Server is listening at http://:::8091"

[32m[nodemon] restarting due to changes...[39m
[32m[nodemon] restarting due to changes...[39m
[32m[nodemon] starting `node /Users/bbsymphony/Workspace/controlRoom/controlRoom_server/server/server_admin.js package.json 8091 server_admin.js ./alerts/ ./node_modules/ ./scripts/ ./uploads/ ./views/ ./documentation/ ./logs/`[39m
[2021-02-17 12:07:13] DEBUG Creating transport: nodemailer (6.4.10; +https://nodemailer.com/; SMTP/6.4.10[client:6.4.10])
Creating connection pool {"user":"controlroom","password":"controlroom","connectString":"10.200.14.230/test","poolMin":1,"poolMax":200,"poolTimeout":0,"maxRows":70000,"autocommit":true,"_enableStats":false,"queueRequests":false,"queueTimeout":0,"stmtCacheSize":40}
2/17/2021 13:7:16 [internal] 0: " Server is listening at http://:::8091"

[32m[nodemon] restarting due to changes...[39m
[32m[nodemon] starting `node /Users/bbsymphony/Workspace/controlRoom/controlRoom_server/server/server_admin.js package.json 8091 server_admin.js ./alerts/ ./node_modules/ ./scripts/ ./uploads/ ./views/ ./documentation/ ./logs/`[39m
[2021-02-17 12:08:00] DEBUG Creating transport: nodemailer (6.4.10; +https://nodemailer.com/; SMTP/6.4.10[client:6.4.10])
Creating connection pool {"user":"controlroom","password":"controlroom","connectString":"10.200.14.230/test","poolMin":1,"poolMax":200,"poolTimeout":0,"maxRows":70000,"autocommit":true,"_enableStats":false,"queueRequests":false,"queueTimeout":0,"stmtCacheSize":40}
2/17/2021 13:8:2 [internal] 0: " Server is listening at http://:::8091"

[32m[nodemon] restarting due to changes...[39m
[32m[nodemon] starting `node /Users/bbsymphony/Workspace/controlRoom/controlRoom_server/server/server_admin.js package.json 8091 server_admin.js ./alerts/ ./node_modules/ ./scripts/ ./uploads/ ./views/ ./documentation/ ./logs/`[39m
[2021-02-17 12:08:45] DEBUG Creating transport: nodemailer (6.4.10; +https://nodemailer.com/; SMTP/6.4.10[client:6.4.10])
Creating connection pool {"user":"controlroom","password":"controlroom","connectString":"10.200.14.230/test","poolMin":1,"poolMax":200,"poolTimeout":0,"maxRows":70000,"autocommit":true,"_enableStats":false,"queueRequests":false,"queueTimeout":0,"stmtCacheSize":40}
2/17/2021 13:8:47 [internal] 0: " Server is listening at http://:::8091"

[32m[nodemon] restarting due to changes...[39m
[32m[nodemon] starting `node /Users/bbsymphony/Workspace/controlRoom/controlRoom_server/server/server_admin.js package.json 8091 server_admin.js ./alerts/ ./node_modules/ ./scripts/ ./uploads/ ./views/ ./documentation/ ./logs/`[39m
[2021-02-17 12:09:02] DEBUG Creating transport: nodemailer (6.4.10; +https://nodemailer.com/; SMTP/6.4.10[client:6.4.10])
Creating connection pool {"user":"controlroom","password":"controlroom","connectString":"10.200.14.230/test","poolMin":1,"poolMax":200,"poolTimeout":0,"maxRows":70000,"autocommit":true,"_enableStats":false,"queueRequests":false,"queueTimeout":0,"stmtCacheSize":40}
2/17/2021 13:9:4 [internal] 0: " Server is listening at http://:::8091"

[32m[nodemon] restarting due to changes...[39m
[32m[nodemon] starting `node /Users/bbsymphony/Workspace/controlRoom/controlRoom_server/server/server_admin.js package.json 8091 server_admin.js ./alerts/ ./node_modules/ ./scripts/ ./uploads/ ./views/ ./documentation/ ./logs/`[39m
[2021-02-17 12:10:29] DEBUG Creating transport: nodemailer (6.4.10; +https://nodemailer.com/; SMTP/6.4.10[client:6.4.10])
Creating connection pool {"user":"controlroom","password":"controlroom","connectString":"10.200.14.230/test","poolMin":1,"poolMax":200,"poolTimeout":0,"maxRows":70000,"autocommit":true,"_enableStats":false,"queueRequests":false,"queueTimeout":0,"stmtCacheSize":40}
2/17/2021 13:10:31 [internal] 0: " Server is listening at http://:::8091"

[32m[nodemon] restarting due to changes...[39m
[32m[nodemon] starting `node /Users/bbsymphony/Workspace/controlRoom/controlRoom_server/server/server_admin.js package.json 8091 server_admin.js ./alerts/ ./node_modules/ ./scripts/ ./uploads/ ./views/ ./documentation/ ./logs/`[39m
[2021-02-17 12:12:23] DEBUG Creating transport: nodemailer (6.4.10; +https://nodemailer.com/; SMTP/6.4.10[client:6.4.10])
Creating connection pool {"user":"controlroom","password":"controlroom","connectString":"10.200.14.230/test","poolMin":1,"poolMax":200,"poolTimeout":0,"maxRows":70000,"autocommit":true,"_enableStats":false,"queueRequests":false,"queueTimeout":0,"stmtCacheSize":40}
2/17/2021 13:12:26 [internal] 0: " Server is listening at http://:::8091"

[32m[nodemon] restarting due to changes...[39m
[32m[nodemon] starting `node /Users/bbsymphony/Workspace/controlRoom/controlRoom_server/server/server_admin.js package.json 8091 server_admin.js ./alerts/ ./node_modules/ ./scripts/ ./uploads/ ./views/ ./documentation/ ./logs/`[39m
[2021-02-17 12:13:01] DEBUG Creating transport: nodemailer (6.4.10; +https://nodemailer.com/; SMTP/6.4.10[client:6.4.10])
Creating connection pool {"user":"controlroom","password":"controlroom","connectString":"10.200.14.230/test","poolMin":1,"poolMax":200,"poolTimeout":0,"maxRows":70000,"autocommit":true,"_enableStats":false,"queueRequests":false,"queueTimeout":0,"stmtCacheSize":40}
2/17/2021 13:13:4 [internal] 0: " Server is listening at http://:::8091"

[32m[nodemon] restarting due to changes...[39m
[32m[nodemon] starting `node /Users/bbsymphony/Workspace/controlRoom/controlRoom_server/server/server_admin.js package.json 8091 server_admin.js ./alerts/ ./node_modules/ ./scripts/ ./uploads/ ./views/ ./documentation/ ./logs/`[39m
[2021-02-17 12:13:49] DEBUG Creating transport: nodemailer (6.4.10; +https://nodemailer.com/; SMTP/6.4.10[client:6.4.10])
Creating connection pool {"user":"controlroom","password":"controlroom","connectString":"10.200.14.230/test","poolMin":1,"poolMax":200,"poolTimeout":0,"maxRows":70000,"autocommit":true,"_enableStats":false,"queueRequests":false,"queueTimeout":0,"stmtCacheSize":40}
2/17/2021 13:13:52 [internal] 0: " Server is listening at http://:::8091"

[32m[nodemon] restarting due to changes...[39m
[32m[nodemon] starting `node /Users/bbsymphony/Workspace/controlRoom/controlRoom_server/server/server_admin.js package.json 8091 server_admin.js ./alerts/ ./node_modules/ ./scripts/ ./uploads/ ./views/ ./documentation/ ./logs/`[39m
[2021-02-17 12:14:06] DEBUG Creating transport: nodemailer (6.4.10; +https://nodemailer.com/; SMTP/6.4.10[client:6.4.10])
Creating connection pool {"user":"controlroom","password":"controlroom","connectString":"10.200.14.230/test","poolMin":1,"poolMax":200,"poolTimeout":0,"maxRows":70000,"autocommit":true,"_enableStats":false,"queueRequests":false,"queueTimeout":0,"stmtCacheSize":40}
2/17/2021 13:14:9 [internal] 0: " Server is listening at http://:::8091"

[32m[nodemon] restarting due to changes...[39m
[32m[nodemon] starting `node /Users/bbsymphony/Workspace/controlRoom/controlRoom_server/server/server_admin.js package.json 8091 server_admin.js ./alerts/ ./node_modules/ ./scripts/ ./uploads/ ./views/ ./documentation/ ./logs/`[39m
[2021-02-17 12:14:32] DEBUG Creating transport: nodemailer (6.4.10; +https://nodemailer.com/; SMTP/6.4.10[client:6.4.10])
Creating connection pool {"user":"controlroom","password":"controlroom","connectString":"10.200.14.230/test","poolMin":1,"poolMax":200,"poolTimeout":0,"maxRows":70000,"autocommit":true,"_enableStats":false,"queueRequests":false,"queueTimeout":0,"stmtCacheSize":40}
2/17/2021 13:14:34 [internal] 0: " Server is listening at http://:::8091"

[32m[nodemon] restarting due to changes...[39m
[32m[nodemon] starting `node /Users/bbsymphony/Workspace/controlRoom/controlRoom_server/server/server_admin.js package.json 8091 server_admin.js ./alerts/ ./node_modules/ ./scripts/ ./uploads/ ./views/ ./documentation/ ./logs/`[39m
[2021-02-17 12:15:28] DEBUG Creating transport: nodemailer (6.4.10; +https://nodemailer.com/; SMTP/6.4.10[client:6.4.10])
Creating connection pool {"user":"controlroom","password":"controlroom","connectString":"10.200.14.230/test","poolMin":1,"poolMax":200,"poolTimeout":0,"maxRows":70000,"autocommit":true,"_enableStats":false,"queueRequests":false,"queueTimeout":0,"stmtCacheSize":40}
2/17/2021 13:15:32 [internal] 0: " Server is listening at http://:::8091"

[32m[nodemon] restarting due to changes...[39m
[32m[nodemon] starting `node /Users/bbsymphony/Workspace/controlRoom/controlRoom_server/server/server_admin.js package.json 8091 server_admin.js ./alerts/ ./node_modules/ ./scripts/ ./uploads/ ./views/ ./documentation/ ./logs/`[39m
[2021-02-17 13:39:26] DEBUG Creating transport: nodemailer (6.4.10; +https://nodemailer.com/; SMTP/6.4.10[client:6.4.10])
Creating connection pool {"user":"controlroom","password":"controlroom","connectString":"10.200.14.230/test","poolMin":1,"poolMax":200,"poolTimeout":0,"maxRows":70000,"autocommit":true,"_enableStats":false,"queueRequests":false,"queueTimeout":0,"stmtCacheSize":40}
2/17/2021 14:39:29 [internal] 0: " Server is listening at http://:::8091"

[32m[nodemon] restarting due to changes...[39m
[32m[nodemon] starting `node /Users/bbsymphony/Workspace/controlRoom/controlRoom_server/server/server_admin.js package.json 8091 server_admin.js ./alerts/ ./node_modules/ ./scripts/ ./uploads/ ./views/ ./documentation/ ./logs/`[39m
[2021-02-17 13:45:32] DEBUG Creating transport: nodemailer (6.4.10; +https://nodemailer.com/; SMTP/6.4.10[client:6.4.10])
Creating connection pool {"user":"controlroom","password":"controlroom","connectString":"10.200.14.230/test","poolMin":1,"poolMax":200,"poolTimeout":0,"maxRows":70000,"autocommit":true,"_enableStats":false,"queueRequests":false,"queueTimeout":0,"stmtCacheSize":40}
2/17/2021 14:45:35 [internal] 0: " Server is listening at http://:::8091"

