9/28/2018 9:5:8 1: LIBQUERY with Callback: 
9/28/2018 9:5:8 1: BEGIN PKREQUESTMANAGER.CALLQUERY(1,'ADM0000001','undefined','{}', '{undefined,undefined}','{}', :cursor); END;
9/28/2018 9:5:9 1: 0 Object(s) returned... [FETCH] :)
9/28/2018 9:5:9 1: {"metaData":[{"name":"USERID"},{"name":"USERFNAME"},{"name":"USERLNAME"},{"name":"USEREMAIL"},{"name":"USERMOBILE"}]}
9/28/2018 9:16:44 2: LIBQUERY with Callback: 
9/28/2018 9:16:44 2: BEGIN PKREQUESTMANAGER.CALLQUERY(2,'ADM0000001','undefined','{}', '{undefined,undefined}','{}', :cursor); END;
9/28/2018 9:16:45 2: 0 Object(s) returned... [FETCH] :)
9/28/2018 9:16:45 2: {"metaData":[{"name":"USERID"},{"name":"USERFNAME"},{"name":"USERLNAME"},{"name":"USEREMAIL"},{"name":"USERMOBILE"}]}
9/28/2018 9:18:56 3: LIBQUERY with Callback: 
9/28/2018 9:18:56 3: BEGIN PKREQUESTMANAGER.CALLQUERY(3,'ADM0000001','undefined','{}', '{undefined,undefined}','{}', :cursor); END;
9/28/2018 9:18:57 3: 0 Object(s) returned... [FETCH] :)
9/28/2018 9:18:57 3: {"metaData":[{"name":"USERID"},{"name":"USERFNAME"},{"name":"USERLNAME"},{"name":"USEREMAIL"},{"name":"USERMOBILE"}]}
9/28/2018 9:19:49 4: LIBQUERY with Callback: 
9/28/2018 9:19:49 4: BEGIN PKREQUESTMANAGER.CALLQUERY(4,'ADM0000001','undefined','{}', '{undefined,undefined}','{}', :cursor); END;
9/28/2018 9:19:50 4: 0 Object(s) returned... [FETCH] :)
9/28/2018 9:19:50 4: {"metaData":[{"name":"USERID"},{"name":"USERFNAME"},{"name":"USERLNAME"},{"name":"USEREMAIL"},{"name":"USERMOBILE"}]}
9/28/2018 9:25:16 1: request[object Object]
9/28/2018 9:25:16 1: LIBQUERY with Callback: 
9/28/2018 9:25:16 1: BEGIN PKREQUESTMANAGER.CALLQUERY(1,'ADM0000001','undefined','{}', '{undefined,undefined}','{}', :cursor); END;
9/28/2018 9:25:16 1: 0 Object(s) returned... [FETCH] :)
9/28/2018 9:25:16 1: {"metaData":[{"name":"USERID"},{"name":"USERFNAME"},{"name":"USERLNAME"},{"name":"USEREMAIL"},{"name":"USERMOBILE"}]}
9/28/2018 9:26:40 1: LIBQUERY with Callback: 
9/28/2018 9:26:40 1: BEGIN PKREQUESTMANAGER.CALLQUERY(1,'ADM0000001','undefined','{}', '{undefined,undefined}','{}', :cursor); END;
9/28/2018 9:26:40 2: LIBQUERY with Callback: 
9/28/2018 9:26:40 2: BEGIN PKREQUESTMANAGER.CALLQUERY(2,'ADM0000001','undefined','{}', '{undefined,undefined}','{}', :cursor); END;
