5/6/2025 5:5:1 [crontab] 1: "BEGIN PKREQUESTMANAGER.CALLQUERY(1,'CRON000001','crontab','{}', '{}','{}', :cursor); END;"
5/6/2025 5:5:1 [crontab] 1: "130 Object(s) returned... [FETCH]"
5/6/2025 5:5:1 [crontab] CRON: "Cron Job DAILY_CAO_Negative_Inventory_1130AM is now scheduled using cron setup : 30 11 * * *"
5/6/2025 5:5:1 [crontab] CRON: "Cron Job DAILY_Store_Sales is now scheduled using cron setup : 5 8 * * *"
5/6/2025 5:5:1 [crontab] CRON: "Cron Job WEEKLY_Store_shrink is now scheduled using cron setup : 5 19 * * 7"
5/6/2025 5:5:1 [crontab] CRON: "Cron Job WEEKLY_EDI_invoice_WEEKLY is now scheduled using cron setup : 1 19 * * 7"
5/6/2025 5:5:1 [crontab] CRON: "Cron Job DAILY_EDI_BLANK_REF is now scheduled using cron setup : 5 7 * * *"
5/6/2025 5:5:1 [crontab] CRON: "Cron Job VIEW_REFRESH is now scheduled using cron setup : 5 11 * * *"
5/6/2025 5:5:1 [crontab] CRON: "Cron Job VIEW_REFRESH_DAILY is now scheduled using cron setup : 5 12 * * *"
5/6/2025 5:5:1 [crontab] CRON: "Cron Job DAILY_STORE_SHORTED is now scheduled using cron setup : 10 7 * * *"
5/6/2025 5:5:1 [crontab] CRON: "Cron Job DAILY_STORE_BLOCKED_RECEIPT is now scheduled using cron setup : 15 7 * * *"
5/6/2025 5:5:1 [crontab] CRON: "Cron Job DAILY_WHS_CUT is now scheduled using cron setup : 5 7 * * *"
5/6/2025 5:5:1 [crontab] CRON: "Cron Job DAILY_WHS_NEG_UBD is now scheduled using cron setup : 0 2 * * *"
5/6/2025 5:5:1 [crontab] CRON: "Cron Job DAILY_WHS_SSCC_NO_UBD is now scheduled using cron setup : */55 * * * *"
5/6/2025 5:5:1 [crontab] CRON: "Cron Job WEEKLY_STORE_NO_SALES is now scheduled using cron setup : 5 6 * * 1"
5/6/2025 5:5:1 [crontab] CRON: "Cron Job WEEKLY_STORE_NO_SALES_CAPTURE_ADMIN is now scheduled using cron setup : 5 6 * * 1"
5/6/2025 5:5:1 [crontab] CRON: "Cron Job WEEKLY_STORE_NO_SALES_ADMIN is now scheduled using cron setup : 5 7 * * 1"
5/6/2025 5:5:1 [crontab] CRON: "Cron Job EXP_WHS_INVALID_PICKING is now scheduled using cron setup : 7 9 * * *"
5/6/2025 5:5:1 [crontab] CRON: "Cron Job DAILY_FILL_RATE_CAPTURE is now scheduled using cron setup : 0 16 * * *"
5/6/2025 5:5:1 [crontab] CRON: "Cron Job DAILY_SERVICE_RATE_CAPTURE is now scheduled using cron setup : 0 16 * * *"
5/6/2025 5:5:1 [crontab] CRON: "Cron Job DAILY_WHS_BLOCKED_PO is now scheduled using cron setup : 5 10 * * *"
5/6/2025 5:5:1 [crontab] CRON: "Cron Job EXP_WHS_FAULTY_DO is now scheduled using cron setup : 5 11 * * *"
5/6/2025 5:5:1 [crontab] CRON: "Cron Job DAILY_RETAIL_NO_MULTIPLE is now scheduled using cron setup : 0 7-18 * * 1,2,3,4,5"
5/6/2025 5:5:1 [crontab] CRON: "Cron Job WHS_MISS_ROUTE is now scheduled using cron setup : 0 * * * *"
5/6/2025 5:5:1 [crontab] CRON: "Cron Job DAILY_INVALIDCOLLECTION_TIME is now scheduled using cron setup : 0 7-18 * * 1,2,3,4,5"
5/6/2025 5:5:1 [crontab] CRON: "Cron Job DAILY_WHS_LOW_INV is now scheduled using cron setup : 3 11 * * 1"
5/6/2025 5:5:1 [crontab] CRON: "Cron Job DAILY_WHS_HIGH_INV is now scheduled using cron setup : 2 11 * * 1"
5/6/2025 5:5:1 [crontab] CRON: "Cron Job DAILY_WHS_SSCC_SUSPICIOUS_UBD is now scheduled using cron setup : 10 9 * * *"
5/6/2025 5:5:1 [crontab] CRON: "Cron Job DAILY_WHS_RECEIVED_CUT_OVER is now scheduled using cron setup : 11 9 * * *"
5/6/2025 5:5:1 [crontab] CRON: "Cron Job DAILY_SALES_LOAD_CHECK is now scheduled using cron setup : 18 5-19 * * *"
5/6/2025 5:5:1 [crontab] CRON: "Cron Job DAILY_INTERDEPT_ERROR_DETECTION is now scheduled using cron setup : 1 11 * * *"
5/6/2025 5:5:1 [crontab] CRON: "Cron Job DAILY_EDI_INVALIDDEALS is now scheduled using cron setup : 40 7 * * 1,2,3,4,5"
5/6/2025 5:5:1 [crontab] CRON: "Cron Job DAILY_EDI_UNKNOWN_UPC is now scheduled using cron setup : 45 7 * * 1,2,3,4,5"
5/6/2025 5:5:1 [crontab] CRON: "Cron Job DAILY_PRODUCE_0_LEAD_TIME is now scheduled using cron setup : 5 9 * * 1-5"
5/6/2025 5:5:1 [crontab] CRON: "Cron Job DAILY_WHS_TI_DIFFERENCE is now scheduled using cron setup : 15 9 * * 1,2,3,4,5,6"
5/6/2025 5:5:1 [crontab] CRON: "Cron Job DAILY_INVOICE_FAILURE is now scheduled using cron setup : 15 11 * * 1,2,3,4,5"
5/6/2025 5:5:1 [crontab] CRON: "Cron Job DAILY_WHS_SHIPMENT_BLOCKED is now scheduled using cron setup : 45 * * * *"
5/6/2025 5:5:1 [crontab] CRON: "Cron Job DAILY_DUNHUMMBY_ITEM_EXCEPTION is now scheduled using cron setup : 19 10 * * 1-5"
5/6/2025 5:5:1 [crontab] CRON: "Cron Job DAILY_WHS_RECEIPT_OOS is now scheduled using cron setup : 30 0-23 * * *"
5/6/2025 5:5:1 [crontab] CRON: "Cron Job DAILY_FIN_SHRINK_INVOICE is now scheduled using cron setup : 30 7 * * *"
5/6/2025 5:5:1 [crontab] CRON: "Cron Job DAILY_WHS_MULTICONSIGNMENT is now scheduled using cron setup : */30 * * * *"
5/6/2025 5:5:1 [crontab] CRON: "Cron Job DAILY_WHS_SKU_WEIGHT is now scheduled using cron setup : 5 2 * * 1"
5/6/2025 5:5:1 [crontab] CRON: "Cron Job WEEKLY_WHS_DISCONTINUED is now scheduled using cron setup : 5 19 * * 1"
5/6/2025 5:5:1 [crontab] CRON: "Cron Job WEEKLY_WHS_ACTIVE_STORE_FUTURE is now scheduled using cron setup : 30 14 * * 5"
5/6/2025 5:5:1 [crontab] CRON: "Cron Job WEEKLY_WHS_RECEIVABLE is now scheduled using cron setup : 5 19 * * 1"
5/6/2025 5:5:1 [crontab] CRON: "Cron Job DAILY_WHS_HIGH_QTY is now scheduled using cron setup : 5 9 * * *"
5/6/2025 5:5:1 [crontab] CRON: "Cron Job DAILY_WHS_BLOCKED_RECEIPT is now scheduled using cron setup : */15 10-17 * * *"
5/6/2025 5:5:1 [crontab] CRON: "Cron Job EXP_PO_NOT_COLLECTED is now scheduled using cron setup : */15 * * * 1-5"
5/6/2025 5:5:1 [crontab] CRON: "Cron Job EXP_PO_NOT_COLLECTED WEEKEND is now scheduled using cron setup : */15 * * * 6,7"
5/6/2025 5:5:1 [crontab] CRON: "Cron Job WEEKLY_WHS_SMART_UBD is now scheduled using cron setup : 5 13 * * 2"
5/6/2025 5:5:1 [crontab] CRON: "Cron Job WEEKLY_WHS_PUSH_UBD is now scheduled using cron setup : 0 13 * * 3"
5/6/2025 5:5:1 [crontab] CRON: "Cron Job DAILY_ECOMMERCE_ISSUE is now scheduled using cron setup : 5 11 * * *"
5/6/2025 5:5:1 [crontab] CRON: "Cron Job DAILY_WHS_USERS_DEL is now scheduled using cron setup : 6 11 * * *"
5/6/2025 5:5:1 [crontab] CRON: "Cron Job DAILY_VESTCOM is now scheduled using cron setup : 31 8 * * *"
5/6/2025 5:5:1 [crontab] CRON: "Cron Job DAILY_STORE_INVALID_TRANSFER_PRICE is now scheduled using cron setup : 15 13 * * *"
5/6/2025 5:5:1 [crontab] CRON: "Cron Job DAILY_WHS_FILL_RATE is now scheduled using cron setup : 3 7 * * *"
5/6/2025 5:5:1 [crontab] CRON: "Cron Job DAILY_WHS_FILL_RATE_CAT is now scheduled using cron setup : 7 7 * * 2,3,4,6,7"
5/6/2025 5:5:1 [crontab] CRON: "Cron Job WHS_FILL_RAT_CAT_FREEZER_DAIRY is now scheduled using cron setup : 7 7 * * 1,5"
5/6/2025 5:5:1 [crontab] CRON: "Cron Job WHS_FILL_RAT_CAT_GROCERY is now scheduled using cron setup : 9 7 * * 1,5"
5/6/2025 5:5:1 [crontab] CRON: "Cron Job WEEKLY_WHS_SHRINK_UBD is now scheduled using cron setup : 15 7 * * 3"
5/6/2025 5:5:1 [crontab] CRON: "Cron Job DAILY_EDI_INVOICEEXISTS is now scheduled using cron setup : 0 */3 * * *"
5/6/2025 5:5:1 [crontab] CRON: "Cron Job DAILY_WHS_BLOCKED_PODO is now scheduled using cron setup : 0 */2 * * *"
5/6/2025 5:5:1 [crontab] CRON: "Cron Job DAILY_PO_NOTWAREHOUSE is now scheduled using cron setup : */19 11-17 * * *"
5/6/2025 5:5:1 [crontab] CRON: "Cron Job DAILY_PRODUCE_INVALIDUBD is now scheduled using cron setup : 10 9 * * *"
5/6/2025 5:5:1 [crontab] CRON: "Cron Job DAILY_INVALIDLABEL is now scheduled using cron setup : 25 7 * * *"
5/6/2025 5:5:1 [crontab] CRON: "Cron Job DAILY_PPG_SUBCATEGORY is now scheduled using cron setup : 50 7 * * 1-5"
5/6/2025 5:5:1 [crontab] CRON: "Cron Job DAILY_WHS_ALLOTMENTTIME is now scheduled using cron setup : */50 * * * *"
5/6/2025 5:5:1 [crontab] CRON: "Cron Job MONTHLY_LOSS_PREVENTION_HPC is now scheduled using cron setup : 8 11 1 * *"
5/6/2025 5:5:1 [crontab] CRON: "Cron Job MONTHLY_LOSS_PREVENTION_WELLNESS is now scheduled using cron setup : 10 11 1 * *"
5/6/2025 5:5:1 [crontab] CRON: "Cron Job MONTHLY_LOSS_PREVENTION is now scheduled using cron setup : 12 11 1 * *"
5/6/2025 5:5:1 [crontab] CRON: "Cron Job DAILY_COUNTING_THIRDPARTY is now scheduled using cron setup : 30 7 * * *"
5/6/2025 5:5:1 [crontab] CRON: "Cron Job EXP_PO_LOCKED is now scheduled using cron setup : */15 6-23 * * *"
5/6/2025 5:5:1 [crontab] CRON: "Cron Job WEEKLY_DEFAULT_DIMENSION is now scheduled using cron setup : 5 2 * * 1"
5/6/2025 5:5:1 [crontab] CRON: "Cron Job PO_INTERFACE_REJECTION is now scheduled using cron setup : 22 8-21 * * *"
5/6/2025 5:5:1 [crontab] CRON: "Cron Job WEEKLY_WHS_INACTIVE_STORE_ACTIVE is now scheduled using cron setup : 2 6 * * 3"
5/6/2025 5:5:1 [crontab] CRON: "Cron Job WEEKLY_WHS_DEFAULT_DIMENSION is now scheduled using cron setup : 5 2 * * 1"
5/6/2025 5:5:1 [crontab] CRON: "Cron Job DAILY_PPG_KLI is now scheduled using cron setup : 55 7 * * 1-5"
5/6/2025 5:5:1 [crontab] CRON: "Cron Job MONTHLY_LOSS_PREVENTION_WELLNESS_ATTRIBUTE is now scheduled using cron setup : 25 11 1 * *"
5/6/2025 5:5:1 [crontab] CRON: "Cron Job IT_HIGH_CPU is now scheduled using cron setup : 29 * * * *"
5/6/2025 5:5:1 [crontab] CRON: "Cron Job IT_DISK_USAGE is now scheduled using cron setup : 20 * * * *"
5/6/2025 5:5:1 [crontab] CRON: "Cron Job DAILY_PPG_ITEM_MISSING_ADS is now scheduled using cron setup : 45 7 * * 1-5"
5/6/2025 5:5:1 [crontab] CRON: "Cron Job DAILY_ITEM_WAREHOUSE_ISSUE is now scheduled using cron setup : 49 10 * * 1-5"
5/6/2025 5:5:1 [crontab] CRON: "Cron Job ONGOING_EDI_invoice_SCAN is now scheduled using cron setup : */50 3-8 * * *"
5/6/2025 5:5:1 [crontab] CRON: "Cron Job PO_SENDING_DATE is now scheduled using cron setup : 23 8-21 * * *"
5/6/2025 5:5:1 [crontab] CRON: "Cron Job DAILY_MISSING_CASE_CODE is now scheduled using cron setup : 30 10 * * 1-5"
5/6/2025 5:5:1 [crontab] CRON: "Cron Job MONTHLY_MDM_CREATED_ITEM is now scheduled using cron setup : 15 10 1 * *"
5/6/2025 5:5:1 [crontab] CRON: "Cron Job PO_ALMOST_CLEARED is now scheduled using cron setup : 25 8 * * *"
5/6/2025 5:5:1 [crontab] CRON: "Cron Job AP_WHS_ADJUSTMENT is now scheduled using cron setup : 15 8 * * *"
5/6/2025 5:5:1 [crontab] CRON: "Cron Job DAILY_EDI_INVALID_RECEIVERLOCATION is now scheduled using cron setup : 0 */10 * * *"
5/6/2025 5:5:1 [crontab] CRON: "Cron Job DAILY_AP_WHS_ADJUSTMENT is now scheduled using cron setup : 13 8 * * *"
5/6/2025 5:5:1 [crontab] CRON: "Cron Job DAILY_INV_CNT is now scheduled using cron setup : 10 7 * * *"
5/6/2025 5:5:1 [crontab] CRON: "Cron Job DAILY_WINE_BEER_INV_CNT is now scheduled using cron setup : 3 4 * * *"
5/6/2025 5:5:1 [crontab] CRON: "Cron Job WELLNESS_RECAP_BIS is now scheduled using cron setup : 45 20 * * *"
5/6/2025 5:5:1 [crontab] CRON: "Cron Job WELLNESS_STORE_MIN is now scheduled using cron setup : 2 21 * * *"
5/6/2025 5:5:1 [crontab] CRON: "Cron Job WELLNESS_LISTING is now scheduled using cron setup : 58 6 * * *"
5/6/2025 5:5:1 [crontab] CRON: "Cron Job WELLNESS_RECAP is now scheduled using cron setup : 15 21 * * *"
5/6/2025 5:5:1 [crontab] CRON: "Cron Job SUP_SCHEDULE_MISS is now scheduled using cron setup : 39 9 * * *"
5/6/2025 5:5:1 [crontab] CRON: "Cron Job ALLOTMENT_NOT_DELIVERED is now scheduled using cron setup : 40 11 * * *"
5/6/2025 5:5:1 [crontab] CRON: "Cron Job DAILY_EDI_INVOICENOTLOADED is now scheduled using cron setup : 2 */10 * * *"
5/6/2025 5:5:1 [crontab] CRON: "Cron Job DAILY_FIN_WAREHOUSE_STK is now scheduled using cron setup : 00 23 * * *"
5/6/2025 5:5:1 [crontab] CRON: "Cron Job DAILY_MDM_NO_SHELF is now scheduled using cron setup : 0 14 * * *"
5/6/2025 5:5:1 [crontab] CRON: "Cron Job DATA_MAINTENANCE is now scheduled using cron setup : 0 22 * * *"
5/6/2025 5:5:1 [crontab] CRON: "Cron Job DAILY_FIN_MFG_RVN_TYPE is now scheduled using cron setup : 25 8 * * 1,2,3,4,5"
5/6/2025 5:5:1 [crontab] CRON: "Cron Job MONTHLY_ZERO_MOVEMENT is now scheduled using cron setup : 0 4 1 * *"
5/6/2025 5:5:1 [crontab] CRON: "Cron Job DAILY_WHS_INVENTORY_ADJUSTMENT is now scheduled using cron setup : 30 2 * * *"
5/6/2025 5:5:1 [crontab] CRON: "Cron Job DAILY_WHS_MISSING_ROUTE is now scheduled using cron setup : 0 16 * * * *"
5/6/2025 5:5:1 [crontab] CRON: "Cron Job DAILY_NO_INVOICE_MXL is now scheduled using cron setup : */4 8-20 * * *"
5/6/2025 5:5:1 [crontab] CRON: "Cron Job DAILY_NO_PO_MXL is now scheduled using cron setup : */4 8-20 * * *"
5/6/2025 5:5:1 [crontab] CRON: "Cron Job DAILY_BELOW_XDAYS is now scheduled using cron setup : 30 7 * * 1,2,3,4,5"
5/6/2025 5:5:1 [crontab] CRON: "Cron Job WEEKLY_ZERO_FORECAST is now scheduled using cron setup : 31 7 * * 2"
5/6/2025 5:5:1 [crontab] CRON: "Cron Job DAILY_INVALIDDELIVERABLE is now scheduled using cron setup : 25 7 * * *"
5/6/2025 5:5:1 [crontab] CRON: "Cron Job DAILY_FILLRATE_RECEPTION is now scheduled using cron setup : 25 4 * * *"
5/6/2025 5:5:1 [crontab] CRON: "Cron Job DAILY_SECONDARY_VENDOR is now scheduled using cron setup : 15 11 * * 1"
5/6/2025 5:5:1 [crontab] CRON: "Cron Job DAILY_PO_DELIVERY_DATE is now scheduled using cron setup : 21 8 * * *"
5/6/2025 5:5:1 [crontab] CRON: "Cron Job DAILY_CAO_Negative_Inventory_0530AM is not active. Activation date on Tue Jan 12 2049 00:00:00 GMT-0500 (Eastern Standard Time)"
5/6/2025 5:5:1 [crontab] CRON: "Cron Job WEEKLY_CAO_Store_shrink is not active. Activation date on Tue Jan 12 2049 00:00:00 GMT-0500 (Eastern Standard Time)"
5/6/2025 5:5:1 [crontab] CRON: "Cron Job DAILY_BUYER_Pushout is not active. Activation date on Tue Jan 12 2049 00:00:00 GMT-0500 (Eastern Standard Time)"
5/6/2025 5:5:1 [crontab] CRON: "Cron Job DAILY_CAO_Store_Sales is not active. Activation date on Tue Jan 12 2049 00:00:00 GMT-0500 (Eastern Standard Time)"
5/6/2025 5:5:1 [crontab] CRON: "Cron Job CGO_ALERT is not active. Activation date on Tue Jan 12 2049 00:00:00 GMT-0500 (Eastern Standard Time)"
5/6/2025 5:5:1 [crontab] CRON: "Cron Job ICR_MAINTENANCE is not active. Activation date on Fri Dec 31 2049 00:00:00 GMT-0500 (Eastern Standard Time)"
5/6/2025 5:5:1 [crontab] CRON: "Cron Job DAILY_MFG_EXPIRING_UBD is not active. Activation date on Fri Dec 31 2049 00:00:00 GMT-0500 (Eastern Standard Time)"
5/6/2025 5:5:1 [crontab] CRON: "Cron Job DAILY_MFG_RECAP_ORDER is not active. Activation date on Fri Dec 31 2049 00:00:00 GMT-0500 (Eastern Standard Time)"
5/6/2025 5:5:1 [crontab] CRON: "Cron Job DAILY_ORDER_DSD is not active. Activation date on Fri Dec 31 2049 00:00:00 GMT-0500 (Eastern Standard Time)"
5/6/2025 5:5:1 [crontab] CRON: "Cron Job DAILY_ORDER_RECEIPT_DSD is not active. Activation date on Fri Dec 31 2049 00:00:00 GMT-0500 (Eastern Standard Time)"
5/6/2025 5:5:1 [crontab] CRON: "Cron Job DAILY_ORDER_RECEIPT_WHS_ALLO is not active. Activation date on Fri Dec 31 2049 00:00:00 GMT-0500 (Eastern Standard Time)"
5/6/2025 5:5:1 [crontab] CRON: "Cron Job DAILY_CAO_Order_Recap is not active. Activation date on Fri Dec 31 2049 00:00:00 GMT-0500 (Eastern Standard Time)"
5/6/2025 5:5:1 [crontab] CRON: "Cron Job WEEKLY_TAX_WHS_UBD is not active. Activation date on Fri Dec 31 2049 00:00:00 GMT-0500 (Eastern Standard Time)"
5/6/2025 5:5:1 [crontab] CRON: "Cron Job WEEKLY_NON_TAX_WHS_NOUBD is not active. Activation date on Fri Dec 31 2049 00:00:00 GMT-0500 (Eastern Standard Time)"
5/6/2025 5:5:1 [crontab] CRON: "Cron Job DAILY_PURCHASE_PRICE_XML_CHECK is not active. Activation date on Fri Dec 31 2049 00:00:00 GMT-0500 (Eastern Standard Time)"
5/6/2025 5:5:1 [crontab] CRON: "Cron Job DAILY_WHS_UBD is not active. Activation date on Fri Dec 31 2049 00:00:00 GMT-0500 (Eastern Standard Time)"
5/6/2025 5:5:1 [crontab] CRON: "Cron Job MONTHLY_SALES_REPORT is not active. Activation date on Fri Dec 31 2049 00:00:00 GMT-0500 (Eastern Standard Time)"
5/6/2025 5:5:1 [crontab] CRON: "Cron Job DAILY_WHS_EXPIRING_SSCC is not active. Activation date on Fri Dec 31 2049 00:00:00 GMT-0500 (Eastern Standard Time)"
5/6/2025 5:5:1 [crontab] 2: "BEGIN PKREQUESTMANAGER.CALLQUERY(2,'CRON000002','crontab','{}', '{}','{}', :cursor); END;"
5/6/2025 5:5:2 [crontab] 2: "[{\"SALTID\":\"IT_HIGH_CPU\",\"SALTCRON\":\"29 * * * *\",\"SALTTYPE\":2,\"SALTQUERYNUM\":null,\"SALTQUERYPARAM\":null,\"SALTJOB\":\"/home/hnpcen/bin/shell/whatsupgold/process/check_process.sh\"},{\"SALTID\":\"IT_DISK_USAGE\",\"SALTCRON\":\"20 * * * *\",\"SALTTYPE\":2,\"SALTQUERYNUM\":null,\"SALTQUERYPARAM\":null,\"SALTJOB\":\"/home/hnpcen/bin/shell/whatsupgold/diskspace/check_space.sh\"},{\"SALTID\":\"DAILY_WINE_BEER_INV_CNT\",\"SALTCRON\":\"3 4 * * *\",\"SALTTYPE\":2,\"SALTQUERYNUM\":null,\"SALTQUERYPARAM\":null,\"SALTJOB\":\"./scripts/Inventory_ThirdParty.sh\"}]"
5/6/2025 5:5:2 [crontab] 2: "3 Object(s) returned... [FETCH]"
5/6/2025 5:5:2 [crontab] CRON: "RUN : /home/hnpcen/bin/shell/whatsupgold/process/check_process.sh"
5/6/2025 5:5:2 [crontab] CRON: "RUN : /home/hnpcen/bin/shell/whatsupgold/diskspace/check_space.sh"
5/6/2025 5:5:3 [crontab] CRON: "RUN : ./scripts/Inventory_ThirdParty.sh"
5/6/2025 6:54:2 [crontab] 1: "BEGIN PKREQUESTMANAGER.CALLQUERY(1,'CRON000001','crontab','{}', '{}','{}', :cursor); END;"
5/6/2025 6:54:2 [crontab] 1: "130 Object(s) returned... [FETCH]"
5/6/2025 6:54:2 [crontab] CRON: "Cron Job DAILY_CAO_Negative_Inventory_1130AM is now scheduled using cron setup : 30 11 * * *"
5/6/2025 6:54:2 [crontab] CRON: "Cron Job DAILY_Store_Sales is now scheduled using cron setup : 5 8 * * *"
5/6/2025 6:54:2 [crontab] CRON: "Cron Job WEEKLY_Store_shrink is now scheduled using cron setup : 5 19 * * 7"
5/6/2025 6:54:2 [crontab] CRON: "Cron Job WEEKLY_EDI_invoice_WEEKLY is now scheduled using cron setup : 1 19 * * 7"
5/6/2025 6:54:2 [crontab] CRON: "Cron Job DAILY_EDI_BLANK_REF is now scheduled using cron setup : 5 7 * * *"
5/6/2025 6:54:2 [crontab] CRON: "Cron Job VIEW_REFRESH is now scheduled using cron setup : 5 11 * * *"
5/6/2025 6:54:2 [crontab] CRON: "Cron Job VIEW_REFRESH_DAILY is now scheduled using cron setup : 5 12 * * *"
5/6/2025 6:54:2 [crontab] CRON: "Cron Job DAILY_STORE_SHORTED is now scheduled using cron setup : 10 7 * * *"
5/6/2025 6:54:2 [crontab] CRON: "Cron Job DAILY_STORE_BLOCKED_RECEIPT is now scheduled using cron setup : 15 7 * * *"
5/6/2025 6:54:2 [crontab] CRON: "Cron Job DAILY_WHS_CUT is now scheduled using cron setup : 5 7 * * *"
5/6/2025 6:54:2 [crontab] CRON: "Cron Job DAILY_WHS_NEG_UBD is now scheduled using cron setup : 0 2 * * *"
5/6/2025 6:54:2 [crontab] CRON: "Cron Job DAILY_WHS_SSCC_NO_UBD is now scheduled using cron setup : */55 * * * *"
5/6/2025 6:54:2 [crontab] CRON: "Cron Job WEEKLY_STORE_NO_SALES is now scheduled using cron setup : 5 6 * * 1"
5/6/2025 6:54:2 [crontab] CRON: "Cron Job WEEKLY_STORE_NO_SALES_CAPTURE_ADMIN is now scheduled using cron setup : 5 6 * * 1"
5/6/2025 6:54:2 [crontab] CRON: "Cron Job WEEKLY_STORE_NO_SALES_ADMIN is now scheduled using cron setup : 5 7 * * 1"
5/6/2025 6:54:2 [crontab] CRON: "Cron Job EXP_WHS_INVALID_PICKING is now scheduled using cron setup : 7 9 * * *"
5/6/2025 6:54:2 [crontab] CRON: "Cron Job DAILY_FILL_RATE_CAPTURE is now scheduled using cron setup : 0 16 * * *"
5/6/2025 6:54:2 [crontab] CRON: "Cron Job DAILY_SERVICE_RATE_CAPTURE is now scheduled using cron setup : 0 16 * * *"
5/6/2025 6:54:2 [crontab] CRON: "Cron Job DAILY_WHS_BLOCKED_PO is now scheduled using cron setup : 5 10 * * *"
5/6/2025 6:54:2 [crontab] CRON: "Cron Job EXP_WHS_FAULTY_DO is now scheduled using cron setup : 5 11 * * *"
5/6/2025 6:54:2 [crontab] CRON: "Cron Job DAILY_RETAIL_NO_MULTIPLE is now scheduled using cron setup : 0 7-18 * * 1,2,3,4,5"
5/6/2025 6:54:2 [crontab] CRON: "Cron Job WHS_MISS_ROUTE is now scheduled using cron setup : 0 * * * *"
5/6/2025 6:54:2 [crontab] CRON: "Cron Job DAILY_INVALIDCOLLECTION_TIME is now scheduled using cron setup : 0 7-18 * * 1,2,3,4,5"
5/6/2025 6:54:2 [crontab] CRON: "Cron Job DAILY_WHS_LOW_INV is now scheduled using cron setup : 3 11 * * 1"
5/6/2025 6:54:2 [crontab] CRON: "Cron Job DAILY_WHS_HIGH_INV is now scheduled using cron setup : 2 11 * * 1"
5/6/2025 6:54:2 [crontab] CRON: "Cron Job DAILY_WHS_SSCC_SUSPICIOUS_UBD is now scheduled using cron setup : 10 9 * * *"
5/6/2025 6:54:2 [crontab] CRON: "Cron Job DAILY_WHS_RECEIVED_CUT_OVER is now scheduled using cron setup : 11 9 * * *"
5/6/2025 6:54:2 [crontab] CRON: "Cron Job DAILY_SALES_LOAD_CHECK is now scheduled using cron setup : 18 5-19 * * *"
5/6/2025 6:54:2 [crontab] CRON: "Cron Job DAILY_INTERDEPT_ERROR_DETECTION is now scheduled using cron setup : 1 11 * * *"
5/6/2025 6:54:2 [crontab] CRON: "Cron Job DAILY_EDI_INVALIDDEALS is now scheduled using cron setup : 40 7 * * 1,2,3,4,5"
5/6/2025 6:54:2 [crontab] CRON: "Cron Job DAILY_EDI_UNKNOWN_UPC is now scheduled using cron setup : 45 7 * * 1,2,3,4,5"
5/6/2025 6:54:2 [crontab] CRON: "Cron Job DAILY_PRODUCE_0_LEAD_TIME is now scheduled using cron setup : 5 9 * * 1-5"
5/6/2025 6:54:2 [crontab] CRON: "Cron Job DAILY_WHS_TI_DIFFERENCE is now scheduled using cron setup : 15 9 * * 1,2,3,4,5,6"
5/6/2025 6:54:2 [crontab] CRON: "Cron Job DAILY_INVOICE_FAILURE is now scheduled using cron setup : 15 11 * * 1,2,3,4,5"
5/6/2025 6:54:2 [crontab] CRON: "Cron Job DAILY_WHS_SHIPMENT_BLOCKED is now scheduled using cron setup : 45 * * * *"
5/6/2025 6:54:2 [crontab] CRON: "Cron Job DAILY_DUNHUMMBY_ITEM_EXCEPTION is now scheduled using cron setup : 19 10 * * 1-5"
5/6/2025 6:54:2 [crontab] CRON: "Cron Job DAILY_WHS_RECEIPT_OOS is now scheduled using cron setup : 30 0-23 * * *"
5/6/2025 6:54:2 [crontab] CRON: "Cron Job DAILY_FIN_SHRINK_INVOICE is now scheduled using cron setup : 30 7 * * *"
5/6/2025 6:54:2 [crontab] CRON: "Cron Job DAILY_WHS_MULTICONSIGNMENT is now scheduled using cron setup : */30 * * * *"
5/6/2025 6:54:2 [crontab] CRON: "Cron Job DAILY_WHS_SKU_WEIGHT is now scheduled using cron setup : 5 2 * * 1"
5/6/2025 6:54:2 [crontab] CRON: "Cron Job WEEKLY_WHS_DISCONTINUED is now scheduled using cron setup : 5 19 * * 1"
5/6/2025 6:54:2 [crontab] CRON: "Cron Job WEEKLY_WHS_ACTIVE_STORE_FUTURE is now scheduled using cron setup : 30 14 * * 5"
5/6/2025 6:54:2 [crontab] CRON: "Cron Job WEEKLY_WHS_RECEIVABLE is now scheduled using cron setup : 5 19 * * 1"
5/6/2025 6:54:2 [crontab] CRON: "Cron Job DAILY_WHS_HIGH_QTY is now scheduled using cron setup : 5 9 * * *"
5/6/2025 6:54:2 [crontab] CRON: "Cron Job DAILY_WHS_BLOCKED_RECEIPT is now scheduled using cron setup : */15 10-17 * * *"
5/6/2025 6:54:2 [crontab] CRON: "Cron Job EXP_PO_NOT_COLLECTED is now scheduled using cron setup : */15 * * * 1-5"
5/6/2025 6:54:2 [crontab] CRON: "Cron Job EXP_PO_NOT_COLLECTED WEEKEND is now scheduled using cron setup : */15 * * * 6,7"
5/6/2025 6:54:2 [crontab] CRON: "Cron Job WEEKLY_WHS_SMART_UBD is now scheduled using cron setup : 5 13 * * 2"
5/6/2025 6:54:2 [crontab] CRON: "Cron Job WEEKLY_WHS_PUSH_UBD is now scheduled using cron setup : 0 13 * * 3"
5/6/2025 6:54:2 [crontab] CRON: "Cron Job DAILY_ECOMMERCE_ISSUE is now scheduled using cron setup : 5 11 * * *"
5/6/2025 6:54:2 [crontab] CRON: "Cron Job DAILY_WHS_USERS_DEL is now scheduled using cron setup : 6 11 * * *"
5/6/2025 6:54:2 [crontab] CRON: "Cron Job DAILY_VESTCOM is now scheduled using cron setup : 31 8 * * *"
5/6/2025 6:54:2 [crontab] CRON: "Cron Job DAILY_STORE_INVALID_TRANSFER_PRICE is now scheduled using cron setup : 15 13 * * *"
5/6/2025 6:54:2 [crontab] CRON: "Cron Job DAILY_WHS_FILL_RATE is now scheduled using cron setup : 3 7 * * *"
5/6/2025 6:54:2 [crontab] CRON: "Cron Job DAILY_WHS_FILL_RATE_CAT is now scheduled using cron setup : 7 7 * * 2,3,4,6,7"
5/6/2025 6:54:2 [crontab] CRON: "Cron Job WHS_FILL_RAT_CAT_FREEZER_DAIRY is now scheduled using cron setup : 7 7 * * 1,5"
5/6/2025 6:54:2 [crontab] CRON: "Cron Job WHS_FILL_RAT_CAT_GROCERY is now scheduled using cron setup : 9 7 * * 1,5"
5/6/2025 6:54:2 [crontab] CRON: "Cron Job WEEKLY_WHS_SHRINK_UBD is now scheduled using cron setup : 15 7 * * 3"
5/6/2025 6:54:2 [crontab] CRON: "Cron Job DAILY_EDI_INVOICEEXISTS is now scheduled using cron setup : 0 */3 * * *"
5/6/2025 6:54:2 [crontab] CRON: "Cron Job DAILY_WHS_BLOCKED_PODO is now scheduled using cron setup : 0 */2 * * *"
5/6/2025 6:54:2 [crontab] CRON: "Cron Job DAILY_PO_NOTWAREHOUSE is now scheduled using cron setup : */19 11-17 * * *"
5/6/2025 6:54:2 [crontab] CRON: "Cron Job DAILY_PRODUCE_INVALIDUBD is now scheduled using cron setup : 10 9 * * *"
5/6/2025 6:54:2 [crontab] CRON: "Cron Job DAILY_INVALIDLABEL is now scheduled using cron setup : 25 7 * * *"
5/6/2025 6:54:2 [crontab] CRON: "Cron Job DAILY_PPG_SUBCATEGORY is now scheduled using cron setup : 50 7 * * 1-5"
5/6/2025 6:54:2 [crontab] CRON: "Cron Job DAILY_WHS_ALLOTMENTTIME is now scheduled using cron setup : */50 * * * *"
5/6/2025 6:54:2 [crontab] CRON: "Cron Job MONTHLY_LOSS_PREVENTION_HPC is now scheduled using cron setup : 8 11 1 * *"
5/6/2025 6:54:2 [crontab] CRON: "Cron Job MONTHLY_LOSS_PREVENTION_WELLNESS is now scheduled using cron setup : 10 11 1 * *"
5/6/2025 6:54:2 [crontab] CRON: "Cron Job MONTHLY_LOSS_PREVENTION is now scheduled using cron setup : 12 11 1 * *"
5/6/2025 6:54:2 [crontab] CRON: "Cron Job DAILY_COUNTING_THIRDPARTY is now scheduled using cron setup : 30 7 * * *"
5/6/2025 6:54:2 [crontab] CRON: "Cron Job EXP_PO_LOCKED is now scheduled using cron setup : */15 6-23 * * *"
5/6/2025 6:54:2 [crontab] CRON: "Cron Job WEEKLY_DEFAULT_DIMENSION is now scheduled using cron setup : 5 2 * * 1"
5/6/2025 6:54:2 [crontab] CRON: "Cron Job PO_INTERFACE_REJECTION is now scheduled using cron setup : 22 8-21 * * *"
5/6/2025 6:54:2 [crontab] CRON: "Cron Job WEEKLY_WHS_INACTIVE_STORE_ACTIVE is now scheduled using cron setup : 2 6 * * 3"
5/6/2025 6:54:2 [crontab] CRON: "Cron Job WEEKLY_WHS_DEFAULT_DIMENSION is now scheduled using cron setup : 5 2 * * 1"
5/6/2025 6:54:2 [crontab] CRON: "Cron Job DAILY_PPG_KLI is now scheduled using cron setup : 55 7 * * 1-5"
5/6/2025 6:54:2 [crontab] CRON: "Cron Job MONTHLY_LOSS_PREVENTION_WELLNESS_ATTRIBUTE is now scheduled using cron setup : 25 11 1 * *"
5/6/2025 6:54:2 [crontab] CRON: "Cron Job IT_HIGH_CPU is now scheduled using cron setup : 29 * * * *"
5/6/2025 6:54:2 [crontab] CRON: "Cron Job IT_DISK_USAGE is now scheduled using cron setup : 20 * * * *"
5/6/2025 6:54:2 [crontab] CRON: "Cron Job DAILY_PPG_ITEM_MISSING_ADS is now scheduled using cron setup : 45 7 * * 1-5"
5/6/2025 6:54:2 [crontab] CRON: "Cron Job DAILY_ITEM_WAREHOUSE_ISSUE is now scheduled using cron setup : 49 10 * * 1-5"
5/6/2025 6:54:2 [crontab] CRON: "Cron Job ONGOING_EDI_invoice_SCAN is now scheduled using cron setup : */50 3-8 * * *"
5/6/2025 6:54:2 [crontab] CRON: "Cron Job PO_SENDING_DATE is now scheduled using cron setup : 23 8-21 * * *"
5/6/2025 6:54:2 [crontab] CRON: "Cron Job DAILY_MISSING_CASE_CODE is now scheduled using cron setup : 30 10 * * 1-5"
5/6/2025 6:54:2 [crontab] CRON: "Cron Job MONTHLY_MDM_CREATED_ITEM is now scheduled using cron setup : 15 10 1 * *"
5/6/2025 6:54:2 [crontab] CRON: "Cron Job PO_ALMOST_CLEARED is now scheduled using cron setup : 25 8 * * *"
5/6/2025 6:54:2 [crontab] CRON: "Cron Job AP_WHS_ADJUSTMENT is now scheduled using cron setup : 15 8 * * *"
5/6/2025 6:54:2 [crontab] CRON: "Cron Job DAILY_EDI_INVALID_RECEIVERLOCATION is now scheduled using cron setup : 0 */10 * * *"
5/6/2025 6:54:2 [crontab] CRON: "Cron Job DAILY_AP_WHS_ADJUSTMENT is now scheduled using cron setup : 13 8 * * *"
5/6/2025 6:54:2 [crontab] CRON: "Cron Job DAILY_INV_CNT is now scheduled using cron setup : 10 7 * * *"
5/6/2025 6:54:2 [crontab] CRON: "Cron Job DAILY_WINE_BEER_INV_CNT is now scheduled using cron setup : 3 4 * * *"
5/6/2025 6:54:2 [crontab] CRON: "Cron Job WELLNESS_RECAP_BIS is now scheduled using cron setup : 45 20 * * *"
5/6/2025 6:54:2 [crontab] CRON: "Cron Job WELLNESS_STORE_MIN is now scheduled using cron setup : 2 21 * * *"
5/6/2025 6:54:2 [crontab] CRON: "Cron Job WELLNESS_LISTING is now scheduled using cron setup : 58 6 * * *"
5/6/2025 6:54:2 [crontab] CRON: "Cron Job WELLNESS_RECAP is now scheduled using cron setup : 15 21 * * *"
5/6/2025 6:54:2 [crontab] CRON: "Cron Job SUP_SCHEDULE_MISS is now scheduled using cron setup : 39 9 * * *"
5/6/2025 6:54:2 [crontab] CRON: "Cron Job ALLOTMENT_NOT_DELIVERED is now scheduled using cron setup : 40 11 * * *"
5/6/2025 6:54:2 [crontab] CRON: "Cron Job DAILY_EDI_INVOICENOTLOADED is now scheduled using cron setup : 2 */10 * * *"
5/6/2025 6:54:2 [crontab] CRON: "Cron Job DAILY_FIN_WAREHOUSE_STK is now scheduled using cron setup : 00 23 * * *"
5/6/2025 6:54:2 [crontab] CRON: "Cron Job DAILY_MDM_NO_SHELF is now scheduled using cron setup : 0 14 * * *"
5/6/2025 6:54:2 [crontab] CRON: "Cron Job DATA_MAINTENANCE is now scheduled using cron setup : 0 22 * * *"
5/6/2025 6:54:2 [crontab] CRON: "Cron Job DAILY_FIN_MFG_RVN_TYPE is now scheduled using cron setup : 25 8 * * 1,2,3,4,5"
5/6/2025 6:54:2 [crontab] CRON: "Cron Job MONTHLY_ZERO_MOVEMENT is now scheduled using cron setup : 0 4 1 * *"
5/6/2025 6:54:2 [crontab] CRON: "Cron Job DAILY_WHS_INVENTORY_ADJUSTMENT is now scheduled using cron setup : 30 2 * * *"
5/6/2025 6:54:2 [crontab] CRON: "Cron Job DAILY_WHS_MISSING_ROUTE is now scheduled using cron setup : 0 16 * * * *"
5/6/2025 6:54:2 [crontab] CRON: "Cron Job DAILY_NO_INVOICE_MXL is now scheduled using cron setup : */4 8-20 * * *"
5/6/2025 6:54:2 [crontab] CRON: "Cron Job DAILY_NO_PO_MXL is now scheduled using cron setup : */4 8-20 * * *"
5/6/2025 6:54:2 [crontab] CRON: "Cron Job DAILY_BELOW_XDAYS is now scheduled using cron setup : 30 7 * * 1,2,3,4,5"
5/6/2025 6:54:2 [crontab] CRON: "Cron Job WEEKLY_ZERO_FORECAST is now scheduled using cron setup : 31 7 * * 2"
5/6/2025 6:54:2 [crontab] CRON: "Cron Job DAILY_INVALIDDELIVERABLE is now scheduled using cron setup : 25 7 * * *"
5/6/2025 6:54:2 [crontab] CRON: "Cron Job DAILY_FILLRATE_RECEPTION is now scheduled using cron setup : 25 4 * * *"
5/6/2025 6:54:2 [crontab] CRON: "Cron Job DAILY_SECONDARY_VENDOR is now scheduled using cron setup : 15 11 * * 1"
5/6/2025 6:54:2 [crontab] CRON: "Cron Job DAILY_PO_DELIVERY_DATE is now scheduled using cron setup : 21 8 * * *"
5/6/2025 6:54:2 [crontab] CRON: "Cron Job DAILY_CAO_Negative_Inventory_0530AM is not active. Activation date on Tue Jan 12 2049 00:00:00 GMT-0500 (Eastern Standard Time)"
5/6/2025 6:54:2 [crontab] CRON: "Cron Job WEEKLY_CAO_Store_shrink is not active. Activation date on Tue Jan 12 2049 00:00:00 GMT-0500 (Eastern Standard Time)"
5/6/2025 6:54:2 [crontab] CRON: "Cron Job DAILY_BUYER_Pushout is not active. Activation date on Tue Jan 12 2049 00:00:00 GMT-0500 (Eastern Standard Time)"
5/6/2025 6:54:2 [crontab] CRON: "Cron Job DAILY_CAO_Store_Sales is not active. Activation date on Tue Jan 12 2049 00:00:00 GMT-0500 (Eastern Standard Time)"
5/6/2025 6:54:2 [crontab] CRON: "Cron Job CGO_ALERT is not active. Activation date on Tue Jan 12 2049 00:00:00 GMT-0500 (Eastern Standard Time)"
5/6/2025 6:54:2 [crontab] CRON: "Cron Job ICR_MAINTENANCE is not active. Activation date on Fri Dec 31 2049 00:00:00 GMT-0500 (Eastern Standard Time)"
5/6/2025 6:54:2 [crontab] CRON: "Cron Job DAILY_MFG_EXPIRING_UBD is not active. Activation date on Fri Dec 31 2049 00:00:00 GMT-0500 (Eastern Standard Time)"
5/6/2025 6:54:2 [crontab] CRON: "Cron Job DAILY_MFG_RECAP_ORDER is not active. Activation date on Fri Dec 31 2049 00:00:00 GMT-0500 (Eastern Standard Time)"
5/6/2025 6:54:2 [crontab] CRON: "Cron Job DAILY_ORDER_DSD is not active. Activation date on Fri Dec 31 2049 00:00:00 GMT-0500 (Eastern Standard Time)"
5/6/2025 6:54:2 [crontab] CRON: "Cron Job DAILY_ORDER_RECEIPT_DSD is not active. Activation date on Fri Dec 31 2049 00:00:00 GMT-0500 (Eastern Standard Time)"
5/6/2025 6:54:2 [crontab] CRON: "Cron Job DAILY_ORDER_RECEIPT_WHS_ALLO is not active. Activation date on Fri Dec 31 2049 00:00:00 GMT-0500 (Eastern Standard Time)"
5/6/2025 6:54:2 [crontab] CRON: "Cron Job DAILY_CAO_Order_Recap is not active. Activation date on Fri Dec 31 2049 00:00:00 GMT-0500 (Eastern Standard Time)"
5/6/2025 6:54:2 [crontab] CRON: "Cron Job WEEKLY_TAX_WHS_UBD is not active. Activation date on Fri Dec 31 2049 00:00:00 GMT-0500 (Eastern Standard Time)"
5/6/2025 6:54:2 [crontab] CRON: "Cron Job WEEKLY_NON_TAX_WHS_NOUBD is not active. Activation date on Fri Dec 31 2049 00:00:00 GMT-0500 (Eastern Standard Time)"
5/6/2025 6:54:2 [crontab] CRON: "Cron Job DAILY_PURCHASE_PRICE_XML_CHECK is not active. Activation date on Fri Dec 31 2049 00:00:00 GMT-0500 (Eastern Standard Time)"
5/6/2025 6:54:2 [crontab] CRON: "Cron Job DAILY_WHS_UBD is not active. Activation date on Fri Dec 31 2049 00:00:00 GMT-0500 (Eastern Standard Time)"
5/6/2025 6:54:2 [crontab] CRON: "Cron Job MONTHLY_SALES_REPORT is not active. Activation date on Fri Dec 31 2049 00:00:00 GMT-0500 (Eastern Standard Time)"
5/6/2025 6:54:2 [crontab] CRON: "Cron Job DAILY_WHS_EXPIRING_SSCC is not active. Activation date on Fri Dec 31 2049 00:00:00 GMT-0500 (Eastern Standard Time)"
5/6/2025 6:54:2 [crontab] 2: "BEGIN PKREQUESTMANAGER.CALLQUERY(2,'CRON000002','crontab','{}', '{}','{}', :cursor); END;"
5/6/2025 6:54:4 [crontab] 2: "[{\"SALTID\":\"IT_HIGH_CPU\",\"SALTCRON\":\"29 * * * *\",\"SALTTYPE\":2,\"SALTQUERYNUM\":null,\"SALTQUERYPARAM\":null,\"SALTJOB\":\"/home/hnpcen/bin/shell/whatsupgold/process/check_process.sh\"},{\"SALTID\":\"IT_DISK_USAGE\",\"SALTCRON\":\"20 * * * *\",\"SALTTYPE\":2,\"SALTQUERYNUM\":null,\"SALTQUERYPARAM\":null,\"SALTJOB\":\"/home/hnpcen/bin/shell/whatsupgold/diskspace/check_space.sh\"},{\"SALTID\":\"DAILY_WINE_BEER_INV_CNT\",\"SALTCRON\":\"3 4 * * *\",\"SALTTYPE\":2,\"SALTQUERYNUM\":null,\"SALTQUERYPARAM\":null,\"SALTJOB\":\"./scripts/Inventory_ThirdParty.sh\"}]"
5/6/2025 6:54:4 [crontab] 2: "3 Object(s) returned... [FETCH]"
5/6/2025 6:54:4 [crontab] CRON: "RUN : /home/hnpcen/bin/shell/whatsupgold/process/check_process.sh"
5/6/2025 6:54:4 [crontab] CRON: "RUN : /home/hnpcen/bin/shell/whatsupgold/diskspace/check_space.sh"
5/6/2025 6:54:4 [crontab] CRON: "RUN : ./scripts/Inventory_ThirdParty.sh"
5/6/2025 8:15:0 [crontab] CRON: "ERROR - Cron Job AP_WHS_ADJUSTMENT 15 8 * * * Error: spawn ./scripts/AP_WHS_ADJUSTMENT ENOENT"
5/6/2025 11:5:18 [crontab] CRON: "ERROR - Cron Job VIEW_REFRESH 5 11 * * * Error: Exit with error code: 1"
5/6/2025 11:40:0 [crontab] CRON: "ERROR - Cron Job ALLOTMENT_NOT_DELIVERED 40 11 * * * Error: spawn ./scriptsALLOTMENT_NOT_DELIVERED.sh ENOENT"
5/6/2025 12:58:2 [crontab] 1: "BEGIN PKREQUESTMANAGER.CALLQUERY(1,'CRON000001','crontab','{}', '{}','{}', :cursor); END;"
5/6/2025 12:58:2 [crontab] 1: "130 Object(s) returned... [FETCH]"
5/6/2025 12:58:2 [crontab] CRON: "Cron Job DAILY_CAO_Negative_Inventory_1130AM is now scheduled using cron setup : 30 11 * * *"
5/6/2025 12:58:2 [crontab] CRON: "Cron Job DAILY_Store_Sales is now scheduled using cron setup : 5 8 * * *"
5/6/2025 12:58:2 [crontab] CRON: "Cron Job WEEKLY_Store_shrink is now scheduled using cron setup : 5 19 * * 7"
5/6/2025 12:58:2 [crontab] CRON: "Cron Job WEEKLY_EDI_invoice_WEEKLY is now scheduled using cron setup : 1 19 * * 7"
5/6/2025 12:58:2 [crontab] CRON: "Cron Job DAILY_EDI_BLANK_REF is now scheduled using cron setup : 5 7 * * *"
5/6/2025 12:58:2 [crontab] CRON: "Cron Job VIEW_REFRESH is now scheduled using cron setup : 5 11 * * *"
5/6/2025 12:58:2 [crontab] CRON: "Cron Job VIEW_REFRESH_DAILY is now scheduled using cron setup : 5 12 * * *"
5/6/2025 12:58:2 [crontab] CRON: "Cron Job DAILY_STORE_SHORTED is now scheduled using cron setup : 10 7 * * *"
5/6/2025 12:58:2 [crontab] CRON: "Cron Job DAILY_STORE_BLOCKED_RECEIPT is now scheduled using cron setup : 15 7 * * *"
5/6/2025 12:58:2 [crontab] CRON: "Cron Job DAILY_WHS_CUT is now scheduled using cron setup : 5 7 * * *"
5/6/2025 12:58:2 [crontab] CRON: "Cron Job DAILY_WHS_NEG_UBD is now scheduled using cron setup : 0 2 * * *"
5/6/2025 12:58:2 [crontab] CRON: "Cron Job DAILY_WHS_SSCC_NO_UBD is now scheduled using cron setup : */55 * * * *"
5/6/2025 12:58:2 [crontab] CRON: "Cron Job WEEKLY_STORE_NO_SALES is now scheduled using cron setup : 5 6 * * 1"
5/6/2025 12:58:2 [crontab] CRON: "Cron Job WEEKLY_STORE_NO_SALES_CAPTURE_ADMIN is now scheduled using cron setup : 5 6 * * 1"
5/6/2025 12:58:2 [crontab] CRON: "Cron Job WEEKLY_STORE_NO_SALES_ADMIN is now scheduled using cron setup : 5 7 * * 1"
5/6/2025 12:58:2 [crontab] CRON: "Cron Job EXP_WHS_INVALID_PICKING is now scheduled using cron setup : 7 9 * * *"
5/6/2025 12:58:2 [crontab] CRON: "Cron Job DAILY_FILL_RATE_CAPTURE is now scheduled using cron setup : 0 16 * * *"
5/6/2025 12:58:2 [crontab] CRON: "Cron Job DAILY_SERVICE_RATE_CAPTURE is now scheduled using cron setup : 0 16 * * *"
5/6/2025 12:58:2 [crontab] CRON: "Cron Job DAILY_WHS_BLOCKED_PO is now scheduled using cron setup : 5 10 * * *"
5/6/2025 12:58:2 [crontab] CRON: "Cron Job EXP_WHS_FAULTY_DO is now scheduled using cron setup : 5 11 * * *"
5/6/2025 12:58:2 [crontab] CRON: "Cron Job DAILY_RETAIL_NO_MULTIPLE is now scheduled using cron setup : 0 7-18 * * 1,2,3,4,5"
5/6/2025 12:58:2 [crontab] CRON: "Cron Job WHS_MISS_ROUTE is now scheduled using cron setup : 0 * * * *"
5/6/2025 12:58:2 [crontab] CRON: "Cron Job DAILY_INVALIDCOLLECTION_TIME is now scheduled using cron setup : 0 7-18 * * 1,2,3,4,5"
5/6/2025 12:58:2 [crontab] CRON: "Cron Job DAILY_WHS_LOW_INV is now scheduled using cron setup : 3 11 * * 1"
5/6/2025 12:58:2 [crontab] CRON: "Cron Job DAILY_WHS_HIGH_INV is now scheduled using cron setup : 2 11 * * 1"
5/6/2025 12:58:2 [crontab] CRON: "Cron Job DAILY_WHS_SSCC_SUSPICIOUS_UBD is now scheduled using cron setup : 10 9 * * *"
5/6/2025 12:58:2 [crontab] CRON: "Cron Job DAILY_WHS_RECEIVED_CUT_OVER is now scheduled using cron setup : 11 9 * * *"
5/6/2025 12:58:2 [crontab] CRON: "Cron Job DAILY_SALES_LOAD_CHECK is now scheduled using cron setup : 18 5-19 * * *"
5/6/2025 12:58:2 [crontab] CRON: "Cron Job DAILY_INTERDEPT_ERROR_DETECTION is now scheduled using cron setup : 1 11 * * *"
5/6/2025 12:58:2 [crontab] CRON: "Cron Job DAILY_EDI_INVALIDDEALS is now scheduled using cron setup : 40 7 * * 1,2,3,4,5"
5/6/2025 12:58:2 [crontab] CRON: "Cron Job DAILY_EDI_UNKNOWN_UPC is now scheduled using cron setup : 45 7 * * 1,2,3,4,5"
5/6/2025 12:58:2 [crontab] CRON: "Cron Job DAILY_PRODUCE_0_LEAD_TIME is now scheduled using cron setup : 5 9 * * 1-5"
5/6/2025 12:58:2 [crontab] CRON: "Cron Job DAILY_WHS_TI_DIFFERENCE is now scheduled using cron setup : 15 9 * * 1,2,3,4,5,6"
5/6/2025 12:58:2 [crontab] CRON: "Cron Job DAILY_INVOICE_FAILURE is now scheduled using cron setup : 15 11 * * 1,2,3,4,5"
5/6/2025 12:58:2 [crontab] CRON: "Cron Job DAILY_WHS_SHIPMENT_BLOCKED is now scheduled using cron setup : 45 * * * *"
5/6/2025 12:58:2 [crontab] CRON: "Cron Job DAILY_DUNHUMMBY_ITEM_EXCEPTION is now scheduled using cron setup : 19 10 * * 1-5"
5/6/2025 12:58:2 [crontab] CRON: "Cron Job DAILY_WHS_RECEIPT_OOS is now scheduled using cron setup : 30 0-23 * * *"
5/6/2025 12:58:2 [crontab] CRON: "Cron Job DAILY_FIN_SHRINK_INVOICE is now scheduled using cron setup : 30 7 * * *"
5/6/2025 12:58:2 [crontab] CRON: "Cron Job DAILY_WHS_MULTICONSIGNMENT is now scheduled using cron setup : */30 * * * *"
5/6/2025 12:58:2 [crontab] CRON: "Cron Job DAILY_WHS_SKU_WEIGHT is now scheduled using cron setup : 5 2 * * 1"
5/6/2025 12:58:2 [crontab] CRON: "Cron Job WEEKLY_WHS_DISCONTINUED is now scheduled using cron setup : 5 19 * * 1"
5/6/2025 12:58:2 [crontab] CRON: "Cron Job WEEKLY_WHS_ACTIVE_STORE_FUTURE is now scheduled using cron setup : 30 14 * * 5"
5/6/2025 12:58:2 [crontab] CRON: "Cron Job WEEKLY_WHS_RECEIVABLE is now scheduled using cron setup : 5 19 * * 1"
5/6/2025 12:58:2 [crontab] CRON: "Cron Job DAILY_WHS_HIGH_QTY is now scheduled using cron setup : 5 9 * * *"
5/6/2025 12:58:2 [crontab] CRON: "Cron Job DAILY_WHS_BLOCKED_RECEIPT is now scheduled using cron setup : */15 10-17 * * *"
5/6/2025 12:58:2 [crontab] CRON: "Cron Job EXP_PO_NOT_COLLECTED is now scheduled using cron setup : */15 * * * 1-5"
5/6/2025 12:58:2 [crontab] CRON: "Cron Job EXP_PO_NOT_COLLECTED WEEKEND is now scheduled using cron setup : */15 * * * 6,7"
5/6/2025 12:58:2 [crontab] CRON: "Cron Job WEEKLY_WHS_SMART_UBD is now scheduled using cron setup : 5 13 * * 2"
5/6/2025 12:58:2 [crontab] CRON: "Cron Job WEEKLY_WHS_PUSH_UBD is now scheduled using cron setup : 0 13 * * 3"
5/6/2025 12:58:2 [crontab] CRON: "Cron Job DAILY_ECOMMERCE_ISSUE is now scheduled using cron setup : 5 11 * * *"
5/6/2025 12:58:2 [crontab] CRON: "Cron Job DAILY_WHS_USERS_DEL is now scheduled using cron setup : 6 11 * * *"
5/6/2025 12:58:2 [crontab] CRON: "Cron Job DAILY_VESTCOM is now scheduled using cron setup : 31 8 * * *"
5/6/2025 12:58:2 [crontab] CRON: "Cron Job DAILY_STORE_INVALID_TRANSFER_PRICE is now scheduled using cron setup : 15 13 * * *"
5/6/2025 12:58:2 [crontab] CRON: "Cron Job DAILY_WHS_FILL_RATE is now scheduled using cron setup : 3 7 * * *"
5/6/2025 12:58:2 [crontab] CRON: "Cron Job DAILY_WHS_FILL_RATE_CAT is now scheduled using cron setup : 7 7 * * 2,3,4,6,7"
5/6/2025 12:58:2 [crontab] CRON: "Cron Job WHS_FILL_RAT_CAT_FREEZER_DAIRY is now scheduled using cron setup : 7 7 * * 1,5"
5/6/2025 12:58:2 [crontab] CRON: "Cron Job WHS_FILL_RAT_CAT_GROCERY is now scheduled using cron setup : 9 7 * * 1,5"
5/6/2025 12:58:2 [crontab] CRON: "Cron Job WEEKLY_WHS_SHRINK_UBD is now scheduled using cron setup : 15 7 * * 3"
5/6/2025 12:58:2 [crontab] CRON: "Cron Job DAILY_EDI_INVOICEEXISTS is now scheduled using cron setup : 0 */3 * * *"
5/6/2025 12:58:2 [crontab] CRON: "Cron Job DAILY_WHS_BLOCKED_PODO is now scheduled using cron setup : 0 */2 * * *"
5/6/2025 12:58:2 [crontab] CRON: "Cron Job DAILY_PO_NOTWAREHOUSE is now scheduled using cron setup : */19 11-17 * * *"
5/6/2025 12:58:2 [crontab] CRON: "Cron Job DAILY_PRODUCE_INVALIDUBD is now scheduled using cron setup : 10 9 * * *"
5/6/2025 12:58:2 [crontab] CRON: "Cron Job DAILY_INVALIDLABEL is now scheduled using cron setup : 25 7 * * *"
5/6/2025 12:58:2 [crontab] CRON: "Cron Job DAILY_PPG_SUBCATEGORY is now scheduled using cron setup : 50 7 * * 1-5"
5/6/2025 12:58:2 [crontab] CRON: "Cron Job DAILY_WHS_ALLOTMENTTIME is now scheduled using cron setup : */50 * * * *"
5/6/2025 12:58:2 [crontab] CRON: "Cron Job MONTHLY_LOSS_PREVENTION_HPC is now scheduled using cron setup : 8 11 1 * *"
5/6/2025 12:58:2 [crontab] CRON: "Cron Job MONTHLY_LOSS_PREVENTION_WELLNESS is now scheduled using cron setup : 10 11 1 * *"
5/6/2025 12:58:2 [crontab] CRON: "Cron Job MONTHLY_LOSS_PREVENTION is now scheduled using cron setup : 12 11 1 * *"
5/6/2025 12:58:2 [crontab] CRON: "Cron Job DAILY_COUNTING_THIRDPARTY is now scheduled using cron setup : 30 7 * * *"
5/6/2025 12:58:2 [crontab] CRON: "Cron Job EXP_PO_LOCKED is now scheduled using cron setup : */15 6-23 * * *"
5/6/2025 12:58:2 [crontab] CRON: "Cron Job WEEKLY_DEFAULT_DIMENSION is now scheduled using cron setup : 5 2 * * 1"
5/6/2025 12:58:2 [crontab] CRON: "Cron Job PO_INTERFACE_REJECTION is now scheduled using cron setup : 22 8-21 * * *"
5/6/2025 12:58:2 [crontab] CRON: "Cron Job WEEKLY_WHS_INACTIVE_STORE_ACTIVE is now scheduled using cron setup : 2 6 * * 3"
5/6/2025 12:58:2 [crontab] CRON: "Cron Job WEEKLY_WHS_DEFAULT_DIMENSION is now scheduled using cron setup : 5 2 * * 1"
5/6/2025 12:58:2 [crontab] CRON: "Cron Job DAILY_PPG_KLI is now scheduled using cron setup : 55 7 * * 1-5"
5/6/2025 12:58:2 [crontab] CRON: "Cron Job MONTHLY_LOSS_PREVENTION_WELLNESS_ATTRIBUTE is now scheduled using cron setup : 25 11 1 * *"
5/6/2025 12:58:2 [crontab] CRON: "Cron Job IT_HIGH_CPU is now scheduled using cron setup : 29 * * * *"
5/6/2025 12:58:2 [crontab] CRON: "Cron Job IT_DISK_USAGE is now scheduled using cron setup : 20 * * * *"
5/6/2025 12:58:2 [crontab] CRON: "Cron Job DAILY_PPG_ITEM_MISSING_ADS is now scheduled using cron setup : 45 7 * * 1-5"
5/6/2025 12:58:2 [crontab] CRON: "Cron Job DAILY_ITEM_WAREHOUSE_ISSUE is now scheduled using cron setup : 49 10 * * 1-5"
5/6/2025 12:58:2 [crontab] CRON: "Cron Job ONGOING_EDI_invoice_SCAN is now scheduled using cron setup : */50 3-8 * * *"
5/6/2025 12:58:2 [crontab] CRON: "Cron Job PO_SENDING_DATE is now scheduled using cron setup : 23 8-21 * * *"
5/6/2025 12:58:2 [crontab] CRON: "Cron Job DAILY_MISSING_CASE_CODE is now scheduled using cron setup : 30 10 * * 1-5"
5/6/2025 12:58:2 [crontab] CRON: "Cron Job MONTHLY_MDM_CREATED_ITEM is now scheduled using cron setup : 15 10 1 * *"
5/6/2025 12:58:2 [crontab] CRON: "Cron Job PO_ALMOST_CLEARED is now scheduled using cron setup : 25 8 * * *"
5/6/2025 12:58:2 [crontab] CRON: "Cron Job AP_WHS_ADJUSTMENT is now scheduled using cron setup : 15 8 * * *"
5/6/2025 12:58:2 [crontab] CRON: "Cron Job DAILY_EDI_INVALID_RECEIVERLOCATION is now scheduled using cron setup : 0 */10 * * *"
5/6/2025 12:58:2 [crontab] CRON: "Cron Job DAILY_AP_WHS_ADJUSTMENT is now scheduled using cron setup : 13 8 * * *"
5/6/2025 12:58:2 [crontab] CRON: "Cron Job DAILY_INV_CNT is now scheduled using cron setup : 10 7 * * *"
5/6/2025 12:58:2 [crontab] CRON: "Cron Job DAILY_WINE_BEER_INV_CNT is now scheduled using cron setup : 3 4 * * *"
5/6/2025 12:58:2 [crontab] CRON: "Cron Job WELLNESS_RECAP_BIS is now scheduled using cron setup : 45 20 * * *"
5/6/2025 12:58:2 [crontab] CRON: "Cron Job WELLNESS_STORE_MIN is now scheduled using cron setup : 2 21 * * *"
5/6/2025 12:58:2 [crontab] CRON: "Cron Job WELLNESS_LISTING is now scheduled using cron setup : 58 6 * * *"
5/6/2025 12:58:2 [crontab] CRON: "Cron Job WELLNESS_RECAP is now scheduled using cron setup : 15 21 * * *"
5/6/2025 12:58:2 [crontab] CRON: "Cron Job SUP_SCHEDULE_MISS is now scheduled using cron setup : 39 9 * * *"
5/6/2025 12:58:2 [crontab] CRON: "Cron Job ALLOTMENT_NOT_DELIVERED is now scheduled using cron setup : 40 11 * * *"
5/6/2025 12:58:2 [crontab] CRON: "Cron Job DAILY_EDI_INVOICENOTLOADED is now scheduled using cron setup : 2 */10 * * *"
5/6/2025 12:58:2 [crontab] CRON: "Cron Job DAILY_FIN_WAREHOUSE_STK is now scheduled using cron setup : 00 23 * * *"
5/6/2025 12:58:2 [crontab] CRON: "Cron Job DAILY_MDM_NO_SHELF is now scheduled using cron setup : 0 14 * * *"
5/6/2025 12:58:2 [crontab] CRON: "Cron Job DATA_MAINTENANCE is now scheduled using cron setup : 0 22 * * *"
5/6/2025 12:58:2 [crontab] CRON: "Cron Job DAILY_FIN_MFG_RVN_TYPE is now scheduled using cron setup : 25 8 * * 1,2,3,4,5"
5/6/2025 12:58:2 [crontab] CRON: "Cron Job MONTHLY_ZERO_MOVEMENT is now scheduled using cron setup : 0 4 1 * *"
5/6/2025 12:58:2 [crontab] CRON: "Cron Job DAILY_WHS_INVENTORY_ADJUSTMENT is now scheduled using cron setup : 30 2 * * *"
5/6/2025 12:58:2 [crontab] CRON: "Cron Job DAILY_WHS_MISSING_ROUTE is now scheduled using cron setup : 0 16 * * * *"
5/6/2025 12:58:2 [crontab] CRON: "Cron Job DAILY_NO_INVOICE_MXL is now scheduled using cron setup : */4 8-20 * * *"
5/6/2025 12:58:2 [crontab] CRON: "Cron Job DAILY_NO_PO_MXL is now scheduled using cron setup : */4 8-20 * * *"
5/6/2025 12:58:2 [crontab] CRON: "Cron Job DAILY_BELOW_XDAYS is now scheduled using cron setup : 30 7 * * 1,2,3,4,5"
5/6/2025 12:58:2 [crontab] CRON: "Cron Job WEEKLY_ZERO_FORECAST is now scheduled using cron setup : 31 7 * * 2"
5/6/2025 12:58:2 [crontab] CRON: "Cron Job DAILY_INVALIDDELIVERABLE is now scheduled using cron setup : 25 7 * * *"
5/6/2025 12:58:2 [crontab] CRON: "Cron Job DAILY_FILLRATE_RECEPTION is now scheduled using cron setup : 25 4 * * *"
5/6/2025 12:58:2 [crontab] CRON: "Cron Job DAILY_SECONDARY_VENDOR is now scheduled using cron setup : 15 11 * * 1"
5/6/2025 12:58:2 [crontab] CRON: "Cron Job DAILY_PO_DELIVERY_DATE is now scheduled using cron setup : 21 8 * * *"
5/6/2025 12:58:2 [crontab] CRON: "Cron Job DAILY_CAO_Negative_Inventory_0530AM is not active. Activation date on Tue Jan 12 2049 00:00:00 GMT-0500 (Eastern Standard Time)"
5/6/2025 12:58:2 [crontab] CRON: "Cron Job WEEKLY_CAO_Store_shrink is not active. Activation date on Tue Jan 12 2049 00:00:00 GMT-0500 (Eastern Standard Time)"
5/6/2025 12:58:2 [crontab] CRON: "Cron Job DAILY_BUYER_Pushout is not active. Activation date on Tue Jan 12 2049 00:00:00 GMT-0500 (Eastern Standard Time)"
5/6/2025 12:58:2 [crontab] CRON: "Cron Job DAILY_CAO_Store_Sales is not active. Activation date on Tue Jan 12 2049 00:00:00 GMT-0500 (Eastern Standard Time)"
5/6/2025 12:58:2 [crontab] CRON: "Cron Job CGO_ALERT is not active. Activation date on Tue Jan 12 2049 00:00:00 GMT-0500 (Eastern Standard Time)"
5/6/2025 12:58:2 [crontab] CRON: "Cron Job ICR_MAINTENANCE is not active. Activation date on Fri Dec 31 2049 00:00:00 GMT-0500 (Eastern Standard Time)"
5/6/2025 12:58:2 [crontab] CRON: "Cron Job DAILY_MFG_EXPIRING_UBD is not active. Activation date on Fri Dec 31 2049 00:00:00 GMT-0500 (Eastern Standard Time)"
5/6/2025 12:58:2 [crontab] CRON: "Cron Job DAILY_MFG_RECAP_ORDER is not active. Activation date on Fri Dec 31 2049 00:00:00 GMT-0500 (Eastern Standard Time)"
5/6/2025 12:58:2 [crontab] CRON: "Cron Job DAILY_ORDER_DSD is not active. Activation date on Fri Dec 31 2049 00:00:00 GMT-0500 (Eastern Standard Time)"
5/6/2025 12:58:2 [crontab] CRON: "Cron Job DAILY_ORDER_RECEIPT_DSD is not active. Activation date on Fri Dec 31 2049 00:00:00 GMT-0500 (Eastern Standard Time)"
5/6/2025 12:58:2 [crontab] CRON: "Cron Job DAILY_ORDER_RECEIPT_WHS_ALLO is not active. Activation date on Fri Dec 31 2049 00:00:00 GMT-0500 (Eastern Standard Time)"
5/6/2025 12:58:2 [crontab] CRON: "Cron Job DAILY_CAO_Order_Recap is not active. Activation date on Fri Dec 31 2049 00:00:00 GMT-0500 (Eastern Standard Time)"
5/6/2025 12:58:2 [crontab] CRON: "Cron Job WEEKLY_TAX_WHS_UBD is not active. Activation date on Fri Dec 31 2049 00:00:00 GMT-0500 (Eastern Standard Time)"
5/6/2025 12:58:2 [crontab] CRON: "Cron Job WEEKLY_NON_TAX_WHS_NOUBD is not active. Activation date on Fri Dec 31 2049 00:00:00 GMT-0500 (Eastern Standard Time)"
5/6/2025 12:58:2 [crontab] CRON: "Cron Job DAILY_PURCHASE_PRICE_XML_CHECK is not active. Activation date on Fri Dec 31 2049 00:00:00 GMT-0500 (Eastern Standard Time)"
5/6/2025 12:58:2 [crontab] CRON: "Cron Job DAILY_WHS_UBD is not active. Activation date on Fri Dec 31 2049 00:00:00 GMT-0500 (Eastern Standard Time)"
5/6/2025 12:58:2 [crontab] CRON: "Cron Job MONTHLY_SALES_REPORT is not active. Activation date on Fri Dec 31 2049 00:00:00 GMT-0500 (Eastern Standard Time)"
5/6/2025 12:58:2 [crontab] CRON: "Cron Job DAILY_WHS_EXPIRING_SSCC is not active. Activation date on Fri Dec 31 2049 00:00:00 GMT-0500 (Eastern Standard Time)"
5/6/2025 12:58:2 [crontab] 2: "BEGIN PKREQUESTMANAGER.CALLQUERY(2,'CRON000002','crontab','{}', '{}','{}', :cursor); END;"
5/6/2025 12:58:4 [crontab] 2: "[{\"SALTID\":\"IT_HIGH_CPU\",\"SALTCRON\":\"29 * * * *\",\"SALTTYPE\":2,\"SALTQUERYNUM\":null,\"SALTQUERYPARAM\":null,\"SALTJOB\":\"/home/hnpcen/bin/shell/whatsupgold/process/check_process.sh\"},{\"SALTID\":\"IT_DISK_USAGE\",\"SALTCRON\":\"20 * * * *\",\"SALTTYPE\":2,\"SALTQUERYNUM\":null,\"SALTQUERYPARAM\":null,\"SALTJOB\":\"/home/hnpcen/bin/shell/whatsupgold/diskspace/check_space.sh\"},{\"SALTID\":\"DAILY_WINE_BEER_INV_CNT\",\"SALTCRON\":\"3 4 * * *\",\"SALTTYPE\":2,\"SALTQUERYNUM\":null,\"SALTQUERYPARAM\":null,\"SALTJOB\":\"./scripts/Inventory_ThirdParty.sh\"},{\"SALTID\":\"DAILY_INV_CNT\",\"SALTCRON\":\"10 7 * * *\",\"SALTTYPE\":2,\"SALTQUERYNUM\":null,\"SALTQUERYPARAM\":null,\"SALTJOB\":\"./scripts/Inventory_vs_Counting.sh\"}]"
5/6/2025 12:58:4 [crontab] 2: "4 Object(s) returned... [FETCH]"
5/6/2025 12:58:4 [crontab] CRON: "RUN : /home/hnpcen/bin/shell/whatsupgold/process/check_process.sh"
5/6/2025 12:58:4 [crontab] CRON: "RUN : /home/hnpcen/bin/shell/whatsupgold/diskspace/check_space.sh"
5/6/2025 12:58:4 [crontab] CRON: "RUN : ./scripts/Inventory_ThirdParty.sh"
5/6/2025 12:58:4 [crontab] CRON: "RUN : ./scripts/Inventory_vs_Counting.sh"
5/6/2025 17:27:2 [crontab] 1: "BEGIN PKREQUESTMANAGER.CALLQUERY(1,'CRON000001','crontab','{}', '{}','{}', :cursor); END;"
5/6/2025 17:27:2 [crontab] 1: "130 Object(s) returned... [FETCH]"
5/6/2025 17:27:2 [crontab] CRON: "Cron Job DAILY_CAO_Negative_Inventory_1130AM is now scheduled using cron setup : 30 11 * * *"
5/6/2025 17:27:2 [crontab] CRON: "Cron Job DAILY_Store_Sales is now scheduled using cron setup : 5 8 * * *"
5/6/2025 17:27:2 [crontab] CRON: "Cron Job WEEKLY_Store_shrink is now scheduled using cron setup : 5 19 * * 7"
5/6/2025 17:27:2 [crontab] CRON: "Cron Job WEEKLY_EDI_invoice_WEEKLY is now scheduled using cron setup : 1 19 * * 7"
5/6/2025 17:27:2 [crontab] CRON: "Cron Job DAILY_EDI_BLANK_REF is now scheduled using cron setup : 5 7 * * *"
5/6/2025 17:27:2 [crontab] CRON: "Cron Job VIEW_REFRESH is now scheduled using cron setup : 5 11 * * *"
5/6/2025 17:27:2 [crontab] CRON: "Cron Job VIEW_REFRESH_DAILY is now scheduled using cron setup : 5 12 * * *"
5/6/2025 17:27:2 [crontab] CRON: "Cron Job DAILY_STORE_SHORTED is now scheduled using cron setup : 10 7 * * *"
5/6/2025 17:27:2 [crontab] CRON: "Cron Job DAILY_STORE_BLOCKED_RECEIPT is now scheduled using cron setup : 15 7 * * *"
5/6/2025 17:27:2 [crontab] CRON: "Cron Job DAILY_WHS_CUT is now scheduled using cron setup : 5 7 * * *"
5/6/2025 17:27:2 [crontab] CRON: "Cron Job DAILY_WHS_NEG_UBD is now scheduled using cron setup : 0 2 * * *"
5/6/2025 17:27:2 [crontab] CRON: "Cron Job DAILY_WHS_SSCC_NO_UBD is now scheduled using cron setup : */55 * * * *"
5/6/2025 17:27:2 [crontab] CRON: "Cron Job WEEKLY_STORE_NO_SALES is now scheduled using cron setup : 5 6 * * 1"
5/6/2025 17:27:2 [crontab] CRON: "Cron Job WEEKLY_STORE_NO_SALES_CAPTURE_ADMIN is now scheduled using cron setup : 5 6 * * 1"
5/6/2025 17:27:2 [crontab] CRON: "Cron Job WEEKLY_STORE_NO_SALES_ADMIN is now scheduled using cron setup : 5 7 * * 1"
5/6/2025 17:27:2 [crontab] CRON: "Cron Job EXP_WHS_INVALID_PICKING is now scheduled using cron setup : 7 9 * * *"
5/6/2025 17:27:2 [crontab] CRON: "Cron Job DAILY_FILL_RATE_CAPTURE is now scheduled using cron setup : 0 16 * * *"
5/6/2025 17:27:2 [crontab] CRON: "Cron Job DAILY_SERVICE_RATE_CAPTURE is now scheduled using cron setup : 0 16 * * *"
5/6/2025 17:27:2 [crontab] CRON: "Cron Job DAILY_WHS_BLOCKED_PO is now scheduled using cron setup : 5 10 * * *"
5/6/2025 17:27:2 [crontab] CRON: "Cron Job EXP_WHS_FAULTY_DO is now scheduled using cron setup : 5 11 * * *"
5/6/2025 17:27:2 [crontab] CRON: "Cron Job DAILY_RETAIL_NO_MULTIPLE is now scheduled using cron setup : 0 7-18 * * 1,2,3,4,5"
5/6/2025 17:27:2 [crontab] CRON: "Cron Job WHS_MISS_ROUTE is now scheduled using cron setup : 0 * * * *"
5/6/2025 17:27:2 [crontab] CRON: "Cron Job DAILY_INVALIDCOLLECTION_TIME is now scheduled using cron setup : 0 7-18 * * 1,2,3,4,5"
5/6/2025 17:27:2 [crontab] CRON: "Cron Job DAILY_WHS_LOW_INV is now scheduled using cron setup : 3 11 * * 1"
5/6/2025 17:27:2 [crontab] CRON: "Cron Job DAILY_WHS_HIGH_INV is now scheduled using cron setup : 2 11 * * 1"
5/6/2025 17:27:2 [crontab] CRON: "Cron Job DAILY_WHS_SSCC_SUSPICIOUS_UBD is now scheduled using cron setup : 10 9 * * *"
5/6/2025 17:27:2 [crontab] CRON: "Cron Job DAILY_WHS_RECEIVED_CUT_OVER is now scheduled using cron setup : 11 9 * * *"
5/6/2025 17:27:2 [crontab] CRON: "Cron Job DAILY_SALES_LOAD_CHECK is now scheduled using cron setup : 18 5-19 * * *"
5/6/2025 17:27:2 [crontab] CRON: "Cron Job DAILY_INTERDEPT_ERROR_DETECTION is now scheduled using cron setup : 1 11 * * *"
5/6/2025 17:27:2 [crontab] CRON: "Cron Job DAILY_EDI_INVALIDDEALS is now scheduled using cron setup : 40 7 * * 1,2,3,4,5"
5/6/2025 17:27:2 [crontab] CRON: "Cron Job DAILY_EDI_UNKNOWN_UPC is now scheduled using cron setup : 45 7 * * 1,2,3,4,5"
5/6/2025 17:27:2 [crontab] CRON: "Cron Job DAILY_PRODUCE_0_LEAD_TIME is now scheduled using cron setup : 5 9 * * 1-5"
5/6/2025 17:27:2 [crontab] CRON: "Cron Job DAILY_WHS_TI_DIFFERENCE is now scheduled using cron setup : 15 9 * * 1,2,3,4,5,6"
5/6/2025 17:27:2 [crontab] CRON: "Cron Job DAILY_INVOICE_FAILURE is now scheduled using cron setup : 15 11 * * 1,2,3,4,5"
5/6/2025 17:27:2 [crontab] CRON: "Cron Job DAILY_WHS_SHIPMENT_BLOCKED is now scheduled using cron setup : 45 * * * *"
5/6/2025 17:27:2 [crontab] CRON: "Cron Job DAILY_DUNHUMMBY_ITEM_EXCEPTION is now scheduled using cron setup : 19 10 * * 1-5"
5/6/2025 17:27:2 [crontab] CRON: "Cron Job DAILY_WHS_RECEIPT_OOS is now scheduled using cron setup : 30 0-23 * * *"
5/6/2025 17:27:2 [crontab] CRON: "Cron Job DAILY_FIN_SHRINK_INVOICE is now scheduled using cron setup : 30 7 * * *"
5/6/2025 17:27:2 [crontab] CRON: "Cron Job DAILY_WHS_MULTICONSIGNMENT is now scheduled using cron setup : */30 * * * *"
5/6/2025 17:27:2 [crontab] CRON: "Cron Job DAILY_WHS_SKU_WEIGHT is now scheduled using cron setup : 5 2 * * 1"
5/6/2025 17:27:2 [crontab] CRON: "Cron Job WEEKLY_WHS_DISCONTINUED is now scheduled using cron setup : 5 19 * * 1"
5/6/2025 17:27:2 [crontab] CRON: "Cron Job WEEKLY_WHS_ACTIVE_STORE_FUTURE is now scheduled using cron setup : 30 14 * * 5"
5/6/2025 17:27:2 [crontab] CRON: "Cron Job WEEKLY_WHS_RECEIVABLE is now scheduled using cron setup : 5 19 * * 1"
5/6/2025 17:27:2 [crontab] CRON: "Cron Job DAILY_WHS_HIGH_QTY is now scheduled using cron setup : 5 9 * * *"
5/6/2025 17:27:2 [crontab] CRON: "Cron Job DAILY_WHS_BLOCKED_RECEIPT is now scheduled using cron setup : */15 10-17 * * *"
5/6/2025 17:27:2 [crontab] CRON: "Cron Job EXP_PO_NOT_COLLECTED is now scheduled using cron setup : */15 * * * 1-5"
5/6/2025 17:27:2 [crontab] CRON: "Cron Job EXP_PO_NOT_COLLECTED WEEKEND is now scheduled using cron setup : */15 * * * 6,7"
5/6/2025 17:27:2 [crontab] CRON: "Cron Job WEEKLY_WHS_SMART_UBD is now scheduled using cron setup : 5 13 * * 2"
5/6/2025 17:27:2 [crontab] CRON: "Cron Job WEEKLY_WHS_PUSH_UBD is now scheduled using cron setup : 0 13 * * 3"
5/6/2025 17:27:2 [crontab] CRON: "Cron Job DAILY_ECOMMERCE_ISSUE is now scheduled using cron setup : 5 11 * * *"
5/6/2025 17:27:2 [crontab] CRON: "Cron Job DAILY_WHS_USERS_DEL is now scheduled using cron setup : 6 11 * * *"
5/6/2025 17:27:2 [crontab] CRON: "Cron Job DAILY_VESTCOM is now scheduled using cron setup : 31 8 * * *"
5/6/2025 17:27:2 [crontab] CRON: "Cron Job DAILY_STORE_INVALID_TRANSFER_PRICE is now scheduled using cron setup : 15 13 * * *"
5/6/2025 17:27:2 [crontab] CRON: "Cron Job DAILY_WHS_FILL_RATE is now scheduled using cron setup : 3 7 * * *"
5/6/2025 17:27:2 [crontab] CRON: "Cron Job DAILY_WHS_FILL_RATE_CAT is now scheduled using cron setup : 7 7 * * 2,3,4,6,7"
5/6/2025 17:27:2 [crontab] CRON: "Cron Job WHS_FILL_RAT_CAT_FREEZER_DAIRY is now scheduled using cron setup : 7 7 * * 1,5"
5/6/2025 17:27:2 [crontab] CRON: "Cron Job WHS_FILL_RAT_CAT_GROCERY is now scheduled using cron setup : 9 7 * * 1,5"
5/6/2025 17:27:2 [crontab] CRON: "Cron Job WEEKLY_WHS_SHRINK_UBD is now scheduled using cron setup : 15 7 * * 3"
5/6/2025 17:27:2 [crontab] CRON: "Cron Job DAILY_EDI_INVOICEEXISTS is now scheduled using cron setup : 0 */3 * * *"
5/6/2025 17:27:2 [crontab] CRON: "Cron Job DAILY_WHS_BLOCKED_PODO is now scheduled using cron setup : 0 */2 * * *"
5/6/2025 17:27:2 [crontab] CRON: "Cron Job DAILY_PO_NOTWAREHOUSE is now scheduled using cron setup : */19 11-17 * * *"
5/6/2025 17:27:2 [crontab] CRON: "Cron Job DAILY_PRODUCE_INVALIDUBD is now scheduled using cron setup : 10 9 * * *"
5/6/2025 17:27:2 [crontab] CRON: "Cron Job DAILY_INVALIDLABEL is now scheduled using cron setup : 25 7 * * *"
5/6/2025 17:27:2 [crontab] CRON: "Cron Job DAILY_PPG_SUBCATEGORY is now scheduled using cron setup : 50 7 * * 1-5"
5/6/2025 17:27:2 [crontab] CRON: "Cron Job DAILY_WHS_ALLOTMENTTIME is now scheduled using cron setup : */50 * * * *"
5/6/2025 17:27:2 [crontab] CRON: "Cron Job MONTHLY_LOSS_PREVENTION_HPC is now scheduled using cron setup : 8 11 1 * *"
5/6/2025 17:27:2 [crontab] CRON: "Cron Job MONTHLY_LOSS_PREVENTION_WELLNESS is now scheduled using cron setup : 10 11 1 * *"
5/6/2025 17:27:2 [crontab] CRON: "Cron Job MONTHLY_LOSS_PREVENTION is now scheduled using cron setup : 12 11 1 * *"
5/6/2025 17:27:2 [crontab] CRON: "Cron Job DAILY_COUNTING_THIRDPARTY is now scheduled using cron setup : 30 7 * * *"
5/6/2025 17:27:2 [crontab] CRON: "Cron Job EXP_PO_LOCKED is now scheduled using cron setup : */15 6-23 * * *"
5/6/2025 17:27:2 [crontab] CRON: "Cron Job WEEKLY_DEFAULT_DIMENSION is now scheduled using cron setup : 5 2 * * 1"
5/6/2025 17:27:2 [crontab] CRON: "Cron Job PO_INTERFACE_REJECTION is now scheduled using cron setup : 22 8-21 * * *"
5/6/2025 17:27:2 [crontab] CRON: "Cron Job WEEKLY_WHS_INACTIVE_STORE_ACTIVE is now scheduled using cron setup : 2 6 * * 3"
5/6/2025 17:27:2 [crontab] CRON: "Cron Job WEEKLY_WHS_DEFAULT_DIMENSION is now scheduled using cron setup : 5 2 * * 1"
5/6/2025 17:27:2 [crontab] CRON: "Cron Job DAILY_PPG_KLI is now scheduled using cron setup : 55 7 * * 1-5"
5/6/2025 17:27:2 [crontab] CRON: "Cron Job MONTHLY_LOSS_PREVENTION_WELLNESS_ATTRIBUTE is now scheduled using cron setup : 25 11 1 * *"
5/6/2025 17:27:2 [crontab] CRON: "Cron Job IT_HIGH_CPU is now scheduled using cron setup : 29 * * * *"
5/6/2025 17:27:2 [crontab] CRON: "Cron Job IT_DISK_USAGE is now scheduled using cron setup : 20 * * * *"
5/6/2025 17:27:2 [crontab] CRON: "Cron Job DAILY_PPG_ITEM_MISSING_ADS is now scheduled using cron setup : 45 7 * * 1-5"
5/6/2025 17:27:2 [crontab] CRON: "Cron Job DAILY_ITEM_WAREHOUSE_ISSUE is now scheduled using cron setup : 49 10 * * 1-5"
5/6/2025 17:27:2 [crontab] CRON: "Cron Job ONGOING_EDI_invoice_SCAN is now scheduled using cron setup : */50 3-8 * * *"
5/6/2025 17:27:2 [crontab] CRON: "Cron Job PO_SENDING_DATE is now scheduled using cron setup : 23 8-21 * * *"
5/6/2025 17:27:2 [crontab] CRON: "Cron Job DAILY_MISSING_CASE_CODE is now scheduled using cron setup : 30 10 * * 1-5"
5/6/2025 17:27:2 [crontab] CRON: "Cron Job MONTHLY_MDM_CREATED_ITEM is now scheduled using cron setup : 15 10 1 * *"
5/6/2025 17:27:2 [crontab] CRON: "Cron Job PO_ALMOST_CLEARED is now scheduled using cron setup : 25 8 * * *"
5/6/2025 17:27:2 [crontab] CRON: "Cron Job AP_WHS_ADJUSTMENT is now scheduled using cron setup : 15 8 * * *"
5/6/2025 17:27:2 [crontab] CRON: "Cron Job DAILY_EDI_INVALID_RECEIVERLOCATION is now scheduled using cron setup : 0 */10 * * *"
5/6/2025 17:27:2 [crontab] CRON: "Cron Job DAILY_AP_WHS_ADJUSTMENT is now scheduled using cron setup : 13 8 * * *"
5/6/2025 17:27:2 [crontab] CRON: "Cron Job DAILY_INV_CNT is now scheduled using cron setup : 10 7 * * *"
5/6/2025 17:27:2 [crontab] CRON: "Cron Job DAILY_WINE_BEER_INV_CNT is now scheduled using cron setup : 3 4 * * *"
5/6/2025 17:27:2 [crontab] CRON: "Cron Job WELLNESS_RECAP_BIS is now scheduled using cron setup : 45 20 * * *"
5/6/2025 17:27:2 [crontab] CRON: "Cron Job WELLNESS_STORE_MIN is now scheduled using cron setup : 2 21 * * *"
5/6/2025 17:27:2 [crontab] CRON: "Cron Job WELLNESS_LISTING is now scheduled using cron setup : 58 6 * * *"
5/6/2025 17:27:2 [crontab] CRON: "Cron Job WELLNESS_RECAP is now scheduled using cron setup : 15 21 * * *"
5/6/2025 17:27:2 [crontab] CRON: "Cron Job SUP_SCHEDULE_MISS is now scheduled using cron setup : 39 9 * * *"
5/6/2025 17:27:2 [crontab] CRON: "Cron Job ALLOTMENT_NOT_DELIVERED is now scheduled using cron setup : 40 11 * * *"
5/6/2025 17:27:2 [crontab] CRON: "Cron Job DAILY_EDI_INVOICENOTLOADED is now scheduled using cron setup : 2 */10 * * *"
5/6/2025 17:27:2 [crontab] CRON: "Cron Job DAILY_FIN_WAREHOUSE_STK is now scheduled using cron setup : 00 23 * * *"
5/6/2025 17:27:2 [crontab] CRON: "Cron Job DAILY_MDM_NO_SHELF is now scheduled using cron setup : 0 14 * * *"
5/6/2025 17:27:2 [crontab] CRON: "Cron Job DATA_MAINTENANCE is now scheduled using cron setup : 0 22 * * *"
5/6/2025 17:27:2 [crontab] CRON: "Cron Job DAILY_FIN_MFG_RVN_TYPE is now scheduled using cron setup : 25 8 * * 1,2,3,4,5"
5/6/2025 17:27:2 [crontab] CRON: "Cron Job MONTHLY_ZERO_MOVEMENT is now scheduled using cron setup : 0 4 1 * *"
5/6/2025 17:27:2 [crontab] CRON: "Cron Job DAILY_WHS_INVENTORY_ADJUSTMENT is now scheduled using cron setup : 30 2 * * *"
5/6/2025 17:27:2 [crontab] CRON: "Cron Job DAILY_WHS_MISSING_ROUTE is now scheduled using cron setup : 0 16 * * * *"
5/6/2025 17:27:2 [crontab] CRON: "Cron Job DAILY_NO_INVOICE_MXL is now scheduled using cron setup : */4 8-20 * * *"
5/6/2025 17:27:2 [crontab] CRON: "Cron Job DAILY_NO_PO_MXL is now scheduled using cron setup : */4 8-20 * * *"
5/6/2025 17:27:2 [crontab] CRON: "Cron Job DAILY_BELOW_XDAYS is now scheduled using cron setup : 30 7 * * 1,2,3,4,5"
5/6/2025 17:27:2 [crontab] CRON: "Cron Job WEEKLY_ZERO_FORECAST is now scheduled using cron setup : 31 7 * * 2"
5/6/2025 17:27:2 [crontab] CRON: "Cron Job DAILY_INVALIDDELIVERABLE is now scheduled using cron setup : 25 7 * * *"
5/6/2025 17:27:2 [crontab] CRON: "Cron Job DAILY_FILLRATE_RECEPTION is now scheduled using cron setup : 25 4 * * *"
5/6/2025 17:27:2 [crontab] CRON: "Cron Job DAILY_SECONDARY_VENDOR is now scheduled using cron setup : 15 11 * * 1"
5/6/2025 17:27:2 [crontab] CRON: "Cron Job DAILY_PO_DELIVERY_DATE is now scheduled using cron setup : 21 8 * * *"
5/6/2025 17:27:2 [crontab] CRON: "Cron Job DAILY_CAO_Negative_Inventory_0530AM is not active. Activation date on Tue Jan 12 2049 00:00:00 GMT-0500 (Eastern Standard Time)"
5/6/2025 17:27:2 [crontab] CRON: "Cron Job WEEKLY_CAO_Store_shrink is not active. Activation date on Tue Jan 12 2049 00:00:00 GMT-0500 (Eastern Standard Time)"
5/6/2025 17:27:2 [crontab] CRON: "Cron Job DAILY_BUYER_Pushout is not active. Activation date on Tue Jan 12 2049 00:00:00 GMT-0500 (Eastern Standard Time)"
5/6/2025 17:27:2 [crontab] CRON: "Cron Job DAILY_CAO_Store_Sales is not active. Activation date on Tue Jan 12 2049 00:00:00 GMT-0500 (Eastern Standard Time)"
5/6/2025 17:27:2 [crontab] CRON: "Cron Job CGO_ALERT is not active. Activation date on Tue Jan 12 2049 00:00:00 GMT-0500 (Eastern Standard Time)"
5/6/2025 17:27:2 [crontab] CRON: "Cron Job ICR_MAINTENANCE is not active. Activation date on Fri Dec 31 2049 00:00:00 GMT-0500 (Eastern Standard Time)"
5/6/2025 17:27:2 [crontab] CRON: "Cron Job DAILY_MFG_EXPIRING_UBD is not active. Activation date on Fri Dec 31 2049 00:00:00 GMT-0500 (Eastern Standard Time)"
5/6/2025 17:27:2 [crontab] CRON: "Cron Job DAILY_MFG_RECAP_ORDER is not active. Activation date on Fri Dec 31 2049 00:00:00 GMT-0500 (Eastern Standard Time)"
5/6/2025 17:27:2 [crontab] CRON: "Cron Job DAILY_ORDER_DSD is not active. Activation date on Fri Dec 31 2049 00:00:00 GMT-0500 (Eastern Standard Time)"
5/6/2025 17:27:2 [crontab] CRON: "Cron Job DAILY_ORDER_RECEIPT_DSD is not active. Activation date on Fri Dec 31 2049 00:00:00 GMT-0500 (Eastern Standard Time)"
5/6/2025 17:27:2 [crontab] CRON: "Cron Job DAILY_ORDER_RECEIPT_WHS_ALLO is not active. Activation date on Fri Dec 31 2049 00:00:00 GMT-0500 (Eastern Standard Time)"
5/6/2025 17:27:2 [crontab] CRON: "Cron Job DAILY_CAO_Order_Recap is not active. Activation date on Fri Dec 31 2049 00:00:00 GMT-0500 (Eastern Standard Time)"
5/6/2025 17:27:2 [crontab] CRON: "Cron Job WEEKLY_TAX_WHS_UBD is not active. Activation date on Fri Dec 31 2049 00:00:00 GMT-0500 (Eastern Standard Time)"
5/6/2025 17:27:2 [crontab] CRON: "Cron Job WEEKLY_NON_TAX_WHS_NOUBD is not active. Activation date on Fri Dec 31 2049 00:00:00 GMT-0500 (Eastern Standard Time)"
5/6/2025 17:27:2 [crontab] CRON: "Cron Job DAILY_PURCHASE_PRICE_XML_CHECK is not active. Activation date on Fri Dec 31 2049 00:00:00 GMT-0500 (Eastern Standard Time)"
5/6/2025 17:27:2 [crontab] CRON: "Cron Job DAILY_WHS_UBD is not active. Activation date on Fri Dec 31 2049 00:00:00 GMT-0500 (Eastern Standard Time)"
5/6/2025 17:27:2 [crontab] CRON: "Cron Job MONTHLY_SALES_REPORT is not active. Activation date on Fri Dec 31 2049 00:00:00 GMT-0500 (Eastern Standard Time)"
5/6/2025 17:27:2 [crontab] CRON: "Cron Job DAILY_WHS_EXPIRING_SSCC is not active. Activation date on Fri Dec 31 2049 00:00:00 GMT-0500 (Eastern Standard Time)"
5/6/2025 17:27:2 [crontab] 2: "BEGIN PKREQUESTMANAGER.CALLQUERY(2,'CRON000002','crontab','{}', '{}','{}', :cursor); END;"
5/6/2025 17:27:4 [crontab] 2: "[{\"SALTID\":\"IT_HIGH_CPU\",\"SALTCRON\":\"29 * * * *\",\"SALTTYPE\":2,\"SALTQUERYNUM\":null,\"SALTQUERYPARAM\":null,\"SALTJOB\":\"/home/hnpcen/bin/shell/whatsupgold/process/check_process.sh\"},{\"SALTID\":\"IT_DISK_USAGE\",\"SALTCRON\":\"20 * * * *\",\"SALTTYPE\":2,\"SALTQUERYNUM\":null,\"SALTQUERYPARAM\":null,\"SALTJOB\":\"/home/hnpcen/bin/shell/whatsupgold/diskspace/check_space.sh\"},{\"SALTID\":\"DAILY_WINE_BEER_INV_CNT\",\"SALTCRON\":\"3 4 * * *\",\"SALTTYPE\":2,\"SALTQUERYNUM\":null,\"SALTQUERYPARAM\":null,\"SALTJOB\":\"./scripts/Inventory_ThirdParty.sh\"},{\"SALTID\":\"DAILY_INV_CNT\",\"SALTCRON\":\"10 7 * * *\",\"SALTTYPE\":2,\"SALTQUERYNUM\":null,\"SALTQUERYPARAM\":null,\"SALTJOB\":\"./scripts/Inventory_vs_Counting.sh\"}]"
5/6/2025 17:27:4 [crontab] 2: "4 Object(s) returned... [FETCH]"
5/6/2025 17:27:4 [crontab] CRON: "RUN : /home/hnpcen/bin/shell/whatsupgold/process/check_process.sh"
5/6/2025 17:27:4 [crontab] CRON: "RUN : /home/hnpcen/bin/shell/whatsupgold/diskspace/check_space.sh"
5/6/2025 17:27:4 [crontab] CRON: "RUN : ./scripts/Inventory_ThirdParty.sh"
5/6/2025 17:27:4 [crontab] CRON: "RUN : ./scripts/Inventory_vs_Counting.sh"
5/6/2025 21:27:2 [crontab] 1: "BEGIN PKREQUESTMANAGER.CALLQUERY(1,'CRON000001','crontab','{}', '{}','{}', :cursor); END;"
5/6/2025 21:27:2 [crontab] 1: "130 Object(s) returned... [FETCH]"
5/6/2025 21:27:2 [crontab] CRON: "Cron Job DAILY_CAO_Negative_Inventory_1130AM is now scheduled using cron setup : 30 11 * * *"
5/6/2025 21:27:2 [crontab] CRON: "Cron Job DAILY_Store_Sales is now scheduled using cron setup : 5 8 * * *"
5/6/2025 21:27:2 [crontab] CRON: "Cron Job WEEKLY_Store_shrink is now scheduled using cron setup : 5 19 * * 7"
5/6/2025 21:27:2 [crontab] CRON: "Cron Job WEEKLY_EDI_invoice_WEEKLY is now scheduled using cron setup : 1 19 * * 7"
5/6/2025 21:27:2 [crontab] CRON: "Cron Job DAILY_EDI_BLANK_REF is now scheduled using cron setup : 5 7 * * *"
5/6/2025 21:27:2 [crontab] CRON: "Cron Job VIEW_REFRESH is now scheduled using cron setup : 5 11 * * *"
5/6/2025 21:27:2 [crontab] CRON: "Cron Job VIEW_REFRESH_DAILY is now scheduled using cron setup : 5 12 * * *"
5/6/2025 21:27:2 [crontab] CRON: "Cron Job DAILY_STORE_SHORTED is now scheduled using cron setup : 10 7 * * *"
5/6/2025 21:27:2 [crontab] CRON: "Cron Job DAILY_STORE_BLOCKED_RECEIPT is now scheduled using cron setup : 15 7 * * *"
5/6/2025 21:27:2 [crontab] CRON: "Cron Job DAILY_WHS_CUT is now scheduled using cron setup : 5 7 * * *"
5/6/2025 21:27:2 [crontab] CRON: "Cron Job DAILY_WHS_NEG_UBD is now scheduled using cron setup : 0 2 * * *"
5/6/2025 21:27:2 [crontab] CRON: "Cron Job DAILY_WHS_SSCC_NO_UBD is now scheduled using cron setup : */55 * * * *"
5/6/2025 21:27:2 [crontab] CRON: "Cron Job WEEKLY_STORE_NO_SALES is now scheduled using cron setup : 5 6 * * 1"
5/6/2025 21:27:2 [crontab] CRON: "Cron Job WEEKLY_STORE_NO_SALES_CAPTURE_ADMIN is now scheduled using cron setup : 5 6 * * 1"
5/6/2025 21:27:2 [crontab] CRON: "Cron Job WEEKLY_STORE_NO_SALES_ADMIN is now scheduled using cron setup : 5 7 * * 1"
5/6/2025 21:27:2 [crontab] CRON: "Cron Job EXP_WHS_INVALID_PICKING is now scheduled using cron setup : 7 9 * * *"
5/6/2025 21:27:2 [crontab] CRON: "Cron Job DAILY_FILL_RATE_CAPTURE is now scheduled using cron setup : 0 16 * * *"
5/6/2025 21:27:2 [crontab] CRON: "Cron Job DAILY_SERVICE_RATE_CAPTURE is now scheduled using cron setup : 0 16 * * *"
5/6/2025 21:27:2 [crontab] CRON: "Cron Job DAILY_WHS_BLOCKED_PO is now scheduled using cron setup : 5 10 * * *"
5/6/2025 21:27:2 [crontab] CRON: "Cron Job EXP_WHS_FAULTY_DO is now scheduled using cron setup : 5 11 * * *"
5/6/2025 21:27:2 [crontab] CRON: "Cron Job DAILY_RETAIL_NO_MULTIPLE is now scheduled using cron setup : 0 7-18 * * 1,2,3,4,5"
5/6/2025 21:27:2 [crontab] CRON: "Cron Job WHS_MISS_ROUTE is now scheduled using cron setup : 0 * * * *"
5/6/2025 21:27:2 [crontab] CRON: "Cron Job DAILY_INVALIDCOLLECTION_TIME is now scheduled using cron setup : 0 7-18 * * 1,2,3,4,5"
5/6/2025 21:27:2 [crontab] CRON: "Cron Job DAILY_WHS_LOW_INV is now scheduled using cron setup : 3 11 * * 1"
5/6/2025 21:27:2 [crontab] CRON: "Cron Job DAILY_WHS_HIGH_INV is now scheduled using cron setup : 2 11 * * 1"
5/6/2025 21:27:2 [crontab] CRON: "Cron Job DAILY_WHS_SSCC_SUSPICIOUS_UBD is now scheduled using cron setup : 10 9 * * *"
5/6/2025 21:27:2 [crontab] CRON: "Cron Job DAILY_WHS_RECEIVED_CUT_OVER is now scheduled using cron setup : 11 9 * * *"
5/6/2025 21:27:2 [crontab] CRON: "Cron Job DAILY_SALES_LOAD_CHECK is now scheduled using cron setup : 18 5-19 * * *"
5/6/2025 21:27:2 [crontab] CRON: "Cron Job DAILY_INTERDEPT_ERROR_DETECTION is now scheduled using cron setup : 1 11 * * *"
5/6/2025 21:27:2 [crontab] CRON: "Cron Job DAILY_EDI_INVALIDDEALS is now scheduled using cron setup : 40 7 * * 1,2,3,4,5"
5/6/2025 21:27:2 [crontab] CRON: "Cron Job DAILY_EDI_UNKNOWN_UPC is now scheduled using cron setup : 45 7 * * 1,2,3,4,5"
5/6/2025 21:27:2 [crontab] CRON: "Cron Job DAILY_PRODUCE_0_LEAD_TIME is now scheduled using cron setup : 5 9 * * 1-5"
5/6/2025 21:27:2 [crontab] CRON: "Cron Job DAILY_WHS_TI_DIFFERENCE is now scheduled using cron setup : 15 9 * * 1,2,3,4,5,6"
5/6/2025 21:27:2 [crontab] CRON: "Cron Job DAILY_INVOICE_FAILURE is now scheduled using cron setup : 15 11 * * 1,2,3,4,5"
5/6/2025 21:27:2 [crontab] CRON: "Cron Job DAILY_WHS_SHIPMENT_BLOCKED is now scheduled using cron setup : 45 * * * *"
5/6/2025 21:27:2 [crontab] CRON: "Cron Job DAILY_DUNHUMMBY_ITEM_EXCEPTION is now scheduled using cron setup : 19 10 * * 1-5"
5/6/2025 21:27:2 [crontab] CRON: "Cron Job DAILY_WHS_RECEIPT_OOS is now scheduled using cron setup : 30 0-23 * * *"
5/6/2025 21:27:2 [crontab] CRON: "Cron Job DAILY_FIN_SHRINK_INVOICE is now scheduled using cron setup : 30 7 * * *"
5/6/2025 21:27:2 [crontab] CRON: "Cron Job DAILY_WHS_MULTICONSIGNMENT is now scheduled using cron setup : */30 * * * *"
5/6/2025 21:27:2 [crontab] CRON: "Cron Job DAILY_WHS_SKU_WEIGHT is now scheduled using cron setup : 5 2 * * 1"
5/6/2025 21:27:2 [crontab] CRON: "Cron Job WEEKLY_WHS_DISCONTINUED is now scheduled using cron setup : 5 19 * * 1"
5/6/2025 21:27:2 [crontab] CRON: "Cron Job WEEKLY_WHS_ACTIVE_STORE_FUTURE is now scheduled using cron setup : 30 14 * * 5"
5/6/2025 21:27:2 [crontab] CRON: "Cron Job WEEKLY_WHS_RECEIVABLE is now scheduled using cron setup : 5 19 * * 1"
5/6/2025 21:27:2 [crontab] CRON: "Cron Job DAILY_WHS_HIGH_QTY is now scheduled using cron setup : 5 9 * * *"
5/6/2025 21:27:2 [crontab] CRON: "Cron Job DAILY_WHS_BLOCKED_RECEIPT is now scheduled using cron setup : */15 10-17 * * *"
5/6/2025 21:27:2 [crontab] CRON: "Cron Job EXP_PO_NOT_COLLECTED is now scheduled using cron setup : */15 * * * 1-5"
5/6/2025 21:27:2 [crontab] CRON: "Cron Job EXP_PO_NOT_COLLECTED WEEKEND is now scheduled using cron setup : */15 * * * 6,7"
5/6/2025 21:27:2 [crontab] CRON: "Cron Job WEEKLY_WHS_SMART_UBD is now scheduled using cron setup : 5 13 * * 2"
5/6/2025 21:27:2 [crontab] CRON: "Cron Job WEEKLY_WHS_PUSH_UBD is now scheduled using cron setup : 0 13 * * 3"
5/6/2025 21:27:2 [crontab] CRON: "Cron Job DAILY_ECOMMERCE_ISSUE is now scheduled using cron setup : 5 11 * * *"
5/6/2025 21:27:2 [crontab] CRON: "Cron Job DAILY_WHS_USERS_DEL is now scheduled using cron setup : 6 11 * * *"
5/6/2025 21:27:2 [crontab] CRON: "Cron Job DAILY_VESTCOM is now scheduled using cron setup : 31 8 * * *"
5/6/2025 21:27:2 [crontab] CRON: "Cron Job DAILY_STORE_INVALID_TRANSFER_PRICE is now scheduled using cron setup : 15 13 * * *"
5/6/2025 21:27:2 [crontab] CRON: "Cron Job DAILY_WHS_FILL_RATE is now scheduled using cron setup : 3 7 * * *"
5/6/2025 21:27:2 [crontab] CRON: "Cron Job DAILY_WHS_FILL_RATE_CAT is now scheduled using cron setup : 7 7 * * 2,3,4,6,7"
5/6/2025 21:27:2 [crontab] CRON: "Cron Job WHS_FILL_RAT_CAT_FREEZER_DAIRY is now scheduled using cron setup : 7 7 * * 1,5"
5/6/2025 21:27:2 [crontab] CRON: "Cron Job WHS_FILL_RAT_CAT_GROCERY is now scheduled using cron setup : 9 7 * * 1,5"
5/6/2025 21:27:2 [crontab] CRON: "Cron Job WEEKLY_WHS_SHRINK_UBD is now scheduled using cron setup : 15 7 * * 3"
5/6/2025 21:27:2 [crontab] CRON: "Cron Job DAILY_EDI_INVOICEEXISTS is now scheduled using cron setup : 0 */3 * * *"
5/6/2025 21:27:2 [crontab] CRON: "Cron Job DAILY_WHS_BLOCKED_PODO is now scheduled using cron setup : 0 */2 * * *"
5/6/2025 21:27:2 [crontab] CRON: "Cron Job DAILY_PO_NOTWAREHOUSE is now scheduled using cron setup : */19 11-17 * * *"
5/6/2025 21:27:2 [crontab] CRON: "Cron Job DAILY_PRODUCE_INVALIDUBD is now scheduled using cron setup : 10 9 * * *"
5/6/2025 21:27:2 [crontab] CRON: "Cron Job DAILY_INVALIDLABEL is now scheduled using cron setup : 25 7 * * *"
5/6/2025 21:27:2 [crontab] CRON: "Cron Job DAILY_PPG_SUBCATEGORY is now scheduled using cron setup : 50 7 * * 1-5"
5/6/2025 21:27:2 [crontab] CRON: "Cron Job DAILY_WHS_ALLOTMENTTIME is now scheduled using cron setup : */50 * * * *"
5/6/2025 21:27:2 [crontab] CRON: "Cron Job MONTHLY_LOSS_PREVENTION_HPC is now scheduled using cron setup : 8 11 1 * *"
5/6/2025 21:27:2 [crontab] CRON: "Cron Job MONTHLY_LOSS_PREVENTION_WELLNESS is now scheduled using cron setup : 10 11 1 * *"
5/6/2025 21:27:2 [crontab] CRON: "Cron Job MONTHLY_LOSS_PREVENTION is now scheduled using cron setup : 12 11 1 * *"
5/6/2025 21:27:2 [crontab] CRON: "Cron Job DAILY_COUNTING_THIRDPARTY is now scheduled using cron setup : 30 7 * * *"
5/6/2025 21:27:2 [crontab] CRON: "Cron Job EXP_PO_LOCKED is now scheduled using cron setup : */15 6-23 * * *"
5/6/2025 21:27:2 [crontab] CRON: "Cron Job WEEKLY_DEFAULT_DIMENSION is now scheduled using cron setup : 5 2 * * 1"
5/6/2025 21:27:2 [crontab] CRON: "Cron Job PO_INTERFACE_REJECTION is now scheduled using cron setup : 22 8-21 * * *"
5/6/2025 21:27:2 [crontab] CRON: "Cron Job WEEKLY_WHS_INACTIVE_STORE_ACTIVE is now scheduled using cron setup : 2 6 * * 3"
5/6/2025 21:27:2 [crontab] CRON: "Cron Job WEEKLY_WHS_DEFAULT_DIMENSION is now scheduled using cron setup : 5 2 * * 1"
5/6/2025 21:27:2 [crontab] CRON: "Cron Job DAILY_PPG_KLI is now scheduled using cron setup : 55 7 * * 1-5"
5/6/2025 21:27:2 [crontab] CRON: "Cron Job MONTHLY_LOSS_PREVENTION_WELLNESS_ATTRIBUTE is now scheduled using cron setup : 25 11 1 * *"
5/6/2025 21:27:2 [crontab] CRON: "Cron Job IT_HIGH_CPU is now scheduled using cron setup : 29 * * * *"
5/6/2025 21:27:2 [crontab] CRON: "Cron Job IT_DISK_USAGE is now scheduled using cron setup : 20 * * * *"
5/6/2025 21:27:2 [crontab] CRON: "Cron Job DAILY_PPG_ITEM_MISSING_ADS is now scheduled using cron setup : 45 7 * * 1-5"
5/6/2025 21:27:2 [crontab] CRON: "Cron Job DAILY_ITEM_WAREHOUSE_ISSUE is now scheduled using cron setup : 49 10 * * 1-5"
5/6/2025 21:27:2 [crontab] CRON: "Cron Job ONGOING_EDI_invoice_SCAN is now scheduled using cron setup : */50 3-8 * * *"
5/6/2025 21:27:2 [crontab] CRON: "Cron Job PO_SENDING_DATE is now scheduled using cron setup : 23 8-21 * * *"
5/6/2025 21:27:2 [crontab] CRON: "Cron Job DAILY_MISSING_CASE_CODE is now scheduled using cron setup : 30 10 * * 1-5"
5/6/2025 21:27:2 [crontab] CRON: "Cron Job MONTHLY_MDM_CREATED_ITEM is now scheduled using cron setup : 15 10 1 * *"
5/6/2025 21:27:2 [crontab] CRON: "Cron Job PO_ALMOST_CLEARED is now scheduled using cron setup : 25 8 * * *"
5/6/2025 21:27:2 [crontab] CRON: "Cron Job AP_WHS_ADJUSTMENT is now scheduled using cron setup : 15 8 * * *"
5/6/2025 21:27:2 [crontab] CRON: "Cron Job DAILY_EDI_INVALID_RECEIVERLOCATION is now scheduled using cron setup : 0 */10 * * *"
5/6/2025 21:27:2 [crontab] CRON: "Cron Job DAILY_AP_WHS_ADJUSTMENT is now scheduled using cron setup : 13 8 * * *"
5/6/2025 21:27:2 [crontab] CRON: "Cron Job DAILY_INV_CNT is now scheduled using cron setup : 10 7 * * *"
5/6/2025 21:27:2 [crontab] CRON: "Cron Job DAILY_WINE_BEER_INV_CNT is now scheduled using cron setup : 3 4 * * *"
5/6/2025 21:27:2 [crontab] CRON: "Cron Job WELLNESS_RECAP_BIS is now scheduled using cron setup : 45 20 * * *"
5/6/2025 21:27:2 [crontab] CRON: "Cron Job WELLNESS_STORE_MIN is now scheduled using cron setup : 2 21 * * *"
5/6/2025 21:27:2 [crontab] CRON: "Cron Job WELLNESS_LISTING is now scheduled using cron setup : 58 6 * * *"
5/6/2025 21:27:2 [crontab] CRON: "Cron Job WELLNESS_RECAP is now scheduled using cron setup : 15 21 * * *"
5/6/2025 21:27:2 [crontab] CRON: "Cron Job SUP_SCHEDULE_MISS is now scheduled using cron setup : 39 9 * * *"
5/6/2025 21:27:2 [crontab] CRON: "Cron Job ALLOTMENT_NOT_DELIVERED is now scheduled using cron setup : 40 11 * * *"
5/6/2025 21:27:2 [crontab] CRON: "Cron Job DAILY_EDI_INVOICENOTLOADED is now scheduled using cron setup : 2 */10 * * *"
5/6/2025 21:27:2 [crontab] CRON: "Cron Job DAILY_FIN_WAREHOUSE_STK is now scheduled using cron setup : 00 23 * * *"
5/6/2025 21:27:2 [crontab] CRON: "Cron Job DAILY_MDM_NO_SHELF is now scheduled using cron setup : 0 14 * * *"
5/6/2025 21:27:2 [crontab] CRON: "Cron Job DATA_MAINTENANCE is now scheduled using cron setup : 0 22 * * *"
5/6/2025 21:27:2 [crontab] CRON: "Cron Job DAILY_FIN_MFG_RVN_TYPE is now scheduled using cron setup : 25 8 * * 1,2,3,4,5"
5/6/2025 21:27:2 [crontab] CRON: "Cron Job MONTHLY_ZERO_MOVEMENT is now scheduled using cron setup : 0 4 1 * *"
5/6/2025 21:27:2 [crontab] CRON: "Cron Job DAILY_WHS_INVENTORY_ADJUSTMENT is now scheduled using cron setup : 30 2 * * *"
5/6/2025 21:27:2 [crontab] CRON: "Cron Job DAILY_WHS_MISSING_ROUTE is now scheduled using cron setup : 0 16 * * * *"
5/6/2025 21:27:2 [crontab] CRON: "Cron Job DAILY_NO_INVOICE_MXL is now scheduled using cron setup : */4 8-20 * * *"
5/6/2025 21:27:2 [crontab] CRON: "Cron Job DAILY_NO_PO_MXL is now scheduled using cron setup : */4 8-20 * * *"
5/6/2025 21:27:2 [crontab] CRON: "Cron Job DAILY_BELOW_XDAYS is now scheduled using cron setup : 30 7 * * 1,2,3,4,5"
5/6/2025 21:27:2 [crontab] CRON: "Cron Job WEEKLY_ZERO_FORECAST is now scheduled using cron setup : 31 7 * * 2"
5/6/2025 21:27:2 [crontab] CRON: "Cron Job DAILY_INVALIDDELIVERABLE is now scheduled using cron setup : 25 7 * * *"
5/6/2025 21:27:2 [crontab] CRON: "Cron Job DAILY_FILLRATE_RECEPTION is now scheduled using cron setup : 25 4 * * *"
5/6/2025 21:27:2 [crontab] CRON: "Cron Job DAILY_SECONDARY_VENDOR is now scheduled using cron setup : 15 11 * * 1"
5/6/2025 21:27:2 [crontab] CRON: "Cron Job DAILY_PO_DELIVERY_DATE is now scheduled using cron setup : 21 8 * * *"
5/6/2025 21:27:2 [crontab] CRON: "Cron Job DAILY_CAO_Negative_Inventory_0530AM is not active. Activation date on Tue Jan 12 2049 00:00:00 GMT-0500 (Eastern Standard Time)"
5/6/2025 21:27:2 [crontab] CRON: "Cron Job WEEKLY_CAO_Store_shrink is not active. Activation date on Tue Jan 12 2049 00:00:00 GMT-0500 (Eastern Standard Time)"
5/6/2025 21:27:2 [crontab] CRON: "Cron Job DAILY_BUYER_Pushout is not active. Activation date on Tue Jan 12 2049 00:00:00 GMT-0500 (Eastern Standard Time)"
5/6/2025 21:27:2 [crontab] CRON: "Cron Job DAILY_CAO_Store_Sales is not active. Activation date on Tue Jan 12 2049 00:00:00 GMT-0500 (Eastern Standard Time)"
5/6/2025 21:27:2 [crontab] CRON: "Cron Job CGO_ALERT is not active. Activation date on Tue Jan 12 2049 00:00:00 GMT-0500 (Eastern Standard Time)"
5/6/2025 21:27:2 [crontab] CRON: "Cron Job ICR_MAINTENANCE is not active. Activation date on Fri Dec 31 2049 00:00:00 GMT-0500 (Eastern Standard Time)"
5/6/2025 21:27:2 [crontab] CRON: "Cron Job DAILY_MFG_EXPIRING_UBD is not active. Activation date on Fri Dec 31 2049 00:00:00 GMT-0500 (Eastern Standard Time)"
5/6/2025 21:27:2 [crontab] CRON: "Cron Job DAILY_MFG_RECAP_ORDER is not active. Activation date on Fri Dec 31 2049 00:00:00 GMT-0500 (Eastern Standard Time)"
5/6/2025 21:27:2 [crontab] CRON: "Cron Job DAILY_ORDER_DSD is not active. Activation date on Fri Dec 31 2049 00:00:00 GMT-0500 (Eastern Standard Time)"
5/6/2025 21:27:2 [crontab] CRON: "Cron Job DAILY_ORDER_RECEIPT_DSD is not active. Activation date on Fri Dec 31 2049 00:00:00 GMT-0500 (Eastern Standard Time)"
5/6/2025 21:27:2 [crontab] CRON: "Cron Job DAILY_ORDER_RECEIPT_WHS_ALLO is not active. Activation date on Fri Dec 31 2049 00:00:00 GMT-0500 (Eastern Standard Time)"
5/6/2025 21:27:2 [crontab] CRON: "Cron Job DAILY_CAO_Order_Recap is not active. Activation date on Fri Dec 31 2049 00:00:00 GMT-0500 (Eastern Standard Time)"
5/6/2025 21:27:2 [crontab] CRON: "Cron Job WEEKLY_TAX_WHS_UBD is not active. Activation date on Fri Dec 31 2049 00:00:00 GMT-0500 (Eastern Standard Time)"
5/6/2025 21:27:2 [crontab] CRON: "Cron Job WEEKLY_NON_TAX_WHS_NOUBD is not active. Activation date on Fri Dec 31 2049 00:00:00 GMT-0500 (Eastern Standard Time)"
5/6/2025 21:27:2 [crontab] CRON: "Cron Job DAILY_PURCHASE_PRICE_XML_CHECK is not active. Activation date on Fri Dec 31 2049 00:00:00 GMT-0500 (Eastern Standard Time)"
5/6/2025 21:27:2 [crontab] CRON: "Cron Job DAILY_WHS_UBD is not active. Activation date on Fri Dec 31 2049 00:00:00 GMT-0500 (Eastern Standard Time)"
5/6/2025 21:27:2 [crontab] CRON: "Cron Job MONTHLY_SALES_REPORT is not active. Activation date on Fri Dec 31 2049 00:00:00 GMT-0500 (Eastern Standard Time)"
5/6/2025 21:27:2 [crontab] CRON: "Cron Job DAILY_WHS_EXPIRING_SSCC is not active. Activation date on Fri Dec 31 2049 00:00:00 GMT-0500 (Eastern Standard Time)"
5/6/2025 21:27:2 [crontab] 2: "BEGIN PKREQUESTMANAGER.CALLQUERY(2,'CRON000002','crontab','{}', '{}','{}', :cursor); END;"
5/6/2025 21:27:4 [crontab] 2: "[{\"SALTID\":\"IT_HIGH_CPU\",\"SALTCRON\":\"29 * * * *\",\"SALTTYPE\":2,\"SALTQUERYNUM\":null,\"SALTQUERYPARAM\":null,\"SALTJOB\":\"/home/hnpcen/bin/shell/whatsupgold/process/check_process.sh\"},{\"SALTID\":\"IT_DISK_USAGE\",\"SALTCRON\":\"20 * * * *\",\"SALTTYPE\":2,\"SALTQUERYNUM\":null,\"SALTQUERYPARAM\":null,\"SALTJOB\":\"/home/hnpcen/bin/shell/whatsupgold/diskspace/check_space.sh\"},{\"SALTID\":\"DAILY_INV_CNT\",\"SALTCRON\":\"10 7 * * *\",\"SALTTYPE\":2,\"SALTQUERYNUM\":null,\"SALTQUERYPARAM\":null,\"SALTJOB\":\"./scripts/Inventory_vs_Counting.sh\"},{\"SALTID\":\"DAILY_WINE_BEER_INV_CNT\",\"SALTCRON\":\"3 4 * * *\",\"SALTTYPE\":2,\"SALTQUERYNUM\":null,\"SALTQUERYPARAM\":null,\"SALTJOB\":\"./scripts/Inventory_ThirdParty.sh\"},{\"SALTID\":\"DAILY_NO_INVOICE_MXL\",\"SALTCRON\":\"*/4 8-20 * * *\",\"SALTTYPE\":2,\"SALTQUERYNUM\":null,\"SALTQUERYPARAM\":null,\"SALTJOB\":\"./scripts/NO_INVOICE_XML.sh\"},{\"SALTID\":\"DAILY_NO_PO_MXL\",\"SALTCRON\":\"*/4 8-20 * * *\",\"SALTTYPE\":2,\"SALTQUERYNUM\":null,\"SALTQUERYPARAM\":null,\"SALTJOB\":\"./scripts/NO_PO_XML.sh\"}]"
5/6/2025 21:27:4 [crontab] 2: "6 Object(s) returned... [FETCH]"
5/6/2025 21:27:4 [crontab] CRON: "RUN : /home/hnpcen/bin/shell/whatsupgold/process/check_process.sh"
5/6/2025 21:27:4 [crontab] CRON: "RUN : /home/hnpcen/bin/shell/whatsupgold/diskspace/check_space.sh"
5/6/2025 21:27:4 [crontab] CRON: "RUN : ./scripts/Inventory_vs_Counting.sh"
5/6/2025 21:27:4 [crontab] CRON: "RUN : ./scripts/Inventory_ThirdParty.sh"
5/6/2025 21:27:5 [crontab] CRON: "RUN : ./scripts/NO_INVOICE_XML.sh"
5/6/2025 21:27:5 [crontab] CRON: "RUN : ./scripts/NO_PO_XML.sh"
