5/6/2025 5:5:1 [internal] 0: " Server is listening at http://:::8091"
5/6/2025 5:5:1 [internal] 0: " Server is listening at http://:::8093"
5/6/2025 5:5:1 [internal] 0: " Server is listening at http://:::8092"
5/6/2025 6:54:2 [internal] 0: " Server is listening at http://:::8091"
5/6/2025 6:54:2 [internal] 0: " Server is listening at http://:::8093"
5/6/2025 6:54:2 [internal] 0: " Server is listening at http://:::8092"
5/6/2025 12:58:2 [internal] 0: " Server is listening at http://:::8093"
5/6/2025 12:58:2 [internal] 0: " Server is listening at http://:::8091"
5/6/2025 12:58:2 [internal] 0: " Server is listening at http://:::8092"
5/6/2025 17:19:0 [internal] internal: "Uncaught exception TypeError [ERR_INVALID_ARG_TYPE]: The \"path\" argument must be of type string or an instance of Buffer or URL. Received undefined"
5/6/2025 17:19:0 [internal] internal: "Shutting down"
5/6/2025 17:19:0 [internal] internal: "Closing Inventory Control Room backend server"
5/6/2025 17:19:0 [internal] internal: "Web server closed"
5/6/2025 17:27:2 [internal] 0: " Server is listening at http://:::8091"
5/6/2025 17:27:2 [internal] 0: " Server is listening at http://:::8093"
5/6/2025 17:27:2 [internal] 0: " Server is listening at http://:::8092"
5/6/2025 21:23:0 [internal] internal: "Uncaught exception TypeError [ERR_INVALID_ARG_TYPE]: The \"path\" argument must be of type string or an instance of Buffer or URL. Received undefined"
5/6/2025 21:23:0 [internal] internal: "Shutting down"
5/6/2025 21:23:0 [internal] internal: "Closing Inventory Control Room backend server"
5/6/2025 21:23:0 [internal] internal: "Web server closed"
5/6/2025 21:27:2 [internal] 0: " Server is listening at http://:::8093"
5/6/2025 21:27:2 [internal] 0: " Server is listening at http://:::8091"
5/6/2025 21:27:2 [internal] 0: " Server is listening at http://:::8092"
