10/18/2017 18:0:21 1: LIBQUERY with Callback: 
10/18/2017 18:0:21 1: Path request:/api/authentification/
10/18/2017 18:0:21 1: Path header:undefined
10/18/2017 18:0:21 1: Path query:{}
10/18/2017 18:0:21 1: BEGIN PKREQUESTMANAGER.CALLQUERY(1,'ADM0000001','abe','{}', '{abe,jdskjdaskjjk}','{}', :cursor); END;
10/18/2017 18:0:21 1: 0 Object(s) returned... [FETCH] :)
10/18/2017 18:0:29 2: LIBQUERY with Callback: 
10/18/2017 18:0:29 2: Path request:/api/authentification/
10/18/2017 18:0:29 2: Path header:undefined
10/18/2017 18:0:29 2: Path query:{}
10/18/2017 18:0:29 2: BEGIN PKREQUESTMANAGER.CALLQUERY(2,'ADM0000001','abe','{}', '{abe,abe}','{}', :cursor); END;
10/18/2017 18:0:29 2: 1 Object(s) returned... [FETCH]
10/18/2017 18:0:29 2: [object Object]
10/18/2017 18:0:29 3: LIBQUERY with Callback: 
10/18/2017 18:0:29 3: Path request:/api/user/
10/18/2017 18:0:29 3: Path header:undefined
10/18/2017 18:0:29 3: Path query:{"USER_NAME":"abe"}
10/18/2017 18:0:29 3: BEGIN PKREQUESTMANAGER.CALLQUERY(3,'CLI0000002','abe','{}', '{abe}','{}', :cursor); END;
10/18/2017 18:0:29 4: LIBQUERY with Callback: 
10/18/2017 18:0:29 4: Path request:/api/environment/
10/18/2017 18:0:29 4: Path header:undefined
10/18/2017 18:0:29 4: Path query:{"USER_NAME":"abe"}
10/18/2017 18:0:29 4: BEGIN PKREQUESTMANAGER.CALLQUERY(4,'CLI0000003','abe','{}', '{abe}','{}', :cursor); END;
10/18/2017 18:0:29 4: 1 Object(s) returned... [FETCH]
10/18/2017 18:0:29 4: [object Object]
10/18/2017 18:0:29 4: 6 Object(s) returned... [FETCH]
10/18/2017 18:0:29 4: [object Object],[object Object],[object Object],[object Object],[object Object],[object Object]
10/18/2017 18:0:29 5: LIBQUERY with Callback: 
10/18/2017 18:0:29 5: Path request:/api/labels/
10/18/2017 18:0:29 5: Path header:undefined
10/18/2017 18:0:29 5: Path query:{}
10/18/2017 18:0:29 5: BEGIN PKREQUESTMANAGER.CALLQUERY(5,'LAB0000001','abe','{undefined}', '{undefined}','{HN}', :cursor); END;
10/18/2017 18:0:30 5: 36 Object(s) returned... [FETCH]
10/18/2017 18:0:30 5: [object Object],[object Object],[object Object],[object Object],[object Object],[object Object],[object Object],[object Object],[object Object],[object Object],[object Object],[object Object],[object Object],[object Object],[object Object],[object Object],[object Object],[object Object],[object Object],[object Object],[object Object],[object Object],[object Object],[object Object],[object Object],[object Object],[object Object],[object Object],[object Object],[object Object],[object Object],[object Object],[object Object],[object Object],[object Object],[object Object]
10/18/2017 18:0:53 6: LIBQUERY with Callback: 
10/18/2017 18:0:53 6: Path request:/api/counting/2/
10/18/2017 18:0:53 6: Path header:undefined
10/18/2017 18:0:53 6: Path query:{"PARAM":"10/15/2017"}
10/18/2017 18:0:53 6: BEGIN PKREQUESTMANAGER.CALLQUERY(6,'CNT0000002','abe','{HEINENS_CUSTOM_PROD}', '{10/15/2017}','{HN}', :cursor); END;
10/18/2017 18:1:0 6: 16 Object(s) returned... [FETCH]
10/18/2017 18:1:0 6: [object Object],[object Object],[object Object],[object Object],[object Object],[object Object],[object Object],[object Object],[object Object],[object Object],[object Object],[object Object],[object Object],[object Object],[object Object],[object Object]
10/18/2017 18:1:8 7: LIBQUERY with Callback: 
10/18/2017 18:1:8 7: Path request:/api/counting/3/
10/18/2017 18:1:8 7: Path header:undefined
10/18/2017 18:1:8 7: Path query:{"PARAM":["10/15/2017","8","000008.txt"]}
10/18/2017 18:1:8 7: BEGIN PKREQUESTMANAGER.CALLQUERY(7,'CNT0000003','abe','{HEINENS_CUSTOM_PROD}', '{10/15/2017,8,000008.txt}','{HN}', :cursor); END;
10/18/2017 18:1:8 8: LIBQUERY with Callback: 
10/18/2017 18:1:8 8: Path request:/api/counting/4/
10/18/2017 18:1:8 8: Path header:undefined
10/18/2017 18:1:8 8: Path query:{"PARAM":["10/15/2017","8","000008.txt"]}
10/18/2017 18:1:8 8: BEGIN PKREQUESTMANAGER.CALLQUERY(8,'CNT0000004','abe','{HEINENS_CUSTOM_PROD}', '{10/15/2017,8,000008.txt}','{HN}', :cursor); END;
10/18/2017 18:1:14 8: 2 Object(s) returned... [FETCH]
10/18/2017 18:1:14 8: [object Object],[object Object]
10/18/2017 18:1:14 9: LIBQUERY with Callback: 
10/18/2017 18:1:14 9: Path request:/api/process/
10/18/2017 18:1:14 9: Path header:undefined
10/18/2017 18:1:14 9: Path query:{"PARAM":["10/15/2017","pssti12p","10 8"]}
10/18/2017 18:1:14 9: BEGIN PKREQUESTMANAGER.CALLQUERY(9,'BTH0000001','abe','{HEINENS_CUSTOM_PROD}', '{10/15/2017,pssti12p,10 8}','{HN}', :cursor); END;
10/18/2017 18:1:14 10: LIBQUERY with Callback: 
10/18/2017 18:1:14 10: Path request:/api/counting/5/
10/18/2017 18:1:14 10: Path header:undefined
10/18/2017 18:1:14 10: Path query:{"PARAM":["10/15/2017","8","000008.txt"]}
10/18/2017 18:1:14 10: BEGIN PKREQUESTMANAGER.CALLQUERY(10,'CNT0000005','abe','{HEINENS_CUSTOM_PROD}', '{10/15/2017,8,000008.txt}','{HN}', :cursor); END;
10/18/2017 18:1:14 11: LIBQUERY with Callback: 
10/18/2017 18:1:14 11: Path request:/api/counting/6/
10/18/2017 18:1:14 11: Path header:undefined
10/18/2017 18:1:14 11: Path query:{"PARAM":["10/15/2017","8","000008.txt"]}
10/18/2017 18:1:14 11: BEGIN PKREQUESTMANAGER.CALLQUERY(11,'CNT0000006','abe','{HEINENS_CUSTOM_PROD}', '{10/15/2017,8,000008.txt}','{HN}', :cursor); END;
10/18/2017 18:1:16 11: 6 Object(s) returned... [FETCH]
10/18/2017 18:1:16 11: [object Object],[object Object],[object Object],[object Object],[object Object],[object Object]
10/18/2017 18:1:20 11: 46 Object(s) returned... [FETCH]
10/18/2017 18:1:20 11: [object Object],[object Object],[object Object],[object Object],[object Object],[object Object],[object Object],[object Object],[object Object],[object Object],[object Object],[object Object],[object Object],[object Object],[object Object],[object Object],[object Object],[object Object],[object Object],[object Object],[object Object],[object Object],[object Object],[object Object],[object Object],[object Object],[object Object],[object Object],[object Object],[object Object],[object Object],[object Object],[object Object],[object Object],[object Object],[object Object],[object Object],[object Object],[object Object],[object Object],[object Object],[object Object],[object Object],[object Object],[object Object],[object Object]
10/18/2017 18:1:22 11: 4 Object(s) returned... [FETCH]
10/18/2017 18:1:22 11: [object Object],[object Object],[object Object],[object Object]
10/18/2017 18:1:32 11: 27 Object(s) returned... [FETCH]
10/18/2017 18:1:32 11: [object Object],[object Object],[object Object],[object Object],[object Object],[object Object],[object Object],[object Object],[object Object],[object Object],[object Object],[object Object],[object Object],[object Object],[object Object],[object Object],[object Object],[object Object],[object Object],[object Object],[object Object],[object Object],[object Object],[object Object],[object Object],[object Object],[object Object]
10/18/2017 18:1:57 12: LIBQUERY with Callback: 
10/18/2017 18:1:57 12: Path request:/api/counting/4/
10/18/2017 18:1:57 12: Path header:undefined
10/18/2017 18:1:57 12: Path query:{"PARAM":["10/15/2017","11","000011.txt"]}
10/18/2017 18:1:57 12: BEGIN PKREQUESTMANAGER.CALLQUERY(12,'CNT0000004','abe','{HEINENS_CUSTOM_PROD}', '{10/15/2017,11,000011.txt}','{HN}', :cursor); END;
10/18/2017 18:1:57 13: LIBQUERY with Callback: 
10/18/2017 18:1:57 13: Path request:/api/counting/3/
10/18/2017 18:1:57 13: Path header:undefined
10/18/2017 18:1:57 13: Path query:{"PARAM":["10/15/2017","11","000011.txt"]}
10/18/2017 18:1:57 13: BEGIN PKREQUESTMANAGER.CALLQUERY(13,'CNT0000003','abe','{HEINENS_CUSTOM_PROD}', '{10/15/2017,11,000011.txt}','{HN}', :cursor); END;
10/18/2017 18:2:4 13: 1 Object(s) returned... [FETCH]
10/18/2017 18:2:4 13: [object Object]
10/18/2017 18:2:4 14: LIBQUERY with Callback: 
10/18/2017 18:2:4 14: Path request:/api/process/
10/18/2017 18:2:4 14: Path header:undefined
10/18/2017 18:2:4 14: Path query:{"PARAM":["10/15/2017","pssti12p","10 11"]}
10/18/2017 18:2:4 14: BEGIN PKREQUESTMANAGER.CALLQUERY(14,'BTH0000001','abe','{HEINENS_CUSTOM_PROD}', '{10/15/2017,pssti12p,10 11}','{HN}', :cursor); END;
10/18/2017 18:2:4 15: LIBQUERY with Callback: 
10/18/2017 18:2:4 15: Path request:/api/counting/5/
10/18/2017 18:2:4 15: Path header:undefined
10/18/2017 18:2:4 15: Path query:{"PARAM":["10/15/2017","11","000011.txt"]}
10/18/2017 18:2:4 15: BEGIN PKREQUESTMANAGER.CALLQUERY(15,'CNT0000005','abe','{HEINENS_CUSTOM_PROD}', '{10/15/2017,11,000011.txt}','{HN}', :cursor); END;
10/18/2017 18:2:4 16: LIBQUERY with Callback: 
10/18/2017 18:2:4 16: Path request:/api/counting/6/
10/18/2017 18:2:4 16: Path header:undefined
10/18/2017 18:2:4 16: Path query:{"PARAM":["10/15/2017","11","000011.txt"]}
10/18/2017 18:2:4 16: BEGIN PKREQUESTMANAGER.CALLQUERY(16,'CNT0000006','abe','{HEINENS_CUSTOM_PROD}', '{10/15/2017,11,000011.txt}','{HN}', :cursor); END;
10/18/2017 18:2:4 13: 6 Object(s) returned... [FETCH]
10/18/2017 18:2:4 13: [object Object],[object Object],[object Object],[object Object],[object Object],[object Object]
10/18/2017 18:2:8 16: 4 Object(s) returned... [FETCH]
10/18/2017 18:2:8 16: [object Object],[object Object],[object Object],[object Object]
10/18/2017 18:2:9 16: 81 Object(s) returned... [FETCH]
10/18/2017 18:2:9 16: [object Object],[object Object],[object Object],[object Object],[object Object],[object Object],[object Object],[object Object],[object Object],[object Object],[object Object],[object Object],[object Object],[object Object],[object Object],[object Object],[object Object],[object Object],[object Object],[object Object],[object Object],[object Object],[object Object],[object Object],[object Object],[object Object],[object Object],[object Object],[object Object],[object Object],[object Object],[object Object],[object Object],[object Object],[object Object],[object Object],[object Object],[object Object],[object Object],[object Object],[object Object],[object Object],[object Object],[object Object],[object Object],[object Object],[object Object],[object Object],[object Object],[object Object],[object Object],[object Object],[object Object],[object Object],[object Object],[object Object],[object Object],[object Object],[object Object],[object Object],[object Object],[object Object],[object Object],[object Object],[object Object],[object Object],[object Object],[object Object],[object Object],[object Object],[object Object],[object Object],[object Object],[object Object],[object Object],[object Object],[object Object],[object Object],[object Object],[object Object],[object Object]
10/18/2017 18:2:13 16: 23 Object(s) returned... [FETCH]
10/18/2017 18:2:13 16: [object Object],[object Object],[object Object],[object Object],[object Object],[object Object],[object Object],[object Object],[object Object],[object Object],[object Object],[object Object],[object Object],[object Object],[object Object],[object Object],[object Object],[object Object],[object Object],[object Object],[object Object],[object Object],[object Object]
10/18/2017 18:2:29 17: LIBQUERY with Callback: 
10/18/2017 18:2:29 17: Path request:/api/search/
10/18/2017 18:2:29 17: Path header:undefined
10/18/2017 18:2:29 17: Path query:{}
10/18/2017 18:2:29 17: BEGIN PKREQUESTMANAGER.CALLQUERY(17,'CLI0000001','abe','{HEINENS_CUSTOM_PROD}', '{undefined}','{HN}', :cursor); END;
10/18/2017 18:2:45 17: 0 Object(s) returned... [FETCH] :)
10/18/2017 18:2:55 18: LIBQUERY with Callback: 
10/18/2017 18:2:55 18: Path request:/api/search/
10/18/2017 18:2:55 18: Path header:undefined
10/18/2017 18:2:55 18: Path query:{}
10/18/2017 18:2:55 18: BEGIN PKREQUESTMANAGER.CALLQUERY(18,'CLI0000001','abe','{HEINENS_CUSTOM_PROD}', '{undefined}','{HN}', :cursor); END;
10/18/2017 18:3:15 18: 0 Object(s) returned... [FETCH] :)
10/18/2017 21:21:42 1: LIBQUERY with Callback: 
10/18/2017 21:21:42 1: Path request:/api/authentification/
10/18/2017 21:21:42 1: Path header:undefined
10/18/2017 21:21:42 1: Path query:{}
10/18/2017 21:21:42 1: BEGIN PKREQUESTMANAGER.CALLQUERY(1,'ADM0000001','abe','{}', '{abe,abe}','{}', :cursor); END;
10/18/2017 21:21:42 1: 1 Object(s) returned... [FETCH]
10/18/2017 21:21:42 1: [object Object]
10/18/2017 21:21:42 2: LIBQUERY with Callback: 
10/18/2017 21:21:42 2: Path request:/api/user/
10/18/2017 21:21:42 2: Path header:undefined
10/18/2017 21:21:42 2: Path query:{"USER_NAME":"abe"}
10/18/2017 21:21:42 2: BEGIN PKREQUESTMANAGER.CALLQUERY(2,'CLI0000002','abe','{}', '{abe}','{}', :cursor); END;
10/18/2017 21:21:42 3: LIBQUERY with Callback: 
10/18/2017 21:21:42 3: Path request:/api/environment/
10/18/2017 21:21:42 3: Path header:undefined
10/18/2017 21:21:42 3: Path query:{"USER_NAME":"abe"}
10/18/2017 21:21:42 3: BEGIN PKREQUESTMANAGER.CALLQUERY(3,'CLI0000003','abe','{}', '{abe}','{}', :cursor); END;
10/18/2017 21:21:42 3: 1 Object(s) returned... [FETCH]
10/18/2017 21:21:42 3: [object Object]
10/18/2017 21:21:42 3: 6 Object(s) returned... [FETCH]
10/18/2017 21:21:42 3: [object Object],[object Object],[object Object],[object Object],[object Object],[object Object]
10/18/2017 21:21:42 4: LIBQUERY with Callback: 
10/18/2017 21:21:42 4: Path request:/api/labels/
10/18/2017 21:21:42 4: Path header:undefined
10/18/2017 21:21:42 4: Path query:{}
10/18/2017 21:21:42 4: BEGIN PKREQUESTMANAGER.CALLQUERY(4,'LAB0000001','abe','{undefined}', '{undefined}','{HN}', :cursor); END;
10/18/2017 21:21:42 4: 36 Object(s) returned... [FETCH]
10/18/2017 21:21:42 4: [object Object],[object Object],[object Object],[object Object],[object Object],[object Object],[object Object],[object Object],[object Object],[object Object],[object Object],[object Object],[object Object],[object Object],[object Object],[object Object],[object Object],[object Object],[object Object],[object Object],[object Object],[object Object],[object Object],[object Object],[object Object],[object Object],[object Object],[object Object],[object Object],[object Object],[object Object],[object Object],[object Object],[object Object],[object Object],[object Object]
10/18/2017 21:21:51 5: LIBQUERY with Callback: 
10/18/2017 21:21:51 5: Path request:/api/counting/2/
10/18/2017 21:21:51 5: Path header:undefined
10/18/2017 21:21:51 5: Path query:{"PARAM":"10/17/2017"}
10/18/2017 21:21:51 5: BEGIN PKREQUESTMANAGER.CALLQUERY(5,'CNT0000002','abe','{HEINENS_CUSTOM_PROD}', '{10/17/2017}','{HN}', :cursor); END;
10/18/2017 21:21:58 5: 17 Object(s) returned... [FETCH]
10/18/2017 21:21:58 5: [object Object],[object Object],[object Object],[object Object],[object Object],[object Object],[object Object],[object Object],[object Object],[object Object],[object Object],[object Object],[object Object],[object Object],[object Object],[object Object],[object Object]
10/18/2017 21:22:4 6: LIBQUERY with Callback: 
10/18/2017 21:22:4 6: Path request:/api/counting/3/
10/18/2017 21:22:4 6: Path header:undefined
10/18/2017 21:22:4 6: Path query:{"PARAM":["10/17/2017","17","2017101517.csv"]}
10/18/2017 21:22:4 6: BEGIN PKREQUESTMANAGER.CALLQUERY(6,'CNT0000003','abe','{HEINENS_CUSTOM_PROD}', '{10/17/2017,17,2017101517.csv}','{HN}', :cursor); END;
10/18/2017 21:22:4 7: LIBQUERY with Callback: 
10/18/2017 21:22:4 7: Path request:/api/counting/4/
10/18/2017 21:22:4 7: Path header:undefined
10/18/2017 21:22:4 7: Path query:{"PARAM":["10/17/2017","17","2017101517.csv"]}
10/18/2017 21:22:4 7: BEGIN PKREQUESTMANAGER.CALLQUERY(7,'CNT0000004','abe','{HEINENS_CUSTOM_PROD}', '{10/17/2017,17,2017101517.csv}','{HN}', :cursor); END;
10/18/2017 21:22:12 7: 1 Object(s) returned... [FETCH]
10/18/2017 21:22:12 7: [object Object]
10/18/2017 21:22:12 8: LIBQUERY with Callback: 
10/18/2017 21:22:12 8: Path request:/api/process/
10/18/2017 21:22:12 8: Path header:undefined
10/18/2017 21:22:12 8: Path query:{"PARAM":["10/17/2017","pssti12p","10 17"]}
10/18/2017 21:22:12 8: BEGIN PKREQUESTMANAGER.CALLQUERY(8,'BTH0000001','abe','{HEINENS_CUSTOM_PROD}', '{10/17/2017,pssti12p,10 17}','{HN}', :cursor); END;
10/18/2017 21:22:12 9: LIBQUERY with Callback: 
10/18/2017 21:22:12 9: Path request:/api/counting/5/
10/18/2017 21:22:12 9: Path header:undefined
10/18/2017 21:22:12 9: Path query:{"PARAM":["10/17/2017","17","2017101517.csv"]}
10/18/2017 21:22:12 9: BEGIN PKREQUESTMANAGER.CALLQUERY(9,'CNT0000005','abe','{HEINENS_CUSTOM_PROD}', '{10/17/2017,17,2017101517.csv}','{HN}', :cursor); END;
10/18/2017 21:22:12 10: LIBQUERY with Callback: 
10/18/2017 21:22:12 10: Path request:/api/counting/6/
10/18/2017 21:22:12 10: Path header:undefined
10/18/2017 21:22:12 10: Path query:{"PARAM":["10/17/2017","17","2017101517.csv"]}
10/18/2017 21:22:12 10: BEGIN PKREQUESTMANAGER.CALLQUERY(10,'CNT0000006','abe','{HEINENS_CUSTOM_PROD}', '{10/17/2017,17,2017101517.csv}','{HN}', :cursor); END;
10/18/2017 21:22:12 7: 0 Object(s) returned... [FETCH] :)
10/18/2017 21:22:22 10: 63 Object(s) returned... [FETCH]
10/18/2017 21:22:22 10: [object Object],[object Object],[object Object],[object Object],[object Object],[object Object],[object Object],[object Object],[object Object],[object Object],[object Object],[object Object],[object Object],[object Object],[object Object],[object Object],[object Object],[object Object],[object Object],[object Object],[object Object],[object Object],[object Object],[object Object],[object Object],[object Object],[object Object],[object Object],[object Object],[object Object],[object Object],[object Object],[object Object],[object Object],[object Object],[object Object],[object Object],[object Object],[object Object],[object Object],[object Object],[object Object],[object Object],[object Object],[object Object],[object Object],[object Object],[object Object],[object Object],[object Object],[object Object],[object Object],[object Object],[object Object],[object Object],[object Object],[object Object],[object Object],[object Object],[object Object],[object Object],[object Object],[object Object]
10/18/2017 21:22:27 10: 4 Object(s) returned... [FETCH]
10/18/2017 21:22:27 10: [object Object],[object Object],[object Object],[object Object]
10/18/2017 21:22:37 10: 1543 Object(s) returned... [FETCH]
10/18/2017 21:22:37 10: [object Object],[object Object],[object Object],[object Object],[object Object],[object Object],[object Object],[object Object],[object Object],[object Object],[object Object],[object Object],[object Object],[object Object],[object Object],[object Object],[object Object],[object Object],[object Object],[object Object],[object Object],[object Object],[object Object],[object Object],[object Object],[object Object],[object Object],[object Object],[object Object],[object Object],[object Object],[object Object],[object Object],[object Object],[object Object],[object Object],[object Object],[object Object],[object Object],[object Object],[object Object],[object Object],[object Object],[object Object],[object Object],[object Object],[object Object],[object Object],[object Object],[object Object],[object Object],[object Object],[object Object],[object Object],[object Object],[object Object],[object Object],[object Object],[object Object],[object Object],[object Object],[object Object],[object Object],[object Object],[object Object],[object Object],[object Object],[object Object],[object Object],[object Object],[object Object],[object Object],[object Object],[object Object],[object Object],[object Object],[object Object],[object Object],[object Object],[object Object],[object Object],[object Object],[object Object],[object Object],[object Object],[object Object],[object Object],[object Object],[object Object],[object Object],[object Object],[object Object],[object Object],[object Object],[object Object],[object Object],[object Object],[object Object],[object Object],[object Object],[object Object],[object Object],[object Object],[object Object],[object Object],[object Object],[object Object],[object Object],[object Object],[object Object],[object Object],[object Object],[object Object],[object Object],[object Object],[object Object],[object Object],[object Object],[object Object],[object Object],[object Object],[object Object],[object Object],[object Object],[object Object],[object Object],[object Object],[object Object],[object Object],[object Object],[object Object],[object Object],[object Object],[object Object],[object Object],[object Object],[object Object],[object Object],[object Object],[object Object],[object Object],[object Object],[object Object],[object Object],[object Object],[object Object],[object Object],[object Object],[object Object],[object Object],[object Object],[object Object],[object Object],[object Object],[object Object],[object Object],[object Object],[object Object],[object Object],[object Object],[object Object],[object Object],[object Object],[object Object],[object Object],[object Object],[object Object],[object Object],[object Object],[object Object],[object Object],[object Object],[object Object],[object Object],[object Object],[object Object],[object Object],[object Object],[object Object],[object Object],[object Object],[object Object],[object Object],[object Object],[object Object],[object Object],[object Object],[object Object],[object Object],[object Object],[object Object],[object Object],[object Object],[object Object],[object Object],[object Object],[object Object],[object Object],[object Object],[object Object],[object Object],[object Object],[object Object],[object Object],[object Object],[object Object],[object Object],[object Object],[object Object],[object Object],[object Object],[object Object],[object Object],[object Object],[object Object],[object Object],[object Object],[object Object],[object Object],[object Object],[object Object],[object Object],[object Object],[object Object],[object Object],[object Object],[object Object],[object Object],[object Object],[object Object],[object Object],[object Object],[object Object],[object Object],[object Object],[object Object],[object Object],[object Object],[object Object],[object Object],[object Object],[object Object],[object Object],[object Object],[object Object],[object Object],[object Object],[object Object],[object Object],[object Object],[object Object],[object Object],[object Object],[object Object],[object Object],[object Object],[object Object],[object Object],[object Object],[object Object],[object Object],[object Object],[object Object],[object Object],[object Object],[object Object],[object Object],[object Object],[object Object],[object Object],[object Object],[object Object],[object Object],[object Object],[object Object],[object Object],[object Object],[object Object],[object Object],[object Object],[object Object],[object Object],[object Object],[object Object],[object Object],[object Object],[object Object],[object Object],[object Object],[object Object],[object Object],[object Object],[object Object],[object Object],[object Object],[object Object],[object Object],[object Object],[object Object],[object Object],[object Object],[object Object],[object Object],[object Object],[object Object],[object Object],[object Object],[object Object],[object Object],[object Object],[object Object],[object Object],[object Object],[object Object],[object Object],[object Object],[object Object],[object Object],[object Object],[object Object],[object Object],[object Object],[object Object],[object Object],[object Object],[object Object],[object Object],[object Object],[object Object],[object Object],[object Object],[object Object],[object Object],[object Object],[object Object],[object Object],[object Object],[object Object],[object Object],[object Object],[object Object],[object Object],[object Object],[object Object],[object Object],[object Object],[object Object],[object Object],[object Object],[object Object],[object Object],[object Object],[object Object],[object Object],[object Object],[object Object],[object Object],[object Object],[object Object],[object Object],[object Object],[object Object],[object Object],[object Object],[object Object],[object Object],[object Object],[object Object],[object Object],[object Object],[object Object],[object Object],[object Object],[object Object],[object Object],[object Object],[object Object],[object Object],[object Object],[object Object],[object Object],[object Object],[object Object],[object Object],[object Object],[object Object],[object Object],[object Object],[object Object],[object Object],[object Object],[object Object],[object Object],[object Object],[object Object],[object Object],[object Object],[object Object],[object Object],[object Object],[object Object],[object Object],[object Object],[object Object],[object Object],[object Object],[object Object],[object Object],[object Object],[object Object],[object Object],[object Object],[object Object],[object Object],[object Object],[object Object],[object Object],[object Object],[object Object],[object Object],[object Object],[object Object],[object Object],[object Object],[object Object],[object Object],[object Object],[object Object],[object Object],[object Object],[object Object],[object Object],[object Object],[object Object],[object Object],[object Object],[object Object],[object Object],[object Object],[object Object],[object Object],[object Object],[object Object],[object Object],[object Object],[object Object],[object Object],[object Object],[object Object],[object Object],[object Object],[object Object],[object Object],[object Object],[object Object],[object Object],[object Object],[object Object],[object Object],[object Object],[object Object],[object Object],[object Object],[object Object],[object Object],[object Object],[object Object],[object Object],[object Object],[object Object],[object Object],[object Object],[object Object],[object Object],[object Object],[object Object],[object Object],[object Object],[object Object],[object Object],[object Object],[object Object],[object Object],[object Object],[object Object],[object Object],[object Object],[object Object],[object Object],[object Object],[object Object],[object Object],[object Object],[object Object],[object Object],[object Object],[object Object],[object Object],[object Object],[object Object],[object Object],[object Object],[object Object],[object Object],[object Object],[object Object],[object Object],[object Object],[object Object],[object Object],[object Object],[object Object],[object Object],[object Object],[object Object],[object Object],[object Object],[object Object],[object Object],[object Object],[object Object],[object Object],[object Object],[object Object],[object Object],[object Object],[object Object],[object Object],[object Object],[object Object],[object Object],[object Object],[object Object],[object Object],[object Object],[object Object],[object Object],[object Object],[object Object],[object Object],[object Object],[object Object],[object Object],[object Object],[object Object],[object Object],[object Object],[object Object],[object Object],[object Object],[object Object],[object Object],[object Object],[object Object],[object Object],[object Object],[object Object],[object Object],[object Object],[object Object],[object Object],[object Object],[object Object],[object Object],[object Object],[object Object],[object Object],[object Object],[object Object],[object Object],[object Object],[object Object],[object Object],[object Object],[object Object],[object Object],[object Object],[object Object],[object Object],[object Object],[object Object],[object Object],[object Object],[object Object],[object Object],[object Object],[object Object],[object Object],[object Object],[object Object],[object Object],[object Object],[object Object],[object Object],[object Object],[object Object],[object Object],[object Object],[object Object],[object Object],[object Object],[object Object],[object Object],[object Object],[object Object],[object Object],[object Object],[object Object],[object Object],[object Object],[object Object],[object Object],[object Object],[object Object],[object Object],[object Object],[object Object],[object Object],[object Object],[object Object],[object Object],[object Object],[object Object],[object Object],[object Object],[object Object],[object Object],[object Object],[object Object],[object Object],[object Object],[object Object],[object Object],[object Object],[object Object],[object Object],[object Object],[object Object],[object Object],[object Object],[object Object],[object Object],[object Object],[object Object],[object Object],[object Object],[object Object],[object Object],[object Object],[object Object],[object Object],[object Object],[object Object],[object Object],[object Object],[object Object],[object Object],[object Object],[object Object],[object Object],[object Object],[object Object],[object Object],[object Object],[object Object],[object Object],[object Object],[object Object],[object Object],[object Object],[object Object],[object Object],[object Object],[object Object],[object Object],[object Object],[object Object],[object Object],[object Object],[object Object],[object Object],[object Object],[object Object],[object Object],[object Object],[object Object],[object Object],[object Object],[object Object],[object Object],[object Object],[object Object],[object Object],[object Object],[object Object],[object Object],[object Object],[object Object],[object Object],[object Object],[object Object],[object Object],[object Object],[object Object],[object Object],[object Object],[object Object],[object Object],[object Object],[object Object],[object Object],[object Object],[object Object],[object Object],[object Object],[object Object],[object Object],[object Object],[object Object],[object Object],[object Object],[object Object],[object Object],[object Object],[object Object],[object Object],[object Object],[object Object],[object Object],[object Object],[object Object],[object Object],[object Object],[object Object],[object Object],[object Object],[object Object],[object Object],[object Object],[object Object],[object Object],[object Object],[object Object],[object Object],[object Object],[object Object],[object Object],[object Object],[object Object],[object Object],[object Object],[object Object],[object Object],[object Object],[object Object],[object Object],[object Object],[object Object],[object Object],[object Object],[object Object],[object Object],[object Object],[object Object],[object Object],[object Object],[object Object],[object Object],[object Object],[object Object],[object Object],[object Object],[object Object],[object Object],[object Object],[object Object],[object Object],[object Object],[object Object],[object Object],[object Object],[object Object],[object Object],[object Object],[object Object],[object Object],[object Object],[object Object],[object Object],[object Object],[object Object],[object Object],[object Object],[object Object],[object Object],[object Object],[object Object],[object Object],[object Object],[object Object],[object Object],[object Object],[object Object],[object Object],[object Object],[object Object],[object Object],[object Object],[object Object],[object Object],[object Object],[object Object],[object Object],[object Object],[object Object],[object Object],[object Object],[object Object],[object Object],[object Object],[object Object],[object Object],[object Object],[object Object],[object Object],[object Object],[object Object],[object Object],[object Object],[object Object],[object Object],[object Object],[object Object],[object Object],[object Object],[object Object],[object Object],[object Object],[object Object],[object Object],[object Object],[object Object],[object Object],[object Object],[object Object],[object Object],[object Object],[object Object],[object Object],[object Object],[object Object],[object Object],[object Object],[object Object],[object Object],[object Object],[object Object],[object Object],[object Object],[object Object],[object Object],[object Object],[object Object],[object Object],[object Object],[object Object],[object Object],[object Object],[object Object],[object Object],[object Object],[object Object],[object Object],[object Object],[object Object],[object Object],[object Object],[object Object],[object Object],[object Object],[object Object],[object Object],[object Object],[object Object],[object Object],[object Object],[object Object],[object Object],[object Object],[object Object],[object Object],[object Object],[object Object],[object Object],[object Object],[object Object],[object Object],[object Object],[object Object],[object Object],[object Object],[object Object],[object Object],[object Object],[object Object],[object Object],[object Object],[object Object],[object Object],[object Object],[object Object],[object Object],[object Object],[object Object],[object Object],[object Object],[object Object],[object Object],[object Object],[object Object],[object Object],[object Object],[object Object],[object Object],[object Object],[object Object],[object Object],[object Object],[object Object],[object Object],[object Object],[object Object],[object Object],[object Object],[object Object],[object Object],[object Object],[object Object],[object Object],[object Object],[object Object],[object Object],[object Object],[object Object],[object Object],[object Object],[object Object],[object Object],[object Object],[object Object],[object Object],[object Object],[object Object],[object Object],[object Object],[object Object],[object Object],[object Object],[object Object],[object Object],[object Object],[object Object],[object Object],[object Object],[object Object],[object Object],[object Object],[object Object],[object Object],[object Object],[object Object],[object Object],[object Object],[object Object],[object Object],[object Object],[object Object],[object Object],[object Object],[object Object],[object Object],[object Object],[object Object],[object Object],[object Object],[object Object],[object Object],[object Object],[object Object],[object Object],[object Object],[object Object],[object Object],[object Object],[object Object],[object Object],[object Object],[object Object],[object Object],[object Object],[object Object],[object Object],[object Object],[object Object],[object Object],[object Object],[object Object],[object Object],[object Object],[object Object],[object Object],[object Object],[object Object],[object Object],[object Object],[object Object],[object Object],[object Object],[object Object],[object Object],[object Object],[object Object],[object Object],[object Object],[object Object],[object Object],[object Object],[object Object],[object Object],[object Object],[object Object],[object Object],[object Object],[object Object],[object Object],[object Object],[object Object],[object Object],[object Object],[object Object],[object Object],[object Object],[object Object],[object Object],[object Object],[object Object],[object Object],[object Object],[object Object],[object Object],[object Object],[object Object],[object Object],[object Object],[object Object],[object Object],[object Object],[object Object],[object Object],[object Object],[object Object],[object Object],[object Object],[object Object],[object Object],[object Object],[object Object],[object Object],[object Object],[object Object],[object Object],[object Object],[object Object],[object Object],[object Object],[object Object],[object Object],[object Object],[object Object],[object Object],[object Object],[object Object],[object Object],[object Object],[object Object],[object Object],[object Object],[object Object],[object Object],[object Object],[object Object],[object Object],[object Object],[object Object],[object Object],[object Object],[object Object],[object Object],[object Object],[object Object],[object Object],[object Object],[object Object],[object Object],[object Object],[object Object],[object Object],[object Object],[object Object],[object Object],[object Object],[object Object],[object Object],[object Object],[object Object],[object Object],[object Object],[object Object],[object Object],[object Object],[object Object],[object Object],[object Object],[object Object],[object Object],[object Object],[object Object],[object Object],[object Object],[object Object],[object Object],[object Object],[object Object],[object Object],[object Object],[object Object],[object Object],[object Object],[object Object],[object Object],[object Object],[object Object],[object Object],[object Object],[object Object],[object Object],[object Object],[object Object],[object Object],[object Object],[object Object],[object Object],[object Object],[object Object],[object Object],[object Object],[object Object],[object Object],[object Object],[object Object],[object Object],[object Object],[object Object],[object Object],[object Object],[object Object],[object Object],[object Object],[object Object],[object Object],[object Object],[object Object],[object Object],[object Object],[object Object],[object Object],[object Object],[object Object],[object Object],[object Object],[object Object],[object Object],[object Object],[object Object],[object Object],[object Object],[object Object],[object Object],[object Object],[object Object],[object Object],[object Object],[object Object],[object Object],[object Object],[object Object],[object Object],[object Object],[object Object],[object Object],[object Object],[object Object],[object Object],[object Object],[object Object],[object Object],[object Object],[object Object],[object Object],[object Object],[object Object],[object Object],[object Object],[object Object],[object Object],[object Object],[object Object],[object Object],[object Object],[object Object],[object Object],[object Object],[object Object],[object Object],[object Object],[object Object],[object Object],[object Object],[object Object],[object Object],[object Object],[object Object],[object Object],[object Object],[object Object],[object Object],[object Object],[object Object],[object Object],[object Object],[object Object],[object Object],[object Object],[object Object],[object Object],[object Object],[object Object],[object Object],[object Object],[object Object],[object Object],[object Object],[object Object],[object Object],[object Object],[object Object],[object Object],[object Object],[object Object],[object Object],[object Object],[object Object],[object Object],[object Object],[object Object],[object Object],[object Object],[object Object],[object Object],[object Object],[object Object],[object Object],[object Object],[object Object],[object Object],[object Object],[object Object],[object Object],[object Object],[object Object],[object Object],[object Object],[object Object],[object Object],[object Object],[object Object],[object Object],[object Object],[object Object],[object Object],[object Object],[object Object],[object Object],[object Object],[object Object],[object Object],[object Object],[object Object],[object Object],[object Object],[object Object],[object Object],[object Object],[object Object],[object Object],[object Object],[object Object],[object Object],[object Object],[object Object],[object Object],[object Object],[object Object],[object Object],[object Object],[object Object],[object Object],[object Object],[object Object],[object Object],[object Object],[object Object],[object Object],[object Object],[object Object],[object Object],[object Object],[object Object],[object Object],[object Object],[object Object],[object Object],[object Object],[object Object],[object Object],[object Object],[object Object],[object Object],[object Object],[object Object],[object Object],[object Object],[object Object],[object Object],[object Object],[object Object],[object Object],[object Object],[object Object],[object Object],[object Object],[object Object],[object Object],[object Object],[object Object],[object Object],[object Object],[object Object],[object Object],[object Object],[object Object],[object Object],[object Object],[object Object],[object Object],[object Object],[object Object],[object Object],[object Object],[object Object],[object Object],[object Object],[object Object],[object Object],[object Object],[object Object],[object Object],[object Object],[object Object],[object Object],[object Object],[object Object],[object Object],[object Object],[object Object],[object Object],[object Object],[object Object],[object Object],[object Object],[object Object],[object Object],[object Object],[object Object],[object Object],[object Object],[object Object],[object Object],[object Object],[object Object],[object Object],[object Object],[object Object],[object Object],[object Object],[object Object],[object Object],[object Object],[object Object],[object Object],[object Object],[object Object],[object Object],[object Object],[object Object],[object Object],[object Object],[object Object],[object Object],[object Object],[object Object],[object Object],[object Object],[object Object],[object Object],[object Object],[object Object],[object Object],[object Object],[object Object],[object Object],[object Object],[object Object],[object Object],[object Object],[object Object],[object Object],[object Object],[object Object],[object Object],[object Object],[object Object],[object Object],[object Object],[object Object],[object Object],[object Object],[object Object],[object Object],[object Object],[object Object],[object Object],[object Object],[object Object],[object Object],[object Object],[object Object],[object Object],[object Object],[object Object],[object Object],[object Object],[object Object],[object Object],[object Object],[object Object],[object Object],[object Object],[object Object],[object Object],[object Object],[object Object],[object Object],[object Object],[object Object],[object Object],[object Object],[object Object],[object Object],[object Object],[object Object],[object Object],[object Object],[object Object],[object Object],[object Object],[object Object],[object Object],[object Object],[object Object],[object Object],[object Object],[object Object],[object Object],[object Object],[object Object],[object Object],[object Object],[object Object],[object Object],[object Object],[object Object],[object Object],[object Object],[object Object],[object Object],[object Object],[object Object],[object Object],[object Object],[object Object],[object Object],[object Object],[object Object],[object Object],[object Object],[object Object],[object Object],[object Object],[object Object],[object Object],[object Object],[object Object],[object Object],[object Object],[object Object],[object Object],[object Object],[object Object],[object Object],[object Object],[object Object],[object Object],[object Object],[object Object],[object Object],[object Object],[object Object],[object Object],[object Object],[object Object],[object Object],[object Object]
