10/18/2017 18:0:21 1: ********* Resulset 2222 *********** : {"metaData":[{"name":"USERID"},{"name":"USERFNAME"},{"name":"USERLNAME"},{"name":"USEREMAIL"},{"name":"USERMOBILE"}]}
10/18/2017 18:0:29 2: ********* Resulset 2222 *********** : {"metaData":[{"name":"USERID"},{"name":"USERFNAME"},{"name":"USERLNAME"},{"name":"USEREMAIL"},{"name":"USERMOBILE"}]}
10/18/2017 18:0:29 4: ********* Resulset 2222 *********** : {"metaData":[{"name":"USERID"},{"name":"USERCORPID"},{"name":"USERPASS"},{"name":"USERAUTH"},{"name":"USERLANG"},{"name":"USERPROF"},{"name":"USERAPPLI"},{"name":"USERFNAME"},{"name":"USERLNAME"},{"name":"USEREMAIL"},{"name":"USERMOBILE"},{"name":"USERTEAM"},{"name":"USERACTIVE"},{"name":"USERDCRE"},{"name":"USERDMAJ"},{"name":"USERUTIL"},{"name":"USERTYPE"}]}
10/18/2017 18:0:29 4: ********* Resulset 2222 *********** : {"metaData":[{"name":"LEVEL"},{"name":"ENVID"},{"name":"ENVCORPID"},{"name":"ENVCODE"},{"name":"ENVTYPE"},{"name":"ENVACTIVE"},{"name":"ENVSDESC"},{"name":"ENVLDESC"},{"name":"ENVDBTYPE"},{"name":"ENVIP"},{"name":"ENVPORT"},{"name":"ENVUSER"},{"name":"ENVPASSWORD"},{"name":"ENVSOURCE"},{"name":"ENVDBLINK"},{"name":"ENVDEFAULT"},{"name":"ENVDCRE"},{"name":"ENVDMAJ"},{"name":"ENVUTIL"},{"name":"ENVVERSION"},{"name":"ENVDEFLANG"}]}
10/18/2017 18:0:30 5: ********* Resulset 2222 *********** : {"metaData":[{"name":"LABID"},{"name":"LABTYPE"},{"name":"LABDESC"},{"name":"LABLANG"},{"name":"LABDCRE"},{"name":"LABDMAJ"},{"name":"LABUTIL"}]}
10/18/2017 18:1:0 6: ********* Resulset 2222 *********** : {"metaData":[{"name":"TOTAL"},{"name":"TRT"},{"name":"SITE"},{"name":"SOCLMAG"},{"name":"INVDATE"},{"name":"FILENAME"},{"name":"COMPANY"},{"name":"CREATEDAT"},{"name":"UPDATEDAT"}]}
10/18/2017 18:1:14 8: ********* Resulset 2222 *********** : {"metaData":[{"name":"TOTAL"},{"name":"TRT"},{"name":"SITE"},{"name":"SOCLMAG"},{"name":"INVDATE"},{"name":"FILENAME"},{"name":"COMPANY"}]}
10/18/2017 18:1:16 11: ********* Resulset 2222 *********** : {"metaData":[{"name":"IETSITE"},{"name":"STEP"},{"name":"STEPLABEL"},{"name":"STATUS"},{"name":"UPDATE"}]}
10/18/2017 18:1:20 11: ********* Resulset 2222 *********** : {"metaData":[{"name":"STEP"},{"name":"UPC"},{"name":"SITE"},{"name":"ITEMDESC"},{"name":"ITEM"},{"name":"QTY"},{"name":"FILE"},{"name":"LINE"},{"name":"TRT"},{"name":"NERR"},{"name":"MESS"}]}
10/18/2017 18:1:22 11: ********* Resulset 2222 *********** : {"metaData":[{"name":"BATCHNAME"},{"name":"DATESTART"},{"name":"STARTAT"},{"name":"ENDAT"},{"name":"DURATION"},{"name":"PARAMETER"},{"name":"BATCHID"}]}
10/18/2017 18:1:32 11: ********* Resulset 2222 *********** : {"metaData":[{"name":"SITE"},{"name":"TMVT"},{"name":"DESC"},{"name":"ITEM"},{"name":"LV"},{"name":"ITEMDESC"},{"name":"QTY"},{"name":"CREATEDAT"},{"name":"UPDATEDAT"},{"name":"USER"}]}
10/18/2017 18:2:4 13: ********* Resulset 2222 *********** : {"metaData":[{"name":"TOTAL"},{"name":"TRT"},{"name":"SITE"},{"name":"SOCLMAG"},{"name":"INVDATE"},{"name":"FILENAME"},{"name":"COMPANY"}]}
10/18/2017 18:2:4 13: ********* Resulset 2222 *********** : {"metaData":[{"name":"IETSITE"},{"name":"STEP"},{"name":"STEPLABEL"},{"name":"STATUS"},{"name":"UPDATE"}]}
10/18/2017 18:2:8 16: ********* Resulset 2222 *********** : {"metaData":[{"name":"BATCHNAME"},{"name":"DATESTART"},{"name":"STARTAT"},{"name":"ENDAT"},{"name":"DURATION"},{"name":"PARAMETER"},{"name":"BATCHID"}]}
10/18/2017 18:2:9 16: ********* Resulset 2222 *********** : {"metaData":[{"name":"STEP"},{"name":"UPC"},{"name":"SITE"},{"name":"ITEMDESC"},{"name":"ITEM"},{"name":"QTY"},{"name":"FILE"},{"name":"LINE"},{"name":"TRT"},{"name":"NERR"},{"name":"MESS"}]}
10/18/2017 18:2:13 16: ********* Resulset 2222 *********** : {"metaData":[{"name":"SITE"},{"name":"TMVT"},{"name":"DESC"},{"name":"ITEM"},{"name":"LV"},{"name":"ITEMDESC"},{"name":"QTY"},{"name":"CREATEDAT"},{"name":"UPDATEDAT"},{"name":"USER"}]}
10/18/2017 18:2:45 17: ********* Resulset 2222 *********** : {"metaData":[{"name":"COL1"},{"name":"COL2"},{"name":"COL3"},{"name":"COL4"},{"name":"COL5"},{"name":"COL6"}]}
10/18/2017 18:3:15 18: ********* Resulset 2222 *********** : {"metaData":[{"name":"COL1"},{"name":"COL2"},{"name":"COL3"},{"name":"COL4"},{"name":"COL5"},{"name":"COL6"}]}
10/18/2017 21:21:42 1: ********* Resulset 2222 *********** : {"metaData":[{"name":"USERID"},{"name":"USERFNAME"},{"name":"USERLNAME"},{"name":"USEREMAIL"},{"name":"USERMOBILE"}]}
10/18/2017 21:21:42 3: ********* Resulset 2222 *********** : {"metaData":[{"name":"USERID"},{"name":"USERCORPID"},{"name":"USERPASS"},{"name":"USERAUTH"},{"name":"USERLANG"},{"name":"USERPROF"},{"name":"USERAPPLI"},{"name":"USERFNAME"},{"name":"USERLNAME"},{"name":"USEREMAIL"},{"name":"USERMOBILE"},{"name":"USERTEAM"},{"name":"USERACTIVE"},{"name":"USERDCRE"},{"name":"USERDMAJ"},{"name":"USERUTIL"},{"name":"USERTYPE"}]}
10/18/2017 21:21:42 3: ********* Resulset 2222 *********** : {"metaData":[{"name":"LEVEL"},{"name":"ENVID"},{"name":"ENVCORPID"},{"name":"ENVCODE"},{"name":"ENVTYPE"},{"name":"ENVACTIVE"},{"name":"ENVSDESC"},{"name":"ENVLDESC"},{"name":"ENVDBTYPE"},{"name":"ENVIP"},{"name":"ENVPORT"},{"name":"ENVUSER"},{"name":"ENVPASSWORD"},{"name":"ENVSOURCE"},{"name":"ENVDBLINK"},{"name":"ENVDEFAULT"},{"name":"ENVDCRE"},{"name":"ENVDMAJ"},{"name":"ENVUTIL"},{"name":"ENVVERSION"},{"name":"ENVDEFLANG"}]}
10/18/2017 21:21:42 4: ********* Resulset 2222 *********** : {"metaData":[{"name":"LABID"},{"name":"LABTYPE"},{"name":"LABDESC"},{"name":"LABLANG"},{"name":"LABDCRE"},{"name":"LABDMAJ"},{"name":"LABUTIL"}]}
10/18/2017 21:21:58 5: ********* Resulset 2222 *********** : {"metaData":[{"name":"TOTAL"},{"name":"TRT"},{"name":"SITE"},{"name":"SOCLMAG"},{"name":"INVDATE"},{"name":"FILENAME"},{"name":"COMPANY"},{"name":"CREATEDAT"},{"name":"UPDATEDAT"}]}
10/18/2017 21:22:12 7: ********* Resulset 2222 *********** : {"metaData":[{"name":"TOTAL"},{"name":"TRT"},{"name":"SITE"},{"name":"SOCLMAG"},{"name":"INVDATE"},{"name":"FILENAME"},{"name":"COMPANY"}]}
10/18/2017 21:22:12 7: ********* Resulset 2222 *********** : {"metaData":[{"name":"IETSITE"},{"name":"STEP"},{"name":"STEPLABEL"},{"name":"STATUS"},{"name":"UPDATE"}]}
10/18/2017 21:22:22 10: ********* Resulset 2222 *********** : {"metaData":[{"name":"STEP"},{"name":"UPC"},{"name":"SITE"},{"name":"ITEMDESC"},{"name":"ITEM"},{"name":"QTY"},{"name":"FILE"},{"name":"LINE"},{"name":"TRT"},{"name":"NERR"},{"name":"MESS"}]}
10/18/2017 21:22:27 10: ********* Resulset 2222 *********** : {"metaData":[{"name":"BATCHNAME"},{"name":"DATESTART"},{"name":"STARTAT"},{"name":"ENDAT"},{"name":"DURATION"},{"name":"PARAMETER"},{"name":"BATCHID"}]}
10/18/2017 21:22:37 10: ********* Resulset 2222 *********** : {"metaData":[{"name":"SITE"},{"name":"TMVT"},{"name":"DESC"},{"name":"ITEM"},{"name":"LV"},{"name":"ITEMDESC"},{"name":"QTY"},{"name":"CREATEDAT"},{"name":"UPDATEDAT"},{"name":"USER"}]}
