8/2/2017 20:6:16 1: LIBQUERY with Callback: 
8/2/2017 20:6:16 1: Path request:/api/authentification/
8/2/2017 20:6:16 1: Path header:undefined
8/2/2017 20:6:16 1: Path query:{}
8/2/2017 20:6:16 1: BEGIN PKREQUESTMANAGER.CALLQUERY(1,'ADM0000001','abe','{}', '{abe,abe}','{}', :cursor); END;
8/2/2017 20:6:17 1: 1 Object(s) returned... [FETCH]
8/2/2017 20:6:17 1: [object Object]
8/2/2017 20:6:17 2: LIBQUERY with Callback: 
8/2/2017 20:6:17 2: Path request:/api/user/
8/2/2017 20:6:17 2: Path header:undefined
8/2/2017 20:6:17 2: Path query:{"USER_NAME":"abe"}
8/2/2017 20:6:17 2: BEGIN PKREQUESTMANAGER.CALLQUERY(2,'CLI0000002','abe','{}', '{abe}','{}', :cursor); END;
8/2/2017 20:6:17 3: LIBQUERY with Callback: 
8/2/2017 20:6:17 3: Path request:/api/environment/
8/2/2017 20:6:17 3: Path header:undefined
8/2/2017 20:6:17 3: Path query:{"USER_NAME":"abe"}
8/2/2017 20:6:17 3: BEGIN PKREQUESTMANAGER.CALLQUERY(3,'CLI0000003','abe','{}', '{abe}','{}', :cursor); END;
8/2/2017 20:6:17 3: 1 Object(s) returned... [FETCH]
8/2/2017 20:6:17 3: [object Object]
8/2/2017 20:6:17 3: 6 Object(s) returned... [FETCH]
8/2/2017 20:6:17 3: [object Object],[object Object],[object Object],[object Object],[object Object],[object Object]
8/2/2017 20:6:17 4: LIBQUERY with Callback: 
8/2/2017 20:6:17 4: Path request:/api/labels/
8/2/2017 20:6:17 4: Path header:undefined
8/2/2017 20:6:17 4: Path query:{}
8/2/2017 20:6:17 4: BEGIN PKREQUESTMANAGER.CALLQUERY(4,'LAB0000001','abe','{undefined}', '{undefined}','{HN}', :cursor); END;
8/2/2017 20:6:17 4: 36 Object(s) returned... [FETCH]
8/2/2017 20:6:17 4: [object Object],[object Object],[object Object],[object Object],[object Object],[object Object],[object Object],[object Object],[object Object],[object Object],[object Object],[object Object],[object Object],[object Object],[object Object],[object Object],[object Object],[object Object],[object Object],[object Object],[object Object],[object Object],[object Object],[object Object],[object Object],[object Object],[object Object],[object Object],[object Object],[object Object],[object Object],[object Object],[object Object],[object Object],[object Object],[object Object]
8/2/2017 20:8:18 5: LIBQUERY with Callback: 
8/2/2017 20:8:18 5: Path request:/api/authentification/
8/2/2017 20:8:18 5: Path header:undefined
8/2/2017 20:8:18 5: Path query:{}
8/2/2017 20:8:18 5: BEGIN PKREQUESTMANAGER.CALLQUERY(5,'ADM0000001','abe','{}', '{abe,kkllk}','{}', :cursor); END;
8/2/2017 20:8:18 5: 0 Object(s) returned... [FETCH] :)
8/2/2017 20:8:36 6: LIBQUERY with Callback: 
8/2/2017 20:8:36 6: Path request:/api/authentification/
8/2/2017 20:8:36 6: Path header:undefined
8/2/2017 20:8:36 6: Path query:{}
8/2/2017 20:8:36 6: BEGIN PKREQUESTMANAGER.CALLQUERY(6,'ADM0000001','abe','{}', '{abe,abe}','{}', :cursor); END;
8/2/2017 20:8:36 6: 1 Object(s) returned... [FETCH]
8/2/2017 20:8:36 6: [object Object]
8/2/2017 20:8:36 7: LIBQUERY with Callback: 
8/2/2017 20:8:36 7: Path request:/api/user/
8/2/2017 20:8:36 7: Path header:undefined
8/2/2017 20:8:36 7: Path query:{"USER_NAME":"abe"}
8/2/2017 20:8:36 7: BEGIN PKREQUESTMANAGER.CALLQUERY(7,'CLI0000002','abe','{}', '{abe}','{}', :cursor); END;
8/2/2017 20:8:36 8: LIBQUERY with Callback: 
8/2/2017 20:8:36 8: Path request:/api/environment/
8/2/2017 20:8:36 8: Path header:undefined
8/2/2017 20:8:36 8: Path query:{"USER_NAME":"abe"}
8/2/2017 20:8:36 8: BEGIN PKREQUESTMANAGER.CALLQUERY(8,'CLI0000003','abe','{}', '{abe}','{}', :cursor); END;
8/2/2017 20:8:36 9: LIBQUERY with Callback: 
8/2/2017 20:8:36 9: Path request:/api/labels/
8/2/2017 20:8:36 9: Path header:undefined
8/2/2017 20:8:36 9: Path query:{}
8/2/2017 20:8:36 9: BEGIN PKREQUESTMANAGER.CALLQUERY(9,'LAB0000001','abe','{undefined}', '{undefined}','{}', :cursor); END;
8/2/2017 20:8:36 9: 1 Object(s) returned... [FETCH]
8/2/2017 20:8:36 9: [object Object]
8/2/2017 20:8:36 9: 6 Object(s) returned... [FETCH]
8/2/2017 20:8:36 9: [object Object],[object Object],[object Object],[object Object],[object Object],[object Object]
8/2/2017 20:8:36 9: 36 Object(s) returned... [FETCH]
8/2/2017 20:8:36 9: [object Object],[object Object],[object Object],[object Object],[object Object],[object Object],[object Object],[object Object],[object Object],[object Object],[object Object],[object Object],[object Object],[object Object],[object Object],[object Object],[object Object],[object Object],[object Object],[object Object],[object Object],[object Object],[object Object],[object Object],[object Object],[object Object],[object Object],[object Object],[object Object],[object Object],[object Object],[object Object],[object Object],[object Object],[object Object],[object Object]
8/2/2017 20:11:24 10: LIBQUERY with Callback: 
8/2/2017 20:11:24 10: Path request:/api/supplierschedule/
8/2/2017 20:11:24 10: Path header:undefined
8/2/2017 20:11:24 10: Path query:{"PARAM":"SH/ERWOOD"}
8/2/2017 20:11:24 10: BEGIN PKREQUESTMANAGER.CALLQUERY(10,'SUP0000001','abe','{HEINENS_CEN_UAT}', '{SH/ERWOOD}','{HN}', :cursor); END;
8/2/2017 20:11:47 11: LIBQUERY with Callback: 
8/2/2017 20:11:47 11: Path request:/api/supplierschedule/
8/2/2017 20:11:47 11: Path header:undefined
8/2/2017 20:11:47 11: Path query:{"PARAM":"SHERWOOD"}
8/2/2017 20:11:47 11: BEGIN PKREQUESTMANAGER.CALLQUERY(11,'SUP0000001','abe','{HEINENS_CEN_UAT}', '{SHERWOOD}','{HN}', :cursor); END;
8/2/2017 20:12:17 12: LIBQUERY with Callback: 
8/2/2017 20:12:17 12: Path request:/api/supplierschedule/
8/2/2017 20:12:17 12: Path header:undefined
8/2/2017 20:12:17 12: Path query:{"PARAM":"08065"}
8/2/2017 20:12:17 12: BEGIN PKREQUESTMANAGER.CALLQUERY(12,'SUP0000001','abe','{HEINENS_CEN_UAT}', '{08065}','{HN}', :cursor); END;
8/2/2017 20:13:4 13: LIBQUERY with Callback: 
8/2/2017 20:13:4 13: Path request:/api/supplierschedule/
8/2/2017 20:13:4 13: Path header:undefined
8/2/2017 20:13:4 13: Path query:{"PARAM":"SHERWOOD"}
8/2/2017 20:13:4 13: BEGIN PKREQUESTMANAGER.CALLQUERY(13,'SUP0000001','abe','{HEINENS_CEN_UAT}', '{SHERWOOD}','{HN}', :cursor); END;
8/2/2017 20:13:57 14: LIBQUERY with Callback: 
8/2/2017 20:13:57 14: Path request:/api/supplierschedule/
8/2/2017 20:13:57 14: Path header:undefined
8/2/2017 20:13:57 14: Path query:{"PARAM":"SHERWOOD"}
8/2/2017 20:13:57 14: BEGIN PKREQUESTMANAGER.CALLQUERY(14,'SUP0000001','abe','{HEINENS_CUSTOM_PROD}', '{SHERWOOD}','{HN}', :cursor); END;
8/2/2017 20:15:14 15: LIBQUERY with Callback: 
8/2/2017 20:15:14 15: Path request:/api/authentification/
8/2/2017 20:15:14 15: Path header:undefined
8/2/2017 20:15:14 15: Path query:{}
8/2/2017 20:15:14 15: BEGIN PKREQUESTMANAGER.CALLQUERY(15,'ADM0000001','abe','{}', '{abe,abe}','{}', :cursor); END;
8/2/2017 20:15:14 15: 1 Object(s) returned... [FETCH]
8/2/2017 20:15:14 15: [object Object]
8/2/2017 20:15:14 16: LIBQUERY with Callback: 
8/2/2017 20:15:14 16: Path request:/api/user/
8/2/2017 20:15:14 16: Path header:undefined
8/2/2017 20:15:14 16: Path query:{"USER_NAME":"abe"}
8/2/2017 20:15:14 16: BEGIN PKREQUESTMANAGER.CALLQUERY(16,'CLI0000002','abe','{}', '{abe}','{}', :cursor); END;
8/2/2017 20:15:14 17: LIBQUERY with Callback: 
8/2/2017 20:15:14 17: Path request:/api/environment/
8/2/2017 20:15:14 17: Path header:undefined
8/2/2017 20:15:14 17: Path query:{"USER_NAME":"abe"}
8/2/2017 20:15:14 17: BEGIN PKREQUESTMANAGER.CALLQUERY(17,'CLI0000003','abe','{}', '{abe}','{}', :cursor); END;
8/2/2017 20:15:14 17: 1 Object(s) returned... [FETCH]
8/2/2017 20:15:14 17: [object Object]
8/2/2017 20:15:14 17: 6 Object(s) returned... [FETCH]
8/2/2017 20:15:14 17: [object Object],[object Object],[object Object],[object Object],[object Object],[object Object]
8/2/2017 20:15:14 18: LIBQUERY with Callback: 
8/2/2017 20:15:14 18: Path request:/api/labels/
8/2/2017 20:15:14 18: Path header:undefined
8/2/2017 20:15:14 18: Path query:{}
8/2/2017 20:15:14 18: BEGIN PKREQUESTMANAGER.CALLQUERY(18,'LAB0000001','abe','{undefined}', '{undefined}','{HN}', :cursor); END;
8/2/2017 20:15:14 18: 36 Object(s) returned... [FETCH]
8/2/2017 20:15:14 18: [object Object],[object Object],[object Object],[object Object],[object Object],[object Object],[object Object],[object Object],[object Object],[object Object],[object Object],[object Object],[object Object],[object Object],[object Object],[object Object],[object Object],[object Object],[object Object],[object Object],[object Object],[object Object],[object Object],[object Object],[object Object],[object Object],[object Object],[object Object],[object Object],[object Object],[object Object],[object Object],[object Object],[object Object],[object Object],[object Object]
8/2/2017 20:41:8 19: LIBQUERY with Callback: 
8/2/2017 20:41:8 19: Path request:/api/counting/2/
8/2/2017 20:41:8 19: Path header:undefined
8/2/2017 20:41:8 19: Path query:{}
8/2/2017 20:41:8 19: BEGIN PKREQUESTMANAGER.CALLQUERY(19,'CNT0000002','abe','{HEINENS_CEN_UAT}', '{undefined}','{HN}', :cursor); END;
8/2/2017 20:54:29 20: LIBQUERY with Callback: 
8/2/2017 20:54:29 20: Path request:/api/authentification/
8/2/2017 20:54:29 20: Path header:undefined
8/2/2017 20:54:29 20: Path query:{}
8/2/2017 20:54:29 20: BEGIN PKREQUESTMANAGER.CALLQUERY(20,'ADM0000001','abe','{}', '{abe,abe}','{}', :cursor); END;
8/2/2017 20:54:29 20: 1 Object(s) returned... [FETCH]
8/2/2017 20:54:29 20: [object Object]
8/2/2017 20:54:30 21: LIBQUERY with Callback: 
8/2/2017 20:54:30 21: Path request:/api/user/
8/2/2017 20:54:30 21: Path header:undefined
8/2/2017 20:54:30 21: Path query:{"USER_NAME":"abe"}
8/2/2017 20:54:30 21: BEGIN PKREQUESTMANAGER.CALLQUERY(21,'CLI0000002','abe','{}', '{abe}','{}', :cursor); END;
8/2/2017 20:54:30 22: LIBQUERY with Callback: 
8/2/2017 20:54:30 22: Path request:/api/environment/
8/2/2017 20:54:30 22: Path header:undefined
8/2/2017 20:54:30 22: Path query:{"USER_NAME":"abe"}
8/2/2017 20:54:30 22: BEGIN PKREQUESTMANAGER.CALLQUERY(22,'CLI0000003','abe','{}', '{abe}','{}', :cursor); END;
8/2/2017 20:54:30 22: 1 Object(s) returned... [FETCH]
8/2/2017 20:54:30 22: [object Object]
8/2/2017 20:54:30 22: 6 Object(s) returned... [FETCH]
8/2/2017 20:54:30 22: [object Object],[object Object],[object Object],[object Object],[object Object],[object Object]
8/2/2017 20:54:30 23: LIBQUERY with Callback: 
8/2/2017 20:54:30 23: Path request:/api/labels/
8/2/2017 20:54:30 23: Path header:undefined
8/2/2017 20:54:30 23: Path query:{}
8/2/2017 20:54:30 23: BEGIN PKREQUESTMANAGER.CALLQUERY(23,'LAB0000001','abe','{undefined}', '{undefined}','{HN}', :cursor); END;
8/2/2017 20:54:30 23: 36 Object(s) returned... [FETCH]
8/2/2017 20:54:30 23: [object Object],[object Object],[object Object],[object Object],[object Object],[object Object],[object Object],[object Object],[object Object],[object Object],[object Object],[object Object],[object Object],[object Object],[object Object],[object Object],[object Object],[object Object],[object Object],[object Object],[object Object],[object Object],[object Object],[object Object],[object Object],[object Object],[object Object],[object Object],[object Object],[object Object],[object Object],[object Object],[object Object],[object Object],[object Object],[object Object]
8/2/2017 20:55:19 24: LIBQUERY with Callback: 
8/2/2017 20:55:19 24: Path request:/api/authentification/
8/2/2017 20:55:19 24: Path header:undefined
8/2/2017 20:55:19 24: Path query:{}
8/2/2017 20:55:19 24: BEGIN PKREQUESTMANAGER.CALLQUERY(24,'ADM0000001','abe','{}', '{abe,abe}','{}', :cursor); END;
8/2/2017 20:55:19 24: 1 Object(s) returned... [FETCH]
8/2/2017 20:55:19 24: [object Object]
8/2/2017 20:55:19 25: LIBQUERY with Callback: 
8/2/2017 20:55:19 25: Path request:/api/user/
8/2/2017 20:55:19 25: Path header:undefined
8/2/2017 20:55:19 25: Path query:{"USER_NAME":"abe"}
8/2/2017 20:55:19 25: BEGIN PKREQUESTMANAGER.CALLQUERY(25,'CLI0000002','abe','{}', '{abe}','{}', :cursor); END;
8/2/2017 20:55:19 26: LIBQUERY with Callback: 
8/2/2017 20:55:19 26: Path request:/api/environment/
8/2/2017 20:55:19 26: Path header:undefined
8/2/2017 20:55:19 26: Path query:{"USER_NAME":"abe"}
8/2/2017 20:55:19 26: BEGIN PKREQUESTMANAGER.CALLQUERY(26,'CLI0000003','abe','{}', '{abe}','{}', :cursor); END;
8/2/2017 20:55:19 27: LIBQUERY with Callback: 
8/2/2017 20:55:19 27: Path request:/api/labels/
8/2/2017 20:55:19 27: Path header:undefined
8/2/2017 20:55:19 27: Path query:{}
8/2/2017 20:55:19 27: BEGIN PKREQUESTMANAGER.CALLQUERY(27,'LAB0000001','abe','{undefined}', '{undefined}','{}', :cursor); END;
8/2/2017 20:55:21 28: LIBQUERY with Callback: 
8/2/2017 20:55:21 28: Path request:/api/authentification/
8/2/2017 20:55:21 28: Path header:undefined
8/2/2017 20:55:21 28: Path query:{}
8/2/2017 20:55:21 28: BEGIN PKREQUESTMANAGER.CALLQUERY(28,'ADM0000001','abe','{}', '{abe,abe}','{}', :cursor); END;
8/2/2017 20:55:24 28: 1 Object(s) returned... [FETCH]
8/2/2017 20:55:24 28: [object Object]
8/2/2017 20:55:24 28: 36 Object(s) returned... [FETCH]
8/2/2017 20:55:24 28: [object Object],[object Object],[object Object],[object Object],[object Object],[object Object],[object Object],[object Object],[object Object],[object Object],[object Object],[object Object],[object Object],[object Object],[object Object],[object Object],[object Object],[object Object],[object Object],[object Object],[object Object],[object Object],[object Object],[object Object],[object Object],[object Object],[object Object],[object Object],[object Object],[object Object],[object Object],[object Object],[object Object],[object Object],[object Object],[object Object]
8/2/2017 20:55:24 28: 6 Object(s) returned... [FETCH]
8/2/2017 20:55:24 28: [object Object],[object Object],[object Object],[object Object],[object Object],[object Object]
8/2/2017 20:55:24 28: 1 Object(s) returned... [FETCH]
8/2/2017 20:55:24 28: [object Object]
8/2/2017 20:55:24 29: LIBQUERY with Callback: 
8/2/2017 20:55:24 29: Path request:/api/user/
8/2/2017 20:55:24 29: Path header:undefined
8/2/2017 20:55:24 29: Path query:{"USER_NAME":"abe"}
8/2/2017 20:55:24 29: BEGIN PKREQUESTMANAGER.CALLQUERY(29,'CLI0000002','abe','{}', '{abe}','{}', :cursor); END;
8/2/2017 20:55:24 30: LIBQUERY with Callback: 
8/2/2017 20:55:24 30: Path request:/api/environment/
8/2/2017 20:55:24 30: Path header:undefined
8/2/2017 20:55:24 30: Path query:{"USER_NAME":"abe"}
8/2/2017 20:55:24 30: BEGIN PKREQUESTMANAGER.CALLQUERY(30,'CLI0000003','abe','{}', '{abe}','{}', :cursor); END;
8/2/2017 20:55:24 30: 1 Object(s) returned... [FETCH]
8/2/2017 20:55:24 30: [object Object]
8/2/2017 20:55:24 30: 6 Object(s) returned... [FETCH]
8/2/2017 20:55:24 30: [object Object],[object Object],[object Object],[object Object],[object Object],[object Object]
8/2/2017 20:55:24 31: LIBQUERY with Callback: 
8/2/2017 20:55:24 31: Path request:/api/labels/
8/2/2017 20:55:24 31: Path header:undefined
8/2/2017 20:55:24 31: Path query:{}
8/2/2017 20:55:24 31: BEGIN PKREQUESTMANAGER.CALLQUERY(31,'LAB0000001','abe','{undefined}', '{undefined}','{HN}', :cursor); END;
8/2/2017 20:55:24 31: 36 Object(s) returned... [FETCH]
8/2/2017 20:55:24 31: [object Object],[object Object],[object Object],[object Object],[object Object],[object Object],[object Object],[object Object],[object Object],[object Object],[object Object],[object Object],[object Object],[object Object],[object Object],[object Object],[object Object],[object Object],[object Object],[object Object],[object Object],[object Object],[object Object],[object Object],[object Object],[object Object],[object Object],[object Object],[object Object],[object Object],[object Object],[object Object],[object Object],[object Object],[object Object],[object Object]
8/2/2017 20:55:36 32: LIBQUERY with Callback: 
8/2/2017 20:55:36 32: Path request:/api/supplierschedule/
8/2/2017 20:55:36 32: Path header:undefined
8/2/2017 20:55:36 32: Path query:{"PARAM":"SHERWOOD"}
8/2/2017 20:55:36 32: BEGIN PKREQUESTMANAGER.CALLQUERY(32,'SUP0000001','abe','{HEINENS_CUSTOM_PROD}', '{SHERWOOD}','{HN}', :cursor); END;
8/2/2017 21:0:27 33: LIBQUERY with Callback: 
8/2/2017 21:0:27 33: Path request:/api/supplierschedule/
8/2/2017 21:0:27 33: Path header:undefined
8/2/2017 21:0:27 33: Path query:{"PARAM":"SHERWOOD"}
8/2/2017 21:0:27 33: BEGIN PKREQUESTMANAGER.CALLQUERY(33,'SUP0000001','abe','{HEINENS_CUSTOM_PROD}', '{SHERWOOD}','{HN}', :cursor); END;
8/2/2017 21:2:35 34: LIBQUERY with Callback: 
8/2/2017 21:2:35 34: Path request:/api/authentification/
8/2/2017 21:2:35 34: Path header:undefined
8/2/2017 21:2:35 34: Path query:{}
8/2/2017 21:2:35 34: BEGIN PKREQUESTMANAGER.CALLQUERY(34,'ADM0000001','abe','{}', '{abe,abe}','{}', :cursor); END;
8/2/2017 21:2:37 35: LIBQUERY with Callback: 
8/2/2017 21:2:37 35: Path request:/api/authentification/
8/2/2017 21:2:37 35: Path header:undefined
8/2/2017 21:2:37 35: Path query:{}
8/2/2017 21:2:37 35: BEGIN PKREQUESTMANAGER.CALLQUERY(35,'ADM0000001','abe','{}', '{abe,abe}','{}', :cursor); END;
8/2/2017 21:2:56 36: LIBQUERY with Callback: 
8/2/2017 21:2:56 36: Path request:/api/authentification/
8/2/2017 21:2:56 36: Path header:undefined
8/2/2017 21:2:56 36: Path query:{}
8/2/2017 21:2:56 36: BEGIN PKREQUESTMANAGER.CALLQUERY(36,'ADM0000001','abe','{}', '{abe,abe}','{}', :cursor); END;
8/2/2017 21:2:57 37: LIBQUERY with Callback: 
8/2/2017 21:2:57 37: Path request:/api/authentification/
8/2/2017 21:2:57 37: Path header:undefined
8/2/2017 21:2:57 37: Path query:{}
8/2/2017 21:2:57 37: BEGIN PKREQUESTMANAGER.CALLQUERY(37,'ADM0000001','abe','{}', '{abe,abe}','{}', :cursor); END;
8/2/2017 21:43:6 1: LIBQUERY with Callback: 
8/2/2017 21:43:6 1: Path request:/api/authentification/
8/2/2017 21:43:6 1: Path header:undefined
8/2/2017 21:43:6 1: Path query:{}
8/2/2017 21:43:6 1: BEGIN PKREQUESTMANAGER.CALLQUERY(1,'ADM0000001','abe','{}', '{abe,abe}','{}', :cursor); END;
8/2/2017 21:43:7 2: LIBQUERY with Callback: 
8/2/2017 21:43:7 2: Path request:/api/authentification/
8/2/2017 21:43:7 2: Path header:undefined
8/2/2017 21:43:7 2: Path query:{}
8/2/2017 21:43:7 2: BEGIN PKREQUESTMANAGER.CALLQUERY(2,'ADM0000001','abe','{}', '{abe,abe}','{}', :cursor); END;
8/2/2017 21:43:20 3: LIBQUERY with Callback: 
8/2/2017 21:43:20 3: Path request:/api/authentification/
8/2/2017 21:43:20 3: Path header:undefined
8/2/2017 21:43:20 3: Path query:{}
8/2/2017 21:43:20 3: BEGIN PKREQUESTMANAGER.CALLQUERY(3,'ADM0000001','abe','{}', '{abe,abe}','{}', :cursor); END;
8/2/2017 23:28:14 1: LIBQUERY with Callback: 
8/2/2017 23:28:14 1: Path request:/api/authentification/
8/2/2017 23:28:14 1: Path header:undefined
8/2/2017 23:28:14 1: Path query:{}
8/2/2017 23:28:14 1: BEGIN PKREQUESTMANAGER.CALLQUERY(1,'ADM0000001','abe','{}', '{abe,abe}','{}', :cursor); END;
8/2/2017 23:28:14 1: 1 Object(s) returned... [FETCH]
8/2/2017 23:28:14 1: [object Object]
8/2/2017 23:28:14 2: LIBQUERY with Callback: 
8/2/2017 23:28:14 2: Path request:/api/environment/
8/2/2017 23:28:14 2: Path header:undefined
8/2/2017 23:28:14 2: Path query:{"USER_NAME":"abe"}
8/2/2017 23:28:14 2: BEGIN PKREQUESTMANAGER.CALLQUERY(2,'CLI0000003','abe','{}', '{abe}','{}', :cursor); END;
8/2/2017 23:28:14 3: LIBQUERY with Callback: 
8/2/2017 23:28:14 3: Path request:/api/user/
8/2/2017 23:28:14 3: Path header:undefined
8/2/2017 23:28:14 3: Path query:{"USER_NAME":"abe"}
8/2/2017 23:28:14 3: BEGIN PKREQUESTMANAGER.CALLQUERY(3,'CLI0000002','abe','{}', '{abe}','{}', :cursor); END;
8/2/2017 23:28:14 3: 1 Object(s) returned... [FETCH]
8/2/2017 23:28:14 3: [object Object]
8/2/2017 23:28:14 3: 6 Object(s) returned... [FETCH]
8/2/2017 23:28:14 3: [object Object],[object Object],[object Object],[object Object],[object Object],[object Object]
8/2/2017 23:28:15 4: LIBQUERY with Callback: 
8/2/2017 23:28:15 4: Path request:/api/labels/
8/2/2017 23:28:15 4: Path header:undefined
8/2/2017 23:28:15 4: Path query:{}
8/2/2017 23:28:15 4: BEGIN PKREQUESTMANAGER.CALLQUERY(4,'LAB0000001','abe','{undefined}', '{undefined}','{HN}', :cursor); END;
8/2/2017 23:28:15 4: 36 Object(s) returned... [FETCH]
8/2/2017 23:28:15 4: [object Object],[object Object],[object Object],[object Object],[object Object],[object Object],[object Object],[object Object],[object Object],[object Object],[object Object],[object Object],[object Object],[object Object],[object Object],[object Object],[object Object],[object Object],[object Object],[object Object],[object Object],[object Object],[object Object],[object Object],[object Object],[object Object],[object Object],[object Object],[object Object],[object Object],[object Object],[object Object],[object Object],[object Object],[object Object],[object Object]
8/2/2017 23:28:22 5: LIBQUERY with Callback: 
8/2/2017 23:28:22 5: Path request:/api/supplierschedule/
8/2/2017 23:28:22 5: Path header:undefined
8/2/2017 23:28:22 5: Path query:{"PARAM":"SHERWOOD"}
8/2/2017 23:28:22 5: BEGIN PKREQUESTMANAGER.CALLQUERY(5,'SUP0000001','abe','{HEINENS_CUSTOM_PROD}', '{SHERWOOD}','{HN}', :cursor); END;
8/2/2017 23:28:38 5: 92 Object(s) returned... [FETCH]
8/2/2017 23:28:38 5: [object Object],[object Object],[object Object],[object Object],[object Object],[object Object],[object Object],[object Object],[object Object],[object Object],[object Object],[object Object],[object Object],[object Object],[object Object],[object Object],[object Object],[object Object],[object Object],[object Object],[object Object],[object Object],[object Object],[object Object],[object Object],[object Object],[object Object],[object Object],[object Object],[object Object],[object Object],[object Object],[object Object],[object Object],[object Object],[object Object],[object Object],[object Object],[object Object],[object Object],[object Object],[object Object],[object Object],[object Object],[object Object],[object Object],[object Object],[object Object],[object Object],[object Object],[object Object],[object Object],[object Object],[object Object],[object Object],[object Object],[object Object],[object Object],[object Object],[object Object],[object Object],[object Object],[object Object],[object Object],[object Object],[object Object],[object Object],[object Object],[object Object],[object Object],[object Object],[object Object],[object Object],[object Object],[object Object],[object Object],[object Object],[object Object],[object Object],[object Object],[object Object],[object Object],[object Object],[object Object],[object Object],[object Object],[object Object],[object Object],[object Object],[object Object],[object Object],[object Object]
8/2/2017 23:38:8 6: LIBQUERY with Callback: 
8/2/2017 23:38:8 6: Path request:/api/authentification/
8/2/2017 23:38:8 6: Path header:undefined
8/2/2017 23:38:8 6: Path query:{}
8/2/2017 23:38:8 6: BEGIN PKREQUESTMANAGER.CALLQUERY(6,'ADM0000001','abe','{}', '{abe,abe}','{}', :cursor); END;
8/2/2017 23:38:8 6: 1 Object(s) returned... [FETCH]
8/2/2017 23:38:8 6: [object Object]
8/2/2017 23:38:8 7: LIBQUERY with Callback: 
8/2/2017 23:38:8 7: Path request:/api/user/
8/2/2017 23:38:8 7: Path header:undefined
8/2/2017 23:38:8 7: Path query:{"USER_NAME":"abe"}
8/2/2017 23:38:8 7: BEGIN PKREQUESTMANAGER.CALLQUERY(7,'CLI0000002','abe','{}', '{abe}','{}', :cursor); END;
8/2/2017 23:38:8 8: LIBQUERY with Callback: 
8/2/2017 23:38:8 8: Path request:/api/environment/
8/2/2017 23:38:8 8: Path header:undefined
8/2/2017 23:38:8 8: Path query:{"USER_NAME":"abe"}
8/2/2017 23:38:8 8: BEGIN PKREQUESTMANAGER.CALLQUERY(8,'CLI0000003','abe','{}', '{abe}','{}', :cursor); END;
8/2/2017 23:38:8 8: 1 Object(s) returned... [FETCH]
8/2/2017 23:38:8 8: [object Object]
8/2/2017 23:38:8 8: 6 Object(s) returned... [FETCH]
8/2/2017 23:38:8 8: [object Object],[object Object],[object Object],[object Object],[object Object],[object Object]
8/2/2017 23:38:8 9: LIBQUERY with Callback: 
8/2/2017 23:38:8 9: Path request:/api/labels/
8/2/2017 23:38:8 9: Path header:undefined
8/2/2017 23:38:8 9: Path query:{}
8/2/2017 23:38:8 9: BEGIN PKREQUESTMANAGER.CALLQUERY(9,'LAB0000001','abe','{undefined}', '{undefined}','{HN}', :cursor); END;
8/2/2017 23:38:8 9: 36 Object(s) returned... [FETCH]
8/2/2017 23:38:8 9: [object Object],[object Object],[object Object],[object Object],[object Object],[object Object],[object Object],[object Object],[object Object],[object Object],[object Object],[object Object],[object Object],[object Object],[object Object],[object Object],[object Object],[object Object],[object Object],[object Object],[object Object],[object Object],[object Object],[object Object],[object Object],[object Object],[object Object],[object Object],[object Object],[object Object],[object Object],[object Object],[object Object],[object Object],[object Object],[object Object]
8/2/2017 23:38:16 10: LIBQUERY with Callback: 
8/2/2017 23:38:16 10: Path request:/api/supplierschedule/
8/2/2017 23:38:16 10: Path header:undefined
8/2/2017 23:38:16 10: Path query:{"PARAM":"SHERWOOD"}
8/2/2017 23:38:16 10: BEGIN PKREQUESTMANAGER.CALLQUERY(10,'SUP0000001','abe','{HEINENS_CUSTOM_PROD}', '{SHERWOOD}','{HN}', :cursor); END;
8/2/2017 23:38:23 10: 92 Object(s) returned... [FETCH]
8/2/2017 23:38:23 10: [object Object],[object Object],[object Object],[object Object],[object Object],[object Object],[object Object],[object Object],[object Object],[object Object],[object Object],[object Object],[object Object],[object Object],[object Object],[object Object],[object Object],[object Object],[object Object],[object Object],[object Object],[object Object],[object Object],[object Object],[object Object],[object Object],[object Object],[object Object],[object Object],[object Object],[object Object],[object Object],[object Object],[object Object],[object Object],[object Object],[object Object],[object Object],[object Object],[object Object],[object Object],[object Object],[object Object],[object Object],[object Object],[object Object],[object Object],[object Object],[object Object],[object Object],[object Object],[object Object],[object Object],[object Object],[object Object],[object Object],[object Object],[object Object],[object Object],[object Object],[object Object],[object Object],[object Object],[object Object],[object Object],[object Object],[object Object],[object Object],[object Object],[object Object],[object Object],[object Object],[object Object],[object Object],[object Object],[object Object],[object Object],[object Object],[object Object],[object Object],[object Object],[object Object],[object Object],[object Object],[object Object],[object Object],[object Object],[object Object],[object Object],[object Object],[object Object],[object Object]
8/2/2017 23:39:50 11: LIBQUERY with Callback: 
8/2/2017 23:39:50 11: Path request:/api/supplierschedule/
8/2/2017 23:39:50 11: Path header:undefined
8/2/2017 23:39:50 11: Path query:{"PARAM":"SHERWOOD"}
8/2/2017 23:39:50 11: BEGIN PKREQUESTMANAGER.CALLQUERY(11,'SUP0000001','abe','{HEINENS_CUSTOM_PROD}', '{SHERWOOD}','{HN}', :cursor); END;
8/2/2017 23:40:17 11: 92 Object(s) returned... [FETCH]
8/2/2017 23:40:17 11: [object Object],[object Object],[object Object],[object Object],[object Object],[object Object],[object Object],[object Object],[object Object],[object Object],[object Object],[object Object],[object Object],[object Object],[object Object],[object Object],[object Object],[object Object],[object Object],[object Object],[object Object],[object Object],[object Object],[object Object],[object Object],[object Object],[object Object],[object Object],[object Object],[object Object],[object Object],[object Object],[object Object],[object Object],[object Object],[object Object],[object Object],[object Object],[object Object],[object Object],[object Object],[object Object],[object Object],[object Object],[object Object],[object Object],[object Object],[object Object],[object Object],[object Object],[object Object],[object Object],[object Object],[object Object],[object Object],[object Object],[object Object],[object Object],[object Object],[object Object],[object Object],[object Object],[object Object],[object Object],[object Object],[object Object],[object Object],[object Object],[object Object],[object Object],[object Object],[object Object],[object Object],[object Object],[object Object],[object Object],[object Object],[object Object],[object Object],[object Object],[object Object],[object Object],[object Object],[object Object],[object Object],[object Object],[object Object],[object Object],[object Object],[object Object],[object Object],[object Object]
