5/17/2018 1:14:30 9: LIBQUERY with Callback: 
5/17/2018 1:14:30 9: BEGIN PKREQUESTMANAGER.CALLQUERY(9,'SCH0000001','abe','{HEINENS_CUSTOM_PROD}', '{AO0620774,AO06207C,0,AO06207S,05/20/2018,05/26/2018,abe,1,4,5,6,7,8,9,10,11,12,14,15,16,17,18,19,20,21,22,41,42,43,44,99974}','{HN}', :cursor); END;
5/17/2018 1:14:30 9: 1 Object(s) returned... [FETCH]
5/17/2018 1:14:30 9: [object Object]
5/17/2018 1:14:30 9: {"metaData":[{"name":"'EXECUTINGISSUE,CHECKDBMS_SQL.EXECUTERIGHTS'"}]}
5/17/2018 1:14:30 10: LIBQUERY with Callback: 
5/17/2018 1:14:30 10: BEGIN PKREQUESTMANAGER.CALLQUERY(10,'SCH0000002','abe','{HEINENS_CUSTOM_PROD}', '{AO0620774,AO06207C,0,AO06207S,05/21/2018,1010,05/30/2018,1400,abe,1,4,5,6,7,8,9,10,11,12,14,15,16,17,18,19,20,21,22,41,42,43,44,99974}','{HN}', :cursor); END;
5/17/2018 1:14:31 11: LIBQUERY with Callback: 
5/17/2018 1:14:31 11: BEGIN PKREQUESTMANAGER.CALLQUERY(11,'SCH0000002','abe','{HEINENS_CUSTOM_PROD}', '{AO0620774,AO06207C,0,AO06207S,05/24/2018,1010,06/01/2018,1400,abe,1,4,5,6,7,8,9,10,11,12,14,15,16,17,18,19,20,21,22,41,42,43,44,99974}','{HN}', :cursor); END;
5/17/2018 1:14:31 12: LIBQUERY with Callback: 
5/17/2018 1:14:31 12: BEGIN PKREQUESTMANAGER.CALLQUERY(12,'SCH0000002','abe','{HEINENS_CUSTOM_PROD}', '{AO0620774,AO06207C,0,AO06207S,05/25/2018,1010,06/02/2018,1400,abe,1,4,5,6,7,8,9,10,11,12,14,15,16,17,18,19,20,21,22,41,42,43,44,99974}','{HN}', :cursor); END;
5/17/2018 1:14:31 12: 1 Object(s) returned... [FETCH]
5/17/2018 1:14:31 12: [object Object]
5/17/2018 1:14:31 12: {"metaData":[{"name":"'EXECUTINGISSUE,CHECKDBMS_SQL.EXECUTERIGHTS'"}]}
5/17/2018 1:14:31 12: 1 Object(s) returned... [FETCH]
5/17/2018 1:14:31 12: [object Object]
5/17/2018 1:14:31 12: {"metaData":[{"name":"'EXECUTINGISSUE,CHECKDBMS_SQL.EXECUTERIGHTS'"}]}
5/17/2018 1:14:31 12: 1 Object(s) returned... [FETCH]
5/17/2018 1:14:31 12: [object Object]
5/17/2018 1:14:31 12: {"metaData":[{"name":"'EXECUTINGISSUE,CHECKDBMS_SQL.EXECUTERIGHTS'"}]}
5/17/2018 1:19:12 13: LIBQUERY with Callback: 
5/17/2018 1:19:12 13: BEGIN PKREQUESTMANAGER.CALLQUERY(13,'ADM0000001','abe','{}', '{abe,abe}','{}', :cursor); END;
5/17/2018 1:19:12 13: 1 Object(s) returned... [FETCH]
5/17/2018 1:19:12 13: [object Object]
5/17/2018 1:19:12 13: {"metaData":[{"name":"USERID"},{"name":"USERFNAME"},{"name":"USERLNAME"},{"name":"USEREMAIL"},{"name":"USERMOBILE"}]}
5/17/2018 1:19:12 14: LIBQUERY with Callback: 
5/17/2018 1:19:12 14: BEGIN PKREQUESTMANAGER.CALLQUERY(14,'CLI0000002','abe','{}', '{abe}','{}', :cursor); END;
5/17/2018 1:19:13 14: 1 Object(s) returned... [FETCH]
5/17/2018 1:19:13 14: [object Object]
5/17/2018 1:19:13 14: {"metaData":[{"name":"USERID"},{"name":"USERCORPID"},{"name":"USERPASS"},{"name":"USERAUTH"},{"name":"USERLANG"},{"name":"USERPROF"},{"name":"USERAPPLI"},{"name":"USERFNAME"},{"name":"USERLNAME"},{"name":"USEREMAIL"},{"name":"USERMOBILE"},{"name":"USERTEAM"},{"name":"USERACTIVE"},{"name":"USERDCRE"},{"name":"USERDMAJ"},{"name":"USERUTIL"},{"name":"USERTYPE"}]}
5/17/2018 1:19:13 15: LIBQUERY with Callback: 
5/17/2018 1:19:13 15: BEGIN PKREQUESTMANAGER.CALLQUERY(15,'CLI0000003','abe','{}', '{abe}','{}', :cursor); END;
5/17/2018 1:19:13 15: 6 Object(s) returned... [FETCH]
5/17/2018 1:19:13 15: [object Object],[object Object],[object Object],[object Object],[object Object],[object Object]
5/17/2018 1:19:13 15: {"metaData":[{"name":"LEVEL"},{"name":"ENVID"},{"name":"ENVCORPID"},{"name":"ENVCODE"},{"name":"ENVTYPE"},{"name":"ENVACTIVE"},{"name":"ENVSDESC"},{"name":"ENVLDESC"},{"name":"ENVDBTYPE"},{"name":"ENVIP"},{"name":"ENVPORT"},{"name":"ENVUSER"},{"name":"ENVPASSWORD"},{"name":"ENVSOURCE"},{"name":"ENVDBLINK"},{"name":"ENVDEFAULT"},{"name":"ENVDCRE"},{"name":"ENVDMAJ"},{"name":"ENVUTIL"},{"name":"ENVVERSION"},{"name":"ENVDEFLANG"},{"name":"CORPPIC"},{"name":"ENVVARINITSH"}]}
5/17/2018 1:19:38 16: LIBQUERY with Callback: 
5/17/2018 1:19:38 16: BEGIN PKREQUESTMANAGER.CALLQUERY(16,'SUP0000001','abe','{HEINENS_CUSTOM_PROD}', '{AO0620774}','{HN}', :cursor); END;
5/17/2018 1:19:38 16: 24 Object(s) returned... [FETCH]
5/17/2018 1:19:38 16: [object Object],[object Object],[object Object],[object Object],[object Object],[object Object],[object Object],[object Object],[object Object],[object Object],[object Object],[object Object],[object Object],[object Object],[object Object],[object Object],[object Object],[object Object],[object Object],[object Object],[object Object],[object Object],[object Object],[object Object]
5/17/2018 1:19:38 16: {"metaData":[{"name":"LISCFIN"},{"name":"FOUCNUF"},{"name":"FOULIBL"},{"name":"FCSNUM"},{"name":"LISCSIN"},{"name":"LISCCIN"},{"name":"FCCNUM"},{"name":"LISNFILF"},{"name":"SOCSITE"},{"name":"SOCLMAG"},{"name":"LISNFILC"},{"name":"LISTLIV"},{"name":"LISCOMC"},{"name":"LISCOMR"},{"name":"LISCOMF"},{"name":"LISVCOM"},{"name":"LISTSLI"},{"name":"LISTSQP"},{"name":"LISTOP"},{"name":"LISAVAL"},{"name":"LISMARQ"},{"name":"LISREAP"},{"name":"LISUREAP"},{"name":"LISUREAP_LIB"},{"name":"LISCOMM"},{"name":"LISCDLU"},{"name":"LISCDMA"},{"name":"LISCDME"},{"name":"LISCDJE"},{"name":"LISCDVE"},{"name":"LISCDSA"},{"name":"LISCDDI"},{"name":"LISLILU"},{"name":"LISLIMA"},{"name":"LISLIME"},{"name":"LISLIJE"},{"name":"LISLIVE"},{"name":"LISLISA"},{"name":"LISLIDI"},{"name":"LISHRLU"},{"name":"LISHRMA"},{"name":"LISHRME"},{"name":"LISHRJE"},{"name":"LISHRVE"},{"name":"LISHRSA"},{"name":"LISHRDI"},{"name":"LISHLLU"},{"name":"LISHLMA"},{"name":"LISHLME"},{"name":"LISHLJE"},{"name":"LISHLVE"},{"name":"LISHLSA"},{"name":"LISHLDI"},{"name":"LISHRLU2"},{"name":"LISHRMA2"},{"name":"LISHRME2"},{"name":"LISHRJE2"},{"name":"LISHRVE2"},{"name":"LISHRSA2"},{"name":"LISHRDI2"},{"name":"LISHLLU2"},{"name":"LISHLMA2"},{"name":"LISHLME2"},{"name":"LISHLJE2"},{"name":"LISHLVE2"},{"name":"LISHLSA2"},{"name":"LISHLDI2"},{"name":"LISHRLU3"},{"name":"LISHRMA3"},{"name":"LISHRME3"},{"name":"LISHRJE3"},{"name":"LISHRVE3"},{"name":"LISHRSA3"},{"name":"LISHRDI3"},{"name":"LISHLLU3"},{"name":"LISHLMA3"},{"name":"LISHLME3"},{"name":"LISHLJE3"},{"name":"LISHLVE3"},{"name":"LISHLSA3"},{"name":"LISHLDI3"},{"name":"LISDDEB"},{"name":"LISDFIN"}]}
5/17/2018 1:20:5 17: LIBQUERY with Callback: 
5/17/2018 1:20:5 17: BEGIN PKREQUESTMANAGER.CALLQUERY(17,'SCH0000001','abe','{HEINENS_CUSTOM_PROD}', '{AO0620774,AO06207C,0,AO06207S,05/20/2018,05/26/2018,abe,1,4,5,6,7,8,9,10,11,12,14,15,16,17,18,19,20,21,22,41,42,43,44,99974}','{HN}', :cursor); END;
5/17/2018 1:20:5 18: LIBQUERY with Callback: 
5/17/2018 1:20:5 18: BEGIN PKREQUESTMANAGER.CALLQUERY(18,'SCH0000002','abe','{HEINENS_CUSTOM_PROD}', '{AO0620774,AO06207C,0,AO06207S,05/21/2018,1010,05/30/2018,1400,abe,1,4,5,6,7,8,9,10,11,12,14,15,16,17,18,19,20,21,22,41,42,43,44,99974}','{HN}', :cursor); END;
5/17/2018 1:20:6 18: 1 Object(s) returned... [FETCH]
5/17/2018 1:20:6 18: [object Object]
5/17/2018 1:20:6 18: {"metaData":[{"name":"'EXECUTINGISSUE,CHECKDBMS_SQL.EXECUTERIGHTS'"}]}
5/17/2018 1:20:6 18: 1 Object(s) returned... [FETCH]
5/17/2018 1:20:6 18: [object Object]
5/17/2018 1:20:6 18: {"metaData":[{"name":"'EXECUTINGISSUE,CHECKDBMS_SQL.EXECUTERIGHTS'"}]}
5/17/2018 1:42:9 19: LIBQUERY with Callback: 
5/17/2018 1:42:9 19: BEGIN PKREQUESTMANAGER.CALLQUERY(19,'ADM0000001','abe','{}', '{abe,abe}','{}', :cursor); END;
5/17/2018 1:42:9 19: 1 Object(s) returned... [FETCH]
5/17/2018 1:42:9 19: [object Object]
5/17/2018 1:42:9 19: {"metaData":[{"name":"USERID"},{"name":"USERFNAME"},{"name":"USERLNAME"},{"name":"USEREMAIL"},{"name":"USERMOBILE"}]}
5/17/2018 1:42:9 20: LIBQUERY with Callback: 
5/17/2018 1:42:9 20: BEGIN PKREQUESTMANAGER.CALLQUERY(20,'CLI0000002','abe','{}', '{abe}','{}', :cursor); END;
5/17/2018 1:42:9 20: 1 Object(s) returned... [FETCH]
5/17/2018 1:42:9 20: [object Object]
5/17/2018 1:42:9 20: {"metaData":[{"name":"USERID"},{"name":"USERCORPID"},{"name":"USERPASS"},{"name":"USERAUTH"},{"name":"USERLANG"},{"name":"USERPROF"},{"name":"USERAPPLI"},{"name":"USERFNAME"},{"name":"USERLNAME"},{"name":"USEREMAIL"},{"name":"USERMOBILE"},{"name":"USERTEAM"},{"name":"USERACTIVE"},{"name":"USERDCRE"},{"name":"USERDMAJ"},{"name":"USERUTIL"},{"name":"USERTYPE"}]}
5/17/2018 1:42:9 21: LIBQUERY with Callback: 
5/17/2018 1:42:9 21: BEGIN PKREQUESTMANAGER.CALLQUERY(21,'CLI0000003','abe','{}', '{abe}','{}', :cursor); END;
5/17/2018 1:42:9 21: 6 Object(s) returned... [FETCH]
5/17/2018 1:42:9 21: [object Object],[object Object],[object Object],[object Object],[object Object],[object Object]
5/17/2018 1:42:9 21: {"metaData":[{"name":"LEVEL"},{"name":"ENVID"},{"name":"ENVCORPID"},{"name":"ENVCODE"},{"name":"ENVTYPE"},{"name":"ENVACTIVE"},{"name":"ENVSDESC"},{"name":"ENVLDESC"},{"name":"ENVDBTYPE"},{"name":"ENVIP"},{"name":"ENVPORT"},{"name":"ENVUSER"},{"name":"ENVPASSWORD"},{"name":"ENVSOURCE"},{"name":"ENVDBLINK"},{"name":"ENVDEFAULT"},{"name":"ENVDCRE"},{"name":"ENVDMAJ"},{"name":"ENVUTIL"},{"name":"ENVVERSION"},{"name":"ENVDEFLANG"},{"name":"CORPPIC"},{"name":"ENVVARINITSH"}]}
5/17/2018 1:42:24 22: LIBQUERY with Callback: 
5/17/2018 1:42:24 22: BEGIN PKREQUESTMANAGER.CALLQUERY(22,'SUP0000001','abe','{HEINENS_CUSTOM_PROD}', '{AO0620774}','{HN}', :cursor); END;
5/17/2018 1:42:24 22: 24 Object(s) returned... [FETCH]
5/17/2018 1:42:24 22: [object Object],[object Object],[object Object],[object Object],[object Object],[object Object],[object Object],[object Object],[object Object],[object Object],[object Object],[object Object],[object Object],[object Object],[object Object],[object Object],[object Object],[object Object],[object Object],[object Object],[object Object],[object Object],[object Object],[object Object]
5/17/2018 1:42:25 22: {"metaData":[{"name":"LISCFIN"},{"name":"FOUCNUF"},{"name":"FOULIBL"},{"name":"FCSNUM"},{"name":"LISCSIN"},{"name":"LISCCIN"},{"name":"FCCNUM"},{"name":"LISNFILF"},{"name":"SOCSITE"},{"name":"SOCLMAG"},{"name":"LISNFILC"},{"name":"LISTLIV"},{"name":"LISCOMC"},{"name":"LISCOMR"},{"name":"LISCOMF"},{"name":"LISVCOM"},{"name":"LISTSLI"},{"name":"LISTSQP"},{"name":"LISTOP"},{"name":"LISAVAL"},{"name":"LISMARQ"},{"name":"LISREAP"},{"name":"LISUREAP"},{"name":"LISUREAP_LIB"},{"name":"LISCOMM"},{"name":"LISCDLU"},{"name":"LISCDMA"},{"name":"LISCDME"},{"name":"LISCDJE"},{"name":"LISCDVE"},{"name":"LISCDSA"},{"name":"LISCDDI"},{"name":"LISLILU"},{"name":"LISLIMA"},{"name":"LISLIME"},{"name":"LISLIJE"},{"name":"LISLIVE"},{"name":"LISLISA"},{"name":"LISLIDI"},{"name":"LISHRLU"},{"name":"LISHRMA"},{"name":"LISHRME"},{"name":"LISHRJE"},{"name":"LISHRVE"},{"name":"LISHRSA"},{"name":"LISHRDI"},{"name":"LISHLLU"},{"name":"LISHLMA"},{"name":"LISHLME"},{"name":"LISHLJE"},{"name":"LISHLVE"},{"name":"LISHLSA"},{"name":"LISHLDI"},{"name":"LISHRLU2"},{"name":"LISHRMA2"},{"name":"LISHRME2"},{"name":"LISHRJE2"},{"name":"LISHRVE2"},{"name":"LISHRSA2"},{"name":"LISHRDI2"},{"name":"LISHLLU2"},{"name":"LISHLMA2"},{"name":"LISHLME2"},{"name":"LISHLJE2"},{"name":"LISHLVE2"},{"name":"LISHLSA2"},{"name":"LISHLDI2"},{"name":"LISHRLU3"},{"name":"LISHRMA3"},{"name":"LISHRME3"},{"name":"LISHRJE3"},{"name":"LISHRVE3"},{"name":"LISHRSA3"},{"name":"LISHRDI3"},{"name":"LISHLLU3"},{"name":"LISHLMA3"},{"name":"LISHLME3"},{"name":"LISHLJE3"},{"name":"LISHLVE3"},{"name":"LISHLSA3"},{"name":"LISHLDI3"},{"name":"LISDDEB"},{"name":"LISDFIN"}]}
5/17/2018 1:42:45 23: LIBQUERY with Callback: 
5/17/2018 1:42:45 23: BEGIN PKREQUESTMANAGER.CALLQUERY(23,'SCH0000001','abe','{HEINENS_CUSTOM_PROD}', '{AO0620774,AO06207C,0,AO06207S,05/20/2018,05/26/2018,abe,1,4,5,6,7,8,9,10,11,12,14,15,16,17,18,19,20,21,22,41,42,43,44,99974}','{HN}', :cursor); END;
5/17/2018 1:42:45 23: 1 Object(s) returned... [FETCH]
5/17/2018 1:42:45 23: [object Object]
5/17/2018 1:42:45 23: {"metaData":[{"name":"'EXECUTINGISSUE,CHECKDBMS_SQL.EXECUTERIGHTS'"}]}
5/17/2018 1:42:45 24: LIBQUERY with Callback: 
5/17/2018 1:42:45 24: BEGIN PKREQUESTMANAGER.CALLQUERY(24,'SCH0000002','abe','{HEINENS_CUSTOM_PROD}', '{AO0620774,AO06207C,0,AO06207S,["05/21/2018"],["1010"],["05/30/2018"],["1400"],abe,1,4,5,6,7,8,9,10,11,12,14,15,16,17,18,19,20,21,22,41,42,43,44,99974}','{HN}', :cursor); END;
5/17/2018 1:42:45 24: 1 Object(s) returned... [FETCH]
5/17/2018 1:42:45 24: [object Object]
5/17/2018 1:42:45 24: {"metaData":[{"name":"'EXECUTINGISSUE,CHECKDBMS_SQL.EXECUTERIGHTS'"}]}
5/17/2018 1:44:52 25: LIBQUERY with Callback: 
5/17/2018 1:44:52 25: BEGIN PKREQUESTMANAGER.CALLQUERY(25,'ADM0000001','abe','{}', '{abe,abe}','{}', :cursor); END;
5/17/2018 1:44:53 25: 1 Object(s) returned... [FETCH]
5/17/2018 1:44:53 25: [object Object]
5/17/2018 1:44:53 25: {"metaData":[{"name":"USERID"},{"name":"USERFNAME"},{"name":"USERLNAME"},{"name":"USEREMAIL"},{"name":"USERMOBILE"}]}
5/17/2018 1:44:53 26: LIBQUERY with Callback: 
5/17/2018 1:44:53 26: BEGIN PKREQUESTMANAGER.CALLQUERY(26,'CLI0000002','abe','{}', '{abe}','{}', :cursor); END;
5/17/2018 1:44:53 26: 1 Object(s) returned... [FETCH]
5/17/2018 1:44:53 26: [object Object]
5/17/2018 1:44:53 26: {"metaData":[{"name":"USERID"},{"name":"USERCORPID"},{"name":"USERPASS"},{"name":"USERAUTH"},{"name":"USERLANG"},{"name":"USERPROF"},{"name":"USERAPPLI"},{"name":"USERFNAME"},{"name":"USERLNAME"},{"name":"USEREMAIL"},{"name":"USERMOBILE"},{"name":"USERTEAM"},{"name":"USERACTIVE"},{"name":"USERDCRE"},{"name":"USERDMAJ"},{"name":"USERUTIL"},{"name":"USERTYPE"}]}
5/17/2018 1:44:53 27: LIBQUERY with Callback: 
5/17/2018 1:44:53 27: BEGIN PKREQUESTMANAGER.CALLQUERY(27,'CLI0000003','abe','{}', '{abe}','{}', :cursor); END;
5/17/2018 1:44:53 27: 6 Object(s) returned... [FETCH]
5/17/2018 1:44:53 27: [object Object],[object Object],[object Object],[object Object],[object Object],[object Object]
5/17/2018 1:44:53 27: {"metaData":[{"name":"LEVEL"},{"name":"ENVID"},{"name":"ENVCORPID"},{"name":"ENVCODE"},{"name":"ENVTYPE"},{"name":"ENVACTIVE"},{"name":"ENVSDESC"},{"name":"ENVLDESC"},{"name":"ENVDBTYPE"},{"name":"ENVIP"},{"name":"ENVPORT"},{"name":"ENVUSER"},{"name":"ENVPASSWORD"},{"name":"ENVSOURCE"},{"name":"ENVDBLINK"},{"name":"ENVDEFAULT"},{"name":"ENVDCRE"},{"name":"ENVDMAJ"},{"name":"ENVUTIL"},{"name":"ENVVERSION"},{"name":"ENVDEFLANG"},{"name":"CORPPIC"},{"name":"ENVVARINITSH"}]}
5/17/2018 1:45:17 28: LIBQUERY with Callback: 
5/17/2018 1:45:17 28: BEGIN PKREQUESTMANAGER.CALLQUERY(28,'SUP0000001','abe','{HEINENS_CUSTOM_PROD}', '{AO0620774}','{HN}', :cursor); END;
5/17/2018 1:45:18 28: 24 Object(s) returned... [FETCH]
5/17/2018 1:45:18 28: [object Object],[object Object],[object Object],[object Object],[object Object],[object Object],[object Object],[object Object],[object Object],[object Object],[object Object],[object Object],[object Object],[object Object],[object Object],[object Object],[object Object],[object Object],[object Object],[object Object],[object Object],[object Object],[object Object],[object Object]
5/17/2018 1:45:18 28: {"metaData":[{"name":"LISCFIN"},{"name":"FOUCNUF"},{"name":"FOULIBL"},{"name":"FCSNUM"},{"name":"LISCSIN"},{"name":"LISCCIN"},{"name":"FCCNUM"},{"name":"LISNFILF"},{"name":"SOCSITE"},{"name":"SOCLMAG"},{"name":"LISNFILC"},{"name":"LISTLIV"},{"name":"LISCOMC"},{"name":"LISCOMR"},{"name":"LISCOMF"},{"name":"LISVCOM"},{"name":"LISTSLI"},{"name":"LISTSQP"},{"name":"LISTOP"},{"name":"LISAVAL"},{"name":"LISMARQ"},{"name":"LISREAP"},{"name":"LISUREAP"},{"name":"LISUREAP_LIB"},{"name":"LISCOMM"},{"name":"LISCDLU"},{"name":"LISCDMA"},{"name":"LISCDME"},{"name":"LISCDJE"},{"name":"LISCDVE"},{"name":"LISCDSA"},{"name":"LISCDDI"},{"name":"LISLILU"},{"name":"LISLIMA"},{"name":"LISLIME"},{"name":"LISLIJE"},{"name":"LISLIVE"},{"name":"LISLISA"},{"name":"LISLIDI"},{"name":"LISHRLU"},{"name":"LISHRMA"},{"name":"LISHRME"},{"name":"LISHRJE"},{"name":"LISHRVE"},{"name":"LISHRSA"},{"name":"LISHRDI"},{"name":"LISHLLU"},{"name":"LISHLMA"},{"name":"LISHLME"},{"name":"LISHLJE"},{"name":"LISHLVE"},{"name":"LISHLSA"},{"name":"LISHLDI"},{"name":"LISHRLU2"},{"name":"LISHRMA2"},{"name":"LISHRME2"},{"name":"LISHRJE2"},{"name":"LISHRVE2"},{"name":"LISHRSA2"},{"name":"LISHRDI2"},{"name":"LISHLLU2"},{"name":"LISHLMA2"},{"name":"LISHLME2"},{"name":"LISHLJE2"},{"name":"LISHLVE2"},{"name":"LISHLSA2"},{"name":"LISHLDI2"},{"name":"LISHRLU3"},{"name":"LISHRMA3"},{"name":"LISHRME3"},{"name":"LISHRJE3"},{"name":"LISHRVE3"},{"name":"LISHRSA3"},{"name":"LISHRDI3"},{"name":"LISHLLU3"},{"name":"LISHLMA3"},{"name":"LISHLME3"},{"name":"LISHLJE3"},{"name":"LISHLVE3"},{"name":"LISHLSA3"},{"name":"LISHLDI3"},{"name":"LISDDEB"},{"name":"LISDFIN"}]}
5/17/2018 1:45:40 29: LIBQUERY with Callback: 
5/17/2018 1:45:40 29: BEGIN PKREQUESTMANAGER.CALLQUERY(29,'SCH0000001','abe','{HEINENS_CUSTOM_PROD}', '{AO0620774,AO06207C,0,AO06207S,05/20/2018,05/26/2018,abe,1,4,5,6,7,8,9,10,11,12,14,15,16,17,18,19,20,21,22,41,42,43,44,99974}','{HN}', :cursor); END;
5/17/2018 1:45:40 30: LIBQUERY with Callback: 
5/17/2018 1:45:40 30: BEGIN PKREQUESTMANAGER.CALLQUERY(30,'SCH0000002','abe','{HEINENS_CUSTOM_PROD}', '{AO0620774,AO06207C,0,AO06207S,["05/21/2018"],["1010"],["05/30/2018"],["1400"],abe,1,4,5,6,7,8,9,10,11,12,14,15,16,17,18,19,20,21,22,41,42,43,44,99974}','{HN}', :cursor); END;
5/17/2018 1:45:40 30: 1 Object(s) returned... [FETCH]
5/17/2018 1:45:40 30: [object Object]
5/17/2018 1:45:40 30: {"metaData":[{"name":"'EXECUTINGISSUE,CHECKDBMS_SQL.EXECUTERIGHTS'"}]}
5/17/2018 1:45:40 30: 1 Object(s) returned... [FETCH]
5/17/2018 1:45:40 30: [object Object]
5/17/2018 1:45:40 30: {"metaData":[{"name":"'EXECUTINGISSUE,CHECKDBMS_SQL.EXECUTERIGHTS'"}]}
5/17/2018 1:56:11 31: LIBQUERY with Callback: 
5/17/2018 1:56:11 31: BEGIN PKREQUESTMANAGER.CALLQUERY(31,'ADM0000001','abe','{}', '{abe,abe}','{}', :cursor); END;
5/17/2018 1:56:12 31: 1 Object(s) returned... [FETCH]
5/17/2018 1:56:12 31: [object Object]
5/17/2018 1:56:12 31: {"metaData":[{"name":"USERID"},{"name":"USERFNAME"},{"name":"USERLNAME"},{"name":"USEREMAIL"},{"name":"USERMOBILE"}]}
5/17/2018 1:56:12 32: LIBQUERY with Callback: 
5/17/2018 1:56:12 32: BEGIN PKREQUESTMANAGER.CALLQUERY(32,'CLI0000002','abe','{}', '{abe}','{}', :cursor); END;
5/17/2018 1:56:12 32: 1 Object(s) returned... [FETCH]
5/17/2018 1:56:12 32: [object Object]
5/17/2018 1:56:12 32: {"metaData":[{"name":"USERID"},{"name":"USERCORPID"},{"name":"USERPASS"},{"name":"USERAUTH"},{"name":"USERLANG"},{"name":"USERPROF"},{"name":"USERAPPLI"},{"name":"USERFNAME"},{"name":"USERLNAME"},{"name":"USEREMAIL"},{"name":"USERMOBILE"},{"name":"USERTEAM"},{"name":"USERACTIVE"},{"name":"USERDCRE"},{"name":"USERDMAJ"},{"name":"USERUTIL"},{"name":"USERTYPE"}]}
5/17/2018 1:56:12 33: LIBQUERY with Callback: 
5/17/2018 1:56:12 33: BEGIN PKREQUESTMANAGER.CALLQUERY(33,'CLI0000003','abe','{}', '{abe}','{}', :cursor); END;
5/17/2018 1:56:12 33: 6 Object(s) returned... [FETCH]
5/17/2018 1:56:12 33: [object Object],[object Object],[object Object],[object Object],[object Object],[object Object]
5/17/2018 1:56:12 33: {"metaData":[{"name":"LEVEL"},{"name":"ENVID"},{"name":"ENVCORPID"},{"name":"ENVCODE"},{"name":"ENVTYPE"},{"name":"ENVACTIVE"},{"name":"ENVSDESC"},{"name":"ENVLDESC"},{"name":"ENVDBTYPE"},{"name":"ENVIP"},{"name":"ENVPORT"},{"name":"ENVUSER"},{"name":"ENVPASSWORD"},{"name":"ENVSOURCE"},{"name":"ENVDBLINK"},{"name":"ENVDEFAULT"},{"name":"ENVDCRE"},{"name":"ENVDMAJ"},{"name":"ENVUTIL"},{"name":"ENVVERSION"},{"name":"ENVDEFLANG"},{"name":"CORPPIC"},{"name":"ENVVARINITSH"}]}
5/17/2018 1:56:27 34: LIBQUERY with Callback: 
5/17/2018 1:56:27 34: BEGIN PKREQUESTMANAGER.CALLQUERY(34,'SUP0000001','abe','{HEINENS_CUSTOM_PROD}', '{AO0620774}','{HN}', :cursor); END;
5/17/2018 1:56:28 34: 24 Object(s) returned... [FETCH]
5/17/2018 1:56:28 34: [object Object],[object Object],[object Object],[object Object],[object Object],[object Object],[object Object],[object Object],[object Object],[object Object],[object Object],[object Object],[object Object],[object Object],[object Object],[object Object],[object Object],[object Object],[object Object],[object Object],[object Object],[object Object],[object Object],[object Object]
5/17/2018 1:56:28 34: {"metaData":[{"name":"LISCFIN"},{"name":"FOUCNUF"},{"name":"FOULIBL"},{"name":"FCSNUM"},{"name":"LISCSIN"},{"name":"LISCCIN"},{"name":"FCCNUM"},{"name":"LISNFILF"},{"name":"SOCSITE"},{"name":"SOCLMAG"},{"name":"LISNFILC"},{"name":"LISTLIV"},{"name":"LISCOMC"},{"name":"LISCOMR"},{"name":"LISCOMF"},{"name":"LISVCOM"},{"name":"LISTSLI"},{"name":"LISTSQP"},{"name":"LISTOP"},{"name":"LISAVAL"},{"name":"LISMARQ"},{"name":"LISREAP"},{"name":"LISUREAP"},{"name":"LISUREAP_LIB"},{"name":"LISCOMM"},{"name":"LISCDLU"},{"name":"LISCDMA"},{"name":"LISCDME"},{"name":"LISCDJE"},{"name":"LISCDVE"},{"name":"LISCDSA"},{"name":"LISCDDI"},{"name":"LISLILU"},{"name":"LISLIMA"},{"name":"LISLIME"},{"name":"LISLIJE"},{"name":"LISLIVE"},{"name":"LISLISA"},{"name":"LISLIDI"},{"name":"LISHRLU"},{"name":"LISHRMA"},{"name":"LISHRME"},{"name":"LISHRJE"},{"name":"LISHRVE"},{"name":"LISHRSA"},{"name":"LISHRDI"},{"name":"LISHLLU"},{"name":"LISHLMA"},{"name":"LISHLME"},{"name":"LISHLJE"},{"name":"LISHLVE"},{"name":"LISHLSA"},{"name":"LISHLDI"},{"name":"LISHRLU2"},{"name":"LISHRMA2"},{"name":"LISHRME2"},{"name":"LISHRJE2"},{"name":"LISHRVE2"},{"name":"LISHRSA2"},{"name":"LISHRDI2"},{"name":"LISHLLU2"},{"name":"LISHLMA2"},{"name":"LISHLME2"},{"name":"LISHLJE2"},{"name":"LISHLVE2"},{"name":"LISHLSA2"},{"name":"LISHLDI2"},{"name":"LISHRLU3"},{"name":"LISHRMA3"},{"name":"LISHRME3"},{"name":"LISHRJE3"},{"name":"LISHRVE3"},{"name":"LISHRSA3"},{"name":"LISHRDI3"},{"name":"LISHLLU3"},{"name":"LISHLMA3"},{"name":"LISHLME3"},{"name":"LISHLJE3"},{"name":"LISHLVE3"},{"name":"LISHLSA3"},{"name":"LISHLDI3"},{"name":"LISDDEB"},{"name":"LISDFIN"}]}
5/17/2018 1:56:49 35: LIBQUERY with Callback: 
5/17/2018 1:56:49 35: BEGIN PKREQUESTMANAGER.CALLQUERY(35,'SCH0000001','abe','{HEINENS_CUSTOM_PROD}', '{AO0620774,AO06207C,0,AO06207S,05/20/2018,05/26/2018,abe,1,4,5,6,7,8,9,10,11,12,14,15,16,17,18,19,20,21,22,41,42,43,44,99974}','{HN}', :cursor); END;
5/17/2018 1:56:49 36: LIBQUERY with Callback: 
5/17/2018 1:56:49 36: BEGIN PKREQUESTMANAGER.CALLQUERY(36,'SCH0000002','abe','{HEINENS_CUSTOM_PROD}', '{AO0620774,AO06207C,0,AO06207S,["05/21/2018","05/24/2018","05/25/2018"],["1010","1010","1010"],["05/30/2018","06/01/2018","06/02/2018"],["1400","1400","1400"],abe,1,4,5,6,7,8,9,10,11,12,14,15,16,17,18,19,20,21,22,41,42,43,44,99974}','{HN}', :cursor); END;
5/17/2018 1:56:49 36: 1 Object(s) returned... [FETCH]
5/17/2018 1:56:49 36: [object Object]
5/17/2018 1:56:49 36: 1 Object(s) returned... [FETCH]
5/17/2018 1:56:49 36: [object Object]
5/17/2018 1:56:49 36: {"metaData":[{"name":"'EXECUTINGISSUE,CHECKDBMS_SQL.EXECUTERIGHTS'"}]}
5/17/2018 1:56:49 36: {"metaData":[{"name":"'EXECUTINGISSUE,CHECKDBMS_SQL.EXECUTERIGHTS'"}]}
5/17/2018 2:13:9 37: LIBQUERY with Callback: 
5/17/2018 2:13:9 37: BEGIN PKREQUESTMANAGER.CALLQUERY(37,'ADM0000001','abe','{}', '{abe,abe}','{}', :cursor); END;
5/17/2018 2:13:9 37: 1 Object(s) returned... [FETCH]
5/17/2018 2:13:9 37: [object Object]
5/17/2018 2:13:10 37: {"metaData":[{"name":"USERID"},{"name":"USERFNAME"},{"name":"USERLNAME"},{"name":"USEREMAIL"},{"name":"USERMOBILE"}]}
5/17/2018 2:13:10 38: LIBQUERY with Callback: 
5/17/2018 2:13:10 38: BEGIN PKREQUESTMANAGER.CALLQUERY(38,'CLI0000002','abe','{}', '{abe}','{}', :cursor); END;
5/17/2018 2:13:10 38: 1 Object(s) returned... [FETCH]
5/17/2018 2:13:10 38: [object Object]
5/17/2018 2:13:10 38: {"metaData":[{"name":"USERID"},{"name":"USERCORPID"},{"name":"USERPASS"},{"name":"USERAUTH"},{"name":"USERLANG"},{"name":"USERPROF"},{"name":"USERAPPLI"},{"name":"USERFNAME"},{"name":"USERLNAME"},{"name":"USEREMAIL"},{"name":"USERMOBILE"},{"name":"USERTEAM"},{"name":"USERACTIVE"},{"name":"USERDCRE"},{"name":"USERDMAJ"},{"name":"USERUTIL"},{"name":"USERTYPE"}]}
5/17/2018 2:13:10 39: LIBQUERY with Callback: 
5/17/2018 2:13:10 39: BEGIN PKREQUESTMANAGER.CALLQUERY(39,'CLI0000003','abe','{}', '{abe}','{}', :cursor); END;
5/17/2018 2:13:10 39: 6 Object(s) returned... [FETCH]
5/17/2018 2:13:10 39: [object Object],[object Object],[object Object],[object Object],[object Object],[object Object]
5/17/2018 2:13:10 39: {"metaData":[{"name":"LEVEL"},{"name":"ENVID"},{"name":"ENVCORPID"},{"name":"ENVCODE"},{"name":"ENVTYPE"},{"name":"ENVACTIVE"},{"name":"ENVSDESC"},{"name":"ENVLDESC"},{"name":"ENVDBTYPE"},{"name":"ENVIP"},{"name":"ENVPORT"},{"name":"ENVUSER"},{"name":"ENVPASSWORD"},{"name":"ENVSOURCE"},{"name":"ENVDBLINK"},{"name":"ENVDEFAULT"},{"name":"ENVDCRE"},{"name":"ENVDMAJ"},{"name":"ENVUTIL"},{"name":"ENVVERSION"},{"name":"ENVDEFLANG"},{"name":"CORPPIC"},{"name":"ENVVARINITSH"}]}
5/17/2018 2:13:22 40: LIBQUERY with Callback: 
5/17/2018 2:13:22 40: BEGIN PKREQUESTMANAGER.CALLQUERY(40,'SUP0000001','abe','{HEINENS_CUSTOM_PROD}', '{AO0620774}','{HN}', :cursor); END;
5/17/2018 2:13:22 40: 24 Object(s) returned... [FETCH]
5/17/2018 2:13:22 40: [object Object],[object Object],[object Object],[object Object],[object Object],[object Object],[object Object],[object Object],[object Object],[object Object],[object Object],[object Object],[object Object],[object Object],[object Object],[object Object],[object Object],[object Object],[object Object],[object Object],[object Object],[object Object],[object Object],[object Object]
5/17/2018 2:13:22 40: {"metaData":[{"name":"LISCFIN"},{"name":"FOUCNUF"},{"name":"FOULIBL"},{"name":"FCSNUM"},{"name":"LISCSIN"},{"name":"LISCCIN"},{"name":"FCCNUM"},{"name":"LISNFILF"},{"name":"SOCSITE"},{"name":"SOCLMAG"},{"name":"LISNFILC"},{"name":"LISTLIV"},{"name":"LISCOMC"},{"name":"LISCOMR"},{"name":"LISCOMF"},{"name":"LISVCOM"},{"name":"LISTSLI"},{"name":"LISTSQP"},{"name":"LISTOP"},{"name":"LISAVAL"},{"name":"LISMARQ"},{"name":"LISREAP"},{"name":"LISUREAP"},{"name":"LISUREAP_LIB"},{"name":"LISCOMM"},{"name":"LISCDLU"},{"name":"LISCDMA"},{"name":"LISCDME"},{"name":"LISCDJE"},{"name":"LISCDVE"},{"name":"LISCDSA"},{"name":"LISCDDI"},{"name":"LISLILU"},{"name":"LISLIMA"},{"name":"LISLIME"},{"name":"LISLIJE"},{"name":"LISLIVE"},{"name":"LISLISA"},{"name":"LISLIDI"},{"name":"LISHRLU"},{"name":"LISHRMA"},{"name":"LISHRME"},{"name":"LISHRJE"},{"name":"LISHRVE"},{"name":"LISHRSA"},{"name":"LISHRDI"},{"name":"LISHLLU"},{"name":"LISHLMA"},{"name":"LISHLME"},{"name":"LISHLJE"},{"name":"LISHLVE"},{"name":"LISHLSA"},{"name":"LISHLDI"},{"name":"LISHRLU2"},{"name":"LISHRMA2"},{"name":"LISHRME2"},{"name":"LISHRJE2"},{"name":"LISHRVE2"},{"name":"LISHRSA2"},{"name":"LISHRDI2"},{"name":"LISHLLU2"},{"name":"LISHLMA2"},{"name":"LISHLME2"},{"name":"LISHLJE2"},{"name":"LISHLVE2"},{"name":"LISHLSA2"},{"name":"LISHLDI2"},{"name":"LISHRLU3"},{"name":"LISHRMA3"},{"name":"LISHRME3"},{"name":"LISHRJE3"},{"name":"LISHRVE3"},{"name":"LISHRSA3"},{"name":"LISHRDI3"},{"name":"LISHLLU3"},{"name":"LISHLMA3"},{"name":"LISHLME3"},{"name":"LISHLJE3"},{"name":"LISHLVE3"},{"name":"LISHLSA3"},{"name":"LISHLDI3"},{"name":"LISDDEB"},{"name":"LISDFIN"}]}
5/17/2018 2:13:43 41: LIBQUERY with Callback: 
5/17/2018 2:13:43 41: BEGIN PKREQUESTMANAGER.CALLQUERY(41,'SCH0000002','abe','{HEINENS_CUSTOM_PROD}', '{AO0620774,AO06207C,0,AO06207S,"05/21/2018","05/24/2018","05/25/2018","1010","1010","1010","05/30/2018","06/01/2018","06/02/2018","1400","1400","1400",abe,1,4,5,6,7,8,9,10,11,12,14,15,16,17,18,19,20,21,22,41,42,43,44,99974}','{HN}', :cursor); END;
5/17/2018 2:13:43 42: LIBQUERY with Callback: 
5/17/2018 2:13:43 42: BEGIN PKREQUESTMANAGER.CALLQUERY(42,'SCH0000001','abe','{HEINENS_CUSTOM_PROD}', '{AO0620774,AO06207C,0,AO06207S,05/20/2018,05/26/2018,abe,1,4,5,6,7,8,9,10,11,12,14,15,16,17,18,19,20,21,22,41,42,43,44,99974}','{HN}', :cursor); END;
5/17/2018 2:13:43 42: 1 Object(s) returned... [FETCH]
5/17/2018 2:13:43 42: [object Object]
5/17/2018 2:13:43 42: {"metaData":[{"name":"'EXECUTINGISSUE,CHECKDBMS_SQL.EXECUTERIGHTS'"}]}
5/17/2018 2:13:43 42: 1 Object(s) returned... [FETCH]
5/17/2018 2:13:43 42: [object Object]
5/17/2018 2:13:43 42: {"metaData":[{"name":"'EXECUTINGISSUE,CHECKDBMS_SQL.EXECUTERIGHTS'"}]}
5/17/2018 2:15:36 43: LIBQUERY with Callback: 
5/17/2018 2:15:36 43: BEGIN PKREQUESTMANAGER.CALLQUERY(43,'ADM0000001','abe','{}', '{abe,abe}','{}', :cursor); END;
5/17/2018 2:15:36 43: 1 Object(s) returned... [FETCH]
5/17/2018 2:15:36 43: [object Object]
5/17/2018 2:15:36 43: {"metaData":[{"name":"USERID"},{"name":"USERFNAME"},{"name":"USERLNAME"},{"name":"USEREMAIL"},{"name":"USERMOBILE"}]}
5/17/2018 2:15:37 44: LIBQUERY with Callback: 
5/17/2018 2:15:37 44: BEGIN PKREQUESTMANAGER.CALLQUERY(44,'CLI0000002','abe','{}', '{abe}','{}', :cursor); END;
5/17/2018 2:15:37 44: 1 Object(s) returned... [FETCH]
5/17/2018 2:15:37 44: [object Object]
5/17/2018 2:15:37 44: {"metaData":[{"name":"USERID"},{"name":"USERCORPID"},{"name":"USERPASS"},{"name":"USERAUTH"},{"name":"USERLANG"},{"name":"USERPROF"},{"name":"USERAPPLI"},{"name":"USERFNAME"},{"name":"USERLNAME"},{"name":"USEREMAIL"},{"name":"USERMOBILE"},{"name":"USERTEAM"},{"name":"USERACTIVE"},{"name":"USERDCRE"},{"name":"USERDMAJ"},{"name":"USERUTIL"},{"name":"USERTYPE"}]}
5/17/2018 2:15:37 45: LIBQUERY with Callback: 
5/17/2018 2:15:37 45: BEGIN PKREQUESTMANAGER.CALLQUERY(45,'CLI0000003','abe','{}', '{abe}','{}', :cursor); END;
5/17/2018 2:15:37 45: 6 Object(s) returned... [FETCH]
5/17/2018 2:15:37 45: [object Object],[object Object],[object Object],[object Object],[object Object],[object Object]
5/17/2018 2:15:37 45: {"metaData":[{"name":"LEVEL"},{"name":"ENVID"},{"name":"ENVCORPID"},{"name":"ENVCODE"},{"name":"ENVTYPE"},{"name":"ENVACTIVE"},{"name":"ENVSDESC"},{"name":"ENVLDESC"},{"name":"ENVDBTYPE"},{"name":"ENVIP"},{"name":"ENVPORT"},{"name":"ENVUSER"},{"name":"ENVPASSWORD"},{"name":"ENVSOURCE"},{"name":"ENVDBLINK"},{"name":"ENVDEFAULT"},{"name":"ENVDCRE"},{"name":"ENVDMAJ"},{"name":"ENVUTIL"},{"name":"ENVVERSION"},{"name":"ENVDEFLANG"},{"name":"CORPPIC"},{"name":"ENVVARINITSH"}]}
5/17/2018 2:15:48 46: LIBQUERY with Callback: 
5/17/2018 2:15:48 46: BEGIN PKREQUESTMANAGER.CALLQUERY(46,'SUP0000001','abe','{HEINENS_CUSTOM_PROD}', '{AO0620774}','{HN}', :cursor); END;
5/17/2018 2:15:48 46: 24 Object(s) returned... [FETCH]
5/17/2018 2:15:48 46: [object Object],[object Object],[object Object],[object Object],[object Object],[object Object],[object Object],[object Object],[object Object],[object Object],[object Object],[object Object],[object Object],[object Object],[object Object],[object Object],[object Object],[object Object],[object Object],[object Object],[object Object],[object Object],[object Object],[object Object]
5/17/2018 2:15:48 46: {"metaData":[{"name":"LISCFIN"},{"name":"FOUCNUF"},{"name":"FOULIBL"},{"name":"FCSNUM"},{"name":"LISCSIN"},{"name":"LISCCIN"},{"name":"FCCNUM"},{"name":"LISNFILF"},{"name":"SOCSITE"},{"name":"SOCLMAG"},{"name":"LISNFILC"},{"name":"LISTLIV"},{"name":"LISCOMC"},{"name":"LISCOMR"},{"name":"LISCOMF"},{"name":"LISVCOM"},{"name":"LISTSLI"},{"name":"LISTSQP"},{"name":"LISTOP"},{"name":"LISAVAL"},{"name":"LISMARQ"},{"name":"LISREAP"},{"name":"LISUREAP"},{"name":"LISUREAP_LIB"},{"name":"LISCOMM"},{"name":"LISCDLU"},{"name":"LISCDMA"},{"name":"LISCDME"},{"name":"LISCDJE"},{"name":"LISCDVE"},{"name":"LISCDSA"},{"name":"LISCDDI"},{"name":"LISLILU"},{"name":"LISLIMA"},{"name":"LISLIME"},{"name":"LISLIJE"},{"name":"LISLIVE"},{"name":"LISLISA"},{"name":"LISLIDI"},{"name":"LISHRLU"},{"name":"LISHRMA"},{"name":"LISHRME"},{"name":"LISHRJE"},{"name":"LISHRVE"},{"name":"LISHRSA"},{"name":"LISHRDI"},{"name":"LISHLLU"},{"name":"LISHLMA"},{"name":"LISHLME"},{"name":"LISHLJE"},{"name":"LISHLVE"},{"name":"LISHLSA"},{"name":"LISHLDI"},{"name":"LISHRLU2"},{"name":"LISHRMA2"},{"name":"LISHRME2"},{"name":"LISHRJE2"},{"name":"LISHRVE2"},{"name":"LISHRSA2"},{"name":"LISHRDI2"},{"name":"LISHLLU2"},{"name":"LISHLMA2"},{"name":"LISHLME2"},{"name":"LISHLJE2"},{"name":"LISHLVE2"},{"name":"LISHLSA2"},{"name":"LISHLDI2"},{"name":"LISHRLU3"},{"name":"LISHRMA3"},{"name":"LISHRME3"},{"name":"LISHRJE3"},{"name":"LISHRVE3"},{"name":"LISHRSA3"},{"name":"LISHRDI3"},{"name":"LISHLLU3"},{"name":"LISHLMA3"},{"name":"LISHLME3"},{"name":"LISHLJE3"},{"name":"LISHLVE3"},{"name":"LISHLSA3"},{"name":"LISHLDI3"},{"name":"LISDDEB"},{"name":"LISDFIN"}]}
5/17/2018 2:16:14 47: LIBQUERY with Callback: 
5/17/2018 2:16:14 47: BEGIN PKREQUESTMANAGER.CALLQUERY(47,'SCH0000001','abe','{HEINENS_CUSTOM_PROD}', '{AO0620774,AO06207C,0,AO06207S,05/20/2018,05/26/2018,abe,1,4,5,6,7,8,9,10,11,12,14,15,16,17,18,19,20,21,22,41,42,43,44,99974}','{HN}', :cursor); END;
5/17/2018 2:16:14 48: LIBQUERY with Callback: 
5/17/2018 2:16:14 48: BEGIN PKREQUESTMANAGER.CALLQUERY(48,'SCH0000002','abe','{HEINENS_CUSTOM_PROD}', '{AO0620774,AO06207C,0,AO06207S,05/21/2018,05/24/2018,05/25/2018,1010,1010,1010,05/30/2018,06/01/2018,06/02/2018,1400,1400,1400,abe,1,4,5,6,7,8,9,10,11,12,14,15,16,17,18,19,20,21,22,41,42,43,44,99974}','{HN}', :cursor); END;
5/17/2018 2:16:14 48: 1 Object(s) returned... [FETCH]
5/17/2018 2:16:14 48: [object Object]
5/17/2018 2:16:14 48: {"metaData":[{"name":"'EXECUTINGISSUE,CHECKDBMS_SQL.EXECUTERIGHTS'"}]}
5/17/2018 2:16:14 48: 1 Object(s) returned... [FETCH]
5/17/2018 2:16:14 48: [object Object]
5/17/2018 2:16:14 48: {"metaData":[{"name":"'EXECUTINGISSUE,CHECKDBMS_SQL.EXECUTERIGHTS'"}]}
5/17/2018 2:17:39 49: LIBQUERY with Callback: 
5/17/2018 2:17:39 49: BEGIN PKREQUESTMANAGER.CALLQUERY(49,'ADM0000001','abe','{}', '{abe,abe}','{}', :cursor); END;
5/17/2018 2:17:39 49: 1 Object(s) returned... [FETCH]
5/17/2018 2:17:39 49: [object Object]
5/17/2018 2:17:39 49: {"metaData":[{"name":"USERID"},{"name":"USERFNAME"},{"name":"USERLNAME"},{"name":"USEREMAIL"},{"name":"USERMOBILE"}]}
5/17/2018 2:17:39 50: LIBQUERY with Callback: 
5/17/2018 2:17:39 50: BEGIN PKREQUESTMANAGER.CALLQUERY(50,'CLI0000002','abe','{}', '{abe}','{}', :cursor); END;
5/17/2018 2:17:39 50: 1 Object(s) returned... [FETCH]
5/17/2018 2:17:39 50: [object Object]
5/17/2018 2:17:39 50: {"metaData":[{"name":"USERID"},{"name":"USERCORPID"},{"name":"USERPASS"},{"name":"USERAUTH"},{"name":"USERLANG"},{"name":"USERPROF"},{"name":"USERAPPLI"},{"name":"USERFNAME"},{"name":"USERLNAME"},{"name":"USEREMAIL"},{"name":"USERMOBILE"},{"name":"USERTEAM"},{"name":"USERACTIVE"},{"name":"USERDCRE"},{"name":"USERDMAJ"},{"name":"USERUTIL"},{"name":"USERTYPE"}]}
5/17/2018 2:17:39 51: LIBQUERY with Callback: 
5/17/2018 2:17:39 51: BEGIN PKREQUESTMANAGER.CALLQUERY(51,'CLI0000003','abe','{}', '{abe}','{}', :cursor); END;
5/17/2018 2:17:39 51: 6 Object(s) returned... [FETCH]
5/17/2018 2:17:39 51: [object Object],[object Object],[object Object],[object Object],[object Object],[object Object]
5/17/2018 2:17:39 51: {"metaData":[{"name":"LEVEL"},{"name":"ENVID"},{"name":"ENVCORPID"},{"name":"ENVCODE"},{"name":"ENVTYPE"},{"name":"ENVACTIVE"},{"name":"ENVSDESC"},{"name":"ENVLDESC"},{"name":"ENVDBTYPE"},{"name":"ENVIP"},{"name":"ENVPORT"},{"name":"ENVUSER"},{"name":"ENVPASSWORD"},{"name":"ENVSOURCE"},{"name":"ENVDBLINK"},{"name":"ENVDEFAULT"},{"name":"ENVDCRE"},{"name":"ENVDMAJ"},{"name":"ENVUTIL"},{"name":"ENVVERSION"},{"name":"ENVDEFLANG"},{"name":"CORPPIC"},{"name":"ENVVARINITSH"}]}
5/17/2018 2:17:52 52: LIBQUERY with Callback: 
5/17/2018 2:17:52 52: BEGIN PKREQUESTMANAGER.CALLQUERY(52,'SUP0000001','abe','{HEINENS_CUSTOM_PROD}', '{AO0620774}','{HN}', :cursor); END;
5/17/2018 2:17:52 52: 24 Object(s) returned... [FETCH]
5/17/2018 2:17:52 52: [object Object],[object Object],[object Object],[object Object],[object Object],[object Object],[object Object],[object Object],[object Object],[object Object],[object Object],[object Object],[object Object],[object Object],[object Object],[object Object],[object Object],[object Object],[object Object],[object Object],[object Object],[object Object],[object Object],[object Object]
5/17/2018 2:17:52 52: {"metaData":[{"name":"LISCFIN"},{"name":"FOUCNUF"},{"name":"FOULIBL"},{"name":"FCSNUM"},{"name":"LISCSIN"},{"name":"LISCCIN"},{"name":"FCCNUM"},{"name":"LISNFILF"},{"name":"SOCSITE"},{"name":"SOCLMAG"},{"name":"LISNFILC"},{"name":"LISTLIV"},{"name":"LISCOMC"},{"name":"LISCOMR"},{"name":"LISCOMF"},{"name":"LISVCOM"},{"name":"LISTSLI"},{"name":"LISTSQP"},{"name":"LISTOP"},{"name":"LISAVAL"},{"name":"LISMARQ"},{"name":"LISREAP"},{"name":"LISUREAP"},{"name":"LISUREAP_LIB"},{"name":"LISCOMM"},{"name":"LISCDLU"},{"name":"LISCDMA"},{"name":"LISCDME"},{"name":"LISCDJE"},{"name":"LISCDVE"},{"name":"LISCDSA"},{"name":"LISCDDI"},{"name":"LISLILU"},{"name":"LISLIMA"},{"name":"LISLIME"},{"name":"LISLIJE"},{"name":"LISLIVE"},{"name":"LISLISA"},{"name":"LISLIDI"},{"name":"LISHRLU"},{"name":"LISHRMA"},{"name":"LISHRME"},{"name":"LISHRJE"},{"name":"LISHRVE"},{"name":"LISHRSA"},{"name":"LISHRDI"},{"name":"LISHLLU"},{"name":"LISHLMA"},{"name":"LISHLME"},{"name":"LISHLJE"},{"name":"LISHLVE"},{"name":"LISHLSA"},{"name":"LISHLDI"},{"name":"LISHRLU2"},{"name":"LISHRMA2"},{"name":"LISHRME2"},{"name":"LISHRJE2"},{"name":"LISHRVE2"},{"name":"LISHRSA2"},{"name":"LISHRDI2"},{"name":"LISHLLU2"},{"name":"LISHLMA2"},{"name":"LISHLME2"},{"name":"LISHLJE2"},{"name":"LISHLVE2"},{"name":"LISHLSA2"},{"name":"LISHLDI2"},{"name":"LISHRLU3"},{"name":"LISHRMA3"},{"name":"LISHRME3"},{"name":"LISHRJE3"},{"name":"LISHRVE3"},{"name":"LISHRSA3"},{"name":"LISHRDI3"},{"name":"LISHLLU3"},{"name":"LISHLMA3"},{"name":"LISHLME3"},{"name":"LISHLJE3"},{"name":"LISHLVE3"},{"name":"LISHLSA3"},{"name":"LISHLDI3"},{"name":"LISDDEB"},{"name":"LISDFIN"}]}
5/17/2018 2:18:13 53: LIBQUERY with Callback: 
5/17/2018 2:18:13 53: BEGIN PKREQUESTMANAGER.CALLQUERY(53,'SCH0000001','abe','{HEINENS_CUSTOM_PROD}', '{AO0620774,AO06207C,0,AO06207S,05/20/2018,05/26/2018,abe,1,4,5,6,7,8,9,10,11,12,14,15,16,17,18,19,20,21,22,41,42,43,44,99974}','{HN}', :cursor); END;
5/17/2018 2:18:13 53: 1 Object(s) returned... [FETCH]
5/17/2018 2:18:13 53: [object Object]
5/17/2018 2:18:13 53: {"metaData":[{"name":"'EXECUTINGISSUE,CHECKDBMS_SQL.EXECUTERIGHTS'"}]}
5/17/2018 2:18:13 54: LIBQUERY with Callback: 
5/17/2018 2:18:13 54: BEGIN PKREQUESTMANAGER.CALLQUERY(54,'SCH0000002','abe','{HEINENS_CUSTOM_PROD}', '{AO0620774,AO06207C,0,AO06207S,3,05/21/2018,05/24/2018,05/25/2018,1010,1010,1010,05/30/2018,06/01/2018,06/02/2018,1400,1400,1400,abe,1,4,5,6,7,8,9,10,11,12,14,15,16,17,18,19,20,21,22,41,42,43,44,99974}','{HN}', :cursor); END;
5/17/2018 2:18:13 54: 1 Object(s) returned... [FETCH]
5/17/2018 2:18:13 54: [object Object]
5/17/2018 2:18:13 54: {"metaData":[{"name":"'EXECUTINGISSUE,CHECKDBMS_SQL.EXECUTERIGHTS'"}]}
5/17/2018 2:25:54 55: LIBQUERY with Callback: 
5/17/2018 2:25:54 55: BEGIN PKREQUESTMANAGER.CALLQUERY(55,'SCH0000002','abe','{HEINENS_CUSTOM_PROD}', '{AO0620774,AO06207C,0,AO06207S,3,05/21/2018,05/24/2018,05/25/2018,1010,1010,1010,05/30/2018,06/01/2018,06/02/2018,1400,1400,1400,abe,1,4,5,6,7,8,9,10,11,12,14,15,16,17,18,19,20,21,22,41,42,43,44,99974}','{HN}', :cursor); END;
5/17/2018 2:25:54 55: 1 Object(s) returned... [FETCH]
5/17/2018 2:25:54 55: [object Object]
5/17/2018 2:25:54 55: {"metaData":[{"name":"'EXECUTINGISSUE,CHECKDBMS_SQL.EXECUTERIGHTS'"}]}
5/17/2018 2:25:54 56: LIBQUERY with Callback: 
5/17/2018 2:25:54 56: BEGIN PKREQUESTMANAGER.CALLQUERY(56,'SCH0000001','abe','{HEINENS_CUSTOM_PROD}', '{AO0620774,AO06207C,0,AO06207S,05/20/2018,05/26/2018,abe,1,4,5,6,7,8,9,10,11,12,14,15,16,17,18,19,20,21,22,41,42,43,44,99974}','{HN}', :cursor); END;
5/17/2018 2:25:54 56: 1 Object(s) returned... [FETCH]
5/17/2018 2:25:54 56: [object Object]
5/17/2018 2:25:54 56: {"metaData":[{"name":"'EXECUTINGISSUE,CHECKDBMS_SQL.EXECUTERIGHTS'"}]}
5/17/2018 2:26:29 57: LIBQUERY with Callback: 
5/17/2018 2:26:29 57: BEGIN PKREQUESTMANAGER.CALLQUERY(57,'SCH0000001','abe','{HEINENS_CUSTOM_PROD}', '{AO0620774,AO06207C,0,AO06207S,05/20/2018,05/26/2018,abe,1,4,5,6,7,8,9,10,11,12,14,15,16,17,18,19,20,21,22,41,42,43,44,99974}','{HN}', :cursor); END;
5/17/2018 2:26:29 58: LIBQUERY with Callback: 
5/17/2018 2:26:29 58: BEGIN PKREQUESTMANAGER.CALLQUERY(58,'SCH0000002','abe','{HEINENS_CUSTOM_PROD}', '{AO0620774,AO06207C,0,AO06207S,3,05/21/2018,05/24/2018,05/25/2018,1010,1010,1010,05/30/2018,06/01/2018,06/02/2018,1400,1400,1400,abe,1,4,5,6,7,8,9,10,11,12,14,15,16,17,18,19,20,21,22,41,42,43,44,99974}','{HN}', :cursor); END;
5/17/2018 2:26:29 58: 1 Object(s) returned... [FETCH]
5/17/2018 2:26:29 58: [object Object]
5/17/2018 2:26:29 58: {"metaData":[{"name":"'EXECUTINGISSUE,CHECKDBMS_SQL.EXECUTERIGHTS'"}]}
5/17/2018 2:26:29 58: 1 Object(s) returned... [FETCH]
5/17/2018 2:26:29 58: [object Object]
5/17/2018 2:26:29 58: {"metaData":[{"name":"'EXECUTINGISSUE,CHECKDBMS_SQL.EXECUTERIGHTS'"}]}
5/17/2018 2:26:52 59: LIBQUERY with Callback: 
5/17/2018 2:26:52 59: BEGIN PKREQUESTMANAGER.CALLQUERY(59,'SCH0000001','abe','{HEINENS_CUSTOM_PROD}', '{AO0620774,AO06207C,0,AO06207S,05/20/2018,05/26/2018,abe,1,4,5,6,7,8,9,10,11,12,14,15,16,17,18,19,20,21,22,41,42,43,44,99974}','{HN}', :cursor); END;
5/17/2018 2:26:52 60: LIBQUERY with Callback: 
5/17/2018 2:26:52 60: BEGIN PKREQUESTMANAGER.CALLQUERY(60,'SCH0000002','abe','{HEINENS_CUSTOM_PROD}', '{AO0620774,AO06207C,0,AO06207S,3,05/21/2018,05/24/2018,05/25/2018,1010,1010,1010,05/30/2018,06/01/2018,06/02/2018,1400,1400,1400,abe,1,4,5,6,7,8,9,10,11,12,14,15,16,17,18,19,20,21,22,41,42,43,44,99974}','{HN}', :cursor); END;
5/17/2018 2:26:52 60: 1 Object(s) returned... [FETCH]
5/17/2018 2:26:52 60: [object Object]
5/17/2018 2:26:52 60: {"metaData":[{"name":"'EXECUTINGISSUE,CHECKDBMS_SQL.EXECUTERIGHTS'"}]}
5/17/2018 2:26:52 60: 1 Object(s) returned... [FETCH]
5/17/2018 2:26:52 60: [object Object]
5/17/2018 2:26:52 60: {"metaData":[{"name":"'EXECUTINGISSUE,CHECKDBMS_SQL.EXECUTERIGHTS'"}]}
5/17/2018 2:27:22 1: LIBQUERY with Callback: 
5/17/2018 2:27:22 1: BEGIN PKREQUESTMANAGER.CALLQUERY(1,'SCH0000001','abe','{HEINENS_CUSTOM_PROD}', '{AO0620774,AO06207C,0,AO06207S,05/20/2018,05/26/2018,abe,1,4,5,6,7,8,9,10,11,12,14,15,16,17,18,19,20,21,22,41,42,43,44,99974}','{HN}', :cursor); END;
5/17/2018 2:27:22 2: LIBQUERY with Callback: 
5/17/2018 2:27:22 2: BEGIN PKREQUESTMANAGER.CALLQUERY(2,'SCH0000002','abe','{HEINENS_CUSTOM_PROD}', '{AO0620774,AO06207C,0,AO06207S,3,05/21/2018,05/24/2018,05/25/2018,1010,1010,1010,05/30/2018,06/01/2018,06/02/2018,1400,1400,1400,abe,1,4,5,6,7,8,9,10,11,12,14,15,16,17,18,19,20,21,22,41,42,43,44,99974}','{HN}', :cursor); END;
5/17/2018 2:27:22 2: 1 Object(s) returned... [FETCH]
5/17/2018 2:27:22 2: [object Object]
5/17/2018 2:27:22 2: 1 Object(s) returned... [FETCH]
5/17/2018 2:27:22 2: [object Object]
5/17/2018 2:27:22 2: {"metaData":[{"name":"'EXECUTINGISSUE,CHECKDBMS_SQL.EXECUTERIGHTS'"}]}
5/17/2018 2:27:22 2: {"metaData":[{"name":"'EXECUTINGISSUE,CHECKDBMS_SQL.EXECUTERIGHTS'"}]}
5/17/2018 2:43:55 3: LIBQUERY with Callback: 
5/17/2018 2:43:55 3: BEGIN PKREQUESTMANAGER.CALLQUERY(3,'SCH0000002','abe','{HEINENS_CUSTOM_PROD}', '{AO0620774,AO06207C,0,AO06207S,3,05/21/2018,05/24/2018,05/25/2018,1010,1010,1010,05/30/2018,06/01/2018,06/02/2018,1400,1400,1400,abe,1,4,5,6,7,8,9,10,11,12,14,15,16,17,18,19,20,21,22,41,42,43,44,99974}','{HN}', :cursor); END;
5/17/2018 2:43:56 4: LIBQUERY with Callback: 
5/17/2018 2:43:56 4: BEGIN PKREQUESTMANAGER.CALLQUERY(4,'SCH0000001','abe','{HEINENS_CUSTOM_PROD}', '{AO0620774,AO06207C,0,AO06207S,05/20/2018,05/26/2018,abe,1,4,5,6,7,8,9,10,11,12,14,15,16,17,18,19,20,21,22,41,42,43,44,99974}','{HN}', :cursor); END;
5/17/2018 2:43:56 4: 1 Object(s) returned... [FETCH]
5/17/2018 2:43:56 4: [object Object]
5/17/2018 2:43:56 4: 1 Object(s) returned... [FETCH]
5/17/2018 2:43:56 4: [object Object]
5/17/2018 2:43:56 4: {"metaData":[{"name":"'EXECUTINGISSUE,CHECKDBMS_SQL.EXECUTERIGHTS'"}]}
5/17/2018 2:43:56 4: {"metaData":[{"name":"'EXECUTINGISSUE,CHECKDBMS_SQL.EXECUTERIGHTS'"}]}
5/17/2018 2:56:6 5: LIBQUERY with Callback: 
5/17/2018 2:56:6 5: BEGIN PKREQUESTMANAGER.CALLQUERY(5,'SCH0000001','abe','{HEINENS_CUSTOM_PROD}', '{AO0620774,AO06207C,0,AO06207S,05/20/2018,05/26/2018,abe,1,4,5,6,7,8,9,10,11,12,14,15,16,17,18,19,20,21,22,41,42,43,44,99974}','{HN}', :cursor); END;
5/17/2018 2:56:6 6: LIBQUERY with Callback: 
5/17/2018 2:56:6 6: BEGIN PKREQUESTMANAGER.CALLQUERY(6,'SCH0000002','abe','{HEINENS_CUSTOM_PROD}', '{AO0620774,AO06207C,0,AO06207S,3,05/21/2018,05/24/2018,05/25/2018,1010,1010,1010,05/30/2018,06/01/2018,06/02/2018,1400,1400,1400,abe,1,4,5,6,7,8,9,10,11,12,14,15,16,17,18,19,20,21,22,41,42,43,44,99974}','{HN}', :cursor); END;
5/17/2018 2:56:6 6: 1 Object(s) returned... [FETCH]
5/17/2018 2:56:6 6: [object Object]
5/17/2018 2:56:6 6: {"metaData":[{"name":"'EXECUTINGISSUE,CHECKDBMS_SQL.EXECUTERIGHTS'"}]}
5/17/2018 2:56:6 6: 1 Object(s) returned... [FETCH]
5/17/2018 2:56:6 6: [object Object]
5/17/2018 2:56:6 6: {"metaData":[{"name":"'EXECUTINGISSUE,CHECKDBMS_SQL.EXECUTERIGHTS'"}]}
5/17/2018 2:57:22 7: LIBQUERY with Callback: 
5/17/2018 2:57:22 7: BEGIN PKREQUESTMANAGER.CALLQUERY(7,'ADM0000001','abe','{}', '{abe,abe}','{}', :cursor); END;
5/17/2018 2:57:22 7: 1 Object(s) returned... [FETCH]
5/17/2018 2:57:22 7: [object Object]
5/17/2018 2:57:22 7: {"metaData":[{"name":"USERID"},{"name":"USERFNAME"},{"name":"USERLNAME"},{"name":"USEREMAIL"},{"name":"USERMOBILE"}]}
5/17/2018 2:57:22 8: LIBQUERY with Callback: 
5/17/2018 2:57:22 8: BEGIN PKREQUESTMANAGER.CALLQUERY(8,'CLI0000002','abe','{}', '{abe}','{}', :cursor); END;
5/17/2018 2:57:22 8: 1 Object(s) returned... [FETCH]
5/17/2018 2:57:22 8: [object Object]
5/17/2018 2:57:22 8: {"metaData":[{"name":"USERID"},{"name":"USERCORPID"},{"name":"USERPASS"},{"name":"USERAUTH"},{"name":"USERLANG"},{"name":"USERPROF"},{"name":"USERAPPLI"},{"name":"USERFNAME"},{"name":"USERLNAME"},{"name":"USEREMAIL"},{"name":"USERMOBILE"},{"name":"USERTEAM"},{"name":"USERACTIVE"},{"name":"USERDCRE"},{"name":"USERDMAJ"},{"name":"USERUTIL"},{"name":"USERTYPE"}]}
5/17/2018 2:57:22 9: LIBQUERY with Callback: 
5/17/2018 2:57:22 9: BEGIN PKREQUESTMANAGER.CALLQUERY(9,'CLI0000003','abe','{}', '{abe}','{}', :cursor); END;
5/17/2018 2:57:22 9: 6 Object(s) returned... [FETCH]
5/17/2018 2:57:22 9: [object Object],[object Object],[object Object],[object Object],[object Object],[object Object]
5/17/2018 2:57:22 9: {"metaData":[{"name":"LEVEL"},{"name":"ENVID"},{"name":"ENVCORPID"},{"name":"ENVCODE"},{"name":"ENVTYPE"},{"name":"ENVACTIVE"},{"name":"ENVSDESC"},{"name":"ENVLDESC"},{"name":"ENVDBTYPE"},{"name":"ENVIP"},{"name":"ENVPORT"},{"name":"ENVUSER"},{"name":"ENVPASSWORD"},{"name":"ENVSOURCE"},{"name":"ENVDBLINK"},{"name":"ENVDEFAULT"},{"name":"ENVDCRE"},{"name":"ENVDMAJ"},{"name":"ENVUTIL"},{"name":"ENVVERSION"},{"name":"ENVDEFLANG"},{"name":"CORPPIC"},{"name":"ENVVARINITSH"}]}
5/17/2018 2:58:4 10: LIBQUERY with Callback: 
5/17/2018 2:58:4 10: BEGIN PKREQUESTMANAGER.CALLQUERY(10,'SUP0000001','abe','{HEINENS_CUSTOM_PROD}', '{AO0620774}','{HN}', :cursor); END;
5/17/2018 2:58:4 10: 24 Object(s) returned... [FETCH]
5/17/2018 2:58:4 10: [object Object],[object Object],[object Object],[object Object],[object Object],[object Object],[object Object],[object Object],[object Object],[object Object],[object Object],[object Object],[object Object],[object Object],[object Object],[object Object],[object Object],[object Object],[object Object],[object Object],[object Object],[object Object],[object Object],[object Object]
5/17/2018 2:58:4 10: {"metaData":[{"name":"LISCFIN"},{"name":"FOUCNUF"},{"name":"FOULIBL"},{"name":"FCSNUM"},{"name":"LISCSIN"},{"name":"LISCCIN"},{"name":"FCCNUM"},{"name":"LISNFILF"},{"name":"SOCSITE"},{"name":"SOCLMAG"},{"name":"LISNFILC"},{"name":"LISTLIV"},{"name":"LISCOMC"},{"name":"LISCOMR"},{"name":"LISCOMF"},{"name":"LISVCOM"},{"name":"LISTSLI"},{"name":"LISTSQP"},{"name":"LISTOP"},{"name":"LISAVAL"},{"name":"LISMARQ"},{"name":"LISREAP"},{"name":"LISUREAP"},{"name":"LISUREAP_LIB"},{"name":"LISCOMM"},{"name":"LISCDLU"},{"name":"LISCDMA"},{"name":"LISCDME"},{"name":"LISCDJE"},{"name":"LISCDVE"},{"name":"LISCDSA"},{"name":"LISCDDI"},{"name":"LISLILU"},{"name":"LISLIMA"},{"name":"LISLIME"},{"name":"LISLIJE"},{"name":"LISLIVE"},{"name":"LISLISA"},{"name":"LISLIDI"},{"name":"LISHRLU"},{"name":"LISHRMA"},{"name":"LISHRME"},{"name":"LISHRJE"},{"name":"LISHRVE"},{"name":"LISHRSA"},{"name":"LISHRDI"},{"name":"LISHLLU"},{"name":"LISHLMA"},{"name":"LISHLME"},{"name":"LISHLJE"},{"name":"LISHLVE"},{"name":"LISHLSA"},{"name":"LISHLDI"},{"name":"LISHRLU2"},{"name":"LISHRMA2"},{"name":"LISHRME2"},{"name":"LISHRJE2"},{"name":"LISHRVE2"},{"name":"LISHRSA2"},{"name":"LISHRDI2"},{"name":"LISHLLU2"},{"name":"LISHLMA2"},{"name":"LISHLME2"},{"name":"LISHLJE2"},{"name":"LISHLVE2"},{"name":"LISHLSA2"},{"name":"LISHLDI2"},{"name":"LISHRLU3"},{"name":"LISHRMA3"},{"name":"LISHRME3"},{"name":"LISHRJE3"},{"name":"LISHRVE3"},{"name":"LISHRSA3"},{"name":"LISHRDI3"},{"name":"LISHLLU3"},{"name":"LISHLMA3"},{"name":"LISHLME3"},{"name":"LISHLJE3"},{"name":"LISHLVE3"},{"name":"LISHLSA3"},{"name":"LISHLDI3"},{"name":"LISDDEB"},{"name":"LISDFIN"}]}
5/17/2018 2:58:25 11: LIBQUERY with Callback: 
5/17/2018 2:58:25 11: BEGIN PKREQUESTMANAGER.CALLQUERY(11,'SCH0000001','abe','{HEINENS_CUSTOM_PROD}', '{AO0620774,AO06207C,0,AO06207S,05/20/2018,05/26/2018,abe,1,4,5,6,7,8,9,10,11,12,14,15,16,17,18,19,20,21,22,41,42,43,44,99974}','{HN}', :cursor); END;
5/17/2018 2:58:25 12: LIBQUERY with Callback: 
5/17/2018 2:58:25 12: BEGIN PKREQUESTMANAGER.CALLQUERY(12,'SCH0000002','abe','{HEINENS_CUSTOM_PROD}', '{AO0620774,AO06207C,0,AO06207S,3,05/21/2018,05/24/2018,05/25/2018,1010,1010,1010,05/30/2018,06/01/2018,06/02/2018,1400,1400,1400,abe,1,4,5,6,7,8,9,10,11,12,14,15,16,17,18,19,20,21,22,41,42,43,44,99974}','{HN}', :cursor); END;
5/17/2018 2:58:25 12: 1 Object(s) returned... [FETCH]
5/17/2018 2:58:25 12: [object Object]
5/17/2018 2:58:25 12: {"metaData":[{"name":"'EXECUTINGISSUE,CHECKDBMS_SQL.EXECUTERIGHTS'"}]}
5/17/2018 2:58:25 12: 1 Object(s) returned... [FETCH]
5/17/2018 2:58:25 12: [object Object]
5/17/2018 2:58:25 12: {"metaData":[{"name":"'EXECUTINGISSUE,CHECKDBMS_SQL.EXECUTERIGHTS'"}]}
5/17/2018 2:59:17 13: LIBQUERY with Callback: 
5/17/2018 2:59:17 13: BEGIN PKREQUESTMANAGER.CALLQUERY(13,'SCH0000001','abe','{HEINENS_CUSTOM_PROD}', '{AO0620774,AO06207C,0,AO06207S,05/20/2018,05/26/2018,abe,1,4,5,6,7,8,9,10,11,12,14,15,16,17,18,19,20,21,22,41,42,43,44,99974}','{HN}', :cursor); END;
5/17/2018 2:59:17 14: LIBQUERY with Callback: 
5/17/2018 2:59:17 14: BEGIN PKREQUESTMANAGER.CALLQUERY(14,'SCH0000002','abe','{HEINENS_CUSTOM_PROD}', '{AO0620774,AO06207C,0,AO06207S,3,05/21/2018,05/24/2018,05/25/2018,1010,1010,1010,05/30/2018,06/01/2018,06/02/2018,1400,1400,1400,abe,1,4,5,6,7,8,9,10,11,12,14,15,16,17,18,19,20,21,22,41,42,43,44,99974}','{HN}', :cursor); END;
5/17/2018 2:59:18 14: 1 Object(s) returned... [FETCH]
5/17/2018 2:59:18 14: [object Object]
5/17/2018 2:59:18 14: {"metaData":[{"name":"'EXECUTINGISSUE,CHECKDBMS_SQL.EXECUTERIGHTS'"}]}
5/17/2018 2:59:18 14: 1 Object(s) returned... [FETCH]
5/17/2018 2:59:18 14: [object Object]
5/17/2018 2:59:18 14: {"metaData":[{"name":"'EXECUTINGISSUE,CHECKDBMS_SQL.EXECUTERIGHTS'"}]}
5/17/2018 3:5:11 15: LIBQUERY with Callback: 
5/17/2018 3:5:11 15: BEGIN PKREQUESTMANAGER.CALLQUERY(15,'ADM0000001','abe','{}', '{abe,abe}','{}', :cursor); END;
5/17/2018 3:5:11 15: 1 Object(s) returned... [FETCH]
5/17/2018 3:5:11 15: [object Object]
5/17/2018 3:5:11 15: {"metaData":[{"name":"USERID"},{"name":"USERFNAME"},{"name":"USERLNAME"},{"name":"USEREMAIL"},{"name":"USERMOBILE"}]}
5/17/2018 3:5:12 16: LIBQUERY with Callback: 
5/17/2018 3:5:12 16: BEGIN PKREQUESTMANAGER.CALLQUERY(16,'CLI0000002','abe','{}', '{abe}','{}', :cursor); END;
5/17/2018 3:5:12 16: 1 Object(s) returned... [FETCH]
5/17/2018 3:5:12 16: [object Object]
5/17/2018 3:5:12 16: {"metaData":[{"name":"USERID"},{"name":"USERCORPID"},{"name":"USERPASS"},{"name":"USERAUTH"},{"name":"USERLANG"},{"name":"USERPROF"},{"name":"USERAPPLI"},{"name":"USERFNAME"},{"name":"USERLNAME"},{"name":"USEREMAIL"},{"name":"USERMOBILE"},{"name":"USERTEAM"},{"name":"USERACTIVE"},{"name":"USERDCRE"},{"name":"USERDMAJ"},{"name":"USERUTIL"},{"name":"USERTYPE"}]}
5/17/2018 3:5:12 17: LIBQUERY with Callback: 
5/17/2018 3:5:12 17: BEGIN PKREQUESTMANAGER.CALLQUERY(17,'CLI0000003','abe','{}', '{abe}','{}', :cursor); END;
5/17/2018 3:5:12 17: 6 Object(s) returned... [FETCH]
5/17/2018 3:5:12 17: [object Object],[object Object],[object Object],[object Object],[object Object],[object Object]
5/17/2018 3:5:12 17: {"metaData":[{"name":"LEVEL"},{"name":"ENVID"},{"name":"ENVCORPID"},{"name":"ENVCODE"},{"name":"ENVTYPE"},{"name":"ENVACTIVE"},{"name":"ENVSDESC"},{"name":"ENVLDESC"},{"name":"ENVDBTYPE"},{"name":"ENVIP"},{"name":"ENVPORT"},{"name":"ENVUSER"},{"name":"ENVPASSWORD"},{"name":"ENVSOURCE"},{"name":"ENVDBLINK"},{"name":"ENVDEFAULT"},{"name":"ENVDCRE"},{"name":"ENVDMAJ"},{"name":"ENVUTIL"},{"name":"ENVVERSION"},{"name":"ENVDEFLANG"},{"name":"CORPPIC"},{"name":"ENVVARINITSH"}]}
5/17/2018 3:5:31 18: LIBQUERY with Callback: 
5/17/2018 3:5:31 18: BEGIN PKREQUESTMANAGER.CALLQUERY(18,'SUP0000001','abe','{HEINENS_CUSTOM_PROD}', '{AO0620774}','{HN}', :cursor); END;
5/17/2018 3:5:31 18: 24 Object(s) returned... [FETCH]
5/17/2018 3:5:31 18: [object Object],[object Object],[object Object],[object Object],[object Object],[object Object],[object Object],[object Object],[object Object],[object Object],[object Object],[object Object],[object Object],[object Object],[object Object],[object Object],[object Object],[object Object],[object Object],[object Object],[object Object],[object Object],[object Object],[object Object]
5/17/2018 3:5:31 18: {"metaData":[{"name":"LISCFIN"},{"name":"FOUCNUF"},{"name":"FOULIBL"},{"name":"FCSNUM"},{"name":"LISCSIN"},{"name":"LISCCIN"},{"name":"FCCNUM"},{"name":"LISNFILF"},{"name":"SOCSITE"},{"name":"SOCLMAG"},{"name":"LISNFILC"},{"name":"LISTLIV"},{"name":"LISCOMC"},{"name":"LISCOMR"},{"name":"LISCOMF"},{"name":"LISVCOM"},{"name":"LISTSLI"},{"name":"LISTSQP"},{"name":"LISTOP"},{"name":"LISAVAL"},{"name":"LISMARQ"},{"name":"LISREAP"},{"name":"LISUREAP"},{"name":"LISUREAP_LIB"},{"name":"LISCOMM"},{"name":"LISCDLU"},{"name":"LISCDMA"},{"name":"LISCDME"},{"name":"LISCDJE"},{"name":"LISCDVE"},{"name":"LISCDSA"},{"name":"LISCDDI"},{"name":"LISLILU"},{"name":"LISLIMA"},{"name":"LISLIME"},{"name":"LISLIJE"},{"name":"LISLIVE"},{"name":"LISLISA"},{"name":"LISLIDI"},{"name":"LISHRLU"},{"name":"LISHRMA"},{"name":"LISHRME"},{"name":"LISHRJE"},{"name":"LISHRVE"},{"name":"LISHRSA"},{"name":"LISHRDI"},{"name":"LISHLLU"},{"name":"LISHLMA"},{"name":"LISHLME"},{"name":"LISHLJE"},{"name":"LISHLVE"},{"name":"LISHLSA"},{"name":"LISHLDI"},{"name":"LISHRLU2"},{"name":"LISHRMA2"},{"name":"LISHRME2"},{"name":"LISHRJE2"},{"name":"LISHRVE2"},{"name":"LISHRSA2"},{"name":"LISHRDI2"},{"name":"LISHLLU2"},{"name":"LISHLMA2"},{"name":"LISHLME2"},{"name":"LISHLJE2"},{"name":"LISHLVE2"},{"name":"LISHLSA2"},{"name":"LISHLDI2"},{"name":"LISHRLU3"},{"name":"LISHRMA3"},{"name":"LISHRME3"},{"name":"LISHRJE3"},{"name":"LISHRVE3"},{"name":"LISHRSA3"},{"name":"LISHRDI3"},{"name":"LISHLLU3"},{"name":"LISHLMA3"},{"name":"LISHLME3"},{"name":"LISHLJE3"},{"name":"LISHLVE3"},{"name":"LISHLSA3"},{"name":"LISHLDI3"},{"name":"LISDDEB"},{"name":"LISDFIN"}]}
5/17/2018 3:5:54 19: LIBQUERY with Callback: 
5/17/2018 3:5:54 19: BEGIN PKREQUESTMANAGER.CALLQUERY(19,'SCH0000001','abe','{HEINENS_CUSTOM_PROD}', '{AO0620774,AO06207C,0,AO06207S,05/20/2018,05/26/2018,abe,1,4,5,6,7,8,9,10,11,12,14,15,16,17,18,19,20,21,22,41,42,43,44,99974}','{HN}', :cursor); END;
5/17/2018 3:5:54 20: LIBQUERY with Callback: 
5/17/2018 3:5:54 20: BEGIN PKREQUESTMANAGER.CALLQUERY(20,'SCH0000002','abe','{HEINENS_CUSTOM_PROD}', '{AO0620774,AO06207C,0,AO06207S,3,05/21/2018,05/24/2018,05/25/2018,1010,1010,1010,05/30/2018,06/01/2018,06/02/2018,1400,1400,1400,abe,1,4,5,6,7,8,9,10,11,12,14,15,16,17,18,19,20,21,22,41,42,43,44,99974}','{HN}', :cursor); END;
5/17/2018 3:5:54 20: 1 Object(s) returned... [FETCH]
5/17/2018 3:5:54 20: [object Object]
5/17/2018 3:5:54 20: {"metaData":[{"name":"'EXECUTINGISSUE,CHECKDBMS_SQL.EXECUTERIGHTS'"}]}
5/17/2018 3:5:54 20: 1 Object(s) returned... [FETCH]
5/17/2018 3:5:54 20: [object Object]
5/17/2018 3:5:54 20: {"metaData":[{"name":"'EXECUTINGISSUE,CHECKDBMS_SQL.EXECUTERIGHTS'"}]}
