11/24/2018 12:29:45 1: LIBQUERY with Callback: 
11/24/2018 12:29:45 1: BEGIN PKREQUESTMANAGER.CALLQUERY(1,'ADM0000001','abe','{}', '{abe,abe}','{}', :cursor); END;
11/24/2018 12:29:46 1: 1 Object(s) returned... [FETCH]
11/24/2018 12:29:46 1: [object Object]
11/24/2018 12:29:46 1: {"metaData":[{"name":"USERID"},{"name":"USERFNAME"},{"name":"USERLNAME"},{"name":"USEREMAIL"},{"name":"USERMOBILE"}]}
11/24/2018 12:29:46 2: LIBQUERY with Callback: 
11/24/2018 12:29:46 2: BEGIN PKREQUESTMANAGER.CALLQUERY(2,'CLI0000002','abe','{}', '{abe}','{}', :cursor); END;
11/24/2018 12:29:46 3: LIBQUERY with Callback: 
11/24/2018 12:29:46 3: BEGIN PKREQUESTMANAGER.CALLQUERY(3,'CLI0000003','abe','{}', '{abe}','{}', :cursor); END;
11/24/2018 12:29:46 3: 1 Object(s) returned... [FETCH]
11/24/2018 12:29:46 3: [object Object]
11/24/2018 12:29:46 3: {"metaData":[{"name":"USERID"},{"name":"USERCORPID"},{"name":"USERPASS"},{"name":"USERAUTH"},{"name":"USERLANG"},{"name":"USERPROF"},{"name":"USERAPPLI"},{"name":"USERFNAME"},{"name":"USERLNAME"},{"name":"USEREMAIL"},{"name":"USERMOBILE"},{"name":"USERTEAM"},{"name":"USERACTIVE"},{"name":"USERDCRE"},{"name":"USERDMAJ"},{"name":"USERUTIL"},{"name":"USERTYPE"}]}
11/24/2018 12:29:47 3: 5 Object(s) returned... [FETCH]
11/24/2018 12:29:47 3: [object Object],[object Object],[object Object],[object Object],[object Object]
11/24/2018 12:29:47 3: {"metaData":[{"name":"LEVEL"},{"name":"ENVID"},{"name":"ENVCORPID"},{"name":"CORPSDESC"},{"name":"ENVCODE"},{"name":"ENVTYPE"},{"name":"ENVACTIVE"},{"name":"ENVSDESC"},{"name":"ENVLDESC"},{"name":"ENVDBTYPE"},{"name":"ENVIP"},{"name":"ENVPORT"},{"name":"ENVUSER"},{"name":"ENVPASSWORD"},{"name":"ENVSOURCE"},{"name":"ENVDBLINK"},{"name":"ENVDEFAULT"},{"name":"ENVDCRE"},{"name":"ENVDMAJ"},{"name":"ENVUTIL"},{"name":"ENVVERSION"},{"name":"ENVDEFLANG"},{"name":"CORPPIC"},{"name":"ENVVARINITSH"}]}
11/24/2018 12:42:3 4: LIBQUERY with Callback: 
11/24/2018 12:42:3 4: BEGIN PKREQUESTMANAGER.CALLQUERY(4,'ADM0000001','abe','{}', '{abe,abe}','{}', :cursor); END;
11/24/2018 12:42:4 4: 1 Object(s) returned... [FETCH]
11/24/2018 12:42:4 4: [object Object]
11/24/2018 12:42:4 4: {"metaData":[{"name":"USERID"},{"name":"USERFNAME"},{"name":"USERLNAME"},{"name":"USEREMAIL"},{"name":"USERMOBILE"}]}
11/24/2018 12:42:4 5: LIBQUERY with Callback: 
11/24/2018 12:42:4 5: BEGIN PKREQUESTMANAGER.CALLQUERY(5,'CLI0000002','abe','{}', '{abe}','{}', :cursor); END;
11/24/2018 12:42:4 6: LIBQUERY with Callback: 
11/24/2018 12:42:4 6: BEGIN PKREQUESTMANAGER.CALLQUERY(6,'CLI0000003','abe','{}', '{abe}','{}', :cursor); END;
11/24/2018 12:42:4 6: 1 Object(s) returned... [FETCH]
11/24/2018 12:42:4 6: [object Object]
11/24/2018 12:42:4 6: 5 Object(s) returned... [FETCH]
11/24/2018 12:42:4 6: [object Object],[object Object],[object Object],[object Object],[object Object]
11/24/2018 12:42:4 6: {"metaData":[{"name":"USERID"},{"name":"USERCORPID"},{"name":"USERPASS"},{"name":"USERAUTH"},{"name":"USERLANG"},{"name":"USERPROF"},{"name":"USERAPPLI"},{"name":"USERFNAME"},{"name":"USERLNAME"},{"name":"USEREMAIL"},{"name":"USERMOBILE"},{"name":"USERTEAM"},{"name":"USERACTIVE"},{"name":"USERDCRE"},{"name":"USERDMAJ"},{"name":"USERUTIL"},{"name":"USERTYPE"}]}
11/24/2018 12:42:4 6: {"metaData":[{"name":"LEVEL"},{"name":"ENVID"},{"name":"ENVCORPID"},{"name":"CORPSDESC"},{"name":"ENVCODE"},{"name":"ENVTYPE"},{"name":"ENVACTIVE"},{"name":"ENVSDESC"},{"name":"ENVLDESC"},{"name":"ENVDBTYPE"},{"name":"ENVIP"},{"name":"ENVPORT"},{"name":"ENVUSER"},{"name":"ENVPASSWORD"},{"name":"ENVSOURCE"},{"name":"ENVDBLINK"},{"name":"ENVDEFAULT"},{"name":"ENVDCRE"},{"name":"ENVDMAJ"},{"name":"ENVUTIL"},{"name":"ENVVERSION"},{"name":"ENVDEFLANG"},{"name":"CORPPIC"},{"name":"ENVVARINITSH"}]}
11/24/2018 12:47:44 7: LIBQUERY with Callback: 
11/24/2018 12:47:44 7: BEGIN PKREQUESTMANAGER.CALLQUERY(7,'ADM0000001','abe','{}', '{abe,abe}','{}', :cursor); END;
11/24/2018 12:47:45 7: 1 Object(s) returned... [FETCH]
11/24/2018 12:47:45 7: [object Object]
11/24/2018 12:47:45 7: {"metaData":[{"name":"USERID"},{"name":"USERFNAME"},{"name":"USERLNAME"},{"name":"USEREMAIL"},{"name":"USERMOBILE"}]}
11/24/2018 12:47:45 8: LIBQUERY with Callback: 
11/24/2018 12:47:45 8: BEGIN PKREQUESTMANAGER.CALLQUERY(8,'CLI0000002','abe','{}', '{abe}','{}', :cursor); END;
11/24/2018 12:47:45 9: LIBQUERY with Callback: 
11/24/2018 12:47:45 9: BEGIN PKREQUESTMANAGER.CALLQUERY(9,'CLI0000003','abe','{}', '{abe}','{}', :cursor); END;
11/24/2018 12:47:46 9: 1 Object(s) returned... [FETCH]
11/24/2018 12:47:46 9: [object Object]
11/24/2018 12:47:46 9: {"metaData":[{"name":"USERID"},{"name":"USERCORPID"},{"name":"USERPASS"},{"name":"USERAUTH"},{"name":"USERLANG"},{"name":"USERPROF"},{"name":"USERAPPLI"},{"name":"USERFNAME"},{"name":"USERLNAME"},{"name":"USEREMAIL"},{"name":"USERMOBILE"},{"name":"USERTEAM"},{"name":"USERACTIVE"},{"name":"USERDCRE"},{"name":"USERDMAJ"},{"name":"USERUTIL"},{"name":"USERTYPE"}]}
11/24/2018 12:47:46 9: 5 Object(s) returned... [FETCH]
11/24/2018 12:47:46 9: [object Object],[object Object],[object Object],[object Object],[object Object]
11/24/2018 12:47:46 9: {"metaData":[{"name":"LEVEL"},{"name":"ENVID"},{"name":"ENVCORPID"},{"name":"CORPSDESC"},{"name":"ENVCODE"},{"name":"ENVTYPE"},{"name":"ENVACTIVE"},{"name":"ENVSDESC"},{"name":"ENVLDESC"},{"name":"ENVDBTYPE"},{"name":"ENVIP"},{"name":"ENVPORT"},{"name":"ENVUSER"},{"name":"ENVPASSWORD"},{"name":"ENVSOURCE"},{"name":"ENVDBLINK"},{"name":"ENVDEFAULT"},{"name":"ENVDCRE"},{"name":"ENVDMAJ"},{"name":"ENVUTIL"},{"name":"ENVVERSION"},{"name":"ENVDEFLANG"},{"name":"CORPPIC"},{"name":"ENVVARINITSH"}]}
11/24/2018 13:17:17 10: LIBQUERY with Callback: 
11/24/2018 13:17:17 10: BEGIN PKREQUESTMANAGER.CALLQUERY(10,'ADM0000001','abe','{}', '{abe,abe}','{}', :cursor); END;
11/24/2018 13:17:18 10: 1 Object(s) returned... [FETCH]
11/24/2018 13:17:18 10: [object Object]
11/24/2018 13:17:18 10: {"metaData":[{"name":"USERID"},{"name":"USERFNAME"},{"name":"USERLNAME"},{"name":"USEREMAIL"},{"name":"USERMOBILE"}]}
11/24/2018 13:17:19 11: LIBQUERY with Callback: 
11/24/2018 13:17:19 11: BEGIN PKREQUESTMANAGER.CALLQUERY(11,'CLI0000002','abe','{}', '{abe}','{}', :cursor); END;
11/24/2018 13:17:19 12: LIBQUERY with Callback: 
11/24/2018 13:17:19 12: BEGIN PKREQUESTMANAGER.CALLQUERY(12,'CLI0000003','abe','{}', '{abe}','{}', :cursor); END;
11/24/2018 13:17:19 12: 1 Object(s) returned... [FETCH]
11/24/2018 13:17:19 12: [object Object]
11/24/2018 13:17:19 12: {"metaData":[{"name":"USERID"},{"name":"USERCORPID"},{"name":"USERPASS"},{"name":"USERAUTH"},{"name":"USERLANG"},{"name":"USERPROF"},{"name":"USERAPPLI"},{"name":"USERFNAME"},{"name":"USERLNAME"},{"name":"USEREMAIL"},{"name":"USERMOBILE"},{"name":"USERTEAM"},{"name":"USERACTIVE"},{"name":"USERDCRE"},{"name":"USERDMAJ"},{"name":"USERUTIL"},{"name":"USERTYPE"}]}
11/24/2018 13:17:19 12: 5 Object(s) returned... [FETCH]
11/24/2018 13:17:19 12: [object Object],[object Object],[object Object],[object Object],[object Object]
11/24/2018 13:17:19 12: {"metaData":[{"name":"LEVEL"},{"name":"ENVID"},{"name":"ENVCORPID"},{"name":"CORPSDESC"},{"name":"ENVCODE"},{"name":"ENVTYPE"},{"name":"ENVACTIVE"},{"name":"ENVSDESC"},{"name":"ENVLDESC"},{"name":"ENVDBTYPE"},{"name":"ENVIP"},{"name":"ENVPORT"},{"name":"ENVUSER"},{"name":"ENVPASSWORD"},{"name":"ENVSOURCE"},{"name":"ENVDBLINK"},{"name":"ENVDEFAULT"},{"name":"ENVDCRE"},{"name":"ENVDMAJ"},{"name":"ENVUTIL"},{"name":"ENVVERSION"},{"name":"ENVDEFLANG"},{"name":"CORPPIC"},{"name":"ENVVARINITSH"}]}
11/24/2018 13:17:36 13: LIBQUERY with Callback: 
11/24/2018 13:17:36 13: BEGIN PKREQUESTMANAGER.CALLQUERY(13,'ADM0000001','abe','{}', '{abe,abe}','{}', :cursor); END;
11/24/2018 13:17:36 13: 1 Object(s) returned... [FETCH]
11/24/2018 13:17:36 13: [object Object]
11/24/2018 13:17:36 13: {"metaData":[{"name":"USERID"},{"name":"USERFNAME"},{"name":"USERLNAME"},{"name":"USEREMAIL"},{"name":"USERMOBILE"}]}
11/24/2018 13:17:36 14: LIBQUERY with Callback: 
11/24/2018 13:17:36 14: BEGIN PKREQUESTMANAGER.CALLQUERY(14,'CLI0000002','abe','{}', '{abe}','{}', :cursor); END;
11/24/2018 13:17:36 15: LIBQUERY with Callback: 
11/24/2018 13:17:36 15: BEGIN PKREQUESTMANAGER.CALLQUERY(15,'CLI0000003','abe','{}', '{abe}','{}', :cursor); END;
11/24/2018 13:17:36 15: 1 Object(s) returned... [FETCH]
11/24/2018 13:17:36 15: [object Object]
11/24/2018 13:17:36 15: {"metaData":[{"name":"USERID"},{"name":"USERCORPID"},{"name":"USERPASS"},{"name":"USERAUTH"},{"name":"USERLANG"},{"name":"USERPROF"},{"name":"USERAPPLI"},{"name":"USERFNAME"},{"name":"USERLNAME"},{"name":"USEREMAIL"},{"name":"USERMOBILE"},{"name":"USERTEAM"},{"name":"USERACTIVE"},{"name":"USERDCRE"},{"name":"USERDMAJ"},{"name":"USERUTIL"},{"name":"USERTYPE"}]}
11/24/2018 13:17:36 15: 5 Object(s) returned... [FETCH]
11/24/2018 13:17:36 15: [object Object],[object Object],[object Object],[object Object],[object Object]
11/24/2018 13:17:36 15: {"metaData":[{"name":"LEVEL"},{"name":"ENVID"},{"name":"ENVCORPID"},{"name":"CORPSDESC"},{"name":"ENVCODE"},{"name":"ENVTYPE"},{"name":"ENVACTIVE"},{"name":"ENVSDESC"},{"name":"ENVLDESC"},{"name":"ENVDBTYPE"},{"name":"ENVIP"},{"name":"ENVPORT"},{"name":"ENVUSER"},{"name":"ENVPASSWORD"},{"name":"ENVSOURCE"},{"name":"ENVDBLINK"},{"name":"ENVDEFAULT"},{"name":"ENVDCRE"},{"name":"ENVDMAJ"},{"name":"ENVUTIL"},{"name":"ENVVERSION"},{"name":"ENVDEFLANG"},{"name":"CORPPIC"},{"name":"ENVVARINITSH"}]}
11/24/2018 13:21:4 16: LIBQUERY with Callback: 
11/24/2018 13:21:4 16: BEGIN PKREQUESTMANAGER.CALLQUERY(16,'ADM0000001','abe','{}', '{abe,abe}','{}', :cursor); END;
11/24/2018 13:21:5 16: 1 Object(s) returned... [FETCH]
11/24/2018 13:21:5 16: [object Object]
11/24/2018 13:21:5 16: {"metaData":[{"name":"USERID"},{"name":"USERFNAME"},{"name":"USERLNAME"},{"name":"USEREMAIL"},{"name":"USERMOBILE"}]}
11/24/2018 13:21:5 17: LIBQUERY with Callback: 
11/24/2018 13:21:5 17: BEGIN PKREQUESTMANAGER.CALLQUERY(17,'CLI0000002','abe','{}', '{abe}','{}', :cursor); END;
11/24/2018 13:21:6 18: LIBQUERY with Callback: 
11/24/2018 13:21:6 18: BEGIN PKREQUESTMANAGER.CALLQUERY(18,'CLI0000003','abe','{}', '{abe}','{}', :cursor); END;
11/24/2018 13:21:6 18: 1 Object(s) returned... [FETCH]
11/24/2018 13:21:6 18: [object Object]
11/24/2018 13:21:6 18: {"metaData":[{"name":"USERID"},{"name":"USERCORPID"},{"name":"USERPASS"},{"name":"USERAUTH"},{"name":"USERLANG"},{"name":"USERPROF"},{"name":"USERAPPLI"},{"name":"USERFNAME"},{"name":"USERLNAME"},{"name":"USEREMAIL"},{"name":"USERMOBILE"},{"name":"USERTEAM"},{"name":"USERACTIVE"},{"name":"USERDCRE"},{"name":"USERDMAJ"},{"name":"USERUTIL"},{"name":"USERTYPE"}]}
11/24/2018 13:21:6 18: 5 Object(s) returned... [FETCH]
11/24/2018 13:21:6 18: [object Object],[object Object],[object Object],[object Object],[object Object]
11/24/2018 13:21:6 18: {"metaData":[{"name":"LEVEL"},{"name":"ENVID"},{"name":"ENVCORPID"},{"name":"CORPSDESC"},{"name":"ENVCODE"},{"name":"ENVTYPE"},{"name":"ENVACTIVE"},{"name":"ENVSDESC"},{"name":"ENVLDESC"},{"name":"ENVDBTYPE"},{"name":"ENVIP"},{"name":"ENVPORT"},{"name":"ENVUSER"},{"name":"ENVPASSWORD"},{"name":"ENVSOURCE"},{"name":"ENVDBLINK"},{"name":"ENVDEFAULT"},{"name":"ENVDCRE"},{"name":"ENVDMAJ"},{"name":"ENVUTIL"},{"name":"ENVVERSION"},{"name":"ENVDEFLANG"},{"name":"CORPPIC"},{"name":"ENVVARINITSH"}]}
11/24/2018 14:37:9 19: LIBQUERY with Callback: 
11/24/2018 14:37:9 19: BEGIN PKREQUESTMANAGER.CALLQUERY(19,'ADM0000001','abe','{}', '{abe,abe}','{}', :cursor); END;
11/24/2018 14:37:10 19: 1 Object(s) returned... [FETCH]
11/24/2018 14:37:10 19: [object Object]
11/24/2018 14:37:10 19: {"metaData":[{"name":"USERID"},{"name":"USERFNAME"},{"name":"USERLNAME"},{"name":"USEREMAIL"},{"name":"USERMOBILE"}]}
11/24/2018 14:37:10 20: LIBQUERY with Callback: 
11/24/2018 14:37:10 20: BEGIN PKREQUESTMANAGER.CALLQUERY(20,'CLI0000002','abe','{}', '{abe}','{}', :cursor); END;
11/24/2018 14:37:10 21: LIBQUERY with Callback: 
11/24/2018 14:37:10 21: BEGIN PKREQUESTMANAGER.CALLQUERY(21,'CLI0000003','abe','{}', '{abe}','{}', :cursor); END;
11/24/2018 14:37:11 21: 1 Object(s) returned... [FETCH]
11/24/2018 14:37:11 21: [object Object]
11/24/2018 14:37:11 21: 5 Object(s) returned... [FETCH]
11/24/2018 14:37:11 21: [object Object],[object Object],[object Object],[object Object],[object Object]
11/24/2018 14:37:11 21: {"metaData":[{"name":"USERID"},{"name":"USERCORPID"},{"name":"USERPASS"},{"name":"USERAUTH"},{"name":"USERLANG"},{"name":"USERPROF"},{"name":"USERAPPLI"},{"name":"USERFNAME"},{"name":"USERLNAME"},{"name":"USEREMAIL"},{"name":"USERMOBILE"},{"name":"USERTEAM"},{"name":"USERACTIVE"},{"name":"USERDCRE"},{"name":"USERDMAJ"},{"name":"USERUTIL"},{"name":"USERTYPE"}]}
11/24/2018 14:37:11 21: {"metaData":[{"name":"LEVEL"},{"name":"ENVID"},{"name":"ENVCORPID"},{"name":"CORPSDESC"},{"name":"ENVCODE"},{"name":"ENVTYPE"},{"name":"ENVACTIVE"},{"name":"ENVSDESC"},{"name":"ENVLDESC"},{"name":"ENVDBTYPE"},{"name":"ENVIP"},{"name":"ENVPORT"},{"name":"ENVUSER"},{"name":"ENVPASSWORD"},{"name":"ENVSOURCE"},{"name":"ENVDBLINK"},{"name":"ENVDEFAULT"},{"name":"ENVDCRE"},{"name":"ENVDMAJ"},{"name":"ENVUTIL"},{"name":"ENVVERSION"},{"name":"ENVDEFLANG"},{"name":"CORPPIC"},{"name":"ENVVARINITSH"}]}
11/24/2018 14:40:48 22: LIBQUERY with Callback: 
11/24/2018 14:40:48 22: BEGIN PKREQUESTMANAGER.CALLQUERY(22,'ADM0000001','abe','{}', '{abe,abe}','{}', :cursor); END;
11/24/2018 14:40:49 22: 1 Object(s) returned... [FETCH]
11/24/2018 14:40:49 22: [object Object]
11/24/2018 14:40:49 22: {"metaData":[{"name":"USERID"},{"name":"USERFNAME"},{"name":"USERLNAME"},{"name":"USEREMAIL"},{"name":"USERMOBILE"}]}
11/24/2018 14:40:49 23: LIBQUERY with Callback: 
11/24/2018 14:40:49 23: BEGIN PKREQUESTMANAGER.CALLQUERY(23,'CLI0000003','abe','{}', '{abe}','{}', :cursor); END;
11/24/2018 14:40:49 24: LIBQUERY with Callback: 
11/24/2018 14:40:49 24: BEGIN PKREQUESTMANAGER.CALLQUERY(24,'CLI0000002','abe','{}', '{abe}','{}', :cursor); END;
11/24/2018 14:40:49 24: 1 Object(s) returned... [FETCH]
11/24/2018 14:40:49 24: [object Object]
11/24/2018 14:40:49 24: 5 Object(s) returned... [FETCH]
11/24/2018 14:40:49 24: [object Object],[object Object],[object Object],[object Object],[object Object]
11/24/2018 14:40:49 24: {"metaData":[{"name":"USERID"},{"name":"USERCORPID"},{"name":"USERPASS"},{"name":"USERAUTH"},{"name":"USERLANG"},{"name":"USERPROF"},{"name":"USERAPPLI"},{"name":"USERFNAME"},{"name":"USERLNAME"},{"name":"USEREMAIL"},{"name":"USERMOBILE"},{"name":"USERTEAM"},{"name":"USERACTIVE"},{"name":"USERDCRE"},{"name":"USERDMAJ"},{"name":"USERUTIL"},{"name":"USERTYPE"}]}
11/24/2018 14:40:49 24: {"metaData":[{"name":"LEVEL"},{"name":"ENVID"},{"name":"ENVCORPID"},{"name":"CORPSDESC"},{"name":"ENVCODE"},{"name":"ENVTYPE"},{"name":"ENVACTIVE"},{"name":"ENVSDESC"},{"name":"ENVLDESC"},{"name":"ENVDBTYPE"},{"name":"ENVIP"},{"name":"ENVPORT"},{"name":"ENVUSER"},{"name":"ENVPASSWORD"},{"name":"ENVSOURCE"},{"name":"ENVDBLINK"},{"name":"ENVDEFAULT"},{"name":"ENVDCRE"},{"name":"ENVDMAJ"},{"name":"ENVUTIL"},{"name":"ENVVERSION"},{"name":"ENVDEFLANG"},{"name":"CORPPIC"},{"name":"ENVVARINITSH"}]}
11/24/2018 14:41:7 25: LIBQUERY with Callback: 
11/24/2018 14:41:7 25: BEGIN PKREQUESTMANAGER.CALLQUERY(25,'ADM0000001','abe','{}', '{abe,abe}','{}', :cursor); END;
11/24/2018 14:41:7 25: 1 Object(s) returned... [FETCH]
11/24/2018 14:41:7 25: [object Object]
11/24/2018 14:41:7 25: {"metaData":[{"name":"USERID"},{"name":"USERFNAME"},{"name":"USERLNAME"},{"name":"USEREMAIL"},{"name":"USERMOBILE"}]}
11/24/2018 14:41:7 26: LIBQUERY with Callback: 
11/24/2018 14:41:7 26: BEGIN PKREQUESTMANAGER.CALLQUERY(26,'CLI0000002','abe','{}', '{abe}','{}', :cursor); END;
11/24/2018 14:41:7 27: LIBQUERY with Callback: 
11/24/2018 14:41:7 27: BEGIN PKREQUESTMANAGER.CALLQUERY(27,'CLI0000003','abe','{}', '{abe}','{}', :cursor); END;
11/24/2018 14:41:7 27: 5 Object(s) returned... [FETCH]
11/24/2018 14:41:7 27: [object Object],[object Object],[object Object],[object Object],[object Object]
11/24/2018 14:41:7 27: 1 Object(s) returned... [FETCH]
11/24/2018 14:41:7 27: [object Object]
11/24/2018 14:41:7 27: {"metaData":[{"name":"LEVEL"},{"name":"ENVID"},{"name":"ENVCORPID"},{"name":"CORPSDESC"},{"name":"ENVCODE"},{"name":"ENVTYPE"},{"name":"ENVACTIVE"},{"name":"ENVSDESC"},{"name":"ENVLDESC"},{"name":"ENVDBTYPE"},{"name":"ENVIP"},{"name":"ENVPORT"},{"name":"ENVUSER"},{"name":"ENVPASSWORD"},{"name":"ENVSOURCE"},{"name":"ENVDBLINK"},{"name":"ENVDEFAULT"},{"name":"ENVDCRE"},{"name":"ENVDMAJ"},{"name":"ENVUTIL"},{"name":"ENVVERSION"},{"name":"ENVDEFLANG"},{"name":"CORPPIC"},{"name":"ENVVARINITSH"}]}
11/24/2018 14:41:7 27: {"metaData":[{"name":"USERID"},{"name":"USERCORPID"},{"name":"USERPASS"},{"name":"USERAUTH"},{"name":"USERLANG"},{"name":"USERPROF"},{"name":"USERAPPLI"},{"name":"USERFNAME"},{"name":"USERLNAME"},{"name":"USEREMAIL"},{"name":"USERMOBILE"},{"name":"USERTEAM"},{"name":"USERACTIVE"},{"name":"USERDCRE"},{"name":"USERDMAJ"},{"name":"USERUTIL"},{"name":"USERTYPE"}]}
11/24/2018 14:44:8 28: LIBQUERY with Callback: 
11/24/2018 14:44:8 28: BEGIN PKREQUESTMANAGER.CALLQUERY(28,'ADM0000001','abe','{}', '{abe,abe}','{}', :cursor); END;
11/24/2018 14:44:8 28: 1 Object(s) returned... [FETCH]
11/24/2018 14:44:8 28: [object Object]
11/24/2018 14:44:8 28: {"metaData":[{"name":"USERID"},{"name":"USERFNAME"},{"name":"USERLNAME"},{"name":"USEREMAIL"},{"name":"USERMOBILE"}]}
11/24/2018 14:44:8 29: LIBQUERY with Callback: 
11/24/2018 14:44:8 29: BEGIN PKREQUESTMANAGER.CALLQUERY(29,'CLI0000002','abe','{}', '{abe}','{}', :cursor); END;
11/24/2018 14:44:8 30: LIBQUERY with Callback: 
11/24/2018 14:44:8 30: BEGIN PKREQUESTMANAGER.CALLQUERY(30,'CLI0000003','abe','{}', '{abe}','{}', :cursor); END;
11/24/2018 14:44:8 30: 1 Object(s) returned... [FETCH]
11/24/2018 14:44:8 30: [object Object]
11/24/2018 14:44:9 30: {"metaData":[{"name":"USERID"},{"name":"USERCORPID"},{"name":"USERPASS"},{"name":"USERAUTH"},{"name":"USERLANG"},{"name":"USERPROF"},{"name":"USERAPPLI"},{"name":"USERFNAME"},{"name":"USERLNAME"},{"name":"USEREMAIL"},{"name":"USERMOBILE"},{"name":"USERTEAM"},{"name":"USERACTIVE"},{"name":"USERDCRE"},{"name":"USERDMAJ"},{"name":"USERUTIL"},{"name":"USERTYPE"}]}
11/24/2018 14:44:9 30: 5 Object(s) returned... [FETCH]
11/24/2018 14:44:9 30: [object Object],[object Object],[object Object],[object Object],[object Object]
11/24/2018 14:44:9 30: {"metaData":[{"name":"LEVEL"},{"name":"ENVID"},{"name":"ENVCORPID"},{"name":"CORPSDESC"},{"name":"ENVCODE"},{"name":"ENVTYPE"},{"name":"ENVACTIVE"},{"name":"ENVSDESC"},{"name":"ENVLDESC"},{"name":"ENVDBTYPE"},{"name":"ENVIP"},{"name":"ENVPORT"},{"name":"ENVUSER"},{"name":"ENVPASSWORD"},{"name":"ENVSOURCE"},{"name":"ENVDBLINK"},{"name":"ENVDEFAULT"},{"name":"ENVDCRE"},{"name":"ENVDMAJ"},{"name":"ENVUTIL"},{"name":"ENVVERSION"},{"name":"ENVDEFLANG"},{"name":"CORPPIC"},{"name":"ENVVARINITSH"}]}
11/24/2018 14:44:59 31: LIBQUERY with Callback: 
11/24/2018 14:44:59 31: BEGIN PKREQUESTMANAGER.CALLQUERY(31,'ADM0000001','abe','{}', '{abe,abe}','{}', :cursor); END;
11/24/2018 14:45:0 31: 1 Object(s) returned... [FETCH]
11/24/2018 14:45:0 31: [object Object]
11/24/2018 14:45:0 31: {"metaData":[{"name":"USERID"},{"name":"USERFNAME"},{"name":"USERLNAME"},{"name":"USEREMAIL"},{"name":"USERMOBILE"}]}
11/24/2018 14:45:1 32: LIBQUERY with Callback: 
11/24/2018 14:45:1 32: BEGIN PKREQUESTMANAGER.CALLQUERY(32,'CLI0000002','abe','{}', '{abe}','{}', :cursor); END;
11/24/2018 14:45:1 33: LIBQUERY with Callback: 
11/24/2018 14:45:1 33: BEGIN PKREQUESTMANAGER.CALLQUERY(33,'CLI0000003','abe','{}', '{abe}','{}', :cursor); END;
11/24/2018 14:45:1 33: 1 Object(s) returned... [FETCH]
11/24/2018 14:45:1 33: [object Object]
11/24/2018 14:45:1 33: 5 Object(s) returned... [FETCH]
11/24/2018 14:45:1 33: [object Object],[object Object],[object Object],[object Object],[object Object]
11/24/2018 14:45:1 33: {"metaData":[{"name":"USERID"},{"name":"USERCORPID"},{"name":"USERPASS"},{"name":"USERAUTH"},{"name":"USERLANG"},{"name":"USERPROF"},{"name":"USERAPPLI"},{"name":"USERFNAME"},{"name":"USERLNAME"},{"name":"USEREMAIL"},{"name":"USERMOBILE"},{"name":"USERTEAM"},{"name":"USERACTIVE"},{"name":"USERDCRE"},{"name":"USERDMAJ"},{"name":"USERUTIL"},{"name":"USERTYPE"}]}
11/24/2018 14:45:1 33: {"metaData":[{"name":"LEVEL"},{"name":"ENVID"},{"name":"ENVCORPID"},{"name":"CORPSDESC"},{"name":"ENVCODE"},{"name":"ENVTYPE"},{"name":"ENVACTIVE"},{"name":"ENVSDESC"},{"name":"ENVLDESC"},{"name":"ENVDBTYPE"},{"name":"ENVIP"},{"name":"ENVPORT"},{"name":"ENVUSER"},{"name":"ENVPASSWORD"},{"name":"ENVSOURCE"},{"name":"ENVDBLINK"},{"name":"ENVDEFAULT"},{"name":"ENVDCRE"},{"name":"ENVDMAJ"},{"name":"ENVUTIL"},{"name":"ENVVERSION"},{"name":"ENVDEFLANG"},{"name":"CORPPIC"},{"name":"ENVVARINITSH"}]}
11/24/2018 14:47:52 34: LIBQUERY with Callback: 
11/24/2018 14:47:52 34: BEGIN PKREQUESTMANAGER.CALLQUERY(34,'ADM0000001','abe','{}', '{abe,abe}','{}', :cursor); END;
11/24/2018 14:47:53 34: 1 Object(s) returned... [FETCH]
11/24/2018 14:47:53 34: [object Object]
11/24/2018 14:47:53 34: {"metaData":[{"name":"USERID"},{"name":"USERFNAME"},{"name":"USERLNAME"},{"name":"USEREMAIL"},{"name":"USERMOBILE"}]}
11/24/2018 14:47:53 35: LIBQUERY with Callback: 
11/24/2018 14:47:53 35: BEGIN PKREQUESTMANAGER.CALLQUERY(35,'CLI0000002','abe','{}', '{abe}','{}', :cursor); END;
11/24/2018 14:47:53 36: LIBQUERY with Callback: 
11/24/2018 14:47:53 36: BEGIN PKREQUESTMANAGER.CALLQUERY(36,'CLI0000003','abe','{}', '{abe}','{}', :cursor); END;
11/24/2018 14:47:54 36: 1 Object(s) returned... [FETCH]
11/24/2018 14:47:54 36: [object Object]
11/24/2018 14:47:54 36: {"metaData":[{"name":"USERID"},{"name":"USERCORPID"},{"name":"USERPASS"},{"name":"USERAUTH"},{"name":"USERLANG"},{"name":"USERPROF"},{"name":"USERAPPLI"},{"name":"USERFNAME"},{"name":"USERLNAME"},{"name":"USEREMAIL"},{"name":"USERMOBILE"},{"name":"USERTEAM"},{"name":"USERACTIVE"},{"name":"USERDCRE"},{"name":"USERDMAJ"},{"name":"USERUTIL"},{"name":"USERTYPE"}]}
11/24/2018 14:47:54 36: 5 Object(s) returned... [FETCH]
11/24/2018 14:47:54 36: [object Object],[object Object],[object Object],[object Object],[object Object]
11/24/2018 14:47:54 36: {"metaData":[{"name":"LEVEL"},{"name":"ENVID"},{"name":"ENVCORPID"},{"name":"CORPSDESC"},{"name":"ENVCODE"},{"name":"ENVTYPE"},{"name":"ENVACTIVE"},{"name":"ENVSDESC"},{"name":"ENVLDESC"},{"name":"ENVDBTYPE"},{"name":"ENVIP"},{"name":"ENVPORT"},{"name":"ENVUSER"},{"name":"ENVPASSWORD"},{"name":"ENVSOURCE"},{"name":"ENVDBLINK"},{"name":"ENVDEFAULT"},{"name":"ENVDCRE"},{"name":"ENVDMAJ"},{"name":"ENVUTIL"},{"name":"ENVVERSION"},{"name":"ENVDEFLANG"},{"name":"CORPPIC"},{"name":"ENVVARINITSH"}]}
11/24/2018 14:48:49 37: LIBQUERY with Callback: 
11/24/2018 14:48:49 37: BEGIN PKREQUESTMANAGER.CALLQUERY(37,'ADM0000001','abe','{}', '{abe,abe}','{}', :cursor); END;
11/24/2018 14:48:50 37: 1 Object(s) returned... [FETCH]
11/24/2018 14:48:50 37: [object Object]
11/24/2018 14:48:50 37: {"metaData":[{"name":"USERID"},{"name":"USERFNAME"},{"name":"USERLNAME"},{"name":"USEREMAIL"},{"name":"USERMOBILE"}]}
11/24/2018 14:48:50 38: LIBQUERY with Callback: 
11/24/2018 14:48:50 38: BEGIN PKREQUESTMANAGER.CALLQUERY(38,'CLI0000002','abe','{}', '{abe}','{}', :cursor); END;
11/24/2018 14:48:50 39: LIBQUERY with Callback: 
11/24/2018 14:48:50 39: BEGIN PKREQUESTMANAGER.CALLQUERY(39,'CLI0000003','abe','{}', '{abe}','{}', :cursor); END;
11/24/2018 14:48:50 39: 1 Object(s) returned... [FETCH]
11/24/2018 14:48:50 39: [object Object]
11/24/2018 14:48:50 39: {"metaData":[{"name":"USERID"},{"name":"USERCORPID"},{"name":"USERPASS"},{"name":"USERAUTH"},{"name":"USERLANG"},{"name":"USERPROF"},{"name":"USERAPPLI"},{"name":"USERFNAME"},{"name":"USERLNAME"},{"name":"USEREMAIL"},{"name":"USERMOBILE"},{"name":"USERTEAM"},{"name":"USERACTIVE"},{"name":"USERDCRE"},{"name":"USERDMAJ"},{"name":"USERUTIL"},{"name":"USERTYPE"}]}
11/24/2018 14:48:50 39: 5 Object(s) returned... [FETCH]
11/24/2018 14:48:50 39: [object Object],[object Object],[object Object],[object Object],[object Object]
11/24/2018 14:48:50 39: {"metaData":[{"name":"LEVEL"},{"name":"ENVID"},{"name":"ENVCORPID"},{"name":"CORPSDESC"},{"name":"ENVCODE"},{"name":"ENVTYPE"},{"name":"ENVACTIVE"},{"name":"ENVSDESC"},{"name":"ENVLDESC"},{"name":"ENVDBTYPE"},{"name":"ENVIP"},{"name":"ENVPORT"},{"name":"ENVUSER"},{"name":"ENVPASSWORD"},{"name":"ENVSOURCE"},{"name":"ENVDBLINK"},{"name":"ENVDEFAULT"},{"name":"ENVDCRE"},{"name":"ENVDMAJ"},{"name":"ENVUTIL"},{"name":"ENVVERSION"},{"name":"ENVDEFLANG"},{"name":"CORPPIC"},{"name":"ENVVARINITSH"}]}
11/24/2018 14:49:56 40: LIBQUERY with Callback: 
11/24/2018 14:49:56 40: BEGIN PKREQUESTMANAGER.CALLQUERY(40,'ADM0000001','abe','{}', '{abe,abe}','{}', :cursor); END;
11/24/2018 14:49:57 40: 1 Object(s) returned... [FETCH]
11/24/2018 14:49:57 40: [object Object]
11/24/2018 14:49:57 40: {"metaData":[{"name":"USERID"},{"name":"USERFNAME"},{"name":"USERLNAME"},{"name":"USEREMAIL"},{"name":"USERMOBILE"}]}
11/24/2018 14:49:57 41: LIBQUERY with Callback: 
11/24/2018 14:49:57 41: BEGIN PKREQUESTMANAGER.CALLQUERY(41,'CLI0000002','abe','{}', '{abe}','{}', :cursor); END;
11/24/2018 14:49:57 42: LIBQUERY with Callback: 
11/24/2018 14:49:57 42: BEGIN PKREQUESTMANAGER.CALLQUERY(42,'CLI0000003','abe','{}', '{abe}','{}', :cursor); END;
11/24/2018 14:49:57 42: 1 Object(s) returned... [FETCH]
11/24/2018 14:49:57 42: [object Object]
11/24/2018 14:49:57 42: {"metaData":[{"name":"USERID"},{"name":"USERCORPID"},{"name":"USERPASS"},{"name":"USERAUTH"},{"name":"USERLANG"},{"name":"USERPROF"},{"name":"USERAPPLI"},{"name":"USERFNAME"},{"name":"USERLNAME"},{"name":"USEREMAIL"},{"name":"USERMOBILE"},{"name":"USERTEAM"},{"name":"USERACTIVE"},{"name":"USERDCRE"},{"name":"USERDMAJ"},{"name":"USERUTIL"},{"name":"USERTYPE"}]}
11/24/2018 14:49:58 42: 5 Object(s) returned... [FETCH]
11/24/2018 14:49:58 42: [object Object],[object Object],[object Object],[object Object],[object Object]
11/24/2018 14:49:58 42: {"metaData":[{"name":"LEVEL"},{"name":"ENVID"},{"name":"ENVCORPID"},{"name":"CORPSDESC"},{"name":"ENVCODE"},{"name":"ENVTYPE"},{"name":"ENVACTIVE"},{"name":"ENVSDESC"},{"name":"ENVLDESC"},{"name":"ENVDBTYPE"},{"name":"ENVIP"},{"name":"ENVPORT"},{"name":"ENVUSER"},{"name":"ENVPASSWORD"},{"name":"ENVSOURCE"},{"name":"ENVDBLINK"},{"name":"ENVDEFAULT"},{"name":"ENVDCRE"},{"name":"ENVDMAJ"},{"name":"ENVUTIL"},{"name":"ENVVERSION"},{"name":"ENVDEFLANG"},{"name":"CORPPIC"},{"name":"ENVVARINITSH"}]}
11/24/2018 14:50:32 43: LIBQUERY with Callback: 
11/24/2018 14:50:32 43: BEGIN PKREQUESTMANAGER.CALLQUERY(43,'ADM0000001','abe','{}', '{abe,abe}','{}', :cursor); END;
11/24/2018 14:50:34 43: 1 Object(s) returned... [FETCH]
11/24/2018 14:50:34 43: [object Object]
11/24/2018 14:50:34 43: {"metaData":[{"name":"USERID"},{"name":"USERFNAME"},{"name":"USERLNAME"},{"name":"USEREMAIL"},{"name":"USERMOBILE"}]}
11/24/2018 14:50:34 44: LIBQUERY with Callback: 
11/24/2018 14:50:34 44: BEGIN PKREQUESTMANAGER.CALLQUERY(44,'CLI0000002','abe','{}', '{abe}','{}', :cursor); END;
11/24/2018 14:50:34 45: LIBQUERY with Callback: 
11/24/2018 14:50:34 45: BEGIN PKREQUESTMANAGER.CALLQUERY(45,'CLI0000003','abe','{}', '{abe}','{}', :cursor); END;
11/24/2018 14:50:34 45: 1 Object(s) returned... [FETCH]
11/24/2018 14:50:34 45: [object Object]
11/24/2018 14:50:34 45: {"metaData":[{"name":"USERID"},{"name":"USERCORPID"},{"name":"USERPASS"},{"name":"USERAUTH"},{"name":"USERLANG"},{"name":"USERPROF"},{"name":"USERAPPLI"},{"name":"USERFNAME"},{"name":"USERLNAME"},{"name":"USEREMAIL"},{"name":"USERMOBILE"},{"name":"USERTEAM"},{"name":"USERACTIVE"},{"name":"USERDCRE"},{"name":"USERDMAJ"},{"name":"USERUTIL"},{"name":"USERTYPE"}]}
11/24/2018 14:50:34 45: 5 Object(s) returned... [FETCH]
11/24/2018 14:50:34 45: [object Object],[object Object],[object Object],[object Object],[object Object]
11/24/2018 14:50:34 45: {"metaData":[{"name":"LEVEL"},{"name":"ENVID"},{"name":"ENVCORPID"},{"name":"CORPSDESC"},{"name":"ENVCODE"},{"name":"ENVTYPE"},{"name":"ENVACTIVE"},{"name":"ENVSDESC"},{"name":"ENVLDESC"},{"name":"ENVDBTYPE"},{"name":"ENVIP"},{"name":"ENVPORT"},{"name":"ENVUSER"},{"name":"ENVPASSWORD"},{"name":"ENVSOURCE"},{"name":"ENVDBLINK"},{"name":"ENVDEFAULT"},{"name":"ENVDCRE"},{"name":"ENVDMAJ"},{"name":"ENVUTIL"},{"name":"ENVVERSION"},{"name":"ENVDEFLANG"},{"name":"CORPPIC"},{"name":"ENVVARINITSH"}]}
11/24/2018 14:51:30 46: LIBQUERY with Callback: 
11/24/2018 14:51:30 46: BEGIN PKREQUESTMANAGER.CALLQUERY(46,'ADM0000001','abe','{}', '{abe,abe}','{}', :cursor); END;
11/24/2018 14:51:31 46: 1 Object(s) returned... [FETCH]
11/24/2018 14:51:31 46: [object Object]
11/24/2018 14:51:31 46: {"metaData":[{"name":"USERID"},{"name":"USERFNAME"},{"name":"USERLNAME"},{"name":"USEREMAIL"},{"name":"USERMOBILE"}]}
11/24/2018 14:51:31 47: LIBQUERY with Callback: 
11/24/2018 14:51:31 47: BEGIN PKREQUESTMANAGER.CALLQUERY(47,'CLI0000002','abe','{}', '{abe}','{}', :cursor); END;
11/24/2018 14:51:31 48: LIBQUERY with Callback: 
11/24/2018 14:51:31 48: BEGIN PKREQUESTMANAGER.CALLQUERY(48,'CLI0000003','abe','{}', '{abe}','{}', :cursor); END;
11/24/2018 14:51:31 48: 1 Object(s) returned... [FETCH]
11/24/2018 14:51:31 48: [object Object]
11/24/2018 14:51:31 48: {"metaData":[{"name":"USERID"},{"name":"USERCORPID"},{"name":"USERPASS"},{"name":"USERAUTH"},{"name":"USERLANG"},{"name":"USERPROF"},{"name":"USERAPPLI"},{"name":"USERFNAME"},{"name":"USERLNAME"},{"name":"USEREMAIL"},{"name":"USERMOBILE"},{"name":"USERTEAM"},{"name":"USERACTIVE"},{"name":"USERDCRE"},{"name":"USERDMAJ"},{"name":"USERUTIL"},{"name":"USERTYPE"}]}
11/24/2018 14:51:31 48: 5 Object(s) returned... [FETCH]
11/24/2018 14:51:31 48: [object Object],[object Object],[object Object],[object Object],[object Object]
11/24/2018 14:51:31 48: {"metaData":[{"name":"LEVEL"},{"name":"ENVID"},{"name":"ENVCORPID"},{"name":"CORPSDESC"},{"name":"ENVCODE"},{"name":"ENVTYPE"},{"name":"ENVACTIVE"},{"name":"ENVSDESC"},{"name":"ENVLDESC"},{"name":"ENVDBTYPE"},{"name":"ENVIP"},{"name":"ENVPORT"},{"name":"ENVUSER"},{"name":"ENVPASSWORD"},{"name":"ENVSOURCE"},{"name":"ENVDBLINK"},{"name":"ENVDEFAULT"},{"name":"ENVDCRE"},{"name":"ENVDMAJ"},{"name":"ENVUTIL"},{"name":"ENVVERSION"},{"name":"ENVDEFLANG"},{"name":"CORPPIC"},{"name":"ENVVARINITSH"}]}
11/24/2018 14:59:35 49: LIBQUERY with Callback: 
11/24/2018 14:59:35 49: BEGIN PKREQUESTMANAGER.CALLQUERY(49,'ADM0000001','abe','{}', '{abe,abe}','{}', :cursor); END;
11/24/2018 14:59:36 49: 1 Object(s) returned... [FETCH]
11/24/2018 14:59:36 49: [object Object]
11/24/2018 14:59:36 49: {"metaData":[{"name":"USERID"},{"name":"USERFNAME"},{"name":"USERLNAME"},{"name":"USEREMAIL"},{"name":"USERMOBILE"}]}
11/24/2018 14:59:36 50: LIBQUERY with Callback: 
11/24/2018 14:59:36 50: BEGIN PKREQUESTMANAGER.CALLQUERY(50,'CLI0000002','abe','{}', '{abe}','{}', :cursor); END;
11/24/2018 14:59:36 51: LIBQUERY with Callback: 
11/24/2018 14:59:36 51: BEGIN PKREQUESTMANAGER.CALLQUERY(51,'CLI0000003','abe','{}', '{abe}','{}', :cursor); END;
11/24/2018 14:59:36 51: 5 Object(s) returned... [FETCH]
11/24/2018 14:59:36 51: [object Object],[object Object],[object Object],[object Object],[object Object]
11/24/2018 14:59:37 51: 1 Object(s) returned... [FETCH]
11/24/2018 14:59:37 51: [object Object]
11/24/2018 14:59:37 51: {"metaData":[{"name":"LEVEL"},{"name":"ENVID"},{"name":"ENVCORPID"},{"name":"CORPSDESC"},{"name":"ENVCODE"},{"name":"ENVTYPE"},{"name":"ENVACTIVE"},{"name":"ENVSDESC"},{"name":"ENVLDESC"},{"name":"ENVDBTYPE"},{"name":"ENVIP"},{"name":"ENVPORT"},{"name":"ENVUSER"},{"name":"ENVPASSWORD"},{"name":"ENVSOURCE"},{"name":"ENVDBLINK"},{"name":"ENVDEFAULT"},{"name":"ENVDCRE"},{"name":"ENVDMAJ"},{"name":"ENVUTIL"},{"name":"ENVVERSION"},{"name":"ENVDEFLANG"},{"name":"CORPPIC"},{"name":"ENVVARINITSH"}]}
11/24/2018 14:59:37 51: {"metaData":[{"name":"USERID"},{"name":"USERCORPID"},{"name":"USERPASS"},{"name":"USERAUTH"},{"name":"USERLANG"},{"name":"USERPROF"},{"name":"USERAPPLI"},{"name":"USERFNAME"},{"name":"USERLNAME"},{"name":"USEREMAIL"},{"name":"USERMOBILE"},{"name":"USERTEAM"},{"name":"USERACTIVE"},{"name":"USERDCRE"},{"name":"USERDMAJ"},{"name":"USERUTIL"},{"name":"USERTYPE"}]}
11/24/2018 15:2:8 52: LIBQUERY with Callback: 
11/24/2018 15:2:8 52: BEGIN PKREQUESTMANAGER.CALLQUERY(52,'ADM0000001','abe','{}', '{abe,abe}','{}', :cursor); END;
11/24/2018 15:2:9 52: 1 Object(s) returned... [FETCH]
11/24/2018 15:2:9 52: [object Object]
11/24/2018 15:2:9 52: {"metaData":[{"name":"USERID"},{"name":"USERFNAME"},{"name":"USERLNAME"},{"name":"USEREMAIL"},{"name":"USERMOBILE"}]}
11/24/2018 15:2:9 53: LIBQUERY with Callback: 
11/24/2018 15:2:9 53: BEGIN PKREQUESTMANAGER.CALLQUERY(53,'CLI0000002','abe','{}', '{abe}','{}', :cursor); END;
11/24/2018 15:2:9 54: LIBQUERY with Callback: 
11/24/2018 15:2:9 54: BEGIN PKREQUESTMANAGER.CALLQUERY(54,'CLI0000003','abe','{}', '{abe}','{}', :cursor); END;
11/24/2018 15:2:9 54: 1 Object(s) returned... [FETCH]
11/24/2018 15:2:9 54: [object Object]
11/24/2018 15:2:9 54: {"metaData":[{"name":"USERID"},{"name":"USERCORPID"},{"name":"USERPASS"},{"name":"USERAUTH"},{"name":"USERLANG"},{"name":"USERPROF"},{"name":"USERAPPLI"},{"name":"USERFNAME"},{"name":"USERLNAME"},{"name":"USEREMAIL"},{"name":"USERMOBILE"},{"name":"USERTEAM"},{"name":"USERACTIVE"},{"name":"USERDCRE"},{"name":"USERDMAJ"},{"name":"USERUTIL"},{"name":"USERTYPE"}]}
11/24/2018 15:2:9 54: 5 Object(s) returned... [FETCH]
11/24/2018 15:2:9 54: [object Object],[object Object],[object Object],[object Object],[object Object]
11/24/2018 15:2:9 54: {"metaData":[{"name":"LEVEL"},{"name":"ENVID"},{"name":"ENVCORPID"},{"name":"CORPSDESC"},{"name":"ENVCODE"},{"name":"ENVTYPE"},{"name":"ENVACTIVE"},{"name":"ENVSDESC"},{"name":"ENVLDESC"},{"name":"ENVDBTYPE"},{"name":"ENVIP"},{"name":"ENVPORT"},{"name":"ENVUSER"},{"name":"ENVPASSWORD"},{"name":"ENVSOURCE"},{"name":"ENVDBLINK"},{"name":"ENVDEFAULT"},{"name":"ENVDCRE"},{"name":"ENVDMAJ"},{"name":"ENVUTIL"},{"name":"ENVVERSION"},{"name":"ENVDEFLANG"},{"name":"CORPPIC"},{"name":"ENVVARINITSH"}]}
11/24/2018 15:3:48 55: LIBQUERY with Callback: 
11/24/2018 15:3:48 55: BEGIN PKREQUESTMANAGER.CALLQUERY(55,'ADM0000001','abe','{}', '{abe,abe}','{}', :cursor); END;
11/24/2018 15:3:49 55: 1 Object(s) returned... [FETCH]
11/24/2018 15:3:49 55: [object Object]
11/24/2018 15:3:49 55: {"metaData":[{"name":"USERID"},{"name":"USERFNAME"},{"name":"USERLNAME"},{"name":"USEREMAIL"},{"name":"USERMOBILE"}]}
11/24/2018 15:3:49 56: LIBQUERY with Callback: 
11/24/2018 15:3:49 56: BEGIN PKREQUESTMANAGER.CALLQUERY(56,'CLI0000002','abe','{}', '{abe}','{}', :cursor); END;
11/24/2018 15:3:49 57: LIBQUERY with Callback: 
11/24/2018 15:3:49 57: BEGIN PKREQUESTMANAGER.CALLQUERY(57,'CLI0000003','abe','{}', '{abe}','{}', :cursor); END;
11/24/2018 15:3:49 57: 1 Object(s) returned... [FETCH]
11/24/2018 15:3:49 57: [object Object]
11/24/2018 15:3:49 57: 5 Object(s) returned... [FETCH]
11/24/2018 15:3:49 57: [object Object],[object Object],[object Object],[object Object],[object Object]
11/24/2018 15:3:51 57: {"metaData":[{"name":"USERID"},{"name":"USERCORPID"},{"name":"USERPASS"},{"name":"USERAUTH"},{"name":"USERLANG"},{"name":"USERPROF"},{"name":"USERAPPLI"},{"name":"USERFNAME"},{"name":"USERLNAME"},{"name":"USEREMAIL"},{"name":"USERMOBILE"},{"name":"USERTEAM"},{"name":"USERACTIVE"},{"name":"USERDCRE"},{"name":"USERDMAJ"},{"name":"USERUTIL"},{"name":"USERTYPE"}]}
11/24/2018 15:3:51 57: {"metaData":[{"name":"LEVEL"},{"name":"ENVID"},{"name":"ENVCORPID"},{"name":"CORPSDESC"},{"name":"ENVCODE"},{"name":"ENVTYPE"},{"name":"ENVACTIVE"},{"name":"ENVSDESC"},{"name":"ENVLDESC"},{"name":"ENVDBTYPE"},{"name":"ENVIP"},{"name":"ENVPORT"},{"name":"ENVUSER"},{"name":"ENVPASSWORD"},{"name":"ENVSOURCE"},{"name":"ENVDBLINK"},{"name":"ENVDEFAULT"},{"name":"ENVDCRE"},{"name":"ENVDMAJ"},{"name":"ENVUTIL"},{"name":"ENVVERSION"},{"name":"ENVDEFLANG"},{"name":"CORPPIC"},{"name":"ENVVARINITSH"}]}
11/24/2018 15:5:26 58: LIBQUERY with Callback: 
11/24/2018 15:5:26 58: BEGIN PKREQUESTMANAGER.CALLQUERY(58,'ADM0000001','abe','{}', '{abe,abe}','{}', :cursor); END;
11/24/2018 15:5:27 58: 1 Object(s) returned... [FETCH]
11/24/2018 15:5:27 58: [object Object]
11/24/2018 15:5:27 58: {"metaData":[{"name":"USERID"},{"name":"USERFNAME"},{"name":"USERLNAME"},{"name":"USEREMAIL"},{"name":"USERMOBILE"}]}
11/24/2018 15:5:27 59: LIBQUERY with Callback: 
11/24/2018 15:5:27 59: BEGIN PKREQUESTMANAGER.CALLQUERY(59,'CLI0000002','abe','{}', '{abe}','{}', :cursor); END;
11/24/2018 15:5:27 60: LIBQUERY with Callback: 
11/24/2018 15:5:27 60: BEGIN PKREQUESTMANAGER.CALLQUERY(60,'CLI0000003','abe','{}', '{abe}','{}', :cursor); END;
11/24/2018 15:5:28 60: 1 Object(s) returned... [FETCH]
11/24/2018 15:5:28 60: [object Object]
11/24/2018 15:5:28 60: {"metaData":[{"name":"USERID"},{"name":"USERCORPID"},{"name":"USERPASS"},{"name":"USERAUTH"},{"name":"USERLANG"},{"name":"USERPROF"},{"name":"USERAPPLI"},{"name":"USERFNAME"},{"name":"USERLNAME"},{"name":"USEREMAIL"},{"name":"USERMOBILE"},{"name":"USERTEAM"},{"name":"USERACTIVE"},{"name":"USERDCRE"},{"name":"USERDMAJ"},{"name":"USERUTIL"},{"name":"USERTYPE"}]}
11/24/2018 15:5:28 60: 5 Object(s) returned... [FETCH]
11/24/2018 15:5:28 60: [object Object],[object Object],[object Object],[object Object],[object Object]
11/24/2018 15:5:28 60: {"metaData":[{"name":"LEVEL"},{"name":"ENVID"},{"name":"ENVCORPID"},{"name":"CORPSDESC"},{"name":"ENVCODE"},{"name":"ENVTYPE"},{"name":"ENVACTIVE"},{"name":"ENVSDESC"},{"name":"ENVLDESC"},{"name":"ENVDBTYPE"},{"name":"ENVIP"},{"name":"ENVPORT"},{"name":"ENVUSER"},{"name":"ENVPASSWORD"},{"name":"ENVSOURCE"},{"name":"ENVDBLINK"},{"name":"ENVDEFAULT"},{"name":"ENVDCRE"},{"name":"ENVDMAJ"},{"name":"ENVUTIL"},{"name":"ENVVERSION"},{"name":"ENVDEFLANG"},{"name":"CORPPIC"},{"name":"ENVVARINITSH"}]}
11/24/2018 15:10:39 61: LIBQUERY with Callback: 
11/24/2018 15:10:39 61: BEGIN PKREQUESTMANAGER.CALLQUERY(61,'ADM0000001','abe','{}', '{abe,abe}','{}', :cursor); END;
11/24/2018 15:10:39 61: 1 Object(s) returned... [FETCH]
11/24/2018 15:10:39 61: [object Object]
11/24/2018 15:10:39 61: {"metaData":[{"name":"USERID"},{"name":"USERFNAME"},{"name":"USERLNAME"},{"name":"USEREMAIL"},{"name":"USERMOBILE"}]}
11/24/2018 15:10:39 62: LIBQUERY with Callback: 
11/24/2018 15:10:39 62: BEGIN PKREQUESTMANAGER.CALLQUERY(62,'CLI0000002','abe','{}', '{abe}','{}', :cursor); END;
11/24/2018 15:10:39 63: LIBQUERY with Callback: 
11/24/2018 15:10:39 63: BEGIN PKREQUESTMANAGER.CALLQUERY(63,'CLI0000003','abe','{}', '{abe}','{}', :cursor); END;
11/24/2018 15:10:39 63: 1 Object(s) returned... [FETCH]
11/24/2018 15:10:39 63: [object Object]
11/24/2018 15:10:39 63: 5 Object(s) returned... [FETCH]
11/24/2018 15:10:39 63: [object Object],[object Object],[object Object],[object Object],[object Object]
11/24/2018 15:10:39 63: {"metaData":[{"name":"USERID"},{"name":"USERCORPID"},{"name":"USERPASS"},{"name":"USERAUTH"},{"name":"USERLANG"},{"name":"USERPROF"},{"name":"USERAPPLI"},{"name":"USERFNAME"},{"name":"USERLNAME"},{"name":"USEREMAIL"},{"name":"USERMOBILE"},{"name":"USERTEAM"},{"name":"USERACTIVE"},{"name":"USERDCRE"},{"name":"USERDMAJ"},{"name":"USERUTIL"},{"name":"USERTYPE"}]}
11/24/2018 15:10:39 63: {"metaData":[{"name":"LEVEL"},{"name":"ENVID"},{"name":"ENVCORPID"},{"name":"CORPSDESC"},{"name":"ENVCODE"},{"name":"ENVTYPE"},{"name":"ENVACTIVE"},{"name":"ENVSDESC"},{"name":"ENVLDESC"},{"name":"ENVDBTYPE"},{"name":"ENVIP"},{"name":"ENVPORT"},{"name":"ENVUSER"},{"name":"ENVPASSWORD"},{"name":"ENVSOURCE"},{"name":"ENVDBLINK"},{"name":"ENVDEFAULT"},{"name":"ENVDCRE"},{"name":"ENVDMAJ"},{"name":"ENVUTIL"},{"name":"ENVVERSION"},{"name":"ENVDEFLANG"},{"name":"CORPPIC"},{"name":"ENVVARINITSH"}]}
11/24/2018 15:11:59 64: LIBQUERY with Callback: 
11/24/2018 15:11:59 64: BEGIN PKREQUESTMANAGER.CALLQUERY(64,'ADM0000001','abe','{}', '{abe,abe}','{}', :cursor); END;
11/24/2018 15:12:0 64: 1 Object(s) returned... [FETCH]
11/24/2018 15:12:0 64: [object Object]
11/24/2018 15:12:0 64: {"metaData":[{"name":"USERID"},{"name":"USERFNAME"},{"name":"USERLNAME"},{"name":"USEREMAIL"},{"name":"USERMOBILE"}]}
11/24/2018 15:12:0 65: LIBQUERY with Callback: 
11/24/2018 15:12:0 65: BEGIN PKREQUESTMANAGER.CALLQUERY(65,'CLI0000002','abe','{}', '{abe}','{}', :cursor); END;
11/24/2018 15:12:0 66: LIBQUERY with Callback: 
11/24/2018 15:12:0 66: BEGIN PKREQUESTMANAGER.CALLQUERY(66,'CLI0000003','abe','{}', '{abe}','{}', :cursor); END;
11/24/2018 15:12:0 66: 1 Object(s) returned... [FETCH]
11/24/2018 15:12:0 66: [object Object]
11/24/2018 15:12:0 66: 5 Object(s) returned... [FETCH]
11/24/2018 15:12:0 66: [object Object],[object Object],[object Object],[object Object],[object Object]
11/24/2018 15:12:0 66: {"metaData":[{"name":"USERID"},{"name":"USERCORPID"},{"name":"USERPASS"},{"name":"USERAUTH"},{"name":"USERLANG"},{"name":"USERPROF"},{"name":"USERAPPLI"},{"name":"USERFNAME"},{"name":"USERLNAME"},{"name":"USEREMAIL"},{"name":"USERMOBILE"},{"name":"USERTEAM"},{"name":"USERACTIVE"},{"name":"USERDCRE"},{"name":"USERDMAJ"},{"name":"USERUTIL"},{"name":"USERTYPE"}]}
11/24/2018 15:12:0 66: {"metaData":[{"name":"LEVEL"},{"name":"ENVID"},{"name":"ENVCORPID"},{"name":"CORPSDESC"},{"name":"ENVCODE"},{"name":"ENVTYPE"},{"name":"ENVACTIVE"},{"name":"ENVSDESC"},{"name":"ENVLDESC"},{"name":"ENVDBTYPE"},{"name":"ENVIP"},{"name":"ENVPORT"},{"name":"ENVUSER"},{"name":"ENVPASSWORD"},{"name":"ENVSOURCE"},{"name":"ENVDBLINK"},{"name":"ENVDEFAULT"},{"name":"ENVDCRE"},{"name":"ENVDMAJ"},{"name":"ENVUTIL"},{"name":"ENVVERSION"},{"name":"ENVDEFLANG"},{"name":"CORPPIC"},{"name":"ENVVARINITSH"}]}
11/24/2018 15:16:45 67: LIBQUERY with Callback: 
11/24/2018 15:16:45 67: BEGIN PKREQUESTMANAGER.CALLQUERY(67,'ADM0000001','abe','{}', '{abe,abe}','{}', :cursor); END;
11/24/2018 15:16:46 67: 1 Object(s) returned... [FETCH]
11/24/2018 15:16:46 67: [object Object]
11/24/2018 15:16:46 67: {"metaData":[{"name":"USERID"},{"name":"USERFNAME"},{"name":"USERLNAME"},{"name":"USEREMAIL"},{"name":"USERMOBILE"}]}
11/24/2018 15:16:46 68: LIBQUERY with Callback: 
11/24/2018 15:16:46 68: BEGIN PKREQUESTMANAGER.CALLQUERY(68,'CLI0000002','abe','{}', '{abe}','{}', :cursor); END;
11/24/2018 15:16:46 69: LIBQUERY with Callback: 
11/24/2018 15:16:46 69: BEGIN PKREQUESTMANAGER.CALLQUERY(69,'CLI0000003','abe','{}', '{abe}','{}', :cursor); END;
11/24/2018 15:16:46 69: 1 Object(s) returned... [FETCH]
11/24/2018 15:16:46 69: [object Object]
11/24/2018 15:16:46 69: {"metaData":[{"name":"USERID"},{"name":"USERCORPID"},{"name":"USERPASS"},{"name":"USERAUTH"},{"name":"USERLANG"},{"name":"USERPROF"},{"name":"USERAPPLI"},{"name":"USERFNAME"},{"name":"USERLNAME"},{"name":"USEREMAIL"},{"name":"USERMOBILE"},{"name":"USERTEAM"},{"name":"USERACTIVE"},{"name":"USERDCRE"},{"name":"USERDMAJ"},{"name":"USERUTIL"},{"name":"USERTYPE"}]}
11/24/2018 15:16:46 69: 5 Object(s) returned... [FETCH]
11/24/2018 15:16:46 69: [object Object],[object Object],[object Object],[object Object],[object Object]
11/24/2018 15:16:46 69: {"metaData":[{"name":"LEVEL"},{"name":"ENVID"},{"name":"ENVCORPID"},{"name":"CORPSDESC"},{"name":"ENVCODE"},{"name":"ENVTYPE"},{"name":"ENVACTIVE"},{"name":"ENVSDESC"},{"name":"ENVLDESC"},{"name":"ENVDBTYPE"},{"name":"ENVIP"},{"name":"ENVPORT"},{"name":"ENVUSER"},{"name":"ENVPASSWORD"},{"name":"ENVSOURCE"},{"name":"ENVDBLINK"},{"name":"ENVDEFAULT"},{"name":"ENVDCRE"},{"name":"ENVDMAJ"},{"name":"ENVUTIL"},{"name":"ENVVERSION"},{"name":"ENVDEFLANG"},{"name":"CORPPIC"},{"name":"ENVVARINITSH"}]}
11/24/2018 20:3:58 70: LIBQUERY with Callback: 
11/24/2018 20:3:58 70: BEGIN PKREQUESTMANAGER.CALLQUERY(70,'ADM0000001','abe','{}', '{abe,abe}','{}', :cursor); END;
11/24/2018 20:3:59 70: 1 Object(s) returned... [FETCH]
11/24/2018 20:3:59 70: [object Object]
11/24/2018 20:3:59 70: {"metaData":[{"name":"USERID"},{"name":"USERFNAME"},{"name":"USERLNAME"},{"name":"USEREMAIL"},{"name":"USERMOBILE"}]}
11/24/2018 20:4:0 71: LIBQUERY with Callback: 
11/24/2018 20:4:0 71: BEGIN PKREQUESTMANAGER.CALLQUERY(71,'CLI0000002','abe','{}', '{abe}','{}', :cursor); END;
11/24/2018 20:4:0 71: 1 Object(s) returned... [FETCH]
11/24/2018 20:4:0 71: [object Object]
11/24/2018 20:4:0 71: {"metaData":[{"name":"USERID"},{"name":"USERCORPID"},{"name":"USERPASS"},{"name":"USERAUTH"},{"name":"USERLANG"},{"name":"USERPROF"},{"name":"USERAPPLI"},{"name":"USERFNAME"},{"name":"USERLNAME"},{"name":"USEREMAIL"},{"name":"USERMOBILE"},{"name":"USERTEAM"},{"name":"USERACTIVE"},{"name":"USERDCRE"},{"name":"USERDMAJ"},{"name":"USERUTIL"},{"name":"USERTYPE"}]}
11/24/2018 20:4:1 72: LIBQUERY with Callback: 
11/24/2018 20:4:1 72: BEGIN PKREQUESTMANAGER.CALLQUERY(72,'CLI0000003','abe','{}', '{abe}','{}', :cursor); END;
11/24/2018 20:4:1 72: 5 Object(s) returned... [FETCH]
11/24/2018 20:4:1 72: [object Object],[object Object],[object Object],[object Object],[object Object]
11/24/2018 20:4:2 72: {"metaData":[{"name":"LEVEL"},{"name":"ENVID"},{"name":"ENVCORPID"},{"name":"CORPSDESC"},{"name":"ENVCODE"},{"name":"ENVTYPE"},{"name":"ENVACTIVE"},{"name":"ENVSDESC"},{"name":"ENVLDESC"},{"name":"ENVDBTYPE"},{"name":"ENVIP"},{"name":"ENVPORT"},{"name":"ENVUSER"},{"name":"ENVPASSWORD"},{"name":"ENVSOURCE"},{"name":"ENVDBLINK"},{"name":"ENVDEFAULT"},{"name":"ENVDCRE"},{"name":"ENVDMAJ"},{"name":"ENVUTIL"},{"name":"ENVVERSION"},{"name":"ENVDEFLANG"},{"name":"CORPPIC"},{"name":"ENVVARINITSH"}]}
11/24/2018 20:11:0 73: LIBQUERY with Callback: 
11/24/2018 20:11:0 73: BEGIN PKREQUESTMANAGER.CALLQUERY(73,'ADM0000001','abe','{}', '{abe,abe}','{}', :cursor); END;
11/24/2018 20:11:1 73: 1 Object(s) returned... [FETCH]
11/24/2018 20:11:1 73: [object Object]
11/24/2018 20:11:1 73: {"metaData":[{"name":"USERID"},{"name":"USERFNAME"},{"name":"USERLNAME"},{"name":"USEREMAIL"},{"name":"USERMOBILE"}]}
11/24/2018 20:11:1 74: LIBQUERY with Callback: 
11/24/2018 20:11:1 74: BEGIN PKREQUESTMANAGER.CALLQUERY(74,'CLI0000002','abe','{}', '{abe}','{}', :cursor); END;
11/24/2018 20:11:1 74: 1 Object(s) returned... [FETCH]
11/24/2018 20:11:1 74: [object Object]
11/24/2018 20:11:1 74: {"metaData":[{"name":"USERID"},{"name":"USERCORPID"},{"name":"USERPASS"},{"name":"USERAUTH"},{"name":"USERLANG"},{"name":"USERPROF"},{"name":"USERAPPLI"},{"name":"USERFNAME"},{"name":"USERLNAME"},{"name":"USEREMAIL"},{"name":"USERMOBILE"},{"name":"USERTEAM"},{"name":"USERACTIVE"},{"name":"USERDCRE"},{"name":"USERDMAJ"},{"name":"USERUTIL"},{"name":"USERTYPE"}]}
11/24/2018 20:11:1 75: LIBQUERY with Callback: 
11/24/2018 20:11:1 75: BEGIN PKREQUESTMANAGER.CALLQUERY(75,'CLI0000003','abe','{}', '{abe}','{}', :cursor); END;
11/24/2018 20:11:1 75: 5 Object(s) returned... [FETCH]
11/24/2018 20:11:1 75: [object Object],[object Object],[object Object],[object Object],[object Object]
11/24/2018 20:11:1 75: {"metaData":[{"name":"LEVEL"},{"name":"ENVID"},{"name":"ENVCORPID"},{"name":"CORPSDESC"},{"name":"ENVCODE"},{"name":"ENVTYPE"},{"name":"ENVACTIVE"},{"name":"ENVSDESC"},{"name":"ENVLDESC"},{"name":"ENVDBTYPE"},{"name":"ENVIP"},{"name":"ENVPORT"},{"name":"ENVUSER"},{"name":"ENVPASSWORD"},{"name":"ENVSOURCE"},{"name":"ENVDBLINK"},{"name":"ENVDEFAULT"},{"name":"ENVDCRE"},{"name":"ENVDMAJ"},{"name":"ENVUTIL"},{"name":"ENVVERSION"},{"name":"ENVDEFLANG"},{"name":"CORPPIC"},{"name":"ENVVARINITSH"}]}
11/24/2018 20:14:37 76: LIBQUERY with Callback: 
11/24/2018 20:14:37 76: BEGIN PKREQUESTMANAGER.CALLQUERY(76,'ADM0000001','abe','{}', '{abe,abe}','{}', :cursor); END;
11/24/2018 20:14:39 76: 1 Object(s) returned... [FETCH]
11/24/2018 20:14:39 76: [object Object]
11/24/2018 20:14:39 76: {"metaData":[{"name":"USERID"},{"name":"USERFNAME"},{"name":"USERLNAME"},{"name":"USEREMAIL"},{"name":"USERMOBILE"}]}
11/24/2018 20:14:39 77: LIBQUERY with Callback: 
11/24/2018 20:14:39 77: BEGIN PKREQUESTMANAGER.CALLQUERY(77,'CLI0000002','abe','{}', '{abe}','{}', :cursor); END;
11/24/2018 20:14:39 78: LIBQUERY with Callback: 
11/24/2018 20:14:39 78: BEGIN PKREQUESTMANAGER.CALLQUERY(78,'CLI0000003','abe','{}', '{abe}','{}', :cursor); END;
11/24/2018 20:14:39 78: 1 Object(s) returned... [FETCH]
11/24/2018 20:14:39 78: [object Object]
11/24/2018 20:14:39 78: {"metaData":[{"name":"USERID"},{"name":"USERCORPID"},{"name":"USERPASS"},{"name":"USERAUTH"},{"name":"USERLANG"},{"name":"USERPROF"},{"name":"USERAPPLI"},{"name":"USERFNAME"},{"name":"USERLNAME"},{"name":"USEREMAIL"},{"name":"USERMOBILE"},{"name":"USERTEAM"},{"name":"USERACTIVE"},{"name":"USERDCRE"},{"name":"USERDMAJ"},{"name":"USERUTIL"},{"name":"USERTYPE"}]}
11/24/2018 20:14:39 78: 5 Object(s) returned... [FETCH]
11/24/2018 20:14:39 78: [object Object],[object Object],[object Object],[object Object],[object Object]
11/24/2018 20:14:39 78: {"metaData":[{"name":"LEVEL"},{"name":"ENVID"},{"name":"ENVCORPID"},{"name":"CORPSDESC"},{"name":"ENVCODE"},{"name":"ENVTYPE"},{"name":"ENVACTIVE"},{"name":"ENVSDESC"},{"name":"ENVLDESC"},{"name":"ENVDBTYPE"},{"name":"ENVIP"},{"name":"ENVPORT"},{"name":"ENVUSER"},{"name":"ENVPASSWORD"},{"name":"ENVSOURCE"},{"name":"ENVDBLINK"},{"name":"ENVDEFAULT"},{"name":"ENVDCRE"},{"name":"ENVDMAJ"},{"name":"ENVUTIL"},{"name":"ENVVERSION"},{"name":"ENVDEFLANG"},{"name":"CORPPIC"},{"name":"ENVVARINITSH"}]}
11/24/2018 20:16:40 79: LIBQUERY with Callback: 
11/24/2018 20:16:40 79: BEGIN PKREQUESTMANAGER.CALLQUERY(79,'ADM0000001','abe','{}', '{abe,abe}','{}', :cursor); END;
11/24/2018 20:16:41 79: 1 Object(s) returned... [FETCH]
11/24/2018 20:16:41 79: [object Object]
11/24/2018 20:16:41 79: {"metaData":[{"name":"USERID"},{"name":"USERFNAME"},{"name":"USERLNAME"},{"name":"USEREMAIL"},{"name":"USERMOBILE"}]}
11/24/2018 20:16:41 80: LIBQUERY with Callback: 
11/24/2018 20:16:41 80: BEGIN PKREQUESTMANAGER.CALLQUERY(80,'CLI0000002','abe','{}', '{abe}','{}', :cursor); END;
11/24/2018 20:16:41 81: LIBQUERY with Callback: 
11/24/2018 20:16:41 81: BEGIN PKREQUESTMANAGER.CALLQUERY(81,'CLI0000003','abe','{}', '{abe}','{}', :cursor); END;
11/24/2018 20:16:41 81: 1 Object(s) returned... [FETCH]
11/24/2018 20:16:41 81: [object Object]
11/24/2018 20:16:41 81: {"metaData":[{"name":"USERID"},{"name":"USERCORPID"},{"name":"USERPASS"},{"name":"USERAUTH"},{"name":"USERLANG"},{"name":"USERPROF"},{"name":"USERAPPLI"},{"name":"USERFNAME"},{"name":"USERLNAME"},{"name":"USEREMAIL"},{"name":"USERMOBILE"},{"name":"USERTEAM"},{"name":"USERACTIVE"},{"name":"USERDCRE"},{"name":"USERDMAJ"},{"name":"USERUTIL"},{"name":"USERTYPE"}]}
11/24/2018 20:16:42 81: 5 Object(s) returned... [FETCH]
11/24/2018 20:16:42 81: [object Object],[object Object],[object Object],[object Object],[object Object]
11/24/2018 20:16:42 81: {"metaData":[{"name":"LEVEL"},{"name":"ENVID"},{"name":"ENVCORPID"},{"name":"CORPSDESC"},{"name":"ENVCODE"},{"name":"ENVTYPE"},{"name":"ENVACTIVE"},{"name":"ENVSDESC"},{"name":"ENVLDESC"},{"name":"ENVDBTYPE"},{"name":"ENVIP"},{"name":"ENVPORT"},{"name":"ENVUSER"},{"name":"ENVPASSWORD"},{"name":"ENVSOURCE"},{"name":"ENVDBLINK"},{"name":"ENVDEFAULT"},{"name":"ENVDCRE"},{"name":"ENVDMAJ"},{"name":"ENVUTIL"},{"name":"ENVVERSION"},{"name":"ENVDEFLANG"},{"name":"CORPPIC"},{"name":"ENVVARINITSH"}]}
11/24/2018 20:26:56 82: LIBQUERY with Callback: 
11/24/2018 20:26:56 82: BEGIN PKREQUESTMANAGER.CALLQUERY(82,'ADM0000001','abe','{}', '{abe,abe}','{}', :cursor); END;
11/24/2018 20:26:57 82: 1 Object(s) returned... [FETCH]
11/24/2018 20:26:57 82: [object Object]
11/24/2018 20:26:57 82: {"metaData":[{"name":"USERID"},{"name":"USERFNAME"},{"name":"USERLNAME"},{"name":"USEREMAIL"},{"name":"USERMOBILE"}]}
11/24/2018 20:26:58 83: LIBQUERY with Callback: 
11/24/2018 20:26:58 83: BEGIN PKREQUESTMANAGER.CALLQUERY(83,'CLI0000002','abe','{}', '{abe}','{}', :cursor); END;
11/24/2018 20:26:58 84: LIBQUERY with Callback: 
11/24/2018 20:26:58 84: BEGIN PKREQUESTMANAGER.CALLQUERY(84,'CLI0000003','abe','{}', '{abe}','{}', :cursor); END;
11/24/2018 20:26:58 84: 1 Object(s) returned... [FETCH]
11/24/2018 20:26:58 84: [object Object]
11/24/2018 20:26:58 84: 5 Object(s) returned... [FETCH]
11/24/2018 20:26:58 84: [object Object],[object Object],[object Object],[object Object],[object Object]
11/24/2018 20:26:58 84: {"metaData":[{"name":"USERID"},{"name":"USERCORPID"},{"name":"USERPASS"},{"name":"USERAUTH"},{"name":"USERLANG"},{"name":"USERPROF"},{"name":"USERAPPLI"},{"name":"USERFNAME"},{"name":"USERLNAME"},{"name":"USEREMAIL"},{"name":"USERMOBILE"},{"name":"USERTEAM"},{"name":"USERACTIVE"},{"name":"USERDCRE"},{"name":"USERDMAJ"},{"name":"USERUTIL"},{"name":"USERTYPE"}]}
11/24/2018 20:26:58 84: {"metaData":[{"name":"LEVEL"},{"name":"ENVID"},{"name":"ENVCORPID"},{"name":"CORPSDESC"},{"name":"ENVCODE"},{"name":"ENVTYPE"},{"name":"ENVACTIVE"},{"name":"ENVSDESC"},{"name":"ENVLDESC"},{"name":"ENVDBTYPE"},{"name":"ENVIP"},{"name":"ENVPORT"},{"name":"ENVUSER"},{"name":"ENVPASSWORD"},{"name":"ENVSOURCE"},{"name":"ENVDBLINK"},{"name":"ENVDEFAULT"},{"name":"ENVDCRE"},{"name":"ENVDMAJ"},{"name":"ENVUTIL"},{"name":"ENVVERSION"},{"name":"ENVDEFLANG"},{"name":"CORPPIC"},{"name":"ENVVARINITSH"}]}
11/24/2018 20:28:50 85: LIBQUERY with Callback: 
11/24/2018 20:28:50 85: BEGIN PKREQUESTMANAGER.CALLQUERY(85,'ADM0000001','abe','{}', '{abe,abe}','{}', :cursor); END;
11/24/2018 20:28:51 85: 1 Object(s) returned... [FETCH]
11/24/2018 20:28:51 85: [object Object]
11/24/2018 20:28:51 85: {"metaData":[{"name":"USERID"},{"name":"USERFNAME"},{"name":"USERLNAME"},{"name":"USEREMAIL"},{"name":"USERMOBILE"}]}
11/24/2018 20:28:52 86: LIBQUERY with Callback: 
11/24/2018 20:28:52 86: BEGIN PKREQUESTMANAGER.CALLQUERY(86,'CLI0000002','abe','{}', '{abe}','{}', :cursor); END;
11/24/2018 20:28:52 87: LIBQUERY with Callback: 
11/24/2018 20:28:52 87: BEGIN PKREQUESTMANAGER.CALLQUERY(87,'CLI0000003','abe','{}', '{abe}','{}', :cursor); END;
11/24/2018 20:28:52 87: 1 Object(s) returned... [FETCH]
11/24/2018 20:28:52 87: [object Object]
11/24/2018 20:28:52 87: {"metaData":[{"name":"USERID"},{"name":"USERCORPID"},{"name":"USERPASS"},{"name":"USERAUTH"},{"name":"USERLANG"},{"name":"USERPROF"},{"name":"USERAPPLI"},{"name":"USERFNAME"},{"name":"USERLNAME"},{"name":"USEREMAIL"},{"name":"USERMOBILE"},{"name":"USERTEAM"},{"name":"USERACTIVE"},{"name":"USERDCRE"},{"name":"USERDMAJ"},{"name":"USERUTIL"},{"name":"USERTYPE"}]}
11/24/2018 20:28:52 87: 5 Object(s) returned... [FETCH]
11/24/2018 20:28:52 87: [object Object],[object Object],[object Object],[object Object],[object Object]
11/24/2018 20:28:52 87: {"metaData":[{"name":"LEVEL"},{"name":"ENVID"},{"name":"ENVCORPID"},{"name":"CORPSDESC"},{"name":"ENVCODE"},{"name":"ENVTYPE"},{"name":"ENVACTIVE"},{"name":"ENVSDESC"},{"name":"ENVLDESC"},{"name":"ENVDBTYPE"},{"name":"ENVIP"},{"name":"ENVPORT"},{"name":"ENVUSER"},{"name":"ENVPASSWORD"},{"name":"ENVSOURCE"},{"name":"ENVDBLINK"},{"name":"ENVDEFAULT"},{"name":"ENVDCRE"},{"name":"ENVDMAJ"},{"name":"ENVUTIL"},{"name":"ENVVERSION"},{"name":"ENVDEFLANG"},{"name":"CORPPIC"},{"name":"ENVVARINITSH"}]}
11/24/2018 20:30:18 88: LIBQUERY with Callback: 
11/24/2018 20:30:18 88: BEGIN PKREQUESTMANAGER.CALLQUERY(88,'ADM0000001','abe','{}', '{abe,abe}','{}', :cursor); END;
11/24/2018 20:30:19 88: 1 Object(s) returned... [FETCH]
11/24/2018 20:30:19 88: [object Object]
11/24/2018 20:30:19 88: {"metaData":[{"name":"USERID"},{"name":"USERFNAME"},{"name":"USERLNAME"},{"name":"USEREMAIL"},{"name":"USERMOBILE"}]}
11/24/2018 20:30:19 89: LIBQUERY with Callback: 
11/24/2018 20:30:19 89: BEGIN PKREQUESTMANAGER.CALLQUERY(89,'CLI0000002','abe','{}', '{abe}','{}', :cursor); END;
11/24/2018 20:30:19 90: LIBQUERY with Callback: 
11/24/2018 20:30:19 90: BEGIN PKREQUESTMANAGER.CALLQUERY(90,'CLI0000003','abe','{}', '{abe}','{}', :cursor); END;
11/24/2018 20:30:19 90: 1 Object(s) returned... [FETCH]
11/24/2018 20:30:19 90: [object Object]
11/24/2018 20:30:19 90: {"metaData":[{"name":"USERID"},{"name":"USERCORPID"},{"name":"USERPASS"},{"name":"USERAUTH"},{"name":"USERLANG"},{"name":"USERPROF"},{"name":"USERAPPLI"},{"name":"USERFNAME"},{"name":"USERLNAME"},{"name":"USEREMAIL"},{"name":"USERMOBILE"},{"name":"USERTEAM"},{"name":"USERACTIVE"},{"name":"USERDCRE"},{"name":"USERDMAJ"},{"name":"USERUTIL"},{"name":"USERTYPE"}]}
11/24/2018 20:31:1 91: LIBQUERY with Callback: 
11/24/2018 20:31:1 91: BEGIN PKREQUESTMANAGER.CALLQUERY(91,'ADM0000001','abe','{}', '{abe,abe}','{}', :cursor); END;
11/24/2018 20:31:6 92: LIBQUERY with Callback: 
11/24/2018 20:31:6 92: BEGIN PKREQUESTMANAGER.CALLQUERY(92,'ADM0000001','abe','{}', '{abe,abe}','{}', :cursor); END;
11/24/2018 20:31:39 1: LIBQUERY with Callback: 
11/24/2018 20:31:39 1: BEGIN PKREQUESTMANAGER.CALLQUERY(1,'ADM0000001','abe','{}', '{abe,abe}','{}', :cursor); END;
11/24/2018 20:31:40 1: 1 Object(s) returned... [FETCH]
11/24/2018 20:31:40 1: [object Object]
11/24/2018 20:31:40 1: {"metaData":[{"name":"USERID"},{"name":"USERFNAME"},{"name":"USERLNAME"},{"name":"USEREMAIL"},{"name":"USERMOBILE"}]}
11/24/2018 20:31:40 2: LIBQUERY with Callback: 
11/24/2018 20:31:40 2: BEGIN PKREQUESTMANAGER.CALLQUERY(2,'CLI0000003','abe','{}', '{abe}','{}', :cursor); END;
11/24/2018 20:31:40 3: LIBQUERY with Callback: 
11/24/2018 20:31:40 3: BEGIN PKREQUESTMANAGER.CALLQUERY(3,'CLI0000002','abe','{}', '{abe}','{}', :cursor); END;
11/24/2018 20:31:40 3: 5 Object(s) returned... [FETCH]
11/24/2018 20:31:40 3: [object Object],[object Object],[object Object],[object Object],[object Object]
11/24/2018 20:31:40 3: {"metaData":[{"name":"LEVEL"},{"name":"ENVID"},{"name":"ENVCORPID"},{"name":"CORPSDESC"},{"name":"ENVCODE"},{"name":"ENVTYPE"},{"name":"ENVACTIVE"},{"name":"ENVSDESC"},{"name":"ENVLDESC"},{"name":"ENVDBTYPE"},{"name":"ENVIP"},{"name":"ENVPORT"},{"name":"ENVUSER"},{"name":"ENVPASSWORD"},{"name":"ENVSOURCE"},{"name":"ENVDBLINK"},{"name":"ENVDEFAULT"},{"name":"ENVDCRE"},{"name":"ENVDMAJ"},{"name":"ENVUTIL"},{"name":"ENVVERSION"},{"name":"ENVDEFLANG"},{"name":"CORPPIC"},{"name":"ENVVARINITSH"}]}
11/24/2018 20:31:40 3: 1 Object(s) returned... [FETCH]
11/24/2018 20:31:40 3: [object Object]
11/24/2018 20:31:40 3: {"metaData":[{"name":"USERID"},{"name":"USERCORPID"},{"name":"USERPASS"},{"name":"USERAUTH"},{"name":"USERLANG"},{"name":"USERPROF"},{"name":"USERAPPLI"},{"name":"USERFNAME"},{"name":"USERLNAME"},{"name":"USEREMAIL"},{"name":"USERMOBILE"},{"name":"USERTEAM"},{"name":"USERACTIVE"},{"name":"USERDCRE"},{"name":"USERDMAJ"},{"name":"USERUTIL"},{"name":"USERTYPE"}]}
11/24/2018 20:35:29 4: LIBQUERY with Callback: 
11/24/2018 20:35:29 4: BEGIN PKREQUESTMANAGER.CALLQUERY(4,'ADM0000001','abe','{}', '{abe,abe}','{}', :cursor); END;
11/24/2018 20:35:30 4: 1 Object(s) returned... [FETCH]
11/24/2018 20:35:30 4: [object Object]
11/24/2018 20:35:30 4: {"metaData":[{"name":"USERID"},{"name":"USERFNAME"},{"name":"USERLNAME"},{"name":"USEREMAIL"},{"name":"USERMOBILE"}]}
11/24/2018 20:35:31 5: LIBQUERY with Callback: 
11/24/2018 20:35:31 5: BEGIN PKREQUESTMANAGER.CALLQUERY(5,'CLI0000002','abe','{}', '{abe}','{}', :cursor); END;
11/24/2018 20:35:31 6: LIBQUERY with Callback: 
11/24/2018 20:35:31 6: BEGIN PKREQUESTMANAGER.CALLQUERY(6,'CLI0000003','abe','{}', '{abe}','{}', :cursor); END;
11/24/2018 20:35:31 6: 1 Object(s) returned... [FETCH]
11/24/2018 20:35:31 6: [object Object]
11/24/2018 20:35:31 6: 5 Object(s) returned... [FETCH]
11/24/2018 20:35:31 6: [object Object],[object Object],[object Object],[object Object],[object Object]
11/24/2018 20:35:31 6: {"metaData":[{"name":"USERID"},{"name":"USERCORPID"},{"name":"USERPASS"},{"name":"USERAUTH"},{"name":"USERLANG"},{"name":"USERPROF"},{"name":"USERAPPLI"},{"name":"USERFNAME"},{"name":"USERLNAME"},{"name":"USEREMAIL"},{"name":"USERMOBILE"},{"name":"USERTEAM"},{"name":"USERACTIVE"},{"name":"USERDCRE"},{"name":"USERDMAJ"},{"name":"USERUTIL"},{"name":"USERTYPE"}]}
11/24/2018 20:35:31 6: {"metaData":[{"name":"LEVEL"},{"name":"ENVID"},{"name":"ENVCORPID"},{"name":"CORPSDESC"},{"name":"ENVCODE"},{"name":"ENVTYPE"},{"name":"ENVACTIVE"},{"name":"ENVSDESC"},{"name":"ENVLDESC"},{"name":"ENVDBTYPE"},{"name":"ENVIP"},{"name":"ENVPORT"},{"name":"ENVUSER"},{"name":"ENVPASSWORD"},{"name":"ENVSOURCE"},{"name":"ENVDBLINK"},{"name":"ENVDEFAULT"},{"name":"ENVDCRE"},{"name":"ENVDMAJ"},{"name":"ENVUTIL"},{"name":"ENVVERSION"},{"name":"ENVDEFLANG"},{"name":"CORPPIC"},{"name":"ENVVARINITSH"}]}
11/24/2018 20:44:38 7: LIBQUERY with Callback: 
11/24/2018 20:44:38 7: BEGIN PKREQUESTMANAGER.CALLQUERY(7,'ADM0000001','abe','{}', '{abe,abe}','{}', :cursor); END;
11/24/2018 20:44:40 7: 1 Object(s) returned... [FETCH]
11/24/2018 20:44:40 7: [object Object]
11/24/2018 20:44:40 7: {"metaData":[{"name":"USERID"},{"name":"USERFNAME"},{"name":"USERLNAME"},{"name":"USEREMAIL"},{"name":"USERMOBILE"}]}
11/24/2018 20:44:40 8: LIBQUERY with Callback: 
11/24/2018 20:44:40 8: BEGIN PKREQUESTMANAGER.CALLQUERY(8,'CLI0000003','abe','{}', '{abe}','{}', :cursor); END;
11/24/2018 20:44:40 9: LIBQUERY with Callback: 
11/24/2018 20:44:40 9: BEGIN PKREQUESTMANAGER.CALLQUERY(9,'CLI0000002','abe','{}', '{abe}','{}', :cursor); END;
11/24/2018 20:44:40 9: 5 Object(s) returned... [FETCH]
11/24/2018 20:44:40 9: [object Object],[object Object],[object Object],[object Object],[object Object]
11/24/2018 20:44:42 9: {"metaData":[{"name":"LEVEL"},{"name":"ENVID"},{"name":"ENVCORPID"},{"name":"CORPSDESC"},{"name":"ENVCODE"},{"name":"ENVTYPE"},{"name":"ENVACTIVE"},{"name":"ENVSDESC"},{"name":"ENVLDESC"},{"name":"ENVDBTYPE"},{"name":"ENVIP"},{"name":"ENVPORT"},{"name":"ENVUSER"},{"name":"ENVPASSWORD"},{"name":"ENVSOURCE"},{"name":"ENVDBLINK"},{"name":"ENVDEFAULT"},{"name":"ENVDCRE"},{"name":"ENVDMAJ"},{"name":"ENVUTIL"},{"name":"ENVVERSION"},{"name":"ENVDEFLANG"},{"name":"CORPPIC"},{"name":"ENVVARINITSH"}]}
11/24/2018 20:44:43 9: 1 Object(s) returned... [FETCH]
11/24/2018 20:44:43 9: [object Object]
11/24/2018 20:44:43 9: {"metaData":[{"name":"USERID"},{"name":"USERCORPID"},{"name":"USERPASS"},{"name":"USERAUTH"},{"name":"USERLANG"},{"name":"USERPROF"},{"name":"USERAPPLI"},{"name":"USERFNAME"},{"name":"USERLNAME"},{"name":"USEREMAIL"},{"name":"USERMOBILE"},{"name":"USERTEAM"},{"name":"USERACTIVE"},{"name":"USERDCRE"},{"name":"USERDMAJ"},{"name":"USERUTIL"},{"name":"USERTYPE"}]}
11/24/2018 20:46:14 10: LIBQUERY with Callback: 
11/24/2018 20:46:14 10: BEGIN PKREQUESTMANAGER.CALLQUERY(10,'ADM0000001','abe','{}', '{abe,abe}','{}', :cursor); END;
11/24/2018 20:46:16 10: 1 Object(s) returned... [FETCH]
11/24/2018 20:46:16 10: [object Object]
11/24/2018 20:46:16 10: {"metaData":[{"name":"USERID"},{"name":"USERFNAME"},{"name":"USERLNAME"},{"name":"USEREMAIL"},{"name":"USERMOBILE"}]}
11/24/2018 20:46:16 11: LIBQUERY with Callback: 
11/24/2018 20:46:16 11: BEGIN PKREQUESTMANAGER.CALLQUERY(11,'CLI0000002','abe','{}', '{abe}','{}', :cursor); END;
11/24/2018 20:46:16 12: LIBQUERY with Callback: 
11/24/2018 20:46:16 12: BEGIN PKREQUESTMANAGER.CALLQUERY(12,'CLI0000003','abe','{}', '{abe}','{}', :cursor); END;
11/24/2018 20:46:16 12: 1 Object(s) returned... [FETCH]
11/24/2018 20:46:16 12: [object Object]
11/24/2018 20:46:16 12: {"metaData":[{"name":"USERID"},{"name":"USERCORPID"},{"name":"USERPASS"},{"name":"USERAUTH"},{"name":"USERLANG"},{"name":"USERPROF"},{"name":"USERAPPLI"},{"name":"USERFNAME"},{"name":"USERLNAME"},{"name":"USEREMAIL"},{"name":"USERMOBILE"},{"name":"USERTEAM"},{"name":"USERACTIVE"},{"name":"USERDCRE"},{"name":"USERDMAJ"},{"name":"USERUTIL"},{"name":"USERTYPE"}]}
11/24/2018 20:46:16 12: 5 Object(s) returned... [FETCH]
11/24/2018 20:46:16 12: [object Object],[object Object],[object Object],[object Object],[object Object]
11/24/2018 20:46:16 12: {"metaData":[{"name":"LEVEL"},{"name":"ENVID"},{"name":"ENVCORPID"},{"name":"CORPSDESC"},{"name":"ENVCODE"},{"name":"ENVTYPE"},{"name":"ENVACTIVE"},{"name":"ENVSDESC"},{"name":"ENVLDESC"},{"name":"ENVDBTYPE"},{"name":"ENVIP"},{"name":"ENVPORT"},{"name":"ENVUSER"},{"name":"ENVPASSWORD"},{"name":"ENVSOURCE"},{"name":"ENVDBLINK"},{"name":"ENVDEFAULT"},{"name":"ENVDCRE"},{"name":"ENVDMAJ"},{"name":"ENVUTIL"},{"name":"ENVVERSION"},{"name":"ENVDEFLANG"},{"name":"CORPPIC"},{"name":"ENVVARINITSH"}]}
11/24/2018 20:55:41 13: LIBQUERY with Callback: 
11/24/2018 20:55:41 13: BEGIN PKREQUESTMANAGER.CALLQUERY(13,'ADM0000001','abe','{}', '{abe,abe}','{}', :cursor); END;
11/24/2018 20:55:42 13: 1 Object(s) returned... [FETCH]
11/24/2018 20:55:42 13: [object Object]
11/24/2018 20:55:42 13: {"metaData":[{"name":"USERID"},{"name":"USERFNAME"},{"name":"USERLNAME"},{"name":"USEREMAIL"},{"name":"USERMOBILE"}]}
11/24/2018 20:55:43 14: LIBQUERY with Callback: 
11/24/2018 20:55:43 14: BEGIN PKREQUESTMANAGER.CALLQUERY(14,'CLI0000002','abe','{}', '{abe}','{}', :cursor); END;
11/24/2018 20:55:43 15: LIBQUERY with Callback: 
11/24/2018 20:55:43 15: BEGIN PKREQUESTMANAGER.CALLQUERY(15,'CLI0000003','abe','{}', '{abe}','{}', :cursor); END;
11/24/2018 20:55:43 15: 1 Object(s) returned... [FETCH]
11/24/2018 20:55:43 15: [object Object]
11/24/2018 20:55:43 15: 5 Object(s) returned... [FETCH]
11/24/2018 20:55:43 15: [object Object],[object Object],[object Object],[object Object],[object Object]
11/24/2018 20:55:43 15: {"metaData":[{"name":"USERID"},{"name":"USERCORPID"},{"name":"USERPASS"},{"name":"USERAUTH"},{"name":"USERLANG"},{"name":"USERPROF"},{"name":"USERAPPLI"},{"name":"USERFNAME"},{"name":"USERLNAME"},{"name":"USEREMAIL"},{"name":"USERMOBILE"},{"name":"USERTEAM"},{"name":"USERACTIVE"},{"name":"USERDCRE"},{"name":"USERDMAJ"},{"name":"USERUTIL"},{"name":"USERTYPE"}]}
11/24/2018 20:55:43 15: {"metaData":[{"name":"LEVEL"},{"name":"ENVID"},{"name":"ENVCORPID"},{"name":"CORPSDESC"},{"name":"ENVCODE"},{"name":"ENVTYPE"},{"name":"ENVACTIVE"},{"name":"ENVSDESC"},{"name":"ENVLDESC"},{"name":"ENVDBTYPE"},{"name":"ENVIP"},{"name":"ENVPORT"},{"name":"ENVUSER"},{"name":"ENVPASSWORD"},{"name":"ENVSOURCE"},{"name":"ENVDBLINK"},{"name":"ENVDEFAULT"},{"name":"ENVDCRE"},{"name":"ENVDMAJ"},{"name":"ENVUTIL"},{"name":"ENVVERSION"},{"name":"ENVDEFLANG"},{"name":"CORPPIC"},{"name":"ENVVARINITSH"}]}
11/24/2018 20:59:41 16: LIBQUERY with Callback: 
11/24/2018 20:59:41 16: BEGIN PKREQUESTMANAGER.CALLQUERY(16,'ADM0000001','abe','{}', '{abe,abe}','{}', :cursor); END;
11/24/2018 20:59:42 16: 1 Object(s) returned... [FETCH]
11/24/2018 20:59:42 16: [object Object]
11/24/2018 20:59:42 16: {"metaData":[{"name":"USERID"},{"name":"USERFNAME"},{"name":"USERLNAME"},{"name":"USEREMAIL"},{"name":"USERMOBILE"}]}
11/24/2018 20:59:42 17: LIBQUERY with Callback: 
11/24/2018 20:59:42 17: BEGIN PKREQUESTMANAGER.CALLQUERY(17,'CLI0000002','abe','{}', '{abe}','{}', :cursor); END;
11/24/2018 20:59:42 18: LIBQUERY with Callback: 
11/24/2018 20:59:42 18: BEGIN PKREQUESTMANAGER.CALLQUERY(18,'CLI0000003','abe','{}', '{abe}','{}', :cursor); END;
11/24/2018 20:59:43 18: 1 Object(s) returned... [FETCH]
11/24/2018 20:59:43 18: [object Object]
11/24/2018 20:59:43 18: 5 Object(s) returned... [FETCH]
11/24/2018 20:59:43 18: [object Object],[object Object],[object Object],[object Object],[object Object]
11/24/2018 20:59:43 18: {"metaData":[{"name":"USERID"},{"name":"USERCORPID"},{"name":"USERPASS"},{"name":"USERAUTH"},{"name":"USERLANG"},{"name":"USERPROF"},{"name":"USERAPPLI"},{"name":"USERFNAME"},{"name":"USERLNAME"},{"name":"USEREMAIL"},{"name":"USERMOBILE"},{"name":"USERTEAM"},{"name":"USERACTIVE"},{"name":"USERDCRE"},{"name":"USERDMAJ"},{"name":"USERUTIL"},{"name":"USERTYPE"}]}
11/24/2018 20:59:43 18: {"metaData":[{"name":"LEVEL"},{"name":"ENVID"},{"name":"ENVCORPID"},{"name":"CORPSDESC"},{"name":"ENVCODE"},{"name":"ENVTYPE"},{"name":"ENVACTIVE"},{"name":"ENVSDESC"},{"name":"ENVLDESC"},{"name":"ENVDBTYPE"},{"name":"ENVIP"},{"name":"ENVPORT"},{"name":"ENVUSER"},{"name":"ENVPASSWORD"},{"name":"ENVSOURCE"},{"name":"ENVDBLINK"},{"name":"ENVDEFAULT"},{"name":"ENVDCRE"},{"name":"ENVDMAJ"},{"name":"ENVUTIL"},{"name":"ENVVERSION"},{"name":"ENVDEFLANG"},{"name":"CORPPIC"},{"name":"ENVVARINITSH"}]}
11/24/2018 21:2:53 19: LIBQUERY with Callback: 
11/24/2018 21:2:53 19: BEGIN PKREQUESTMANAGER.CALLQUERY(19,'ADM0000001','abe','{}', '{abe,abe}','{}', :cursor); END;
11/24/2018 21:2:54 19: 1 Object(s) returned... [FETCH]
11/24/2018 21:2:54 19: [object Object]
11/24/2018 21:2:54 19: {"metaData":[{"name":"USERID"},{"name":"USERFNAME"},{"name":"USERLNAME"},{"name":"USEREMAIL"},{"name":"USERMOBILE"}]}
11/24/2018 21:2:54 20: LIBQUERY with Callback: 
11/24/2018 21:2:54 20: BEGIN PKREQUESTMANAGER.CALLQUERY(20,'CLI0000002','abe','{}', '{abe}','{}', :cursor); END;
11/24/2018 21:2:54 21: LIBQUERY with Callback: 
11/24/2018 21:2:54 21: BEGIN PKREQUESTMANAGER.CALLQUERY(21,'CLI0000003','abe','{}', '{abe}','{}', :cursor); END;
11/24/2018 21:2:54 21: 1 Object(s) returned... [FETCH]
11/24/2018 21:2:54 21: [object Object]
11/24/2018 21:2:54 21: 5 Object(s) returned... [FETCH]
11/24/2018 21:2:54 21: [object Object],[object Object],[object Object],[object Object],[object Object]
11/24/2018 21:2:54 21: {"metaData":[{"name":"USERID"},{"name":"USERCORPID"},{"name":"USERPASS"},{"name":"USERAUTH"},{"name":"USERLANG"},{"name":"USERPROF"},{"name":"USERAPPLI"},{"name":"USERFNAME"},{"name":"USERLNAME"},{"name":"USEREMAIL"},{"name":"USERMOBILE"},{"name":"USERTEAM"},{"name":"USERACTIVE"},{"name":"USERDCRE"},{"name":"USERDMAJ"},{"name":"USERUTIL"},{"name":"USERTYPE"}]}
11/24/2018 21:2:54 21: {"metaData":[{"name":"LEVEL"},{"name":"ENVID"},{"name":"ENVCORPID"},{"name":"CORPSDESC"},{"name":"ENVCODE"},{"name":"ENVTYPE"},{"name":"ENVACTIVE"},{"name":"ENVSDESC"},{"name":"ENVLDESC"},{"name":"ENVDBTYPE"},{"name":"ENVIP"},{"name":"ENVPORT"},{"name":"ENVUSER"},{"name":"ENVPASSWORD"},{"name":"ENVSOURCE"},{"name":"ENVDBLINK"},{"name":"ENVDEFAULT"},{"name":"ENVDCRE"},{"name":"ENVDMAJ"},{"name":"ENVUTIL"},{"name":"ENVVERSION"},{"name":"ENVDEFLANG"},{"name":"CORPPIC"},{"name":"ENVVARINITSH"}]}
11/24/2018 21:4:39 22: LIBQUERY with Callback: 
11/24/2018 21:4:39 22: BEGIN PKREQUESTMANAGER.CALLQUERY(22,'ADM0000001','abe','{}', '{abe,abe}','{}', :cursor); END;
11/24/2018 21:4:41 22: 1 Object(s) returned... [FETCH]
11/24/2018 21:4:41 22: [object Object]
11/24/2018 21:4:41 22: {"metaData":[{"name":"USERID"},{"name":"USERFNAME"},{"name":"USERLNAME"},{"name":"USEREMAIL"},{"name":"USERMOBILE"}]}
11/24/2018 21:4:41 23: LIBQUERY with Callback: 
11/24/2018 21:4:41 23: BEGIN PKREQUESTMANAGER.CALLQUERY(23,'CLI0000002','abe','{}', '{abe}','{}', :cursor); END;
11/24/2018 21:4:42 24: LIBQUERY with Callback: 
11/24/2018 21:4:42 24: BEGIN PKREQUESTMANAGER.CALLQUERY(24,'CLI0000003','abe','{}', '{abe}','{}', :cursor); END;
11/24/2018 21:4:42 24: 1 Object(s) returned... [FETCH]
11/24/2018 21:4:42 24: [object Object]
11/24/2018 21:4:42 24: 5 Object(s) returned... [FETCH]
11/24/2018 21:4:42 24: [object Object],[object Object],[object Object],[object Object],[object Object]
11/24/2018 21:4:42 24: {"metaData":[{"name":"USERID"},{"name":"USERCORPID"},{"name":"USERPASS"},{"name":"USERAUTH"},{"name":"USERLANG"},{"name":"USERPROF"},{"name":"USERAPPLI"},{"name":"USERFNAME"},{"name":"USERLNAME"},{"name":"USEREMAIL"},{"name":"USERMOBILE"},{"name":"USERTEAM"},{"name":"USERACTIVE"},{"name":"USERDCRE"},{"name":"USERDMAJ"},{"name":"USERUTIL"},{"name":"USERTYPE"}]}
11/24/2018 21:4:42 24: {"metaData":[{"name":"LEVEL"},{"name":"ENVID"},{"name":"ENVCORPID"},{"name":"CORPSDESC"},{"name":"ENVCODE"},{"name":"ENVTYPE"},{"name":"ENVACTIVE"},{"name":"ENVSDESC"},{"name":"ENVLDESC"},{"name":"ENVDBTYPE"},{"name":"ENVIP"},{"name":"ENVPORT"},{"name":"ENVUSER"},{"name":"ENVPASSWORD"},{"name":"ENVSOURCE"},{"name":"ENVDBLINK"},{"name":"ENVDEFAULT"},{"name":"ENVDCRE"},{"name":"ENVDMAJ"},{"name":"ENVUTIL"},{"name":"ENVVERSION"},{"name":"ENVDEFLANG"},{"name":"CORPPIC"},{"name":"ENVVARINITSH"}]}
11/24/2018 21:13:29 25: LIBQUERY with Callback: 
11/24/2018 21:13:29 25: BEGIN PKREQUESTMANAGER.CALLQUERY(25,'ADM0000001','abe','{}', '{abe,abe}','{}', :cursor); END;
11/24/2018 21:13:30 25: 1 Object(s) returned... [FETCH]
11/24/2018 21:13:30 25: [object Object]
11/24/2018 21:13:30 25: {"metaData":[{"name":"USERID"},{"name":"USERFNAME"},{"name":"USERLNAME"},{"name":"USEREMAIL"},{"name":"USERMOBILE"}]}
11/24/2018 21:13:30 26: LIBQUERY with Callback: 
11/24/2018 21:13:30 26: BEGIN PKREQUESTMANAGER.CALLQUERY(26,'CLI0000002','abe','{}', '{abe}','{}', :cursor); END;
11/24/2018 21:13:30 27: LIBQUERY with Callback: 
11/24/2018 21:13:30 27: BEGIN PKREQUESTMANAGER.CALLQUERY(27,'CLI0000003','abe','{}', '{abe}','{}', :cursor); END;
11/24/2018 21:13:30 27: 1 Object(s) returned... [FETCH]
11/24/2018 21:13:30 27: [object Object]
11/24/2018 21:13:30 27: {"metaData":[{"name":"USERID"},{"name":"USERCORPID"},{"name":"USERPASS"},{"name":"USERAUTH"},{"name":"USERLANG"},{"name":"USERPROF"},{"name":"USERAPPLI"},{"name":"USERFNAME"},{"name":"USERLNAME"},{"name":"USEREMAIL"},{"name":"USERMOBILE"},{"name":"USERTEAM"},{"name":"USERACTIVE"},{"name":"USERDCRE"},{"name":"USERDMAJ"},{"name":"USERUTIL"},{"name":"USERTYPE"}]}
11/24/2018 21:13:30 27: 5 Object(s) returned... [FETCH]
11/24/2018 21:13:30 27: [object Object],[object Object],[object Object],[object Object],[object Object]
11/24/2018 21:13:31 27: {"metaData":[{"name":"LEVEL"},{"name":"ENVID"},{"name":"ENVCORPID"},{"name":"CORPSDESC"},{"name":"ENVCODE"},{"name":"ENVTYPE"},{"name":"ENVACTIVE"},{"name":"ENVSDESC"},{"name":"ENVLDESC"},{"name":"ENVDBTYPE"},{"name":"ENVIP"},{"name":"ENVPORT"},{"name":"ENVUSER"},{"name":"ENVPASSWORD"},{"name":"ENVSOURCE"},{"name":"ENVDBLINK"},{"name":"ENVDEFAULT"},{"name":"ENVDCRE"},{"name":"ENVDMAJ"},{"name":"ENVUTIL"},{"name":"ENVVERSION"},{"name":"ENVDEFLANG"},{"name":"CORPPIC"},{"name":"ENVVARINITSH"}]}
11/24/2018 21:15:35 28: LIBQUERY with Callback: 
11/24/2018 21:15:35 28: BEGIN PKREQUESTMANAGER.CALLQUERY(28,'ADM0000001','abe','{}', '{abe,abe}','{}', :cursor); END;
11/24/2018 21:15:37 28: 1 Object(s) returned... [FETCH]
11/24/2018 21:15:37 28: [object Object]
11/24/2018 21:15:37 28: {"metaData":[{"name":"USERID"},{"name":"USERFNAME"},{"name":"USERLNAME"},{"name":"USEREMAIL"},{"name":"USERMOBILE"}]}
11/24/2018 21:15:37 29: LIBQUERY with Callback: 
11/24/2018 21:15:37 29: BEGIN PKREQUESTMANAGER.CALLQUERY(29,'CLI0000002','abe','{}', '{abe}','{}', :cursor); END;
11/24/2018 21:15:37 30: LIBQUERY with Callback: 
11/24/2018 21:15:37 30: BEGIN PKREQUESTMANAGER.CALLQUERY(30,'CLI0000003','abe','{}', '{abe}','{}', :cursor); END;
11/24/2018 21:15:37 30: 1 Object(s) returned... [FETCH]
11/24/2018 21:15:37 30: [object Object]
11/24/2018 21:15:37 30: 5 Object(s) returned... [FETCH]
11/24/2018 21:15:37 30: [object Object],[object Object],[object Object],[object Object],[object Object]
11/24/2018 21:15:37 30: {"metaData":[{"name":"USERID"},{"name":"USERCORPID"},{"name":"USERPASS"},{"name":"USERAUTH"},{"name":"USERLANG"},{"name":"USERPROF"},{"name":"USERAPPLI"},{"name":"USERFNAME"},{"name":"USERLNAME"},{"name":"USEREMAIL"},{"name":"USERMOBILE"},{"name":"USERTEAM"},{"name":"USERACTIVE"},{"name":"USERDCRE"},{"name":"USERDMAJ"},{"name":"USERUTIL"},{"name":"USERTYPE"}]}
11/24/2018 21:15:37 30: {"metaData":[{"name":"LEVEL"},{"name":"ENVID"},{"name":"ENVCORPID"},{"name":"CORPSDESC"},{"name":"ENVCODE"},{"name":"ENVTYPE"},{"name":"ENVACTIVE"},{"name":"ENVSDESC"},{"name":"ENVLDESC"},{"name":"ENVDBTYPE"},{"name":"ENVIP"},{"name":"ENVPORT"},{"name":"ENVUSER"},{"name":"ENVPASSWORD"},{"name":"ENVSOURCE"},{"name":"ENVDBLINK"},{"name":"ENVDEFAULT"},{"name":"ENVDCRE"},{"name":"ENVDMAJ"},{"name":"ENVUTIL"},{"name":"ENVVERSION"},{"name":"ENVDEFLANG"},{"name":"CORPPIC"},{"name":"ENVVARINITSH"}]}
11/24/2018 21:20:29 31: LIBQUERY with Callback: 
11/24/2018 21:20:29 31: BEGIN PKREQUESTMANAGER.CALLQUERY(31,'ADM0000001','abe','{}', '{abe,abe}','{}', :cursor); END;
11/24/2018 21:20:29 31: 1 Object(s) returned... [FETCH]
11/24/2018 21:20:29 31: [object Object]
11/24/2018 21:20:29 31: {"metaData":[{"name":"USERID"},{"name":"USERFNAME"},{"name":"USERLNAME"},{"name":"USEREMAIL"},{"name":"USERMOBILE"}]}
11/24/2018 21:20:29 32: LIBQUERY with Callback: 
11/24/2018 21:20:29 32: BEGIN PKREQUESTMANAGER.CALLQUERY(32,'CLI0000002','abe','{}', '{abe}','{}', :cursor); END;
11/24/2018 21:20:29 33: LIBQUERY with Callback: 
11/24/2018 21:20:29 33: BEGIN PKREQUESTMANAGER.CALLQUERY(33,'CLI0000003','abe','{}', '{abe}','{}', :cursor); END;
11/24/2018 21:20:30 33: 1 Object(s) returned... [FETCH]
11/24/2018 21:20:30 33: [object Object]
11/24/2018 21:20:30 33: {"metaData":[{"name":"USERID"},{"name":"USERCORPID"},{"name":"USERPASS"},{"name":"USERAUTH"},{"name":"USERLANG"},{"name":"USERPROF"},{"name":"USERAPPLI"},{"name":"USERFNAME"},{"name":"USERLNAME"},{"name":"USEREMAIL"},{"name":"USERMOBILE"},{"name":"USERTEAM"},{"name":"USERACTIVE"},{"name":"USERDCRE"},{"name":"USERDMAJ"},{"name":"USERUTIL"},{"name":"USERTYPE"}]}
11/24/2018 21:20:30 33: 5 Object(s) returned... [FETCH]
11/24/2018 21:20:30 33: [object Object],[object Object],[object Object],[object Object],[object Object]
11/24/2018 21:20:30 33: {"metaData":[{"name":"LEVEL"},{"name":"ENVID"},{"name":"ENVCORPID"},{"name":"CORPSDESC"},{"name":"ENVCODE"},{"name":"ENVTYPE"},{"name":"ENVACTIVE"},{"name":"ENVSDESC"},{"name":"ENVLDESC"},{"name":"ENVDBTYPE"},{"name":"ENVIP"},{"name":"ENVPORT"},{"name":"ENVUSER"},{"name":"ENVPASSWORD"},{"name":"ENVSOURCE"},{"name":"ENVDBLINK"},{"name":"ENVDEFAULT"},{"name":"ENVDCRE"},{"name":"ENVDMAJ"},{"name":"ENVUTIL"},{"name":"ENVVERSION"},{"name":"ENVDEFLANG"},{"name":"CORPPIC"},{"name":"ENVVARINITSH"}]}
11/24/2018 21:22:53 34: LIBQUERY with Callback: 
11/24/2018 21:22:53 34: BEGIN PKREQUESTMANAGER.CALLQUERY(34,'ADM0000001','abe','{}', '{abe,abe}','{}', :cursor); END;
11/24/2018 21:22:54 34: 1 Object(s) returned... [FETCH]
11/24/2018 21:22:54 34: [object Object]
11/24/2018 21:22:54 34: {"metaData":[{"name":"USERID"},{"name":"USERFNAME"},{"name":"USERLNAME"},{"name":"USEREMAIL"},{"name":"USERMOBILE"}]}
11/24/2018 21:22:54 35: LIBQUERY with Callback: 
11/24/2018 21:22:54 35: BEGIN PKREQUESTMANAGER.CALLQUERY(35,'CLI0000002','abe','{}', '{abe}','{}', :cursor); END;
11/24/2018 21:22:54 36: LIBQUERY with Callback: 
11/24/2018 21:22:54 36: BEGIN PKREQUESTMANAGER.CALLQUERY(36,'CLI0000003','abe','{}', '{abe}','{}', :cursor); END;
11/24/2018 21:22:54 36: 1 Object(s) returned... [FETCH]
11/24/2018 21:22:54 36: [object Object]
11/24/2018 21:22:55 36: 5 Object(s) returned... [FETCH]
11/24/2018 21:22:55 36: [object Object],[object Object],[object Object],[object Object],[object Object]
11/24/2018 21:22:55 36: {"metaData":[{"name":"USERID"},{"name":"USERCORPID"},{"name":"USERPASS"},{"name":"USERAUTH"},{"name":"USERLANG"},{"name":"USERPROF"},{"name":"USERAPPLI"},{"name":"USERFNAME"},{"name":"USERLNAME"},{"name":"USEREMAIL"},{"name":"USERMOBILE"},{"name":"USERTEAM"},{"name":"USERACTIVE"},{"name":"USERDCRE"},{"name":"USERDMAJ"},{"name":"USERUTIL"},{"name":"USERTYPE"}]}
11/24/2018 21:22:55 36: {"metaData":[{"name":"LEVEL"},{"name":"ENVID"},{"name":"ENVCORPID"},{"name":"CORPSDESC"},{"name":"ENVCODE"},{"name":"ENVTYPE"},{"name":"ENVACTIVE"},{"name":"ENVSDESC"},{"name":"ENVLDESC"},{"name":"ENVDBTYPE"},{"name":"ENVIP"},{"name":"ENVPORT"},{"name":"ENVUSER"},{"name":"ENVPASSWORD"},{"name":"ENVSOURCE"},{"name":"ENVDBLINK"},{"name":"ENVDEFAULT"},{"name":"ENVDCRE"},{"name":"ENVDMAJ"},{"name":"ENVUTIL"},{"name":"ENVVERSION"},{"name":"ENVDEFLANG"},{"name":"CORPPIC"},{"name":"ENVVARINITSH"}]}
11/24/2018 21:24:45 37: LIBQUERY with Callback: 
11/24/2018 21:24:45 37: BEGIN PKREQUESTMANAGER.CALLQUERY(37,'ADM0000001','abe','{}', '{abe,abe}','{}', :cursor); END;
11/24/2018 21:24:46 37: 1 Object(s) returned... [FETCH]
11/24/2018 21:24:46 37: [object Object]
11/24/2018 21:24:46 37: {"metaData":[{"name":"USERID"},{"name":"USERFNAME"},{"name":"USERLNAME"},{"name":"USEREMAIL"},{"name":"USERMOBILE"}]}
11/24/2018 21:24:46 38: LIBQUERY with Callback: 
11/24/2018 21:24:46 38: BEGIN PKREQUESTMANAGER.CALLQUERY(38,'CLI0000002','abe','{}', '{abe}','{}', :cursor); END;
11/24/2018 21:24:46 39: LIBQUERY with Callback: 
11/24/2018 21:24:46 39: BEGIN PKREQUESTMANAGER.CALLQUERY(39,'CLI0000003','abe','{}', '{abe}','{}', :cursor); END;
11/24/2018 21:24:46 39: 1 Object(s) returned... [FETCH]
11/24/2018 21:24:46 39: [object Object]
11/24/2018 21:24:46 39: 5 Object(s) returned... [FETCH]
11/24/2018 21:24:46 39: [object Object],[object Object],[object Object],[object Object],[object Object]
11/24/2018 21:24:46 39: {"metaData":[{"name":"USERID"},{"name":"USERCORPID"},{"name":"USERPASS"},{"name":"USERAUTH"},{"name":"USERLANG"},{"name":"USERPROF"},{"name":"USERAPPLI"},{"name":"USERFNAME"},{"name":"USERLNAME"},{"name":"USEREMAIL"},{"name":"USERMOBILE"},{"name":"USERTEAM"},{"name":"USERACTIVE"},{"name":"USERDCRE"},{"name":"USERDMAJ"},{"name":"USERUTIL"},{"name":"USERTYPE"}]}
11/24/2018 21:24:46 39: {"metaData":[{"name":"LEVEL"},{"name":"ENVID"},{"name":"ENVCORPID"},{"name":"CORPSDESC"},{"name":"ENVCODE"},{"name":"ENVTYPE"},{"name":"ENVACTIVE"},{"name":"ENVSDESC"},{"name":"ENVLDESC"},{"name":"ENVDBTYPE"},{"name":"ENVIP"},{"name":"ENVPORT"},{"name":"ENVUSER"},{"name":"ENVPASSWORD"},{"name":"ENVSOURCE"},{"name":"ENVDBLINK"},{"name":"ENVDEFAULT"},{"name":"ENVDCRE"},{"name":"ENVDMAJ"},{"name":"ENVUTIL"},{"name":"ENVVERSION"},{"name":"ENVDEFLANG"},{"name":"CORPPIC"},{"name":"ENVVARINITSH"}]}
11/24/2018 21:27:12 40: LIBQUERY with Callback: 
11/24/2018 21:27:12 40: BEGIN PKREQUESTMANAGER.CALLQUERY(40,'ADM0000001','abe','{}', '{abe,abe}','{}', :cursor); END;
11/24/2018 21:27:13 40: 1 Object(s) returned... [FETCH]
11/24/2018 21:27:13 40: [object Object]
11/24/2018 21:27:13 40: {"metaData":[{"name":"USERID"},{"name":"USERFNAME"},{"name":"USERLNAME"},{"name":"USEREMAIL"},{"name":"USERMOBILE"}]}
11/24/2018 21:27:13 41: LIBQUERY with Callback: 
11/24/2018 21:27:13 41: BEGIN PKREQUESTMANAGER.CALLQUERY(41,'CLI0000002','abe','{}', '{abe}','{}', :cursor); END;
11/24/2018 21:27:13 42: LIBQUERY with Callback: 
11/24/2018 21:27:13 42: BEGIN PKREQUESTMANAGER.CALLQUERY(42,'CLI0000003','abe','{}', '{abe}','{}', :cursor); END;
11/24/2018 21:27:13 42: 1 Object(s) returned... [FETCH]
11/24/2018 21:27:13 42: [object Object]
11/24/2018 21:27:13 42: 5 Object(s) returned... [FETCH]
11/24/2018 21:27:13 42: [object Object],[object Object],[object Object],[object Object],[object Object]
11/24/2018 21:27:13 42: {"metaData":[{"name":"USERID"},{"name":"USERCORPID"},{"name":"USERPASS"},{"name":"USERAUTH"},{"name":"USERLANG"},{"name":"USERPROF"},{"name":"USERAPPLI"},{"name":"USERFNAME"},{"name":"USERLNAME"},{"name":"USEREMAIL"},{"name":"USERMOBILE"},{"name":"USERTEAM"},{"name":"USERACTIVE"},{"name":"USERDCRE"},{"name":"USERDMAJ"},{"name":"USERUTIL"},{"name":"USERTYPE"}]}
11/24/2018 21:27:13 42: {"metaData":[{"name":"LEVEL"},{"name":"ENVID"},{"name":"ENVCORPID"},{"name":"CORPSDESC"},{"name":"ENVCODE"},{"name":"ENVTYPE"},{"name":"ENVACTIVE"},{"name":"ENVSDESC"},{"name":"ENVLDESC"},{"name":"ENVDBTYPE"},{"name":"ENVIP"},{"name":"ENVPORT"},{"name":"ENVUSER"},{"name":"ENVPASSWORD"},{"name":"ENVSOURCE"},{"name":"ENVDBLINK"},{"name":"ENVDEFAULT"},{"name":"ENVDCRE"},{"name":"ENVDMAJ"},{"name":"ENVUTIL"},{"name":"ENVVERSION"},{"name":"ENVDEFLANG"},{"name":"CORPPIC"},{"name":"ENVVARINITSH"}]}
11/24/2018 21:30:27 43: LIBQUERY with Callback: 
11/24/2018 21:30:27 43: BEGIN PKREQUESTMANAGER.CALLQUERY(43,'ADM0000001','abe','{}', '{abe,abe}','{}', :cursor); END;
11/24/2018 21:30:28 43: 1 Object(s) returned... [FETCH]
11/24/2018 21:30:28 43: [object Object]
11/24/2018 21:30:28 43: {"metaData":[{"name":"USERID"},{"name":"USERFNAME"},{"name":"USERLNAME"},{"name":"USEREMAIL"},{"name":"USERMOBILE"}]}
11/24/2018 21:30:28 44: LIBQUERY with Callback: 
11/24/2018 21:30:28 44: BEGIN PKREQUESTMANAGER.CALLQUERY(44,'CLI0000003','abe','{}', '{abe}','{}', :cursor); END;
11/24/2018 21:30:28 45: LIBQUERY with Callback: 
11/24/2018 21:30:28 45: BEGIN PKREQUESTMANAGER.CALLQUERY(45,'CLI0000002','abe','{}', '{abe}','{}', :cursor); END;
11/24/2018 21:30:28 45: 1 Object(s) returned... [FETCH]
11/24/2018 21:30:28 45: [object Object]
11/24/2018 21:30:28 45: 5 Object(s) returned... [FETCH]
11/24/2018 21:30:28 45: [object Object],[object Object],[object Object],[object Object],[object Object]
11/24/2018 21:30:28 45: {"metaData":[{"name":"USERID"},{"name":"USERCORPID"},{"name":"USERPASS"},{"name":"USERAUTH"},{"name":"USERLANG"},{"name":"USERPROF"},{"name":"USERAPPLI"},{"name":"USERFNAME"},{"name":"USERLNAME"},{"name":"USEREMAIL"},{"name":"USERMOBILE"},{"name":"USERTEAM"},{"name":"USERACTIVE"},{"name":"USERDCRE"},{"name":"USERDMAJ"},{"name":"USERUTIL"},{"name":"USERTYPE"}]}
11/24/2018 21:30:28 45: {"metaData":[{"name":"LEVEL"},{"name":"ENVID"},{"name":"ENVCORPID"},{"name":"CORPSDESC"},{"name":"ENVCODE"},{"name":"ENVTYPE"},{"name":"ENVACTIVE"},{"name":"ENVSDESC"},{"name":"ENVLDESC"},{"name":"ENVDBTYPE"},{"name":"ENVIP"},{"name":"ENVPORT"},{"name":"ENVUSER"},{"name":"ENVPASSWORD"},{"name":"ENVSOURCE"},{"name":"ENVDBLINK"},{"name":"ENVDEFAULT"},{"name":"ENVDCRE"},{"name":"ENVDMAJ"},{"name":"ENVUTIL"},{"name":"ENVVERSION"},{"name":"ENVDEFLANG"},{"name":"CORPPIC"},{"name":"ENVVARINITSH"}]}
11/24/2018 21:34:17 46: LIBQUERY with Callback: 
11/24/2018 21:34:17 46: BEGIN PKREQUESTMANAGER.CALLQUERY(46,'ADM0000001','abe','{}', '{abe,abe}','{}', :cursor); END;
11/24/2018 21:34:17 46: 1 Object(s) returned... [FETCH]
11/24/2018 21:34:17 46: [object Object]
11/24/2018 21:34:17 46: {"metaData":[{"name":"USERID"},{"name":"USERFNAME"},{"name":"USERLNAME"},{"name":"USEREMAIL"},{"name":"USERMOBILE"}]}
11/24/2018 21:34:17 47: LIBQUERY with Callback: 
11/24/2018 21:34:17 47: BEGIN PKREQUESTMANAGER.CALLQUERY(47,'CLI0000002','abe','{}', '{abe}','{}', :cursor); END;
11/24/2018 21:34:17 48: LIBQUERY with Callback: 
11/24/2018 21:34:17 48: BEGIN PKREQUESTMANAGER.CALLQUERY(48,'CLI0000003','abe','{}', '{abe}','{}', :cursor); END;
11/24/2018 21:34:17 48: 1 Object(s) returned... [FETCH]
11/24/2018 21:34:17 48: [object Object]
11/24/2018 21:34:17 48: {"metaData":[{"name":"USERID"},{"name":"USERCORPID"},{"name":"USERPASS"},{"name":"USERAUTH"},{"name":"USERLANG"},{"name":"USERPROF"},{"name":"USERAPPLI"},{"name":"USERFNAME"},{"name":"USERLNAME"},{"name":"USEREMAIL"},{"name":"USERMOBILE"},{"name":"USERTEAM"},{"name":"USERACTIVE"},{"name":"USERDCRE"},{"name":"USERDMAJ"},{"name":"USERUTIL"},{"name":"USERTYPE"}]}
11/24/2018 21:34:17 48: 5 Object(s) returned... [FETCH]
11/24/2018 21:34:17 48: [object Object],[object Object],[object Object],[object Object],[object Object]
11/24/2018 21:34:18 48: {"metaData":[{"name":"LEVEL"},{"name":"ENVID"},{"name":"ENVCORPID"},{"name":"CORPSDESC"},{"name":"ENVCODE"},{"name":"ENVTYPE"},{"name":"ENVACTIVE"},{"name":"ENVSDESC"},{"name":"ENVLDESC"},{"name":"ENVDBTYPE"},{"name":"ENVIP"},{"name":"ENVPORT"},{"name":"ENVUSER"},{"name":"ENVPASSWORD"},{"name":"ENVSOURCE"},{"name":"ENVDBLINK"},{"name":"ENVDEFAULT"},{"name":"ENVDCRE"},{"name":"ENVDMAJ"},{"name":"ENVUTIL"},{"name":"ENVVERSION"},{"name":"ENVDEFLANG"},{"name":"CORPPIC"},{"name":"ENVVARINITSH"}]}
11/24/2018 21:36:42 49: LIBQUERY with Callback: 
11/24/2018 21:36:42 49: BEGIN PKREQUESTMANAGER.CALLQUERY(49,'ADM0000001','abe','{}', '{abe,abe}','{}', :cursor); END;
11/24/2018 21:36:43 49: 1 Object(s) returned... [FETCH]
11/24/2018 21:36:43 49: [object Object]
11/24/2018 21:36:43 49: {"metaData":[{"name":"USERID"},{"name":"USERFNAME"},{"name":"USERLNAME"},{"name":"USEREMAIL"},{"name":"USERMOBILE"}]}
11/24/2018 21:36:43 50: LIBQUERY with Callback: 
11/24/2018 21:36:43 50: BEGIN PKREQUESTMANAGER.CALLQUERY(50,'CLI0000002','abe','{}', '{abe}','{}', :cursor); END;
11/24/2018 21:36:43 51: LIBQUERY with Callback: 
11/24/2018 21:36:43 51: BEGIN PKREQUESTMANAGER.CALLQUERY(51,'CLI0000003','abe','{}', '{abe}','{}', :cursor); END;
11/24/2018 21:36:43 51: 1 Object(s) returned... [FETCH]
11/24/2018 21:36:43 51: [object Object]
11/24/2018 21:36:43 51: 5 Object(s) returned... [FETCH]
11/24/2018 21:36:43 51: [object Object],[object Object],[object Object],[object Object],[object Object]
11/24/2018 21:36:43 51: {"metaData":[{"name":"USERID"},{"name":"USERCORPID"},{"name":"USERPASS"},{"name":"USERAUTH"},{"name":"USERLANG"},{"name":"USERPROF"},{"name":"USERAPPLI"},{"name":"USERFNAME"},{"name":"USERLNAME"},{"name":"USEREMAIL"},{"name":"USERMOBILE"},{"name":"USERTEAM"},{"name":"USERACTIVE"},{"name":"USERDCRE"},{"name":"USERDMAJ"},{"name":"USERUTIL"},{"name":"USERTYPE"}]}
11/24/2018 21:36:43 51: {"metaData":[{"name":"LEVEL"},{"name":"ENVID"},{"name":"ENVCORPID"},{"name":"CORPSDESC"},{"name":"ENVCODE"},{"name":"ENVTYPE"},{"name":"ENVACTIVE"},{"name":"ENVSDESC"},{"name":"ENVLDESC"},{"name":"ENVDBTYPE"},{"name":"ENVIP"},{"name":"ENVPORT"},{"name":"ENVUSER"},{"name":"ENVPASSWORD"},{"name":"ENVSOURCE"},{"name":"ENVDBLINK"},{"name":"ENVDEFAULT"},{"name":"ENVDCRE"},{"name":"ENVDMAJ"},{"name":"ENVUTIL"},{"name":"ENVVERSION"},{"name":"ENVDEFLANG"},{"name":"CORPPIC"},{"name":"ENVVARINITSH"}]}
11/24/2018 21:37:46 52: LIBQUERY with Callback: 
11/24/2018 21:37:46 52: BEGIN PKREQUESTMANAGER.CALLQUERY(52,'ADM0000001','abe','{}', '{abe,abe}','{}', :cursor); END;
11/24/2018 21:37:47 52: 1 Object(s) returned... [FETCH]
11/24/2018 21:37:47 52: [object Object]
11/24/2018 21:37:47 52: {"metaData":[{"name":"USERID"},{"name":"USERFNAME"},{"name":"USERLNAME"},{"name":"USEREMAIL"},{"name":"USERMOBILE"}]}
11/24/2018 21:37:47 53: LIBQUERY with Callback: 
11/24/2018 21:37:47 53: BEGIN PKREQUESTMANAGER.CALLQUERY(53,'CLI0000002','abe','{}', '{abe}','{}', :cursor); END;
11/24/2018 21:37:47 54: LIBQUERY with Callback: 
11/24/2018 21:37:47 54: BEGIN PKREQUESTMANAGER.CALLQUERY(54,'CLI0000003','abe','{}', '{abe}','{}', :cursor); END;
11/24/2018 21:37:47 54: 1 Object(s) returned... [FETCH]
11/24/2018 21:37:47 54: [object Object]
11/24/2018 21:37:47 54: 5 Object(s) returned... [FETCH]
11/24/2018 21:37:47 54: [object Object],[object Object],[object Object],[object Object],[object Object]
11/24/2018 21:37:47 54: {"metaData":[{"name":"USERID"},{"name":"USERCORPID"},{"name":"USERPASS"},{"name":"USERAUTH"},{"name":"USERLANG"},{"name":"USERPROF"},{"name":"USERAPPLI"},{"name":"USERFNAME"},{"name":"USERLNAME"},{"name":"USEREMAIL"},{"name":"USERMOBILE"},{"name":"USERTEAM"},{"name":"USERACTIVE"},{"name":"USERDCRE"},{"name":"USERDMAJ"},{"name":"USERUTIL"},{"name":"USERTYPE"}]}
11/24/2018 21:37:47 54: {"metaData":[{"name":"LEVEL"},{"name":"ENVID"},{"name":"ENVCORPID"},{"name":"CORPSDESC"},{"name":"ENVCODE"},{"name":"ENVTYPE"},{"name":"ENVACTIVE"},{"name":"ENVSDESC"},{"name":"ENVLDESC"},{"name":"ENVDBTYPE"},{"name":"ENVIP"},{"name":"ENVPORT"},{"name":"ENVUSER"},{"name":"ENVPASSWORD"},{"name":"ENVSOURCE"},{"name":"ENVDBLINK"},{"name":"ENVDEFAULT"},{"name":"ENVDCRE"},{"name":"ENVDMAJ"},{"name":"ENVUTIL"},{"name":"ENVVERSION"},{"name":"ENVDEFLANG"},{"name":"CORPPIC"},{"name":"ENVVARINITSH"}]}
11/24/2018 21:40:38 55: LIBQUERY with Callback: 
11/24/2018 21:40:38 55: BEGIN PKREQUESTMANAGER.CALLQUERY(55,'ADM0000001','abe','{}', '{abe,abe}','{}', :cursor); END;
11/24/2018 21:40:39 55: 1 Object(s) returned... [FETCH]
11/24/2018 21:40:39 55: [object Object]
11/24/2018 21:40:39 55: {"metaData":[{"name":"USERID"},{"name":"USERFNAME"},{"name":"USERLNAME"},{"name":"USEREMAIL"},{"name":"USERMOBILE"}]}
11/24/2018 21:40:39 56: LIBQUERY with Callback: 
11/24/2018 21:40:39 56: BEGIN PKREQUESTMANAGER.CALLQUERY(56,'CLI0000002','abe','{}', '{abe}','{}', :cursor); END;
11/24/2018 21:40:39 57: LIBQUERY with Callback: 
11/24/2018 21:40:39 57: BEGIN PKREQUESTMANAGER.CALLQUERY(57,'CLI0000003','abe','{}', '{abe}','{}', :cursor); END;
11/24/2018 21:40:39 57: 1 Object(s) returned... [FETCH]
11/24/2018 21:40:39 57: [object Object]
11/24/2018 21:40:39 57: 5 Object(s) returned... [FETCH]
11/24/2018 21:40:39 57: [object Object],[object Object],[object Object],[object Object],[object Object]
11/24/2018 21:40:43 57: {"metaData":[{"name":"USERID"},{"name":"USERCORPID"},{"name":"USERPASS"},{"name":"USERAUTH"},{"name":"USERLANG"},{"name":"USERPROF"},{"name":"USERAPPLI"},{"name":"USERFNAME"},{"name":"USERLNAME"},{"name":"USEREMAIL"},{"name":"USERMOBILE"},{"name":"USERTEAM"},{"name":"USERACTIVE"},{"name":"USERDCRE"},{"name":"USERDMAJ"},{"name":"USERUTIL"},{"name":"USERTYPE"}]}
11/24/2018 21:40:43 57: {"metaData":[{"name":"LEVEL"},{"name":"ENVID"},{"name":"ENVCORPID"},{"name":"CORPSDESC"},{"name":"ENVCODE"},{"name":"ENVTYPE"},{"name":"ENVACTIVE"},{"name":"ENVSDESC"},{"name":"ENVLDESC"},{"name":"ENVDBTYPE"},{"name":"ENVIP"},{"name":"ENVPORT"},{"name":"ENVUSER"},{"name":"ENVPASSWORD"},{"name":"ENVSOURCE"},{"name":"ENVDBLINK"},{"name":"ENVDEFAULT"},{"name":"ENVDCRE"},{"name":"ENVDMAJ"},{"name":"ENVUTIL"},{"name":"ENVVERSION"},{"name":"ENVDEFLANG"},{"name":"CORPPIC"},{"name":"ENVVARINITSH"}]}
