2/13/2017 18:12:30 1: Connection to database... [IN PROGRESS]
2/13/2017 18:12:30 1: Connection to database... [ESTABLISHED]
2/13/2017 18:12:30 1: Path request:/api/authentification/
2/13/2017 18:12:30 1: Executing query.... 
2/13/2017 18:12:30 1: BEGIN PKREQUESTMANAGER.CALLQUERY(1,'abe','ADM0000001', '[admin,admin]', :cursor); END;
2/13/2017 18:15:13 1: Connection to database... [ESTABLISHED]
2/13/2017 18:15:13 1: Path request:/api/authentification/
2/13/2017 18:15:13 1: Executing query.... 
2/13/2017 18:15:13 1: BEGIN PKREQUESTMANAGER.CALLQUERY(1,'abe','ADM0000001', '[admin,admin]', :cursor); END;
2/13/2017 18:15:13 1: 1 Object(s) returned... [FETCH]
2/13/2017 18:15:13 1: [object Object]
2/13/2017 18:18:51 1: Connection to database... [ESTABLISHED]
2/13/2017 18:18:51 1: Path request:/api/authentification/
2/13/2017 18:18:51 1: Executing query.... 
2/13/2017 18:18:51 1: BEGIN PKREQUESTMANAGER.CALLQUERY(1,'abe','ADM0000001', '[admin,admin]', :cursor); END;
2/13/2017 18:18:51 1: 1 Object(s) returned... [FETCH]
2/13/2017 18:18:51 1: [object Object]
2/13/2017 18:19:22 1: Connection to database... [ESTABLISHED]
2/13/2017 18:19:22 1: Path request:/api/authentification/
2/13/2017 18:19:22 1: Executing query.... 
2/13/2017 18:19:22 1: BEGIN PKREQUESTMANAGER.CALLQUERY(1,'abe','ADM0000001', '[admin,admin]', :cursor); END;
2/13/2017 18:19:22 1: 1 Object(s) returned... [FETCH]
2/13/2017 18:19:22 1: [object Object]
2/13/2017 18:19:32 2: Connection to database... [ESTABLISHED]
2/13/2017 18:19:32 2: Path request:/api/authentification/
2/13/2017 18:19:32 2: Executing query.... 
2/13/2017 18:19:32 2: BEGIN PKREQUESTMANAGER.CALLQUERY(2,'abe','ADM0000001', '[admin,admin]', :cursor); END;
2/13/2017 18:19:32 2: 1 Object(s) returned... [FETCH]
2/13/2017 18:19:32 2: [object Object]
2/13/2017 18:19:59 1: Connection to database... [ESTABLISHED]
2/13/2017 18:19:59 1: Path request:/api/authentification/
2/13/2017 18:19:59 1: Executing query.... 
2/13/2017 18:19:59 1: BEGIN PKREQUESTMANAGER.CALLQUERY(1,'abe','ADM0000001', '[admin,admin]', :cursor); END;
2/13/2017 18:19:59 1: 1 Object(s) returned... [FETCH]
2/13/2017 18:19:59 1: [object Object]
2/13/2017 18:20:25 1: Path request:/api/authentification/
2/13/2017 18:20:25 1: BEGIN PKREQUESTMANAGER.CALLQUERY(1,'abe','ADM0000001', '[admin,admin]', :cursor); END;
2/13/2017 18:20:25 1: 1 Object(s) returned... [FETCH]
2/13/2017 18:20:25 1: [object Object]
2/13/2017 18:20:53 1: Path request:/api/authentification/
2/13/2017 18:20:53 1: BEGIN PKREQUESTMANAGER.CALLQUERY(1,'abe','ADM0000001', '[admin,admin]', :cursor); END;
2/13/2017 18:20:53 1: 1 Object(s) returned... [FETCH]
2/13/2017 18:20:53 1: [object Object]
2/13/2017 18:21:28 1: Path request:/api/authentification/
2/13/2017 18:21:28 1: Path query:[object Object]
2/13/2017 18:21:28 1: BEGIN PKREQUESTMANAGER.CALLQUERY(1,'abe','ADM0000001', '[admin,admin]', :cursor); END;
2/13/2017 18:21:28 1: 1 Object(s) returned... [FETCH]
2/13/2017 18:21:28 1: [object Object]
2/13/2017 18:21:59 1: Path request:/api/authentification/
2/13/2017 18:21:59 1: Path query:{"USER_NAME":"admin"}
2/13/2017 18:21:59 1: BEGIN PKREQUESTMANAGER.CALLQUERY(1,'abe','ADM0000001', '[admin,admin]', :cursor); END;
2/13/2017 18:21:59 1: 1 Object(s) returned... [FETCH]
2/13/2017 18:21:59 1: [object Object]
2/13/2017 18:33:1 1: Path request:/api/authentification/
2/13/2017 18:33:1 1: Path query:{"USER_NAME":"admin"}
2/13/2017 18:33:1 1: BEGIN PKREQUESTMANAGER.CALLQUERY(1,'abe','ADM0000001', '[admin,admin]', :cursor); END;
2/13/2017 18:33:1 1: 1 Object(s) returned... [FETCH]
2/13/2017 18:33:1 1: [object Object]
2/13/2017 18:44:14 1: Path requestuest:/api/authentification/
2/13/2017 18:44:14 1: Path query:{"USER_NAME":"admin"}
2/13/2017 18:44:14 1: BEGIN PKrequestUESTMANAGER.CALLQUERY(1,'abe','ADM0000001', '[admin,admin]', :cursor); END;
2/13/2017 18:45:23 1: Path requestuest:/api/authentification/
2/13/2017 18:45:23 1: Path query:{"USER_NAME":"admin"}
2/13/2017 18:45:23 1: BEGIN PKREQUESTMANAGER.CALLQUERY(1,'abe','ADM0000001', '[admin,admin]', :cursor); END;
2/13/2017 18:45:45 1: Path requestuest:/api/authentification/
2/13/2017 18:45:45 1: Path query:{"USER_NAME":"admin"}
2/13/2017 18:45:45 1: BEGIN PKREQUESTMANAGER.CALLQUERY(1,'abe','ADM0000001', '[admin,admin]', :cursor); END;
2/13/2017 18:45:45 1: 1 Object(s) returned... [FETCH]
2/13/2017 18:45:45 1: [object Object]
2/13/2017 18:45:49 2: Path requestuest:/api/authentification/
2/13/2017 18:45:49 2: Path query:{"USER_NAME":"admin"}
2/13/2017 18:45:49 2: BEGIN PKREQUESTMANAGER.CALLQUERY(2,'abe','ADM0000001', '[admin,admin]', :cursor); END;
2/13/2017 18:45:49 2: 1 Object(s) returned... [FETCH]
2/13/2017 18:45:49 2: [object Object]
2/13/2017 18:45:51 3: Path requestuest:/api/authentification/
2/13/2017 18:45:51 3: Path query:{"USER_NAME":"admin"}
2/13/2017 18:45:51 3: BEGIN PKREQUESTMANAGER.CALLQUERY(3,'abe','ADM0000001', '[admin,admin]', :cursor); END;
2/13/2017 18:45:51 3: 1 Object(s) returned... [FETCH]
2/13/2017 18:45:51 3: [object Object]
2/13/2017 18:45:52 4: Path requestuest:/api/authentification/
2/13/2017 18:45:52 4: Path query:{"USER_NAME":"admin"}
2/13/2017 18:45:52 4: BEGIN PKREQUESTMANAGER.CALLQUERY(4,'abe','ADM0000001', '[admin,admin]', :cursor); END;
2/13/2017 18:45:52 4: 1 Object(s) returned... [FETCH]
2/13/2017 18:45:52 4: [object Object]
2/13/2017 18:45:52 5: Path requestuest:/api/authentification/
2/13/2017 18:45:52 5: Path query:{"USER_NAME":"admin"}
2/13/2017 18:45:52 5: BEGIN PKREQUESTMANAGER.CALLQUERY(5,'abe','ADM0000001', '[admin,admin]', :cursor); END;
2/13/2017 18:45:52 5: 1 Object(s) returned... [FETCH]
2/13/2017 18:45:52 5: [object Object]
2/13/2017 18:45:52 6: Path requestuest:/api/authentification/
2/13/2017 18:45:52 6: Path query:{"USER_NAME":"admin"}
2/13/2017 18:45:52 6: BEGIN PKREQUESTMANAGER.CALLQUERY(6,'abe','ADM0000001', '[admin,admin]', :cursor); END;
2/13/2017 18:45:52 6: 1 Object(s) returned... [FETCH]
2/13/2017 18:45:52 6: [object Object]
2/13/2017 18:45:52 7: Path requestuest:/api/authentification/
2/13/2017 18:45:52 7: Path query:{"USER_NAME":"admin"}
2/13/2017 18:45:52 7: BEGIN PKREQUESTMANAGER.CALLQUERY(7,'abe','ADM0000001', '[admin,admin]', :cursor); END;
2/13/2017 18:45:52 7: 1 Object(s) returned... [FETCH]
2/13/2017 18:45:52 7: [object Object]
2/13/2017 18:45:53 8: Path requestuest:/api/authentification/
2/13/2017 18:45:53 8: Path query:{"USER_NAME":"admin"}
2/13/2017 18:45:53 8: BEGIN PKREQUESTMANAGER.CALLQUERY(8,'abe','ADM0000001', '[admin,admin]', :cursor); END;
2/13/2017 18:45:53 8: 1 Object(s) returned... [FETCH]
2/13/2017 18:45:53 8: [object Object]
2/13/2017 18:45:53 9: Path requestuest:/api/authentification/
2/13/2017 18:45:53 9: Path query:{"USER_NAME":"admin"}
2/13/2017 18:45:53 9: BEGIN PKREQUESTMANAGER.CALLQUERY(9,'abe','ADM0000001', '[admin,admin]', :cursor); END;
2/13/2017 18:45:53 9: 1 Object(s) returned... [FETCH]
2/13/2017 18:45:53 9: [object Object]
2/13/2017 18:45:53 10: Path requestuest:/api/authentification/
2/13/2017 18:45:53 10: Path query:{"USER_NAME":"admin"}
2/13/2017 18:45:53 10: BEGIN PKREQUESTMANAGER.CALLQUERY(10,'abe','ADM0000001', '[admin,admin]', :cursor); END;
2/13/2017 18:45:53 10: 1 Object(s) returned... [FETCH]
2/13/2017 18:45:53 10: [object Object]
2/13/2017 18:45:53 11: Path requestuest:/api/authentification/
2/13/2017 18:45:53 11: Path query:{"USER_NAME":"admin"}
2/13/2017 18:45:53 11: BEGIN PKREQUESTMANAGER.CALLQUERY(11,'abe','ADM0000001', '[admin,admin]', :cursor); END;
2/13/2017 18:45:53 11: 1 Object(s) returned... [FETCH]
2/13/2017 18:45:53 11: [object Object]
2/13/2017 18:45:53 12: Path requestuest:/api/authentification/
2/13/2017 18:45:53 12: Path query:{"USER_NAME":"admin"}
2/13/2017 18:45:53 12: BEGIN PKREQUESTMANAGER.CALLQUERY(12,'abe','ADM0000001', '[admin,admin]', :cursor); END;
2/13/2017 18:45:53 12: 1 Object(s) returned... [FETCH]
2/13/2017 18:45:53 12: [object Object]
2/13/2017 18:45:53 13: Path requestuest:/api/authentification/
2/13/2017 18:45:53 13: Path query:{"USER_NAME":"admin"}
2/13/2017 18:45:53 13: BEGIN PKREQUESTMANAGER.CALLQUERY(13,'abe','ADM0000001', '[admin,admin]', :cursor); END;
2/13/2017 18:45:53 13: 1 Object(s) returned... [FETCH]
2/13/2017 18:45:53 13: [object Object]
2/13/2017 18:45:54 14: Path requestuest:/api/authentification/
2/13/2017 18:45:54 14: Path query:{"USER_NAME":"admin"}
2/13/2017 18:45:54 14: BEGIN PKREQUESTMANAGER.CALLQUERY(14,'abe','ADM0000001', '[admin,admin]', :cursor); END;
2/13/2017 18:45:54 14: 1 Object(s) returned... [FETCH]
2/13/2017 18:45:54 14: [object Object]
2/13/2017 18:45:55 15: Path requestuest:/api/authentification/
2/13/2017 18:45:55 15: Path query:{"USER_NAME":"admin"}
2/13/2017 18:45:55 15: BEGIN PKREQUESTMANAGER.CALLQUERY(15,'abe','ADM0000001', '[admin,admin]', :cursor); END;
2/13/2017 18:45:55 15: 1 Object(s) returned... [FETCH]
2/13/2017 18:45:55 15: [object Object]
2/13/2017 18:45:56 16: Path requestuest:/api/authentification/
2/13/2017 18:45:56 16: Path query:{"USER_NAME":"admin"}
2/13/2017 18:45:56 16: BEGIN PKREQUESTMANAGER.CALLQUERY(16,'abe','ADM0000001', '[admin,admin]', :cursor); END;
2/13/2017 18:45:56 16: 1 Object(s) returned... [FETCH]
2/13/2017 18:45:56 16: [object Object]
2/13/2017 18:45:56 17: Path requestuest:/api/authentification/
2/13/2017 18:45:56 17: Path query:{"USER_NAME":"admin"}
2/13/2017 18:45:56 17: BEGIN PKREQUESTMANAGER.CALLQUERY(17,'abe','ADM0000001', '[admin,admin]', :cursor); END;
2/13/2017 18:45:56 17: 1 Object(s) returned... [FETCH]
2/13/2017 18:45:56 17: [object Object]
2/13/2017 18:45:57 18: Path requestuest:/api/authentification/
2/13/2017 18:45:57 18: Path query:{"USER_NAME":"admin"}
2/13/2017 18:45:57 18: BEGIN PKREQUESTMANAGER.CALLQUERY(18,'abe','ADM0000001', '[admin,admin]', :cursor); END;
2/13/2017 18:45:57 18: 1 Object(s) returned... [FETCH]
2/13/2017 18:45:57 18: [object Object]
2/13/2017 18:45:57 19: Path requestuest:/api/authentification/
2/13/2017 18:45:57 19: Path query:{"USER_NAME":"admin"}
2/13/2017 18:45:57 19: BEGIN PKREQUESTMANAGER.CALLQUERY(19,'abe','ADM0000001', '[admin,admin]', :cursor); END;
2/13/2017 18:45:57 19: 1 Object(s) returned... [FETCH]
2/13/2017 18:45:57 19: [object Object]
2/13/2017 18:50:3 1: Path requestuest:/api/authentification/
2/13/2017 18:50:3 1: Path query:{"USER_NAME":"admin"}
2/13/2017 18:50:3 1: BEGIN PKREQUESTMANAGER.CALLQUERY(1,'abe','ADM0000001', '[admin,admin]', :cursor); END;
2/13/2017 18:50:3 1: 1 Object(s) returned... [FETCH]
2/13/2017 18:50:3 1: [object Object]
2/13/2017 18:51:41 1: Path requestuest:/api/authentification/
2/13/2017 18:51:41 1: Path query:{"USER_NAME":"admin"}
2/13/2017 18:51:41 1: BEGIN PKREQUESTMANAGER.CALLQUERY(1,'abe','ADM0000001', '[admin,admin]', :cursor); END;
2/13/2017 18:51:41 1: 1 Object(s) returned... [FETCH]
2/13/2017 18:51:41 1: [object Object]
