8/6/2017 10:36:26 1: LIBQUERY with Callback: 
8/6/2017 10:36:26 1: Path request:/api/authentification/
8/6/2017 10:36:26 1: Path header:undefined
8/6/2017 10:36:26 1: Path query:{}
8/6/2017 10:36:26 1: BEGIN PKREQUESTMANAGER.CALLQUERY(1,'ADM0000001','abe','{}', '{abe,abe}','{}', :cursor); END;
8/6/2017 10:36:26 1: 1 Object(s) returned... [FETCH]
8/6/2017 10:36:26 1: [object Object]
8/6/2017 10:36:26 2: LIBQUERY with Callback: 
8/6/2017 10:36:26 2: Path request:/api/user/
8/6/2017 10:36:26 2: Path header:undefined
8/6/2017 10:36:26 2: Path query:{"USER_NAME":"abe"}
8/6/2017 10:36:26 2: BEGIN PKREQUESTMANAGER.CALLQUERY(2,'CLI0000002','abe','{}', '{abe}','{}', :cursor); END;
8/6/2017 10:36:26 2: 1 Object(s) returned... [FETCH]
8/6/2017 10:36:26 2: [object Object]
8/6/2017 10:36:26 3: LIBQUERY with Callback: 
8/6/2017 10:36:26 3: Path request:/api/environment/
8/6/2017 10:36:26 3: Path header:undefined
8/6/2017 10:36:26 3: Path query:{"USER_NAME":"abe"}
8/6/2017 10:36:26 3: BEGIN PKREQUESTMANAGER.CALLQUERY(3,'CLI0000003','abe','{}', '{abe}','{}', :cursor); END;
8/6/2017 10:36:26 3: 6 Object(s) returned... [FETCH]
8/6/2017 10:36:26 3: [object Object],[object Object],[object Object],[object Object],[object Object],[object Object]
8/6/2017 10:36:27 4: LIBQUERY with Callback: 
8/6/2017 10:36:27 4: Path request:/api/labels/
8/6/2017 10:36:27 4: Path header:undefined
8/6/2017 10:36:27 4: Path query:{}
8/6/2017 10:36:27 4: BEGIN PKREQUESTMANAGER.CALLQUERY(4,'LAB0000001','abe','{undefined}', '{undefined}','{}', :cursor); END;
8/6/2017 10:36:27 4: 36 Object(s) returned... [FETCH]
8/6/2017 10:36:27 4: [object Object],[object Object],[object Object],[object Object],[object Object],[object Object],[object Object],[object Object],[object Object],[object Object],[object Object],[object Object],[object Object],[object Object],[object Object],[object Object],[object Object],[object Object],[object Object],[object Object],[object Object],[object Object],[object Object],[object Object],[object Object],[object Object],[object Object],[object Object],[object Object],[object Object],[object Object],[object Object],[object Object],[object Object],[object Object],[object Object]
8/6/2017 10:50:22 5: LIBQUERY with Callback: 
8/6/2017 10:50:22 5: Path request:/api/authentification/
8/6/2017 10:50:22 5: Path header:undefined
8/6/2017 10:50:22 5: Path query:{}
8/6/2017 10:50:22 5: BEGIN PKREQUESTMANAGER.CALLQUERY(5,'ADM0000001','abe','{}', '{abe,abe}','{}', :cursor); END;
8/6/2017 10:50:22 5: 1 Object(s) returned... [FETCH]
8/6/2017 10:50:22 5: [object Object]
8/6/2017 10:50:22 6: LIBQUERY with Callback: 
8/6/2017 10:50:22 6: Path request:/api/environment/
8/6/2017 10:50:22 6: Path header:undefined
8/6/2017 10:50:22 6: Path query:{"USER_NAME":"abe"}
8/6/2017 10:50:22 6: BEGIN PKREQUESTMANAGER.CALLQUERY(6,'CLI0000003','abe','{}', '{abe}','{}', :cursor); END;
8/6/2017 10:50:22 7: LIBQUERY with Callback: 
8/6/2017 10:50:22 7: Path request:/api/user/
8/6/2017 10:50:22 7: Path header:undefined
8/6/2017 10:50:22 7: Path query:{"USER_NAME":"abe"}
8/6/2017 10:50:22 7: BEGIN PKREQUESTMANAGER.CALLQUERY(7,'CLI0000002','abe','{}', '{abe}','{}', :cursor); END;
8/6/2017 10:50:22 7: 1 Object(s) returned... [FETCH]
8/6/2017 10:50:22 7: [object Object]
8/6/2017 10:50:22 7: 6 Object(s) returned... [FETCH]
8/6/2017 10:50:22 7: [object Object],[object Object],[object Object],[object Object],[object Object],[object Object]
8/6/2017 10:50:22 8: LIBQUERY with Callback: 
8/6/2017 10:50:22 8: Path request:/api/labels/
8/6/2017 10:50:22 8: Path header:undefined
8/6/2017 10:50:22 8: Path query:{}
8/6/2017 10:50:22 8: BEGIN PKREQUESTMANAGER.CALLQUERY(8,'LAB0000001','abe','{undefined}', '{undefined}','{}', :cursor); END;
8/6/2017 10:50:22 8: 36 Object(s) returned... [FETCH]
8/6/2017 10:50:22 8: [object Object],[object Object],[object Object],[object Object],[object Object],[object Object],[object Object],[object Object],[object Object],[object Object],[object Object],[object Object],[object Object],[object Object],[object Object],[object Object],[object Object],[object Object],[object Object],[object Object],[object Object],[object Object],[object Object],[object Object],[object Object],[object Object],[object Object],[object Object],[object Object],[object Object],[object Object],[object Object],[object Object],[object Object],[object Object],[object Object]
8/6/2017 10:51:6 9: LIBQUERY with Callback: 
8/6/2017 10:51:6 9: Path request:/api/authentification/
8/6/2017 10:51:6 9: Path header:undefined
8/6/2017 10:51:6 9: Path query:{}
8/6/2017 10:51:6 9: BEGIN PKREQUESTMANAGER.CALLQUERY(9,'ADM0000001','abe','{}', '{abe,abe}','{}', :cursor); END;
8/6/2017 10:51:6 9: 1 Object(s) returned... [FETCH]
8/6/2017 10:51:6 9: [object Object]
8/6/2017 10:51:6 10: LIBQUERY with Callback: 
8/6/2017 10:51:6 10: Path request:/api/user/
8/6/2017 10:51:6 10: Path header:undefined
8/6/2017 10:51:6 10: Path query:{"USER_NAME":"abe"}
8/6/2017 10:51:6 10: BEGIN PKREQUESTMANAGER.CALLQUERY(10,'CLI0000002','abe','{}', '{abe}','{}', :cursor); END;
8/6/2017 10:51:6 11: LIBQUERY with Callback: 
8/6/2017 10:51:6 11: Path request:/api/environment/
8/6/2017 10:51:6 11: Path header:undefined
8/6/2017 10:51:6 11: Path query:{"USER_NAME":"abe"}
8/6/2017 10:51:6 11: BEGIN PKREQUESTMANAGER.CALLQUERY(11,'CLI0000003','abe','{}', '{abe}','{}', :cursor); END;
8/6/2017 10:51:6 11: 1 Object(s) returned... [FETCH]
8/6/2017 10:51:6 11: [object Object]
8/6/2017 10:51:6 11: 6 Object(s) returned... [FETCH]
8/6/2017 10:51:6 11: [object Object],[object Object],[object Object],[object Object],[object Object],[object Object]
8/6/2017 10:51:6 12: LIBQUERY with Callback: 
8/6/2017 10:51:6 12: Path request:/api/labels/
8/6/2017 10:51:6 12: Path header:undefined
8/6/2017 10:51:6 12: Path query:{}
8/6/2017 10:51:6 12: BEGIN PKREQUESTMANAGER.CALLQUERY(12,'LAB0000001','abe','{undefined}', '{undefined}','{}', :cursor); END;
8/6/2017 10:51:6 12: 36 Object(s) returned... [FETCH]
8/6/2017 10:51:6 12: [object Object],[object Object],[object Object],[object Object],[object Object],[object Object],[object Object],[object Object],[object Object],[object Object],[object Object],[object Object],[object Object],[object Object],[object Object],[object Object],[object Object],[object Object],[object Object],[object Object],[object Object],[object Object],[object Object],[object Object],[object Object],[object Object],[object Object],[object Object],[object Object],[object Object],[object Object],[object Object],[object Object],[object Object],[object Object],[object Object]
8/6/2017 10:52:13 13: LIBQUERY with Callback: 
8/6/2017 10:52:13 13: Path request:/api/authentification/
8/6/2017 10:52:13 13: Path header:undefined
8/6/2017 10:52:13 13: Path query:{}
8/6/2017 10:52:13 13: BEGIN PKREQUESTMANAGER.CALLQUERY(13,'ADM0000001','abe','{}', '{abe,abe}','{}', :cursor); END;
8/6/2017 10:52:13 13: 1 Object(s) returned... [FETCH]
8/6/2017 10:52:13 13: [object Object]
8/6/2017 10:52:13 14: LIBQUERY with Callback: 
8/6/2017 10:52:13 14: Path request:/api/user/
8/6/2017 10:52:13 14: Path header:undefined
8/6/2017 10:52:13 14: Path query:{"USER_NAME":"abe"}
8/6/2017 10:52:13 14: BEGIN PKREQUESTMANAGER.CALLQUERY(14,'CLI0000002','abe','{}', '{abe}','{}', :cursor); END;
8/6/2017 10:52:13 15: LIBQUERY with Callback: 
8/6/2017 10:52:13 15: Path request:/api/environment/
8/6/2017 10:52:13 15: Path header:undefined
8/6/2017 10:52:13 15: Path query:{"USER_NAME":"abe"}
8/6/2017 10:52:13 15: BEGIN PKREQUESTMANAGER.CALLQUERY(15,'CLI0000003','abe','{}', '{abe}','{}', :cursor); END;
8/6/2017 10:52:13 15: 1 Object(s) returned... [FETCH]
8/6/2017 10:52:13 15: [object Object]
8/6/2017 10:52:13 15: 6 Object(s) returned... [FETCH]
8/6/2017 10:52:13 15: [object Object],[object Object],[object Object],[object Object],[object Object],[object Object]
8/6/2017 10:52:13 16: LIBQUERY with Callback: 
8/6/2017 10:52:13 16: Path request:/api/labels/
8/6/2017 10:52:13 16: Path header:undefined
8/6/2017 10:52:13 16: Path query:{}
8/6/2017 10:52:13 16: BEGIN PKREQUESTMANAGER.CALLQUERY(16,'LAB0000001','abe','{undefined}', '{undefined}','{}', :cursor); END;
8/6/2017 10:52:13 16: 36 Object(s) returned... [FETCH]
8/6/2017 10:52:13 16: [object Object],[object Object],[object Object],[object Object],[object Object],[object Object],[object Object],[object Object],[object Object],[object Object],[object Object],[object Object],[object Object],[object Object],[object Object],[object Object],[object Object],[object Object],[object Object],[object Object],[object Object],[object Object],[object Object],[object Object],[object Object],[object Object],[object Object],[object Object],[object Object],[object Object],[object Object],[object Object],[object Object],[object Object],[object Object],[object Object]
8/6/2017 10:56:27 17: LIBQUERY with Callback: 
8/6/2017 10:56:27 17: Path request:/api/authentification/
8/6/2017 10:56:27 17: Path header:undefined
8/6/2017 10:56:27 17: Path query:{}
8/6/2017 10:56:27 17: BEGIN PKREQUESTMANAGER.CALLQUERY(17,'ADM0000001','abe','{}', '{abe,abe}','{}', :cursor); END;
8/6/2017 10:56:27 17: 1 Object(s) returned... [FETCH]
8/6/2017 10:56:27 17: [object Object]
8/6/2017 10:56:27 18: LIBQUERY with Callback: 
8/6/2017 10:56:27 18: Path request:/api/user/
8/6/2017 10:56:27 18: Path header:undefined
8/6/2017 10:56:27 18: Path query:{"USER_NAME":"abe"}
8/6/2017 10:56:27 18: BEGIN PKREQUESTMANAGER.CALLQUERY(18,'CLI0000002','abe','{}', '{abe}','{}', :cursor); END;
8/6/2017 10:56:27 19: LIBQUERY with Callback: 
8/6/2017 10:56:27 19: Path request:/api/environment/
8/6/2017 10:56:27 19: Path header:undefined
8/6/2017 10:56:27 19: Path query:{"USER_NAME":"abe"}
8/6/2017 10:56:27 19: BEGIN PKREQUESTMANAGER.CALLQUERY(19,'CLI0000003','abe','{}', '{abe}','{}', :cursor); END;
8/6/2017 10:56:27 19: 1 Object(s) returned... [FETCH]
8/6/2017 10:56:27 19: [object Object]
8/6/2017 10:56:27 19: 6 Object(s) returned... [FETCH]
8/6/2017 10:56:27 19: [object Object],[object Object],[object Object],[object Object],[object Object],[object Object]
8/6/2017 10:56:28 20: LIBQUERY with Callback: 
8/6/2017 10:56:28 20: Path request:/api/labels/
8/6/2017 10:56:28 20: Path header:undefined
8/6/2017 10:56:28 20: Path query:{}
8/6/2017 10:56:28 20: BEGIN PKREQUESTMANAGER.CALLQUERY(20,'LAB0000001','abe','{undefined}', '{undefined}','{}', :cursor); END;
8/6/2017 10:56:28 20: 36 Object(s) returned... [FETCH]
8/6/2017 10:56:28 20: [object Object],[object Object],[object Object],[object Object],[object Object],[object Object],[object Object],[object Object],[object Object],[object Object],[object Object],[object Object],[object Object],[object Object],[object Object],[object Object],[object Object],[object Object],[object Object],[object Object],[object Object],[object Object],[object Object],[object Object],[object Object],[object Object],[object Object],[object Object],[object Object],[object Object],[object Object],[object Object],[object Object],[object Object],[object Object],[object Object]
8/6/2017 10:56:28 21: LIBQUERY with Callback: 
8/6/2017 10:56:28 21: Path request:/api/authentification/
8/6/2017 10:56:28 21: Path header:undefined
8/6/2017 10:56:28 21: Path query:{}
8/6/2017 10:56:28 21: BEGIN PKREQUESTMANAGER.CALLQUERY(21,'ADM0000001','abe','{}', '{abe,abe}','{}', :cursor); END;
8/6/2017 10:56:28 21: 1 Object(s) returned... [FETCH]
8/6/2017 10:56:28 21: [object Object]
8/6/2017 10:56:28 22: LIBQUERY with Callback: 
8/6/2017 10:56:28 22: Path request:/api/user/
8/6/2017 10:56:28 22: Path header:undefined
8/6/2017 10:56:28 22: Path query:{"USER_NAME":"abe"}
8/6/2017 10:56:28 22: BEGIN PKREQUESTMANAGER.CALLQUERY(22,'CLI0000002','abe','{}', '{abe}','{}', :cursor); END;
8/6/2017 10:56:28 23: LIBQUERY with Callback: 
8/6/2017 10:56:28 23: Path request:/api/environment/
8/6/2017 10:56:28 23: Path header:undefined
8/6/2017 10:56:28 23: Path query:{"USER_NAME":"abe"}
8/6/2017 10:56:28 23: BEGIN PKREQUESTMANAGER.CALLQUERY(23,'CLI0000003','abe','{}', '{abe}','{}', :cursor); END;
8/6/2017 10:56:28 23: 1 Object(s) returned... [FETCH]
8/6/2017 10:56:28 23: [object Object]
8/6/2017 10:56:28 24: LIBQUERY with Callback: 
8/6/2017 10:56:29 24: Path request:/api/labels/
8/6/2017 10:56:29 24: Path header:undefined
8/6/2017 10:56:29 24: Path query:{}
8/6/2017 10:56:29 24: BEGIN PKREQUESTMANAGER.CALLQUERY(24,'LAB0000001','abe','{undefined}', '{undefined}','{}', :cursor); END;
8/6/2017 10:56:29 24: 6 Object(s) returned... [FETCH]
8/6/2017 10:56:29 24: [object Object],[object Object],[object Object],[object Object],[object Object],[object Object]
8/6/2017 10:56:29 24: 36 Object(s) returned... [FETCH]
8/6/2017 10:56:29 24: [object Object],[object Object],[object Object],[object Object],[object Object],[object Object],[object Object],[object Object],[object Object],[object Object],[object Object],[object Object],[object Object],[object Object],[object Object],[object Object],[object Object],[object Object],[object Object],[object Object],[object Object],[object Object],[object Object],[object Object],[object Object],[object Object],[object Object],[object Object],[object Object],[object Object],[object Object],[object Object],[object Object],[object Object],[object Object],[object Object]
8/6/2017 10:58:27 25: LIBQUERY with Callback: 
8/6/2017 10:58:27 25: Path request:/api/authentification/
8/6/2017 10:58:27 25: Path header:undefined
8/6/2017 10:58:27 25: Path query:{}
8/6/2017 10:58:27 25: BEGIN PKREQUESTMANAGER.CALLQUERY(25,'ADM0000001','abe','{}', '{abe,abe}','{}', :cursor); END;
8/6/2017 10:58:27 25: 1 Object(s) returned... [FETCH]
8/6/2017 10:58:27 25: [object Object]
8/6/2017 10:58:27 26: LIBQUERY with Callback: 
8/6/2017 10:58:27 26: Path request:/api/user/
8/6/2017 10:58:27 26: Path header:undefined
8/6/2017 10:58:27 26: Path query:{"USER_NAME":"abe"}
8/6/2017 10:58:27 26: BEGIN PKREQUESTMANAGER.CALLQUERY(26,'CLI0000002','abe','{}', '{abe}','{}', :cursor); END;
8/6/2017 10:58:27 27: LIBQUERY with Callback: 
8/6/2017 10:58:27 27: Path request:/api/environment/
8/6/2017 10:58:27 27: Path header:undefined
8/6/2017 10:58:27 27: Path query:{"USER_NAME":"abe"}
8/6/2017 10:58:27 27: BEGIN PKREQUESTMANAGER.CALLQUERY(27,'CLI0000003','abe','{}', '{abe}','{}', :cursor); END;
8/6/2017 10:58:27 27: 1 Object(s) returned... [FETCH]
8/6/2017 10:58:27 27: [object Object]
8/6/2017 10:58:27 27: 6 Object(s) returned... [FETCH]
8/6/2017 10:58:27 27: [object Object],[object Object],[object Object],[object Object],[object Object],[object Object]
8/6/2017 10:58:27 28: LIBQUERY with Callback: 
8/6/2017 10:58:27 28: Path request:/api/labels/
8/6/2017 10:58:27 28: Path header:undefined
8/6/2017 10:58:27 28: Path query:{}
8/6/2017 10:58:27 28: BEGIN PKREQUESTMANAGER.CALLQUERY(28,'LAB0000001','abe','{undefined}', '{undefined}','{}', :cursor); END;
8/6/2017 10:58:27 28: 36 Object(s) returned... [FETCH]
8/6/2017 10:58:27 28: [object Object],[object Object],[object Object],[object Object],[object Object],[object Object],[object Object],[object Object],[object Object],[object Object],[object Object],[object Object],[object Object],[object Object],[object Object],[object Object],[object Object],[object Object],[object Object],[object Object],[object Object],[object Object],[object Object],[object Object],[object Object],[object Object],[object Object],[object Object],[object Object],[object Object],[object Object],[object Object],[object Object],[object Object],[object Object],[object Object]
8/6/2017 11:1:7 29: LIBQUERY with Callback: 
8/6/2017 11:1:7 29: Path request:/api/authentification/
8/6/2017 11:1:7 29: Path header:undefined
8/6/2017 11:1:7 29: Path query:{}
8/6/2017 11:1:7 29: BEGIN PKREQUESTMANAGER.CALLQUERY(29,'ADM0000001','abe','{}', '{abe,abe}','{}', :cursor); END;
8/6/2017 11:1:7 29: 1 Object(s) returned... [FETCH]
8/6/2017 11:1:7 29: [object Object]
8/6/2017 11:1:7 30: LIBQUERY with Callback: 
8/6/2017 11:1:7 30: Path request:/api/user/
8/6/2017 11:1:7 30: Path header:undefined
8/6/2017 11:1:7 30: Path query:{"USER_NAME":"abe"}
8/6/2017 11:1:7 30: BEGIN PKREQUESTMANAGER.CALLQUERY(30,'CLI0000002','abe','{}', '{abe}','{}', :cursor); END;
8/6/2017 11:1:7 31: LIBQUERY with Callback: 
8/6/2017 11:1:7 31: Path request:/api/environment/
8/6/2017 11:1:7 31: Path header:undefined
8/6/2017 11:1:7 31: Path query:{"USER_NAME":"abe"}
8/6/2017 11:1:7 31: BEGIN PKREQUESTMANAGER.CALLQUERY(31,'CLI0000003','abe','{}', '{abe}','{}', :cursor); END;
8/6/2017 11:1:7 31: 1 Object(s) returned... [FETCH]
8/6/2017 11:1:7 31: [object Object]
8/6/2017 11:1:7 31: 6 Object(s) returned... [FETCH]
8/6/2017 11:1:7 31: [object Object],[object Object],[object Object],[object Object],[object Object],[object Object]
8/6/2017 11:1:7 32: LIBQUERY with Callback: 
8/6/2017 11:1:7 32: Path request:/api/labels/
8/6/2017 11:1:7 32: Path header:undefined
8/6/2017 11:1:7 32: Path query:{}
8/6/2017 11:1:7 32: BEGIN PKREQUESTMANAGER.CALLQUERY(32,'LAB0000001','abe','{undefined}', '{undefined}','{}', :cursor); END;
8/6/2017 11:1:7 32: 36 Object(s) returned... [FETCH]
8/6/2017 11:1:7 32: [object Object],[object Object],[object Object],[object Object],[object Object],[object Object],[object Object],[object Object],[object Object],[object Object],[object Object],[object Object],[object Object],[object Object],[object Object],[object Object],[object Object],[object Object],[object Object],[object Object],[object Object],[object Object],[object Object],[object Object],[object Object],[object Object],[object Object],[object Object],[object Object],[object Object],[object Object],[object Object],[object Object],[object Object],[object Object],[object Object]
8/6/2017 11:1:8 33: LIBQUERY with Callback: 
8/6/2017 11:1:8 33: Path request:/api/authentification/
8/6/2017 11:1:8 33: Path header:undefined
8/6/2017 11:1:8 33: Path query:{}
8/6/2017 11:1:8 33: BEGIN PKREQUESTMANAGER.CALLQUERY(33,'ADM0000001','abe','{}', '{abe,abe}','{}', :cursor); END;
8/6/2017 11:1:8 33: 1 Object(s) returned... [FETCH]
8/6/2017 11:1:8 33: [object Object]
8/6/2017 11:1:8 34: LIBQUERY with Callback: 
8/6/2017 11:1:8 34: Path request:/api/user/
8/6/2017 11:1:8 34: Path header:undefined
8/6/2017 11:1:8 34: Path query:{"USER_NAME":"abe"}
8/6/2017 11:1:8 34: BEGIN PKREQUESTMANAGER.CALLQUERY(34,'CLI0000002','abe','{}', '{abe}','{}', :cursor); END;
8/6/2017 11:1:8 35: LIBQUERY with Callback: 
8/6/2017 11:1:8 35: Path request:/api/environment/
8/6/2017 11:1:8 35: Path header:undefined
8/6/2017 11:1:8 35: Path query:{"USER_NAME":"abe"}
8/6/2017 11:1:8 35: BEGIN PKREQUESTMANAGER.CALLQUERY(35,'CLI0000003','abe','{}', '{abe}','{}', :cursor); END;
8/6/2017 11:1:8 36: LIBQUERY with Callback: 
8/6/2017 11:1:8 36: Path request:/api/labels/
8/6/2017 11:1:8 36: Path header:undefined
8/6/2017 11:1:8 36: Path query:{}
8/6/2017 11:1:8 36: BEGIN PKREQUESTMANAGER.CALLQUERY(36,'LAB0000001','abe','{undefined}', '{undefined}','{}', :cursor); END;
8/6/2017 11:1:8 36: 1 Object(s) returned... [FETCH]
8/6/2017 11:1:8 36: [object Object]
8/6/2017 11:1:8 36: 6 Object(s) returned... [FETCH]
8/6/2017 11:1:8 36: [object Object],[object Object],[object Object],[object Object],[object Object],[object Object]
8/6/2017 11:1:8 36: 36 Object(s) returned... [FETCH]
8/6/2017 11:1:8 36: [object Object],[object Object],[object Object],[object Object],[object Object],[object Object],[object Object],[object Object],[object Object],[object Object],[object Object],[object Object],[object Object],[object Object],[object Object],[object Object],[object Object],[object Object],[object Object],[object Object],[object Object],[object Object],[object Object],[object Object],[object Object],[object Object],[object Object],[object Object],[object Object],[object Object],[object Object],[object Object],[object Object],[object Object],[object Object],[object Object]
8/6/2017 11:24:51 37: LIBQUERY with Callback: 
8/6/2017 11:24:51 37: Path request:/api/authentification/
8/6/2017 11:24:51 37: Path header:undefined
8/6/2017 11:24:51 37: Path query:{}
8/6/2017 11:24:51 37: BEGIN PKREQUESTMANAGER.CALLQUERY(37,'ADM0000001','abe','{}', '{abe,abe}','{}', :cursor); END;
8/6/2017 11:24:51 37: 1 Object(s) returned... [FETCH]
8/6/2017 11:24:51 37: [object Object]
8/6/2017 11:24:51 38: LIBQUERY with Callback: 
8/6/2017 11:24:51 38: Path request:/api/user/
8/6/2017 11:24:51 38: Path header:undefined
8/6/2017 11:24:51 38: Path query:{"USER_NAME":"abe"}
8/6/2017 11:24:51 38: BEGIN PKREQUESTMANAGER.CALLQUERY(38,'CLI0000002','abe','{}', '{abe}','{}', :cursor); END;
8/6/2017 11:24:51 39: LIBQUERY with Callback: 
8/6/2017 11:24:51 39: Path request:/api/environment/
8/6/2017 11:24:51 39: Path header:undefined
8/6/2017 11:24:51 39: Path query:{"USER_NAME":"abe"}
8/6/2017 11:24:51 39: BEGIN PKREQUESTMANAGER.CALLQUERY(39,'CLI0000003','abe','{}', '{abe}','{}', :cursor); END;
8/6/2017 11:24:51 39: 1 Object(s) returned... [FETCH]
8/6/2017 11:24:51 39: [object Object]
8/6/2017 11:24:51 39: 6 Object(s) returned... [FETCH]
8/6/2017 11:24:51 39: [object Object],[object Object],[object Object],[object Object],[object Object],[object Object]
8/6/2017 11:24:51 40: LIBQUERY with Callback: 
8/6/2017 11:24:51 40: Path request:/api/labels/
8/6/2017 11:24:51 40: Path header:undefined
8/6/2017 11:24:51 40: Path query:{}
8/6/2017 11:24:51 40: BEGIN PKREQUESTMANAGER.CALLQUERY(40,'LAB0000001','abe','{undefined}', '{undefined}','{}', :cursor); END;
8/6/2017 11:24:51 40: 36 Object(s) returned... [FETCH]
8/6/2017 11:24:51 40: [object Object],[object Object],[object Object],[object Object],[object Object],[object Object],[object Object],[object Object],[object Object],[object Object],[object Object],[object Object],[object Object],[object Object],[object Object],[object Object],[object Object],[object Object],[object Object],[object Object],[object Object],[object Object],[object Object],[object Object],[object Object],[object Object],[object Object],[object Object],[object Object],[object Object],[object Object],[object Object],[object Object],[object Object],[object Object],[object Object]
8/6/2017 11:26:20 41: LIBQUERY with Callback: 
8/6/2017 11:26:20 41: Path request:/api/authentification/
8/6/2017 11:26:20 41: Path header:undefined
8/6/2017 11:26:20 41: Path query:{}
8/6/2017 11:26:20 41: BEGIN PKREQUESTMANAGER.CALLQUERY(41,'ADM0000001','abe','{}', '{abe,abe}','{}', :cursor); END;
8/6/2017 11:26:20 41: 1 Object(s) returned... [FETCH]
8/6/2017 11:26:20 41: [object Object]
8/6/2017 11:26:20 42: LIBQUERY with Callback: 
8/6/2017 11:26:20 42: Path request:/api/user/
8/6/2017 11:26:20 42: Path header:undefined
8/6/2017 11:26:20 42: Path query:{"USER_NAME":"abe"}
8/6/2017 11:26:20 42: BEGIN PKREQUESTMANAGER.CALLQUERY(42,'CLI0000002','abe','{}', '{abe}','{}', :cursor); END;
8/6/2017 11:26:20 43: LIBQUERY with Callback: 
8/6/2017 11:26:20 43: Path request:/api/environment/
8/6/2017 11:26:20 43: Path header:undefined
8/6/2017 11:26:20 43: Path query:{"USER_NAME":"abe"}
8/6/2017 11:26:20 43: BEGIN PKREQUESTMANAGER.CALLQUERY(43,'CLI0000003','abe','{}', '{abe}','{}', :cursor); END;
8/6/2017 11:26:20 43: 1 Object(s) returned... [FETCH]
8/6/2017 11:26:20 43: [object Object]
8/6/2017 11:26:21 43: 6 Object(s) returned... [FETCH]
8/6/2017 11:26:21 43: [object Object],[object Object],[object Object],[object Object],[object Object],[object Object]
8/6/2017 11:26:21 44: LIBQUERY with Callback: 
8/6/2017 11:26:21 44: Path request:/api/labels/
8/6/2017 11:26:21 44: Path header:undefined
8/6/2017 11:26:21 44: Path query:{}
8/6/2017 11:26:21 44: BEGIN PKREQUESTMANAGER.CALLQUERY(44,'LAB0000001','abe','{undefined}', '{undefined}','{}', :cursor); END;
8/6/2017 11:26:21 44: 36 Object(s) returned... [FETCH]
8/6/2017 11:26:21 44: [object Object],[object Object],[object Object],[object Object],[object Object],[object Object],[object Object],[object Object],[object Object],[object Object],[object Object],[object Object],[object Object],[object Object],[object Object],[object Object],[object Object],[object Object],[object Object],[object Object],[object Object],[object Object],[object Object],[object Object],[object Object],[object Object],[object Object],[object Object],[object Object],[object Object],[object Object],[object Object],[object Object],[object Object],[object Object],[object Object]
8/6/2017 11:28:2 45: LIBQUERY with Callback: 
8/6/2017 11:28:2 45: Path request:/api/authentification/
8/6/2017 11:28:2 45: Path header:undefined
8/6/2017 11:28:2 45: Path query:{}
8/6/2017 11:28:2 45: BEGIN PKREQUESTMANAGER.CALLQUERY(45,'ADM0000001','abe','{}', '{abe,abe}','{}', :cursor); END;
8/6/2017 11:28:2 45: 1 Object(s) returned... [FETCH]
8/6/2017 11:28:2 45: [object Object]
8/6/2017 11:28:2 46: LIBQUERY with Callback: 
8/6/2017 11:28:2 46: Path request:/api/user/
8/6/2017 11:28:2 46: Path header:undefined
8/6/2017 11:28:2 46: Path query:{"USER_NAME":"abe"}
8/6/2017 11:28:2 46: BEGIN PKREQUESTMANAGER.CALLQUERY(46,'CLI0000002','abe','{}', '{abe}','{}', :cursor); END;
8/6/2017 11:28:2 47: LIBQUERY with Callback: 
8/6/2017 11:28:2 47: Path request:/api/environment/
8/6/2017 11:28:2 47: Path header:undefined
8/6/2017 11:28:2 47: Path query:{"USER_NAME":"abe"}
8/6/2017 11:28:2 47: BEGIN PKREQUESTMANAGER.CALLQUERY(47,'CLI0000003','abe','{}', '{abe}','{}', :cursor); END;
8/6/2017 11:28:2 47: 1 Object(s) returned... [FETCH]
8/6/2017 11:28:2 47: [object Object]
8/6/2017 11:28:2 47: 6 Object(s) returned... [FETCH]
8/6/2017 11:28:2 47: [object Object],[object Object],[object Object],[object Object],[object Object],[object Object]
8/6/2017 11:28:2 48: LIBQUERY with Callback: 
8/6/2017 11:28:2 48: Path request:/api/labels/
8/6/2017 11:28:2 48: Path header:undefined
8/6/2017 11:28:2 48: Path query:{}
8/6/2017 11:28:2 48: BEGIN PKREQUESTMANAGER.CALLQUERY(48,'LAB0000001','abe','{undefined}', '{undefined}','{}', :cursor); END;
8/6/2017 11:28:2 48: 36 Object(s) returned... [FETCH]
8/6/2017 11:28:2 48: [object Object],[object Object],[object Object],[object Object],[object Object],[object Object],[object Object],[object Object],[object Object],[object Object],[object Object],[object Object],[object Object],[object Object],[object Object],[object Object],[object Object],[object Object],[object Object],[object Object],[object Object],[object Object],[object Object],[object Object],[object Object],[object Object],[object Object],[object Object],[object Object],[object Object],[object Object],[object Object],[object Object],[object Object],[object Object],[object Object]
8/6/2017 11:29:42 49: LIBQUERY with Callback: 
8/6/2017 11:29:42 49: Path request:/api/authentification/
8/6/2017 11:29:42 49: Path header:undefined
8/6/2017 11:29:42 49: Path query:{}
8/6/2017 11:29:42 49: BEGIN PKREQUESTMANAGER.CALLQUERY(49,'ADM0000001','abe','{}', '{abe,abe}','{}', :cursor); END;
8/6/2017 11:29:42 49: 1 Object(s) returned... [FETCH]
8/6/2017 11:29:42 49: [object Object]
8/6/2017 11:29:42 50: LIBQUERY with Callback: 
8/6/2017 11:29:42 50: Path request:/api/user/
8/6/2017 11:29:42 50: Path header:undefined
8/6/2017 11:29:42 50: Path query:{"USER_NAME":"abe"}
8/6/2017 11:29:42 50: BEGIN PKREQUESTMANAGER.CALLQUERY(50,'CLI0000002','abe','{}', '{abe}','{}', :cursor); END;
8/6/2017 11:29:42 51: LIBQUERY with Callback: 
8/6/2017 11:29:42 51: Path request:/api/environment/
8/6/2017 11:29:42 51: Path header:undefined
8/6/2017 11:29:42 51: Path query:{"USER_NAME":"abe"}
8/6/2017 11:29:42 51: BEGIN PKREQUESTMANAGER.CALLQUERY(51,'CLI0000003','abe','{}', '{abe}','{}', :cursor); END;
8/6/2017 11:29:42 51: 1 Object(s) returned... [FETCH]
8/6/2017 11:29:42 51: [object Object]
8/6/2017 11:29:42 51: 6 Object(s) returned... [FETCH]
8/6/2017 11:29:42 51: [object Object],[object Object],[object Object],[object Object],[object Object],[object Object]
8/6/2017 11:29:42 52: LIBQUERY with Callback: 
8/6/2017 11:29:42 52: Path request:/api/labels/
8/6/2017 11:29:42 52: Path header:undefined
8/6/2017 11:29:42 52: Path query:{}
8/6/2017 11:29:42 52: BEGIN PKREQUESTMANAGER.CALLQUERY(52,'LAB0000001','abe','{undefined}', '{undefined}','{}', :cursor); END;
8/6/2017 11:29:42 52: 36 Object(s) returned... [FETCH]
8/6/2017 11:29:42 52: [object Object],[object Object],[object Object],[object Object],[object Object],[object Object],[object Object],[object Object],[object Object],[object Object],[object Object],[object Object],[object Object],[object Object],[object Object],[object Object],[object Object],[object Object],[object Object],[object Object],[object Object],[object Object],[object Object],[object Object],[object Object],[object Object],[object Object],[object Object],[object Object],[object Object],[object Object],[object Object],[object Object],[object Object],[object Object],[object Object]
8/6/2017 11:31:45 53: LIBQUERY with Callback: 
8/6/2017 11:31:45 53: Path request:/api/authentification/
8/6/2017 11:31:45 53: Path header:undefined
8/6/2017 11:31:45 53: Path query:{}
8/6/2017 11:31:45 53: BEGIN PKREQUESTMANAGER.CALLQUERY(53,'ADM0000001','abe','{}', '{abe,abe}','{}', :cursor); END;
8/6/2017 11:31:45 53: 1 Object(s) returned... [FETCH]
8/6/2017 11:31:45 53: [object Object]
8/6/2017 11:31:45 54: LIBQUERY with Callback: 
8/6/2017 11:31:45 54: Path request:/api/user/
8/6/2017 11:31:45 54: Path header:undefined
8/6/2017 11:31:45 54: Path query:{"USER_NAME":"abe"}
8/6/2017 11:31:45 54: BEGIN PKREQUESTMANAGER.CALLQUERY(54,'CLI0000002','abe','{}', '{abe}','{}', :cursor); END;
8/6/2017 11:31:45 55: LIBQUERY with Callback: 
8/6/2017 11:31:45 55: Path request:/api/environment/
8/6/2017 11:31:45 55: Path header:undefined
8/6/2017 11:31:45 55: Path query:{"USER_NAME":"abe"}
8/6/2017 11:31:45 55: BEGIN PKREQUESTMANAGER.CALLQUERY(55,'CLI0000003','abe','{}', '{abe}','{}', :cursor); END;
8/6/2017 11:31:45 55: 1 Object(s) returned... [FETCH]
8/6/2017 11:31:45 55: [object Object]
8/6/2017 11:31:45 55: 6 Object(s) returned... [FETCH]
8/6/2017 11:31:45 55: [object Object],[object Object],[object Object],[object Object],[object Object],[object Object]
8/6/2017 11:31:45 56: LIBQUERY with Callback: 
8/6/2017 11:31:45 56: Path request:/api/labels/
8/6/2017 11:31:45 56: Path header:undefined
8/6/2017 11:31:45 56: Path query:{}
8/6/2017 11:31:45 56: BEGIN PKREQUESTMANAGER.CALLQUERY(56,'LAB0000001','abe','{undefined}', '{undefined}','{}', :cursor); END;
8/6/2017 11:31:46 56: 36 Object(s) returned... [FETCH]
8/6/2017 11:31:46 56: [object Object],[object Object],[object Object],[object Object],[object Object],[object Object],[object Object],[object Object],[object Object],[object Object],[object Object],[object Object],[object Object],[object Object],[object Object],[object Object],[object Object],[object Object],[object Object],[object Object],[object Object],[object Object],[object Object],[object Object],[object Object],[object Object],[object Object],[object Object],[object Object],[object Object],[object Object],[object Object],[object Object],[object Object],[object Object],[object Object]
8/6/2017 11:35:46 57: LIBQUERY with Callback: 
8/6/2017 11:35:46 57: Path request:/api/authentification/
8/6/2017 11:35:46 57: Path header:undefined
8/6/2017 11:35:46 57: Path query:{}
8/6/2017 11:35:46 57: BEGIN PKREQUESTMANAGER.CALLQUERY(57,'ADM0000001','abe','{}', '{abe,abe}','{}', :cursor); END;
8/6/2017 11:35:46 57: 1 Object(s) returned... [FETCH]
8/6/2017 11:35:46 57: [object Object]
8/6/2017 11:35:46 58: LIBQUERY with Callback: 
8/6/2017 11:35:46 58: Path request:/api/user/
8/6/2017 11:35:46 58: Path header:undefined
8/6/2017 11:35:46 58: Path query:{"USER_NAME":"abe"}
8/6/2017 11:35:46 58: BEGIN PKREQUESTMANAGER.CALLQUERY(58,'CLI0000002','abe','{}', '{abe}','{}', :cursor); END;
8/6/2017 11:35:46 59: LIBQUERY with Callback: 
8/6/2017 11:35:46 59: Path request:/api/environment/
8/6/2017 11:35:46 59: Path header:undefined
8/6/2017 11:35:46 59: Path query:{"USER_NAME":"abe"}
8/6/2017 11:35:46 59: BEGIN PKREQUESTMANAGER.CALLQUERY(59,'CLI0000003','abe','{}', '{abe}','{}', :cursor); END;
8/6/2017 11:35:47 59: 1 Object(s) returned... [FETCH]
8/6/2017 11:35:47 59: [object Object]
8/6/2017 11:35:47 59: 6 Object(s) returned... [FETCH]
8/6/2017 11:35:47 59: [object Object],[object Object],[object Object],[object Object],[object Object],[object Object]
8/6/2017 11:35:47 60: LIBQUERY with Callback: 
8/6/2017 11:35:47 60: Path request:/api/labels/
8/6/2017 11:35:47 60: Path header:undefined
8/6/2017 11:35:47 60: Path query:{}
8/6/2017 11:35:47 60: BEGIN PKREQUESTMANAGER.CALLQUERY(60,'LAB0000001','abe','{undefined}', '{undefined}','{}', :cursor); END;
8/6/2017 11:35:47 60: 36 Object(s) returned... [FETCH]
8/6/2017 11:35:47 60: [object Object],[object Object],[object Object],[object Object],[object Object],[object Object],[object Object],[object Object],[object Object],[object Object],[object Object],[object Object],[object Object],[object Object],[object Object],[object Object],[object Object],[object Object],[object Object],[object Object],[object Object],[object Object],[object Object],[object Object],[object Object],[object Object],[object Object],[object Object],[object Object],[object Object],[object Object],[object Object],[object Object],[object Object],[object Object],[object Object]
8/6/2017 11:35:47 61: LIBQUERY with Callback: 
8/6/2017 11:35:47 61: Path request:/api/authentification/
8/6/2017 11:35:47 61: Path header:undefined
8/6/2017 11:35:47 61: Path query:{}
8/6/2017 11:35:47 61: BEGIN PKREQUESTMANAGER.CALLQUERY(61,'ADM0000001','abe','{}', '{abe,abe}','{}', :cursor); END;
8/6/2017 11:35:47 61: 1 Object(s) returned... [FETCH]
8/6/2017 11:35:47 61: [object Object]
8/6/2017 11:35:47 62: LIBQUERY with Callback: 
8/6/2017 11:35:47 62: Path request:/api/user/
8/6/2017 11:35:47 62: Path header:undefined
8/6/2017 11:35:47 62: Path query:{"USER_NAME":"abe"}
8/6/2017 11:35:47 62: BEGIN PKREQUESTMANAGER.CALLQUERY(62,'CLI0000002','abe','{}', '{abe}','{}', :cursor); END;
8/6/2017 11:35:47 63: LIBQUERY with Callback: 
8/6/2017 11:35:47 63: Path request:/api/environment/
8/6/2017 11:35:47 63: Path header:undefined
8/6/2017 11:35:47 63: Path query:{"USER_NAME":"abe"}
8/6/2017 11:35:47 63: BEGIN PKREQUESTMANAGER.CALLQUERY(63,'CLI0000003','abe','{}', '{abe}','{}', :cursor); END;
8/6/2017 11:35:47 63: 1 Object(s) returned... [FETCH]
8/6/2017 11:35:47 63: [object Object]
8/6/2017 11:35:47 63: 6 Object(s) returned... [FETCH]
8/6/2017 11:35:47 63: [object Object],[object Object],[object Object],[object Object],[object Object],[object Object]
8/6/2017 11:35:47 64: LIBQUERY with Callback: 
8/6/2017 11:35:47 64: Path request:/api/labels/
8/6/2017 11:35:47 64: Path header:undefined
8/6/2017 11:35:47 64: Path query:{}
8/6/2017 11:35:47 64: BEGIN PKREQUESTMANAGER.CALLQUERY(64,'LAB0000001','abe','{undefined}', '{undefined}','{HN}', :cursor); END;
8/6/2017 11:35:47 64: 36 Object(s) returned... [FETCH]
8/6/2017 11:35:47 64: [object Object],[object Object],[object Object],[object Object],[object Object],[object Object],[object Object],[object Object],[object Object],[object Object],[object Object],[object Object],[object Object],[object Object],[object Object],[object Object],[object Object],[object Object],[object Object],[object Object],[object Object],[object Object],[object Object],[object Object],[object Object],[object Object],[object Object],[object Object],[object Object],[object Object],[object Object],[object Object],[object Object],[object Object],[object Object],[object Object]
8/6/2017 11:38:46 65: LIBQUERY with Callback: 
8/6/2017 11:38:46 65: Path request:/api/authentification/
8/6/2017 11:38:46 65: Path header:undefined
8/6/2017 11:38:46 65: Path query:{}
8/6/2017 11:38:46 65: BEGIN PKREQUESTMANAGER.CALLQUERY(65,'ADM0000001','abe','{}', '{abe,abe}','{}', :cursor); END;
8/6/2017 11:38:46 65: 1 Object(s) returned... [FETCH]
8/6/2017 11:38:46 65: [object Object]
8/6/2017 11:38:46 66: LIBQUERY with Callback: 
8/6/2017 11:38:46 66: Path request:/api/user/
8/6/2017 11:38:46 66: Path header:undefined
8/6/2017 11:38:46 66: Path query:{"USER_NAME":"abe"}
8/6/2017 11:38:46 66: BEGIN PKREQUESTMANAGER.CALLQUERY(66,'CLI0000002','abe','{}', '{abe}','{}', :cursor); END;
8/6/2017 11:38:46 67: LIBQUERY with Callback: 
8/6/2017 11:38:46 67: Path request:/api/environment/
8/6/2017 11:38:46 67: Path header:undefined
8/6/2017 11:38:46 67: Path query:{"USER_NAME":"abe"}
8/6/2017 11:38:46 67: BEGIN PKREQUESTMANAGER.CALLQUERY(67,'CLI0000003','abe','{}', '{abe}','{}', :cursor); END;
8/6/2017 11:38:47 67: 1 Object(s) returned... [FETCH]
8/6/2017 11:38:47 67: [object Object]
8/6/2017 11:38:47 67: 6 Object(s) returned... [FETCH]
8/6/2017 11:38:47 67: [object Object],[object Object],[object Object],[object Object],[object Object],[object Object]
8/6/2017 11:38:47 68: LIBQUERY with Callback: 
8/6/2017 11:38:47 68: Path request:/api/labels/
8/6/2017 11:38:47 68: Path header:undefined
8/6/2017 11:38:47 68: Path query:{}
8/6/2017 11:38:47 68: BEGIN PKREQUESTMANAGER.CALLQUERY(68,'LAB0000001','abe','{undefined}', '{undefined}','{}', :cursor); END;
8/6/2017 11:38:47 68: 36 Object(s) returned... [FETCH]
8/6/2017 11:38:47 68: [object Object],[object Object],[object Object],[object Object],[object Object],[object Object],[object Object],[object Object],[object Object],[object Object],[object Object],[object Object],[object Object],[object Object],[object Object],[object Object],[object Object],[object Object],[object Object],[object Object],[object Object],[object Object],[object Object],[object Object],[object Object],[object Object],[object Object],[object Object],[object Object],[object Object],[object Object],[object Object],[object Object],[object Object],[object Object],[object Object]
8/6/2017 11:47:41 69: LIBQUERY with Callback: 
8/6/2017 11:47:41 69: Path request:/api/authentification/
8/6/2017 11:47:41 69: Path header:undefined
8/6/2017 11:47:41 69: Path query:{}
8/6/2017 11:47:41 69: BEGIN PKREQUESTMANAGER.CALLQUERY(69,'ADM0000001','abe','{}', '{abe,abe}','{}', :cursor); END;
8/6/2017 11:47:41 69: 1 Object(s) returned... [FETCH]
8/6/2017 11:47:41 69: [object Object]
8/6/2017 11:47:41 70: LIBQUERY with Callback: 
8/6/2017 11:47:41 70: Path request:/api/user/
8/6/2017 11:47:41 70: Path header:undefined
8/6/2017 11:47:41 70: Path query:{"USER_NAME":"abe"}
8/6/2017 11:47:41 70: BEGIN PKREQUESTMANAGER.CALLQUERY(70,'CLI0000002','abe','{}', '{abe}','{}', :cursor); END;
8/6/2017 11:47:41 71: LIBQUERY with Callback: 
8/6/2017 11:47:41 71: Path request:/api/environment/
8/6/2017 11:47:41 71: Path header:undefined
8/6/2017 11:47:41 71: Path query:{"USER_NAME":"abe"}
8/6/2017 11:47:41 71: BEGIN PKREQUESTMANAGER.CALLQUERY(71,'CLI0000003','abe','{}', '{abe}','{}', :cursor); END;
8/6/2017 11:47:41 71: 1 Object(s) returned... [FETCH]
8/6/2017 11:47:41 71: [object Object]
8/6/2017 11:47:41 71: 6 Object(s) returned... [FETCH]
8/6/2017 11:47:41 71: [object Object],[object Object],[object Object],[object Object],[object Object],[object Object]
8/6/2017 11:47:41 72: LIBQUERY with Callback: 
8/6/2017 11:47:41 72: Path request:/api/labels/
8/6/2017 11:47:41 72: Path header:undefined
8/6/2017 11:47:41 72: Path query:{}
8/6/2017 11:47:41 72: BEGIN PKREQUESTMANAGER.CALLQUERY(72,'LAB0000001','abe','{undefined}', '{undefined}','{}', :cursor); END;
8/6/2017 11:47:41 72: 36 Object(s) returned... [FETCH]
8/6/2017 11:47:41 72: [object Object],[object Object],[object Object],[object Object],[object Object],[object Object],[object Object],[object Object],[object Object],[object Object],[object Object],[object Object],[object Object],[object Object],[object Object],[object Object],[object Object],[object Object],[object Object],[object Object],[object Object],[object Object],[object Object],[object Object],[object Object],[object Object],[object Object],[object Object],[object Object],[object Object],[object Object],[object Object],[object Object],[object Object],[object Object],[object Object]
8/6/2017 11:53:48 73: LIBQUERY with Callback: 
8/6/2017 11:53:48 73: Path request:/api/authentification/
8/6/2017 11:53:48 73: Path header:undefined
8/6/2017 11:53:48 73: Path query:{}
8/6/2017 11:53:48 73: BEGIN PKREQUESTMANAGER.CALLQUERY(73,'ADM0000001','abe','{}', '{abe,abe}','{}', :cursor); END;
8/6/2017 11:53:48 73: 1 Object(s) returned... [FETCH]
8/6/2017 11:53:48 73: [object Object]
8/6/2017 11:53:48 74: LIBQUERY with Callback: 
8/6/2017 11:53:48 74: Path request:/api/user/
8/6/2017 11:53:48 74: Path header:undefined
8/6/2017 11:53:48 74: Path query:{"USER_NAME":"abe"}
8/6/2017 11:53:48 74: BEGIN PKREQUESTMANAGER.CALLQUERY(74,'CLI0000002','abe','{}', '{abe}','{}', :cursor); END;
8/6/2017 11:53:48 75: LIBQUERY with Callback: 
8/6/2017 11:53:48 75: Path request:/api/environment/
8/6/2017 11:53:48 75: Path header:undefined
8/6/2017 11:53:48 75: Path query:{"USER_NAME":"abe"}
8/6/2017 11:53:48 75: BEGIN PKREQUESTMANAGER.CALLQUERY(75,'CLI0000003','abe','{}', '{abe}','{}', :cursor); END;
8/6/2017 11:53:48 75: 1 Object(s) returned... [FETCH]
8/6/2017 11:53:48 75: [object Object]
8/6/2017 11:53:48 75: 6 Object(s) returned... [FETCH]
8/6/2017 11:53:48 75: [object Object],[object Object],[object Object],[object Object],[object Object],[object Object]
8/6/2017 11:53:48 76: LIBQUERY with Callback: 
8/6/2017 11:53:48 76: Path request:/api/labels/
8/6/2017 11:53:48 76: Path header:undefined
8/6/2017 11:53:48 76: Path query:{}
8/6/2017 11:53:48 76: BEGIN PKREQUESTMANAGER.CALLQUERY(76,'LAB0000001','abe','{undefined}', '{undefined}','{}', :cursor); END;
8/6/2017 11:53:48 76: 36 Object(s) returned... [FETCH]
8/6/2017 11:53:48 76: [object Object],[object Object],[object Object],[object Object],[object Object],[object Object],[object Object],[object Object],[object Object],[object Object],[object Object],[object Object],[object Object],[object Object],[object Object],[object Object],[object Object],[object Object],[object Object],[object Object],[object Object],[object Object],[object Object],[object Object],[object Object],[object Object],[object Object],[object Object],[object Object],[object Object],[object Object],[object Object],[object Object],[object Object],[object Object],[object Object]
8/6/2017 11:53:49 77: LIBQUERY with Callback: 
8/6/2017 11:53:49 77: Path request:/api/authentification/
8/6/2017 11:53:49 77: Path header:undefined
8/6/2017 11:53:49 77: Path query:{}
8/6/2017 11:53:49 77: BEGIN PKREQUESTMANAGER.CALLQUERY(77,'ADM0000001','abe','{}', '{abe,abe}','{}', :cursor); END;
8/6/2017 11:53:49 77: 1 Object(s) returned... [FETCH]
8/6/2017 11:53:49 77: [object Object]
8/6/2017 11:53:49 78: LIBQUERY with Callback: 
8/6/2017 11:53:49 78: Path request:/api/user/
8/6/2017 11:53:49 78: Path header:undefined
8/6/2017 11:53:49 78: Path query:{"USER_NAME":"abe"}
8/6/2017 11:53:49 78: BEGIN PKREQUESTMANAGER.CALLQUERY(78,'CLI0000002','abe','{}', '{abe}','{}', :cursor); END;
8/6/2017 11:53:49 79: LIBQUERY with Callback: 
8/6/2017 11:53:49 79: Path request:/api/environment/
8/6/2017 11:53:49 79: Path header:undefined
8/6/2017 11:53:49 79: Path query:{"USER_NAME":"abe"}
8/6/2017 11:53:49 79: BEGIN PKREQUESTMANAGER.CALLQUERY(79,'CLI0000003','abe','{}', '{abe}','{}', :cursor); END;
8/6/2017 11:53:49 79: 1 Object(s) returned... [FETCH]
8/6/2017 11:53:49 79: [object Object]
8/6/2017 11:53:49 79: 6 Object(s) returned... [FETCH]
8/6/2017 11:53:49 79: [object Object],[object Object],[object Object],[object Object],[object Object],[object Object]
8/6/2017 11:53:49 80: LIBQUERY with Callback: 
8/6/2017 11:53:49 80: Path request:/api/labels/
8/6/2017 11:53:49 80: Path header:undefined
8/6/2017 11:53:49 80: Path query:{}
8/6/2017 11:53:49 80: BEGIN PKREQUESTMANAGER.CALLQUERY(80,'LAB0000001','abe','{undefined}', '{undefined}','{HN}', :cursor); END;
8/6/2017 11:53:49 80: 36 Object(s) returned... [FETCH]
8/6/2017 11:53:49 80: [object Object],[object Object],[object Object],[object Object],[object Object],[object Object],[object Object],[object Object],[object Object],[object Object],[object Object],[object Object],[object Object],[object Object],[object Object],[object Object],[object Object],[object Object],[object Object],[object Object],[object Object],[object Object],[object Object],[object Object],[object Object],[object Object],[object Object],[object Object],[object Object],[object Object],[object Object],[object Object],[object Object],[object Object],[object Object],[object Object]
8/6/2017 11:59:12 81: LIBQUERY with Callback: 
8/6/2017 11:59:12 81: Path request:/api/authentification/
8/6/2017 11:59:12 81: Path header:undefined
8/6/2017 11:59:12 81: Path query:{}
8/6/2017 11:59:12 81: BEGIN PKREQUESTMANAGER.CALLQUERY(81,'ADM0000001','abe','{}', '{abe,abe}','{}', :cursor); END;
8/6/2017 11:59:12 81: 1 Object(s) returned... [FETCH]
8/6/2017 11:59:12 81: [object Object]
8/6/2017 11:59:12 82: LIBQUERY with Callback: 
8/6/2017 11:59:12 82: Path request:/api/user/
8/6/2017 11:59:12 82: Path header:undefined
8/6/2017 11:59:12 82: Path query:{"USER_NAME":"abe"}
8/6/2017 11:59:12 82: BEGIN PKREQUESTMANAGER.CALLQUERY(82,'CLI0000002','abe','{}', '{abe}','{}', :cursor); END;
8/6/2017 11:59:12 83: LIBQUERY with Callback: 
8/6/2017 11:59:12 83: Path request:/api/environment/
8/6/2017 11:59:12 83: Path header:undefined
8/6/2017 11:59:12 83: Path query:{"USER_NAME":"abe"}
8/6/2017 11:59:12 83: BEGIN PKREQUESTMANAGER.CALLQUERY(83,'CLI0000003','abe','{}', '{abe}','{}', :cursor); END;
8/6/2017 11:59:12 83: 1 Object(s) returned... [FETCH]
8/6/2017 11:59:12 83: [object Object]
8/6/2017 11:59:12 83: 6 Object(s) returned... [FETCH]
8/6/2017 11:59:12 83: [object Object],[object Object],[object Object],[object Object],[object Object],[object Object]
8/6/2017 11:59:13 84: LIBQUERY with Callback: 
8/6/2017 11:59:13 84: Path request:/api/labels/
8/6/2017 11:59:13 84: Path header:undefined
8/6/2017 11:59:13 84: Path query:{}
8/6/2017 11:59:13 84: BEGIN PKREQUESTMANAGER.CALLQUERY(84,'LAB0000001','abe','{undefined}', '{undefined}','{}', :cursor); END;
8/6/2017 11:59:13 84: 36 Object(s) returned... [FETCH]
8/6/2017 11:59:13 84: [object Object],[object Object],[object Object],[object Object],[object Object],[object Object],[object Object],[object Object],[object Object],[object Object],[object Object],[object Object],[object Object],[object Object],[object Object],[object Object],[object Object],[object Object],[object Object],[object Object],[object Object],[object Object],[object Object],[object Object],[object Object],[object Object],[object Object],[object Object],[object Object],[object Object],[object Object],[object Object],[object Object],[object Object],[object Object],[object Object]
8/6/2017 11:59:13 85: LIBQUERY with Callback: 
8/6/2017 11:59:13 85: Path request:/api/authentification/
8/6/2017 11:59:13 85: Path header:undefined
8/6/2017 11:59:13 85: Path query:{}
8/6/2017 11:59:13 85: BEGIN PKREQUESTMANAGER.CALLQUERY(85,'ADM0000001','abe','{}', '{abe,abe}','{}', :cursor); END;
8/6/2017 11:59:13 85: 1 Object(s) returned... [FETCH]
8/6/2017 11:59:13 85: [object Object]
8/6/2017 11:59:13 86: LIBQUERY with Callback: 
8/6/2017 11:59:13 86: Path request:/api/user/
8/6/2017 11:59:13 86: Path header:undefined
8/6/2017 11:59:13 86: Path query:{"USER_NAME":"abe"}
8/6/2017 11:59:13 86: BEGIN PKREQUESTMANAGER.CALLQUERY(86,'CLI0000002','abe','{}', '{abe}','{}', :cursor); END;
8/6/2017 11:59:13 87: LIBQUERY with Callback: 
8/6/2017 11:59:13 87: Path request:/api/environment/
8/6/2017 11:59:13 87: Path header:undefined
8/6/2017 11:59:13 87: Path query:{"USER_NAME":"abe"}
8/6/2017 11:59:13 87: BEGIN PKREQUESTMANAGER.CALLQUERY(87,'CLI0000003','abe','{}', '{abe}','{}', :cursor); END;
8/6/2017 11:59:13 87: 1 Object(s) returned... [FETCH]
8/6/2017 11:59:13 87: [object Object]
8/6/2017 11:59:13 87: 6 Object(s) returned... [FETCH]
8/6/2017 11:59:13 87: [object Object],[object Object],[object Object],[object Object],[object Object],[object Object]
8/6/2017 11:59:14 88: LIBQUERY with Callback: 
8/6/2017 11:59:14 88: Path request:/api/labels/
8/6/2017 11:59:14 88: Path header:undefined
8/6/2017 11:59:14 88: Path query:{}
8/6/2017 11:59:14 88: BEGIN PKREQUESTMANAGER.CALLQUERY(88,'LAB0000001','abe','{undefined}', '{undefined}','{}', :cursor); END;
8/6/2017 11:59:14 88: 36 Object(s) returned... [FETCH]
8/6/2017 11:59:14 88: [object Object],[object Object],[object Object],[object Object],[object Object],[object Object],[object Object],[object Object],[object Object],[object Object],[object Object],[object Object],[object Object],[object Object],[object Object],[object Object],[object Object],[object Object],[object Object],[object Object],[object Object],[object Object],[object Object],[object Object],[object Object],[object Object],[object Object],[object Object],[object Object],[object Object],[object Object],[object Object],[object Object],[object Object],[object Object],[object Object]
8/6/2017 12:9:47 89: LIBQUERY with Callback: 
8/6/2017 12:9:47 89: Path request:/api/authentification/
8/6/2017 12:9:47 89: Path header:undefined
8/6/2017 12:9:47 89: Path query:{}
8/6/2017 12:9:47 89: BEGIN PKREQUESTMANAGER.CALLQUERY(89,'ADM0000001','abe','{}', '{abe,abe}','{}', :cursor); END;
8/6/2017 12:9:48 89: 1 Object(s) returned... [FETCH]
8/6/2017 12:9:48 89: [object Object]
8/6/2017 12:9:48 90: LIBQUERY with Callback: 
8/6/2017 12:9:48 90: Path request:/api/user/
8/6/2017 12:9:48 90: Path header:undefined
8/6/2017 12:9:48 90: Path query:{"USER_NAME":"abe"}
8/6/2017 12:9:48 90: BEGIN PKREQUESTMANAGER.CALLQUERY(90,'CLI0000002','abe','{}', '{abe}','{}', :cursor); END;
8/6/2017 12:9:48 91: LIBQUERY with Callback: 
8/6/2017 12:9:48 91: Path request:/api/environment/
8/6/2017 12:9:48 91: Path header:undefined
8/6/2017 12:9:48 91: Path query:{"USER_NAME":"abe"}
8/6/2017 12:9:48 91: BEGIN PKREQUESTMANAGER.CALLQUERY(91,'CLI0000003','abe','{}', '{abe}','{}', :cursor); END;
8/6/2017 12:9:48 91: 1 Object(s) returned... [FETCH]
8/6/2017 12:9:48 91: [object Object]
8/6/2017 12:9:48 91: 6 Object(s) returned... [FETCH]
8/6/2017 12:9:48 91: [object Object],[object Object],[object Object],[object Object],[object Object],[object Object]
8/6/2017 12:9:48 92: LIBQUERY with Callback: 
8/6/2017 12:9:48 92: Path request:/api/labels/
8/6/2017 12:9:48 92: Path header:undefined
8/6/2017 12:9:48 92: Path query:{}
8/6/2017 12:9:48 92: BEGIN PKREQUESTMANAGER.CALLQUERY(92,'LAB0000001','abe','{undefined}', '{undefined}','{HN}', :cursor); END;
8/6/2017 12:9:48 92: 36 Object(s) returned... [FETCH]
8/6/2017 12:9:48 92: [object Object],[object Object],[object Object],[object Object],[object Object],[object Object],[object Object],[object Object],[object Object],[object Object],[object Object],[object Object],[object Object],[object Object],[object Object],[object Object],[object Object],[object Object],[object Object],[object Object],[object Object],[object Object],[object Object],[object Object],[object Object],[object Object],[object Object],[object Object],[object Object],[object Object],[object Object],[object Object],[object Object],[object Object],[object Object],[object Object]
8/6/2017 12:11:8 93: LIBQUERY with Callback: 
8/6/2017 12:11:8 93: Path request:/api/authentification/
8/6/2017 12:11:8 93: Path header:undefined
8/6/2017 12:11:8 93: Path query:{}
8/6/2017 12:11:8 93: BEGIN PKREQUESTMANAGER.CALLQUERY(93,'ADM0000001','abe','{}', '{abe,abe}','{}', :cursor); END;
8/6/2017 12:11:8 93: 1 Object(s) returned... [FETCH]
8/6/2017 12:11:8 93: [object Object]
8/6/2017 12:11:8 94: LIBQUERY with Callback: 
8/6/2017 12:11:8 94: Path request:/api/user/
8/6/2017 12:11:8 94: Path header:undefined
8/6/2017 12:11:8 94: Path query:{"USER_NAME":"abe"}
8/6/2017 12:11:8 94: BEGIN PKREQUESTMANAGER.CALLQUERY(94,'CLI0000002','abe','{}', '{abe}','{}', :cursor); END;
8/6/2017 12:11:8 95: LIBQUERY with Callback: 
8/6/2017 12:11:8 95: Path request:/api/environment/
8/6/2017 12:11:8 95: Path header:undefined
8/6/2017 12:11:8 95: Path query:{"USER_NAME":"abe"}
8/6/2017 12:11:8 95: BEGIN PKREQUESTMANAGER.CALLQUERY(95,'CLI0000003','abe','{}', '{abe}','{}', :cursor); END;
8/6/2017 12:11:8 95: 1 Object(s) returned... [FETCH]
8/6/2017 12:11:8 95: [object Object]
8/6/2017 12:11:8 95: 6 Object(s) returned... [FETCH]
8/6/2017 12:11:8 95: [object Object],[object Object],[object Object],[object Object],[object Object],[object Object]
8/6/2017 12:11:9 96: LIBQUERY with Callback: 
8/6/2017 12:11:9 96: Path request:/api/labels/
8/6/2017 12:11:9 96: Path header:undefined
8/6/2017 12:11:9 96: Path query:{}
8/6/2017 12:11:9 96: BEGIN PKREQUESTMANAGER.CALLQUERY(96,'LAB0000001','abe','{undefined}', '{undefined}','{}', :cursor); END;
8/6/2017 12:11:9 96: 36 Object(s) returned... [FETCH]
8/6/2017 12:11:9 96: [object Object],[object Object],[object Object],[object Object],[object Object],[object Object],[object Object],[object Object],[object Object],[object Object],[object Object],[object Object],[object Object],[object Object],[object Object],[object Object],[object Object],[object Object],[object Object],[object Object],[object Object],[object Object],[object Object],[object Object],[object Object],[object Object],[object Object],[object Object],[object Object],[object Object],[object Object],[object Object],[object Object],[object Object],[object Object],[object Object]
