6/8/2017 20:19:52 2: ********* Resulset 2222 *********** : {"metaData":[{"name":"USERID"},{"name":"USERFNAME"},{"name":"USERLNAME"},{"name":"USEREMAIL"},{"name":"USERMOBILE"}]}
6/8/2017 20:20:50 2: ********* Resulset 2222 *********** : {"metaData":[{"name":"USERID"},{"name":"USERFNAME"},{"name":"USERLNAME"},{"name":"USEREMAIL"},{"name":"USERMOBILE"}]}
6/8/2017 20:20:50 2: ********* Resulset 2222 *********** : {"metaData":[{"name":"USERID"},{"name":"USERFNAME"},{"name":"USERLNAME"},{"name":"USEREMAIL"},{"name":"USERMOBILE"}]}
6/8/2017 20:21:10 2: ********* Resulset 2222 *********** : {"metaData":[{"name":"USERID"},{"name":"USERFNAME"},{"name":"USERLNAME"},{"name":"USEREMAIL"},{"name":"USERMOBILE"}]}
6/8/2017 20:21:10 2: ********* Resulset 2222 *********** : {"metaData":[{"name":"USERID"},{"name":"USERFNAME"},{"name":"USERLNAME"},{"name":"USEREMAIL"},{"name":"USERMOBILE"}]}
6/8/2017 20:22:17 2: ********* Resulset 2222 *********** : {"metaData":[{"name":"USERID"},{"name":"USERFNAME"},{"name":"USERLNAME"},{"name":"USEREMAIL"},{"name":"USERMOBILE"}]}
6/8/2017 20:22:17 5: ********* Resulset 2222 *********** : {"metaData":[{"name":"USERID"},{"name":"USERFNAME"},{"name":"USERLNAME"},{"name":"USEREMAIL"},{"name":"USERMOBILE"}]}
6/8/2017 20:22:17 5: ********* Resulset 2222 *********** : {"metaData":[{"name":"USERID"},{"name":"USERCORPID"},{"name":"USERPASS"},{"name":"USERAUTH"},{"name":"USERLANG"},{"name":"USERPROF"},{"name":"USERAPPLI"},{"name":"USERFNAME"},{"name":"USERLNAME"},{"name":"USEREMAIL"},{"name":"USERMOBILE"},{"name":"USERTEAM"},{"name":"USERACTIVE"},{"name":"USERDCRE"},{"name":"USERDMAJ"},{"name":"USERUTIL"},{"name":"USERTYPE"}]}
6/8/2017 20:22:17 6: ********* Resulset 2222 *********** : {"metaData":[{"name":"LEVEL"},{"name":"ENVID"},{"name":"ENVCORPID"},{"name":"ENVCODE"},{"name":"ENVTYPE"},{"name":"ENVACTIVE"},{"name":"ENVSDESC"},{"name":"ENVLDESC"},{"name":"ENVDBTYPE"},{"name":"ENVIP"},{"name":"ENVPORT"},{"name":"ENVUSER"},{"name":"ENVPASSWORD"},{"name":"ENVSOURCE"},{"name":"ENVDBLINK"},{"name":"ENVDEFAULT"},{"name":"ENVDCRE"},{"name":"ENVDMAJ"},{"name":"ENVUTIL"},{"name":"ENVVERSION"},{"name":"ENVDEFLANG"}]}
6/8/2017 20:22:17 6: ********* Resulset 2222 *********** : {"metaData":[{"name":"LABID"},{"name":"LABTYPE"},{"name":"LABDESC"},{"name":"LABLANG"},{"name":"LABDCRE"},{"name":"LABDMAJ"},{"name":"LABUTIL"}]}
6/8/2017 20:22:17 6: ********* Resulset 2222 *********** : {"metaData":[{"name":"USERID"},{"name":"USERCORPID"},{"name":"USERPASS"},{"name":"USERAUTH"},{"name":"USERLANG"},{"name":"USERPROF"},{"name":"USERAPPLI"},{"name":"USERFNAME"},{"name":"USERLNAME"},{"name":"USEREMAIL"},{"name":"USERMOBILE"},{"name":"USERTEAM"},{"name":"USERACTIVE"},{"name":"USERDCRE"},{"name":"USERDMAJ"},{"name":"USERUTIL"},{"name":"USERTYPE"}]}
6/8/2017 20:22:17 8: ********* Resulset 2222 *********** : {"metaData":[{"name":"LEVEL"},{"name":"ENVID"},{"name":"ENVCORPID"},{"name":"ENVCODE"},{"name":"ENVTYPE"},{"name":"ENVACTIVE"},{"name":"ENVSDESC"},{"name":"ENVLDESC"},{"name":"ENVDBTYPE"},{"name":"ENVIP"},{"name":"ENVPORT"},{"name":"ENVUSER"},{"name":"ENVPASSWORD"},{"name":"ENVSOURCE"},{"name":"ENVDBLINK"},{"name":"ENVDEFAULT"},{"name":"ENVDCRE"},{"name":"ENVDMAJ"},{"name":"ENVUTIL"},{"name":"ENVVERSION"},{"name":"ENVDEFLANG"}]}
6/8/2017 20:22:17 8: ********* Resulset 2222 *********** : {"metaData":[{"name":"LABID"},{"name":"LABTYPE"},{"name":"LABDESC"},{"name":"LABLANG"},{"name":"LABDCRE"},{"name":"LABDMAJ"},{"name":"LABUTIL"}]}
6/8/2017 20:22:39 10: ********* Resulset 2222 *********** : {"metaData":[{"name":"USERID"},{"name":"USERFNAME"},{"name":"USERLNAME"},{"name":"USEREMAIL"},{"name":"USERMOBILE"}]}
6/8/2017 20:22:39 10: ********* Resulset 2222 *********** : {"metaData":[{"name":"USERID"},{"name":"USERFNAME"},{"name":"USERLNAME"},{"name":"USEREMAIL"},{"name":"USERMOBILE"}]}
6/8/2017 20:22:39 13: ********* Resulset 2222 *********** : {"metaData":[{"name":"USERID"},{"name":"USERCORPID"},{"name":"USERPASS"},{"name":"USERAUTH"},{"name":"USERLANG"},{"name":"USERPROF"},{"name":"USERAPPLI"},{"name":"USERFNAME"},{"name":"USERLNAME"},{"name":"USEREMAIL"},{"name":"USERMOBILE"},{"name":"USERTEAM"},{"name":"USERACTIVE"},{"name":"USERDCRE"},{"name":"USERDMAJ"},{"name":"USERUTIL"},{"name":"USERTYPE"}]}
6/8/2017 20:22:39 13: ********* Resulset 2222 *********** : {"metaData":[{"name":"LEVEL"},{"name":"ENVID"},{"name":"ENVCORPID"},{"name":"ENVCODE"},{"name":"ENVTYPE"},{"name":"ENVACTIVE"},{"name":"ENVSDESC"},{"name":"ENVLDESC"},{"name":"ENVDBTYPE"},{"name":"ENVIP"},{"name":"ENVPORT"},{"name":"ENVUSER"},{"name":"ENVPASSWORD"},{"name":"ENVSOURCE"},{"name":"ENVDBLINK"},{"name":"ENVDEFAULT"},{"name":"ENVDCRE"},{"name":"ENVDMAJ"},{"name":"ENVUTIL"},{"name":"ENVVERSION"},{"name":"ENVDEFLANG"}]}
6/8/2017 20:22:39 15: ********* Resulset 2222 *********** : {"metaData":[{"name":"LABID"},{"name":"LABTYPE"},{"name":"LABDESC"},{"name":"LABLANG"},{"name":"LABDCRE"},{"name":"LABDMAJ"},{"name":"LABUTIL"}]}
6/8/2017 20:22:39 15: ********* Resulset 2222 *********** : {"metaData":[{"name":"USERID"},{"name":"USERCORPID"},{"name":"USERPASS"},{"name":"USERAUTH"},{"name":"USERLANG"},{"name":"USERPROF"},{"name":"USERAPPLI"},{"name":"USERFNAME"},{"name":"USERLNAME"},{"name":"USEREMAIL"},{"name":"USERMOBILE"},{"name":"USERTEAM"},{"name":"USERACTIVE"},{"name":"USERDCRE"},{"name":"USERDMAJ"},{"name":"USERUTIL"},{"name":"USERTYPE"}]}
6/8/2017 20:22:39 16: ********* Resulset 2222 *********** : {"metaData":[{"name":"LEVEL"},{"name":"ENVID"},{"name":"ENVCORPID"},{"name":"ENVCODE"},{"name":"ENVTYPE"},{"name":"ENVACTIVE"},{"name":"ENVSDESC"},{"name":"ENVLDESC"},{"name":"ENVDBTYPE"},{"name":"ENVIP"},{"name":"ENVPORT"},{"name":"ENVUSER"},{"name":"ENVPASSWORD"},{"name":"ENVSOURCE"},{"name":"ENVDBLINK"},{"name":"ENVDEFAULT"},{"name":"ENVDCRE"},{"name":"ENVDMAJ"},{"name":"ENVUTIL"},{"name":"ENVVERSION"},{"name":"ENVDEFLANG"}]}
6/8/2017 20:22:39 16: ********* Resulset 2222 *********** : {"metaData":[{"name":"LABID"},{"name":"LABTYPE"},{"name":"LABDESC"},{"name":"LABLANG"},{"name":"LABDCRE"},{"name":"LABDMAJ"},{"name":"LABUTIL"}]}
6/8/2017 20:22:39 17: ********* Resulset 2222 *********** : {"metaData":[{"name":"LABID"},{"name":"LABTYPE"},{"name":"LABDESC"},{"name":"LABLANG"},{"name":"LABDCRE"},{"name":"LABDMAJ"},{"name":"LABUTIL"}]}
6/8/2017 20:22:48 19: ********* Resulset 2222 *********** : {"metaData":[{"name":"USERID"},{"name":"USERFNAME"},{"name":"USERLNAME"},{"name":"USEREMAIL"},{"name":"USERMOBILE"}]}
6/8/2017 20:22:48 19: ********* Resulset 2222 *********** : {"metaData":[{"name":"USERID"},{"name":"USERFNAME"},{"name":"USERLNAME"},{"name":"USEREMAIL"},{"name":"USERMOBILE"}]}
6/8/2017 20:22:48 22: ********* Resulset 2222 *********** : {"metaData":[{"name":"USERID"},{"name":"USERCORPID"},{"name":"USERPASS"},{"name":"USERAUTH"},{"name":"USERLANG"},{"name":"USERPROF"},{"name":"USERAPPLI"},{"name":"USERFNAME"},{"name":"USERLNAME"},{"name":"USEREMAIL"},{"name":"USERMOBILE"},{"name":"USERTEAM"},{"name":"USERACTIVE"},{"name":"USERDCRE"},{"name":"USERDMAJ"},{"name":"USERUTIL"},{"name":"USERTYPE"}]}
6/8/2017 20:22:48 22: ********* Resulset 2222 *********** : {"metaData":[{"name":"LEVEL"},{"name":"ENVID"},{"name":"ENVCORPID"},{"name":"ENVCODE"},{"name":"ENVTYPE"},{"name":"ENVACTIVE"},{"name":"ENVSDESC"},{"name":"ENVLDESC"},{"name":"ENVDBTYPE"},{"name":"ENVIP"},{"name":"ENVPORT"},{"name":"ENVUSER"},{"name":"ENVPASSWORD"},{"name":"ENVSOURCE"},{"name":"ENVDBLINK"},{"name":"ENVDEFAULT"},{"name":"ENVDCRE"},{"name":"ENVDMAJ"},{"name":"ENVUTIL"},{"name":"ENVVERSION"},{"name":"ENVDEFLANG"}]}
6/8/2017 20:22:48 24: ********* Resulset 2222 *********** : {"metaData":[{"name":"LABID"},{"name":"LABTYPE"},{"name":"LABDESC"},{"name":"LABLANG"},{"name":"LABDCRE"},{"name":"LABDMAJ"},{"name":"LABUTIL"}]}
6/8/2017 20:22:48 25: ********* Resulset 2222 *********** : {"metaData":[{"name":"USERID"},{"name":"USERCORPID"},{"name":"USERPASS"},{"name":"USERAUTH"},{"name":"USERLANG"},{"name":"USERPROF"},{"name":"USERAPPLI"},{"name":"USERFNAME"},{"name":"USERLNAME"},{"name":"USEREMAIL"},{"name":"USERMOBILE"},{"name":"USERTEAM"},{"name":"USERACTIVE"},{"name":"USERDCRE"},{"name":"USERDMAJ"},{"name":"USERUTIL"},{"name":"USERTYPE"}]}
6/8/2017 20:22:48 25: ********* Resulset 2222 *********** : {"metaData":[{"name":"LEVEL"},{"name":"ENVID"},{"name":"ENVCORPID"},{"name":"ENVCODE"},{"name":"ENVTYPE"},{"name":"ENVACTIVE"},{"name":"ENVSDESC"},{"name":"ENVLDESC"},{"name":"ENVDBTYPE"},{"name":"ENVIP"},{"name":"ENVPORT"},{"name":"ENVUSER"},{"name":"ENVPASSWORD"},{"name":"ENVSOURCE"},{"name":"ENVDBLINK"},{"name":"ENVDEFAULT"},{"name":"ENVDCRE"},{"name":"ENVDMAJ"},{"name":"ENVUTIL"},{"name":"ENVVERSION"},{"name":"ENVDEFLANG"}]}
6/8/2017 20:22:48 25: ********* Resulset 2222 *********** : {"metaData":[{"name":"LABID"},{"name":"LABTYPE"},{"name":"LABDESC"},{"name":"LABLANG"},{"name":"LABDCRE"},{"name":"LABDMAJ"},{"name":"LABUTIL"}]}
6/8/2017 20:22:48 26: ********* Resulset 2222 *********** : {"metaData":[{"name":"LABID"},{"name":"LABTYPE"},{"name":"LABDESC"},{"name":"LABLANG"},{"name":"LABDCRE"},{"name":"LABDMAJ"},{"name":"LABUTIL"}]}
6/8/2017 20:22:49 27: ********* Resulset 2222 *********** : {"metaData":[{"name":"LABID"},{"name":"LABTYPE"},{"name":"LABDESC"},{"name":"LABLANG"},{"name":"LABDCRE"},{"name":"LABDMAJ"},{"name":"LABUTIL"}]}
6/8/2017 20:23:7 2: ********* Resulset 2222 *********** : {"metaData":[{"name":"USERID"},{"name":"USERFNAME"},{"name":"USERLNAME"},{"name":"USEREMAIL"},{"name":"USERMOBILE"}]}
6/8/2017 20:23:7 2: ********* Resulset 2222 *********** : {"metaData":[{"name":"USERID"},{"name":"USERFNAME"},{"name":"USERLNAME"},{"name":"USEREMAIL"},{"name":"USERMOBILE"}]}
6/8/2017 20:23:7 5: ********* Resulset 2222 *********** : {"metaData":[{"name":"USERID"},{"name":"USERCORPID"},{"name":"USERPASS"},{"name":"USERAUTH"},{"name":"USERLANG"},{"name":"USERPROF"},{"name":"USERAPPLI"},{"name":"USERFNAME"},{"name":"USERLNAME"},{"name":"USEREMAIL"},{"name":"USERMOBILE"},{"name":"USERTEAM"},{"name":"USERACTIVE"},{"name":"USERDCRE"},{"name":"USERDMAJ"},{"name":"USERUTIL"},{"name":"USERTYPE"}]}
6/8/2017 20:23:7 5: ********* Resulset 2222 *********** : {"metaData":[{"name":"LEVEL"},{"name":"ENVID"},{"name":"ENVCORPID"},{"name":"ENVCODE"},{"name":"ENVTYPE"},{"name":"ENVACTIVE"},{"name":"ENVSDESC"},{"name":"ENVLDESC"},{"name":"ENVDBTYPE"},{"name":"ENVIP"},{"name":"ENVPORT"},{"name":"ENVUSER"},{"name":"ENVPASSWORD"},{"name":"ENVSOURCE"},{"name":"ENVDBLINK"},{"name":"ENVDEFAULT"},{"name":"ENVDCRE"},{"name":"ENVDMAJ"},{"name":"ENVUTIL"},{"name":"ENVVERSION"},{"name":"ENVDEFLANG"}]}
6/8/2017 20:23:7 5: ********* Resulset 2222 *********** : {"metaData":[{"name":"LABID"},{"name":"LABTYPE"},{"name":"LABDESC"},{"name":"LABLANG"},{"name":"LABDCRE"},{"name":"LABDMAJ"},{"name":"LABUTIL"}]}
6/8/2017 20:23:7 8: ********* Resulset 2222 *********** : {"metaData":[{"name":"USERID"},{"name":"USERCORPID"},{"name":"USERPASS"},{"name":"USERAUTH"},{"name":"USERLANG"},{"name":"USERPROF"},{"name":"USERAPPLI"},{"name":"USERFNAME"},{"name":"USERLNAME"},{"name":"USEREMAIL"},{"name":"USERMOBILE"},{"name":"USERTEAM"},{"name":"USERACTIVE"},{"name":"USERDCRE"},{"name":"USERDMAJ"},{"name":"USERUTIL"},{"name":"USERTYPE"}]}
6/8/2017 20:23:7 8: ********* Resulset 2222 *********** : {"metaData":[{"name":"LEVEL"},{"name":"ENVID"},{"name":"ENVCORPID"},{"name":"ENVCODE"},{"name":"ENVTYPE"},{"name":"ENVACTIVE"},{"name":"ENVSDESC"},{"name":"ENVLDESC"},{"name":"ENVDBTYPE"},{"name":"ENVIP"},{"name":"ENVPORT"},{"name":"ENVUSER"},{"name":"ENVPASSWORD"},{"name":"ENVSOURCE"},{"name":"ENVDBLINK"},{"name":"ENVDEFAULT"},{"name":"ENVDCRE"},{"name":"ENVDMAJ"},{"name":"ENVUTIL"},{"name":"ENVVERSION"},{"name":"ENVDEFLANG"}]}
6/8/2017 20:23:7 8: ********* Resulset 2222 *********** : {"metaData":[{"name":"LABID"},{"name":"LABTYPE"},{"name":"LABDESC"},{"name":"LABLANG"},{"name":"LABDCRE"},{"name":"LABDMAJ"},{"name":"LABUTIL"}]}
6/8/2017 20:23:7 9: ********* Resulset 2222 *********** : {"metaData":[{"name":"LABID"},{"name":"LABTYPE"},{"name":"LABDESC"},{"name":"LABLANG"},{"name":"LABDCRE"},{"name":"LABDMAJ"},{"name":"LABUTIL"}]}
6/8/2017 20:23:8 10: ********* Resulset 2222 *********** : {"metaData":[{"name":"LABID"},{"name":"LABTYPE"},{"name":"LABDESC"},{"name":"LABLANG"},{"name":"LABDCRE"},{"name":"LABDMAJ"},{"name":"LABUTIL"}]}
6/8/2017 20:23:14 12: ********* Resulset 2222 *********** : {"metaData":[{"name":"USERID"},{"name":"USERFNAME"},{"name":"USERLNAME"},{"name":"USEREMAIL"},{"name":"USERMOBILE"}]}
6/8/2017 20:23:14 12: ********* Resulset 2222 *********** : {"metaData":[{"name":"USERID"},{"name":"USERFNAME"},{"name":"USERLNAME"},{"name":"USEREMAIL"},{"name":"USERMOBILE"}]}
6/8/2017 20:23:14 15: ********* Resulset 2222 *********** : {"metaData":[{"name":"USERID"},{"name":"USERCORPID"},{"name":"USERPASS"},{"name":"USERAUTH"},{"name":"USERLANG"},{"name":"USERPROF"},{"name":"USERAPPLI"},{"name":"USERFNAME"},{"name":"USERLNAME"},{"name":"USEREMAIL"},{"name":"USERMOBILE"},{"name":"USERTEAM"},{"name":"USERACTIVE"},{"name":"USERDCRE"},{"name":"USERDMAJ"},{"name":"USERUTIL"},{"name":"USERTYPE"}]}
6/8/2017 20:23:14 15: ********* Resulset 2222 *********** : {"metaData":[{"name":"LEVEL"},{"name":"ENVID"},{"name":"ENVCORPID"},{"name":"ENVCODE"},{"name":"ENVTYPE"},{"name":"ENVACTIVE"},{"name":"ENVSDESC"},{"name":"ENVLDESC"},{"name":"ENVDBTYPE"},{"name":"ENVIP"},{"name":"ENVPORT"},{"name":"ENVUSER"},{"name":"ENVPASSWORD"},{"name":"ENVSOURCE"},{"name":"ENVDBLINK"},{"name":"ENVDEFAULT"},{"name":"ENVDCRE"},{"name":"ENVDMAJ"},{"name":"ENVUTIL"},{"name":"ENVVERSION"},{"name":"ENVDEFLANG"}]}
6/8/2017 20:23:14 16: ********* Resulset 2222 *********** : {"metaData":[{"name":"LABID"},{"name":"LABTYPE"},{"name":"LABDESC"},{"name":"LABLANG"},{"name":"LABDCRE"},{"name":"LABDMAJ"},{"name":"LABUTIL"}]}
6/8/2017 20:23:14 18: ********* Resulset 2222 *********** : {"metaData":[{"name":"USERID"},{"name":"USERCORPID"},{"name":"USERPASS"},{"name":"USERAUTH"},{"name":"USERLANG"},{"name":"USERPROF"},{"name":"USERAPPLI"},{"name":"USERFNAME"},{"name":"USERLNAME"},{"name":"USEREMAIL"},{"name":"USERMOBILE"},{"name":"USERTEAM"},{"name":"USERACTIVE"},{"name":"USERDCRE"},{"name":"USERDMAJ"},{"name":"USERUTIL"},{"name":"USERTYPE"}]}
6/8/2017 20:23:14 18: ********* Resulset 2222 *********** : {"metaData":[{"name":"LEVEL"},{"name":"ENVID"},{"name":"ENVCORPID"},{"name":"ENVCODE"},{"name":"ENVTYPE"},{"name":"ENVACTIVE"},{"name":"ENVSDESC"},{"name":"ENVLDESC"},{"name":"ENVDBTYPE"},{"name":"ENVIP"},{"name":"ENVPORT"},{"name":"ENVUSER"},{"name":"ENVPASSWORD"},{"name":"ENVSOURCE"},{"name":"ENVDBLINK"},{"name":"ENVDEFAULT"},{"name":"ENVDCRE"},{"name":"ENVDMAJ"},{"name":"ENVUTIL"},{"name":"ENVVERSION"},{"name":"ENVDEFLANG"}]}
6/8/2017 20:23:14 18: ********* Resulset 2222 *********** : {"metaData":[{"name":"LABID"},{"name":"LABTYPE"},{"name":"LABDESC"},{"name":"LABLANG"},{"name":"LABDCRE"},{"name":"LABDMAJ"},{"name":"LABUTIL"}]}
6/8/2017 20:23:14 19: ********* Resulset 2222 *********** : {"metaData":[{"name":"LABID"},{"name":"LABTYPE"},{"name":"LABDESC"},{"name":"LABLANG"},{"name":"LABDCRE"},{"name":"LABDMAJ"},{"name":"LABUTIL"}]}
6/8/2017 20:23:15 20: ********* Resulset 2222 *********** : {"metaData":[{"name":"LABID"},{"name":"LABTYPE"},{"name":"LABDESC"},{"name":"LABLANG"},{"name":"LABDCRE"},{"name":"LABDMAJ"},{"name":"LABUTIL"}]}
6/8/2017 20:23:18 22: ********* Resulset 2222 *********** : {"metaData":[{"name":"USERID"},{"name":"USERFNAME"},{"name":"USERLNAME"},{"name":"USEREMAIL"},{"name":"USERMOBILE"}]}
6/8/2017 20:23:18 22: ********* Resulset 2222 *********** : {"metaData":[{"name":"USERID"},{"name":"USERFNAME"},{"name":"USERLNAME"},{"name":"USEREMAIL"},{"name":"USERMOBILE"}]}
6/8/2017 20:23:18 25: ********* Resulset 2222 *********** : {"metaData":[{"name":"USERID"},{"name":"USERCORPID"},{"name":"USERPASS"},{"name":"USERAUTH"},{"name":"USERLANG"},{"name":"USERPROF"},{"name":"USERAPPLI"},{"name":"USERFNAME"},{"name":"USERLNAME"},{"name":"USEREMAIL"},{"name":"USERMOBILE"},{"name":"USERTEAM"},{"name":"USERACTIVE"},{"name":"USERDCRE"},{"name":"USERDMAJ"},{"name":"USERUTIL"},{"name":"USERTYPE"}]}
6/8/2017 20:23:18 26: ********* Resulset 2222 *********** : {"metaData":[{"name":"LABID"},{"name":"LABTYPE"},{"name":"LABDESC"},{"name":"LABLANG"},{"name":"LABDCRE"},{"name":"LABDMAJ"},{"name":"LABUTIL"}]}
6/8/2017 20:23:18 26: ********* Resulset 2222 *********** : {"metaData":[{"name":"LEVEL"},{"name":"ENVID"},{"name":"ENVCORPID"},{"name":"ENVCODE"},{"name":"ENVTYPE"},{"name":"ENVACTIVE"},{"name":"ENVSDESC"},{"name":"ENVLDESC"},{"name":"ENVDBTYPE"},{"name":"ENVIP"},{"name":"ENVPORT"},{"name":"ENVUSER"},{"name":"ENVPASSWORD"},{"name":"ENVSOURCE"},{"name":"ENVDBLINK"},{"name":"ENVDEFAULT"},{"name":"ENVDCRE"},{"name":"ENVDMAJ"},{"name":"ENVUTIL"},{"name":"ENVVERSION"},{"name":"ENVDEFLANG"}]}
6/8/2017 20:23:18 28: ********* Resulset 2222 *********** : {"metaData":[{"name":"USERID"},{"name":"USERCORPID"},{"name":"USERPASS"},{"name":"USERAUTH"},{"name":"USERLANG"},{"name":"USERPROF"},{"name":"USERAPPLI"},{"name":"USERFNAME"},{"name":"USERLNAME"},{"name":"USEREMAIL"},{"name":"USERMOBILE"},{"name":"USERTEAM"},{"name":"USERACTIVE"},{"name":"USERDCRE"},{"name":"USERDMAJ"},{"name":"USERUTIL"},{"name":"USERTYPE"}]}
6/8/2017 20:23:18 28: ********* Resulset 2222 *********** : {"metaData":[{"name":"LABID"},{"name":"LABTYPE"},{"name":"LABDESC"},{"name":"LABLANG"},{"name":"LABDCRE"},{"name":"LABDMAJ"},{"name":"LABUTIL"}]}
6/8/2017 20:23:18 29: ********* Resulset 2222 *********** : {"metaData":[{"name":"LEVEL"},{"name":"ENVID"},{"name":"ENVCORPID"},{"name":"ENVCODE"},{"name":"ENVTYPE"},{"name":"ENVACTIVE"},{"name":"ENVSDESC"},{"name":"ENVLDESC"},{"name":"ENVDBTYPE"},{"name":"ENVIP"},{"name":"ENVPORT"},{"name":"ENVUSER"},{"name":"ENVPASSWORD"},{"name":"ENVSOURCE"},{"name":"ENVDBLINK"},{"name":"ENVDEFAULT"},{"name":"ENVDCRE"},{"name":"ENVDMAJ"},{"name":"ENVUTIL"},{"name":"ENVVERSION"},{"name":"ENVDEFLANG"}]}
6/8/2017 20:23:18 29: ********* Resulset 2222 *********** : {"metaData":[{"name":"LABID"},{"name":"LABTYPE"},{"name":"LABDESC"},{"name":"LABLANG"},{"name":"LABDCRE"},{"name":"LABDMAJ"},{"name":"LABUTIL"}]}
6/8/2017 20:23:19 30: ********* Resulset 2222 *********** : {"metaData":[{"name":"LABID"},{"name":"LABTYPE"},{"name":"LABDESC"},{"name":"LABLANG"},{"name":"LABDCRE"},{"name":"LABDMAJ"},{"name":"LABUTIL"}]}
6/8/2017 20:23:22 32: ********* Resulset 2222 *********** : {"metaData":[{"name":"USERID"},{"name":"USERFNAME"},{"name":"USERLNAME"},{"name":"USEREMAIL"},{"name":"USERMOBILE"}]}
6/8/2017 20:23:22 32: ********* Resulset 2222 *********** : {"metaData":[{"name":"USERID"},{"name":"USERFNAME"},{"name":"USERLNAME"},{"name":"USEREMAIL"},{"name":"USERMOBILE"}]}
6/8/2017 20:23:22 35: ********* Resulset 2222 *********** : {"metaData":[{"name":"USERID"},{"name":"USERCORPID"},{"name":"USERPASS"},{"name":"USERAUTH"},{"name":"USERLANG"},{"name":"USERPROF"},{"name":"USERAPPLI"},{"name":"USERFNAME"},{"name":"USERLNAME"},{"name":"USEREMAIL"},{"name":"USERMOBILE"},{"name":"USERTEAM"},{"name":"USERACTIVE"},{"name":"USERDCRE"},{"name":"USERDMAJ"},{"name":"USERUTIL"},{"name":"USERTYPE"}]}
6/8/2017 20:23:22 36: ********* Resulset 2222 *********** : {"metaData":[{"name":"LEVEL"},{"name":"ENVID"},{"name":"ENVCORPID"},{"name":"ENVCODE"},{"name":"ENVTYPE"},{"name":"ENVACTIVE"},{"name":"ENVSDESC"},{"name":"ENVLDESC"},{"name":"ENVDBTYPE"},{"name":"ENVIP"},{"name":"ENVPORT"},{"name":"ENVUSER"},{"name":"ENVPASSWORD"},{"name":"ENVSOURCE"},{"name":"ENVDBLINK"},{"name":"ENVDEFAULT"},{"name":"ENVDCRE"},{"name":"ENVDMAJ"},{"name":"ENVUTIL"},{"name":"ENVVERSION"},{"name":"ENVDEFLANG"}]}
6/8/2017 20:23:22 37: ********* Resulset 2222 *********** : {"metaData":[{"name":"LABID"},{"name":"LABTYPE"},{"name":"LABDESC"},{"name":"LABLANG"},{"name":"LABDCRE"},{"name":"LABDMAJ"},{"name":"LABUTIL"}]}
6/8/2017 20:23:22 38: ********* Resulset 2222 *********** : {"metaData":[{"name":"USERID"},{"name":"USERCORPID"},{"name":"USERPASS"},{"name":"USERAUTH"},{"name":"USERLANG"},{"name":"USERPROF"},{"name":"USERAPPLI"},{"name":"USERFNAME"},{"name":"USERLNAME"},{"name":"USEREMAIL"},{"name":"USERMOBILE"},{"name":"USERTEAM"},{"name":"USERACTIVE"},{"name":"USERDCRE"},{"name":"USERDMAJ"},{"name":"USERUTIL"},{"name":"USERTYPE"}]}
6/8/2017 20:23:22 38: ********* Resulset 2222 *********** : {"metaData":[{"name":"LEVEL"},{"name":"ENVID"},{"name":"ENVCORPID"},{"name":"ENVCODE"},{"name":"ENVTYPE"},{"name":"ENVACTIVE"},{"name":"ENVSDESC"},{"name":"ENVLDESC"},{"name":"ENVDBTYPE"},{"name":"ENVIP"},{"name":"ENVPORT"},{"name":"ENVUSER"},{"name":"ENVPASSWORD"},{"name":"ENVSOURCE"},{"name":"ENVDBLINK"},{"name":"ENVDEFAULT"},{"name":"ENVDCRE"},{"name":"ENVDMAJ"},{"name":"ENVUTIL"},{"name":"ENVVERSION"},{"name":"ENVDEFLANG"}]}
6/8/2017 20:23:22 38: ********* Resulset 2222 *********** : {"metaData":[{"name":"LABID"},{"name":"LABTYPE"},{"name":"LABDESC"},{"name":"LABLANG"},{"name":"LABDCRE"},{"name":"LABDMAJ"},{"name":"LABUTIL"}]}
6/8/2017 20:23:22 39: ********* Resulset 2222 *********** : {"metaData":[{"name":"LABID"},{"name":"LABTYPE"},{"name":"LABDESC"},{"name":"LABLANG"},{"name":"LABDCRE"},{"name":"LABDMAJ"},{"name":"LABUTIL"}]}
6/8/2017 20:23:22 40: ********* Resulset 2222 *********** : {"metaData":[{"name":"LABID"},{"name":"LABTYPE"},{"name":"LABDESC"},{"name":"LABLANG"},{"name":"LABDCRE"},{"name":"LABDMAJ"},{"name":"LABUTIL"}]}
6/8/2017 20:23:25 42: ********* Resulset 2222 *********** : {"metaData":[{"name":"USERID"},{"name":"USERFNAME"},{"name":"USERLNAME"},{"name":"USEREMAIL"},{"name":"USERMOBILE"}]}
6/8/2017 20:23:25 45: ********* Resulset 2222 *********** : {"metaData":[{"name":"USERID"},{"name":"USERFNAME"},{"name":"USERLNAME"},{"name":"USEREMAIL"},{"name":"USERMOBILE"}]}
6/8/2017 20:23:25 45: ********* Resulset 2222 *********** : {"metaData":[{"name":"USERID"},{"name":"USERCORPID"},{"name":"USERPASS"},{"name":"USERAUTH"},{"name":"USERLANG"},{"name":"USERPROF"},{"name":"USERAPPLI"},{"name":"USERFNAME"},{"name":"USERLNAME"},{"name":"USEREMAIL"},{"name":"USERMOBILE"},{"name":"USERTEAM"},{"name":"USERACTIVE"},{"name":"USERDCRE"},{"name":"USERDMAJ"},{"name":"USERUTIL"},{"name":"USERTYPE"}]}
6/8/2017 20:23:25 46: ********* Resulset 2222 *********** : {"metaData":[{"name":"LEVEL"},{"name":"ENVID"},{"name":"ENVCORPID"},{"name":"ENVCODE"},{"name":"ENVTYPE"},{"name":"ENVACTIVE"},{"name":"ENVSDESC"},{"name":"ENVLDESC"},{"name":"ENVDBTYPE"},{"name":"ENVIP"},{"name":"ENVPORT"},{"name":"ENVUSER"},{"name":"ENVPASSWORD"},{"name":"ENVSOURCE"},{"name":"ENVDBLINK"},{"name":"ENVDEFAULT"},{"name":"ENVDCRE"},{"name":"ENVDMAJ"},{"name":"ENVUTIL"},{"name":"ENVVERSION"},{"name":"ENVDEFLANG"}]}
6/8/2017 20:23:25 46: ********* Resulset 2222 *********** : {"metaData":[{"name":"LABID"},{"name":"LABTYPE"},{"name":"LABDESC"},{"name":"LABLANG"},{"name":"LABDCRE"},{"name":"LABDMAJ"},{"name":"LABUTIL"}]}
6/8/2017 20:23:25 48: ********* Resulset 2222 *********** : {"metaData":[{"name":"USERID"},{"name":"USERCORPID"},{"name":"USERPASS"},{"name":"USERAUTH"},{"name":"USERLANG"},{"name":"USERPROF"},{"name":"USERAPPLI"},{"name":"USERFNAME"},{"name":"USERLNAME"},{"name":"USEREMAIL"},{"name":"USERMOBILE"},{"name":"USERTEAM"},{"name":"USERACTIVE"},{"name":"USERDCRE"},{"name":"USERDMAJ"},{"name":"USERUTIL"},{"name":"USERTYPE"}]}
6/8/2017 20:23:25 48: ********* Resulset 2222 *********** : {"metaData":[{"name":"LABID"},{"name":"LABTYPE"},{"name":"LABDESC"},{"name":"LABLANG"},{"name":"LABDCRE"},{"name":"LABDMAJ"},{"name":"LABUTIL"}]}
6/8/2017 20:23:25 48: ********* Resulset 2222 *********** : {"metaData":[{"name":"LEVEL"},{"name":"ENVID"},{"name":"ENVCORPID"},{"name":"ENVCODE"},{"name":"ENVTYPE"},{"name":"ENVACTIVE"},{"name":"ENVSDESC"},{"name":"ENVLDESC"},{"name":"ENVDBTYPE"},{"name":"ENVIP"},{"name":"ENVPORT"},{"name":"ENVUSER"},{"name":"ENVPASSWORD"},{"name":"ENVSOURCE"},{"name":"ENVDBLINK"},{"name":"ENVDEFAULT"},{"name":"ENVDCRE"},{"name":"ENVDMAJ"},{"name":"ENVUTIL"},{"name":"ENVVERSION"},{"name":"ENVDEFLANG"}]}
6/8/2017 20:23:25 49: ********* Resulset 2222 *********** : {"metaData":[{"name":"LABID"},{"name":"LABTYPE"},{"name":"LABDESC"},{"name":"LABLANG"},{"name":"LABDCRE"},{"name":"LABDMAJ"},{"name":"LABUTIL"}]}
6/8/2017 20:23:26 50: ********* Resulset 2222 *********** : {"metaData":[{"name":"LABID"},{"name":"LABTYPE"},{"name":"LABDESC"},{"name":"LABLANG"},{"name":"LABDCRE"},{"name":"LABDMAJ"},{"name":"LABUTIL"}]}
6/8/2017 20:23:28 52: ********* Resulset 2222 *********** : {"metaData":[{"name":"USERID"},{"name":"USERFNAME"},{"name":"USERLNAME"},{"name":"USEREMAIL"},{"name":"USERMOBILE"}]}
6/8/2017 20:23:28 52: ********* Resulset 2222 *********** : {"metaData":[{"name":"USERID"},{"name":"USERFNAME"},{"name":"USERLNAME"},{"name":"USEREMAIL"},{"name":"USERMOBILE"}]}
6/8/2017 20:23:29 55: ********* Resulset 2222 *********** : {"metaData":[{"name":"USERID"},{"name":"USERCORPID"},{"name":"USERPASS"},{"name":"USERAUTH"},{"name":"USERLANG"},{"name":"USERPROF"},{"name":"USERAPPLI"},{"name":"USERFNAME"},{"name":"USERLNAME"},{"name":"USEREMAIL"},{"name":"USERMOBILE"},{"name":"USERTEAM"},{"name":"USERACTIVE"},{"name":"USERDCRE"},{"name":"USERDMAJ"},{"name":"USERUTIL"},{"name":"USERTYPE"}]}
6/8/2017 20:23:29 56: ********* Resulset 2222 *********** : {"metaData":[{"name":"LEVEL"},{"name":"ENVID"},{"name":"ENVCORPID"},{"name":"ENVCODE"},{"name":"ENVTYPE"},{"name":"ENVACTIVE"},{"name":"ENVSDESC"},{"name":"ENVLDESC"},{"name":"ENVDBTYPE"},{"name":"ENVIP"},{"name":"ENVPORT"},{"name":"ENVUSER"},{"name":"ENVPASSWORD"},{"name":"ENVSOURCE"},{"name":"ENVDBLINK"},{"name":"ENVDEFAULT"},{"name":"ENVDCRE"},{"name":"ENVDMAJ"},{"name":"ENVUTIL"},{"name":"ENVVERSION"},{"name":"ENVDEFLANG"}]}
6/8/2017 20:23:29 56: ********* Resulset 2222 *********** : {"metaData":[{"name":"LABID"},{"name":"LABTYPE"},{"name":"LABDESC"},{"name":"LABLANG"},{"name":"LABDCRE"},{"name":"LABDMAJ"},{"name":"LABUTIL"}]}
6/8/2017 20:23:29 58: ********* Resulset 2222 *********** : {"metaData":[{"name":"USERID"},{"name":"USERCORPID"},{"name":"USERPASS"},{"name":"USERAUTH"},{"name":"USERLANG"},{"name":"USERPROF"},{"name":"USERAPPLI"},{"name":"USERFNAME"},{"name":"USERLNAME"},{"name":"USEREMAIL"},{"name":"USERMOBILE"},{"name":"USERTEAM"},{"name":"USERACTIVE"},{"name":"USERDCRE"},{"name":"USERDMAJ"},{"name":"USERUTIL"},{"name":"USERTYPE"}]}
6/8/2017 20:23:29 58: ********* Resulset 2222 *********** : {"metaData":[{"name":"LEVEL"},{"name":"ENVID"},{"name":"ENVCORPID"},{"name":"ENVCODE"},{"name":"ENVTYPE"},{"name":"ENVACTIVE"},{"name":"ENVSDESC"},{"name":"ENVLDESC"},{"name":"ENVDBTYPE"},{"name":"ENVIP"},{"name":"ENVPORT"},{"name":"ENVUSER"},{"name":"ENVPASSWORD"},{"name":"ENVSOURCE"},{"name":"ENVDBLINK"},{"name":"ENVDEFAULT"},{"name":"ENVDCRE"},{"name":"ENVDMAJ"},{"name":"ENVUTIL"},{"name":"ENVVERSION"},{"name":"ENVDEFLANG"}]}
6/8/2017 20:23:29 58: ********* Resulset 2222 *********** : {"metaData":[{"name":"LABID"},{"name":"LABTYPE"},{"name":"LABDESC"},{"name":"LABLANG"},{"name":"LABDCRE"},{"name":"LABDMAJ"},{"name":"LABUTIL"}]}
6/8/2017 20:23:29 59: ********* Resulset 2222 *********** : {"metaData":[{"name":"LABID"},{"name":"LABTYPE"},{"name":"LABDESC"},{"name":"LABLANG"},{"name":"LABDCRE"},{"name":"LABDMAJ"},{"name":"LABUTIL"}]}
6/8/2017 20:23:29 60: ********* Resulset 2222 *********** : {"metaData":[{"name":"LABID"},{"name":"LABTYPE"},{"name":"LABDESC"},{"name":"LABLANG"},{"name":"LABDCRE"},{"name":"LABDMAJ"},{"name":"LABUTIL"}]}
6/8/2017 20:23:33 62: ********* Resulset 2222 *********** : {"metaData":[{"name":"USERID"},{"name":"USERFNAME"},{"name":"USERLNAME"},{"name":"USEREMAIL"},{"name":"USERMOBILE"}]}
6/8/2017 20:23:33 64: ********* Resulset 2222 *********** : {"metaData":[{"name":"USERID"},{"name":"USERFNAME"},{"name":"USERLNAME"},{"name":"USEREMAIL"},{"name":"USERMOBILE"}]}
6/8/2017 20:23:33 65: ********* Resulset 2222 *********** : {"metaData":[{"name":"USERID"},{"name":"USERCORPID"},{"name":"USERPASS"},{"name":"USERAUTH"},{"name":"USERLANG"},{"name":"USERPROF"},{"name":"USERAPPLI"},{"name":"USERFNAME"},{"name":"USERLNAME"},{"name":"USEREMAIL"},{"name":"USERMOBILE"},{"name":"USERTEAM"},{"name":"USERACTIVE"},{"name":"USERDCRE"},{"name":"USERDMAJ"},{"name":"USERUTIL"},{"name":"USERTYPE"}]}
6/8/2017 20:23:33 65: ********* Resulset 2222 *********** : {"metaData":[{"name":"LEVEL"},{"name":"ENVID"},{"name":"ENVCORPID"},{"name":"ENVCODE"},{"name":"ENVTYPE"},{"name":"ENVACTIVE"},{"name":"ENVSDESC"},{"name":"ENVLDESC"},{"name":"ENVDBTYPE"},{"name":"ENVIP"},{"name":"ENVPORT"},{"name":"ENVUSER"},{"name":"ENVPASSWORD"},{"name":"ENVSOURCE"},{"name":"ENVDBLINK"},{"name":"ENVDEFAULT"},{"name":"ENVDCRE"},{"name":"ENVDMAJ"},{"name":"ENVUTIL"},{"name":"ENVVERSION"},{"name":"ENVDEFLANG"}]}
6/8/2017 20:23:33 66: ********* Resulset 2222 *********** : {"metaData":[{"name":"LABID"},{"name":"LABTYPE"},{"name":"LABDESC"},{"name":"LABLANG"},{"name":"LABDCRE"},{"name":"LABDMAJ"},{"name":"LABUTIL"}]}
6/8/2017 20:23:33 68: ********* Resulset 2222 *********** : {"metaData":[{"name":"USERID"},{"name":"USERCORPID"},{"name":"USERPASS"},{"name":"USERAUTH"},{"name":"USERLANG"},{"name":"USERPROF"},{"name":"USERAPPLI"},{"name":"USERFNAME"},{"name":"USERLNAME"},{"name":"USEREMAIL"},{"name":"USERMOBILE"},{"name":"USERTEAM"},{"name":"USERACTIVE"},{"name":"USERDCRE"},{"name":"USERDMAJ"},{"name":"USERUTIL"},{"name":"USERTYPE"}]}
6/8/2017 20:23:33 68: ********* Resulset 2222 *********** : {"metaData":[{"name":"LABID"},{"name":"LABTYPE"},{"name":"LABDESC"},{"name":"LABLANG"},{"name":"LABDCRE"},{"name":"LABDMAJ"},{"name":"LABUTIL"}]}
6/8/2017 20:23:34 69: ********* Resulset 2222 *********** : {"metaData":[{"name":"LEVEL"},{"name":"ENVID"},{"name":"ENVCORPID"},{"name":"ENVCODE"},{"name":"ENVTYPE"},{"name":"ENVACTIVE"},{"name":"ENVSDESC"},{"name":"ENVLDESC"},{"name":"ENVDBTYPE"},{"name":"ENVIP"},{"name":"ENVPORT"},{"name":"ENVUSER"},{"name":"ENVPASSWORD"},{"name":"ENVSOURCE"},{"name":"ENVDBLINK"},{"name":"ENVDEFAULT"},{"name":"ENVDCRE"},{"name":"ENVDMAJ"},{"name":"ENVUTIL"},{"name":"ENVVERSION"},{"name":"ENVDEFLANG"}]}
6/8/2017 20:23:34 69: ********* Resulset 2222 *********** : {"metaData":[{"name":"LABID"},{"name":"LABTYPE"},{"name":"LABDESC"},{"name":"LABLANG"},{"name":"LABDCRE"},{"name":"LABDMAJ"},{"name":"LABUTIL"}]}
6/8/2017 20:23:34 70: ********* Resulset 2222 *********** : {"metaData":[{"name":"LABID"},{"name":"LABTYPE"},{"name":"LABDESC"},{"name":"LABLANG"},{"name":"LABDCRE"},{"name":"LABDMAJ"},{"name":"LABUTIL"}]}
6/8/2017 20:23:40 72: ********* Resulset 2222 *********** : {"metaData":[{"name":"USERID"},{"name":"USERFNAME"},{"name":"USERLNAME"},{"name":"USEREMAIL"},{"name":"USERMOBILE"}]}
6/8/2017 20:23:40 72: ********* Resulset 2222 *********** : {"metaData":[{"name":"USERID"},{"name":"USERFNAME"},{"name":"USERLNAME"},{"name":"USEREMAIL"},{"name":"USERMOBILE"}]}
6/8/2017 20:23:40 75: ********* Resulset 2222 *********** : {"metaData":[{"name":"USERID"},{"name":"USERCORPID"},{"name":"USERPASS"},{"name":"USERAUTH"},{"name":"USERLANG"},{"name":"USERPROF"},{"name":"USERAPPLI"},{"name":"USERFNAME"},{"name":"USERLNAME"},{"name":"USEREMAIL"},{"name":"USERMOBILE"},{"name":"USERTEAM"},{"name":"USERACTIVE"},{"name":"USERDCRE"},{"name":"USERDMAJ"},{"name":"USERUTIL"},{"name":"USERTYPE"}]}
6/8/2017 20:23:40 75: ********* Resulset 2222 *********** : {"metaData":[{"name":"LEVEL"},{"name":"ENVID"},{"name":"ENVCORPID"},{"name":"ENVCODE"},{"name":"ENVTYPE"},{"name":"ENVACTIVE"},{"name":"ENVSDESC"},{"name":"ENVLDESC"},{"name":"ENVDBTYPE"},{"name":"ENVIP"},{"name":"ENVPORT"},{"name":"ENVUSER"},{"name":"ENVPASSWORD"},{"name":"ENVSOURCE"},{"name":"ENVDBLINK"},{"name":"ENVDEFAULT"},{"name":"ENVDCRE"},{"name":"ENVDMAJ"},{"name":"ENVUTIL"},{"name":"ENVVERSION"},{"name":"ENVDEFLANG"}]}
6/8/2017 20:23:40 77: ********* Resulset 2222 *********** : {"metaData":[{"name":"LABID"},{"name":"LABTYPE"},{"name":"LABDESC"},{"name":"LABLANG"},{"name":"LABDCRE"},{"name":"LABDMAJ"},{"name":"LABUTIL"}]}
6/8/2017 20:23:40 77: ********* Resulset 2222 *********** : {"metaData":[{"name":"USERID"},{"name":"USERCORPID"},{"name":"USERPASS"},{"name":"USERAUTH"},{"name":"USERLANG"},{"name":"USERPROF"},{"name":"USERAPPLI"},{"name":"USERFNAME"},{"name":"USERLNAME"},{"name":"USEREMAIL"},{"name":"USERMOBILE"},{"name":"USERTEAM"},{"name":"USERACTIVE"},{"name":"USERDCRE"},{"name":"USERDMAJ"},{"name":"USERUTIL"},{"name":"USERTYPE"}]}
6/8/2017 20:23:40 78: ********* Resulset 2222 *********** : {"metaData":[{"name":"LEVEL"},{"name":"ENVID"},{"name":"ENVCORPID"},{"name":"ENVCODE"},{"name":"ENVTYPE"},{"name":"ENVACTIVE"},{"name":"ENVSDESC"},{"name":"ENVLDESC"},{"name":"ENVDBTYPE"},{"name":"ENVIP"},{"name":"ENVPORT"},{"name":"ENVUSER"},{"name":"ENVPASSWORD"},{"name":"ENVSOURCE"},{"name":"ENVDBLINK"},{"name":"ENVDEFAULT"},{"name":"ENVDCRE"},{"name":"ENVDMAJ"},{"name":"ENVUTIL"},{"name":"ENVVERSION"},{"name":"ENVDEFLANG"}]}
6/8/2017 20:23:40 78: ********* Resulset 2222 *********** : {"metaData":[{"name":"LABID"},{"name":"LABTYPE"},{"name":"LABDESC"},{"name":"LABLANG"},{"name":"LABDCRE"},{"name":"LABDMAJ"},{"name":"LABUTIL"}]}
6/8/2017 20:23:40 79: ********* Resulset 2222 *********** : {"metaData":[{"name":"LABID"},{"name":"LABTYPE"},{"name":"LABDESC"},{"name":"LABLANG"},{"name":"LABDCRE"},{"name":"LABDMAJ"},{"name":"LABUTIL"}]}
6/8/2017 20:23:40 80: ********* Resulset 2222 *********** : {"metaData":[{"name":"LABID"},{"name":"LABTYPE"},{"name":"LABDESC"},{"name":"LABLANG"},{"name":"LABDCRE"},{"name":"LABDMAJ"},{"name":"LABUTIL"}]}
6/8/2017 20:23:44 82: ********* Resulset 2222 *********** : {"metaData":[{"name":"USERID"},{"name":"USERFNAME"},{"name":"USERLNAME"},{"name":"USEREMAIL"},{"name":"USERMOBILE"}]}
6/8/2017 20:23:44 82: ********* Resulset 2222 *********** : {"metaData":[{"name":"USERID"},{"name":"USERFNAME"},{"name":"USERLNAME"},{"name":"USEREMAIL"},{"name":"USERMOBILE"}]}
6/8/2017 20:23:44 85: ********* Resulset 2222 *********** : {"metaData":[{"name":"USERID"},{"name":"USERCORPID"},{"name":"USERPASS"},{"name":"USERAUTH"},{"name":"USERLANG"},{"name":"USERPROF"},{"name":"USERAPPLI"},{"name":"USERFNAME"},{"name":"USERLNAME"},{"name":"USEREMAIL"},{"name":"USERMOBILE"},{"name":"USERTEAM"},{"name":"USERACTIVE"},{"name":"USERDCRE"},{"name":"USERDMAJ"},{"name":"USERUTIL"},{"name":"USERTYPE"}]}
6/8/2017 20:23:44 85: ********* Resulset 2222 *********** : {"metaData":[{"name":"LEVEL"},{"name":"ENVID"},{"name":"ENVCORPID"},{"name":"ENVCODE"},{"name":"ENVTYPE"},{"name":"ENVACTIVE"},{"name":"ENVSDESC"},{"name":"ENVLDESC"},{"name":"ENVDBTYPE"},{"name":"ENVIP"},{"name":"ENVPORT"},{"name":"ENVUSER"},{"name":"ENVPASSWORD"},{"name":"ENVSOURCE"},{"name":"ENVDBLINK"},{"name":"ENVDEFAULT"},{"name":"ENVDCRE"},{"name":"ENVDMAJ"},{"name":"ENVUTIL"},{"name":"ENVVERSION"},{"name":"ENVDEFLANG"}]}
6/8/2017 20:23:44 87: ********* Resulset 2222 *********** : {"metaData":[{"name":"LABID"},{"name":"LABTYPE"},{"name":"LABDESC"},{"name":"LABLANG"},{"name":"LABDCRE"},{"name":"LABDMAJ"},{"name":"LABUTIL"}]}
6/8/2017 20:23:44 88: ********* Resulset 2222 *********** : {"metaData":[{"name":"USERID"},{"name":"USERCORPID"},{"name":"USERPASS"},{"name":"USERAUTH"},{"name":"USERLANG"},{"name":"USERPROF"},{"name":"USERAPPLI"},{"name":"USERFNAME"},{"name":"USERLNAME"},{"name":"USEREMAIL"},{"name":"USERMOBILE"},{"name":"USERTEAM"},{"name":"USERACTIVE"},{"name":"USERDCRE"},{"name":"USERDMAJ"},{"name":"USERUTIL"},{"name":"USERTYPE"}]}
6/8/2017 20:23:44 88: ********* Resulset 2222 *********** : {"metaData":[{"name":"LEVEL"},{"name":"ENVID"},{"name":"ENVCORPID"},{"name":"ENVCODE"},{"name":"ENVTYPE"},{"name":"ENVACTIVE"},{"name":"ENVSDESC"},{"name":"ENVLDESC"},{"name":"ENVDBTYPE"},{"name":"ENVIP"},{"name":"ENVPORT"},{"name":"ENVUSER"},{"name":"ENVPASSWORD"},{"name":"ENVSOURCE"},{"name":"ENVDBLINK"},{"name":"ENVDEFAULT"},{"name":"ENVDCRE"},{"name":"ENVDMAJ"},{"name":"ENVUTIL"},{"name":"ENVVERSION"},{"name":"ENVDEFLANG"}]}
6/8/2017 20:23:44 88: ********* Resulset 2222 *********** : {"metaData":[{"name":"LABID"},{"name":"LABTYPE"},{"name":"LABDESC"},{"name":"LABLANG"},{"name":"LABDCRE"},{"name":"LABDMAJ"},{"name":"LABUTIL"}]}
6/8/2017 20:23:44 89: ********* Resulset 2222 *********** : {"metaData":[{"name":"LABID"},{"name":"LABTYPE"},{"name":"LABDESC"},{"name":"LABLANG"},{"name":"LABDCRE"},{"name":"LABDMAJ"},{"name":"LABUTIL"}]}
6/8/2017 20:23:45 90: ********* Resulset 2222 *********** : {"metaData":[{"name":"LABID"},{"name":"LABTYPE"},{"name":"LABDESC"},{"name":"LABLANG"},{"name":"LABDCRE"},{"name":"LABDMAJ"},{"name":"LABUTIL"}]}
6/8/2017 20:23:48 92: ********* Resulset 2222 *********** : {"metaData":[{"name":"USERID"},{"name":"USERFNAME"},{"name":"USERLNAME"},{"name":"USEREMAIL"},{"name":"USERMOBILE"}]}
6/8/2017 20:23:48 92: ********* Resulset 2222 *********** : {"metaData":[{"name":"USERID"},{"name":"USERFNAME"},{"name":"USERLNAME"},{"name":"USEREMAIL"},{"name":"USERMOBILE"}]}
6/8/2017 20:23:48 95: ********* Resulset 2222 *********** : {"metaData":[{"name":"USERID"},{"name":"USERCORPID"},{"name":"USERPASS"},{"name":"USERAUTH"},{"name":"USERLANG"},{"name":"USERPROF"},{"name":"USERAPPLI"},{"name":"USERFNAME"},{"name":"USERLNAME"},{"name":"USEREMAIL"},{"name":"USERMOBILE"},{"name":"USERTEAM"},{"name":"USERACTIVE"},{"name":"USERDCRE"},{"name":"USERDMAJ"},{"name":"USERUTIL"},{"name":"USERTYPE"}]}
6/8/2017 20:23:48 95: ********* Resulset 2222 *********** : {"metaData":[{"name":"LEVEL"},{"name":"ENVID"},{"name":"ENVCORPID"},{"name":"ENVCODE"},{"name":"ENVTYPE"},{"name":"ENVACTIVE"},{"name":"ENVSDESC"},{"name":"ENVLDESC"},{"name":"ENVDBTYPE"},{"name":"ENVIP"},{"name":"ENVPORT"},{"name":"ENVUSER"},{"name":"ENVPASSWORD"},{"name":"ENVSOURCE"},{"name":"ENVDBLINK"},{"name":"ENVDEFAULT"},{"name":"ENVDCRE"},{"name":"ENVDMAJ"},{"name":"ENVUTIL"},{"name":"ENVVERSION"},{"name":"ENVDEFLANG"}]}
6/8/2017 20:23:48 97: ********* Resulset 2222 *********** : {"metaData":[{"name":"LABID"},{"name":"LABTYPE"},{"name":"LABDESC"},{"name":"LABLANG"},{"name":"LABDCRE"},{"name":"LABDMAJ"},{"name":"LABUTIL"}]}
6/8/2017 20:23:48 98: ********* Resulset 2222 *********** : {"metaData":[{"name":"LEVEL"},{"name":"ENVID"},{"name":"ENVCORPID"},{"name":"ENVCODE"},{"name":"ENVTYPE"},{"name":"ENVACTIVE"},{"name":"ENVSDESC"},{"name":"ENVLDESC"},{"name":"ENVDBTYPE"},{"name":"ENVIP"},{"name":"ENVPORT"},{"name":"ENVUSER"},{"name":"ENVPASSWORD"},{"name":"ENVSOURCE"},{"name":"ENVDBLINK"},{"name":"ENVDEFAULT"},{"name":"ENVDCRE"},{"name":"ENVDMAJ"},{"name":"ENVUTIL"},{"name":"ENVVERSION"},{"name":"ENVDEFLANG"}]}
6/8/2017 20:23:48 98: ********* Resulset 2222 *********** : {"metaData":[{"name":"USERID"},{"name":"USERCORPID"},{"name":"USERPASS"},{"name":"USERAUTH"},{"name":"USERLANG"},{"name":"USERPROF"},{"name":"USERAPPLI"},{"name":"USERFNAME"},{"name":"USERLNAME"},{"name":"USEREMAIL"},{"name":"USERMOBILE"},{"name":"USERTEAM"},{"name":"USERACTIVE"},{"name":"USERDCRE"},{"name":"USERDMAJ"},{"name":"USERUTIL"},{"name":"USERTYPE"}]}
6/8/2017 20:23:48 98: ********* Resulset 2222 *********** : {"metaData":[{"name":"LABID"},{"name":"LABTYPE"},{"name":"LABDESC"},{"name":"LABLANG"},{"name":"LABDCRE"},{"name":"LABDMAJ"},{"name":"LABUTIL"}]}
6/8/2017 20:23:48 99: ********* Resulset 2222 *********** : {"metaData":[{"name":"LABID"},{"name":"LABTYPE"},{"name":"LABDESC"},{"name":"LABLANG"},{"name":"LABDCRE"},{"name":"LABDMAJ"},{"name":"LABUTIL"}]}
6/8/2017 20:23:49 100: ********* Resulset 2222 *********** : {"metaData":[{"name":"LABID"},{"name":"LABTYPE"},{"name":"LABDESC"},{"name":"LABLANG"},{"name":"LABDCRE"},{"name":"LABDMAJ"},{"name":"LABUTIL"}]}
6/8/2017 20:23:52 102: ********* Resulset 2222 *********** : {"metaData":[{"name":"USERID"},{"name":"USERFNAME"},{"name":"USERLNAME"},{"name":"USEREMAIL"},{"name":"USERMOBILE"}]}
6/8/2017 20:23:52 102: ********* Resulset 2222 *********** : {"metaData":[{"name":"USERID"},{"name":"USERFNAME"},{"name":"USERLNAME"},{"name":"USEREMAIL"},{"name":"USERMOBILE"}]}
6/8/2017 20:23:52 105: ********* Resulset 2222 *********** : {"metaData":[{"name":"USERID"},{"name":"USERCORPID"},{"name":"USERPASS"},{"name":"USERAUTH"},{"name":"USERLANG"},{"name":"USERPROF"},{"name":"USERAPPLI"},{"name":"USERFNAME"},{"name":"USERLNAME"},{"name":"USEREMAIL"},{"name":"USERMOBILE"},{"name":"USERTEAM"},{"name":"USERACTIVE"},{"name":"USERDCRE"},{"name":"USERDMAJ"},{"name":"USERUTIL"},{"name":"USERTYPE"}]}
6/8/2017 20:23:52 106: ********* Resulset 2222 *********** : {"metaData":[{"name":"LEVEL"},{"name":"ENVID"},{"name":"ENVCORPID"},{"name":"ENVCODE"},{"name":"ENVTYPE"},{"name":"ENVACTIVE"},{"name":"ENVSDESC"},{"name":"ENVLDESC"},{"name":"ENVDBTYPE"},{"name":"ENVIP"},{"name":"ENVPORT"},{"name":"ENVUSER"},{"name":"ENVPASSWORD"},{"name":"ENVSOURCE"},{"name":"ENVDBLINK"},{"name":"ENVDEFAULT"},{"name":"ENVDCRE"},{"name":"ENVDMAJ"},{"name":"ENVUTIL"},{"name":"ENVVERSION"},{"name":"ENVDEFLANG"}]}
6/8/2017 20:23:52 106: ********* Resulset 2222 *********** : {"metaData":[{"name":"LABID"},{"name":"LABTYPE"},{"name":"LABDESC"},{"name":"LABLANG"},{"name":"LABDCRE"},{"name":"LABDMAJ"},{"name":"LABUTIL"}]}
6/8/2017 20:23:52 108: ********* Resulset 2222 *********** : {"metaData":[{"name":"USERID"},{"name":"USERCORPID"},{"name":"USERPASS"},{"name":"USERAUTH"},{"name":"USERLANG"},{"name":"USERPROF"},{"name":"USERAPPLI"},{"name":"USERFNAME"},{"name":"USERLNAME"},{"name":"USEREMAIL"},{"name":"USERMOBILE"},{"name":"USERTEAM"},{"name":"USERACTIVE"},{"name":"USERDCRE"},{"name":"USERDMAJ"},{"name":"USERUTIL"},{"name":"USERTYPE"}]}
6/8/2017 20:23:52 108: ********* Resulset 2222 *********** : {"metaData":[{"name":"LEVEL"},{"name":"ENVID"},{"name":"ENVCORPID"},{"name":"ENVCODE"},{"name":"ENVTYPE"},{"name":"ENVACTIVE"},{"name":"ENVSDESC"},{"name":"ENVLDESC"},{"name":"ENVDBTYPE"},{"name":"ENVIP"},{"name":"ENVPORT"},{"name":"ENVUSER"},{"name":"ENVPASSWORD"},{"name":"ENVSOURCE"},{"name":"ENVDBLINK"},{"name":"ENVDEFAULT"},{"name":"ENVDCRE"},{"name":"ENVDMAJ"},{"name":"ENVUTIL"},{"name":"ENVVERSION"},{"name":"ENVDEFLANG"}]}
6/8/2017 20:23:52 108: ********* Resulset 2222 *********** : {"metaData":[{"name":"LABID"},{"name":"LABTYPE"},{"name":"LABDESC"},{"name":"LABLANG"},{"name":"LABDCRE"},{"name":"LABDMAJ"},{"name":"LABUTIL"}]}
6/8/2017 20:23:52 109: ********* Resulset 2222 *********** : {"metaData":[{"name":"LABID"},{"name":"LABTYPE"},{"name":"LABDESC"},{"name":"LABLANG"},{"name":"LABDCRE"},{"name":"LABDMAJ"},{"name":"LABUTIL"}]}
6/8/2017 20:23:52 110: ********* Resulset 2222 *********** : {"metaData":[{"name":"LABID"},{"name":"LABTYPE"},{"name":"LABDESC"},{"name":"LABLANG"},{"name":"LABDCRE"},{"name":"LABDMAJ"},{"name":"LABUTIL"}]}
6/8/2017 20:23:55 112: ********* Resulset 2222 *********** : {"metaData":[{"name":"USERID"},{"name":"USERFNAME"},{"name":"USERLNAME"},{"name":"USEREMAIL"},{"name":"USERMOBILE"}]}
6/8/2017 20:23:55 112: ********* Resulset 2222 *********** : {"metaData":[{"name":"USERID"},{"name":"USERFNAME"},{"name":"USERLNAME"},{"name":"USEREMAIL"},{"name":"USERMOBILE"}]}
6/8/2017 20:23:55 115: ********* Resulset 2222 *********** : {"metaData":[{"name":"USERID"},{"name":"USERCORPID"},{"name":"USERPASS"},{"name":"USERAUTH"},{"name":"USERLANG"},{"name":"USERPROF"},{"name":"USERAPPLI"},{"name":"USERFNAME"},{"name":"USERLNAME"},{"name":"USEREMAIL"},{"name":"USERMOBILE"},{"name":"USERTEAM"},{"name":"USERACTIVE"},{"name":"USERDCRE"},{"name":"USERDMAJ"},{"name":"USERUTIL"},{"name":"USERTYPE"}]}
6/8/2017 20:23:56 116: ********* Resulset 2222 *********** : {"metaData":[{"name":"LEVEL"},{"name":"ENVID"},{"name":"ENVCORPID"},{"name":"ENVCODE"},{"name":"ENVTYPE"},{"name":"ENVACTIVE"},{"name":"ENVSDESC"},{"name":"ENVLDESC"},{"name":"ENVDBTYPE"},{"name":"ENVIP"},{"name":"ENVPORT"},{"name":"ENVUSER"},{"name":"ENVPASSWORD"},{"name":"ENVSOURCE"},{"name":"ENVDBLINK"},{"name":"ENVDEFAULT"},{"name":"ENVDCRE"},{"name":"ENVDMAJ"},{"name":"ENVUTIL"},{"name":"ENVVERSION"},{"name":"ENVDEFLANG"}]}
6/8/2017 20:23:56 116: ********* Resulset 2222 *********** : {"metaData":[{"name":"LABID"},{"name":"LABTYPE"},{"name":"LABDESC"},{"name":"LABLANG"},{"name":"LABDCRE"},{"name":"LABDMAJ"},{"name":"LABUTIL"}]}
6/8/2017 20:23:56 118: ********* Resulset 2222 *********** : {"metaData":[{"name":"USERID"},{"name":"USERCORPID"},{"name":"USERPASS"},{"name":"USERAUTH"},{"name":"USERLANG"},{"name":"USERPROF"},{"name":"USERAPPLI"},{"name":"USERFNAME"},{"name":"USERLNAME"},{"name":"USEREMAIL"},{"name":"USERMOBILE"},{"name":"USERTEAM"},{"name":"USERACTIVE"},{"name":"USERDCRE"},{"name":"USERDMAJ"},{"name":"USERUTIL"},{"name":"USERTYPE"}]}
6/8/2017 20:23:56 118: ********* Resulset 2222 *********** : {"metaData":[{"name":"LEVEL"},{"name":"ENVID"},{"name":"ENVCORPID"},{"name":"ENVCODE"},{"name":"ENVTYPE"},{"name":"ENVACTIVE"},{"name":"ENVSDESC"},{"name":"ENVLDESC"},{"name":"ENVDBTYPE"},{"name":"ENVIP"},{"name":"ENVPORT"},{"name":"ENVUSER"},{"name":"ENVPASSWORD"},{"name":"ENVSOURCE"},{"name":"ENVDBLINK"},{"name":"ENVDEFAULT"},{"name":"ENVDCRE"},{"name":"ENVDMAJ"},{"name":"ENVUTIL"},{"name":"ENVVERSION"},{"name":"ENVDEFLANG"}]}
6/8/2017 20:23:56 118: ********* Resulset 2222 *********** : {"metaData":[{"name":"LABID"},{"name":"LABTYPE"},{"name":"LABDESC"},{"name":"LABLANG"},{"name":"LABDCRE"},{"name":"LABDMAJ"},{"name":"LABUTIL"}]}
6/8/2017 20:23:56 119: ********* Resulset 2222 *********** : {"metaData":[{"name":"LABID"},{"name":"LABTYPE"},{"name":"LABDESC"},{"name":"LABLANG"},{"name":"LABDCRE"},{"name":"LABDMAJ"},{"name":"LABUTIL"}]}
6/8/2017 20:23:56 120: ********* Resulset 2222 *********** : {"metaData":[{"name":"LABID"},{"name":"LABTYPE"},{"name":"LABDESC"},{"name":"LABLANG"},{"name":"LABDCRE"},{"name":"LABDMAJ"},{"name":"LABUTIL"}]}
6/8/2017 20:24:8 122: ********* Resulset 2222 *********** : {"metaData":[{"name":"USERID"},{"name":"USERFNAME"},{"name":"USERLNAME"},{"name":"USEREMAIL"},{"name":"USERMOBILE"}]}
6/8/2017 20:24:8 123: ********* Resulset 2222 *********** : {"metaData":[{"name":"USERID"},{"name":"USERFNAME"},{"name":"USERLNAME"},{"name":"USEREMAIL"},{"name":"USERMOBILE"}]}
6/8/2017 20:24:8 125: ********* Resulset 2222 *********** : {"metaData":[{"name":"USERID"},{"name":"USERCORPID"},{"name":"USERPASS"},{"name":"USERAUTH"},{"name":"USERLANG"},{"name":"USERPROF"},{"name":"USERAPPLI"},{"name":"USERFNAME"},{"name":"USERLNAME"},{"name":"USEREMAIL"},{"name":"USERMOBILE"},{"name":"USERTEAM"},{"name":"USERACTIVE"},{"name":"USERDCRE"},{"name":"USERDMAJ"},{"name":"USERUTIL"},{"name":"USERTYPE"}]}
6/8/2017 20:24:8 126: ********* Resulset 2222 *********** : {"metaData":[{"name":"LABID"},{"name":"LABTYPE"},{"name":"LABDESC"},{"name":"LABLANG"},{"name":"LABDCRE"},{"name":"LABDMAJ"},{"name":"LABUTIL"}]}
6/8/2017 20:24:8 126: ********* Resulset 2222 *********** : {"metaData":[{"name":"LEVEL"},{"name":"ENVID"},{"name":"ENVCORPID"},{"name":"ENVCODE"},{"name":"ENVTYPE"},{"name":"ENVACTIVE"},{"name":"ENVSDESC"},{"name":"ENVLDESC"},{"name":"ENVDBTYPE"},{"name":"ENVIP"},{"name":"ENVPORT"},{"name":"ENVUSER"},{"name":"ENVPASSWORD"},{"name":"ENVSOURCE"},{"name":"ENVDBLINK"},{"name":"ENVDEFAULT"},{"name":"ENVDCRE"},{"name":"ENVDMAJ"},{"name":"ENVUTIL"},{"name":"ENVVERSION"},{"name":"ENVDEFLANG"}]}
6/8/2017 20:24:8 128: ********* Resulset 2222 *********** : {"metaData":[{"name":"USERID"},{"name":"USERCORPID"},{"name":"USERPASS"},{"name":"USERAUTH"},{"name":"USERLANG"},{"name":"USERPROF"},{"name":"USERAPPLI"},{"name":"USERFNAME"},{"name":"USERLNAME"},{"name":"USEREMAIL"},{"name":"USERMOBILE"},{"name":"USERTEAM"},{"name":"USERACTIVE"},{"name":"USERDCRE"},{"name":"USERDMAJ"},{"name":"USERUTIL"},{"name":"USERTYPE"}]}
6/8/2017 20:24:8 128: ********* Resulset 2222 *********** : {"metaData":[{"name":"LABID"},{"name":"LABTYPE"},{"name":"LABDESC"},{"name":"LABLANG"},{"name":"LABDCRE"},{"name":"LABDMAJ"},{"name":"LABUTIL"}]}
6/8/2017 20:24:8 128: ********* Resulset 2222 *********** : {"metaData":[{"name":"LEVEL"},{"name":"ENVID"},{"name":"ENVCORPID"},{"name":"ENVCODE"},{"name":"ENVTYPE"},{"name":"ENVACTIVE"},{"name":"ENVSDESC"},{"name":"ENVLDESC"},{"name":"ENVDBTYPE"},{"name":"ENVIP"},{"name":"ENVPORT"},{"name":"ENVUSER"},{"name":"ENVPASSWORD"},{"name":"ENVSOURCE"},{"name":"ENVDBLINK"},{"name":"ENVDEFAULT"},{"name":"ENVDCRE"},{"name":"ENVDMAJ"},{"name":"ENVUTIL"},{"name":"ENVVERSION"},{"name":"ENVDEFLANG"}]}
6/8/2017 20:24:8 129: ********* Resulset 2222 *********** : {"metaData":[{"name":"LABID"},{"name":"LABTYPE"},{"name":"LABDESC"},{"name":"LABLANG"},{"name":"LABDCRE"},{"name":"LABDMAJ"},{"name":"LABUTIL"}]}
6/8/2017 20:24:9 130: ********* Resulset 2222 *********** : {"metaData":[{"name":"LABID"},{"name":"LABTYPE"},{"name":"LABDESC"},{"name":"LABLANG"},{"name":"LABDCRE"},{"name":"LABDMAJ"},{"name":"LABUTIL"}]}
6/8/2017 20:24:29 132: ********* Resulset 2222 *********** : {"metaData":[{"name":"USERID"},{"name":"USERFNAME"},{"name":"USERLNAME"},{"name":"USEREMAIL"},{"name":"USERMOBILE"}]}
6/8/2017 20:24:29 135: ********* Resulset 2222 *********** : {"metaData":[{"name":"USERID"},{"name":"USERFNAME"},{"name":"USERLNAME"},{"name":"USEREMAIL"},{"name":"USERMOBILE"}]}
6/8/2017 20:24:30 135: ********* Resulset 2222 *********** : {"metaData":[{"name":"LEVEL"},{"name":"ENVID"},{"name":"ENVCORPID"},{"name":"ENVCODE"},{"name":"ENVTYPE"},{"name":"ENVACTIVE"},{"name":"ENVSDESC"},{"name":"ENVLDESC"},{"name":"ENVDBTYPE"},{"name":"ENVIP"},{"name":"ENVPORT"},{"name":"ENVUSER"},{"name":"ENVPASSWORD"},{"name":"ENVSOURCE"},{"name":"ENVDBLINK"},{"name":"ENVDEFAULT"},{"name":"ENVDCRE"},{"name":"ENVDMAJ"},{"name":"ENVUTIL"},{"name":"ENVVERSION"},{"name":"ENVDEFLANG"}]}
6/8/2017 20:24:30 136: ********* Resulset 2222 *********** : {"metaData":[{"name":"USERID"},{"name":"USERCORPID"},{"name":"USERPASS"},{"name":"USERAUTH"},{"name":"USERLANG"},{"name":"USERPROF"},{"name":"USERAPPLI"},{"name":"USERFNAME"},{"name":"USERLNAME"},{"name":"USEREMAIL"},{"name":"USERMOBILE"},{"name":"USERTEAM"},{"name":"USERACTIVE"},{"name":"USERDCRE"},{"name":"USERDMAJ"},{"name":"USERUTIL"},{"name":"USERTYPE"}]}
6/8/2017 20:24:31 137: ********* Resulset 2222 *********** : {"metaData":[{"name":"LABID"},{"name":"LABTYPE"},{"name":"LABDESC"},{"name":"LABLANG"},{"name":"LABDCRE"},{"name":"LABDMAJ"},{"name":"LABUTIL"}]}
6/8/2017 20:24:31 137: ********* Resulset 2222 *********** : {"metaData":[{"name":"LEVEL"},{"name":"ENVID"},{"name":"ENVCORPID"},{"name":"ENVCODE"},{"name":"ENVTYPE"},{"name":"ENVACTIVE"},{"name":"ENVSDESC"},{"name":"ENVLDESC"},{"name":"ENVDBTYPE"},{"name":"ENVIP"},{"name":"ENVPORT"},{"name":"ENVUSER"},{"name":"ENVPASSWORD"},{"name":"ENVSOURCE"},{"name":"ENVDBLINK"},{"name":"ENVDEFAULT"},{"name":"ENVDCRE"},{"name":"ENVDMAJ"},{"name":"ENVUTIL"},{"name":"ENVVERSION"},{"name":"ENVDEFLANG"}]}
6/8/2017 20:24:31 138: ********* Resulset 2222 *********** : {"metaData":[{"name":"USERID"},{"name":"USERCORPID"},{"name":"USERPASS"},{"name":"USERAUTH"},{"name":"USERLANG"},{"name":"USERPROF"},{"name":"USERAPPLI"},{"name":"USERFNAME"},{"name":"USERLNAME"},{"name":"USEREMAIL"},{"name":"USERMOBILE"},{"name":"USERTEAM"},{"name":"USERACTIVE"},{"name":"USERDCRE"},{"name":"USERDMAJ"},{"name":"USERUTIL"},{"name":"USERTYPE"}]}
6/8/2017 20:24:31 138: ********* Resulset 2222 *********** : {"metaData":[{"name":"LABID"},{"name":"LABTYPE"},{"name":"LABDESC"},{"name":"LABLANG"},{"name":"LABDCRE"},{"name":"LABDMAJ"},{"name":"LABUTIL"}]}
6/8/2017 20:24:31 139: ********* Resulset 2222 *********** : {"metaData":[{"name":"LABID"},{"name":"LABTYPE"},{"name":"LABDESC"},{"name":"LABLANG"},{"name":"LABDCRE"},{"name":"LABDMAJ"},{"name":"LABUTIL"}]}
6/8/2017 20:24:31 140: ********* Resulset 2222 *********** : {"metaData":[{"name":"LABID"},{"name":"LABTYPE"},{"name":"LABDESC"},{"name":"LABLANG"},{"name":"LABDCRE"},{"name":"LABDMAJ"},{"name":"LABUTIL"}]}
6/8/2017 20:24:35 142: ********* Resulset 2222 *********** : {"metaData":[{"name":"USERID"},{"name":"USERFNAME"},{"name":"USERLNAME"},{"name":"USEREMAIL"},{"name":"USERMOBILE"}]}
