3/23/2017 10:45:15 4: LIBQUERY with Callback: 
3/23/2017 10:45:15 4: Path request:/api/authentification/
3/23/2017 10:45:15 4: Path header:undefined
3/23/2017 10:45:15 4: Path query:{}
3/23/2017 10:45:15 4: BEGIN PKREQUESTMANAGER.CALLQUERY(4,'ADM0000001','admin','{}', '{admin,admin}','{}', :cursor); END;
3/23/2017 10:45:17 5: LIBQUERY with Callback: 
3/23/2017 10:45:17 5: Path request:/api/authentification/
3/23/2017 10:45:17 5: Path header:undefined
3/23/2017 10:45:17 5: Path query:{}
3/23/2017 10:45:17 5: BEGIN PKREQUESTMANAGER.CALLQUERY(5,'ADM0000001','admin','{}', '{admin,admin}','{}', :cursor); END;
3/23/2017 10:45:18 6: LIBQUERY with Callback: 
3/23/2017 10:45:18 6: Path request:/api/authentification/
3/23/2017 10:45:18 6: Path header:undefined
3/23/2017 10:45:18 6: Path query:{}
3/23/2017 10:45:18 6: BEGIN PKREQUESTMANAGER.CALLQUERY(6,'ADM0000001','admin','{}', '{admin,admin}','{}', :cursor); END;
3/23/2017 10:47:15 7: LIBQUERY with Callback: 
3/23/2017 10:47:15 7: Path request:/api/authentification/
3/23/2017 10:47:15 7: Path header:undefined
3/23/2017 10:47:15 7: Path query:{}
3/23/2017 10:47:15 7: BEGIN PKREQUESTMANAGER.CALLQUERY(7,'ADM0000001','admin','{}', '{admin,admin}','{}', :cursor); END;
3/23/2017 10:47:17 8: LIBQUERY with Callback: 
3/23/2017 10:47:17 8: Path request:/api/authentification/
3/23/2017 10:47:17 8: Path header:undefined
3/23/2017 10:47:17 8: Path query:{}
3/23/2017 10:47:17 8: BEGIN PKREQUESTMANAGER.CALLQUERY(8,'ADM0000001','admin','{}', '{admin,admin}','{}', :cursor); END;
3/23/2017 10:49:12 1: LIBQUERY with Callback: 
3/23/2017 10:49:12 1: Path request:/api/authentification/
3/23/2017 10:49:12 1: Path header:undefined
3/23/2017 10:49:12 1: Path query:{}
3/23/2017 10:49:12 1: BEGIN PKREQUESTMANAGER.CALLQUERY(1,'ADM0000001','admin','{}', '{admin,admin}','{}', :cursor); END;
3/23/2017 10:49:12 1: 1 Object(s) returned... [FETCH]
3/23/2017 10:49:12 1: [object Object]
3/23/2017 10:49:12 2: Path request:/api/user/
3/23/2017 10:49:12 2: Path query:{"USER_NAME":"admin"}
3/23/2017 10:49:12 2: BEGIN PKREQUESTMANAGER.CALLQUERY(2,'CLI0000002','admin','{}', '{admin}','{}', :cursor); END;
3/23/2017 10:49:12 3: Path request:/api/environment/
3/23/2017 10:49:12 3: Path query:{"USER_NAME":"admin"}
3/23/2017 10:49:12 3: BEGIN PKREQUESTMANAGER.CALLQUERY(3,'CLI0000003','admin','{}', '{admin}','{}', :cursor); END;
3/23/2017 10:49:12 2: 1 Object(s) returned... [FETCH]
3/23/2017 10:49:12 2: [object Object]
3/23/2017 10:49:12 3: 2 Object(s) returned... [FETCH]
3/23/2017 10:49:12 3: [object Object],[object Object]
3/23/2017 10:50:3 4: LIBQUERY with Callback: 
3/23/2017 10:50:3 4: Path request:/api/authentification/
3/23/2017 10:50:3 4: Path header:undefined
3/23/2017 10:50:3 4: Path query:{}
3/23/2017 10:50:3 4: BEGIN PKREQUESTMANAGER.CALLQUERY(4,'ADM0000001','admin','{}', '{admin,admin}','{}', :cursor); END;
3/23/2017 10:51:14 1: LIBQUERY with Callback: 
3/23/2017 10:51:14 1: Path request:/api/authentification/
3/23/2017 10:51:14 1: Path header:undefined
3/23/2017 10:51:14 1: Path query:{}
3/23/2017 10:51:14 1: BEGIN PKREQUESTMANAGER.CALLQUERY(1,'ADM0000001','admin','{}', '{admin,admin}','{}', :cursor); END;
3/23/2017 10:51:36 1: LIBQUERY with Callback: 
3/23/2017 10:51:36 1: Path request:/api/authentification/
3/23/2017 10:51:36 1: Path header:undefined
3/23/2017 10:51:36 1: Path query:{}
3/23/2017 10:51:36 1: BEGIN PKREQUESTMANAGER.CALLQUERY(1,'ADM0000001','admin','{}', '{admin,admin}','{}', :cursor); END;
3/23/2017 10:51:36 1: 1 Object(s) returned... [FETCH]
3/23/2017 10:51:36 1: [object Object]
3/23/2017 10:51:36 2: Path request:/api/user/
3/23/2017 10:51:36 2: Path query:{"USER_NAME":"admin"}
3/23/2017 10:51:36 2: BEGIN PKREQUESTMANAGER.CALLQUERY(2,'CLI0000002','admin','{}', '{admin}','{}', :cursor); END;
3/23/2017 10:51:36 3: Path request:/api/environment/
3/23/2017 10:51:36 3: Path query:{"USER_NAME":"admin"}
3/23/2017 10:51:36 3: BEGIN PKREQUESTMANAGER.CALLQUERY(3,'CLI0000003','admin','{}', '{admin}','{}', :cursor); END;
3/23/2017 10:51:36 2: 1 Object(s) returned... [FETCH]
3/23/2017 10:51:36 2: [object Object]
3/23/2017 10:51:36 3: 2 Object(s) returned... [FETCH]
3/23/2017 10:51:36 3: [object Object],[object Object]
3/23/2017 10:53:31 4: LIBQUERY with Callback: 
3/23/2017 10:53:31 4: Path request:/api/authentification/
3/23/2017 10:53:31 4: Path header:undefined
3/23/2017 10:53:31 4: Path query:{}
3/23/2017 10:53:31 4: BEGIN PKREQUESTMANAGER.CALLQUERY(4,'ADM0000001','admin','{}', '{admin,admin}','{}', :cursor); END;
3/23/2017 10:55:31 5: LIBQUERY with Callback: 
3/23/2017 10:55:31 5: Path request:/api/authentification/
3/23/2017 10:55:31 5: Path header:undefined
3/23/2017 10:55:31 5: Path query:{}
3/23/2017 10:55:31 5: BEGIN PKREQUESTMANAGER.CALLQUERY(5,'ADM0000001','admin','{}', '{admin,admin}','{}', :cursor); END;
3/23/2017 10:58:43 1: LIBQUERY with Callback: 
3/23/2017 10:58:43 1: Path request:/api/authentification/
3/23/2017 10:58:43 1: Path header:undefined
3/23/2017 10:58:43 1: Path query:{}
3/23/2017 10:58:43 1: BEGIN PKREQUESTMANAGER.CALLQUERY(1,'ADM0000001','admin','{}', '{admin,admin}','{}', :cursor); END;
3/23/2017 10:58:43 1: 1 Object(s) returned... [FETCH]
3/23/2017 10:58:43 1: [object Object]
3/23/2017 10:58:43 2: Path request:/api/user/
3/23/2017 10:58:43 2: Path query:{"USER_NAME":"admin"}
3/23/2017 10:58:43 2: BEGIN PKREQUESTMANAGER.CALLQUERY(2,'CLI0000002','admin','{}', '{admin}','{}', :cursor); END;
3/23/2017 10:58:43 3: Path request:/api/environment/
3/23/2017 10:58:43 3: Path query:{"USER_NAME":"admin"}
3/23/2017 10:58:43 3: BEGIN PKREQUESTMANAGER.CALLQUERY(3,'CLI0000003','admin','{}', '{admin}','{}', :cursor); END;
3/23/2017 10:58:43 2: 1 Object(s) returned... [FETCH]
3/23/2017 10:58:43 2: [object Object]
3/23/2017 10:58:43 3: 2 Object(s) returned... [FETCH]
3/23/2017 10:58:43 3: [object Object],[object Object]
3/23/2017 14:20:42 4: LIBQUERY with Callback: 
3/23/2017 14:20:42 4: Path request:/api/authentification/
3/23/2017 14:20:42 4: Path header:undefined
3/23/2017 14:20:42 4: Path query:{}
3/23/2017 14:20:42 4: BEGIN PKREQUESTMANAGER.CALLQUERY(4,'ADM0000001','admin','{}', '{admin,admin}','{}', :cursor); END;
3/23/2017 14:20:42 4: 1 Object(s) returned... [FETCH]
3/23/2017 14:20:42 4: [object Object]
3/23/2017 14:20:42 5: Path request:/api/user/
3/23/2017 14:20:42 5: Path query:{"USER_NAME":"admin"}
3/23/2017 14:20:42 5: BEGIN PKREQUESTMANAGER.CALLQUERY(5,'CLI0000002','admin','{}', '{admin}','{}', :cursor); END;
3/23/2017 14:20:42 6: Path request:/api/environment/
3/23/2017 14:20:42 6: Path query:{"USER_NAME":"admin"}
3/23/2017 14:20:42 6: BEGIN PKREQUESTMANAGER.CALLQUERY(6,'CLI0000003','admin','{}', '{admin}','{}', :cursor); END;
3/23/2017 14:20:42 5: 1 Object(s) returned... [FETCH]
3/23/2017 14:20:42 5: [object Object]
3/23/2017 14:20:42 6: 2 Object(s) returned... [FETCH]
3/23/2017 14:20:42 6: [object Object],[object Object]
3/23/2017 15:58:36 4: LIBQUERY with Callback: 
3/23/2017 15:58:36 4: Path request:/api/authentification/
3/23/2017 15:58:36 4: Path header:undefined
3/23/2017 15:58:36 4: Path query:{}
3/23/2017 15:58:36 4: BEGIN PKREQUESTMANAGER.CALLQUERY(4,'ADM0000001','admin','{}', '{admin,admin}','{}', :cursor); END;
3/23/2017 15:58:36 4: 1 Object(s) returned... [FETCH]
3/23/2017 15:58:36 4: [object Object]
3/23/2017 15:58:36 5: Path request:/api/user/
3/23/2017 15:58:36 5: Path query:{"USER_NAME":"admin"}
3/23/2017 15:58:36 5: BEGIN PKREQUESTMANAGER.CALLQUERY(5,'CLI0000002','admin','{}', '{admin}','{}', :cursor); END;
3/23/2017 15:58:36 6: Path request:/api/environment/
3/23/2017 15:58:36 6: Path query:{"USER_NAME":"admin"}
3/23/2017 15:58:36 6: BEGIN PKREQUESTMANAGER.CALLQUERY(6,'CLI0000003','admin','{}', '{admin}','{}', :cursor); END;
3/23/2017 15:58:36 6: 2 Object(s) returned... [FETCH]
3/23/2017 15:58:36 6: [object Object],[object Object]
3/23/2017 15:58:36 5: 1 Object(s) returned... [FETCH]
3/23/2017 15:58:36 5: [object Object]
3/23/2017 16:1:40 4: LIBQUERY with Callback: 
3/23/2017 16:1:40 4: Path request:/api/authentification/
3/23/2017 16:1:40 4: Path header:undefined
3/23/2017 16:1:40 4: Path query:{}
3/23/2017 16:1:40 4: BEGIN PKREQUESTMANAGER.CALLQUERY(4,'ADM0000001','admin','{}', '{admin,admin}','{}', :cursor); END;
3/23/2017 16:1:40 4: 1 Object(s) returned... [FETCH]
3/23/2017 16:1:40 4: [object Object]
3/23/2017 16:1:40 5: Path request:/api/user/
3/23/2017 16:1:40 5: Path query:{"USER_NAME":"admin"}
3/23/2017 16:1:40 5: BEGIN PKREQUESTMANAGER.CALLQUERY(5,'CLI0000002','admin','{}', '{admin}','{}', :cursor); END;
3/23/2017 16:1:40 6: Path request:/api/environment/
3/23/2017 16:1:40 6: Path query:{"USER_NAME":"admin"}
3/23/2017 16:1:40 6: BEGIN PKREQUESTMANAGER.CALLQUERY(6,'CLI0000003','admin','{}', '{admin}','{}', :cursor); END;
3/23/2017 16:1:40 5: 1 Object(s) returned... [FETCH]
3/23/2017 16:1:40 5: [object Object]
3/23/2017 16:1:40 6: 2 Object(s) returned... [FETCH]
3/23/2017 16:1:40 6: [object Object],[object Object]
3/23/2017 16:34:12 4: LIBQUERY with Callback: 
3/23/2017 16:34:12 4: Path request:/api/authentification/
3/23/2017 16:34:12 4: Path header:undefined
3/23/2017 16:34:12 4: Path query:{}
3/23/2017 16:34:12 4: BEGIN PKREQUESTMANAGER.CALLQUERY(4,'ADM0000001','admin','{}', '{admin,admin}','{}', :cursor); END;
3/23/2017 16:34:12 4: 1 Object(s) returned... [FETCH]
3/23/2017 16:34:12 4: [object Object]
3/23/2017 16:34:12 5: LIBQUERY with Callback: 
3/23/2017 16:34:12 5: Path request:/api/user/
3/23/2017 16:34:12 5: Path header:undefined
3/23/2017 16:34:12 5: Path query:{"USER_NAME":"admin"}
3/23/2017 16:34:12 5: BEGIN PKREQUESTMANAGER.CALLQUERY(5,'CLI0000002','admin','{}', '{admin}','{}', :cursor); END;
3/23/2017 16:34:12 6: LIBQUERY with Callback: 
3/23/2017 16:34:12 6: Path request:/api/environment/
3/23/2017 16:34:12 6: Path header:undefined
3/23/2017 16:34:12 6: Path query:{"USER_NAME":"admin"}
3/23/2017 16:34:12 6: BEGIN PKREQUESTMANAGER.CALLQUERY(6,'CLI0000003','admin','{}', '{admin}','{}', :cursor); END;
3/23/2017 16:34:12 6: 1 Object(s) returned... [FETCH]
3/23/2017 16:34:12 6: [object Object]
3/23/2017 16:34:12 6: 2 Object(s) returned... [FETCH]
3/23/2017 16:34:12 6: [object Object],[object Object]
3/23/2017 16:34:23 10: LIBQUERY with Callback: 
3/23/2017 16:34:23 10: Path request:/api/authentification/
3/23/2017 16:34:23 10: Path header:undefined
3/23/2017 16:34:23 10: Path query:{}
3/23/2017 16:34:23 10: BEGIN PKREQUESTMANAGER.CALLQUERY(10,'ADM0000001','admin','{}', '{admin,admin}','{}', :cursor); END;
3/23/2017 16:34:23 10: 1 Object(s) returned... [FETCH]
3/23/2017 16:34:23 10: [object Object]
3/23/2017 16:34:23 11: LIBQUERY with Callback: 
3/23/2017 16:34:23 11: Path request:/api/user/
3/23/2017 16:34:23 11: Path header:undefined
3/23/2017 16:34:23 11: Path query:{"USER_NAME":"admin"}
3/23/2017 16:34:23 11: BEGIN PKREQUESTMANAGER.CALLQUERY(11,'CLI0000002','admin','{}', '{admin}','{}', :cursor); END;
3/23/2017 16:34:23 12: LIBQUERY with Callback: 
3/23/2017 16:34:23 12: Path request:/api/environment/
3/23/2017 16:34:23 12: Path header:undefined
3/23/2017 16:34:23 12: Path query:{"USER_NAME":"admin"}
3/23/2017 16:34:23 12: BEGIN PKREQUESTMANAGER.CALLQUERY(12,'CLI0000003','admin','{}', '{admin}','{}', :cursor); END;
3/23/2017 16:34:23 12: 1 Object(s) returned... [FETCH]
3/23/2017 16:34:23 12: [object Object]
3/23/2017 16:34:23 12: 2 Object(s) returned... [FETCH]
3/23/2017 16:34:23 12: [object Object],[object Object]
3/23/2017 16:37:59 7: LIBQUERY with Callback: 
3/23/2017 16:37:59 7: Path request:/api/authentification/
3/23/2017 16:37:59 7: Path header:undefined
3/23/2017 16:37:59 7: Path query:{}
3/23/2017 16:37:59 7: BEGIN PKREQUESTMANAGER.CALLQUERY(7,'ADM0000001','admin','{}', '{admin,admin}','{}', :cursor); END;
3/23/2017 16:37:59 7: 1 Object(s) returned... [FETCH]
3/23/2017 16:37:59 7: [object Object]
3/23/2017 16:37:59 8: LIBQUERY with Callback: 
3/23/2017 16:37:59 8: Path request:/api/user/
3/23/2017 16:37:59 8: Path header:undefined
3/23/2017 16:37:59 8: Path query:{"USER_NAME":"admin"}
3/23/2017 16:37:59 8: BEGIN PKREQUESTMANAGER.CALLQUERY(8,'CLI0000002','admin','{}', '{admin}','{}', :cursor); END;
3/23/2017 16:37:59 9: LIBQUERY with Callback: 
3/23/2017 16:37:59 9: Path request:/api/environment/
3/23/2017 16:37:59 9: Path header:undefined
3/23/2017 16:37:59 9: Path query:{"USER_NAME":"admin"}
3/23/2017 16:37:59 9: BEGIN PKREQUESTMANAGER.CALLQUERY(9,'CLI0000003','admin','{}', '{admin}','{}', :cursor); END;
3/23/2017 16:37:59 9: 1 Object(s) returned... [FETCH]
3/23/2017 16:37:59 9: [object Object]
3/23/2017 16:37:59 9: 2 Object(s) returned... [FETCH]
3/23/2017 16:37:59 9: [object Object],[object Object]
3/23/2017 16:38:9 13: LIBQUERY with Callback: 
3/23/2017 16:38:9 13: Path request:/api/authentification/
3/23/2017 16:38:9 13: Path header:undefined
3/23/2017 16:38:9 13: Path query:{}
3/23/2017 16:38:9 13: BEGIN PKREQUESTMANAGER.CALLQUERY(13,'ADM0000001','admin','{}', '{admin,admin}','{}', :cursor); END;
3/23/2017 16:38:9 14: LIBQUERY with Callback: 
3/23/2017 16:38:9 14: Path request:/api/authentification/
3/23/2017 16:38:9 14: Path header:undefined
3/23/2017 16:38:9 14: Path query:{}
3/23/2017 16:38:9 14: BEGIN PKREQUESTMANAGER.CALLQUERY(14,'ADM0000001','admin','{}', '{admin,admin}','{}', :cursor); END;
3/23/2017 16:38:10 15: LIBQUERY with Callback: 
3/23/2017 16:38:10 15: Path request:/api/authentification/
3/23/2017 16:38:10 15: Path header:undefined
3/23/2017 16:38:10 15: Path query:{}
3/23/2017 16:38:10 15: BEGIN PKREQUESTMANAGER.CALLQUERY(15,'ADM0000001','admin','{}', '{admin,admin}','{}', :cursor); END;
3/23/2017 16:38:10 16: LIBQUERY with Callback: 
3/23/2017 16:38:10 16: Path request:/api/authentification/
3/23/2017 16:38:10 16: Path header:undefined
3/23/2017 16:38:10 16: Path query:{}
3/23/2017 16:38:10 16: BEGIN PKREQUESTMANAGER.CALLQUERY(16,'ADM0000001','admin','{}', '{admin,admin}','{}', :cursor); END;
3/23/2017 16:39:2 1: LIBQUERY with Callback: 
3/23/2017 16:39:2 1: Path request:/api/authentification/
3/23/2017 16:39:2 1: Path header:undefined
3/23/2017 16:39:2 1: Path query:{}
3/23/2017 16:39:2 1: BEGIN PKREQUESTMANAGER.CALLQUERY(1,'ADM0000001','admin','{}', '{admin,admin}','{}', :cursor); END;
3/23/2017 16:39:2 1: 1 Object(s) returned... [FETCH]
3/23/2017 16:39:2 1: [object Object]
3/23/2017 16:39:2 2: LIBQUERY with Callback: 
3/23/2017 16:39:2 2: Path request:/api/user/
3/23/2017 16:39:2 2: Path header:undefined
3/23/2017 16:39:2 2: Path query:{"USER_NAME":"admin"}
3/23/2017 16:39:2 2: BEGIN PKREQUESTMANAGER.CALLQUERY(2,'CLI0000002','admin','{}', '{admin}','{}', :cursor); END;
3/23/2017 16:39:2 3: LIBQUERY with Callback: 
3/23/2017 16:39:2 3: Path request:/api/environment/
3/23/2017 16:39:2 3: Path header:undefined
3/23/2017 16:39:2 3: Path query:{"USER_NAME":"admin"}
3/23/2017 16:39:2 3: BEGIN PKREQUESTMANAGER.CALLQUERY(3,'CLI0000003','admin','{}', '{admin}','{}', :cursor); END;
3/23/2017 16:39:2 3: 1 Object(s) returned... [FETCH]
3/23/2017 16:39:2 3: [object Object]
3/23/2017 16:39:2 3: 2 Object(s) returned... [FETCH]
3/23/2017 16:39:2 3: [object Object],[object Object]
3/23/2017 16:44:10 1: LIBQUERY with Callback: 
3/23/2017 16:44:10 1: Path request:/api/authentification/
3/23/2017 16:44:10 1: Path header:undefined
3/23/2017 16:44:10 1: Path query:{}
3/23/2017 16:44:10 1: BEGIN PKREQUESTMANAGER.CALLQUERY(1,'ADM0000001','admin','{}', '{admin,admin}','{}', :cursor); END;
3/23/2017 16:44:10 1: 1 Object(s) returned... [FETCH]
3/23/2017 16:44:10 1: [object Object]
3/23/2017 16:44:10 2: LIBQUERY with Callback: 
3/23/2017 16:44:10 2: Path request:/api/user/
3/23/2017 16:44:10 2: Path header:undefined
3/23/2017 16:44:10 2: Path query:{"USER_NAME":"admin"}
3/23/2017 16:44:10 2: BEGIN PKREQUESTMANAGER.CALLQUERY(2,'CLI0000002','admin','{}', '{admin}','{}', :cursor); END;
3/23/2017 16:44:10 3: LIBQUERY with Callback: 
3/23/2017 16:44:10 3: Path request:/api/environment/
3/23/2017 16:44:10 3: Path header:undefined
3/23/2017 16:44:10 3: Path query:{"USER_NAME":"admin"}
3/23/2017 16:44:10 3: BEGIN PKREQUESTMANAGER.CALLQUERY(3,'CLI0000003','admin','{}', '{admin}','{}', :cursor); END;
3/23/2017 16:44:10 3: 1 Object(s) returned... [FETCH]
3/23/2017 16:44:10 3: [object Object]
3/23/2017 16:44:11 3: 2 Object(s) returned... [FETCH]
3/23/2017 16:44:11 3: [object Object],[object Object]
3/23/2017 17:33:0 7: LIBQUERY with Callback: 
3/23/2017 17:33:0 7: Path request:/api/authentification/
3/23/2017 17:33:0 7: Path header:undefined
3/23/2017 17:33:0 7: Path query:{}
3/23/2017 17:33:0 7: BEGIN PKREQUESTMANAGER.CALLQUERY(7,'ADM0000001','admin','{}', '{admin,admin}','{}', :cursor); END;
3/23/2017 17:33:0 7: 1 Object(s) returned... [FETCH]
3/23/2017 17:33:0 7: [object Object]
3/23/2017 17:33:0 8: LIBQUERY with Callback: 
3/23/2017 17:33:0 8: Path request:/api/user/
3/23/2017 17:33:0 8: Path header:undefined
3/23/2017 17:33:0 8: Path query:{"USER_NAME":"admin"}
3/23/2017 17:33:0 8: BEGIN PKREQUESTMANAGER.CALLQUERY(8,'CLI0000002','admin','{}', '{admin}','{}', :cursor); END;
3/23/2017 17:33:0 9: LIBQUERY with Callback: 
3/23/2017 17:33:0 9: Path request:/api/environment/
3/23/2017 17:33:0 9: Path header:undefined
3/23/2017 17:33:0 9: Path query:{"USER_NAME":"admin"}
3/23/2017 17:33:0 9: BEGIN PKREQUESTMANAGER.CALLQUERY(9,'CLI0000003','admin','{}', '{admin}','{}', :cursor); END;
3/23/2017 17:33:0 9: 1 Object(s) returned... [FETCH]
3/23/2017 17:33:0 9: [object Object]
3/23/2017 17:33:0 9: 2 Object(s) returned... [FETCH]
3/23/2017 17:33:0 9: [object Object],[object Object]
3/23/2017 17:33:15 16: LIBQUERY with Callback: 
3/23/2017 17:33:15 16: Path request:/api/authentification/
3/23/2017 17:33:15 16: Path header:undefined
3/23/2017 17:33:15 16: Path query:{}
3/23/2017 17:33:15 16: BEGIN PKREQUESTMANAGER.CALLQUERY(16,'ADM0000001','admin','{}', '{admin,admin}','{}', :cursor); END;
3/23/2017 17:35:15 17: LIBQUERY with Callback: 
3/23/2017 17:35:15 17: Path request:/api/authentification/
3/23/2017 17:35:15 17: Path header:undefined
3/23/2017 17:35:15 17: Path query:{}
3/23/2017 17:35:15 17: BEGIN PKREQUESTMANAGER.CALLQUERY(17,'ADM0000001','admin','{}', '{admin,admin}','{}', :cursor); END;
3/23/2017 17:42:1 1: LIBQUERY with Callback: 
3/23/2017 17:42:1 1: Path request:/api/authentification/
3/23/2017 17:42:1 1: Path header:undefined
3/23/2017 17:42:1 1: Path query:{}
3/23/2017 17:42:1 1: BEGIN PKREQUESTMANAGER.CALLQUERY(1,'ADM0000001','admin','{}', '{admin,admin}','{}', :cursor); END;
3/23/2017 17:42:1 1: 1 Object(s) returned... [FETCH]
3/23/2017 17:42:1 1: [object Object]
3/23/2017 17:42:1 1: 0 Object(s) returned... [FETCH]
3/23/2017 17:42:49 1: LIBQUERY with Callback: 
3/23/2017 17:42:49 1: Path request:/api/authentification/
3/23/2017 17:42:49 1: Path header:undefined
3/23/2017 17:42:49 1: Path query:{}
3/23/2017 17:42:49 1: BEGIN PKREQUESTMANAGER.CALLQUERY(1,'ADM0000001','admin','{}', '{admin,admin}','{}', :cursor); END;
3/23/2017 17:42:49 1: 1 Object(s) returned... [FETCH]
3/23/2017 17:42:49 1: [object Object]
3/23/2017 17:44:36 1: LIBQUERY with Callback: 
3/23/2017 17:44:36 1: Path request:/api/authentification/
3/23/2017 17:44:36 1: Path header:undefined
3/23/2017 17:44:36 1: Path query:{}
3/23/2017 17:44:36 1: BEGIN PKREQUESTMANAGER.CALLQUERY(1,'ADM0000001','admin','{}', '{admin,admin}','{}', :cursor); END;
3/23/2017 17:44:36 1: 1 Object(s) returned... [FETCH]
3/23/2017 17:44:36 1: [object Object]
3/23/2017 17:44:36 1: 0 Object(s) returned... [FETCH]
3/23/2017 17:47:17 4: LIBQUERY with Callback: 
3/23/2017 17:47:17 4: Path request:/api/authentification/
3/23/2017 17:47:17 4: Path header:undefined
3/23/2017 17:47:17 4: Path query:{}
3/23/2017 17:47:17 4: BEGIN PKREQUESTMANAGER.CALLQUERY(4,'ADM0000001','admin','{}', '{admin,admin}','{}', :cursor); END;
3/23/2017 17:47:17 4: 1 Object(s) returned... [FETCH]
3/23/2017 17:47:17 4: [object Object]
3/23/2017 17:47:17 4: 0 Object(s) returned... [FETCH]
3/23/2017 17:47:18 5: LIBQUERY with Callback: 
3/23/2017 17:47:18 5: Path request:/api/user/
3/23/2017 17:47:18 5: Path header:undefined
3/23/2017 17:47:18 5: Path query:{"USER_NAME":"admin"}
3/23/2017 17:47:18 5: BEGIN PKREQUESTMANAGER.CALLQUERY(5,'CLI0000002','admin','{}', '{admin}','{}', :cursor); END;
3/23/2017 17:47:18 6: LIBQUERY with Callback: 
3/23/2017 17:47:18 6: Path request:/api/environment/
3/23/2017 17:47:18 6: Path header:undefined
3/23/2017 17:47:18 6: Path query:{"USER_NAME":"admin"}
3/23/2017 17:47:18 6: BEGIN PKREQUESTMANAGER.CALLQUERY(6,'CLI0000003','admin','{}', '{admin}','{}', :cursor); END;
3/23/2017 17:47:18 6: 1 Object(s) returned... [FETCH]
3/23/2017 17:47:18 6: [object Object]
3/23/2017 17:47:18 6: 0 Object(s) returned... [FETCH]
3/23/2017 17:47:18 6: 2 Object(s) returned... [FETCH]
3/23/2017 17:47:18 6: [object Object],[object Object]
3/23/2017 17:47:18 6: 0 Object(s) returned... [FETCH]
3/23/2017 19:33:16 28: LIBQUERY with Callback: 
3/23/2017 19:33:16 28: Path request:/api/authentification/
3/23/2017 19:33:16 28: Path header:undefined
3/23/2017 19:33:16 28: Path query:{}
3/23/2017 19:33:16 28: BEGIN PKREQUESTMANAGER.CALLQUERY(28,'ADM0000001','admin','{}', '{admin,admin}','{}', :cursor); END;
3/23/2017 19:33:16 28: 1 Object(s) returned... [FETCH]
3/23/2017 19:33:16 28: [object Object]
3/23/2017 19:33:16 29: LIBQUERY with Callback: 
3/23/2017 19:33:16 29: Path request:/api/user/
3/23/2017 19:33:16 29: Path header:undefined
3/23/2017 19:33:16 29: Path query:{"USER_NAME":"admin"}
3/23/2017 19:33:16 29: BEGIN PKREQUESTMANAGER.CALLQUERY(29,'CLI0000002','admin','{}', '{admin}','{}', :cursor); END;
3/23/2017 19:33:16 30: LIBQUERY with Callback: 
3/23/2017 19:33:16 30: Path request:/api/environment/
3/23/2017 19:33:16 30: Path header:undefined
3/23/2017 19:33:16 30: Path query:{"USER_NAME":"admin"}
3/23/2017 19:33:16 30: BEGIN PKREQUESTMANAGER.CALLQUERY(30,'CLI0000003','admin','{}', '{admin}','{}', :cursor); END;
3/23/2017 19:33:16 30: 1 Object(s) returned... [FETCH]
3/23/2017 19:33:16 30: [object Object]
3/23/2017 19:33:16 30: 2 Object(s) returned... [FETCH]
3/23/2017 19:33:16 30: [object Object],[object Object]
3/23/2017 19:33:31 37: LIBQUERY with Callback: 
3/23/2017 19:33:31 37: Path request:/api/authentification/
3/23/2017 19:33:31 37: Path header:undefined
3/23/2017 19:33:31 37: Path query:{}
3/23/2017 19:33:31 37: BEGIN PKREQUESTMANAGER.CALLQUERY(37,'ADM0000001','admin','{}', '{admin,admin}','{}', :cursor); END;
3/23/2017 19:33:31 37: 1 Object(s) returned... [FETCH]
3/23/2017 19:33:31 37: [object Object]
3/23/2017 19:33:31 38: LIBQUERY with Callback: 
3/23/2017 19:33:31 38: Path request:/api/user/
3/23/2017 19:33:31 38: Path header:undefined
3/23/2017 19:33:31 38: Path query:{"USER_NAME":"admin"}
3/23/2017 19:33:31 38: BEGIN PKREQUESTMANAGER.CALLQUERY(38,'CLI0000002','admin','{}', '{admin}','{}', :cursor); END;
3/23/2017 19:33:32 39: LIBQUERY with Callback: 
3/23/2017 19:33:32 39: Path request:/api/environment/
3/23/2017 19:33:32 39: Path header:undefined
3/23/2017 19:33:32 39: Path query:{"USER_NAME":"admin"}
3/23/2017 19:33:32 39: BEGIN PKREQUESTMANAGER.CALLQUERY(39,'CLI0000003','admin','{}', '{admin}','{}', :cursor); END;
3/23/2017 19:33:32 39: 1 Object(s) returned... [FETCH]
3/23/2017 19:33:32 39: [object Object]
3/23/2017 19:33:32 39: 2 Object(s) returned... [FETCH]
3/23/2017 19:33:32 39: [object Object],[object Object]
3/23/2017 20:26:30 8: LIBQUERY with Callback: 
3/23/2017 20:26:30 8: Path request:/api/authentification/
3/23/2017 20:26:30 8: Path header:undefined
3/23/2017 20:26:30 8: Path query:{}
3/23/2017 20:26:30 8: BEGIN PKREQUESTMANAGER.CALLQUERY(8,'ADM0000001','admin','{}', '{admin,admin}','{}', :cursor); END;
3/23/2017 20:26:32 9: LIBQUERY with Callback: 
3/23/2017 20:26:32 9: Path request:/api/authentification/
3/23/2017 20:26:32 9: Path header:undefined
3/23/2017 20:26:32 9: Path query:{}
3/23/2017 20:26:32 9: BEGIN PKREQUESTMANAGER.CALLQUERY(9,'ADM0000001','admin','{}', '{admin,admin}','{}', :cursor); END;
3/23/2017 20:26:38 1: LIBQUERY with Callback: 
3/23/2017 20:26:38 1: Path request:/api/authentification/
3/23/2017 20:26:38 1: Path header:undefined
3/23/2017 20:26:38 1: Path query:{}
3/23/2017 20:26:38 1: BEGIN PKREQUESTMANAGER.CALLQUERY(1,'ADM0000001','admin','{}', '{admin,admin}','{}', :cursor); END;
3/23/2017 20:26:38 1: 1 Object(s) returned... [FETCH]
3/23/2017 20:26:38 1: [object Object]
3/23/2017 20:26:38 2: LIBQUERY with Callback: 
3/23/2017 20:26:38 2: Path request:/api/user/
3/23/2017 20:26:38 2: Path header:undefined
3/23/2017 20:26:38 2: Path query:{"USER_NAME":"admin"}
3/23/2017 20:26:38 2: BEGIN PKREQUESTMANAGER.CALLQUERY(2,'CLI0000002','admin','{}', '{admin}','{}', :cursor); END;
3/23/2017 20:26:38 3: LIBQUERY with Callback: 
3/23/2017 20:26:38 3: Path request:/api/environment/
3/23/2017 20:26:38 3: Path header:undefined
3/23/2017 20:26:38 3: Path query:{"USER_NAME":"admin"}
3/23/2017 20:26:38 3: BEGIN PKREQUESTMANAGER.CALLQUERY(3,'CLI0000003','admin','{}', '{admin}','{}', :cursor); END;
3/23/2017 20:26:38 3: 1 Object(s) returned... [FETCH]
3/23/2017 20:26:38 3: [object Object]
3/23/2017 20:26:38 3: 2 Object(s) returned... [FETCH]
3/23/2017 20:26:38 3: [object Object],[object Object]
