3/23/2017 20:28:44 7: LIBQUERY with Callback: 
3/23/2017 20:28:44 7: Path request:/api/authentification/
3/23/2017 20:28:44 7: Path header:undefined
3/23/2017 20:28:44 7: Path query:{}
3/23/2017 20:28:44 7: BEGIN PKREQUESTMANAGER.CALLQUERY(7,'ADM0000001','linda','{}', '{linda,linda}','{}', :cursor); END;
3/23/2017 20:28:45 8: LIBQUERY with Callback: 
3/23/2017 20:28:45 8: Path request:/api/authentification/
3/23/2017 20:28:45 8: Path header:undefined
3/23/2017 20:28:45 8: Path query:{}
3/23/2017 20:28:45 8: BEGIN PKREQUESTMANAGER.CALLQUERY(8,'ADM0000001','linda','{}', '{linda,linda}','{}', :cursor); END;
3/23/2017 20:28:58 1: LIBQUERY with Callback: 
3/23/2017 20:28:58 1: Path request:/api/authentification/
3/23/2017 20:28:58 1: Path header:undefined
3/23/2017 20:28:58 1: Path query:{}
3/23/2017 20:28:58 1: BEGIN PKREQUESTMANAGER.CALLQUERY(1,'ADM0000001','linda','{}', '{linda,linda}','{}', :cursor); END;
3/23/2017 20:28:58 1: 1 Object(s) returned... [FETCH]
3/23/2017 20:28:58 1: [object Object]
3/23/2017 20:28:58 2: LIBQUERY with Callback: 
3/23/2017 20:28:58 2: Path request:/api/user/
3/23/2017 20:28:58 2: Path header:undefined
3/23/2017 20:28:58 2: Path query:{"USER_NAME":"linda"}
3/23/2017 20:28:58 2: BEGIN PKREQUESTMANAGER.CALLQUERY(2,'CLI0000002','linda','{}', '{linda}','{}', :cursor); END;
3/23/2017 20:28:58 3: LIBQUERY with Callback: 
3/23/2017 20:28:58 3: Path request:/api/environment/
3/23/2017 20:28:58 3: Path header:undefined
3/23/2017 20:28:58 3: Path query:{"USER_NAME":"linda"}
3/23/2017 20:28:58 3: BEGIN PKREQUESTMANAGER.CALLQUERY(3,'CLI0000003','linda','{}', '{linda}','{}', :cursor); END;
3/23/2017 20:28:58 3: 1 Object(s) returned... [FETCH]
3/23/2017 20:28:58 3: [object Object]
3/23/2017 20:28:58 3: 2 Object(s) returned... [FETCH]
3/23/2017 20:28:58 3: [object Object],[object Object]
3/23/2017 20:29:14 4: LIBQUERY with Callback: 
3/23/2017 20:29:14 4: Path request:/api/authentification/
3/23/2017 20:29:14 4: Path header:undefined
3/23/2017 20:29:14 4: Path query:{}
3/23/2017 20:29:14 4: BEGIN PKREQUESTMANAGER.CALLQUERY(4,'ADM0000001','linda','{}', '{linda,nnd}','{}', :cursor); END;
3/23/2017 20:29:14 4: 0 Object(s) returned... [FETCH]
3/23/2017 20:31:14 5: LIBQUERY with Callback: 
3/23/2017 20:31:14 5: Path request:/api/authentification/
3/23/2017 20:31:14 5: Path header:undefined
3/23/2017 20:31:14 5: Path query:{}
3/23/2017 20:31:14 5: BEGIN PKREQUESTMANAGER.CALLQUERY(5,'ADM0000001','linda','{}', '{linda,nnd}','{}', :cursor); END;
3/23/2017 20:31:14 5: 0 Object(s) returned... [FETCH]
