2/11/2017 17:38:57 18: Connection to database... [IN PROGRESS]
2/11/2017 17:38:57 18: Connection to database... [ESTABLISHED]
2/11/2017 17:38:57 18: Path request:/api/authentification/
2/11/2017 17:38:57 18: Executing query.... 
2/11/2017 17:38:57 18: BEGIN PKREQUESTMANAGER.CALLQUERY(18,'aa','ADM0000001', '[aa,aaa]', :cursor); END;
2/11/2017 17:39:18 19: Connection to database... [IN PROGRESS]
2/11/2017 17:39:18 19: Connection to database... [ESTABLISHED]
2/11/2017 17:39:18 19: Path request:/api/authentification/
2/11/2017 17:39:18 19: Executing query.... 
2/11/2017 17:39:18 19: BEGIN PKREQUESTMANAGER.CALLQUERY(19,'aa','ADM0000001', '[aa,aaa]', :cursor); END;
2/11/2017 17:39:18 20: Connection to database... [IN PROGRESS]
2/11/2017 17:39:18 20: Connection to database... [ESTABLISHED]
2/11/2017 17:39:18 20: Path request:/api/authentification/
2/11/2017 17:39:18 20: Executing query.... 
2/11/2017 17:39:18 20: BEGIN PKREQUESTMANAGER.CALLQUERY(20,'aa','ADM0000001', '[aa,aaa]', :cursor); END;
2/11/2017 17:39:19 21: Connection to database... [IN PROGRESS]
2/11/2017 17:39:19 21: Connection to database... [ESTABLISHED]
2/11/2017 17:39:19 21: Path request:/api/authentification/
2/11/2017 17:39:19 21: Executing query.... 
2/11/2017 17:39:19 21: BEGIN PKREQUESTMANAGER.CALLQUERY(21,'aa','ADM0000001', '[aa,aaa]', :cursor); END;
2/11/2017 17:39:19 22: Connection to database... [IN PROGRESS]
2/11/2017 17:39:19 22: Connection to database... [ESTABLISHED]
2/11/2017 17:39:19 22: Path request:/api/authentification/
2/11/2017 17:39:19 22: Executing query.... 
2/11/2017 17:39:19 22: BEGIN PKREQUESTMANAGER.CALLQUERY(22,'aa','ADM0000001', '[aa,aaa]', :cursor); END;
2/11/2017 17:39:19 23: Connection to database... [IN PROGRESS]
2/11/2017 17:39:19 23: Connection to database... [ESTABLISHED]
2/11/2017 17:39:19 23: Path request:/api/authentification/
2/11/2017 17:39:19 23: Executing query.... 
2/11/2017 17:39:19 23: BEGIN PKREQUESTMANAGER.CALLQUERY(23,'aa','ADM0000001', '[aa,aaa]', :cursor); END;
2/11/2017 17:40:57 24: Connection to database... [IN PROGRESS]
2/11/2017 17:40:57 24: Connection to database... [ESTABLISHED]
2/11/2017 17:40:57 24: Path request:/api/authentification/
2/11/2017 17:40:57 24: Executing query.... 
2/11/2017 17:40:57 24: BEGIN PKREQUESTMANAGER.CALLQUERY(24,'aa','ADM0000001', '[aa,aaa]', :cursor); END;
