2/11/2017 0:16:34 2: Connection to database... [IN PROGRESS]
2/11/2017 0:16:34 2: Connection to database... [ESTABLISHED]
2/11/2017 0:16:34 2: Path request:/api/authentification/
2/11/2017 0:16:34 2: Executing query.... 
2/11/2017 0:16:34 2: BEGIN PKREQUESTMANAGER.CALLQUERY(2,'abe','ADM0000001', '[admin,admin]', :cursor); END;
2/11/2017 0:16:34 2: 1 Object(s) returned... [FETCH]
2/11/2017 0:20:40 3: Connection to database... [IN PROGRESS]
2/11/2017 0:20:40 3: Connection to database... [ESTABLISHED]
2/11/2017 0:20:40 3: Path request:/api/authentification/
2/11/2017 0:20:40 3: Executing query.... 
2/11/2017 0:20:40 3: BEGIN PKREQUESTMANAGER.CALLQUERY(3,'abe','ADM0000001', '[admin,admin]', :cursor); END;
2/11/2017 0:20:40 3: 1 Object(s) returned... [FETCH]
2/11/2017 0:20:40 4: Connection to database... [IN PROGRESS]
2/11/2017 0:20:40 4: Connection to database... [ESTABLISHED]
2/11/2017 0:20:40 4: Path request:/api/authentification/
2/11/2017 0:20:40 4: Executing query.... 
2/11/2017 0:20:40 4: BEGIN PKREQUESTMANAGER.CALLQUERY(4,'abe','ADM0000001', '[admin,admin]', :cursor); END;
2/11/2017 0:20:40 4: 1 Object(s) returned... [FETCH]
2/11/2017 0:20:42 5: Connection to database... [IN PROGRESS]
2/11/2017 0:20:42 5: Connection to database... [ESTABLISHED]
2/11/2017 0:20:42 5: Path request:/api/authentification/
2/11/2017 0:20:42 5: Executing query.... 
2/11/2017 0:20:42 5: BEGIN PKREQUESTMANAGER.CALLQUERY(5,'abe','ADM0000001', '[admin,admin]', :cursor); END;
2/11/2017 0:20:42 5: 1 Object(s) returned... [FETCH]
2/11/2017 1:36:47 1: Connection to database... [IN PROGRESS]
2/11/2017 1:36:47 1: Connection to database... [ESTABLISHED]
2/11/2017 1:36:47 1: Path request:/api/authentification/
2/11/2017 1:36:47 1: Executing query.... 
2/11/2017 1:36:47 1: BEGIN PKREQUESTMANAGER.CALLQUERY(1,'abe','ADM0000001', '[admin,admin]', :cursor); END;
2/11/2017 1:36:47 1: 1 Object(s) returned... [FETCH]
2/11/2017 1:43:16 1: Connection to database... [IN PROGRESS]
2/11/2017 1:43:16 1: Connection to database... [ESTABLISHED]
2/11/2017 1:43:16 1: Path request:/api/authentification/
2/11/2017 1:43:16 1: Executing query.... 
2/11/2017 1:43:16 1: BEGIN PKREQUESTMANAGER.CALLQUERY(1,'abe','ADM0000001', '[admin,admin]', :cursor); END;
2/11/2017 1:43:16 1: 1 Object(s) returned... [FETCH]
2/11/2017 1:44:56 1: Connection to database... [IN PROGRESS]
2/11/2017 1:44:56 1: Connection to database... [ESTABLISHED]
2/11/2017 1:44:56 1: Path request:/api/authentification/
2/11/2017 1:44:56 1: Executing query.... 
2/11/2017 1:44:56 1: BEGIN PKREQUESTMANAGER.CALLQUERY(1,'abe','ADM0000001', '[admin,admin]', :cursor); END;
2/11/2017 1:44:56 1: 1 Object(s) returned... [FETCH]
2/11/2017 21:23:58 9: Connection to database... [IN PROGRESS]
2/11/2017 21:23:58 9: Connection to database... [ESTABLISHED]
2/11/2017 21:23:58 9: Path request:/api/authentification/
2/11/2017 21:23:58 9: Executing query.... 
2/11/2017 21:23:58 9: BEGIN PKREQUESTMANAGER.CALLQUERY(9,'abe','ADM0000001', '[admin,admin]', :cursor); END;
2/11/2017 21:23:58 9: 1 Object(s) returned... [FETCH]
2/11/2017 21:23:59 10: Connection to database... [IN PROGRESS]
2/11/2017 21:23:59 10: Connection to database... [ESTABLISHED]
2/11/2017 21:23:59 10: Path request:/api/authentification/
2/11/2017 21:23:59 10: Executing query.... 
2/11/2017 21:23:59 10: BEGIN PKREQUESTMANAGER.CALLQUERY(10,'abe','ADM0000001', '[admin,admin]', :cursor); END;
2/11/2017 21:23:59 10: 1 Object(s) returned... [FETCH]
