3/20/2017 8:56:59 1: Path requestuest:/api/authentification/
3/20/2017 8:56:59 1: Path query:{}
3/20/2017 8:56:59 1: BEGIN PKREQUESTMANAGER.CALLQUERY(1,'ADM0000001','abe','{}', '{undefined,admin}','{}', :cursor); END;
3/20/2017 8:56:59 1: 0 Object(s) returned... [FETCH]
3/20/2017 8:56:59 1: 
3/20/2017 12:4:30 33: Path requestuest:/api/authentification/
3/20/2017 12:4:30 33: Path query:{}
3/20/2017 12:4:30 33: BEGIN PKREQUESTMANAGER.CALLQUERY(33,'ADM0000001','abe','{}', '{abe,abe}','{}', :cursor); END;
3/20/2017 12:4:30 33: 1 Object(s) returned... [FETCH]
3/20/2017 12:4:30 33: [object Object]
3/20/2017 12:13:1 37: Path requestuest:/api/authentification/
3/20/2017 12:13:1 37: Path query:{}
3/20/2017 12:13:1 37: BEGIN PKREQUESTMANAGER.CALLQUERY(37,'ADM0000001','abe','{}', '{abe,abe}','{}', :cursor); END;
3/20/2017 12:13:1 37: 1 Object(s) returned... [FETCH]
3/20/2017 12:13:1 37: [object Object]
3/20/2017 12:13:24 38: Path requestuest:/api/authentification/
3/20/2017 12:13:24 38: Path query:{}
3/20/2017 12:13:24 38: BEGIN PKREQUESTMANAGER.CALLQUERY(38,'ADM0000001','abe','{}', '{abe,abe}','{}', :cursor); END;
3/20/2017 12:13:24 38: 1 Object(s) returned... [FETCH]
3/20/2017 12:13:24 38: [object Object]
3/20/2017 14:58:3 6: Path requestuest:/api/authentification/
3/20/2017 14:58:3 6: Path query:{}
3/20/2017 14:58:3 6: BEGIN PKREQUESTMANAGER.CALLQUERY(6,'ADM0000001','abe','{}', '{abe,abe}','{}', :cursor); END;
3/20/2017 14:58:3 6: 1 Object(s) returned... [FETCH]
3/20/2017 14:58:3 6: [object Object]
3/20/2017 18:7:26 7: Path requestuest:/api/authentification/
3/20/2017 18:7:26 7: Path query:{}
3/20/2017 18:7:26 7: BEGIN PKREQUESTMANAGER.CALLQUERY(7,'ADM0000001','abe','{}', '{abe,a}','{}', :cursor); END;
3/20/2017 18:7:26 7: 0 Object(s) returned... [FETCH]
3/20/2017 18:8:2 8: Path requestuest:/api/authentification/
3/20/2017 18:8:2 8: Path query:{}
3/20/2017 18:8:2 8: BEGIN PKREQUESTMANAGER.CALLQUERY(8,'ADM0000001','abe','{}', '{abe,abe}','{}', :cursor); END;
3/20/2017 18:8:2 8: 1 Object(s) returned... [FETCH]
3/20/2017 18:8:2 8: [object Object]
3/20/2017 18:9:55 9: Path requestuest:/api/authentification/
3/20/2017 18:9:55 9: Path query:{}
3/20/2017 18:9:55 9: BEGIN PKREQUESTMANAGER.CALLQUERY(9,'ADM0000001','abe','{}', '{abe,abe}','{}', :cursor); END;
3/20/2017 18:9:55 9: 1 Object(s) returned... [FETCH]
3/20/2017 18:9:55 9: [object Object]
3/20/2017 20:9:29 15: Path request:/api/user/
3/20/2017 20:9:29 15: Path query:{"USER_NAME":"admin"}
3/20/2017 20:9:29 15: BEGIN PKREQUESTMANAGER.CALLQUERY(15,'CLI0000002','abe','{}', '{admin}','{}', :cursor); END;
3/20/2017 20:11:29 1: Path request:/api/user/
3/20/2017 20:11:29 1: Path query:{"USER_NAME":"admin"}
3/20/2017 20:11:29 1: BEGIN PKREQUESTMANAGER.CALLQUERY(1,'CLI0000002','abe','{}', '{admin}','{}', :cursor); END;
3/20/2017 20:12:5 1: Connecting to database:{"user":"controlroom","password":"controlroom","connectString":"192.168.56.101/xe"}
3/20/2017 20:12:5 1: Path request:/api/user/
3/20/2017 20:12:5 1: Path query:{"USER_NAME":"admin"}
3/20/2017 20:12:5 1: BEGIN PKREQUESTMANAGER.CALLQUERY(1,'CLI0000002','abe','{}', '{admin}','{}', :cursor); END;
3/20/2017 20:13:5 1: Connecting to database:{"user":"controlroom","password":"controlroom","connectString":"192.168.56.101/xe"}
3/20/2017 20:13:5 1: Path request:/api/user/
3/20/2017 20:13:5 1: Path query:{"USER_NAME":"admin"}
3/20/2017 20:13:5 1: BEGIN PKREQUESTMANAGER.CALLQUERY(1,'CLI0000002','abe','{}', '{admin}','{}', :cursor); END;
3/20/2017 20:16:52 1: Connecting to database:{"user":"controlroom","password":"controlroom","connectString":"192.168.56.101/xe"}
3/20/2017 20:16:52 1: Path request:/api/user/
3/20/2017 20:16:52 1: Path query:{"USER_NAME":"admin"}
3/20/2017 20:16:52 1: BEGIN PKREQUESTMANAGER.CALLQUERY(1,'CLI0000002','abe','{}', '{admin}','{}', :cursor); END;
3/20/2017 20:21:39 1: Connecting to database:{"user":"controlroom","password":"controlroom","connectString":"192.168.56.101/xe"}
3/20/2017 20:21:39 1: Path request:/api/user/
3/20/2017 20:21:39 1: Path query:{"USER_NAME":"admin"}
3/20/2017 20:21:39 1: BEGIN PKREQUESTMANAGER.CALLQUERY(1,'CLI0000002','abe','{}', '{admin}','{}', :cursor); END;
3/20/2017 20:22:14 2: Connecting to database:{"user":"controlroom","password":"controlroom","connectString":"192.168.56.101/xe"}
3/20/2017 20:22:15 2: Path request:/api/user/
3/20/2017 20:22:15 2: Path query:{"USER_NAME":"admin"}
3/20/2017 20:22:15 2: BEGIN PKREQUESTMANAGER.CALLQUERY(2,'CLI0000002','abe','{}', '{admin}','{}', :cursor); END;
3/20/2017 20:23:37 1: Connecting to database:{"user":"controlroom","password":"controlroom","connectString":"192.168.56.101/xe"}
3/20/2017 20:23:37 1: Path request:/api/user/
3/20/2017 20:23:37 1: Path query:{"USER_NAME":"admin"}
3/20/2017 20:23:37 1: BEGIN PKREQUESTMANAGER.CALLQUERY(1,'CLI0000002','abe','{}', '{admin}','{}', :cursor); END;
3/20/2017 20:25:8 1: Connecting to database:{"user":"controlroom","password":"controlroom","connectString":"192.168.56.101/xe"}
3/20/2017 20:25:9 1: Path request:/api/user/
3/20/2017 20:25:9 1: Path query:{"USER_NAME":"admin"}
3/20/2017 20:25:9 1: BEGIN PKREQUESTMANAGER.CALLQUERY(1,'CLI0000002','abe','{}', '{admin}','{}', :cursor); END;
3/20/2017 20:30:17 2: Connecting to database:{"user":"controlroom","password":"controlroom","connectString":"192.168.56.101/xe"}
3/20/2017 20:30:17 2: Path request:/api/user/
3/20/2017 20:30:17 2: Path query:{"USER_NAME":"admin"}
3/20/2017 20:30:17 2: BEGIN PKREQUESTMANAGER.CALLQUERY(2,'CLI0000002','abe','{}', '{admin}','{}', :cursor); END;
3/20/2017 20:30:17 2: 0 Object(s) returned... [FETCH]
3/20/2017 20:30:17 2: 
3/20/2017 20:30:31 3: Connecting to database:{"user":"controlroom","password":"controlroom","connectString":"192.168.56.101/xe"}
3/20/2017 20:30:31 3: Path request:/api/user/
3/20/2017 20:30:31 3: Path query:{"USER_NAME":"abe"}
3/20/2017 20:30:31 3: BEGIN PKREQUESTMANAGER.CALLQUERY(3,'CLI0000002','abe','{}', '{abe}','{}', :cursor); END;
3/20/2017 20:30:31 3: 0 Object(s) returned... [FETCH]
3/20/2017 20:30:31 3: 
3/20/2017 20:37:20 4: Connecting to database:{"user":"controlroom","password":"controlroom","connectString":"192.168.56.101/xe"}
3/20/2017 20:37:20 4: Path request:/api/user/
3/20/2017 20:37:20 4: Path query:{"USER_NAME":"abe"}
3/20/2017 20:37:20 4: BEGIN PKREQUESTMANAGER.CALLQUERY(4,'CLI0000002','abe','{}', '{abe}','{}', :cursor); END;
3/20/2017 20:37:20 4: 1 Object(s) returned... [FETCH]
3/20/2017 20:37:20 4: [object Object]
3/20/2017 20:37:26 5: Connecting to database:{"user":"controlroom","password":"controlroom","connectString":"192.168.56.101/xe"}
3/20/2017 20:37:26 5: Path request:/api/user/
3/20/2017 20:37:26 5: Path query:{"USER_NAME":"admin"}
3/20/2017 20:37:26 5: BEGIN PKREQUESTMANAGER.CALLQUERY(5,'CLI0000002','abe','{}', '{admin}','{}', :cursor); END;
3/20/2017 20:37:26 5: 1 Object(s) returned... [FETCH]
3/20/2017 20:37:26 5: [object Object]
