3/20/2017 8:11:54 1: Path requestuest:/api/authentification/
3/20/2017 8:11:54 1: Path query:{}
3/20/2017 8:11:54 1: BEGIN PKREQUESTMANAGER.CALLQUERY(1,'ADM0000001','admin','{}', '{undefined,admin}','{}', :cursor); END;
3/20/2017 8:11:54 1: 0 Object(s) returned... [FETCH]
3/20/2017 8:11:54 1: 
3/20/2017 8:14:38 2: Path requestuest:/api/authentification/
3/20/2017 8:14:38 2: Path query:{}
3/20/2017 8:14:38 2: BEGIN PKREQUESTMANAGER.CALLQUERY(2,'ADM0000001','admin','{}', '{undefined,admin}','{}', :cursor); END;
3/20/2017 8:14:38 2: 0 Object(s) returned... [FETCH]
3/20/2017 8:14:38 2: 
3/20/2017 8:15:55 1: Path requestuest:/api/authentification/
3/20/2017 8:15:55 1: Path query:{}
3/20/2017 8:15:55 1: BEGIN PKREQUESTMANAGER.CALLQUERY(1,'ADM0000001','admin','{}', '{undefined,admin}','{}', :cursor); END;
3/20/2017 8:15:55 1: 0 Object(s) returned... [FETCH]
3/20/2017 8:15:55 1: 
3/20/2017 8:19:5 1: Path requestuest:/api/authentification/
3/20/2017 8:19:5 1: Path query:{}
3/20/2017 8:19:5 1: BEGIN PKREQUESTMANAGER.CALLQUERY(1,'ADM0000001','admin','{}', '{admin,admin}','{}', :cursor); END;
3/20/2017 8:19:5 1: 1 Object(s) returned... [FETCH]
3/20/2017 8:19:5 1: [object Object]
3/20/2017 8:34:52 2: Path requestuest:/api/authentification/
3/20/2017 8:34:52 2: Path query:{}
3/20/2017 8:34:52 2: BEGIN PKREQUESTMANAGER.CALLQUERY(2,'ADM0000001','admin','{}', '{admin,ahmed}','{}', :cursor); END;
3/20/2017 8:34:52 2: 0 Object(s) returned... [FETCH]
3/20/2017 8:34:52 2: 
3/20/2017 8:35:2 3: Path requestuest:/api/authentification/
3/20/2017 8:35:2 3: Path query:{}
3/20/2017 8:35:2 3: BEGIN PKREQUESTMANAGER.CALLQUERY(3,'ADM0000001','admin','{}', '{admin,admin}','{}', :cursor); END;
3/20/2017 8:35:2 3: 1 Object(s) returned... [FETCH]
3/20/2017 8:35:2 3: [object Object]
3/20/2017 8:36:28 4: Path requestuest:/api/authentification/
3/20/2017 8:36:28 4: Path query:{}
3/20/2017 8:36:28 4: BEGIN PKREQUESTMANAGER.CALLQUERY(4,'ADM0000001','admin','{}', '{admin,admin}','{}', :cursor); END;
3/20/2017 8:36:28 4: 1 Object(s) returned... [FETCH]
3/20/2017 8:36:28 4: [object Object]
3/20/2017 8:36:40 5: Path requestuest:/api/authentification/
3/20/2017 8:36:40 5: Path query:{}
3/20/2017 8:36:40 5: BEGIN PKREQUESTMANAGER.CALLQUERY(5,'ADM0000001','admin','{}', '{admin,admi}','{}', :cursor); END;
3/20/2017 8:36:40 5: 0 Object(s) returned... [FETCH]
3/20/2017 8:36:40 5: 
3/20/2017 8:57:13 2: Path requestuest:/api/authentification/
3/20/2017 8:57:13 2: Path query:{}
3/20/2017 8:57:13 2: BEGIN PKREQUESTMANAGER.CALLQUERY(2,'ADM0000001','admin','{}', '{undefined,admin}','{}', :cursor); END;
3/20/2017 8:57:13 2: 0 Object(s) returned... [FETCH]
3/20/2017 8:57:13 2: 
3/20/2017 8:57:42 1: Path requestuest:/api/authentification/
3/20/2017 8:57:42 1: Path query:{}
3/20/2017 8:57:42 1: BEGIN PKREQUESTMANAGER.CALLQUERY(1,'ADM0000001','admin','{}', '{admin,admin}','{}', :cursor); END;
3/20/2017 8:57:42 1: 1 Object(s) returned... [FETCH]
3/20/2017 8:57:42 1: [object Object]
3/20/2017 8:58:14 1: Path requestuest:/api/authentification/
3/20/2017 8:58:14 1: Path query:{}
3/20/2017 8:58:14 1: BEGIN PKREQUESTMANAGER.CALLQUERY(1,'ADM0000001','admin','{}', '{admin,admin}','{}', :cursor); END;
3/20/2017 8:58:14 1: 1 Object(s) returned... [FETCH]
3/20/2017 8:58:14 1: [object Object]
3/20/2017 8:58:48 1: Path requestuest:/api/authentification/
3/20/2017 8:58:48 1: Path query:{}
3/20/2017 8:58:48 1: BEGIN PKREQUESTMANAGER.CALLQUERY(1,'ADM0000001','admin','{}', '{admin,admin}','{}', :cursor); END;
3/20/2017 8:58:48 1: 1 Object(s) returned... [FETCH]
3/20/2017 8:58:48 1: [object Object]
3/20/2017 8:59:19 1: Path requestuest:/api/authentification/
3/20/2017 8:59:19 1: Path query:{}
3/20/2017 8:59:19 1: BEGIN PKREQUESTMANAGER.CALLQUERY(1,'ADM0000001','admin','{}', '{admin,admin}','{}', :cursor); END;
3/20/2017 8:59:19 1: 1 Object(s) returned... [FETCH]
3/20/2017 8:59:19 1: [object Object]
3/20/2017 8:59:27 2: Path requestuest:/api/authentification/
3/20/2017 8:59:27 2: Path query:{}
3/20/2017 8:59:27 2: BEGIN PKREQUESTMANAGER.CALLQUERY(2,'ADM0000001','admin','{}', '{admin,admin}','{}', :cursor); END;
3/20/2017 8:59:27 2: 1 Object(s) returned... [FETCH]
3/20/2017 8:59:27 2: [object Object]
3/20/2017 8:59:58 1: Path requestuest:/api/authentification/
3/20/2017 8:59:58 1: Path query:{}
3/20/2017 8:59:58 1: BEGIN PKREQUESTMANAGER.CALLQUERY(1,'ADM0000001','admin','{}', '{admin,admin}','{}', :cursor); END;
3/20/2017 8:59:58 1: 1 Object(s) returned... [FETCH]
3/20/2017 8:59:58 1: [object Object]
3/20/2017 9:0:25 1: Path requestuest:/api/authentification/
3/20/2017 9:0:25 1: Path query:{}
3/20/2017 9:0:25 1: BEGIN PKREQUESTMANAGER.CALLQUERY(1,'ADM0000001','admin','{}', '{admin,admin}','{}', :cursor); END;
3/20/2017 9:0:25 1: 1 Object(s) returned... [FETCH]
3/20/2017 9:0:25 1: [object Object]
3/20/2017 9:1:11 1: Path requestuest:/api/authentification/
3/20/2017 9:1:11 1: Path query:{}
3/20/2017 9:1:11 1: BEGIN PKREQUESTMANAGER.CALLQUERY(1,'ADM0000001','admin','{}', '{admin,admin}','{}', :cursor); END;
3/20/2017 9:1:11 1: 1 Object(s) returned... [FETCH]
3/20/2017 9:1:11 1: [object Object]
3/20/2017 9:1:33 1: Path requestuest:/api/authentification/
3/20/2017 9:1:33 1: Path query:{}
3/20/2017 9:1:33 1: BEGIN PKREQUESTMANAGER.CALLQUERY(1,'ADM0000001','admin','{}', '{admin,admin}','{}', :cursor); END;
3/20/2017 9:1:33 1: 1 Object(s) returned... [FETCH]
3/20/2017 9:1:33 1: [object Object]
3/20/2017 9:1:49 1: Path requestuest:/api/authentification/
3/20/2017 9:1:49 1: Path query:{}
3/20/2017 9:1:49 1: BEGIN PKREQUESTMANAGER.CALLQUERY(1,'ADM0000001','admin','{}', '{admin,admin}','{}', :cursor); END;
3/20/2017 9:1:49 1: 1 Object(s) returned... [FETCH]
3/20/2017 9:1:49 1: [object Object]
3/20/2017 9:2:50 1: Path requestuest:/api/authentification/
3/20/2017 9:2:50 1: Path query:{}
3/20/2017 9:2:50 1: BEGIN PKREQUESTMANAGER.CALLQUERY(1,'ADM0000001','admin','{}', '{admin,admin}','{}', :cursor); END;
3/20/2017 9:2:50 1: 1 Object(s) returned... [FETCH]
3/20/2017 9:2:50 1: [object Object]
3/20/2017 9:3:25 1: Path requestuest:/api/authentification/
3/20/2017 9:3:25 1: Path query:{}
3/20/2017 9:3:25 1: BEGIN PKREQUESTMANAGER.CALLQUERY(1,'ADM0000001','admin','{}', '{admin,admin}','{}', :cursor); END;
3/20/2017 9:3:25 1: 1 Object(s) returned... [FETCH]
3/20/2017 9:3:25 1: [object Object]
3/20/2017 9:19:11 2: Path requestuest:/api/authentification/
3/20/2017 9:19:11 2: Path query:{}
3/20/2017 9:19:11 2: BEGIN PKREQUESTMANAGER.CALLQUERY(2,'ADM0000001','admin','{}', '{admin,admin}','{}', :cursor); END;
3/20/2017 9:19:11 2: 1 Object(s) returned... [FETCH]
3/20/2017 9:19:11 2: [object Object]
3/20/2017 9:30:10 1: Path requestuest:/api/authentification/
3/20/2017 9:30:10 1: Path query:{}
3/20/2017 9:30:10 1: BEGIN PKREQUESTMANAGER.CALLQUERY(1,'ADM0000001','admin','{}', '{admin,admin}','{}', :cursor); END;
3/20/2017 9:30:10 1: 1 Object(s) returned... [FETCH]
3/20/2017 9:30:10 1: [object Object]
3/20/2017 9:45:44 1: Path requestuest:/api/authentification/
3/20/2017 9:45:44 1: Path query:{}
3/20/2017 9:45:44 1: BEGIN PKREQUESTMANAGER.CALLQUERY(1,'ADM0000001','admin','{}', '{admin,admin}','{}', :cursor); END;
3/20/2017 9:45:44 1: 1 Object(s) returned... [FETCH]
3/20/2017 9:45:44 1: [object Object]
3/20/2017 9:46:34 1: Path requestuest:/api/authentification/
3/20/2017 9:46:34 1: Path query:{}
3/20/2017 9:46:34 1: BEGIN PKREQUESTMANAGER.CALLQUERY(1,'ADM0000001','admin','{}', '{admin,admin}','{}', :cursor); END;
3/20/2017 9:46:34 1: 1 Object(s) returned... [FETCH]
3/20/2017 9:46:34 1: [object Object]
3/20/2017 9:46:44 2: Path requestuest:/api/authentification/
3/20/2017 9:46:44 2: Path query:{}
3/20/2017 9:46:44 2: BEGIN PKREQUESTMANAGER.CALLQUERY(2,'ADM0000001','admin','{}', '{admin,admin}','{}', :cursor); END;
3/20/2017 9:46:44 2: 1 Object(s) returned... [FETCH]
3/20/2017 9:46:44 2: [object Object]
3/20/2017 10:13:21 1: Path requestuest:/api/authentification/
3/20/2017 10:13:21 1: Path query:{}
3/20/2017 10:13:21 1: BEGIN PKREQUESTMANAGER.CALLQUERY(1,'ADM0000001','admin','{}', '{admin,admin}','{}', :cursor); END;
3/20/2017 10:13:21 1: 1 Object(s) returned... [FETCH]
3/20/2017 10:13:21 1: [object Object]
3/20/2017 10:16:42 1: Path requestuest:/api/authentification/
3/20/2017 10:16:42 1: Path query:{}
3/20/2017 10:16:42 1: BEGIN PKREQUESTMANAGER.CALLQUERY(1,'ADM0000001','admin','{}', '{admin,admin}','{}', :cursor); END;
3/20/2017 10:16:42 1: 1 Object(s) returned... [FETCH]
3/20/2017 10:16:42 1: [object Object]
3/20/2017 10:19:52 1: Path requestuest:/api/authentification/
3/20/2017 10:19:52 1: Path query:{}
3/20/2017 10:19:52 1: BEGIN PKREQUESTMANAGER.CALLQUERY(1,'ADM0000001','admin','{}', '{admin,admin}','{}', :cursor); END;
3/20/2017 10:19:52 1: 1 Object(s) returned... [FETCH]
3/20/2017 10:19:52 1: [object Object]
3/20/2017 10:20:12 1: Path requestuest:/api/authentification/
3/20/2017 10:20:12 1: Path query:{}
3/20/2017 10:20:12 1: BEGIN PKREQUESTMANAGER.CALLQUERY(1,'ADM0000001','admin','{}', '{admin,admin}','{}', :cursor); END;
3/20/2017 10:20:12 1: 1 Object(s) returned... [FETCH]
3/20/2017 10:20:12 1: [object Object]
3/20/2017 10:22:54 1: Path requestuest:/api/authentification/
3/20/2017 10:22:54 1: Path query:{}
3/20/2017 10:22:54 1: BEGIN PKREQUESTMANAGER.CALLQUERY(1,'ADM0000001','admin','{}', '{admin,admin}','{}', :cursor); END;
3/20/2017 10:22:54 1: 1 Object(s) returned... [FETCH]
3/20/2017 10:22:54 1: [object Object]
3/20/2017 10:24:11 1: Path requestuest:/api/authentification/
3/20/2017 10:24:11 1: Path query:{}
3/20/2017 10:24:11 1: BEGIN PKREQUESTMANAGER.CALLQUERY(1,'ADM0000001','admin','{}', '{admin,admin}','{}', :cursor); END;
3/20/2017 10:24:11 1: 1 Object(s) returned... [FETCH]
3/20/2017 10:24:11 1: [object Object]
3/20/2017 10:24:47 1: Path requestuest:/api/authentification/
3/20/2017 10:24:47 1: Path query:{}
3/20/2017 10:24:47 1: BEGIN PKREQUESTMANAGER.CALLQUERY(1,'ADM0000001','admin','{}', '{admin,admin}','{}', :cursor); END;
3/20/2017 10:24:47 1: 1 Object(s) returned... [FETCH]
3/20/2017 10:24:47 1: [object Object]
3/20/2017 10:25:1 1: Path requestuest:/api/authentification/
3/20/2017 10:25:1 1: Path query:{}
3/20/2017 10:25:1 1: BEGIN PKREQUESTMANAGER.CALLQUERY(1,'ADM0000001','admin','{}', '{admin,admin}','{}', :cursor); END;
3/20/2017 10:25:1 1: 1 Object(s) returned... [FETCH]
3/20/2017 10:25:1 1: [object Object]
3/20/2017 10:29:49 1: Path requestuest:/api/authentification/
3/20/2017 10:29:49 1: Path query:{}
3/20/2017 10:29:49 1: BEGIN PKREQUESTMANAGER.CALLQUERY(1,'ADM0000001','admin','{}', '{admin,admin}','{}', :cursor); END;
3/20/2017 10:29:50 1: 1 Object(s) returned... [FETCH]
3/20/2017 10:29:50 1: [object Object]
3/20/2017 10:34:45 1: Path requestuest:/api/authentification/
3/20/2017 10:34:45 1: Path query:{}
3/20/2017 10:34:45 1: BEGIN PKREQUESTMANAGER.CALLQUERY(1,'ADM0000001','admin','{}', '{admin,admin}','{}', :cursor); END;
3/20/2017 10:34:45 1: 1 Object(s) returned... [FETCH]
3/20/2017 10:34:45 1: [object Object]
3/20/2017 10:39:19 1: Path requestuest:/api/authentification/
3/20/2017 10:39:19 1: Path query:{}
3/20/2017 10:39:19 1: BEGIN PKREQUESTMANAGER.CALLQUERY(1,'ADM0000001','admin','{}', '{admin,admin}','{}', :cursor); END;
3/20/2017 10:39:19 1: 1 Object(s) returned... [FETCH]
3/20/2017 10:39:19 1: [object Object]
3/20/2017 10:40:19 1: Path requestuest:/api/authentification/
3/20/2017 10:40:19 1: Path query:{}
3/20/2017 10:40:19 1: BEGIN PKREQUESTMANAGER.CALLQUERY(1,'ADM0000001','admin','{}', '{admin,admin}','{}', :cursor); END;
3/20/2017 10:40:19 1: 1 Object(s) returned... [FETCH]
3/20/2017 10:40:19 1: [object Object]
3/20/2017 10:41:12 1: Path requestuest:/api/authentification/
3/20/2017 10:41:12 1: Path query:{}
3/20/2017 10:41:12 1: BEGIN PKREQUESTMANAGER.CALLQUERY(1,'ADM0000001','admin','{}', '{admin,admin}','{}', :cursor); END;
3/20/2017 10:41:12 1: 1 Object(s) returned... [FETCH]
3/20/2017 10:41:12 1: [object Object]
3/20/2017 10:41:50 1: Path requestuest:/api/authentification/
3/20/2017 10:41:50 1: Path query:{}
3/20/2017 10:41:50 1: BEGIN PKREQUESTMANAGER.CALLQUERY(1,'ADM0000001','admin','{}', '{admin,admin}','{}', :cursor); END;
3/20/2017 10:41:50 1: 1 Object(s) returned... [FETCH]
3/20/2017 10:41:50 1: [object Object]
3/20/2017 10:42:22 1: Path requestuest:/api/authentification/
3/20/2017 10:42:22 1: Path query:{}
3/20/2017 10:42:22 1: BEGIN PKREQUESTMANAGER.CALLQUERY(1,'ADM0000001','admin','{}', '{admin,admin}','{}', :cursor); END;
3/20/2017 10:42:22 1: 1 Object(s) returned... [FETCH]
3/20/2017 10:42:22 1: [object Object]
3/20/2017 10:43:3 1: Path requestuest:/api/authentification/
3/20/2017 10:43:3 1: Path query:{}
3/20/2017 10:43:3 1: BEGIN PKREQUESTMANAGER.CALLQUERY(1,'ADM0000001','admin','{}', '{admin,admin}','{}', :cursor); END;
3/20/2017 10:43:3 1: 1 Object(s) returned... [FETCH]
3/20/2017 10:43:3 1: [object Object]
3/20/2017 10:43:15 1: Path requestuest:/api/authentification/
3/20/2017 10:43:15 1: Path query:{}
3/20/2017 10:43:15 1: BEGIN PKREQUESTMANAGER.CALLQUERY(1,'ADM0000001','admin','{}', '{admin,admin}','{}', :cursor); END;
3/20/2017 10:43:15 1: 1 Object(s) returned... [FETCH]
3/20/2017 10:43:15 1: [object Object]
3/20/2017 10:43:39 1: Path requestuest:/api/authentification/
3/20/2017 10:43:39 1: Path query:{}
3/20/2017 10:43:39 1: BEGIN PKREQUESTMANAGER.CALLQUERY(1,'ADM0000001','admin','{}', '{admin,admin}','{}', :cursor); END;
3/20/2017 10:43:39 1: 1 Object(s) returned... [FETCH]
3/20/2017 10:43:39 1: [object Object]
3/20/2017 10:44:15 1: Path requestuest:/api/authentification/
3/20/2017 10:44:15 1: Path query:{}
3/20/2017 10:44:15 1: BEGIN PKREQUESTMANAGER.CALLQUERY(1,'ADM0000001','admin','{}', '{admin,admin}','{}', :cursor); END;
3/20/2017 10:44:15 1: 1 Object(s) returned... [FETCH]
3/20/2017 10:44:15 1: [object Object]
3/20/2017 10:44:49 1: Path requestuest:/api/authentification/
3/20/2017 10:44:49 1: Path query:{}
3/20/2017 10:44:49 1: BEGIN PKREQUESTMANAGER.CALLQUERY(1,'ADM0000001','admin','{}', '{admin,admin}','{}', :cursor); END;
3/20/2017 10:44:49 1: 1 Object(s) returned... [FETCH]
3/20/2017 10:44:49 1: [object Object]
3/20/2017 10:46:15 1: Path requestuest:/api/authentification/
3/20/2017 10:46:15 1: Path query:{}
3/20/2017 10:46:15 1: BEGIN PKREQUESTMANAGER.CALLQUERY(1,'ADM0000001','admin','{}', '{admin,admin}','{}', :cursor); END;
3/20/2017 10:46:15 1: 1 Object(s) returned... [FETCH]
3/20/2017 10:46:15 1: [object Object]
3/20/2017 10:46:51 1: Path requestuest:/api/authentification/
3/20/2017 10:46:51 1: Path query:{}
3/20/2017 10:46:51 1: BEGIN PKREQUESTMANAGER.CALLQUERY(1,'ADM0000001','admin','{}', '{admin,admin}','{}', :cursor); END;
3/20/2017 10:46:51 1: 1 Object(s) returned... [FETCH]
3/20/2017 10:46:51 1: [object Object]
3/20/2017 10:51:5 1: Path requestuest:/api/authentification/
3/20/2017 10:51:5 1: Path query:{}
3/20/2017 10:51:5 1: BEGIN PKREQUESTMANAGER.CALLQUERY(1,'ADM0000002','admin','{}', '{undefined,admi}','{}', :cursor); END;
3/20/2017 10:51:5 1: 2 Object(s) returned... [FETCH]
3/20/2017 10:51:5 1: [object Object],[object Object]
3/20/2017 10:52:51 1: Path requestuest:/api/authentification/
3/20/2017 10:52:51 1: Path query:{}
3/20/2017 10:52:51 1: BEGIN PKREQUESTMANAGER.CALLQUERY(1,'ADM0000001','admin','{}', '{admin,admin}','{}', :cursor); END;
3/20/2017 10:52:51 1: 1 Object(s) returned... [FETCH]
3/20/2017 10:52:51 1: [object Object]
3/20/2017 10:53:8 1: Path requestuest:/api/authentification/
3/20/2017 10:53:8 1: Path query:{}
3/20/2017 10:53:8 1: BEGIN PKREQUESTMANAGER.CALLQUERY(1,'ADM0000001','admin','{}', '{admin,admin}','{}', :cursor); END;
3/20/2017 10:53:8 1: 1 Object(s) returned... [FETCH]
3/20/2017 10:53:8 1: [object Object]
3/20/2017 10:54:18 1: Path requestuest:/api/authentification/
3/20/2017 10:54:18 1: Path query:{}
3/20/2017 10:54:18 1: BEGIN PKREQUESTMANAGER.CALLQUERY(1,'ADM0000001','admin','{}', '{admin,admin}','{}', :cursor); END;
3/20/2017 10:54:18 1: 1 Object(s) returned... [FETCH]
3/20/2017 10:54:18 1: [object Object]
3/20/2017 10:54:44 1: Path requestuest:/api/authentification/
3/20/2017 10:54:44 1: Path query:{}
3/20/2017 10:54:44 1: BEGIN PKREQUESTMANAGER.CALLQUERY(1,'ADM0000001','admin','{}', '{admin,admin}','{}', :cursor); END;
3/20/2017 10:54:44 1: 1 Object(s) returned... [FETCH]
3/20/2017 10:54:44 1: [object Object]
3/20/2017 10:56:47 7: Path requestuest:/api/authentification/
3/20/2017 10:56:47 7: Path query:{}
3/20/2017 10:56:47 7: BEGIN PKREQUESTMANAGER.CALLQUERY(7,'ADM0000001','admin','{}', '{admin,admin}','{}', :cursor); END;
3/20/2017 10:56:47 7: 1 Object(s) returned... [FETCH]
3/20/2017 10:56:47 7: [object Object]
3/20/2017 11:0:12 9: Path requestuest:/api/authentification/
3/20/2017 11:0:12 9: Path query:{}
3/20/2017 11:0:12 9: BEGIN PKREQUESTMANAGER.CALLQUERY(9,'ADM0000001','admin','{}', '{admin,admin}','{}', :cursor); END;
3/20/2017 11:0:12 9: 1 Object(s) returned... [FETCH]
3/20/2017 11:0:12 9: [object Object]
3/20/2017 11:4:3 1: Path requestuest:/api/authentification/
3/20/2017 11:4:3 1: Path query:{}
3/20/2017 11:4:3 1: BEGIN PKREQUESTMANAGER.CALLQUERY(1,'ADM0000001','admin','{}', '{admin,admin}','{}', :cursor); END;
3/20/2017 11:4:3 1: 1 Object(s) returned... [FETCH]
3/20/2017 11:4:3 1: [object Object]
3/20/2017 11:17:24 5: Path requestuest:/api/authentification/
3/20/2017 11:17:24 5: Path query:{}
3/20/2017 11:17:24 5: BEGIN PKREQUESTMANAGER.CALLQUERY(5,'ADM0000001','admin','{}', '{admin,admin}','{}', :cursor); END;
3/20/2017 11:17:24 5: 1 Object(s) returned... [FETCH]
3/20/2017 11:17:24 5: [object Object]
3/20/2017 11:17:39 6: Path requestuest:/api/authentification/
3/20/2017 11:17:39 6: Path query:{}
3/20/2017 11:17:39 6: BEGIN PKREQUESTMANAGER.CALLQUERY(6,'ADM0000001','admin','{}', '{admin,admi}','{}', :cursor); END;
3/20/2017 11:17:39 6: 0 Object(s) returned... [FETCH]
3/20/2017 11:17:45 7: Path requestuest:/api/authentification/
3/20/2017 11:17:45 7: Path query:{}
3/20/2017 11:17:45 7: BEGIN PKREQUESTMANAGER.CALLQUERY(7,'ADM0000001','admin','{}', '{admin,admi}','{}', :cursor); END;
3/20/2017 11:17:45 7: 0 Object(s) returned... [FETCH]
3/20/2017 11:17:46 8: Path requestuest:/api/authentification/
3/20/2017 11:17:46 8: Path query:{}
3/20/2017 11:17:46 8: BEGIN PKREQUESTMANAGER.CALLQUERY(8,'ADM0000001','admin','{}', '{admin,admi}','{}', :cursor); END;
3/20/2017 11:17:46 8: 0 Object(s) returned... [FETCH]
3/20/2017 11:17:48 9: Path requestuest:/api/authentification/
3/20/2017 11:17:48 9: Path query:{}
3/20/2017 11:17:48 9: BEGIN PKREQUESTMANAGER.CALLQUERY(9,'ADM0000001','admin','{}', '{admin,admi}','{}', :cursor); END;
3/20/2017 11:17:48 9: 0 Object(s) returned... [FETCH]
3/20/2017 11:17:58 10: Path requestuest:/api/authentification/
3/20/2017 11:17:58 10: Path query:{}
3/20/2017 11:17:58 10: BEGIN PKREQUESTMANAGER.CALLQUERY(10,'ADM0000001','admin','{}', '{admin,admin}','{}', :cursor); END;
3/20/2017 11:17:58 10: 1 Object(s) returned... [FETCH]
3/20/2017 11:17:58 10: [object Object]
3/20/2017 11:34:52 11: Path requestuest:/api/authentification/
3/20/2017 11:34:52 11: Path query:{}
3/20/2017 11:34:52 11: BEGIN PKREQUESTMANAGER.CALLQUERY(11,'ADM0000001','admin','{}', '{admin,a}','{}', :cursor); END;
3/20/2017 11:34:52 11: 0 Object(s) returned... [FETCH]
3/20/2017 11:34:57 12: Path requestuest:/api/authentification/
3/20/2017 11:34:57 12: Path query:{}
3/20/2017 11:34:57 12: BEGIN PKREQUESTMANAGER.CALLQUERY(12,'ADM0000001','admin','{}', '{admin,a}','{}', :cursor); END;
3/20/2017 11:34:57 12: 0 Object(s) returned... [FETCH]
3/20/2017 11:35:2 13: Path requestuest:/api/authentification/
3/20/2017 11:35:2 13: Path query:{}
3/20/2017 11:35:2 13: BEGIN PKREQUESTMANAGER.CALLQUERY(13,'ADM0000001','admin','{}', '{admin,admin}','{}', :cursor); END;
3/20/2017 11:35:2 13: 1 Object(s) returned... [FETCH]
3/20/2017 11:35:2 13: [object Object]
3/20/2017 11:35:6 14: Path requestuest:/api/authentification/
3/20/2017 11:35:6 14: Path query:{}
3/20/2017 11:35:6 14: BEGIN PKREQUESTMANAGER.CALLQUERY(14,'ADM0000001','admin','{}', '{admin,admin}','{}', :cursor); END;
3/20/2017 11:35:6 14: 1 Object(s) returned... [FETCH]
3/20/2017 11:35:6 14: [object Object]
3/20/2017 11:40:23 15: Path requestuest:/api/authentification/
3/20/2017 11:40:23 15: Path query:{}
3/20/2017 11:40:23 15: BEGIN PKREQUESTMANAGER.CALLQUERY(15,'ADM0000001','admin','{}', '{admin,admin}','{}', :cursor); END;
3/20/2017 11:40:23 15: 1 Object(s) returned... [FETCH]
3/20/2017 11:40:23 15: [object Object]
3/20/2017 11:40:25 16: Path requestuest:/api/authentification/
3/20/2017 11:40:25 16: Path query:{}
3/20/2017 11:40:25 16: BEGIN PKREQUESTMANAGER.CALLQUERY(16,'ADM0000001','admin','{}', '{admin,admin}','{}', :cursor); END;
3/20/2017 11:40:25 16: 1 Object(s) returned... [FETCH]
3/20/2017 11:40:25 16: [object Object]
3/20/2017 11:40:28 17: Path requestuest:/api/authentification/
3/20/2017 11:40:28 17: Path query:{}
3/20/2017 11:40:28 17: BEGIN PKREQUESTMANAGER.CALLQUERY(17,'ADM0000001','admin','{}', '{admin,admin}','{}', :cursor); END;
3/20/2017 11:40:28 17: 1 Object(s) returned... [FETCH]
3/20/2017 11:40:28 17: [object Object]
3/20/2017 11:40:32 18: Path requestuest:/api/authentification/
3/20/2017 11:40:32 18: Path query:{}
3/20/2017 11:40:32 18: BEGIN PKREQUESTMANAGER.CALLQUERY(18,'ADM0000001','admin','{}', '{admin,admi}','{}', :cursor); END;
3/20/2017 11:40:32 18: 0 Object(s) returned... [FETCH]
3/20/2017 11:44:25 19: Path requestuest:/api/authentification/
3/20/2017 11:44:25 19: Path query:{}
3/20/2017 11:44:25 19: BEGIN PKREQUESTMANAGER.CALLQUERY(19,'ADM0000001','admin','{}', '{admin,admin}','{}', :cursor); END;
3/20/2017 11:44:25 19: 1 Object(s) returned... [FETCH]
3/20/2017 11:44:25 19: [object Object]
3/20/2017 11:44:33 20: Path requestuest:/api/authentification/
3/20/2017 11:44:33 20: Path query:{}
3/20/2017 11:44:33 20: BEGIN PKREQUESTMANAGER.CALLQUERY(20,'ADM0000001','admin','{}', '{admin,a}','{}', :cursor); END;
3/20/2017 11:44:33 20: 0 Object(s) returned... [FETCH]
3/20/2017 11:57:39 21: Path requestuest:/api/authentification/
3/20/2017 11:57:39 21: Path query:{}
3/20/2017 11:57:39 21: BEGIN PKREQUESTMANAGER.CALLQUERY(21,'ADM0000001','admin','{}', '{admin,a}','{}', :cursor); END;
3/20/2017 11:57:39 21: 0 Object(s) returned... [FETCH]
3/20/2017 11:58:40 22: Path requestuest:/api/authentification/
3/20/2017 11:58:40 22: Path query:{}
3/20/2017 11:58:40 22: BEGIN PKREQUESTMANAGER.CALLQUERY(22,'ADM0000001','admin','{}', '{admin,a}','{}', :cursor); END;
3/20/2017 11:58:40 22: 0 Object(s) returned... [FETCH]
3/20/2017 12:1:3 23: Path requestuest:/api/authentification/
3/20/2017 12:1:3 23: Path query:{}
3/20/2017 12:1:3 23: BEGIN PKREQUESTMANAGER.CALLQUERY(23,'ADM0000001','admin','{}', '{admin,a}','{}', :cursor); END;
3/20/2017 12:1:3 23: 0 Object(s) returned... [FETCH]
3/20/2017 12:1:10 24: Path requestuest:/api/authentification/
3/20/2017 12:1:10 24: Path query:{}
3/20/2017 12:1:10 24: BEGIN PKREQUESTMANAGER.CALLQUERY(24,'ADM0000001','admin','{}', '{admin,a}','{}', :cursor); END;
3/20/2017 12:1:10 24: 0 Object(s) returned... [FETCH]
3/20/2017 12:1:15 25: Path requestuest:/api/authentification/
3/20/2017 12:1:15 25: Path query:{}
3/20/2017 12:1:15 25: BEGIN PKREQUESTMANAGER.CALLQUERY(25,'ADM0000001','admin','{}', '{admin,admin}','{}', :cursor); END;
3/20/2017 12:1:15 25: 1 Object(s) returned... [FETCH]
3/20/2017 12:1:15 25: [object Object]
3/20/2017 12:1:26 26: Path requestuest:/api/authentification/
3/20/2017 12:1:26 26: Path query:{}
3/20/2017 12:1:26 26: BEGIN PKREQUESTMANAGER.CALLQUERY(26,'ADM0000001','admin','{}', '{admin,a}','{}', :cursor); END;
3/20/2017 12:1:26 26: 0 Object(s) returned... [FETCH]
3/20/2017 12:1:34 27: Path requestuest:/api/authentification/
3/20/2017 12:1:34 27: Path query:{}
3/20/2017 12:1:34 27: BEGIN PKREQUESTMANAGER.CALLQUERY(27,'ADM0000001','admin','{}', '{admin,a}','{}', :cursor); END;
3/20/2017 12:1:34 27: 0 Object(s) returned... [FETCH]
3/20/2017 12:2:11 28: Path requestuest:/api/authentification/
3/20/2017 12:2:11 28: Path query:{}
3/20/2017 12:2:11 28: BEGIN PKREQUESTMANAGER.CALLQUERY(28,'ADM0000001','admin','{}', '{admin,a}','{}', :cursor); END;
3/20/2017 12:2:11 28: 0 Object(s) returned... [FETCH]
3/20/2017 12:2:23 30: Path requestuest:/api/authentification/
3/20/2017 12:2:23 30: Path query:{}
3/20/2017 12:2:23 30: BEGIN PKREQUESTMANAGER.CALLQUERY(30,'ADM0000001','admin','{}', '{admin,a}','{}', :cursor); END;
3/20/2017 12:2:23 30: 0 Object(s) returned... [FETCH]
3/20/2017 12:2:58 31: Path requestuest:/api/authentification/
3/20/2017 12:2:58 31: Path query:{}
3/20/2017 12:2:58 31: BEGIN PKREQUESTMANAGER.CALLQUERY(31,'ADM0000001','admin','{}', '{admin,a}','{}', :cursor); END;
3/20/2017 12:2:58 31: 0 Object(s) returned... [FETCH]
3/20/2017 12:3:11 32: Path requestuest:/api/authentification/
3/20/2017 12:3:11 32: Path query:{}
3/20/2017 12:3:11 32: BEGIN PKREQUESTMANAGER.CALLQUERY(32,'ADM0000001','admin','{}', '{admin,admin}','{}', :cursor); END;
3/20/2017 12:3:11 32: 1 Object(s) returned... [FETCH]
3/20/2017 12:3:11 32: [object Object]
3/20/2017 12:10:0 34: Path requestuest:/api/authentification/
3/20/2017 12:10:0 34: Path query:{}
3/20/2017 12:10:0 34: BEGIN PKREQUESTMANAGER.CALLQUERY(34,'ADM0000001','admin','{}', '{admin,admin}','{}', :cursor); END;
3/20/2017 12:10:0 34: 1 Object(s) returned... [FETCH]
3/20/2017 12:10:0 34: [object Object]
3/20/2017 12:12:44 35: Path requestuest:/api/authentification/
3/20/2017 12:12:44 35: Path query:{}
3/20/2017 12:12:44 35: BEGIN PKREQUESTMANAGER.CALLQUERY(35,'ADM0000001','admin','{}', '{admin,admin}','{}', :cursor); END;
3/20/2017 12:12:44 35: 1 Object(s) returned... [FETCH]
3/20/2017 12:12:44 35: [object Object]
3/20/2017 12:13:45 39: Path requestuest:/api/authentification/
3/20/2017 12:13:45 39: Path query:{}
3/20/2017 12:13:45 39: BEGIN PKREQUESTMANAGER.CALLQUERY(39,'ADM0000001','admin','{}', '{admin,admin}','{}', :cursor); END;
3/20/2017 12:13:45 39: 1 Object(s) returned... [FETCH]
3/20/2017 12:13:45 39: [object Object]
3/20/2017 12:25:55 40: Path requestuest:/api/authentification/
3/20/2017 12:25:55 40: Path query:{}
3/20/2017 12:25:55 40: BEGIN PKREQUESTMANAGER.CALLQUERY(40,'ADM0000001','admin','{}', '{admin,admin}','{}', :cursor); END;
3/20/2017 12:25:55 40: 1 Object(s) returned... [FETCH]
3/20/2017 12:25:55 40: [object Object]
3/20/2017 12:27:8 41: Path requestuest:/api/authentification/
3/20/2017 12:27:8 41: Path query:{}
3/20/2017 12:27:8 41: BEGIN PKREQUESTMANAGER.CALLQUERY(41,'ADM0000001','admin','{}', '{admin,admin}','{}', :cursor); END;
3/20/2017 12:27:8 41: 1 Object(s) returned... [FETCH]
3/20/2017 12:27:8 41: [object Object]
3/20/2017 13:49:11 1: Path requestuest:/api/authentification/
3/20/2017 13:49:11 1: Path query:{}
3/20/2017 13:49:11 1: BEGIN PKREQUESTMANAGER.CALLQUERY(1,'ADM0000001','admin','{}', '{admin,admin}','{}', :cursor); END;
3/20/2017 13:49:11 1: 1 Object(s) returned... [FETCH]
3/20/2017 13:49:11 1: [object Object]
3/20/2017 13:49:54 2: Path requestuest:/api/authentification/
3/20/2017 13:49:54 2: Path query:{}
3/20/2017 13:49:54 2: BEGIN PKREQUESTMANAGER.CALLQUERY(2,'ADM0000001','admin','{}', '{admin,a}','{}', :cursor); END;
3/20/2017 13:49:54 2: 0 Object(s) returned... [FETCH]
3/20/2017 13:50:0 3: Path requestuest:/api/authentification/
3/20/2017 13:50:0 3: Path query:{}
3/20/2017 13:50:0 3: BEGIN PKREQUESTMANAGER.CALLQUERY(3,'ADM0000001','admin','{}', '{admin,admin}','{}', :cursor); END;
3/20/2017 13:50:0 3: 1 Object(s) returned... [FETCH]
3/20/2017 13:50:0 3: [object Object]
3/20/2017 14:57:3 4: Path requestuest:/api/authentification/
3/20/2017 14:57:3 4: Path query:{}
3/20/2017 14:57:3 4: BEGIN PKREQUESTMANAGER.CALLQUERY(4,'ADM0000001','admin','{}', '{admin,admin}','{}', :cursor); END;
3/20/2017 14:57:3 4: 1 Object(s) returned... [FETCH]
3/20/2017 14:57:3 4: [object Object]
3/20/2017 14:57:36 5: Path requestuest:/api/authentification/
3/20/2017 14:57:36 5: Path query:{}
3/20/2017 14:57:36 5: BEGIN PKREQUESTMANAGER.CALLQUERY(5,'ADM0000001','admin','{}', '{admin,admin}','{}', :cursor); END;
3/20/2017 14:57:36 5: 1 Object(s) returned... [FETCH]
3/20/2017 14:57:36 5: [object Object]
3/20/2017 18:12:41 10: Path requestuest:/api/authentification/
3/20/2017 18:12:41 10: Path query:{}
3/20/2017 18:12:41 10: BEGIN PKREQUESTMANAGER.CALLQUERY(10,'ADM0000001','admin','{}', '{admin,admin}','{}', :cursor); END;
3/20/2017 18:12:41 10: 1 Object(s) returned... [FETCH]
3/20/2017 18:12:41 10: [object Object]
3/20/2017 18:14:19 11: Path requestuest:/api/authentification/
3/20/2017 18:14:19 11: Path query:{}
3/20/2017 18:14:19 11: BEGIN PKREQUESTMANAGER.CALLQUERY(11,'ADM0000001','admin','{}', '{admin,admin}','{}', :cursor); END;
3/20/2017 18:14:19 11: 1 Object(s) returned... [FETCH]
3/20/2017 18:14:19 11: [object Object]
3/20/2017 18:14:31 12: Path requestuest:/api/authentification/
3/20/2017 18:14:31 12: Path query:{}
3/20/2017 18:14:31 12: BEGIN PKREQUESTMANAGER.CALLQUERY(12,'ADM0000001','admin','{}', '{admin,admin}','{}', :cursor); END;
3/20/2017 18:14:31 12: 1 Object(s) returned... [FETCH]
3/20/2017 18:14:31 12: [object Object]
3/20/2017 18:20:54 13: Path requestuest:/api/authentification/
3/20/2017 18:20:54 13: Path query:{}
3/20/2017 18:20:54 13: BEGIN PKREQUESTMANAGER.CALLQUERY(13,'ADM0000001','admin','{}', '{admin,admin}','{}', :cursor); END;
3/20/2017 18:20:54 13: 1 Object(s) returned... [FETCH]
3/20/2017 18:20:54 13: [object Object]
3/20/2017 18:21:29 14: Path requestuest:/api/authentification/
3/20/2017 18:21:29 14: Path query:{}
3/20/2017 18:21:29 14: BEGIN PKREQUESTMANAGER.CALLQUERY(14,'ADM0000001','admin','{}', '{admin,admin}','{}', :cursor); END;
3/20/2017 18:21:29 14: 1 Object(s) returned... [FETCH]
3/20/2017 18:21:29 14: [object Object]
3/20/2017 18:23:26 15: Path requestuest:/api/authentification/
3/20/2017 18:23:26 15: Path query:{}
3/20/2017 18:23:26 15: BEGIN PKREQUESTMANAGER.CALLQUERY(15,'ADM0000001','admin','{}', '{admin,admin}','{}', :cursor); END;
3/20/2017 18:23:26 15: 1 Object(s) returned... [FETCH]
3/20/2017 18:23:26 15: [object Object]
3/20/2017 18:26:8 17: Path requestuest:/api/authentification/
3/20/2017 18:26:8 17: Path query:{}
3/20/2017 18:26:8 17: BEGIN PKREQUESTMANAGER.CALLQUERY(17,'ADM0000001','admin','{}', '{admin,admin}','{}', :cursor); END;
3/20/2017 18:26:8 17: 1 Object(s) returned... [FETCH]
3/20/2017 18:26:8 17: [object Object]
3/20/2017 18:31:23 1: Path requestuest:/api/authentification/
3/20/2017 18:31:23 1: Path query:{}
3/20/2017 18:31:23 1: BEGIN PKREQUESTMANAGER.CALLQUERY(1,'ADM0000001','admin','{}', '{admin,admin}','{}', :cursor); END;
3/20/2017 18:31:23 1: 1 Object(s) returned... [FETCH]
3/20/2017 18:31:23 1: [object Object]
3/20/2017 18:32:22 1: Path requestuest:/api/authentification/
3/20/2017 18:32:22 1: Path query:{}
3/20/2017 18:32:22 1: BEGIN PKREQUESTMANAGER.CALLQUERY(1,'ADM0000001','admin','{}', '{admin,admin}','{}', :cursor); END;
3/20/2017 18:32:22 1: 1 Object(s) returned... [FETCH]
3/20/2017 18:32:22 1: [object Object]
3/20/2017 18:35:21 1: Path requestuest:/api/authentification/
3/20/2017 18:35:21 1: Path query:{}
3/20/2017 18:35:21 1: BEGIN PKREQUESTMANAGER.CALLQUERY(1,'ADM0000001','admin','{}', '{admin,admin}','{}', :cursor); END;
3/20/2017 18:35:21 1: 1 Object(s) returned... [FETCH]
3/20/2017 18:35:21 1: [object Object]
3/20/2017 18:36:20 1: Path requestuest:/api/authentification/
3/20/2017 18:36:20 1: Path query:{}
3/20/2017 18:36:20 1: BEGIN PKREQUESTMANAGER.CALLQUERY(1,'ADM0000001','admin','{}', '{admin,admin}','{}', :cursor); END;
3/20/2017 18:36:20 1: 1 Object(s) returned... [FETCH]
3/20/2017 18:36:20 1: [object Object]
3/20/2017 19:31:2 5: LIBQUERY with Callback: 
3/20/2017 19:31:2 5: Path request:/api/authentification/
3/20/2017 19:31:2 5: Path header:undefined
3/20/2017 19:31:2 5: Path query:{}
3/20/2017 19:31:2 5: BEGIN PKREQUESTMANAGER.CALLQUERY(5,'ADM0000001','ADMIN','{}', '{ADMIN,admin}','{}', :cursor); END;
3/20/2017 19:31:2 5: 0 Object(s) returned... [FETCH]
3/20/2017 19:31:12 6: LIBQUERY with Callback: 
3/20/2017 19:31:12 6: Path request:/api/authentification/
3/20/2017 19:31:12 6: Path header:undefined
3/20/2017 19:31:12 6: Path query:{}
3/20/2017 19:31:12 6: BEGIN PKREQUESTMANAGER.CALLQUERY(6,'ADM0000001','admin','{}', '{admin,admin}','{}', :cursor); END;
3/20/2017 19:31:12 6: 1 Object(s) returned... [FETCH]
3/20/2017 19:31:12 6: [object Object]
3/20/2017 19:31:35 7: LIBQUERY with Callback: 
3/20/2017 19:31:35 7: Path request:/api/authentification/
3/20/2017 19:31:35 7: Path header:undefined
3/20/2017 19:31:35 7: Path query:{}
3/20/2017 19:31:35 7: BEGIN PKREQUESTMANAGER.CALLQUERY(7,'ADM0000001','admin','{}', '{admin,admin}','{}', :cursor); END;
3/20/2017 19:31:35 7: 1 Object(s) returned... [FETCH]
3/20/2017 19:31:35 7: [object Object]
3/20/2017 19:45:24 8: LIBQUERY with Callback: 
3/20/2017 19:45:24 8: Path request:/api/authentification/
3/20/2017 19:45:24 8: Path header:undefined
3/20/2017 19:45:24 8: Path query:{}
3/20/2017 19:45:24 8: BEGIN PKREQUESTMANAGER.CALLQUERY(8,'ADM0000001','admin','{}', '{admin,admin}','{}', :cursor); END;
3/20/2017 19:45:24 8: 1 Object(s) returned... [FETCH]
3/20/2017 19:45:24 8: [object Object]
3/20/2017 19:48:38 9: LIBQUERY with Callback: 
3/20/2017 19:48:38 9: Path request:/api/authentification/
3/20/2017 19:48:38 9: Path header:undefined
3/20/2017 19:48:38 9: Path query:{}
3/20/2017 19:48:38 9: BEGIN PKREQUESTMANAGER.CALLQUERY(9,'ADM0000001','admin','{}', '{admin,admin}','{}', :cursor); END;
3/20/2017 19:48:38 9: 1 Object(s) returned... [FETCH]
3/20/2017 19:48:38 9: [object Object]
3/20/2017 19:50:22 10: LIBQUERY with Callback: 
3/20/2017 19:50:22 10: Path request:/api/authentification/
3/20/2017 19:50:22 10: Path header:undefined
3/20/2017 19:50:22 10: Path query:{}
3/20/2017 19:50:22 10: BEGIN PKREQUESTMANAGER.CALLQUERY(10,'ADM0000001','admin','{}', '{admin,admin}','{}', :cursor); END;
3/20/2017 19:50:22 10: 1 Object(s) returned... [FETCH]
3/20/2017 19:50:22 10: [object Object]
3/20/2017 19:59:21 11: LIBQUERY with Callback: 
3/20/2017 19:59:21 11: Path request:/api/authentification/
3/20/2017 19:59:21 11: Path header:undefined
3/20/2017 19:59:21 11: Path query:{}
3/20/2017 19:59:21 11: BEGIN PKREQUESTMANAGER.CALLQUERY(11,'ADM0000001','admin','{}', '{admin,admin}','{}', :cursor); END;
3/20/2017 19:59:21 11: 1 Object(s) returned... [FETCH]
3/20/2017 19:59:21 11: [object Object]
3/20/2017 20:0:39 12: LIBQUERY with Callback: 
3/20/2017 20:0:39 12: Path request:/api/authentification/
3/20/2017 20:0:39 12: Path header:undefined
3/20/2017 20:0:39 12: Path query:{}
3/20/2017 20:0:39 12: BEGIN PKREQUESTMANAGER.CALLQUERY(12,'ADM0000001','admin','{}', '{admin,admin}','{}', :cursor); END;
3/20/2017 20:0:39 12: 1 Object(s) returned... [FETCH]
3/20/2017 20:0:39 12: [object Object]
3/20/2017 20:8:8 13: LIBQUERY with Callback: 
3/20/2017 20:8:8 13: Path request:/api/authentification/
3/20/2017 20:8:8 13: Path header:undefined
3/20/2017 20:8:8 13: Path query:{}
3/20/2017 20:8:8 13: BEGIN PKREQUESTMANAGER.CALLQUERY(13,'ADM0000001','admin','{}', '{admin,admon}','{}', :cursor); END;
3/20/2017 20:8:8 13: 0 Object(s) returned... [FETCH]
3/20/2017 20:8:13 14: LIBQUERY with Callback: 
3/20/2017 20:8:13 14: Path request:/api/authentification/
3/20/2017 20:8:13 14: Path header:undefined
3/20/2017 20:8:13 14: Path query:{}
3/20/2017 20:8:13 14: BEGIN PKREQUESTMANAGER.CALLQUERY(14,'ADM0000001','admin','{}', '{admin,admin}','{}', :cursor); END;
3/20/2017 20:8:13 14: 1 Object(s) returned... [FETCH]
3/20/2017 20:8:13 14: [object Object]
3/20/2017 20:38:12 6: Connecting to database:{"user":"controlroom","password":"controlroom","connectString":"192.168.56.101/xe"}
3/20/2017 20:38:12 6: LIBQUERY with Callback: 
3/20/2017 20:38:12 6: Path request:/api/authentification/
3/20/2017 20:38:12 6: Path header:undefined
3/20/2017 20:38:12 6: Path query:{}
3/20/2017 20:38:12 6: BEGIN PKREQUESTMANAGER.CALLQUERY(6,'ADM0000001','admin','{}', '{admin,admin}','{}', :cursor); END;
3/20/2017 20:38:12 6: 1 Object(s) returned... [FETCH]
3/20/2017 20:38:12 6: [object Object]
