3/20/2017 9:4:13 1: Path requestuest:/api/authentification/
3/20/2017 9:4:13 1: Path query:{}
3/20/2017 9:4:13 1: BEGIN PKREQUESTMANAGER.CALLQUERY(1,'ADM0000001','admi','{}', '{admi,admin}','{}', :cursor); END;
3/20/2017 9:4:13 1: 0 Object(s) returned... [FETCH]
3/20/2017 9:4:13 1: 
3/20/2017 9:4:37 1: Path requestuest:/api/authentification/
3/20/2017 9:4:37 1: Path query:{}
3/20/2017 9:4:37 1: BEGIN PKREQUESTMANAGER.CALLQUERY(1,'ADM0000001','admi','{}', '{admi,admin}','{}', :cursor); END;
3/20/2017 9:4:37 1: 0 Object(s) returned... [FETCH]
3/20/2017 9:4:37 1: 
3/20/2017 9:5:24 1: Path requestuest:/api/authentification/
3/20/2017 9:5:24 1: Path query:{}
3/20/2017 9:5:24 1: BEGIN PKREQUESTMANAGER.CALLQUERY(1,'ADM0000001','admi','{}', '{admi,admin}','{}', :cursor); END;
3/20/2017 9:5:24 1: 0 Object(s) returned... [FETCH]
3/20/2017 9:5:24 1: 
3/20/2017 9:6:26 1: Path requestuest:/api/authentification/
3/20/2017 9:6:26 1: Path query:{}
3/20/2017 9:6:26 1: BEGIN PKREQUESTMANAGER.CALLQUERY(1,'ADM0000001','admi','{}', '{admi,admin}','{}', :cursor); END;
3/20/2017 9:6:26 1: 0 Object(s) returned... [FETCH]
3/20/2017 9:6:26 1: 
3/20/2017 9:19:2 1: Path requestuest:/api/authentification/
3/20/2017 9:19:2 1: Path query:{}
3/20/2017 9:19:2 1: BEGIN PKREQUESTMANAGER.CALLQUERY(1,'ADM0000001','admi','{}', '{admi,admin}','{}', :cursor); END;
3/20/2017 9:19:2 1: 0 Object(s) returned... [FETCH]
3/20/2017 9:19:2 1: 
3/20/2017 10:54:22 2: Path requestuest:/api/authentification/
3/20/2017 10:54:22 2: Path query:{}
3/20/2017 10:54:22 2: BEGIN PKREQUESTMANAGER.CALLQUERY(2,'ADM0000001','admi','{}', '{admi,admin}','{}', :cursor); END;
3/20/2017 10:54:22 2: 0 Object(s) returned... [FETCH]
3/20/2017 10:54:47 2: Path requestuest:/api/authentification/
3/20/2017 10:54:47 2: Path query:{}
3/20/2017 10:54:47 2: BEGIN PKREQUESTMANAGER.CALLQUERY(2,'ADM0000001','admi','{}', '{admi,admin}','{}', :cursor); END;
3/20/2017 10:54:47 2: 0 Object(s) returned... [FETCH]
