3/20/2017 18:54:18 2: Path requestuest:/api/authentification/
3/20/2017 18:54:18 2: Path query:{}
3/20/2017 18:54:18 2: BEGIN PKREQUESTMANAGER.CALLQUERY(2,'ADM0000001','null','{}', '{null,admin}','{}', :cursor); END;
3/20/2017 18:54:18 2: 0 Object(s) returned... [FETCH]
3/20/2017 18:54:28 3: Path requestuest:/api/authentification/
3/20/2017 18:54:28 3: Path query:{}
3/20/2017 18:54:28 3: BEGIN PKREQUESTMANAGER.CALLQUERY(3,'ADM0000001','null','{}', '{null,admin}','{}', :cursor); END;
3/20/2017 18:54:28 3: 0 Object(s) returned... [FETCH]
3/20/2017 19:4:56 4: Path requestuest:/api/authentification/
3/20/2017 19:4:56 4: Path query:{}
3/20/2017 19:4:56 4: BEGIN PKREQUESTMANAGER.CALLQUERY(4,'ADM0000001','null','{}', '{null,admin}','{}', :cursor); END;
3/20/2017 19:4:56 4: 0 Object(s) returned... [FETCH]
3/20/2017 19:7:19 5: Path requestuest:/api/authentification/
3/20/2017 19:7:19 5: Path query:{}
3/20/2017 19:7:19 5: BEGIN PKREQUESTMANAGER.CALLQUERY(5,'ADM0000001','null','{}', '{null,admin}','{}', :cursor); END;
3/20/2017 19:7:19 5: 0 Object(s) returned... [FETCH]
3/20/2017 19:10:52 6: Path requestuest:/api/authentification/
3/20/2017 19:10:52 6: Path query:{}
3/20/2017 19:10:52 6: BEGIN PKREQUESTMANAGER.CALLQUERY(6,'ADM0000001','null','{}', '{null,admin}','{}', :cursor); END;
3/20/2017 19:10:52 6: 0 Object(s) returned... [FETCH]
3/20/2017 19:12:47 7: Path requestuest:/api/authentification/
3/20/2017 19:12:47 7: Path query:{}
3/20/2017 19:12:47 7: BEGIN PKREQUESTMANAGER.CALLQUERY(7,'ADM0000001','null','{}', '{null,admin}','{}', :cursor); END;
3/20/2017 19:12:47 7: 0 Object(s) returned... [FETCH]
3/20/2017 19:12:59 8: Path requestuest:/api/authentification/
3/20/2017 19:12:59 8: Path query:{}
3/20/2017 19:12:59 8: BEGIN PKREQUESTMANAGER.CALLQUERY(8,'ADM0000001','null','{}', '{null,admin}','{}', :cursor); END;
3/20/2017 19:12:59 8: 0 Object(s) returned... [FETCH]
3/20/2017 19:15:30 9: Path requestuest:/api/authentification/
3/20/2017 19:15:30 9: Path query:{}
3/20/2017 19:15:30 9: BEGIN PKREQUESTMANAGER.CALLQUERY(9,'ADM0000001','null','{}', '{null,admin}','{}', :cursor); END;
3/20/2017 19:15:30 9: 0 Object(s) returned... [FETCH]
3/20/2017 19:17:52 1: Path requestuest:/api/authentification/
3/20/2017 19:17:52 1: Path header:undefined
3/20/2017 19:17:52 1: Path query:{}
3/20/2017 19:17:52 1: BEGIN PKREQUESTMANAGER.CALLQUERY(1,'ADM0000001','null','{}', '{null,admin}','{}', :cursor); END;
3/20/2017 19:17:52 1: 0 Object(s) returned... [FETCH]
3/20/2017 19:20:3 1: LIBQUERY with Callback: 
3/20/2017 19:20:3 1: Path request:/api/authentification/
3/20/2017 19:20:3 1: Path header:undefined
3/20/2017 19:20:3 1: Path query:{}
3/20/2017 19:20:3 1: BEGIN PKREQUESTMANAGER.CALLQUERY(1,'ADM0000001','null','{}', '{null,admin}','{}', :cursor); END;
3/20/2017 19:20:3 1: 0 Object(s) returned... [FETCH]
3/20/2017 19:22:0 1: LIBQUERY with Callback: 
3/20/2017 19:22:0 1: Path request:/api/authentification/
3/20/2017 19:22:0 1: Path header:undefined
3/20/2017 19:22:0 1: Path query:{}
3/20/2017 19:22:0 1: BEGIN PKREQUESTMANAGER.CALLQUERY(1,'ADM0000001','null','{}', '{null,admin}','{}', :cursor); END;
3/20/2017 19:22:0 1: 0 Object(s) returned... [FETCH]
3/20/2017 19:22:25 1: LIBQUERY with Callback: 
3/20/2017 19:22:25 1: Path request:/api/authentification/
3/20/2017 19:22:25 1: Path header:undefined
3/20/2017 19:22:25 1: Path query:{}
3/20/2017 19:22:25 1: BEGIN PKREQUESTMANAGER.CALLQUERY(1,'ADM0000001','null','{}', '{null,admin}','{}', :cursor); END;
3/20/2017 19:22:25 1: 0 Object(s) returned... [FETCH]
3/20/2017 19:22:39 1: LIBQUERY with Callback: 
3/20/2017 19:22:39 1: Path request:/api/authentification/
3/20/2017 19:22:39 1: Path header:undefined
3/20/2017 19:22:39 1: Path query:{}
3/20/2017 19:22:39 1: BEGIN PKREQUESTMANAGER.CALLQUERY(1,'ADM0000001','null','{}', '{null,admin}','{}', :cursor); END;
3/20/2017 19:22:39 1: 0 Object(s) returned... [FETCH]
3/20/2017 19:25:31 2: LIBQUERY with Callback: 
3/20/2017 19:25:31 2: Path request:/api/authentification/
3/20/2017 19:25:31 2: Path header:undefined
3/20/2017 19:25:31 2: Path query:{}
3/20/2017 19:25:31 2: BEGIN PKREQUESTMANAGER.CALLQUERY(2,'ADM0000001','null','{}', '{null,admin}','{}', :cursor); END;
3/20/2017 19:25:31 2: 0 Object(s) returned... [FETCH]
3/20/2017 19:26:37 3: LIBQUERY with Callback: 
3/20/2017 19:26:37 3: Path request:/api/authentification/
3/20/2017 19:26:37 3: Path header:undefined
3/20/2017 19:26:37 3: Path query:{}
3/20/2017 19:26:37 3: BEGIN PKREQUESTMANAGER.CALLQUERY(3,'ADM0000001','null','{}', '{null,admin}','{}', :cursor); END;
3/20/2017 19:26:37 3: 0 Object(s) returned... [FETCH]
3/20/2017 19:30:1 4: LIBQUERY with Callback: 
3/20/2017 19:30:1 4: Path request:/api/authentification/
3/20/2017 19:30:1 4: Path header:undefined
3/20/2017 19:30:1 4: Path query:{}
3/20/2017 19:30:1 4: BEGIN PKREQUESTMANAGER.CALLQUERY(4,'ADM0000001','null','{}', '{null,admin}','{}', :cursor); END;
3/20/2017 19:30:1 4: 0 Object(s) returned... [FETCH]
