
SQL*Plus: Release 12.1.0.2.0 Production on Thu Nov 19 08:16:56 2020

Copyright (c) 1982, 2014, Oracle.  All rights reserved.

Last Successful login time: Thu Nov 19 2020 08:15:56 -05:00

Connected to:
Oracle Database 12c Enterprise Edition Release 12.2.0.1.0 - 64bit Production

drop materialized view MV_FILLRATE
*
ERROR at line 1:
ORA-12003: materialized view or zonemap "CONTROLROOM"."MV_FILLRATE" does not
exist


FROM list_months, FILL_RATE
     *
ERROR at line 18:
ORA-01843: not a valid month


SQL> Error 45 initializing SQL*Plus
Internal error

SQL*Plus: Release 12.1.0.2.0 Production on Thu Nov 19 08:18:30 2020

Copyright (c) 1982, 2014, Oracle.  All rights reserved.

Last Successful login time: Thu Nov 19 2020 08:16:56 -05:00

Connected to:
Oracle Database 12c Enterprise Edition Release 12.2.0.1.0 - 64bit Production

drop materialized view MV_FILLRATE
*
ERROR at line 1:
ORA-12003: materialized view or zonemap "CONTROLROOM"."MV_FILLRATE" does not
exist



Materialized view created.

SQL> Error 45 initializing SQL*Plus
Internal error

SQL*Plus: Release 12.1.0.2.0 Production on Mon Nov 23 07:56:18 2020

Copyright (c) 1982, 2014, Oracle.  All rights reserved.

ERROR:
ORA-01017: invalid username/password; logon denied


Enter user-name: 
SQL*Plus: Release 12.1.0.2.0 Production on Mon Nov 23 08:25:06 2020

Copyright (c) 1982, 2014, Oracle.  All rights reserved.

Last Successful login time: Mon Nov 23 2020 08:25:00 -05:00

Connected to:
Oracle Database 12c Enterprise Edition Release 12.2.0.1.0 - 64bit Production


Materialized view dropped.


SQL*Plus: Release 12.1.0.2.0 Production on Mon Nov 23 13:38:57 2020

Copyright (c) 1982, 2014, Oracle.  All rights reserved.

ERROR:
ORA-01017: invalid username/password; logon denied


Enter user-name: 
SQL*Plus: Release 12.1.0.2.0 Production on Mon Nov 23 13:39:38 2020

Copyright (c) 1982, 2014, Oracle.  All rights reserved.

Last Successful login time: Mon Nov 23 2020 13:35:03 -05:00

Connected to:
Oracle Database 12c Enterprise Edition Release 12.2.0.1.0 - 64bit Production


Materialized view dropped.


Materialized view created.

SQL> Error 45 initializing SQL*Plus
Internal error
