3/31/2019 19:44:51 1: LIBQUERY with Callback: 
3/31/2019 19:44:51 1: BEGIN PKREQUESTMANAGER.CALLQUERY(1,'ADM0000001','abe','{}', '{abe,abe}','{}', :cursor); END;
3/31/2019 19:44:52 1: 1 Object(s) returned... [FETCH]
3/31/2019 19:44:52 1: [object Object]
3/31/2019 19:44:52 1: {"metaData":[{"name":"USERID"},{"name":"USERFNAME"},{"name":"USERLNAME"},{"name":"USEREMAIL"},{"name":"USERMOBILE"}]}
3/31/2019 19:44:52 2: LIBQUERY with Callback: 
3/31/2019 19:44:52 2: BEGIN PKREQUESTMANAGER.CALLQUERY(2,'CLI0000003','abe','{}', '{abe}','{}', :cursor); END;
3/31/2019 19:44:52 3: LIBQUERY with Callback: 
3/31/2019 19:44:52 3: BEGIN PKREQUESTMANAGER.CALLQUERY(3,'CLI0000002','abe','{}', '{abe}','{}', :cursor); END;
3/31/2019 19:44:52 3: 1 Object(s) returned... [FETCH]
3/31/2019 19:44:52 3: [object Object]
3/31/2019 19:44:52 3: {"metaData":[{"name":"USERID"},{"name":"USERCORPID"},{"name":"USERPASS"},{"name":"USERAUTH"},{"name":"USERLANG"},{"name":"USERPROF"},{"name":"USERAPPLI"},{"name":"USERFNAME"},{"name":"USERLNAME"},{"name":"USEREMAIL"},{"name":"USERMOBILE"},{"name":"USERTEAM"},{"name":"USERACTIVE"},{"name":"USERDCRE"},{"name":"USERDMAJ"},{"name":"USERUTIL"},{"name":"USERTYPE"}]}
3/31/2019 19:44:53 3: 5 Object(s) returned... [FETCH]
3/31/2019 19:44:53 3: [object Object],[object Object],[object Object],[object Object],[object Object]
3/31/2019 19:44:53 3: {"metaData":[{"name":"LEVEL"},{"name":"ENVID"},{"name":"ENVCORPID"},{"name":"CORPSDESC"},{"name":"ENVCODE"},{"name":"ENVTYPE"},{"name":"ENVACTIVE"},{"name":"ENVSDESC"},{"name":"ENVLDESC"},{"name":"ENVDBTYPE"},{"name":"ENVIP"},{"name":"ENVPORT"},{"name":"ENVUSER"},{"name":"ENVPASSWORD"},{"name":"ENVSOURCE"},{"name":"ENVDBLINK"},{"name":"ENVDEFAULT"},{"name":"ENVDCRE"},{"name":"ENVDMAJ"},{"name":"ENVUTIL"},{"name":"ENVVERSION"},{"name":"ENVDEFLANG"},{"name":"CORPPIC"},{"name":"ENVVARINITSH"},{"name":"ENVTITLECOLOR"},{"name":"ENVTITLE"}]}
3/31/2019 19:44:54 4: LIBQUERY with Callback: 
3/31/2019 19:44:54 4: BEGIN PKREQUESTMANAGER.CALLQUERY(4,'WDG0000001','abe','{SF_MDM_PERF}', '{abe,-1}','{US}', :cursor); END;
3/31/2019 19:44:54 4: 7 Object(s) returned... [FETCH]
3/31/2019 19:44:54 4: [object Object],[object Object],[object Object],[object Object],[object Object],[object Object],[object Object]
3/31/2019 19:44:54 4: {"metaData":[{"name":"WIDID"},{"name":"WIDBEHAVIOR"},{"name":"WIDTABLE"},{"name":"WIDRSS"},{"name":"WIDCHART"},{"name":"WIDINFO"},{"name":"WIDWIDTH"},{"name":"WIDHEIGHT"},{"name":"WIDX"},{"name":"WIDY"},{"name":"WIDROWS"},{"name":"UWPDCRE"},{"name":"UWPDMAJ"},{"name":"UWPUTIL"},{"name":"WIDSNAP"},{"name":"WIDSNAPFILE"},{"name":"LWQMWIDID"},{"name":"LWQCWIDID"},{"name":"LWQMFIELD"},{"name":"LWQCFIELD"},{"name":"LWQDCRE"},{"name":"LWQDMAJ"},{"name":"LWQUTIL"},{"name":"WRSID"},{"name":"WRSFIELD"},{"name":"WRSHEADER"},{"name":"WRSPOSITION"},{"name":"WRSDCRE"},{"name":"WRSDMAJ"},{"name":"WRSUTIL"},{"name":"WIDNAME"},{"name":"WIDDESC"}]}
3/31/2019 19:44:54 5: LIBQUERY with Callback: 
3/31/2019 19:44:54 5: BEGIN PKREQUESTMANAGER.CALLQUERY(5,'WDG1000000','abe','{SF_MDM_PERF}', '{WDG0000000005}','{US}', :cursor); END;
3/31/2019 19:45:15 5: 1 Object(s) returned... [FETCH]
3/31/2019 19:45:15 5: [object Object]
3/31/2019 19:45:15 5: {"metaData":[{"name":"'EXECUTINGISSUE,CHECKDBMS_SQL.EXECUTERIGHTS'"}]}
3/31/2019 19:46:42 6: LIBQUERY with Callback: 
3/31/2019 19:46:42 6: BEGIN PKREQUESTMANAGER.CALLQUERY(6,'CLI0000001','abe','{SF_MDM_PERF}', '{0022222}','{US}', :cursor); END;
3/31/2019 19:47:3 6: 1 Object(s) returned... [FETCH]
3/31/2019 19:47:3 6: [object Object]
3/31/2019 19:47:3 6: {"metaData":[{"name":"'EXECUTINGISSUE,CHECKDBMS_SQL.EXECUTERIGHTS'"}]}
3/31/2019 20:8:37 7: LIBQUERY with Callback: 
3/31/2019 20:8:37 7: BEGIN PKREQUESTMANAGER.CALLQUERY(7,'ADM0000001','abe','{}', '{abe,abe}','{}', :cursor); END;
3/31/2019 20:8:37 7: 1 Object(s) returned... [FETCH]
3/31/2019 20:8:37 7: [object Object]
3/31/2019 20:8:38 7: {"metaData":[{"name":"USERID"},{"name":"USERFNAME"},{"name":"USERLNAME"},{"name":"USEREMAIL"},{"name":"USERMOBILE"}]}
3/31/2019 20:8:38 8: LIBQUERY with Callback: 
3/31/2019 20:8:38 8: BEGIN PKREQUESTMANAGER.CALLQUERY(8,'CLI0000002','abe','{}', '{abe}','{}', :cursor); END;
3/31/2019 20:8:38 9: LIBQUERY with Callback: 
3/31/2019 20:8:38 9: BEGIN PKREQUESTMANAGER.CALLQUERY(9,'CLI0000003','abe','{}', '{abe}','{}', :cursor); END;
3/31/2019 20:8:38 9: 1 Object(s) returned... [FETCH]
3/31/2019 20:8:38 9: [object Object]
3/31/2019 20:8:38 9: 5 Object(s) returned... [FETCH]
3/31/2019 20:8:38 9: [object Object],[object Object],[object Object],[object Object],[object Object]
3/31/2019 20:8:38 9: {"metaData":[{"name":"USERID"},{"name":"USERCORPID"},{"name":"USERPASS"},{"name":"USERAUTH"},{"name":"USERLANG"},{"name":"USERPROF"},{"name":"USERAPPLI"},{"name":"USERFNAME"},{"name":"USERLNAME"},{"name":"USEREMAIL"},{"name":"USERMOBILE"},{"name":"USERTEAM"},{"name":"USERACTIVE"},{"name":"USERDCRE"},{"name":"USERDMAJ"},{"name":"USERUTIL"},{"name":"USERTYPE"}]}
3/31/2019 20:8:38 9: {"metaData":[{"name":"LEVEL"},{"name":"ENVID"},{"name":"ENVCORPID"},{"name":"CORPSDESC"},{"name":"ENVCODE"},{"name":"ENVTYPE"},{"name":"ENVACTIVE"},{"name":"ENVSDESC"},{"name":"ENVLDESC"},{"name":"ENVDBTYPE"},{"name":"ENVIP"},{"name":"ENVPORT"},{"name":"ENVUSER"},{"name":"ENVPASSWORD"},{"name":"ENVSOURCE"},{"name":"ENVDBLINK"},{"name":"ENVDEFAULT"},{"name":"ENVDCRE"},{"name":"ENVDMAJ"},{"name":"ENVUTIL"},{"name":"ENVVERSION"},{"name":"ENVDEFLANG"},{"name":"CORPPIC"},{"name":"ENVVARINITSH"},{"name":"ENVTITLECOLOR"},{"name":"ENVTITLE"}]}
3/31/2019 20:8:38 10: LIBQUERY with Callback: 
3/31/2019 20:8:38 10: BEGIN PKREQUESTMANAGER.CALLQUERY(10,'WDG0000001','abe','{SF_MDM_PERF}', '{abe,-1}','{US}', :cursor); END;
3/31/2019 20:8:38 10: 7 Object(s) returned... [FETCH]
3/31/2019 20:8:38 10: [object Object],[object Object],[object Object],[object Object],[object Object],[object Object],[object Object]
3/31/2019 20:8:38 10: {"metaData":[{"name":"WIDID"},{"name":"WIDBEHAVIOR"},{"name":"WIDTABLE"},{"name":"WIDRSS"},{"name":"WIDCHART"},{"name":"WIDINFO"},{"name":"WIDWIDTH"},{"name":"WIDHEIGHT"},{"name":"WIDX"},{"name":"WIDY"},{"name":"WIDROWS"},{"name":"UWPDCRE"},{"name":"UWPDMAJ"},{"name":"UWPUTIL"},{"name":"WIDSNAP"},{"name":"WIDSNAPFILE"},{"name":"LWQMWIDID"},{"name":"LWQCWIDID"},{"name":"LWQMFIELD"},{"name":"LWQCFIELD"},{"name":"LWQDCRE"},{"name":"LWQDMAJ"},{"name":"LWQUTIL"},{"name":"WRSID"},{"name":"WRSFIELD"},{"name":"WRSHEADER"},{"name":"WRSPOSITION"},{"name":"WRSDCRE"},{"name":"WRSDMAJ"},{"name":"WRSUTIL"},{"name":"WIDNAME"},{"name":"WIDDESC"}]}
3/31/2019 20:8:38 11: LIBQUERY with Callback: 
3/31/2019 20:8:38 11: BEGIN PKREQUESTMANAGER.CALLQUERY(11,'WDG1000000','abe','{SF_MDM_PERF}', '{WDG0000000005}','{US}', :cursor); END;
3/31/2019 20:8:59 11: 1 Object(s) returned... [FETCH]
3/31/2019 20:8:59 11: [object Object]
3/31/2019 20:8:59 11: {"metaData":[{"name":"'EXECUTINGISSUE,CHECKDBMS_SQL.EXECUTERIGHTS'"}]}
3/31/2019 20:14:21 12: LIBQUERY with Callback: 
3/31/2019 20:14:21 12: BEGIN PKREQUESTMANAGER.CALLQUERY(12,'ADM0000001','abe','{}', '{abe,abe}','{}', :cursor); END;
3/31/2019 20:14:21 12: 1 Object(s) returned... [FETCH]
3/31/2019 20:14:21 12: [object Object]
3/31/2019 20:14:21 12: {"metaData":[{"name":"USERID"},{"name":"USERFNAME"},{"name":"USERLNAME"},{"name":"USEREMAIL"},{"name":"USERMOBILE"}]}
3/31/2019 20:14:21 13: LIBQUERY with Callback: 
3/31/2019 20:14:21 13: BEGIN PKREQUESTMANAGER.CALLQUERY(13,'CLI0000003','abe','{}', '{abe}','{}', :cursor); END;
3/31/2019 20:14:21 14: LIBQUERY with Callback: 
3/31/2019 20:14:21 14: BEGIN PKREQUESTMANAGER.CALLQUERY(14,'CLI0000002','abe','{}', '{abe}','{}', :cursor); END;
3/31/2019 20:14:21 14: 5 Object(s) returned... [FETCH]
3/31/2019 20:14:21 14: [object Object],[object Object],[object Object],[object Object],[object Object]
3/31/2019 20:14:21 14: {"metaData":[{"name":"LEVEL"},{"name":"ENVID"},{"name":"ENVCORPID"},{"name":"CORPSDESC"},{"name":"ENVCODE"},{"name":"ENVTYPE"},{"name":"ENVACTIVE"},{"name":"ENVSDESC"},{"name":"ENVLDESC"},{"name":"ENVDBTYPE"},{"name":"ENVIP"},{"name":"ENVPORT"},{"name":"ENVUSER"},{"name":"ENVPASSWORD"},{"name":"ENVSOURCE"},{"name":"ENVDBLINK"},{"name":"ENVDEFAULT"},{"name":"ENVDCRE"},{"name":"ENVDMAJ"},{"name":"ENVUTIL"},{"name":"ENVVERSION"},{"name":"ENVDEFLANG"},{"name":"CORPPIC"},{"name":"ENVVARINITSH"},{"name":"ENVTITLECOLOR"},{"name":"ENVTITLE"}]}
3/31/2019 20:14:21 14: 1 Object(s) returned... [FETCH]
3/31/2019 20:14:21 14: [object Object]
3/31/2019 20:14:21 14: {"metaData":[{"name":"USERID"},{"name":"USERCORPID"},{"name":"USERPASS"},{"name":"USERAUTH"},{"name":"USERLANG"},{"name":"USERPROF"},{"name":"USERAPPLI"},{"name":"USERFNAME"},{"name":"USERLNAME"},{"name":"USEREMAIL"},{"name":"USERMOBILE"},{"name":"USERTEAM"},{"name":"USERACTIVE"},{"name":"USERDCRE"},{"name":"USERDMAJ"},{"name":"USERUTIL"},{"name":"USERTYPE"}]}
3/31/2019 20:14:22 15: LIBQUERY with Callback: 
3/31/2019 20:14:22 15: BEGIN PKREQUESTMANAGER.CALLQUERY(15,'WDG0000001','abe','{SF_MDM_PERF}', '{abe,-1}','{US}', :cursor); END;
3/31/2019 20:14:22 15: 7 Object(s) returned... [FETCH]
3/31/2019 20:14:22 15: [object Object],[object Object],[object Object],[object Object],[object Object],[object Object],[object Object]
3/31/2019 20:14:22 15: {"metaData":[{"name":"WIDID"},{"name":"WIDBEHAVIOR"},{"name":"WIDTABLE"},{"name":"WIDRSS"},{"name":"WIDCHART"},{"name":"WIDINFO"},{"name":"WIDWIDTH"},{"name":"WIDHEIGHT"},{"name":"WIDX"},{"name":"WIDY"},{"name":"WIDROWS"},{"name":"UWPDCRE"},{"name":"UWPDMAJ"},{"name":"UWPUTIL"},{"name":"WIDSNAP"},{"name":"WIDSNAPFILE"},{"name":"LWQMWIDID"},{"name":"LWQCWIDID"},{"name":"LWQMFIELD"},{"name":"LWQCFIELD"},{"name":"LWQDCRE"},{"name":"LWQDMAJ"},{"name":"LWQUTIL"},{"name":"WRSID"},{"name":"WRSFIELD"},{"name":"WRSHEADER"},{"name":"WRSPOSITION"},{"name":"WRSDCRE"},{"name":"WRSDMAJ"},{"name":"WRSUTIL"},{"name":"WIDNAME"},{"name":"WIDDESC"}]}
3/31/2019 20:14:22 16: LIBQUERY with Callback: 
3/31/2019 20:14:22 16: BEGIN PKREQUESTMANAGER.CALLQUERY(16,'WDG1000000','abe','{SF_MDM_PERF}', '{WDG0000000005}','{US}', :cursor); END;
3/31/2019 20:14:43 16: 1 Object(s) returned... [FETCH]
3/31/2019 20:14:43 16: [object Object]
3/31/2019 20:14:43 16: {"metaData":[{"name":"'EXECUTINGISSUE,CHECKDBMS_SQL.EXECUTERIGHTS'"}]}
3/31/2019 20:18:51 17: LIBQUERY with Callback: 
3/31/2019 20:18:51 17: BEGIN PKREQUESTMANAGER.CALLQUERY(17,'ADM0000001','abe','{}', '{abe,abe}','{}', :cursor); END;
3/31/2019 20:18:51 17: 1 Object(s) returned... [FETCH]
3/31/2019 20:18:51 17: [object Object]
3/31/2019 20:18:51 17: {"metaData":[{"name":"USERID"},{"name":"USERFNAME"},{"name":"USERLNAME"},{"name":"USEREMAIL"},{"name":"USERMOBILE"}]}
3/31/2019 20:18:51 18: LIBQUERY with Callback: 
3/31/2019 20:18:51 18: BEGIN PKREQUESTMANAGER.CALLQUERY(18,'CLI0000003','abe','{}', '{abe}','{}', :cursor); END;
3/31/2019 20:18:51 19: LIBQUERY with Callback: 
3/31/2019 20:18:51 19: BEGIN PKREQUESTMANAGER.CALLQUERY(19,'CLI0000002','abe','{}', '{abe}','{}', :cursor); END;
3/31/2019 20:18:52 19: 5 Object(s) returned... [FETCH]
3/31/2019 20:18:52 19: [object Object],[object Object],[object Object],[object Object],[object Object]
3/31/2019 20:18:52 19: {"metaData":[{"name":"LEVEL"},{"name":"ENVID"},{"name":"ENVCORPID"},{"name":"CORPSDESC"},{"name":"ENVCODE"},{"name":"ENVTYPE"},{"name":"ENVACTIVE"},{"name":"ENVSDESC"},{"name":"ENVLDESC"},{"name":"ENVDBTYPE"},{"name":"ENVIP"},{"name":"ENVPORT"},{"name":"ENVUSER"},{"name":"ENVPASSWORD"},{"name":"ENVSOURCE"},{"name":"ENVDBLINK"},{"name":"ENVDEFAULT"},{"name":"ENVDCRE"},{"name":"ENVDMAJ"},{"name":"ENVUTIL"},{"name":"ENVVERSION"},{"name":"ENVDEFLANG"},{"name":"CORPPIC"},{"name":"ENVVARINITSH"},{"name":"ENVTITLECOLOR"},{"name":"ENVTITLE"}]}
3/31/2019 20:18:52 19: 1 Object(s) returned... [FETCH]
3/31/2019 20:18:52 19: [object Object]
3/31/2019 20:18:52 19: {"metaData":[{"name":"USERID"},{"name":"USERCORPID"},{"name":"USERPASS"},{"name":"USERAUTH"},{"name":"USERLANG"},{"name":"USERPROF"},{"name":"USERAPPLI"},{"name":"USERFNAME"},{"name":"USERLNAME"},{"name":"USEREMAIL"},{"name":"USERMOBILE"},{"name":"USERTEAM"},{"name":"USERACTIVE"},{"name":"USERDCRE"},{"name":"USERDMAJ"},{"name":"USERUTIL"},{"name":"USERTYPE"}]}
3/31/2019 20:18:52 20: LIBQUERY with Callback: 
3/31/2019 20:18:52 20: BEGIN PKREQUESTMANAGER.CALLQUERY(20,'WDG0000001','abe','{SF_MDM_PERF}', '{abe,-1}','{US}', :cursor); END;
3/31/2019 20:18:52 20: 7 Object(s) returned... [FETCH]
3/31/2019 20:18:52 20: [object Object],[object Object],[object Object],[object Object],[object Object],[object Object],[object Object]
3/31/2019 20:18:52 20: {"metaData":[{"name":"WIDID"},{"name":"WIDBEHAVIOR"},{"name":"WIDTABLE"},{"name":"WIDRSS"},{"name":"WIDCHART"},{"name":"WIDINFO"},{"name":"WIDWIDTH"},{"name":"WIDHEIGHT"},{"name":"WIDX"},{"name":"WIDY"},{"name":"WIDROWS"},{"name":"UWPDCRE"},{"name":"UWPDMAJ"},{"name":"UWPUTIL"},{"name":"WIDSNAP"},{"name":"WIDSNAPFILE"},{"name":"LWQMWIDID"},{"name":"LWQCWIDID"},{"name":"LWQMFIELD"},{"name":"LWQCFIELD"},{"name":"LWQDCRE"},{"name":"LWQDMAJ"},{"name":"LWQUTIL"},{"name":"WRSID"},{"name":"WRSFIELD"},{"name":"WRSHEADER"},{"name":"WRSPOSITION"},{"name":"WRSDCRE"},{"name":"WRSDMAJ"},{"name":"WRSUTIL"},{"name":"WIDNAME"},{"name":"WIDDESC"}]}
3/31/2019 20:18:53 21: LIBQUERY with Callback: 
3/31/2019 20:18:53 21: BEGIN PKREQUESTMANAGER.CALLQUERY(21,'WDG1000000','abe','{SF_MDM_PERF}', '{WDG0000000005}','{US}', :cursor); END;
3/31/2019 20:19:14 21: 1 Object(s) returned... [FETCH]
3/31/2019 20:19:14 21: [object Object]
3/31/2019 20:19:14 21: {"metaData":[{"name":"'EXECUTINGISSUE,CHECKDBMS_SQL.EXECUTERIGHTS'"}]}
3/31/2019 20:24:26 22: LIBQUERY with Callback: 
3/31/2019 20:24:26 22: BEGIN PKREQUESTMANAGER.CALLQUERY(22,'ADM0000001','abe','{}', '{abe,abe}','{}', :cursor); END;
3/31/2019 20:24:26 22: 1 Object(s) returned... [FETCH]
3/31/2019 20:24:26 22: [object Object]
3/31/2019 20:24:26 22: {"metaData":[{"name":"USERID"},{"name":"USERFNAME"},{"name":"USERLNAME"},{"name":"USEREMAIL"},{"name":"USERMOBILE"}]}
3/31/2019 20:24:26 23: LIBQUERY with Callback: 
3/31/2019 20:24:26 23: BEGIN PKREQUESTMANAGER.CALLQUERY(23,'CLI0000002','abe','{}', '{abe}','{}', :cursor); END;
3/31/2019 20:24:26 24: LIBQUERY with Callback: 
3/31/2019 20:24:26 24: BEGIN PKREQUESTMANAGER.CALLQUERY(24,'CLI0000003','abe','{}', '{abe}','{}', :cursor); END;
3/31/2019 20:24:26 24: 1 Object(s) returned... [FETCH]
3/31/2019 20:24:26 24: [object Object]
3/31/2019 20:24:26 24: {"metaData":[{"name":"USERID"},{"name":"USERCORPID"},{"name":"USERPASS"},{"name":"USERAUTH"},{"name":"USERLANG"},{"name":"USERPROF"},{"name":"USERAPPLI"},{"name":"USERFNAME"},{"name":"USERLNAME"},{"name":"USEREMAIL"},{"name":"USERMOBILE"},{"name":"USERTEAM"},{"name":"USERACTIVE"},{"name":"USERDCRE"},{"name":"USERDMAJ"},{"name":"USERUTIL"},{"name":"USERTYPE"}]}
3/31/2019 20:24:26 24: 5 Object(s) returned... [FETCH]
3/31/2019 20:24:26 24: [object Object],[object Object],[object Object],[object Object],[object Object]
3/31/2019 20:24:26 24: {"metaData":[{"name":"LEVEL"},{"name":"ENVID"},{"name":"ENVCORPID"},{"name":"CORPSDESC"},{"name":"ENVCODE"},{"name":"ENVTYPE"},{"name":"ENVACTIVE"},{"name":"ENVSDESC"},{"name":"ENVLDESC"},{"name":"ENVDBTYPE"},{"name":"ENVIP"},{"name":"ENVPORT"},{"name":"ENVUSER"},{"name":"ENVPASSWORD"},{"name":"ENVSOURCE"},{"name":"ENVDBLINK"},{"name":"ENVDEFAULT"},{"name":"ENVDCRE"},{"name":"ENVDMAJ"},{"name":"ENVUTIL"},{"name":"ENVVERSION"},{"name":"ENVDEFLANG"},{"name":"CORPPIC"},{"name":"ENVVARINITSH"},{"name":"ENVTITLECOLOR"},{"name":"ENVTITLE"}]}
3/31/2019 20:24:27 25: LIBQUERY with Callback: 
3/31/2019 20:24:27 25: BEGIN PKREQUESTMANAGER.CALLQUERY(25,'WDG0000001','abe','{SF_MDM_PERF}', '{abe,-1}','{US}', :cursor); END;
3/31/2019 20:24:27 25: 7 Object(s) returned... [FETCH]
3/31/2019 20:24:27 25: [object Object],[object Object],[object Object],[object Object],[object Object],[object Object],[object Object]
3/31/2019 20:24:27 25: {"metaData":[{"name":"WIDID"},{"name":"WIDBEHAVIOR"},{"name":"WIDTABLE"},{"name":"WIDRSS"},{"name":"WIDCHART"},{"name":"WIDINFO"},{"name":"WIDWIDTH"},{"name":"WIDHEIGHT"},{"name":"WIDX"},{"name":"WIDY"},{"name":"WIDROWS"},{"name":"UWPDCRE"},{"name":"UWPDMAJ"},{"name":"UWPUTIL"},{"name":"WIDSNAP"},{"name":"WIDSNAPFILE"},{"name":"LWQMWIDID"},{"name":"LWQCWIDID"},{"name":"LWQMFIELD"},{"name":"LWQCFIELD"},{"name":"LWQDCRE"},{"name":"LWQDMAJ"},{"name":"LWQUTIL"},{"name":"WRSID"},{"name":"WRSFIELD"},{"name":"WRSHEADER"},{"name":"WRSPOSITION"},{"name":"WRSDCRE"},{"name":"WRSDMAJ"},{"name":"WRSUTIL"},{"name":"WIDNAME"},{"name":"WIDDESC"}]}
3/31/2019 20:24:27 26: LIBQUERY with Callback: 
3/31/2019 20:24:27 26: BEGIN PKREQUESTMANAGER.CALLQUERY(26,'WDG1000000','abe','{SF_MDM_PERF}', '{WDG0000000005}','{US}', :cursor); END;
3/31/2019 20:24:48 26: 1 Object(s) returned... [FETCH]
3/31/2019 20:24:48 26: [object Object]
3/31/2019 20:24:48 26: {"metaData":[{"name":"'EXECUTINGISSUE,CHECKDBMS_SQL.EXECUTERIGHTS'"}]}
3/31/2019 20:25:3 27: LIBQUERY with Callback: 
3/31/2019 20:25:3 27: BEGIN PKREQUESTMANAGER.CALLQUERY(27,'ADM0000001','abe','{}', '{abe,abe}','{}', :cursor); END;
3/31/2019 20:25:3 27: 1 Object(s) returned... [FETCH]
3/31/2019 20:25:3 27: [object Object]
3/31/2019 20:25:3 27: {"metaData":[{"name":"USERID"},{"name":"USERFNAME"},{"name":"USERLNAME"},{"name":"USEREMAIL"},{"name":"USERMOBILE"}]}
3/31/2019 20:25:3 28: LIBQUERY with Callback: 
3/31/2019 20:25:3 28: BEGIN PKREQUESTMANAGER.CALLQUERY(28,'CLI0000002','abe','{}', '{abe}','{}', :cursor); END;
3/31/2019 20:25:3 29: LIBQUERY with Callback: 
3/31/2019 20:25:3 29: BEGIN PKREQUESTMANAGER.CALLQUERY(29,'CLI0000003','abe','{}', '{abe}','{}', :cursor); END;
3/31/2019 20:25:3 29: 1 Object(s) returned... [FETCH]
3/31/2019 20:25:3 29: [object Object]
3/31/2019 20:25:3 29: {"metaData":[{"name":"USERID"},{"name":"USERCORPID"},{"name":"USERPASS"},{"name":"USERAUTH"},{"name":"USERLANG"},{"name":"USERPROF"},{"name":"USERAPPLI"},{"name":"USERFNAME"},{"name":"USERLNAME"},{"name":"USEREMAIL"},{"name":"USERMOBILE"},{"name":"USERTEAM"},{"name":"USERACTIVE"},{"name":"USERDCRE"},{"name":"USERDMAJ"},{"name":"USERUTIL"},{"name":"USERTYPE"}]}
3/31/2019 20:25:3 29: 5 Object(s) returned... [FETCH]
3/31/2019 20:25:3 29: [object Object],[object Object],[object Object],[object Object],[object Object]
3/31/2019 20:25:3 29: {"metaData":[{"name":"LEVEL"},{"name":"ENVID"},{"name":"ENVCORPID"},{"name":"CORPSDESC"},{"name":"ENVCODE"},{"name":"ENVTYPE"},{"name":"ENVACTIVE"},{"name":"ENVSDESC"},{"name":"ENVLDESC"},{"name":"ENVDBTYPE"},{"name":"ENVIP"},{"name":"ENVPORT"},{"name":"ENVUSER"},{"name":"ENVPASSWORD"},{"name":"ENVSOURCE"},{"name":"ENVDBLINK"},{"name":"ENVDEFAULT"},{"name":"ENVDCRE"},{"name":"ENVDMAJ"},{"name":"ENVUTIL"},{"name":"ENVVERSION"},{"name":"ENVDEFLANG"},{"name":"CORPPIC"},{"name":"ENVVARINITSH"},{"name":"ENVTITLECOLOR"},{"name":"ENVTITLE"}]}
3/31/2019 20:25:3 30: LIBQUERY with Callback: 
3/31/2019 20:25:3 30: BEGIN PKREQUESTMANAGER.CALLQUERY(30,'WDG0000001','abe','{SF_MDM_PERF}', '{abe,-1}','{US}', :cursor); END;
3/31/2019 20:25:3 30: 7 Object(s) returned... [FETCH]
3/31/2019 20:25:3 30: [object Object],[object Object],[object Object],[object Object],[object Object],[object Object],[object Object]
3/31/2019 20:25:3 30: {"metaData":[{"name":"WIDID"},{"name":"WIDBEHAVIOR"},{"name":"WIDTABLE"},{"name":"WIDRSS"},{"name":"WIDCHART"},{"name":"WIDINFO"},{"name":"WIDWIDTH"},{"name":"WIDHEIGHT"},{"name":"WIDX"},{"name":"WIDY"},{"name":"WIDROWS"},{"name":"UWPDCRE"},{"name":"UWPDMAJ"},{"name":"UWPUTIL"},{"name":"WIDSNAP"},{"name":"WIDSNAPFILE"},{"name":"LWQMWIDID"},{"name":"LWQCWIDID"},{"name":"LWQMFIELD"},{"name":"LWQCFIELD"},{"name":"LWQDCRE"},{"name":"LWQDMAJ"},{"name":"LWQUTIL"},{"name":"WRSID"},{"name":"WRSFIELD"},{"name":"WRSHEADER"},{"name":"WRSPOSITION"},{"name":"WRSDCRE"},{"name":"WRSDMAJ"},{"name":"WRSUTIL"},{"name":"WIDNAME"},{"name":"WIDDESC"}]}
3/31/2019 20:25:3 31: LIBQUERY with Callback: 
3/31/2019 20:25:3 31: BEGIN PKREQUESTMANAGER.CALLQUERY(31,'WDG1000000','abe','{SF_MDM_PERF}', '{WDG0000000005}','{US}', :cursor); END;
3/31/2019 20:25:25 31: 1 Object(s) returned... [FETCH]
3/31/2019 20:25:25 31: [object Object]
3/31/2019 20:25:25 31: {"metaData":[{"name":"'EXECUTINGISSUE,CHECKDBMS_SQL.EXECUTERIGHTS'"}]}
3/31/2019 20:28:29 32: LIBQUERY with Callback: 
3/31/2019 20:28:29 32: BEGIN PKREQUESTMANAGER.CALLQUERY(32,'ADM0000001','abe','{}', '{abe,abe}','{}', :cursor); END;
3/31/2019 20:28:30 32: 1 Object(s) returned... [FETCH]
3/31/2019 20:28:30 32: [object Object]
3/31/2019 20:28:30 32: {"metaData":[{"name":"USERID"},{"name":"USERFNAME"},{"name":"USERLNAME"},{"name":"USEREMAIL"},{"name":"USERMOBILE"}]}
3/31/2019 20:28:30 33: LIBQUERY with Callback: 
3/31/2019 20:28:30 33: BEGIN PKREQUESTMANAGER.CALLQUERY(33,'CLI0000003','abe','{}', '{abe}','{}', :cursor); END;
3/31/2019 20:28:30 34: LIBQUERY with Callback: 
3/31/2019 20:28:30 34: BEGIN PKREQUESTMANAGER.CALLQUERY(34,'CLI0000002','abe','{}', '{abe}','{}', :cursor); END;
3/31/2019 20:28:30 34: 5 Object(s) returned... [FETCH]
3/31/2019 20:28:30 34: [object Object],[object Object],[object Object],[object Object],[object Object]
3/31/2019 20:28:30 34: 1 Object(s) returned... [FETCH]
3/31/2019 20:28:30 34: [object Object]
3/31/2019 20:28:30 34: {"metaData":[{"name":"LEVEL"},{"name":"ENVID"},{"name":"ENVCORPID"},{"name":"CORPSDESC"},{"name":"ENVCODE"},{"name":"ENVTYPE"},{"name":"ENVACTIVE"},{"name":"ENVSDESC"},{"name":"ENVLDESC"},{"name":"ENVDBTYPE"},{"name":"ENVIP"},{"name":"ENVPORT"},{"name":"ENVUSER"},{"name":"ENVPASSWORD"},{"name":"ENVSOURCE"},{"name":"ENVDBLINK"},{"name":"ENVDEFAULT"},{"name":"ENVDCRE"},{"name":"ENVDMAJ"},{"name":"ENVUTIL"},{"name":"ENVVERSION"},{"name":"ENVDEFLANG"},{"name":"CORPPIC"},{"name":"ENVVARINITSH"},{"name":"ENVTITLECOLOR"},{"name":"ENVTITLE"}]}
3/31/2019 20:28:30 34: {"metaData":[{"name":"USERID"},{"name":"USERCORPID"},{"name":"USERPASS"},{"name":"USERAUTH"},{"name":"USERLANG"},{"name":"USERPROF"},{"name":"USERAPPLI"},{"name":"USERFNAME"},{"name":"USERLNAME"},{"name":"USEREMAIL"},{"name":"USERMOBILE"},{"name":"USERTEAM"},{"name":"USERACTIVE"},{"name":"USERDCRE"},{"name":"USERDMAJ"},{"name":"USERUTIL"},{"name":"USERTYPE"}]}
3/31/2019 20:28:30 35: LIBQUERY with Callback: 
3/31/2019 20:28:30 35: BEGIN PKREQUESTMANAGER.CALLQUERY(35,'WDG0000001','abe','{SF_MDM_PERF}', '{abe,-1}','{US}', :cursor); END;
3/31/2019 20:28:30 35: 7 Object(s) returned... [FETCH]
3/31/2019 20:28:30 35: [object Object],[object Object],[object Object],[object Object],[object Object],[object Object],[object Object]
3/31/2019 20:28:30 35: {"metaData":[{"name":"WIDID"},{"name":"WIDBEHAVIOR"},{"name":"WIDTABLE"},{"name":"WIDRSS"},{"name":"WIDCHART"},{"name":"WIDINFO"},{"name":"WIDWIDTH"},{"name":"WIDHEIGHT"},{"name":"WIDX"},{"name":"WIDY"},{"name":"WIDROWS"},{"name":"UWPDCRE"},{"name":"UWPDMAJ"},{"name":"UWPUTIL"},{"name":"WIDSNAP"},{"name":"WIDSNAPFILE"},{"name":"LWQMWIDID"},{"name":"LWQCWIDID"},{"name":"LWQMFIELD"},{"name":"LWQCFIELD"},{"name":"LWQDCRE"},{"name":"LWQDMAJ"},{"name":"LWQUTIL"},{"name":"WRSID"},{"name":"WRSFIELD"},{"name":"WRSHEADER"},{"name":"WRSPOSITION"},{"name":"WRSDCRE"},{"name":"WRSDMAJ"},{"name":"WRSUTIL"},{"name":"WIDNAME"},{"name":"WIDDESC"}]}
3/31/2019 20:28:31 36: LIBQUERY with Callback: 
3/31/2019 20:28:31 36: BEGIN PKREQUESTMANAGER.CALLQUERY(36,'WDG1000000','abe','{SF_MDM_PERF}', '{WDG0000000005}','{US}', :cursor); END;
3/31/2019 20:28:52 36: 1 Object(s) returned... [FETCH]
3/31/2019 20:28:52 36: [object Object]
3/31/2019 20:28:52 36: {"metaData":[{"name":"'EXECUTINGISSUE,CHECKDBMS_SQL.EXECUTERIGHTS'"}]}
3/31/2019 20:29:42 37: LIBQUERY with Callback: 
3/31/2019 20:29:42 37: BEGIN PKREQUESTMANAGER.CALLQUERY(37,'ADM0000001','abe','{}', '{abe,abe}','{}', :cursor); END;
3/31/2019 20:29:43 37: 1 Object(s) returned... [FETCH]
3/31/2019 20:29:43 37: [object Object]
3/31/2019 20:29:43 37: {"metaData":[{"name":"USERID"},{"name":"USERFNAME"},{"name":"USERLNAME"},{"name":"USEREMAIL"},{"name":"USERMOBILE"}]}
3/31/2019 20:29:43 38: LIBQUERY with Callback: 
3/31/2019 20:29:43 38: BEGIN PKREQUESTMANAGER.CALLQUERY(38,'CLI0000003','abe','{}', '{abe}','{}', :cursor); END;
3/31/2019 20:29:43 39: LIBQUERY with Callback: 
3/31/2019 20:29:43 39: BEGIN PKREQUESTMANAGER.CALLQUERY(39,'CLI0000002','abe','{}', '{abe}','{}', :cursor); END;
3/31/2019 20:29:43 38: 5 Object(s) returned... [FETCH]
3/31/2019 20:29:43 38: [object Object],[object Object],[object Object],[object Object],[object Object]
3/31/2019 20:29:43 38: {"metaData":[{"name":"LEVEL"},{"name":"ENVID"},{"name":"ENVCORPID"},{"name":"CORPSDESC"},{"name":"ENVCODE"},{"name":"ENVTYPE"},{"name":"ENVACTIVE"},{"name":"ENVSDESC"},{"name":"ENVLDESC"},{"name":"ENVDBTYPE"},{"name":"ENVIP"},{"name":"ENVPORT"},{"name":"ENVUSER"},{"name":"ENVPASSWORD"},{"name":"ENVSOURCE"},{"name":"ENVDBLINK"},{"name":"ENVDEFAULT"},{"name":"ENVDCRE"},{"name":"ENVDMAJ"},{"name":"ENVUTIL"},{"name":"ENVVERSION"},{"name":"ENVDEFLANG"},{"name":"CORPPIC"},{"name":"ENVVARINITSH"},{"name":"ENVTITLECOLOR"},{"name":"ENVTITLE"}]}
3/31/2019 20:29:43 39: 1 Object(s) returned... [FETCH]
3/31/2019 20:29:43 39: [object Object]
3/31/2019 20:29:43 39: {"metaData":[{"name":"USERID"},{"name":"USERCORPID"},{"name":"USERPASS"},{"name":"USERAUTH"},{"name":"USERLANG"},{"name":"USERPROF"},{"name":"USERAPPLI"},{"name":"USERFNAME"},{"name":"USERLNAME"},{"name":"USEREMAIL"},{"name":"USERMOBILE"},{"name":"USERTEAM"},{"name":"USERACTIVE"},{"name":"USERDCRE"},{"name":"USERDMAJ"},{"name":"USERUTIL"},{"name":"USERTYPE"}]}
3/31/2019 20:29:43 40: LIBQUERY with Callback: 
3/31/2019 20:29:43 40: BEGIN PKREQUESTMANAGER.CALLQUERY(40,'WDG0000001','abe','{SF_MDM_PERF}', '{abe,-1}','{US}', :cursor); END;
3/31/2019 20:29:43 40: 7 Object(s) returned... [FETCH]
3/31/2019 20:29:43 40: [object Object],[object Object],[object Object],[object Object],[object Object],[object Object],[object Object]
3/31/2019 20:29:43 40: {"metaData":[{"name":"WIDID"},{"name":"WIDBEHAVIOR"},{"name":"WIDTABLE"},{"name":"WIDRSS"},{"name":"WIDCHART"},{"name":"WIDINFO"},{"name":"WIDWIDTH"},{"name":"WIDHEIGHT"},{"name":"WIDX"},{"name":"WIDY"},{"name":"WIDROWS"},{"name":"UWPDCRE"},{"name":"UWPDMAJ"},{"name":"UWPUTIL"},{"name":"WIDSNAP"},{"name":"WIDSNAPFILE"},{"name":"LWQMWIDID"},{"name":"LWQCWIDID"},{"name":"LWQMFIELD"},{"name":"LWQCFIELD"},{"name":"LWQDCRE"},{"name":"LWQDMAJ"},{"name":"LWQUTIL"},{"name":"WRSID"},{"name":"WRSFIELD"},{"name":"WRSHEADER"},{"name":"WRSPOSITION"},{"name":"WRSDCRE"},{"name":"WRSDMAJ"},{"name":"WRSUTIL"},{"name":"WIDNAME"},{"name":"WIDDESC"}]}
3/31/2019 20:29:44 41: LIBQUERY with Callback: 
3/31/2019 20:29:44 41: BEGIN PKREQUESTMANAGER.CALLQUERY(41,'WDG1000000','abe','{SF_MDM_PERF}', '{WDG0000000005}','{US}', :cursor); END;
3/31/2019 20:30:5 41: 1 Object(s) returned... [FETCH]
3/31/2019 20:30:5 41: [object Object]
3/31/2019 20:30:5 41: {"metaData":[{"name":"'EXECUTINGISSUE,CHECKDBMS_SQL.EXECUTERIGHTS'"}]}
3/31/2019 20:34:25 42: LIBQUERY with Callback: 
3/31/2019 20:34:25 42: BEGIN PKREQUESTMANAGER.CALLQUERY(42,'ADM0000001','abe','{}', '{abe,abe}','{}', :cursor); END;
3/31/2019 20:34:26 42: 1 Object(s) returned... [FETCH]
3/31/2019 20:34:26 42: [object Object]
3/31/2019 20:34:26 42: {"metaData":[{"name":"USERID"},{"name":"USERFNAME"},{"name":"USERLNAME"},{"name":"USEREMAIL"},{"name":"USERMOBILE"}]}
3/31/2019 20:34:26 43: LIBQUERY with Callback: 
3/31/2019 20:34:26 43: BEGIN PKREQUESTMANAGER.CALLQUERY(43,'CLI0000002','abe','{}', '{abe}','{}', :cursor); END;
3/31/2019 20:34:26 44: LIBQUERY with Callback: 
3/31/2019 20:34:26 44: BEGIN PKREQUESTMANAGER.CALLQUERY(44,'CLI0000003','abe','{}', '{abe}','{}', :cursor); END;
3/31/2019 20:34:26 44: 1 Object(s) returned... [FETCH]
3/31/2019 20:34:26 44: [object Object]
3/31/2019 20:34:26 44: {"metaData":[{"name":"USERID"},{"name":"USERCORPID"},{"name":"USERPASS"},{"name":"USERAUTH"},{"name":"USERLANG"},{"name":"USERPROF"},{"name":"USERAPPLI"},{"name":"USERFNAME"},{"name":"USERLNAME"},{"name":"USEREMAIL"},{"name":"USERMOBILE"},{"name":"USERTEAM"},{"name":"USERACTIVE"},{"name":"USERDCRE"},{"name":"USERDMAJ"},{"name":"USERUTIL"},{"name":"USERTYPE"}]}
3/31/2019 20:34:26 44: 5 Object(s) returned... [FETCH]
3/31/2019 20:34:26 44: [object Object],[object Object],[object Object],[object Object],[object Object]
3/31/2019 20:34:26 44: {"metaData":[{"name":"LEVEL"},{"name":"ENVID"},{"name":"ENVCORPID"},{"name":"CORPSDESC"},{"name":"ENVCODE"},{"name":"ENVTYPE"},{"name":"ENVACTIVE"},{"name":"ENVSDESC"},{"name":"ENVLDESC"},{"name":"ENVDBTYPE"},{"name":"ENVIP"},{"name":"ENVPORT"},{"name":"ENVUSER"},{"name":"ENVPASSWORD"},{"name":"ENVSOURCE"},{"name":"ENVDBLINK"},{"name":"ENVDEFAULT"},{"name":"ENVDCRE"},{"name":"ENVDMAJ"},{"name":"ENVUTIL"},{"name":"ENVVERSION"},{"name":"ENVDEFLANG"},{"name":"CORPPIC"},{"name":"ENVVARINITSH"},{"name":"ENVTITLECOLOR"},{"name":"ENVTITLE"}]}
3/31/2019 20:34:26 45: LIBQUERY with Callback: 
3/31/2019 20:34:26 45: BEGIN PKREQUESTMANAGER.CALLQUERY(45,'WDG0000001','abe','{SF_MDM_PERF}', '{abe,-1}','{US}', :cursor); END;
3/31/2019 20:34:27 45: 7 Object(s) returned... [FETCH]
3/31/2019 20:34:27 45: [object Object],[object Object],[object Object],[object Object],[object Object],[object Object],[object Object]
3/31/2019 20:34:27 45: {"metaData":[{"name":"WIDID"},{"name":"WIDBEHAVIOR"},{"name":"WIDTABLE"},{"name":"WIDRSS"},{"name":"WIDCHART"},{"name":"WIDINFO"},{"name":"WIDWIDTH"},{"name":"WIDHEIGHT"},{"name":"WIDX"},{"name":"WIDY"},{"name":"WIDROWS"},{"name":"UWPDCRE"},{"name":"UWPDMAJ"},{"name":"UWPUTIL"},{"name":"WIDSNAP"},{"name":"WIDSNAPFILE"},{"name":"LWQMWIDID"},{"name":"LWQCWIDID"},{"name":"LWQMFIELD"},{"name":"LWQCFIELD"},{"name":"LWQDCRE"},{"name":"LWQDMAJ"},{"name":"LWQUTIL"},{"name":"WRSID"},{"name":"WRSFIELD"},{"name":"WRSHEADER"},{"name":"WRSPOSITION"},{"name":"WRSDCRE"},{"name":"WRSDMAJ"},{"name":"WRSUTIL"},{"name":"WIDNAME"},{"name":"WIDDESC"}]}
3/31/2019 20:34:27 46: LIBQUERY with Callback: 
3/31/2019 20:34:27 46: BEGIN PKREQUESTMANAGER.CALLQUERY(46,'WDG1000000','abe','{SF_MDM_PERF}', '{WDG0000000005}','{US}', :cursor); END;
3/31/2019 20:34:48 46: 1 Object(s) returned... [FETCH]
3/31/2019 20:34:48 46: [object Object]
3/31/2019 20:34:48 46: {"metaData":[{"name":"'EXECUTINGISSUE,CHECKDBMS_SQL.EXECUTERIGHTS'"}]}
3/31/2019 20:41:31 47: LIBQUERY with Callback: 
3/31/2019 20:41:31 47: BEGIN PKREQUESTMANAGER.CALLQUERY(47,'ADM0000001','abe','{}', '{abe,abe}','{}', :cursor); END;
3/31/2019 20:41:33 47: 1 Object(s) returned... [FETCH]
3/31/2019 20:41:33 47: [object Object]
3/31/2019 20:41:33 47: {"metaData":[{"name":"USERID"},{"name":"USERFNAME"},{"name":"USERLNAME"},{"name":"USEREMAIL"},{"name":"USERMOBILE"}]}
3/31/2019 20:41:33 48: LIBQUERY with Callback: 
3/31/2019 20:41:33 48: BEGIN PKREQUESTMANAGER.CALLQUERY(48,'CLI0000003','abe','{}', '{abe}','{}', :cursor); END;
3/31/2019 20:41:33 49: LIBQUERY with Callback: 
3/31/2019 20:41:33 49: BEGIN PKREQUESTMANAGER.CALLQUERY(49,'CLI0000002','abe','{}', '{abe}','{}', :cursor); END;
3/31/2019 20:41:33 49: 1 Object(s) returned... [FETCH]
3/31/2019 20:41:33 49: [object Object]
3/31/2019 20:41:33 48: 5 Object(s) returned... [FETCH]
3/31/2019 20:41:33 48: [object Object],[object Object],[object Object],[object Object],[object Object]
3/31/2019 20:41:33 49: {"metaData":[{"name":"USERID"},{"name":"USERCORPID"},{"name":"USERPASS"},{"name":"USERAUTH"},{"name":"USERLANG"},{"name":"USERPROF"},{"name":"USERAPPLI"},{"name":"USERFNAME"},{"name":"USERLNAME"},{"name":"USEREMAIL"},{"name":"USERMOBILE"},{"name":"USERTEAM"},{"name":"USERACTIVE"},{"name":"USERDCRE"},{"name":"USERDMAJ"},{"name":"USERUTIL"},{"name":"USERTYPE"}]}
3/31/2019 20:41:33 48: {"metaData":[{"name":"LEVEL"},{"name":"ENVID"},{"name":"ENVCORPID"},{"name":"CORPSDESC"},{"name":"ENVCODE"},{"name":"ENVTYPE"},{"name":"ENVACTIVE"},{"name":"ENVSDESC"},{"name":"ENVLDESC"},{"name":"ENVDBTYPE"},{"name":"ENVIP"},{"name":"ENVPORT"},{"name":"ENVUSER"},{"name":"ENVPASSWORD"},{"name":"ENVSOURCE"},{"name":"ENVDBLINK"},{"name":"ENVDEFAULT"},{"name":"ENVDCRE"},{"name":"ENVDMAJ"},{"name":"ENVUTIL"},{"name":"ENVVERSION"},{"name":"ENVDEFLANG"},{"name":"CORPPIC"},{"name":"ENVVARINITSH"},{"name":"ENVTITLECOLOR"},{"name":"ENVTITLE"}]}
3/31/2019 20:41:33 50: LIBQUERY with Callback: 
3/31/2019 20:41:33 50: BEGIN PKREQUESTMANAGER.CALLQUERY(50,'WDG0000001','abe','{SF_MDM_PERF}', '{abe,-1}','{US}', :cursor); END;
3/31/2019 20:41:34 50: 7 Object(s) returned... [FETCH]
3/31/2019 20:41:34 50: [object Object],[object Object],[object Object],[object Object],[object Object],[object Object],[object Object]
3/31/2019 20:41:34 50: {"metaData":[{"name":"WIDID"},{"name":"WIDBEHAVIOR"},{"name":"WIDTABLE"},{"name":"WIDRSS"},{"name":"WIDCHART"},{"name":"WIDINFO"},{"name":"WIDWIDTH"},{"name":"WIDHEIGHT"},{"name":"WIDX"},{"name":"WIDY"},{"name":"WIDROWS"},{"name":"UWPDCRE"},{"name":"UWPDMAJ"},{"name":"UWPUTIL"},{"name":"WIDSNAP"},{"name":"WIDSNAPFILE"},{"name":"LWQMWIDID"},{"name":"LWQCWIDID"},{"name":"LWQMFIELD"},{"name":"LWQCFIELD"},{"name":"LWQDCRE"},{"name":"LWQDMAJ"},{"name":"LWQUTIL"},{"name":"WRSID"},{"name":"WRSFIELD"},{"name":"WRSHEADER"},{"name":"WRSPOSITION"},{"name":"WRSDCRE"},{"name":"WRSDMAJ"},{"name":"WRSUTIL"},{"name":"WIDNAME"},{"name":"WIDDESC"}]}
3/31/2019 20:41:34 51: LIBQUERY with Callback: 
3/31/2019 20:41:34 51: BEGIN PKREQUESTMANAGER.CALLQUERY(51,'WDG1000000','abe','{SF_MDM_PERF}', '{WDG0000000005}','{US}', :cursor); END;
3/31/2019 20:41:55 51: 1 Object(s) returned... [FETCH]
3/31/2019 20:41:55 51: [object Object]
3/31/2019 20:41:55 51: {"metaData":[{"name":"'EXECUTINGISSUE,CHECKDBMS_SQL.EXECUTERIGHTS'"}]}
3/31/2019 20:43:56 52: LIBQUERY with Callback: 
3/31/2019 20:43:56 52: BEGIN PKREQUESTMANAGER.CALLQUERY(52,'ADM0000001','abe','{}', '{abe,abe}','{}', :cursor); END;
3/31/2019 20:43:57 52: 1 Object(s) returned... [FETCH]
3/31/2019 20:43:57 52: [object Object]
3/31/2019 20:43:57 52: {"metaData":[{"name":"USERID"},{"name":"USERFNAME"},{"name":"USERLNAME"},{"name":"USEREMAIL"},{"name":"USERMOBILE"}]}
3/31/2019 20:43:57 53: LIBQUERY with Callback: 
3/31/2019 20:43:57 53: BEGIN PKREQUESTMANAGER.CALLQUERY(53,'CLI0000002','abe','{}', '{abe}','{}', :cursor); END;
3/31/2019 20:43:57 54: LIBQUERY with Callback: 
3/31/2019 20:43:57 54: BEGIN PKREQUESTMANAGER.CALLQUERY(54,'CLI0000003','abe','{}', '{abe}','{}', :cursor); END;
3/31/2019 20:43:57 53: 1 Object(s) returned... [FETCH]
3/31/2019 20:43:57 53: [object Object]
3/31/2019 20:43:57 53: {"metaData":[{"name":"USERID"},{"name":"USERCORPID"},{"name":"USERPASS"},{"name":"USERAUTH"},{"name":"USERLANG"},{"name":"USERPROF"},{"name":"USERAPPLI"},{"name":"USERFNAME"},{"name":"USERLNAME"},{"name":"USEREMAIL"},{"name":"USERMOBILE"},{"name":"USERTEAM"},{"name":"USERACTIVE"},{"name":"USERDCRE"},{"name":"USERDMAJ"},{"name":"USERUTIL"},{"name":"USERTYPE"}]}
3/31/2019 20:43:57 54: 5 Object(s) returned... [FETCH]
3/31/2019 20:43:57 54: [object Object],[object Object],[object Object],[object Object],[object Object]
3/31/2019 20:43:57 54: {"metaData":[{"name":"LEVEL"},{"name":"ENVID"},{"name":"ENVCORPID"},{"name":"CORPSDESC"},{"name":"ENVCODE"},{"name":"ENVTYPE"},{"name":"ENVACTIVE"},{"name":"ENVSDESC"},{"name":"ENVLDESC"},{"name":"ENVDBTYPE"},{"name":"ENVIP"},{"name":"ENVPORT"},{"name":"ENVUSER"},{"name":"ENVPASSWORD"},{"name":"ENVSOURCE"},{"name":"ENVDBLINK"},{"name":"ENVDEFAULT"},{"name":"ENVDCRE"},{"name":"ENVDMAJ"},{"name":"ENVUTIL"},{"name":"ENVVERSION"},{"name":"ENVDEFLANG"},{"name":"CORPPIC"},{"name":"ENVVARINITSH"},{"name":"ENVTITLECOLOR"},{"name":"ENVTITLE"}]}
3/31/2019 20:43:57 55: LIBQUERY with Callback: 
3/31/2019 20:43:57 55: BEGIN PKREQUESTMANAGER.CALLQUERY(55,'WDG0000001','abe','{SF_MDM_PERF}', '{abe,-1}','{US}', :cursor); END;
3/31/2019 20:43:57 55: 7 Object(s) returned... [FETCH]
3/31/2019 20:43:57 55: [object Object],[object Object],[object Object],[object Object],[object Object],[object Object],[object Object]
3/31/2019 20:43:57 55: {"metaData":[{"name":"WIDID"},{"name":"WIDBEHAVIOR"},{"name":"WIDTABLE"},{"name":"WIDRSS"},{"name":"WIDCHART"},{"name":"WIDINFO"},{"name":"WIDWIDTH"},{"name":"WIDHEIGHT"},{"name":"WIDX"},{"name":"WIDY"},{"name":"WIDROWS"},{"name":"UWPDCRE"},{"name":"UWPDMAJ"},{"name":"UWPUTIL"},{"name":"WIDSNAP"},{"name":"WIDSNAPFILE"},{"name":"LWQMWIDID"},{"name":"LWQCWIDID"},{"name":"LWQMFIELD"},{"name":"LWQCFIELD"},{"name":"LWQDCRE"},{"name":"LWQDMAJ"},{"name":"LWQUTIL"},{"name":"WRSID"},{"name":"WRSFIELD"},{"name":"WRSHEADER"},{"name":"WRSPOSITION"},{"name":"WRSDCRE"},{"name":"WRSDMAJ"},{"name":"WRSUTIL"},{"name":"WIDNAME"},{"name":"WIDDESC"}]}
3/31/2019 20:43:57 56: LIBQUERY with Callback: 
3/31/2019 20:43:57 56: BEGIN PKREQUESTMANAGER.CALLQUERY(56,'WDG1000000','abe','{SF_MDM_PERF}', '{WDG0000000005}','{US}', :cursor); END;
3/31/2019 20:44:18 56: 1 Object(s) returned... [FETCH]
3/31/2019 20:44:18 56: [object Object]
3/31/2019 20:44:18 56: {"metaData":[{"name":"'EXECUTINGISSUE,CHECKDBMS_SQL.EXECUTERIGHTS'"}]}
3/31/2019 20:46:12 57: LIBQUERY with Callback: 
3/31/2019 20:46:12 57: BEGIN PKREQUESTMANAGER.CALLQUERY(57,'ADM0000001','abe','{}', '{abe,abe}','{}', :cursor); END;
3/31/2019 20:46:13 57: 1 Object(s) returned... [FETCH]
3/31/2019 20:46:13 57: [object Object]
3/31/2019 20:46:14 57: {"metaData":[{"name":"USERID"},{"name":"USERFNAME"},{"name":"USERLNAME"},{"name":"USEREMAIL"},{"name":"USERMOBILE"}]}
3/31/2019 20:46:14 58: LIBQUERY with Callback: 
3/31/2019 20:46:14 58: BEGIN PKREQUESTMANAGER.CALLQUERY(58,'CLI0000003','abe','{}', '{abe}','{}', :cursor); END;
3/31/2019 20:46:14 59: LIBQUERY with Callback: 
3/31/2019 20:46:14 59: BEGIN PKREQUESTMANAGER.CALLQUERY(59,'CLI0000002','abe','{}', '{abe}','{}', :cursor); END;
3/31/2019 20:46:14 59: 5 Object(s) returned... [FETCH]
3/31/2019 20:46:14 59: [object Object],[object Object],[object Object],[object Object],[object Object]
3/31/2019 20:46:14 59: {"metaData":[{"name":"LEVEL"},{"name":"ENVID"},{"name":"ENVCORPID"},{"name":"CORPSDESC"},{"name":"ENVCODE"},{"name":"ENVTYPE"},{"name":"ENVACTIVE"},{"name":"ENVSDESC"},{"name":"ENVLDESC"},{"name":"ENVDBTYPE"},{"name":"ENVIP"},{"name":"ENVPORT"},{"name":"ENVUSER"},{"name":"ENVPASSWORD"},{"name":"ENVSOURCE"},{"name":"ENVDBLINK"},{"name":"ENVDEFAULT"},{"name":"ENVDCRE"},{"name":"ENVDMAJ"},{"name":"ENVUTIL"},{"name":"ENVVERSION"},{"name":"ENVDEFLANG"},{"name":"CORPPIC"},{"name":"ENVVARINITSH"},{"name":"ENVTITLECOLOR"},{"name":"ENVTITLE"}]}
3/31/2019 20:46:14 59: 1 Object(s) returned... [FETCH]
3/31/2019 20:46:14 59: [object Object]
3/31/2019 20:46:14 59: {"metaData":[{"name":"USERID"},{"name":"USERCORPID"},{"name":"USERPASS"},{"name":"USERAUTH"},{"name":"USERLANG"},{"name":"USERPROF"},{"name":"USERAPPLI"},{"name":"USERFNAME"},{"name":"USERLNAME"},{"name":"USEREMAIL"},{"name":"USERMOBILE"},{"name":"USERTEAM"},{"name":"USERACTIVE"},{"name":"USERDCRE"},{"name":"USERDMAJ"},{"name":"USERUTIL"},{"name":"USERTYPE"}]}
3/31/2019 20:46:14 60: LIBQUERY with Callback: 
3/31/2019 20:46:14 60: BEGIN PKREQUESTMANAGER.CALLQUERY(60,'WDG0000001','abe','{SF_MDM_PERF}', '{abe,-1}','{US}', :cursor); END;
3/31/2019 20:46:14 60: 7 Object(s) returned... [FETCH]
3/31/2019 20:46:14 60: [object Object],[object Object],[object Object],[object Object],[object Object],[object Object],[object Object]
3/31/2019 20:46:14 60: {"metaData":[{"name":"WIDID"},{"name":"WIDBEHAVIOR"},{"name":"WIDTABLE"},{"name":"WIDRSS"},{"name":"WIDCHART"},{"name":"WIDINFO"},{"name":"WIDWIDTH"},{"name":"WIDHEIGHT"},{"name":"WIDX"},{"name":"WIDY"},{"name":"WIDROWS"},{"name":"UWPDCRE"},{"name":"UWPDMAJ"},{"name":"UWPUTIL"},{"name":"WIDSNAP"},{"name":"WIDSNAPFILE"},{"name":"LWQMWIDID"},{"name":"LWQCWIDID"},{"name":"LWQMFIELD"},{"name":"LWQCFIELD"},{"name":"LWQDCRE"},{"name":"LWQDMAJ"},{"name":"LWQUTIL"},{"name":"WRSID"},{"name":"WRSFIELD"},{"name":"WRSHEADER"},{"name":"WRSPOSITION"},{"name":"WRSDCRE"},{"name":"WRSDMAJ"},{"name":"WRSUTIL"},{"name":"WIDNAME"},{"name":"WIDDESC"}]}
3/31/2019 20:46:14 61: LIBQUERY with Callback: 
3/31/2019 20:46:14 61: BEGIN PKREQUESTMANAGER.CALLQUERY(61,'WDG1000000','abe','{SF_MDM_PERF}', '{WDG0000000005}','{US}', :cursor); END;
3/31/2019 20:46:35 61: 1 Object(s) returned... [FETCH]
3/31/2019 20:46:35 61: [object Object]
3/31/2019 20:46:35 61: {"metaData":[{"name":"'EXECUTINGISSUE,CHECKDBMS_SQL.EXECUTERIGHTS'"}]}
3/31/2019 20:47:6 62: LIBQUERY with Callback: 
3/31/2019 20:47:6 62: BEGIN PKREQUESTMANAGER.CALLQUERY(62,'CLI0000001','abe','{SF_MDM_PERF}', '{0022222}','{US}', :cursor); END;
3/31/2019 20:47:27 62: 1 Object(s) returned... [FETCH]
3/31/2019 20:47:27 62: [object Object]
3/31/2019 20:47:27 62: {"metaData":[{"name":"'EXECUTINGISSUE,CHECKDBMS_SQL.EXECUTERIGHTS'"}]}
3/31/2019 20:57:15 63: LIBQUERY with Callback: 
3/31/2019 20:57:15 63: BEGIN PKREQUESTMANAGER.CALLQUERY(63,'ADM0000001','abe','{}', '{abe,abe}','{}', :cursor); END;
3/31/2019 20:57:16 63: 1 Object(s) returned... [FETCH]
3/31/2019 20:57:16 63: [object Object]
3/31/2019 20:57:16 63: {"metaData":[{"name":"USERID"},{"name":"USERFNAME"},{"name":"USERLNAME"},{"name":"USEREMAIL"},{"name":"USERMOBILE"}]}
3/31/2019 20:57:16 64: LIBQUERY with Callback: 
3/31/2019 20:57:16 64: BEGIN PKREQUESTMANAGER.CALLQUERY(64,'CLI0000003','abe','{}', '{abe}','{}', :cursor); END;
3/31/2019 20:57:16 65: LIBQUERY with Callback: 
3/31/2019 20:57:16 65: BEGIN PKREQUESTMANAGER.CALLQUERY(65,'CLI0000002','abe','{}', '{abe}','{}', :cursor); END;
3/31/2019 20:57:16 65: 5 Object(s) returned... [FETCH]
3/31/2019 20:57:16 65: [object Object],[object Object],[object Object],[object Object],[object Object]
3/31/2019 20:57:16 65: {"metaData":[{"name":"LEVEL"},{"name":"ENVID"},{"name":"ENVCORPID"},{"name":"CORPSDESC"},{"name":"ENVCODE"},{"name":"ENVTYPE"},{"name":"ENVACTIVE"},{"name":"ENVSDESC"},{"name":"ENVLDESC"},{"name":"ENVDBTYPE"},{"name":"ENVIP"},{"name":"ENVPORT"},{"name":"ENVUSER"},{"name":"ENVPASSWORD"},{"name":"ENVSOURCE"},{"name":"ENVDBLINK"},{"name":"ENVDEFAULT"},{"name":"ENVDCRE"},{"name":"ENVDMAJ"},{"name":"ENVUTIL"},{"name":"ENVVERSION"},{"name":"ENVDEFLANG"},{"name":"CORPPIC"},{"name":"ENVVARINITSH"},{"name":"ENVTITLECOLOR"},{"name":"ENVTITLE"}]}
3/31/2019 20:57:16 65: 1 Object(s) returned... [FETCH]
3/31/2019 20:57:16 65: [object Object]
3/31/2019 20:57:16 65: {"metaData":[{"name":"USERID"},{"name":"USERCORPID"},{"name":"USERPASS"},{"name":"USERAUTH"},{"name":"USERLANG"},{"name":"USERPROF"},{"name":"USERAPPLI"},{"name":"USERFNAME"},{"name":"USERLNAME"},{"name":"USEREMAIL"},{"name":"USERMOBILE"},{"name":"USERTEAM"},{"name":"USERACTIVE"},{"name":"USERDCRE"},{"name":"USERDMAJ"},{"name":"USERUTIL"},{"name":"USERTYPE"}]}
3/31/2019 20:57:17 66: LIBQUERY with Callback: 
3/31/2019 20:57:17 66: BEGIN PKREQUESTMANAGER.CALLQUERY(66,'WDG0000001','abe','{SF_MDM_PERF}', '{abe,-1}','{US}', :cursor); END;
3/31/2019 20:57:17 66: 7 Object(s) returned... [FETCH]
3/31/2019 20:57:17 66: [object Object],[object Object],[object Object],[object Object],[object Object],[object Object],[object Object]
3/31/2019 20:57:17 66: {"metaData":[{"name":"WIDID"},{"name":"WIDBEHAVIOR"},{"name":"WIDTABLE"},{"name":"WIDRSS"},{"name":"WIDCHART"},{"name":"WIDINFO"},{"name":"WIDWIDTH"},{"name":"WIDHEIGHT"},{"name":"WIDX"},{"name":"WIDY"},{"name":"WIDROWS"},{"name":"UWPDCRE"},{"name":"UWPDMAJ"},{"name":"UWPUTIL"},{"name":"WIDSNAP"},{"name":"WIDSNAPFILE"},{"name":"LWQMWIDID"},{"name":"LWQCWIDID"},{"name":"LWQMFIELD"},{"name":"LWQCFIELD"},{"name":"LWQDCRE"},{"name":"LWQDMAJ"},{"name":"LWQUTIL"},{"name":"WRSID"},{"name":"WRSFIELD"},{"name":"WRSHEADER"},{"name":"WRSPOSITION"},{"name":"WRSDCRE"},{"name":"WRSDMAJ"},{"name":"WRSUTIL"},{"name":"WIDNAME"},{"name":"WIDDESC"}]}
3/31/2019 20:57:17 67: LIBQUERY with Callback: 
3/31/2019 20:57:17 67: BEGIN PKREQUESTMANAGER.CALLQUERY(67,'WDG1000000','abe','{SF_MDM_PERF}', '{WDG0000000005}','{US}', :cursor); END;
3/31/2019 20:57:28 68: LIBQUERY with Callback: 
3/31/2019 20:57:28 68: BEGIN PKREQUESTMANAGER.CALLQUERY(68,'CLI0000001','abe','{SF_MDM_PERF}', '{0022222}','{US}', :cursor); END;
3/31/2019 20:57:38 68: 1 Object(s) returned... [FETCH]
3/31/2019 20:57:38 68: [object Object]
3/31/2019 20:57:38 68: {"metaData":[{"name":"'EXECUTINGISSUE,CHECKDBMS_SQL.EXECUTERIGHTS'"}]}
3/31/2019 20:57:50 68: 1 Object(s) returned... [FETCH]
3/31/2019 20:57:50 68: [object Object]
3/31/2019 20:57:50 68: {"metaData":[{"name":"'EXECUTINGISSUE,CHECKDBMS_SQL.EXECUTERIGHTS'"}]}
3/31/2019 20:58:55 69: LIBQUERY with Callback: 
3/31/2019 20:58:55 69: BEGIN PKREQUESTMANAGER.CALLQUERY(69,'CLI0000001','abe','{SF_MDM_PERF}', '{0022222}','{US}', :cursor); END;
3/31/2019 20:59:16 69: 1 Object(s) returned... [FETCH]
3/31/2019 20:59:16 69: [object Object]
3/31/2019 20:59:16 69: {"metaData":[{"name":"'EXECUTINGISSUE,CHECKDBMS_SQL.EXECUTERIGHTS'"}]}
3/31/2019 21:0:2 70: LIBQUERY with Callback: 
3/31/2019 21:0:2 70: BEGIN PKREQUESTMANAGER.CALLQUERY(70,'CLI0000001','abe','{SF_MDM_PERF}', '{0022222}','{US}', :cursor); END;
3/31/2019 21:0:23 70: 1 Object(s) returned... [FETCH]
3/31/2019 21:0:23 70: [object Object]
3/31/2019 21:0:23 70: {"metaData":[{"name":"'EXECUTINGISSUE,CHECKDBMS_SQL.EXECUTERIGHTS'"}]}
3/31/2019 21:0:30 71: LIBQUERY with Callback: 
3/31/2019 21:0:30 71: BEGIN PKREQUESTMANAGER.CALLQUERY(71,'CLI0000001','abe','{SF_MDM_PERF}', '{0022222}','{US}', :cursor); END;
3/31/2019 21:0:51 71: 1 Object(s) returned... [FETCH]
3/31/2019 21:0:51 71: [object Object]
3/31/2019 21:0:51 71: {"metaData":[{"name":"'EXECUTINGISSUE,CHECKDBMS_SQL.EXECUTERIGHTS'"}]}
3/31/2019 21:1:0 72: LIBQUERY with Callback: 
3/31/2019 21:1:0 72: BEGIN PKREQUESTMANAGER.CALLQUERY(72,'CLI0000001','abe','{SF_MDM_PERF}', '{0022222}','{US}', :cursor); END;
3/31/2019 21:1:22 72: 1 Object(s) returned... [FETCH]
3/31/2019 21:1:22 72: [object Object]
3/31/2019 21:1:22 72: {"metaData":[{"name":"'EXECUTINGISSUE,CHECKDBMS_SQL.EXECUTERIGHTS'"}]}
3/31/2019 21:1:33 73: LIBQUERY with Callback: 
3/31/2019 21:1:33 73: BEGIN PKREQUESTMANAGER.CALLQUERY(73,'CLI0000001','abe','{SF_MDM_PERF}', '{0022222}','{US}', :cursor); END;
3/31/2019 21:1:54 73: 1 Object(s) returned... [FETCH]
3/31/2019 21:1:54 73: [object Object]
3/31/2019 21:1:54 73: {"metaData":[{"name":"'EXECUTINGISSUE,CHECKDBMS_SQL.EXECUTERIGHTS'"}]}
