10/17/2022 12:35:55 [abe] 1: "BEGIN PKREQUESTMANAGER.CALLQUERY(1,'WDG0000001','abe','{HEINENS_CUSTOM_PROD}', '{abe,-1}','{HN}', :cursor); END;"
10/17/2022 12:35:55 [abe] 2: "BEGIN PKREQUESTMANAGER.CALLQUERY(2,'SCR0000001','abe','{HEINENS_CUSTOM_PROD}', '{SCR0000000001,abe}','{HN}', :cursor); END;"
10/17/2022 12:35:56 [abe] 2: "[{\"SCREENID\":\"SCR0000000001\",\"SCREENINFO\":\"<div><i class=\\\"bbs-keywords\\\">What is it : </i>Dashboard section is your <b>Home</b> tracking process. It simplifies and regroup data visualization.\\n                          As many as needed dashboard widget trackers can be enabled.\\n</div>\\n<div><i class=\\\"bbs-keywords\\\">Tracking type : </i>There are 3 types of data visualization: \\n        <li><b>Table </b> display with export to file option.</li> \\n        <li><b>Chart </b> with by type line, bar, radar, polar, pie, scatter, combined type </li> \\n        <li><b>Message & Alert </b> with color criticality such as successful, soft warning, hard warning.</li> \\n</div>\"}]"
10/17/2022 12:35:56 [abe] 2: "1 Object(s) returned... [FETCH]"
10/17/2022 12:35:56 [abe] 1: "44 Object(s) returned... [FETCH]"
10/17/2022 12:35:57 [abe] 3: "BEGIN PKREQUESTMANAGER.CALLQUERY(3,'ADM0000001','abe','{}', '{abe,abe}','{}', :cursor); END;"
10/17/2022 12:35:59 [abe] 3: "[{\"USERID\":\"abe\",\"USERFNAME\":\"Ahmed\",\"USERLNAME\":\"Benamrouche\",\"USEREMAIL\":\"abenamrouche@heinens.com\",\"USERMOBILE\":\"(678)9863021\"}]"
10/17/2022 12:35:59 [abe] 3: "1 Object(s) returned... [FETCH]"
10/17/2022 12:35:59 [abe] 4: "BEGIN PKREQUESTMANAGER.CALLQUERY(4,'CLI0000002','abe','{}', '{abe}','{}', :cursor); END;"
10/17/2022 12:35:59 [abe] 5: "BEGIN PKREQUESTMANAGER.CALLQUERY(5,'CLI0000003','abe','{}', '{abe}','{}', :cursor); END;"
10/17/2022 12:36:1 [abe] 4: "[{\"USERID\":\"abe\",\"USERCORPID\":2,\"USERPASS\":\"YWJl\",\"USERAUTH\":null,\"USERLANG\":\"us_US\",\"USERPROF\":null,\"USERAPPLI\":3,\"USERFNAME\":\"Ahmed\",\"USERLNAME\":\"Benamrouche\",\"USEREMAIL\":\"abenamrouche@heinens.com\",\"USERMOBILE\":\"(678)9863021\",\"USERTEAM\":null,\"USERACTIVE\":1,\"USERDCRE\":\"2017-02-01T22:00:00.000Z\",\"USERDMAJ\":\"2017-02-01T22:00:00.000Z\",\"USERUTIL\":\"admin\",\"USERTYPE\":1}]"
10/17/2022 12:36:1 [abe] 4: "1 Object(s) returned... [FETCH]"
10/17/2022 12:36:1 [abe] 5: "[{\"LEVEL\":\"CORPORATE\",\"ENVID\":1,\"ENVCORPID\":2,\"CORPSDESC\":\"Heinen's\",\"ENVCODE\":\"CENTRAL_UAT\",\"ENVTYPE\":4,\"ENVACTIVE\":1,\"ENVSDESC\":\"User Acceptance\",\"ENVLDESC\":\"Heinen's Central UAT environement\",\"ENVDBTYPE\":1,\"ENVIP\":\"10.200.14.232\",\"ENVPORT\":1521,\"ENVUSER\":\"hntcen\",\"ENVPASSWORD\":\"Heinen123!\",\"ENVSOURCE\":\"test\",\"ENVDBLINK\":\"HEINENS_CEN_UAT\",\"ENVDEFAULT\":0,\"ENVDCRE\":\"2017-03-20T22:00:00.000Z\",\"ENVDMAJ\":\"2017-03-20T22:00:00.000Z\",\"ENVUTIL\":\"abe\",\"ENVVERSION\":1,\"ENVDEFLANG\":\"HN\",\"CORPPIC\":\"./assets/pictures/corporate/heinens.jpg\",\"ENVVARINITSH\":\". /home/hntcen/env/envCEN\",\"ENVTITLECOLOR\":\"yellow\",\"ENVTITLE\":\"Inventory Control Room (Acceptance)\"},{\"LEVEL\":\"CORPORATE\",\"ENVID\":2,\"ENVCORPID\":2,\"CORPSDESC\":\"Heinen's\",\"ENVCODE\":\"STOCK_UAT\",\"ENVTYPE\":4,\"ENVACTIVE\":1,\"ENVSDESC\":\"Heinen's Stock UAT\",\"ENVLDESC\":\"Heinen's Stock UAT environement\",\"ENVDBTYPE\":1,\"ENVIP\":\"10.200.14.232\",\"ENVPORT\":1521,\"ENVUSER\":\"hntstk\",\"ENVPASSWORD\":\"Heinen123!\",\"ENVSOURCE\":\"test\",\"ENVDBLINK\":\"HEINENS_STK_UAT\",\"ENVDEFAULT\":0,\"ENVDCRE\":\"2017-03-20T22:00:00.000Z\",\"ENVDMAJ\":\"2017-03-20T22:00:00.000Z\",\"ENVUTIL\":\"abe\",\"ENVVERSION\":2,\"ENVDEFLANG\":\"HN\",\"CORPPIC\":\"./assets/pictures/corporate/heinens.jpg\",\"ENVVARINITSH\":\". /home/hntstk/env/envSTK\",\"ENVTITLECOLOR\":\"yellow\",\"ENVTITLE\":\"Inventory Control Room (Acceptance)\"},{\"LEVEL\":\"USER\",\"ENVID\":1,\"ENVCORPID\":2,\"CORPSDESC\":\"Heinen's\",\"ENVCODE\":\"CENTRAL_UAT\",\"ENVTYPE\":4,\"ENVACTIVE\":1,\"ENVSDESC\":\"User Acceptance\",\"ENVLDESC\":\"Heinen's Central UAT environement\",\"ENVDBTYPE\":1,\"ENVIP\":\"10.200.14.232\",\"ENVPORT\":1521,\"ENVUSER\":\"hntcen\",\"ENVPASSWORD\":\"Heinen123!\",\"ENVSOURCE\":\"test\",\"ENVDBLINK\":\"HEINENS_CEN_UAT\",\"ENVDEFAULT\":0,\"ENVDCRE\":\"2017-03-20T22:00:00.000Z\",\"ENVDMAJ\":\"2017-03-20T22:00:00.000Z\",\"ENVUTIL\":\"abe\",\"ENVVERSION\":1,\"ENVDEFLANG\":\"HN\",\"CORPPIC\":\"./assets/pictures/corporate/heinens.jpg\",\"ENVVARINITSH\":\". /home/hntcen/env/envCEN\",\"ENVTITLECOLOR\":\"yellow\",\"ENVTITLE\":\"Inventory Control Room (Acceptance)\"},{\"LEVEL\":\"USER\",\"ENVID\":2,\"ENVCORPID\":2,\"CORPSDESC\":\"Heinen's\",\"ENVCODE\":\"STOCK_UAT\",\"ENVTYPE\":4,\"ENVACTIVE\":1,\"ENVSDESC\":\"Heinen's Stock UAT\",\"ENVLDESC\":\"Heinen's Stock UAT environement\",\"ENVDBTYPE\":1,\"ENVIP\":\"10.200.14.232\",\"ENVPORT\":1521,\"ENVUSER\":\"hntstk\",\"ENVPASSWORD\":\"Heinen123!\",\"ENVSOURCE\":\"test\",\"ENVDBLINK\":\"HEINENS_STK_UAT\",\"ENVDEFAULT\":0,\"ENVDCRE\":\"2017-03-20T22:00:00.000Z\",\"ENVDMAJ\":\"2017-03-20T22:00:00.000Z\",\"ENVUTIL\":\"abe\",\"ENVVERSION\":2,\"ENVDEFLANG\":\"HN\",\"CORPPIC\":\"./assets/pictures/corporate/heinens.jpg\",\"ENVVARINITSH\":\". /home/hntstk/env/envSTK\",\"ENVTITLECOLOR\":\"yellow\",\"ENVTITLE\":\"Inventory Control Room (Acceptance)\"},{\"LEVEL\":\"CORPORATE\",\"ENVID\":3,\"ENVCORPID\":2,\"CORPSDESC\":\"Heinen's\",\"ENVCODE\":\"HN_CENTRAL_PROD\",\"ENVTYPE\":7,\"ENVACTIVE\":1,\"ENVSDESC\":\"Production\",\"ENVLDESC\":\"Heinen's Custom PROD environement\",\"ENVDBTYPE\":1,\"ENVIP\":\"10.200.14.231\",\"ENVPORT\":1521,\"ENVUSER\":\"hnpcen\",\"ENVPASSWORD\":\"Heinen123!\",\"ENVSOURCE\":\"central\",\"ENVDBLINK\":\"HEINENS_CUSTOM_PROD\",\"ENVDEFAULT\":1,\"ENVDCRE\":\"2017-04-21T22:00:00.000Z\",\"ENVDMAJ\":\"2017-03-20T22:00:00.000Z\",\"ENVUTIL\":\"abe\",\"ENVVERSION\":1,\"ENVDEFLANG\":\"HN\",\"CORPPIC\":\"./assets/pictures/corporate/heinens.jpg\",\"ENVVARINITSH\":\". /home/hnpcen/env/envCEN\",\"ENVTITLECOLOR\":\"white\",\"ENVTITLE\":\"Inventory Control Room\"},{\"LEVEL\":\"CORPORATE\",\"ENVID\":4,\"ENVCORPID\":2,\"CORPSDESC\":\"Heinen's\",\"ENVCODE\":\"HN_STOCK_PROD\",\"ENVTYPE\":7,\"ENVACTIVE\":1,\"ENVSDESC\":\"Production Warehouse\",\"ENVLDESC\":\"Heinen's Warehouse PROD environement\",\"ENVDBTYPE\":1,\"ENVIP\":\"10.200.14.231\",\"ENVPORT\":1521,\"ENVUSER\":\"hnpstk\",\"ENVPASSWORD\":\"Heinen123!\",\"ENVSOURCE\":\"central\",\"ENVDBLINK\":\"HEINENS_CUSTOM_PROD\",\"ENVDEFAULT\":1,\"ENVDCRE\":\"2020-01-01T22:00:00.000Z\",\"ENVDMAJ\":\"2020-01-01T22:00:00.000Z\",\"ENVUTIL\":\"abe\",\"ENVVERSION\":1,\"ENVDEFLANG\":\"HN\",\"CORPPIC\":\"./assets/pictures/corporate/heinens.jpg\",\"ENVVARINITSH\":\". /home/hnpsk/env/envSTK\",\"ENVTITLECOLOR\":\"white\",\"ENVTITLE\":\"Inventory Control Room\"},{\"LEVEL\":\"USER\",\"ENVID\":3,\"ENVCORPID\":2,\"CORPSDESC\":\"Heinen's\",\"ENVCODE\":\"HN_CENTRAL_PROD\",\"ENVTYPE\":7,\"ENVACTIVE\":1,\"ENVSDESC\":\"Production\",\"ENVLDESC\":\"Heinen's Custom PROD environement\",\"ENVDBTYPE\":1,\"ENVIP\":\"10.200.14.231\",\"ENVPORT\":1521,\"ENVUSER\":\"hnpcen\",\"ENVPASSWORD\":\"Heinen123!\",\"ENVSOURCE\":\"central\",\"ENVDBLINK\":\"HEINENS_CUSTOM_PROD\",\"ENVDEFAULT\":1,\"ENVDCRE\":\"2017-04-21T22:00:00.000Z\",\"ENVDMAJ\":\"2017-03-20T22:00:00.000Z\",\"ENVUTIL\":\"abe\",\"ENVVERSION\":1,\"ENVDEFLANG\":\"HN\",\"CORPPIC\":\"./assets/pictures/corporate/heinens.jpg\",\"ENVVARINITSH\":\". /home/hnpcen/env/envCEN\",\"ENVTITLECOLOR\":\"white\",\"ENVTITLE\":\"Inventory Control Room\"}]"
10/17/2022 12:36:1 [abe] 5: "7 Object(s) returned... [FETCH]"
10/17/2022 12:36:1 [abe] 6: "BEGIN PKREQUESTMANAGER.CALLQUERY(6,'WDG0000001','abe','{HEINENS_CUSTOM_PROD}', '{abe,-1}','{HN}', :cursor); END;"
10/17/2022 12:36:1 [abe] 7: "BEGIN PKREQUESTMANAGER.CALLQUERY(7,'SCR0000001','abe','{HEINENS_CUSTOM_PROD}', '{SCR0000000001,abe}','{HN}', :cursor); END;"
10/17/2022 12:36:1 [abe] 8: "BEGIN PKREQUESTMANAGER.CALLQUERY(8,'WDG0000001','abe','{HEINENS_CUSTOM_PROD}', '{abe,-1}','{HN}', :cursor); END;"
10/17/2022 12:36:3 [abe] 7: "[{\"SCREENID\":\"SCR0000000001\",\"SCREENINFO\":\"<div><i class=\\\"bbs-keywords\\\">What is it : </i>Dashboard section is your <b>Home</b> tracking process. It simplifies and regroup data visualization.\\n                          As many as needed dashboard widget trackers can be enabled.\\n</div>\\n<div><i class=\\\"bbs-keywords\\\">Tracking type : </i>There are 3 types of data visualization: \\n        <li><b>Table </b> display with export to file option.</li> \\n        <li><b>Chart </b> with by type line, bar, radar, polar, pie, scatter, combined type </li> \\n        <li><b>Message & Alert </b> with color criticality such as successful, soft warning, hard warning.</li> \\n</div>\"}]"
10/17/2022 12:36:3 [abe] 7: "1 Object(s) returned... [FETCH]"
10/17/2022 12:36:3 [abe] 6: "44 Object(s) returned... [FETCH]"
10/17/2022 12:36:3 [abe] 8: "44 Object(s) returned... [FETCH]"
10/17/2022 12:36:3 [abe] 9: "BEGIN PKREQUESTMANAGER.CALLQUERY(9,'WDG1000000','abe','{HEINENS_CUSTOM_PROD}', '{WDG0000000019,null}','{HN}', :cursor); END;"
10/17/2022 12:36:3 [abe] 10: "BEGIN PKREQUESTMANAGER.CALLQUERY(10,'WDG1000000','abe','{HEINENS_CUSTOM_PROD}', '{WDG0000000010,null}','{HN}', :cursor); END;"
10/17/2022 12:36:3 [abe] 11: "BEGIN PKREQUESTMANAGER.CALLQUERY(11,'WDG1000000','abe','{HEINENS_CUSTOM_PROD}', '{WDG0000000020,90061,5}','{HN}', :cursor); END;"
10/17/2022 12:36:3 [abe] 12: "BEGIN PKREQUESTMANAGER.CALLQUERY(12,'WDG1000000','abe','{HEINENS_CUSTOM_PROD}', '{WDG0000000021,90061,15}','{HN}', :cursor); END;"
10/17/2022 12:36:3 [abe] 13: "BEGIN PKREQUESTMANAGER.CALLQUERY(13,'WDG1000000','abe','{HEINENS_CUSTOM_PROD}', '{WDG0000000020,91071,5}','{HN}', :cursor); END;"
10/17/2022 12:36:3 [abe] 14: "BEGIN PKREQUESTMANAGER.CALLQUERY(14,'WDG1000000','abe','{HEINENS_CUSTOM_PROD}', '{WDG0000000021,91071,15}','{HN}', :cursor); END;"
10/17/2022 12:36:5 [abe] 10: "598 Object(s) returned... [FETCH]"
10/17/2022 12:36:5 [abe] 15: "BEGIN PKREQUESTMANAGER.CALLQUERY(15,'WDG1000000','abe','{HEINENS_CUSTOM_PROD}', '{WDG0000000020,91070,2}','{HN}', :cursor); END;"
10/17/2022 12:36:5 [abe] 9: "1820 Object(s) returned... [FETCH]"
10/17/2022 12:36:5 [abe] 16: "BEGIN PKREQUESTMANAGER.CALLQUERY(16,'WDG1000000','abe','{HEINENS_CUSTOM_PROD}', '{WDG0000000021,91070,6}','{HN}', :cursor); END;"
10/17/2022 12:36:12 [abe] 14: "299 Object(s) returned... [FETCH]"
10/17/2022 12:36:12 [abe] 13: "84 Object(s) returned... [FETCH]"
10/17/2022 12:36:14 [abe] 15: "87 Object(s) returned... [FETCH]"
10/17/2022 12:36:14 [abe] 16: "354 Object(s) returned... [FETCH]"
10/17/2022 12:36:35 [abe] 11: "460 Object(s) returned... [FETCH]"
10/17/2022 12:36:38 [abe] 12: "2566 Object(s) returned... [FETCH]"
10/17/2022 12:37:47 [abe] 17: "BEGIN PKREQUESTMANAGER.CALLQUERY(17,'SCR0000001','abe','{HEINENS_CUSTOM_PROD}', '{SCR0000000007,abe}','{HN}', :cursor); END;"
10/17/2022 12:37:49 [abe] 17: "[{\"SCREENID\":\"SCR0000000007\",\"SCREENINFO\":\"<div><i class=\\\"bbs-keywords\\\">What is it : </i>Third-Party counting is your counting third-party <b>integration</b> tracking process. It simplifies and regroup counting integration from the third-party flat file to the in-house inventory update.\\n</div>\\n<div><i class=\\\"bbs-keywords\\\">Process : </i>There are 3 step process during the counting integration: \\n        <li><b>Third-Party counting analysis </b> display the number of items reported, the unknown items and the invalid UPC.</li> \\n        <li><b>Counting integration </b> is the third-party counting integration in the inventory system </li> \\n        <li><b>Inventory update </b> contains 6 steps (optional and mandatory). The inventory tracker is available during the integration process</li> \\n</div>\\n<div><i class=\\\"bbs-keywords\\\">Pre-requisite : </i> Third-party counting can be integrated only and just only after sales load operated. If previous day sales load failed, the counting integration is on-hold until the sales are loaded.\\n</div>\\n<div><i class=\\\"bbs-keywords\\\">Rejection : </i> This part helps to extract all the items rejected during the end to end integration.\\n</div>\\n<div><i class=\\\"bbs-keywords\\\">In-between Operation </i> details the items & operations for which the counting might have overwritten the store operations. This kind of business case can happen during a late third-party file readiness or integration or when the sale upload fails. \\n</div>\\n<div><i class=\\\"bbs-keywords\\\">Contingency process : </i> In the case of counting file delivery and sales load failure, a counter-counting process is executed. Once the sales are loaded, this counter-counting proess recalculates the valid inventory based on the item/store movement and the initial inventory reported.\\n</div>\"}]"
10/17/2022 12:37:49 [abe] 17: "1 Object(s) returned... [FETCH]"
10/17/2022 12:37:50 [abe] 18: "BEGIN PKREQUESTMANAGER.CALLQUERY(18,'CNT0000002','abe','{HEINENS_CUSTOM_PROD}', '{10/17/2022}','{HN}', :cursor); END;"
10/17/2022 12:37:53 [abe] 18: "[{\"TOTAL\":20472,\"TRT\":1,\"SITE\":\"15\",\"SOCLMAG\":\"CHARDON\",\"INVDATE\":\"10/17/2022\",\"FILENAME\":\"2022101615.csv\",\"COMPANY\":\"PICS\",\"CREATEDAT\":\"01:00:14\",\"UPDATEDAT\":\"01:00:54\"},{\"TOTAL\":120,\"TRT\":3,\"SITE\":\"15\",\"SOCLMAG\":\"CHARDON\",\"INVDATE\":\"10/17/2022\",\"FILENAME\":\"2022101615.csv\",\"COMPANY\":\"PICS\",\"CREATEDAT\":\"01:00:14\",\"UPDATEDAT\":\"01:00:54\"},{\"TOTAL\":21636,\"TRT\":1,\"SITE\":\"5\",\"SOCLMAG\":\"PEPPER PIKE\",\"INVDATE\":\"10/17/2022\",\"FILENAME\":\"202210165.csv\",\"COMPANY\":\"PICS\",\"CREATEDAT\":\"01:15:35\",\"UPDATEDAT\":\"01:16:20\"},{\"TOTAL\":27,\"TRT\":2,\"SITE\":\"5\",\"SOCLMAG\":\"PEPPER PIKE\",\"INVDATE\":\"10/17/2022\",\"FILENAME\":\"202210165.csv\",\"COMPANY\":\"PICS\",\"CREATEDAT\":\"01:15:34\",\"UPDATEDAT\":\"01:16:13\"},{\"TOTAL\":3,\"TRT\":3,\"SITE\":\"5\",\"SOCLMAG\":\"PEPPER PIKE\",\"INVDATE\":\"10/17/2022\",\"FILENAME\":\"202210165.csv\",\"COMPANY\":\"PICS\",\"CREATEDAT\":\"01:15:35\",\"UPDATEDAT\":\"01:16:19\"}]"
10/17/2022 12:37:53 [abe] 18: "5 Object(s) returned... [FETCH]"
10/17/2022 12:37:56 [abe] 19: "BEGIN PKREQUESTMANAGER.CALLQUERY(19,'CNT0000003','abe','{HEINENS_CUSTOM_PROD}', '{10/17/2022,15,2022101615.csv}','{HN}', :cursor); END;"
10/17/2022 12:37:56 [abe] 20: "BEGIN PKREQUESTMANAGER.CALLQUERY(20,'CNT0000004','abe','{HEINENS_CUSTOM_PROD}', '{10/17/2022,15,2022101615.csv}','{HN}', :cursor); END;"
10/17/2022 12:37:58 [abe] 19: "[{\"TOTAL\":20472,\"TRT\":1,\"SITE\":15,\"SOCLMAG\":\"CHARDON\",\"INVDATE\":\"2022-10-16T22:00:00.000Z\",\"FILENAME\":\"2022101615.csv\",\"COMPANY\":\"PICS\"}]"
10/17/2022 12:37:58 [abe] 19: "1 Object(s) returned... [FETCH]"
10/17/2022 12:37:59 [abe] 21: "BEGIN PKREQUESTMANAGER.CALLQUERY(21,'BTH0000001','abe','{HEINENS_CUSTOM_PROD}', '{10/17/2022,pssti12p, 10 15 }','{HN}', :cursor); END;"
10/17/2022 12:37:59 [abe] 22: "BEGIN PKREQUESTMANAGER.CALLQUERY(22,'CNT0000005','abe','{HEINENS_CUSTOM_PROD}', '{10/17/2022,15,2022101615.csv}','{HN}', :cursor); END;"
10/17/2022 12:37:59 [abe] 23: "BEGIN PKREQUESTMANAGER.CALLQUERY(23,'CNT0000006','abe','{HEINENS_CUSTOM_PROD}', '{10/17/2022,15,2022101615.csv}','{HN}', :cursor); END;"
10/17/2022 12:37:59 [abe] 20: "[{\"IETSITE\":15,\"STEP\":1,\"STEPLABEL\":\"Initialisation\",\"STATUS\":1,\"UPDATE\":\"02:50:51\",\"PROGRESS_STK\":-1,\"PROGRESS_INIT\":2.21,\"PROGRESS_STK_COPY\":-1},{\"IETSITE\":15,\"STEP\":2,\"STEPLABEL\":\"Stock copy\",\"STATUS\":1,\"UPDATE\":\"02:56:01\",\"PROGRESS_STK\":-1,\"PROGRESS_INIT\":-1,\"PROGRESS_STK_COPY\":1},{\"IETSITE\":15,\"STEP\":3,\"STEPLABEL\":\"Quantity input\",\"STATUS\":1,\"UPDATE\":\"02:57:16\",\"PROGRESS_STK\":-1,\"PROGRESS_INIT\":-1,\"PROGRESS_STK_COPY\":-1},{\"IETSITE\":15,\"STEP\":4,\"STEPLABEL\":\"Input validation\",\"STATUS\":1,\"UPDATE\":\"02:57:45\",\"PROGRESS_STK\":-1,\"PROGRESS_INIT\":-1,\"PROGRESS_STK_COPY\":-1},{\"IETSITE\":15,\"STEP\":5,\"STEPLABEL\":\"Inventory adjustment\",\"STATUS\":0,\"UPDATE\":\"02:39:04\",\"PROGRESS_STK\":-1,\"PROGRESS_INIT\":-1,\"PROGRESS_STK_COPY\":-1},{\"IETSITE\":15,\"STEP\":6,\"STEPLABEL\":\"Stock update\",\"STATUS\":1,\"UPDATE\":\"03:04:52\",\"PROGRESS_STK\":1,\"PROGRESS_INIT\":-1,\"PROGRESS_STK_COPY\":-1}]"
10/17/2022 12:37:59 [abe] 20: "6 Object(s) returned... [FETCH]"
10/17/2022 12:38:1 [abe] 23: "120 Object(s) returned... [FETCH]"
10/17/2022 12:38:1 [abe] 21: "[{\"BATCHNAME\":\"pssti12p\",\"DATESTART\":\"10/17/2022\",\"STARTAT\":\"01:35:19\",\"ENDAT\":\"01:46:23\",\"DURATION\":\"00:11:04\",\"PARAMETER\":\"19 (hnpcen 10 15 15 -1 HN 1)\",\"BATCHID\":739418}]"
10/17/2022 12:38:1 [abe] 21: "1 Object(s) returned... [FETCH]"
10/17/2022 12:38:3 [abe] 22: "[]"
10/17/2022 12:38:3 [abe] 22: "0 Object(s) returned... [FETCH]"
10/17/2022 12:40:50 [abe] 24: "BEGIN PKREQUESTMANAGER.CALLQUERY(24,'CNT0000003','abe','{HEINENS_CUSTOM_PROD}', '{10/17/2022,5,202210165.csv}','{HN}', :cursor); END;"
10/17/2022 12:40:50 [abe] 25: "BEGIN PKREQUESTMANAGER.CALLQUERY(25,'CNT0000004','abe','{HEINENS_CUSTOM_PROD}', '{10/17/2022,5,202210165.csv}','{HN}', :cursor); END;"
10/17/2022 12:40:53 [abe] 24: "[{\"TOTAL\":21636,\"TRT\":1,\"SITE\":5,\"SOCLMAG\":\"PEPPER PIKE\",\"INVDATE\":\"2022-10-16T22:00:00.000Z\",\"FILENAME\":\"202210165.csv\",\"COMPANY\":\"PICS\"}]"
10/17/2022 12:40:53 [abe] 24: "1 Object(s) returned... [FETCH]"
10/17/2022 12:40:53 [abe] 26: "BEGIN PKREQUESTMANAGER.CALLQUERY(26,'BTH0000001','abe','{HEINENS_CUSTOM_PROD}', '{10/17/2022,pssti12p, 10 5 }','{HN}', :cursor); END;"
10/17/2022 12:40:53 [abe] 27: "BEGIN PKREQUESTMANAGER.CALLQUERY(27,'CNT0000005','abe','{HEINENS_CUSTOM_PROD}', '{10/17/2022,5,202210165.csv}','{HN}', :cursor); END;"
10/17/2022 12:40:53 [abe] 28: "BEGIN PKREQUESTMANAGER.CALLQUERY(28,'CNT0000006','abe','{HEINENS_CUSTOM_PROD}', '{10/17/2022,5,202210165.csv}','{HN}', :cursor); END;"
10/17/2022 12:40:54 [abe] 25: "[{\"IETSITE\":5,\"STEP\":1,\"STEPLABEL\":\"Initialisation\",\"STATUS\":1,\"UPDATE\":\"02:16:11\",\"PROGRESS_STK\":-1,\"PROGRESS_INIT\":2.15,\"PROGRESS_STK_COPY\":-1},{\"IETSITE\":5,\"STEP\":2,\"STEPLABEL\":\"Stock copy\",\"STATUS\":1,\"UPDATE\":\"02:37:48\",\"PROGRESS_STK\":-1,\"PROGRESS_INIT\":-1,\"PROGRESS_STK_COPY\":1},{\"IETSITE\":5,\"STEP\":3,\"STEPLABEL\":\"Quantity input\",\"STATUS\":1,\"UPDATE\":\"02:42:50\",\"PROGRESS_STK\":-1,\"PROGRESS_INIT\":-1,\"PROGRESS_STK_COPY\":-1},{\"IETSITE\":5,\"STEP\":4,\"STEPLABEL\":\"Input validation\",\"STATUS\":1,\"UPDATE\":\"02:43:57\",\"PROGRESS_STK\":-1,\"PROGRESS_INIT\":-1,\"PROGRESS_STK_COPY\":-1},{\"IETSITE\":5,\"STEP\":5,\"STEPLABEL\":\"Inventory adjustment\",\"STATUS\":0,\"UPDATE\":\"01:55:09\",\"PROGRESS_STK\":-1,\"PROGRESS_INIT\":-1,\"PROGRESS_STK_COPY\":-1},{\"IETSITE\":5,\"STEP\":6,\"STEPLABEL\":\"Stock update\",\"STATUS\":1,\"UPDATE\":\"02:50:57\",\"PROGRESS_STK\":1,\"PROGRESS_INIT\":-1,\"PROGRESS_STK_COPY\":-1}]"
10/17/2022 12:40:54 [abe] 25: "6 Object(s) returned... [FETCH]"
10/17/2022 12:40:55 [abe] 26: "[{\"BATCHNAME\":\"pssti12p\",\"DATESTART\":\"10/17/2022\",\"STARTAT\":\"01:19:57\",\"ENDAT\":\"01:38:47\",\"DURATION\":\"00:18:50\",\"PARAMETER\":\"57 (hnpcen 10 5 5 -1 HN 1)\",\"BATCHID\":739378}]"
10/17/2022 12:40:55 [abe] 26: "1 Object(s) returned... [FETCH]"
10/17/2022 12:40:55 [abe] 28: "30 Object(s) returned... [FETCH]"
10/17/2022 12:40:56 [abe] 27: "[]"
10/17/2022 12:40:56 [abe] 27: "0 Object(s) returned... [FETCH]"
10/17/2022 12:47:42 [abe] 29: "BEGIN PKREQUESTMANAGER.CALLQUERY(29,'WDG0000001','abe','{HEINENS_CUSTOM_PROD}', '{abe,-1}','{HN}', :cursor); END;"
10/17/2022 12:47:42 [abe] 30: "BEGIN PKREQUESTMANAGER.CALLQUERY(30,'SCR0000001','abe','{HEINENS_CUSTOM_PROD}', '{SCR0000000001,abe}','{HN}', :cursor); END;"
10/17/2022 12:47:43 [abe] 30: "[{\"SCREENID\":\"SCR0000000001\",\"SCREENINFO\":\"<div><i class=\\\"bbs-keywords\\\">What is it : </i>Dashboard section is your <b>Home</b> tracking process. It simplifies and regroup data visualization.\\n                          As many as needed dashboard widget trackers can be enabled.\\n</div>\\n<div><i class=\\\"bbs-keywords\\\">Tracking type : </i>There are 3 types of data visualization: \\n        <li><b>Table </b> display with export to file option.</li> \\n        <li><b>Chart </b> with by type line, bar, radar, polar, pie, scatter, combined type </li> \\n        <li><b>Message & Alert </b> with color criticality such as successful, soft warning, hard warning.</li> \\n</div>\"}]"
10/17/2022 12:47:44 [abe] 30: "1 Object(s) returned... [FETCH]"
10/17/2022 12:47:44 [abe] 29: "44 Object(s) returned... [FETCH]"
10/17/2022 12:47:46 [abe] 31: "BEGIN PKREQUESTMANAGER.CALLQUERY(31,'ADM0000001','abe','{}', '{abe,abe}','{}', :cursor); END;"
10/17/2022 12:47:49 [abe] 31: "[{\"USERID\":\"abe\",\"USERFNAME\":\"Ahmed\",\"USERLNAME\":\"Benamrouche\",\"USEREMAIL\":\"abenamrouche@heinens.com\",\"USERMOBILE\":\"(678)9863021\"}]"
10/17/2022 12:47:49 [abe] 31: "1 Object(s) returned... [FETCH]"
10/17/2022 12:47:49 [abe] 32: "BEGIN PKREQUESTMANAGER.CALLQUERY(32,'CLI0000002','abe','{}', '{abe}','{}', :cursor); END;"
10/17/2022 12:47:49 [abe] 33: "BEGIN PKREQUESTMANAGER.CALLQUERY(33,'CLI0000003','abe','{}', '{abe}','{}', :cursor); END;"
10/17/2022 12:47:51 [abe] 32: "[{\"USERID\":\"abe\",\"USERCORPID\":2,\"USERPASS\":\"YWJl\",\"USERAUTH\":null,\"USERLANG\":\"us_US\",\"USERPROF\":null,\"USERAPPLI\":3,\"USERFNAME\":\"Ahmed\",\"USERLNAME\":\"Benamrouche\",\"USEREMAIL\":\"abenamrouche@heinens.com\",\"USERMOBILE\":\"(678)9863021\",\"USERTEAM\":null,\"USERACTIVE\":1,\"USERDCRE\":\"2017-02-01T22:00:00.000Z\",\"USERDMAJ\":\"2017-02-01T22:00:00.000Z\",\"USERUTIL\":\"admin\",\"USERTYPE\":1}]"
10/17/2022 12:47:51 [abe] 32: "1 Object(s) returned... [FETCH]"
10/17/2022 12:47:51 [abe] 33: "[{\"LEVEL\":\"CORPORATE\",\"ENVID\":1,\"ENVCORPID\":2,\"CORPSDESC\":\"Heinen's\",\"ENVCODE\":\"CENTRAL_UAT\",\"ENVTYPE\":4,\"ENVACTIVE\":1,\"ENVSDESC\":\"User Acceptance\",\"ENVLDESC\":\"Heinen's Central UAT environement\",\"ENVDBTYPE\":1,\"ENVIP\":\"10.200.14.232\",\"ENVPORT\":1521,\"ENVUSER\":\"hntcen\",\"ENVPASSWORD\":\"Heinen123!\",\"ENVSOURCE\":\"test\",\"ENVDBLINK\":\"HEINENS_CEN_UAT\",\"ENVDEFAULT\":0,\"ENVDCRE\":\"2017-03-20T22:00:00.000Z\",\"ENVDMAJ\":\"2017-03-20T22:00:00.000Z\",\"ENVUTIL\":\"abe\",\"ENVVERSION\":1,\"ENVDEFLANG\":\"HN\",\"CORPPIC\":\"./assets/pictures/corporate/heinens.jpg\",\"ENVVARINITSH\":\". /home/hntcen/env/envCEN\",\"ENVTITLECOLOR\":\"yellow\",\"ENVTITLE\":\"Inventory Control Room (Acceptance)\"},{\"LEVEL\":\"CORPORATE\",\"ENVID\":2,\"ENVCORPID\":2,\"CORPSDESC\":\"Heinen's\",\"ENVCODE\":\"STOCK_UAT\",\"ENVTYPE\":4,\"ENVACTIVE\":1,\"ENVSDESC\":\"Heinen's Stock UAT\",\"ENVLDESC\":\"Heinen's Stock UAT environement\",\"ENVDBTYPE\":1,\"ENVIP\":\"10.200.14.232\",\"ENVPORT\":1521,\"ENVUSER\":\"hntstk\",\"ENVPASSWORD\":\"Heinen123!\",\"ENVSOURCE\":\"test\",\"ENVDBLINK\":\"HEINENS_STK_UAT\",\"ENVDEFAULT\":0,\"ENVDCRE\":\"2017-03-20T22:00:00.000Z\",\"ENVDMAJ\":\"2017-03-20T22:00:00.000Z\",\"ENVUTIL\":\"abe\",\"ENVVERSION\":2,\"ENVDEFLANG\":\"HN\",\"CORPPIC\":\"./assets/pictures/corporate/heinens.jpg\",\"ENVVARINITSH\":\". /home/hntstk/env/envSTK\",\"ENVTITLECOLOR\":\"yellow\",\"ENVTITLE\":\"Inventory Control Room (Acceptance)\"},{\"LEVEL\":\"USER\",\"ENVID\":1,\"ENVCORPID\":2,\"CORPSDESC\":\"Heinen's\",\"ENVCODE\":\"CENTRAL_UAT\",\"ENVTYPE\":4,\"ENVACTIVE\":1,\"ENVSDESC\":\"User Acceptance\",\"ENVLDESC\":\"Heinen's Central UAT environement\",\"ENVDBTYPE\":1,\"ENVIP\":\"10.200.14.232\",\"ENVPORT\":1521,\"ENVUSER\":\"hntcen\",\"ENVPASSWORD\":\"Heinen123!\",\"ENVSOURCE\":\"test\",\"ENVDBLINK\":\"HEINENS_CEN_UAT\",\"ENVDEFAULT\":0,\"ENVDCRE\":\"2017-03-20T22:00:00.000Z\",\"ENVDMAJ\":\"2017-03-20T22:00:00.000Z\",\"ENVUTIL\":\"abe\",\"ENVVERSION\":1,\"ENVDEFLANG\":\"HN\",\"CORPPIC\":\"./assets/pictures/corporate/heinens.jpg\",\"ENVVARINITSH\":\". /home/hntcen/env/envCEN\",\"ENVTITLECOLOR\":\"yellow\",\"ENVTITLE\":\"Inventory Control Room (Acceptance)\"},{\"LEVEL\":\"USER\",\"ENVID\":2,\"ENVCORPID\":2,\"CORPSDESC\":\"Heinen's\",\"ENVCODE\":\"STOCK_UAT\",\"ENVTYPE\":4,\"ENVACTIVE\":1,\"ENVSDESC\":\"Heinen's Stock UAT\",\"ENVLDESC\":\"Heinen's Stock UAT environement\",\"ENVDBTYPE\":1,\"ENVIP\":\"10.200.14.232\",\"ENVPORT\":1521,\"ENVUSER\":\"hntstk\",\"ENVPASSWORD\":\"Heinen123!\",\"ENVSOURCE\":\"test\",\"ENVDBLINK\":\"HEINENS_STK_UAT\",\"ENVDEFAULT\":0,\"ENVDCRE\":\"2017-03-20T22:00:00.000Z\",\"ENVDMAJ\":\"2017-03-20T22:00:00.000Z\",\"ENVUTIL\":\"abe\",\"ENVVERSION\":2,\"ENVDEFLANG\":\"HN\",\"CORPPIC\":\"./assets/pictures/corporate/heinens.jpg\",\"ENVVARINITSH\":\". /home/hntstk/env/envSTK\",\"ENVTITLECOLOR\":\"yellow\",\"ENVTITLE\":\"Inventory Control Room (Acceptance)\"},{\"LEVEL\":\"CORPORATE\",\"ENVID\":3,\"ENVCORPID\":2,\"CORPSDESC\":\"Heinen's\",\"ENVCODE\":\"HN_CENTRAL_PROD\",\"ENVTYPE\":7,\"ENVACTIVE\":1,\"ENVSDESC\":\"Production\",\"ENVLDESC\":\"Heinen's Custom PROD environement\",\"ENVDBTYPE\":1,\"ENVIP\":\"10.200.14.231\",\"ENVPORT\":1521,\"ENVUSER\":\"hnpcen\",\"ENVPASSWORD\":\"Heinen123!\",\"ENVSOURCE\":\"central\",\"ENVDBLINK\":\"HEINENS_CUSTOM_PROD\",\"ENVDEFAULT\":1,\"ENVDCRE\":\"2017-04-21T22:00:00.000Z\",\"ENVDMAJ\":\"2017-03-20T22:00:00.000Z\",\"ENVUTIL\":\"abe\",\"ENVVERSION\":1,\"ENVDEFLANG\":\"HN\",\"CORPPIC\":\"./assets/pictures/corporate/heinens.jpg\",\"ENVVARINITSH\":\". /home/hnpcen/env/envCEN\",\"ENVTITLECOLOR\":\"white\",\"ENVTITLE\":\"Inventory Control Room\"},{\"LEVEL\":\"CORPORATE\",\"ENVID\":4,\"ENVCORPID\":2,\"CORPSDESC\":\"Heinen's\",\"ENVCODE\":\"HN_STOCK_PROD\",\"ENVTYPE\":7,\"ENVACTIVE\":1,\"ENVSDESC\":\"Production Warehouse\",\"ENVLDESC\":\"Heinen's Warehouse PROD environement\",\"ENVDBTYPE\":1,\"ENVIP\":\"10.200.14.231\",\"ENVPORT\":1521,\"ENVUSER\":\"hnpstk\",\"ENVPASSWORD\":\"Heinen123!\",\"ENVSOURCE\":\"central\",\"ENVDBLINK\":\"HEINENS_CUSTOM_PROD\",\"ENVDEFAULT\":1,\"ENVDCRE\":\"2020-01-01T22:00:00.000Z\",\"ENVDMAJ\":\"2020-01-01T22:00:00.000Z\",\"ENVUTIL\":\"abe\",\"ENVVERSION\":1,\"ENVDEFLANG\":\"HN\",\"CORPPIC\":\"./assets/pictures/corporate/heinens.jpg\",\"ENVVARINITSH\":\". /home/hnpsk/env/envSTK\",\"ENVTITLECOLOR\":\"white\",\"ENVTITLE\":\"Inventory Control Room\"},{\"LEVEL\":\"USER\",\"ENVID\":3,\"ENVCORPID\":2,\"CORPSDESC\":\"Heinen's\",\"ENVCODE\":\"HN_CENTRAL_PROD\",\"ENVTYPE\":7,\"ENVACTIVE\":1,\"ENVSDESC\":\"Production\",\"ENVLDESC\":\"Heinen's Custom PROD environement\",\"ENVDBTYPE\":1,\"ENVIP\":\"10.200.14.231\",\"ENVPORT\":1521,\"ENVUSER\":\"hnpcen\",\"ENVPASSWORD\":\"Heinen123!\",\"ENVSOURCE\":\"central\",\"ENVDBLINK\":\"HEINENS_CUSTOM_PROD\",\"ENVDEFAULT\":1,\"ENVDCRE\":\"2017-04-21T22:00:00.000Z\",\"ENVDMAJ\":\"2017-03-20T22:00:00.000Z\",\"ENVUTIL\":\"abe\",\"ENVVERSION\":1,\"ENVDEFLANG\":\"HN\",\"CORPPIC\":\"./assets/pictures/corporate/heinens.jpg\",\"ENVVARINITSH\":\". /home/hnpcen/env/envCEN\",\"ENVTITLECOLOR\":\"white\",\"ENVTITLE\":\"Inventory Control Room\"}]"
10/17/2022 12:47:51 [abe] 33: "7 Object(s) returned... [FETCH]"
10/17/2022 12:47:51 [abe] 34: "BEGIN PKREQUESTMANAGER.CALLQUERY(34,'WDG0000001','abe','{HEINENS_CUSTOM_PROD}', '{abe,-1}','{HN}', :cursor); END;"
10/17/2022 12:47:51 [abe] 35: "BEGIN PKREQUESTMANAGER.CALLQUERY(35,'SCR0000001','abe','{HEINENS_CUSTOM_PROD}', '{SCR0000000001,abe}','{HN}', :cursor); END;"
10/17/2022 12:47:51 [abe] 36: "BEGIN PKREQUESTMANAGER.CALLQUERY(36,'WDG0000001','abe','{HEINENS_CUSTOM_PROD}', '{abe,-1}','{HN}', :cursor); END;"
10/17/2022 12:47:53 [abe] 35: "[{\"SCREENID\":\"SCR0000000001\",\"SCREENINFO\":\"<div><i class=\\\"bbs-keywords\\\">What is it : </i>Dashboard section is your <b>Home</b> tracking process. It simplifies and regroup data visualization.\\n                          As many as needed dashboard widget trackers can be enabled.\\n</div>\\n<div><i class=\\\"bbs-keywords\\\">Tracking type : </i>There are 3 types of data visualization: \\n        <li><b>Table </b> display with export to file option.</li> \\n        <li><b>Chart </b> with by type line, bar, radar, polar, pie, scatter, combined type </li> \\n        <li><b>Message & Alert </b> with color criticality such as successful, soft warning, hard warning.</li> \\n</div>\"}]"
10/17/2022 12:47:53 [abe] 35: "1 Object(s) returned... [FETCH]"
10/17/2022 12:47:53 [abe] 34: "44 Object(s) returned... [FETCH]"
10/17/2022 12:47:53 [abe] 36: "44 Object(s) returned... [FETCH]"
10/17/2022 12:47:53 [abe] 37: "BEGIN PKREQUESTMANAGER.CALLQUERY(37,'WDG1000000','abe','{HEINENS_CUSTOM_PROD}', '{WDG0000000019,null}','{HN}', :cursor); END;"
10/17/2022 12:47:53 [abe] 38: "BEGIN PKREQUESTMANAGER.CALLQUERY(38,'WDG1000000','abe','{HEINENS_CUSTOM_PROD}', '{WDG0000000010,null}','{HN}', :cursor); END;"
10/17/2022 12:47:53 [abe] 39: "BEGIN PKREQUESTMANAGER.CALLQUERY(39,'WDG1000000','abe','{HEINENS_CUSTOM_PROD}', '{WDG0000000021,90061,15}','{HN}', :cursor); END;"
10/17/2022 12:47:53 [abe] 40: "BEGIN PKREQUESTMANAGER.CALLQUERY(40,'WDG1000000','abe','{HEINENS_CUSTOM_PROD}', '{WDG0000000020,90061,5}','{HN}', :cursor); END;"
10/17/2022 12:47:53 [abe] 41: "BEGIN PKREQUESTMANAGER.CALLQUERY(41,'WDG1000000','abe','{HEINENS_CUSTOM_PROD}', '{WDG0000000020,91071,5}','{HN}', :cursor); END;"
10/17/2022 12:47:53 [abe] 42: "BEGIN PKREQUESTMANAGER.CALLQUERY(42,'WDG1000000','abe','{HEINENS_CUSTOM_PROD}', '{WDG0000000021,91071,15}','{HN}', :cursor); END;"
10/17/2022 12:47:56 [abe] 38: "598 Object(s) returned... [FETCH]"
10/17/2022 12:47:56 [abe] 43: "BEGIN PKREQUESTMANAGER.CALLQUERY(43,'WDG1000000','abe','{HEINENS_CUSTOM_PROD}', '{WDG0000000020,91070,2}','{HN}', :cursor); END;"
10/17/2022 12:47:56 [abe] 37: "1820 Object(s) returned... [FETCH]"
10/17/2022 12:47:56 [abe] 44: "BEGIN PKREQUESTMANAGER.CALLQUERY(44,'WDG1000000','abe','{HEINENS_CUSTOM_PROD}', '{WDG0000000021,91070,6}','{HN}', :cursor); END;"
10/17/2022 12:47:57 [abe] 41: "84 Object(s) returned... [FETCH]"
10/17/2022 12:47:58 [abe] 42: "299 Object(s) returned... [FETCH]"
10/17/2022 12:48:1 [abe] 43: "87 Object(s) returned... [FETCH]"
10/17/2022 12:48:1 [abe] 44: "354 Object(s) returned... [FETCH]"
10/17/2022 12:48:6 [abe] 40: "460 Object(s) returned... [FETCH]"
10/17/2022 12:48:9 [abe] 39: "2566 Object(s) returned... [FETCH]"
