11/8/2022 21:10:42 [abe] 1: "BEGIN PKREQUESTMANAGER.CALLQUERY(1,'WDG0000001','abe','{HEINENS_CUSTOM_PROD}', '{abe,-1}','{HN}', :cursor); END;"
11/8/2022 21:10:42 [abe] 2: "BEGIN PKREQUESTMANAGER.CALLQUERY(2,'SCR0000001','abe','{HEINENS_CUSTOM_PROD}', '{SCR0000000001,abe}','{HN}', :cursor); END;"
11/8/2022 21:10:44 [abe] 2: "[{\"SCREENID\":\"SCR0000000001\",\"SCREENINFO\":\"<div><i class=\\\"bbs-keywords\\\">What is it : </i>Dashboard section is your <b>Home</b> tracking process. It simplifies and regroup data visualization.\\n                          As many as needed dashboard widget trackers can be enabled.\\n</div>\\n<div><i class=\\\"bbs-keywords\\\">Tracking type : </i>There are 3 types of data visualization: \\n        <li><b>Table </b> display with export to file option.</li> \\n        <li><b>Chart </b> with by type line, bar, radar, polar, pie, scatter, combined type </li> \\n        <li><b>Message & Alert </b> with color criticality such as successful, soft warning, hard warning.</li> \\n</div>\"}]"
11/8/2022 21:10:44 [abe] 2: "1 Object(s) returned... [FETCH]"
11/8/2022 21:10:45 [abe] 1: "44 Object(s) returned... [FETCH]"
11/8/2022 21:11:18 [abe] 3: "BEGIN PKREQUESTMANAGER.CALLQUERY(3,'WDG0000001','abe','{HEINENS_CUSTOM_PROD}', '{abe,-1}','{HN}', :cursor); END;"
11/8/2022 21:11:18 [abe] 4: "BEGIN PKREQUESTMANAGER.CALLQUERY(4,'SCR0000001','abe','{HEINENS_CUSTOM_PROD}', '{SCR0000000001,abe}','{HN}', :cursor); END;"
11/8/2022 21:11:21 [abe] 4: "[{\"SCREENID\":\"SCR0000000001\",\"SCREENINFO\":\"<div><i class=\\\"bbs-keywords\\\">What is it : </i>Dashboard section is your <b>Home</b> tracking process. It simplifies and regroup data visualization.\\n                          As many as needed dashboard widget trackers can be enabled.\\n</div>\\n<div><i class=\\\"bbs-keywords\\\">Tracking type : </i>There are 3 types of data visualization: \\n        <li><b>Table </b> display with export to file option.</li> \\n        <li><b>Chart </b> with by type line, bar, radar, polar, pie, scatter, combined type </li> \\n        <li><b>Message & Alert </b> with color criticality such as successful, soft warning, hard warning.</li> \\n</div>\"}]"
11/8/2022 21:11:21 [abe] 4: "1 Object(s) returned... [FETCH]"
11/8/2022 21:11:21 [abe] 3: "44 Object(s) returned... [FETCH]"
11/8/2022 21:12:37 [abe] 5: "BEGIN PKREQUESTMANAGER.CALLQUERY(5,'WDG0000001','abe','{HEINENS_CUSTOM_PROD}', '{abe,-1}','{HN}', :cursor); END;"
11/8/2022 21:12:37 [abe] 6: "BEGIN PKREQUESTMANAGER.CALLQUERY(6,'SCR0000001','abe','{HEINENS_CUSTOM_PROD}', '{SCR0000000001,abe}','{HN}', :cursor); END;"
11/8/2022 21:12:39 [abe] 6: "[{\"SCREENID\":\"SCR0000000001\",\"SCREENINFO\":\"<div><i class=\\\"bbs-keywords\\\">What is it : </i>Dashboard section is your <b>Home</b> tracking process. It simplifies and regroup data visualization.\\n                          As many as needed dashboard widget trackers can be enabled.\\n</div>\\n<div><i class=\\\"bbs-keywords\\\">Tracking type : </i>There are 3 types of data visualization: \\n        <li><b>Table </b> display with export to file option.</li> \\n        <li><b>Chart </b> with by type line, bar, radar, polar, pie, scatter, combined type </li> \\n        <li><b>Message & Alert </b> with color criticality such as successful, soft warning, hard warning.</li> \\n</div>\"}]"
11/8/2022 21:12:39 [abe] 6: "1 Object(s) returned... [FETCH]"
11/8/2022 21:12:40 [abe] 5: "44 Object(s) returned... [FETCH]"
11/8/2022 21:16:49 [abe] 7: "BEGIN PKREQUESTMANAGER.CALLQUERY(7,'WDG0000001','abe','{HEINENS_CUSTOM_PROD}', '{abe,-1}','{HN}', :cursor); END;"
11/8/2022 21:16:49 [abe] 8: "BEGIN PKREQUESTMANAGER.CALLQUERY(8,'SCR0000001','abe','{HEINENS_CUSTOM_PROD}', '{SCR0000000001,abe}','{HN}', :cursor); END;"
11/8/2022 21:16:51 [abe] 8: "[{\"SCREENID\":\"SCR0000000001\",\"SCREENINFO\":\"<div><i class=\\\"bbs-keywords\\\">What is it : </i>Dashboard section is your <b>Home</b> tracking process. It simplifies and regroup data visualization.\\n                          As many as needed dashboard widget trackers can be enabled.\\n</div>\\n<div><i class=\\\"bbs-keywords\\\">Tracking type : </i>There are 3 types of data visualization: \\n        <li><b>Table </b> display with export to file option.</li> \\n        <li><b>Chart </b> with by type line, bar, radar, polar, pie, scatter, combined type </li> \\n        <li><b>Message & Alert </b> with color criticality such as successful, soft warning, hard warning.</li> \\n</div>\"}]"
11/8/2022 21:16:51 [abe] 8: "1 Object(s) returned... [FETCH]"
11/8/2022 21:16:51 [abe] 7: "44 Object(s) returned... [FETCH]"
11/8/2022 21:18:37 [abe] 9: "BEGIN PKREQUESTMANAGER.CALLQUERY(9,'ADM0000001','abe','{}', '{abe,abe}','{}', :cursor); END;"
11/8/2022 21:18:39 [abe] 9: "[{\"USERID\":\"abe\",\"USERFNAME\":\"Ahmed\",\"USERLNAME\":\"Benamrouche\",\"USEREMAIL\":\"abenamrouche@heinens.com\",\"USERMOBILE\":\"(678)9863021\"}]"
11/8/2022 21:18:39 [abe] 9: "1 Object(s) returned... [FETCH]"
11/8/2022 21:18:39 [abe] 10: "BEGIN PKREQUESTMANAGER.CALLQUERY(10,'CLI0000002','abe','{}', '{abe}','{}', :cursor); END;"
11/8/2022 21:18:39 [abe] 11: "BEGIN PKREQUESTMANAGER.CALLQUERY(11,'CLI0000003','abe','{}', '{abe}','{}', :cursor); END;"
11/8/2022 21:18:42 [abe] 10: "[{\"USERID\":\"abe\",\"USERCORPID\":2,\"USERPASS\":\"YWJl\",\"USERAUTH\":null,\"USERLANG\":\"us_US\",\"USERPROF\":null,\"USERAPPLI\":3,\"USERFNAME\":\"Ahmed\",\"USERLNAME\":\"Benamrouche\",\"USEREMAIL\":\"abenamrouche@heinens.com\",\"USERMOBILE\":\"(678)9863021\",\"USERTEAM\":null,\"USERACTIVE\":1,\"USERDCRE\":\"2017-02-01T23:00:00.000Z\",\"USERDMAJ\":\"2017-02-01T23:00:00.000Z\",\"USERUTIL\":\"admin\",\"USERTYPE\":1}]"
11/8/2022 21:18:42 [abe] 10: "1 Object(s) returned... [FETCH]"
11/8/2022 21:18:42 [abe] 11: "[{\"LEVEL\":\"CORPORATE\",\"ENVID\":1,\"ENVCORPID\":2,\"CORPSDESC\":\"Heinen's\",\"ENVCODE\":\"CENTRAL_UAT\",\"ENVTYPE\":4,\"ENVACTIVE\":1,\"ENVSDESC\":\"User Acceptance\",\"ENVLDESC\":\"Heinen's Central UAT environement\",\"ENVDBTYPE\":1,\"ENVIP\":\"10.200.14.232\",\"ENVPORT\":1521,\"ENVUSER\":\"hntcen\",\"ENVPASSWORD\":\"Heinen123!\",\"ENVSOURCE\":\"test\",\"ENVDBLINK\":\"HEINENS_CEN_UAT\",\"ENVDEFAULT\":0,\"ENVDCRE\":\"2017-03-20T23:00:00.000Z\",\"ENVDMAJ\":\"2017-03-20T23:00:00.000Z\",\"ENVUTIL\":\"abe\",\"ENVVERSION\":1,\"ENVDEFLANG\":\"HN\",\"CORPPIC\":\"./assets/pictures/corporate/heinens.jpg\",\"ENVVARINITSH\":\". /home/hntcen/env/envCEN\",\"ENVTITLECOLOR\":\"yellow\",\"ENVTITLE\":\"Inventory Control Room (Acceptance)\"},{\"LEVEL\":\"CORPORATE\",\"ENVID\":2,\"ENVCORPID\":2,\"CORPSDESC\":\"Heinen's\",\"ENVCODE\":\"STOCK_UAT\",\"ENVTYPE\":4,\"ENVACTIVE\":1,\"ENVSDESC\":\"Heinen's Stock UAT\",\"ENVLDESC\":\"Heinen's Stock UAT environement\",\"ENVDBTYPE\":1,\"ENVIP\":\"10.200.14.232\",\"ENVPORT\":1521,\"ENVUSER\":\"hntstk\",\"ENVPASSWORD\":\"Heinen123!\",\"ENVSOURCE\":\"test\",\"ENVDBLINK\":\"HEINENS_STK_UAT\",\"ENVDEFAULT\":0,\"ENVDCRE\":\"2017-03-20T23:00:00.000Z\",\"ENVDMAJ\":\"2017-03-20T23:00:00.000Z\",\"ENVUTIL\":\"abe\",\"ENVVERSION\":2,\"ENVDEFLANG\":\"HN\",\"CORPPIC\":\"./assets/pictures/corporate/heinens.jpg\",\"ENVVARINITSH\":\". /home/hntstk/env/envSTK\",\"ENVTITLECOLOR\":\"yellow\",\"ENVTITLE\":\"Inventory Control Room (Acceptance)\"},{\"LEVEL\":\"USER\",\"ENVID\":1,\"ENVCORPID\":2,\"CORPSDESC\":\"Heinen's\",\"ENVCODE\":\"CENTRAL_UAT\",\"ENVTYPE\":4,\"ENVACTIVE\":1,\"ENVSDESC\":\"User Acceptance\",\"ENVLDESC\":\"Heinen's Central UAT environement\",\"ENVDBTYPE\":1,\"ENVIP\":\"10.200.14.232\",\"ENVPORT\":1521,\"ENVUSER\":\"hntcen\",\"ENVPASSWORD\":\"Heinen123!\",\"ENVSOURCE\":\"test\",\"ENVDBLINK\":\"HEINENS_CEN_UAT\",\"ENVDEFAULT\":0,\"ENVDCRE\":\"2017-03-20T23:00:00.000Z\",\"ENVDMAJ\":\"2017-03-20T23:00:00.000Z\",\"ENVUTIL\":\"abe\",\"ENVVERSION\":1,\"ENVDEFLANG\":\"HN\",\"CORPPIC\":\"./assets/pictures/corporate/heinens.jpg\",\"ENVVARINITSH\":\". /home/hntcen/env/envCEN\",\"ENVTITLECOLOR\":\"yellow\",\"ENVTITLE\":\"Inventory Control Room (Acceptance)\"},{\"LEVEL\":\"USER\",\"ENVID\":2,\"ENVCORPID\":2,\"CORPSDESC\":\"Heinen's\",\"ENVCODE\":\"STOCK_UAT\",\"ENVTYPE\":4,\"ENVACTIVE\":1,\"ENVSDESC\":\"Heinen's Stock UAT\",\"ENVLDESC\":\"Heinen's Stock UAT environement\",\"ENVDBTYPE\":1,\"ENVIP\":\"10.200.14.232\",\"ENVPORT\":1521,\"ENVUSER\":\"hntstk\",\"ENVPASSWORD\":\"Heinen123!\",\"ENVSOURCE\":\"test\",\"ENVDBLINK\":\"HEINENS_STK_UAT\",\"ENVDEFAULT\":0,\"ENVDCRE\":\"2017-03-20T23:00:00.000Z\",\"ENVDMAJ\":\"2017-03-20T23:00:00.000Z\",\"ENVUTIL\":\"abe\",\"ENVVERSION\":2,\"ENVDEFLANG\":\"HN\",\"CORPPIC\":\"./assets/pictures/corporate/heinens.jpg\",\"ENVVARINITSH\":\". /home/hntstk/env/envSTK\",\"ENVTITLECOLOR\":\"yellow\",\"ENVTITLE\":\"Inventory Control Room (Acceptance)\"},{\"LEVEL\":\"CORPORATE\",\"ENVID\":3,\"ENVCORPID\":2,\"CORPSDESC\":\"Heinen's\",\"ENVCODE\":\"HN_CENTRAL_PROD\",\"ENVTYPE\":7,\"ENVACTIVE\":1,\"ENVSDESC\":\"Production\",\"ENVLDESC\":\"Heinen's Custom PROD environement\",\"ENVDBTYPE\":1,\"ENVIP\":\"10.200.14.231\",\"ENVPORT\":1521,\"ENVUSER\":\"hnpcen\",\"ENVPASSWORD\":\"Heinen123!\",\"ENVSOURCE\":\"central\",\"ENVDBLINK\":\"HEINENS_CUSTOM_PROD\",\"ENVDEFAULT\":1,\"ENVDCRE\":\"2017-04-21T23:00:00.000Z\",\"ENVDMAJ\":\"2017-03-20T23:00:00.000Z\",\"ENVUTIL\":\"abe\",\"ENVVERSION\":1,\"ENVDEFLANG\":\"HN\",\"CORPPIC\":\"./assets/pictures/corporate/heinens.jpg\",\"ENVVARINITSH\":\". /home/hnpcen/env/envCEN\",\"ENVTITLECOLOR\":\"white\",\"ENVTITLE\":\"Inventory Control Room\"},{\"LEVEL\":\"CORPORATE\",\"ENVID\":4,\"ENVCORPID\":2,\"CORPSDESC\":\"Heinen's\",\"ENVCODE\":\"HN_STOCK_PROD\",\"ENVTYPE\":7,\"ENVACTIVE\":1,\"ENVSDESC\":\"Production Warehouse\",\"ENVLDESC\":\"Heinen's Warehouse PROD environement\",\"ENVDBTYPE\":1,\"ENVIP\":\"10.200.14.231\",\"ENVPORT\":1521,\"ENVUSER\":\"hnpstk\",\"ENVPASSWORD\":\"Heinen123!\",\"ENVSOURCE\":\"central\",\"ENVDBLINK\":\"HEINENS_CUSTOM_PROD\",\"ENVDEFAULT\":1,\"ENVDCRE\":\"2020-01-01T23:00:00.000Z\",\"ENVDMAJ\":\"2020-01-01T23:00:00.000Z\",\"ENVUTIL\":\"abe\",\"ENVVERSION\":1,\"ENVDEFLANG\":\"HN\",\"CORPPIC\":\"./assets/pictures/corporate/heinens.jpg\",\"ENVVARINITSH\":\". /home/hnpsk/env/envSTK\",\"ENVTITLECOLOR\":\"white\",\"ENVTITLE\":\"Inventory Control Room\"},{\"LEVEL\":\"USER\",\"ENVID\":3,\"ENVCORPID\":2,\"CORPSDESC\":\"Heinen's\",\"ENVCODE\":\"HN_CENTRAL_PROD\",\"ENVTYPE\":7,\"ENVACTIVE\":1,\"ENVSDESC\":\"Production\",\"ENVLDESC\":\"Heinen's Custom PROD environement\",\"ENVDBTYPE\":1,\"ENVIP\":\"10.200.14.231\",\"ENVPORT\":1521,\"ENVUSER\":\"hnpcen\",\"ENVPASSWORD\":\"Heinen123!\",\"ENVSOURCE\":\"central\",\"ENVDBLINK\":\"HEINENS_CUSTOM_PROD\",\"ENVDEFAULT\":1,\"ENVDCRE\":\"2017-04-21T23:00:00.000Z\",\"ENVDMAJ\":\"2017-03-20T23:00:00.000Z\",\"ENVUTIL\":\"abe\",\"ENVVERSION\":1,\"ENVDEFLANG\":\"HN\",\"CORPPIC\":\"./assets/pictures/corporate/heinens.jpg\",\"ENVVARINITSH\":\". /home/hnpcen/env/envCEN\",\"ENVTITLECOLOR\":\"white\",\"ENVTITLE\":\"Inventory Control Room\"}]"
11/8/2022 21:18:42 [abe] 11: "7 Object(s) returned... [FETCH]"
11/8/2022 21:18:42 [abe] 12: "BEGIN PKREQUESTMANAGER.CALLQUERY(12,'WDG0000001','abe','{HEINENS_CUSTOM_PROD}', '{abe,-1}','{HN}', :cursor); END;"
11/8/2022 21:18:42 [abe] 13: "BEGIN PKREQUESTMANAGER.CALLQUERY(13,'SCR0000001','abe','{HEINENS_CUSTOM_PROD}', '{SCR0000000001,abe}','{HN}', :cursor); END;"
11/8/2022 21:18:42 [abe] 14: "BEGIN PKREQUESTMANAGER.CALLQUERY(14,'WDG0000001','abe','{HEINENS_CUSTOM_PROD}', '{abe,-1}','{HN}', :cursor); END;"
11/8/2022 21:18:44 [abe] 13: "[{\"SCREENID\":\"SCR0000000001\",\"SCREENINFO\":\"<div><i class=\\\"bbs-keywords\\\">What is it : </i>Dashboard section is your <b>Home</b> tracking process. It simplifies and regroup data visualization.\\n                          As many as needed dashboard widget trackers can be enabled.\\n</div>\\n<div><i class=\\\"bbs-keywords\\\">Tracking type : </i>There are 3 types of data visualization: \\n        <li><b>Table </b> display with export to file option.</li> \\n        <li><b>Chart </b> with by type line, bar, radar, polar, pie, scatter, combined type </li> \\n        <li><b>Message & Alert </b> with color criticality such as successful, soft warning, hard warning.</li> \\n</div>\"}]"
11/8/2022 21:18:44 [abe] 13: "1 Object(s) returned... [FETCH]"
11/8/2022 21:18:44 [abe] 12: "44 Object(s) returned... [FETCH]"
11/8/2022 21:18:45 [abe] 14: "44 Object(s) returned... [FETCH]"
11/8/2022 21:18:45 [abe] 15: "BEGIN PKREQUESTMANAGER.CALLQUERY(15,'WDG1000000','abe','{HEINENS_CUSTOM_PROD}', '{WDG0000000019,null}','{HN}', :cursor); END;"
11/8/2022 21:18:45 [abe] 16: "BEGIN PKREQUESTMANAGER.CALLQUERY(16,'WDG1000000','abe','{HEINENS_CUSTOM_PROD}', '{WDG0000000010,null}','{HN}', :cursor); END;"
11/8/2022 21:18:45 [abe] 17: "BEGIN PKREQUESTMANAGER.CALLQUERY(17,'WDG1000000','abe','{HEINENS_CUSTOM_PROD}', '{WDG0000000020,90061,5}','{HN}', :cursor); END;"
11/8/2022 21:18:45 [abe] 18: "BEGIN PKREQUESTMANAGER.CALLQUERY(18,'WDG1000000','abe','{HEINENS_CUSTOM_PROD}', '{WDG0000000020,91070,2}','{HN}', :cursor); END;"
11/8/2022 21:18:45 [abe] 19: "BEGIN PKREQUESTMANAGER.CALLQUERY(19,'WDG1000000','abe','{HEINENS_CUSTOM_PROD}', '{WDG0000000021,90061,15}','{HN}', :cursor); END;"
11/8/2022 21:18:45 [abe] 20: "BEGIN PKREQUESTMANAGER.CALLQUERY(20,'WDG1000000','abe','{HEINENS_CUSTOM_PROD}', '{WDG0000000020,91071,5}','{HN}', :cursor); END;"
11/8/2022 21:18:47 [abe] 16: "644 Object(s) returned... [FETCH]"
11/8/2022 21:18:47 [abe] 21: "BEGIN PKREQUESTMANAGER.CALLQUERY(21,'WDG1000000','abe','{HEINENS_CUSTOM_PROD}', '{WDG0000000021,91071,15}','{HN}', :cursor); END;"
11/8/2022 21:18:48 [abe] 15: "1820 Object(s) returned... [FETCH]"
11/8/2022 21:18:48 [abe] 22: "BEGIN PKREQUESTMANAGER.CALLQUERY(22,'WDG1000000','abe','{HEINENS_CUSTOM_PROD}', '{WDG0000000021,91070,6}','{HN}', :cursor); END;"
11/8/2022 21:18:51 [abe] 23: "BEGIN PKREQUESTMANAGER.CALLQUERY(23,'SCR0000001','abe','{HEINENS_CUSTOM_PROD}', '{undefined,abe}','{HN}', :cursor); END;"
11/8/2022 21:18:53 [abe] 20: "93 Object(s) returned... [FETCH]"
11/8/2022 21:18:54 [abe] 21: "316 Object(s) returned... [FETCH]"
11/8/2022 21:18:54 [abe] 23: "[]"
11/8/2022 21:18:54 [abe] 23: "0 Object(s) returned... [FETCH]"
11/8/2022 21:18:54 [abe] 18: "56 Object(s) returned... [FETCH]"
11/8/2022 21:18:55 [abe] 22: "424 Object(s) returned... [FETCH]"
11/8/2022 21:19:8 [abe] 24: "BEGIN PKREQUESTMANAGER.CALLQUERY(24,'WDG0000001','abe','{HEINENS_CUSTOM_PROD}', '{abe,-1}','{HN}', :cursor); END;"
11/8/2022 21:19:8 [abe] 25: "BEGIN PKREQUESTMANAGER.CALLQUERY(25,'SCR0000001','abe','{HEINENS_CUSTOM_PROD}', '{SCR0000000001,abe}','{HN}', :cursor); END;"
11/8/2022 21:19:11 [abe] 25: "[{\"SCREENID\":\"SCR0000000001\",\"SCREENINFO\":\"<div><i class=\\\"bbs-keywords\\\">What is it : </i>Dashboard section is your <b>Home</b> tracking process. It simplifies and regroup data visualization.\\n                          As many as needed dashboard widget trackers can be enabled.\\n</div>\\n<div><i class=\\\"bbs-keywords\\\">Tracking type : </i>There are 3 types of data visualization: \\n        <li><b>Table </b> display with export to file option.</li> \\n        <li><b>Chart </b> with by type line, bar, radar, polar, pie, scatter, combined type </li> \\n        <li><b>Message & Alert </b> with color criticality such as successful, soft warning, hard warning.</li> \\n</div>\"}]"
11/8/2022 21:19:11 [abe] 25: "1 Object(s) returned... [FETCH]"
11/8/2022 21:19:11 [abe] 24: "44 Object(s) returned... [FETCH]"
11/8/2022 21:19:11 [abe] 26: "BEGIN PKREQUESTMANAGER.CALLQUERY(26,'WDG1000000','abe','{HEINENS_CUSTOM_PROD}', '{WDG0000000020,90061,5}','{HN}', :cursor); END;"
11/8/2022 21:19:11 [abe] 27: "BEGIN PKREQUESTMANAGER.CALLQUERY(27,'WDG1000000','abe','{HEINENS_CUSTOM_PROD}', '{WDG0000000021,90061,15}','{HN}', :cursor); END;"
11/8/2022 21:19:11 [abe] 28: "BEGIN PKREQUESTMANAGER.CALLQUERY(28,'WDG1000000','abe','{HEINENS_CUSTOM_PROD}', '{WDG0000000020,91071,5}','{HN}', :cursor); END;"
11/8/2022 21:19:11 [abe] 29: "BEGIN PKREQUESTMANAGER.CALLQUERY(29,'WDG1000000','abe','{HEINENS_CUSTOM_PROD}', '{WDG0000000021,91071,15}','{HN}', :cursor); END;"
11/8/2022 21:19:11 [abe] 30: "BEGIN PKREQUESTMANAGER.CALLQUERY(30,'WDG1000000','abe','{HEINENS_CUSTOM_PROD}', '{WDG0000000020,91070,2}','{HN}', :cursor); END;"
11/8/2022 21:19:11 [abe] 31: "BEGIN PKREQUESTMANAGER.CALLQUERY(31,'WDG1000000','abe','{HEINENS_CUSTOM_PROD}', '{WDG0000000019,null}','{HN}', :cursor); END;"
11/8/2022 21:19:14 [abe] 31: "1820 Object(s) returned... [FETCH]"
11/8/2022 21:19:14 [abe] 32: "BEGIN PKREQUESTMANAGER.CALLQUERY(32,'WDG1000000','abe','{HEINENS_CUSTOM_PROD}', '{WDG0000000021,91070,6}','{HN}', :cursor); END;"
11/8/2022 21:19:15 [abe] 28: "93 Object(s) returned... [FETCH]"
11/8/2022 21:19:15 [abe] 33: "BEGIN PKREQUESTMANAGER.CALLQUERY(33,'WDG1000000','abe','{HEINENS_CUSTOM_PROD}', '{WDG0000000010,null}','{HN}', :cursor); END;"
11/8/2022 21:19:15 [abe] 29: "316 Object(s) returned... [FETCH]"
11/8/2022 21:19:16 [abe] 30: "56 Object(s) returned... [FETCH]"
11/8/2022 21:19:18 [abe] 33: "644 Object(s) returned... [FETCH]"
11/8/2022 21:19:19 [abe] 32: "424 Object(s) returned... [FETCH]"
11/8/2022 21:19:25 [abe] 17: "484 Object(s) returned... [FETCH]"
11/8/2022 21:19:26 [abe] 26: "484 Object(s) returned... [FETCH]"
11/8/2022 21:19:27 [abe] 19: "2512 Object(s) returned... [FETCH]"
11/8/2022 21:19:28 [abe] 27: "2512 Object(s) returned... [FETCH]"
