4/18/2017 8:13:43 44: LIBQUERY with Callback: 
4/18/2017 8:13:43 44: Path request:/api/user/
4/18/2017 8:13:43 44: Path header:undefined
4/18/2017 8:13:43 44: Path query:{"USER_NAME":"admin"}
4/18/2017 8:13:43 44: BEGIN PKREQUESTMANAGER.CALLQUERY(44,'CLI0000002','admin','{}', '{admin}','{}', :cursor); END;
4/18/2017 8:13:43 45: LIBQUERY with Callback: 
4/18/2017 8:13:43 45: Path request:/api/environment/
4/18/2017 8:13:43 45: Path header:undefined
4/18/2017 8:13:43 45: Path query:{"USER_NAME":"admin"}
4/18/2017 8:13:43 45: BEGIN PKREQUESTMANAGER.CALLQUERY(45,'CLI0000003','admin','{}', '{admin}','{}', :cursor); END;
4/18/2017 8:13:43 45: 2 Object(s) returned... [FETCH]
4/18/2017 8:13:43 45: [object Object],[object Object]
4/18/2017 8:13:46 45: 1 Object(s) returned... [FETCH]
4/18/2017 8:13:46 45: [object Object]
4/18/2017 8:19:21 46: LIBQUERY with Callback: 
4/18/2017 8:19:21 46: Path request:/api/authentification/
4/18/2017 8:19:21 46: Path header:undefined
4/18/2017 8:19:21 46: Path query:{}
4/18/2017 8:19:21 46: BEGIN PKREQUESTMANAGER.CALLQUERY(46,'ADM0000001','admin','{}', '{admin,admin}','{}', :cursor); END;
4/18/2017 8:19:21 46: 1 Object(s) returned... [FETCH]
4/18/2017 8:19:21 46: [object Object]
4/18/2017 8:19:21 47: LIBQUERY with Callback: 
4/18/2017 8:19:21 47: Path request:/api/user/
4/18/2017 8:19:21 47: Path header:undefined
4/18/2017 8:19:21 47: Path query:{"USER_NAME":"admin"}
4/18/2017 8:19:21 47: BEGIN PKREQUESTMANAGER.CALLQUERY(47,'CLI0000002','admin','{}', '{admin}','{}', :cursor); END;
4/18/2017 8:19:21 48: LIBQUERY with Callback: 
4/18/2017 8:19:21 48: Path request:/api/environment/
4/18/2017 8:19:21 48: Path header:undefined
4/18/2017 8:19:21 48: Path query:{"USER_NAME":"admin"}
4/18/2017 8:19:21 48: BEGIN PKREQUESTMANAGER.CALLQUERY(48,'CLI0000003','admin','{}', '{admin}','{}', :cursor); END;
4/18/2017 8:19:21 48: 1 Object(s) returned... [FETCH]
4/18/2017 8:19:21 48: [object Object]
4/18/2017 8:19:21 48: 2 Object(s) returned... [FETCH]
4/18/2017 8:19:21 48: [object Object],[object Object]
4/18/2017 8:19:31 49: LIBQUERY with Callback: 
4/18/2017 8:19:31 49: Path request:/api/user/
4/18/2017 8:19:31 49: Path header:undefined
4/18/2017 8:19:31 49: Path query:{"USER_NAME":"admin"}
4/18/2017 8:19:31 49: BEGIN PKREQUESTMANAGER.CALLQUERY(49,'CLI0000002','admin','{}', '{admin}','{}', :cursor); END;
4/18/2017 8:19:31 50: LIBQUERY with Callback: 
4/18/2017 8:19:31 50: Path request:/api/environment/
4/18/2017 8:19:31 50: Path header:undefined
4/18/2017 8:19:31 50: Path query:{"USER_NAME":"admin"}
4/18/2017 8:19:31 50: BEGIN PKREQUESTMANAGER.CALLQUERY(50,'CLI0000003','admin','{}', '{admin}','{}', :cursor); END;
4/18/2017 8:19:31 50: 1 Object(s) returned... [FETCH]
4/18/2017 8:19:31 50: [object Object]
4/18/2017 8:19:31 50: 2 Object(s) returned... [FETCH]
4/18/2017 8:19:31 50: [object Object],[object Object]
4/18/2017 8:21:0 51: LIBQUERY with Callback: 
4/18/2017 8:21:0 51: Path request:/api/user/
4/18/2017 8:21:0 51: Path header:undefined
4/18/2017 8:21:0 51: Path query:{"USER_NAME":"admin"}
4/18/2017 8:21:0 51: BEGIN PKREQUESTMANAGER.CALLQUERY(51,'CLI0000002','admin','{}', '{admin}','{}', :cursor); END;
4/18/2017 8:21:0 52: LIBQUERY with Callback: 
4/18/2017 8:21:0 52: Path request:/api/environment/
4/18/2017 8:21:0 52: Path header:undefined
4/18/2017 8:21:0 52: Path query:{"USER_NAME":"admin"}
4/18/2017 8:21:0 52: BEGIN PKREQUESTMANAGER.CALLQUERY(52,'CLI0000003','admin','{}', '{admin}','{}', :cursor); END;
4/18/2017 8:21:0 52: 1 Object(s) returned... [FETCH]
4/18/2017 8:21:0 52: [object Object]
4/18/2017 8:21:0 52: 2 Object(s) returned... [FETCH]
4/18/2017 8:21:0 52: [object Object],[object Object]
4/18/2017 8:21:8 53: LIBQUERY with Callback: 
4/18/2017 8:21:8 53: Path request:/api/counting/
4/18/2017 8:21:8 53: Path header:undefined
4/18/2017 8:21:8 53: Path query:{"PARAM":"04/17/2017"}
4/18/2017 8:21:8 53: BEGIN PKREQUESTMANAGER.CALLQUERY(53,'CNT0000001','admin','{HEINENS_CEN_UAT}', '{04/17/2017}','{HN}', :cursor); END;
4/18/2017 8:21:42 1: LIBQUERY with Callback: 
4/18/2017 8:21:42 1: Path request:/api/counting/
4/18/2017 8:21:42 1: Path header:undefined
4/18/2017 8:21:42 1: Path query:{"PARAM":"04/17/2017"}
4/18/2017 8:21:42 1: BEGIN PKREQUESTMANAGER.CALLQUERY(1,'CNT0000001','admin','{HEINENS_CEN_UAT}', '{04/17/2017}','{HN}', :cursor); END;
4/18/2017 8:26:14 1: LIBQUERY with Callback: 
4/18/2017 8:26:14 1: Path request:/api/authentification/
4/18/2017 8:26:14 1: Path header:undefined
4/18/2017 8:26:14 1: Path query:{}
4/18/2017 8:26:14 1: BEGIN PKREQUESTMANAGER.CALLQUERY(1,'ADM0000001','admin','{}', '{admin,admin}','{}', :cursor); END;
4/18/2017 8:26:14 2: LIBQUERY with Callback: 
4/18/2017 8:26:14 2: Path request:/api/authentification/
4/18/2017 8:26:14 2: Path header:undefined
4/18/2017 8:26:14 2: Path query:{}
4/18/2017 8:26:14 2: BEGIN PKREQUESTMANAGER.CALLQUERY(2,'ADM0000001','admin','{}', '{admin,admin}','{}', :cursor); END;
4/18/2017 8:26:15 2: 1 Object(s) returned... [FETCH]
4/18/2017 8:26:15 2: [object Object]
4/18/2017 8:26:15 2: 1 Object(s) returned... [FETCH]
4/18/2017 8:26:15 2: [object Object]
4/18/2017 8:26:15 3: LIBQUERY with Callback: 
4/18/2017 8:26:15 3: Path request:/api/user/
4/18/2017 8:26:15 3: Path header:undefined
4/18/2017 8:26:15 3: Path query:{"USER_NAME":"admin"}
4/18/2017 8:26:15 3: BEGIN PKREQUESTMANAGER.CALLQUERY(3,'CLI0000002','admin','{}', '{admin}','{}', :cursor); END;
4/18/2017 8:26:15 4: LIBQUERY with Callback: 
4/18/2017 8:26:15 4: Path request:/api/environment/
4/18/2017 8:26:15 4: Path header:undefined
4/18/2017 8:26:15 4: Path query:{"USER_NAME":"admin"}
4/18/2017 8:26:15 4: BEGIN PKREQUESTMANAGER.CALLQUERY(4,'CLI0000003','admin','{}', '{admin}','{}', :cursor); END;
4/18/2017 8:26:15 4: 1 Object(s) returned... [FETCH]
4/18/2017 8:26:15 4: [object Object]
4/18/2017 8:26:15 4: 2 Object(s) returned... [FETCH]
4/18/2017 8:26:15 4: [object Object],[object Object]
4/18/2017 8:26:21 5: LIBQUERY with Callback: 
4/18/2017 8:26:21 5: Path request:/api/counting/
4/18/2017 8:26:21 5: Path header:undefined
4/18/2017 8:26:21 5: Path query:{"PARAM":"04/17/2017"}
4/18/2017 8:26:21 5: BEGIN PKREQUESTMANAGER.CALLQUERY(5,'CNT0000001','admin','{HEINENS_CEN_UAT}', '{04/17/2017}','{HN}', :cursor); END;
4/18/2017 9:15:39 3: LIBQUERY with Callback: 
4/18/2017 9:15:39 3: Path request:/api/counting/
4/18/2017 9:15:39 3: Path header:undefined
4/18/2017 9:15:39 3: Path query:{"PARAM":"04/17/2017"}
4/18/2017 9:15:39 3: BEGIN PKREQUESTMANAGER.CALLQUERY(3,'CNT0000001','admin','{HEINENS_CEN_UAT}', '{04/17/2017}','{HN}', :cursor); END;
4/18/2017 9:24:31 4: LIBQUERY with Callback: 
4/18/2017 9:24:31 4: Path request:/api/counting/
4/18/2017 9:24:31 4: Path header:undefined
4/18/2017 9:24:31 4: Path query:{"PARAM":"04/17/2017"}
4/18/2017 9:24:31 4: BEGIN PKREQUESTMANAGER.CALLQUERY(4,'CNT0000001','admin','{HEINENS_CEN_UAT}', '{04/17/2017}','{HN}', :cursor); END;
4/18/2017 9:24:37 4: 4 Object(s) returned... [FETCH]
4/18/2017 9:24:37 4: [object Object],[object Object],[object Object],[object Object]
4/18/2017 9:24:55 5: LIBQUERY with Callback: 
4/18/2017 9:24:55 5: Path request:/api/user/
4/18/2017 9:24:55 5: Path header:undefined
4/18/2017 9:24:55 5: Path query:{"USER_NAME":"admin"}
4/18/2017 9:24:55 5: BEGIN PKREQUESTMANAGER.CALLQUERY(5,'CLI0000002','admin','{}', '{admin}','{}', :cursor); END;
4/18/2017 9:24:55 6: LIBQUERY with Callback: 
4/18/2017 9:24:55 6: Path request:/api/environment/
4/18/2017 9:24:55 6: Path header:undefined
4/18/2017 9:24:55 6: Path query:{"USER_NAME":"admin"}
4/18/2017 9:24:55 6: BEGIN PKREQUESTMANAGER.CALLQUERY(6,'CLI0000003','admin','{}', '{admin}','{}', :cursor); END;
4/18/2017 9:24:55 6: 1 Object(s) returned... [FETCH]
4/18/2017 9:24:55 6: [object Object]
4/18/2017 9:24:55 6: 2 Object(s) returned... [FETCH]
4/18/2017 9:24:55 6: [object Object],[object Object]
4/18/2017 9:25:0 7: LIBQUERY with Callback: 
4/18/2017 9:25:0 7: Path request:/api/counting/
4/18/2017 9:25:0 7: Path header:undefined
4/18/2017 9:25:0 7: Path query:{"PARAM":"04/17/2017"}
4/18/2017 9:25:0 7: BEGIN PKREQUESTMANAGER.CALLQUERY(7,'CNT0000001','admin','{HEINENS_CEN_UAT}', '{04/17/2017}','{HN}', :cursor); END;
4/18/2017 9:25:3 7: 4 Object(s) returned... [FETCH]
4/18/2017 9:25:3 7: [object Object],[object Object],[object Object],[object Object]
4/18/2017 9:26:2 8: LIBQUERY with Callback: 
4/18/2017 9:26:2 8: Path request:/api/user/
4/18/2017 9:26:2 8: Path header:undefined
4/18/2017 9:26:2 8: Path query:{"USER_NAME":"admin"}
4/18/2017 9:26:2 8: BEGIN PKREQUESTMANAGER.CALLQUERY(8,'CLI0000002','admin','{}', '{admin}','{}', :cursor); END;
4/18/2017 9:26:2 8: 1 Object(s) returned... [FETCH]
4/18/2017 9:26:2 8: [object Object]
4/18/2017 9:26:2 9: LIBQUERY with Callback: 
4/18/2017 9:26:2 9: Path request:/api/environment/
4/18/2017 9:26:2 9: Path header:undefined
4/18/2017 9:26:2 9: Path query:{"USER_NAME":"admin"}
4/18/2017 9:26:2 9: BEGIN PKREQUESTMANAGER.CALLQUERY(9,'CLI0000003','admin','{}', '{admin}','{}', :cursor); END;
4/18/2017 9:26:2 9: 2 Object(s) returned... [FETCH]
4/18/2017 9:26:2 9: [object Object],[object Object]
4/18/2017 9:26:9 10: LIBQUERY with Callback: 
4/18/2017 9:26:9 10: Path request:/api/counting/
4/18/2017 9:26:9 10: Path header:undefined
4/18/2017 9:26:9 10: Path query:{"PARAM":"04/17/2017"}
4/18/2017 9:26:9 10: BEGIN PKREQUESTMANAGER.CALLQUERY(10,'CNT0000001','admin','{HEINENS_CEN_UAT}', '{04/17/2017}','{HN}', :cursor); END;
4/18/2017 9:26:14 10: 4 Object(s) returned... [FETCH]
4/18/2017 9:26:14 10: [object Object],[object Object],[object Object],[object Object]
4/18/2017 9:28:10 11: LIBQUERY with Callback: 
4/18/2017 9:28:10 11: Path request:/api/user/
4/18/2017 9:28:10 11: Path header:undefined
4/18/2017 9:28:10 11: Path query:{"USER_NAME":"admin"}
4/18/2017 9:28:10 11: BEGIN PKREQUESTMANAGER.CALLQUERY(11,'CLI0000002','admin','{}', '{admin}','{}', :cursor); END;
4/18/2017 9:28:10 11: 1 Object(s) returned... [FETCH]
4/18/2017 9:28:10 11: [object Object]
4/18/2017 9:28:10 12: LIBQUERY with Callback: 
4/18/2017 9:28:10 12: Path request:/api/environment/
4/18/2017 9:28:10 12: Path header:undefined
4/18/2017 9:28:10 12: Path query:{"USER_NAME":"admin"}
4/18/2017 9:28:10 12: BEGIN PKREQUESTMANAGER.CALLQUERY(12,'CLI0000003','admin','{}', '{admin}','{}', :cursor); END;
4/18/2017 9:28:10 12: 2 Object(s) returned... [FETCH]
4/18/2017 9:28:10 12: [object Object],[object Object]
4/18/2017 9:28:15 13: LIBQUERY with Callback: 
4/18/2017 9:28:15 13: Path request:/api/counting/
4/18/2017 9:28:15 13: Path header:undefined
4/18/2017 9:28:15 13: Path query:{"PARAM":"04/17/2017"}
4/18/2017 9:28:15 13: BEGIN PKREQUESTMANAGER.CALLQUERY(13,'CNT0000001','admin','{HEINENS_CEN_UAT}', '{04/17/2017}','{HN}', :cursor); END;
4/18/2017 9:28:19 13: 4 Object(s) returned... [FETCH]
4/18/2017 9:28:19 13: [object Object],[object Object],[object Object],[object Object]
4/18/2017 9:33:3 14: LIBQUERY with Callback: 
4/18/2017 9:33:3 14: Path request:/api/user/
4/18/2017 9:33:3 14: Path header:undefined
4/18/2017 9:33:3 14: Path query:{"USER_NAME":"admin"}
4/18/2017 9:33:3 14: BEGIN PKREQUESTMANAGER.CALLQUERY(14,'CLI0000002','admin','{}', '{admin}','{}', :cursor); END;
4/18/2017 9:33:3 15: LIBQUERY with Callback: 
4/18/2017 9:33:3 15: Path request:/api/environment/
4/18/2017 9:33:3 15: Path header:undefined
4/18/2017 9:33:3 15: Path query:{"USER_NAME":"admin"}
4/18/2017 9:33:3 15: BEGIN PKREQUESTMANAGER.CALLQUERY(15,'CLI0000003','admin','{}', '{admin}','{}', :cursor); END;
4/18/2017 9:33:3 15: 1 Object(s) returned... [FETCH]
4/18/2017 9:33:3 15: [object Object]
4/18/2017 9:33:6 15: 2 Object(s) returned... [FETCH]
4/18/2017 9:33:6 15: [object Object],[object Object]
4/18/2017 9:33:9 16: LIBQUERY with Callback: 
4/18/2017 9:33:9 16: Path request:/api/counting/
4/18/2017 9:33:9 16: Path header:undefined
4/18/2017 9:33:9 16: Path query:{"PARAM":"04/17/2017"}
4/18/2017 9:33:9 16: BEGIN PKREQUESTMANAGER.CALLQUERY(16,'CNT0000001','admin','{HEINENS_CEN_UAT}', '{04/17/2017}','{HN}', :cursor); END;
4/18/2017 9:33:12 16: 4 Object(s) returned... [FETCH]
4/18/2017 9:33:12 16: [object Object],[object Object],[object Object],[object Object]
4/18/2017 9:34:0 17: LIBQUERY with Callback: 
4/18/2017 9:34:0 17: Path request:/api/user/
4/18/2017 9:34:0 17: Path header:undefined
4/18/2017 9:34:0 17: Path query:{"USER_NAME":"admin"}
4/18/2017 9:34:0 17: BEGIN PKREQUESTMANAGER.CALLQUERY(17,'CLI0000002','admin','{}', '{admin}','{}', :cursor); END;
4/18/2017 9:34:0 17: 1 Object(s) returned... [FETCH]
4/18/2017 9:34:0 17: [object Object]
4/18/2017 9:34:0 18: LIBQUERY with Callback: 
4/18/2017 9:34:0 18: Path request:/api/environment/
4/18/2017 9:34:0 18: Path header:undefined
4/18/2017 9:34:0 18: Path query:{"USER_NAME":"admin"}
4/18/2017 9:34:0 18: BEGIN PKREQUESTMANAGER.CALLQUERY(18,'CLI0000003','admin','{}', '{admin}','{}', :cursor); END;
4/18/2017 9:34:0 18: 2 Object(s) returned... [FETCH]
4/18/2017 9:34:0 18: [object Object],[object Object]
4/18/2017 9:34:4 19: LIBQUERY with Callback: 
4/18/2017 9:34:4 19: Path request:/api/counting/
4/18/2017 9:34:4 19: Path header:undefined
4/18/2017 9:34:4 19: Path query:{"PARAM":"04/17/2017"}
4/18/2017 9:34:4 19: BEGIN PKREQUESTMANAGER.CALLQUERY(19,'CNT0000001','admin','{HEINENS_CEN_UAT}', '{04/17/2017}','{HN}', :cursor); END;
4/18/2017 9:34:7 19: 4 Object(s) returned... [FETCH]
4/18/2017 9:34:7 19: [object Object],[object Object],[object Object],[object Object]
4/18/2017 9:35:13 20: LIBQUERY with Callback: 
4/18/2017 9:35:13 20: Path request:/api/user/
4/18/2017 9:35:13 20: Path header:undefined
4/18/2017 9:35:13 20: Path query:{"USER_NAME":"admin"}
4/18/2017 9:35:13 20: BEGIN PKREQUESTMANAGER.CALLQUERY(20,'CLI0000002','admin','{}', '{admin}','{}', :cursor); END;
4/18/2017 9:35:13 21: LIBQUERY with Callback: 
4/18/2017 9:35:13 21: Path request:/api/environment/
4/18/2017 9:35:13 21: Path header:undefined
4/18/2017 9:35:13 21: Path query:{"USER_NAME":"admin"}
4/18/2017 9:35:13 21: BEGIN PKREQUESTMANAGER.CALLQUERY(21,'CLI0000003','admin','{}', '{admin}','{}', :cursor); END;
4/18/2017 9:35:13 21: 1 Object(s) returned... [FETCH]
4/18/2017 9:35:13 21: [object Object]
4/18/2017 9:35:13 21: 2 Object(s) returned... [FETCH]
4/18/2017 9:35:13 21: [object Object],[object Object]
4/18/2017 9:35:18 22: LIBQUERY with Callback: 
4/18/2017 9:35:18 22: Path request:/api/counting/
4/18/2017 9:35:18 22: Path header:undefined
4/18/2017 9:35:18 22: Path query:{"PARAM":"04/17/2017"}
4/18/2017 9:35:18 22: BEGIN PKREQUESTMANAGER.CALLQUERY(22,'CNT0000001','admin','{HEINENS_CEN_UAT}', '{04/17/2017}','{HN}', :cursor); END;
4/18/2017 9:35:21 22: 4 Object(s) returned... [FETCH]
4/18/2017 9:35:21 22: [object Object],[object Object],[object Object],[object Object]
4/18/2017 9:44:35 23: LIBQUERY with Callback: 
4/18/2017 9:44:35 23: Path request:/api/user/
4/18/2017 9:44:35 23: Path header:undefined
4/18/2017 9:44:35 23: Path query:{"USER_NAME":"admin"}
4/18/2017 9:44:35 23: BEGIN PKREQUESTMANAGER.CALLQUERY(23,'CLI0000002','admin','{}', '{admin}','{}', :cursor); END;
4/18/2017 9:44:35 24: LIBQUERY with Callback: 
4/18/2017 9:44:35 24: Path request:/api/environment/
4/18/2017 9:44:35 24: Path header:undefined
4/18/2017 9:44:35 24: Path query:{"USER_NAME":"admin"}
4/18/2017 9:44:35 24: BEGIN PKREQUESTMANAGER.CALLQUERY(24,'CLI0000003','admin','{}', '{admin}','{}', :cursor); END;
4/18/2017 9:44:36 24: 2 Object(s) returned... [FETCH]
4/18/2017 9:44:36 24: [object Object],[object Object]
4/18/2017 9:44:38 24: 1 Object(s) returned... [FETCH]
4/18/2017 9:44:38 24: [object Object]
4/18/2017 10:8:31 25: LIBQUERY with Callback: 
4/18/2017 10:8:31 25: Path request:/api/user/
4/18/2017 10:8:31 25: Path header:undefined
4/18/2017 10:8:31 25: Path query:{"USER_NAME":"admin"}
4/18/2017 10:8:31 25: BEGIN PKREQUESTMANAGER.CALLQUERY(25,'CLI0000002','admin','{}', '{admin}','{}', :cursor); END;
4/18/2017 10:8:31 26: LIBQUERY with Callback: 
4/18/2017 10:8:31 26: Path request:/api/environment/
4/18/2017 10:8:31 26: Path header:undefined
4/18/2017 10:8:31 26: Path query:{"USER_NAME":"admin"}
4/18/2017 10:8:31 26: BEGIN PKREQUESTMANAGER.CALLQUERY(26,'CLI0000003','admin','{}', '{admin}','{}', :cursor); END;
4/18/2017 10:8:31 26: 1 Object(s) returned... [FETCH]
4/18/2017 10:8:31 26: [object Object]
4/18/2017 10:8:34 26: 2 Object(s) returned... [FETCH]
4/18/2017 10:8:34 26: [object Object],[object Object]
4/18/2017 10:14:16 27: LIBQUERY with Callback: 
4/18/2017 10:14:16 27: Path request:/api/user/
4/18/2017 10:14:16 27: Path header:undefined
4/18/2017 10:14:16 27: Path query:{"USER_NAME":"admin"}
4/18/2017 10:14:16 27: BEGIN PKREQUESTMANAGER.CALLQUERY(27,'CLI0000002','admin','{}', '{admin}','{}', :cursor); END;
4/18/2017 10:14:16 28: LIBQUERY with Callback: 
4/18/2017 10:14:16 28: Path request:/api/environment/
4/18/2017 10:14:16 28: Path header:undefined
4/18/2017 10:14:16 28: Path query:{"USER_NAME":"admin"}
4/18/2017 10:14:16 28: BEGIN PKREQUESTMANAGER.CALLQUERY(28,'CLI0000003','admin','{}', '{admin}','{}', :cursor); END;
4/18/2017 10:14:16 28: 1 Object(s) returned... [FETCH]
4/18/2017 10:14:16 28: [object Object]
4/18/2017 10:14:16 28: 2 Object(s) returned... [FETCH]
4/18/2017 10:14:16 28: [object Object],[object Object]
4/18/2017 10:14:20 29: LIBQUERY with Callback: 
4/18/2017 10:14:20 29: Path request:/api/counting/
4/18/2017 10:14:20 29: Path header:undefined
4/18/2017 10:14:20 29: Path query:{"PARAM":"04/17/2017"}
4/18/2017 10:14:20 29: BEGIN PKREQUESTMANAGER.CALLQUERY(29,'CNT0000001','admin','{HEINENS_CEN_UAT}', '{04/17/2017}','{HN}', :cursor); END;
4/18/2017 10:14:23 29: 4 Object(s) returned... [FETCH]
4/18/2017 10:14:23 29: [object Object],[object Object],[object Object],[object Object]
4/18/2017 10:25:9 30: LIBQUERY with Callback: 
4/18/2017 10:25:9 30: Path request:/api/user/
4/18/2017 10:25:9 30: Path header:undefined
4/18/2017 10:25:9 30: Path query:{"USER_NAME":"admin"}
4/18/2017 10:25:9 30: BEGIN PKREQUESTMANAGER.CALLQUERY(30,'CLI0000002','admin','{}', '{admin}','{}', :cursor); END;
4/18/2017 10:25:9 31: LIBQUERY with Callback: 
4/18/2017 10:25:9 31: Path request:/api/environment/
4/18/2017 10:25:9 31: Path header:undefined
4/18/2017 10:25:9 31: Path query:{"USER_NAME":"admin"}
4/18/2017 10:25:9 31: BEGIN PKREQUESTMANAGER.CALLQUERY(31,'CLI0000003','admin','{}', '{admin}','{}', :cursor); END;
4/18/2017 10:25:9 31: 1 Object(s) returned... [FETCH]
4/18/2017 10:25:9 31: [object Object]
4/18/2017 10:25:9 31: 2 Object(s) returned... [FETCH]
4/18/2017 10:25:9 31: [object Object],[object Object]
4/18/2017 10:25:12 32: LIBQUERY with Callback: 
4/18/2017 10:25:12 32: Path request:/api/counting/
4/18/2017 10:25:12 32: Path header:undefined
4/18/2017 10:25:12 32: Path query:{"PARAM":"04/17/2017"}
4/18/2017 10:25:12 32: BEGIN PKREQUESTMANAGER.CALLQUERY(32,'CNT0000001','admin','{HEINENS_CEN_UAT}', '{04/17/2017}','{HN}', :cursor); END;
4/18/2017 10:25:16 32: 4 Object(s) returned... [FETCH]
4/18/2017 10:25:16 32: [object Object],[object Object],[object Object],[object Object]
4/18/2017 10:26:1 33: LIBQUERY with Callback: 
4/18/2017 10:26:1 33: Path request:/api/user/
4/18/2017 10:26:1 33: Path header:undefined
4/18/2017 10:26:1 33: Path query:{"USER_NAME":"admin"}
4/18/2017 10:26:1 33: BEGIN PKREQUESTMANAGER.CALLQUERY(33,'CLI0000002','admin','{}', '{admin}','{}', :cursor); END;
4/18/2017 10:26:1 34: LIBQUERY with Callback: 
4/18/2017 10:26:1 34: Path request:/api/environment/
4/18/2017 10:26:1 34: Path header:undefined
4/18/2017 10:26:1 34: Path query:{"USER_NAME":"admin"}
4/18/2017 10:26:1 34: BEGIN PKREQUESTMANAGER.CALLQUERY(34,'CLI0000003','admin','{}', '{admin}','{}', :cursor); END;
4/18/2017 10:26:1 34: 1 Object(s) returned... [FETCH]
4/18/2017 10:26:1 34: [object Object]
4/18/2017 10:26:1 34: 2 Object(s) returned... [FETCH]
4/18/2017 10:26:1 34: [object Object],[object Object]
4/18/2017 10:26:4 35: LIBQUERY with Callback: 
4/18/2017 10:26:4 35: Path request:/api/counting/
4/18/2017 10:26:4 35: Path header:undefined
4/18/2017 10:26:4 35: Path query:{"PARAM":"04/17/2017"}
4/18/2017 10:26:4 35: BEGIN PKREQUESTMANAGER.CALLQUERY(35,'CNT0000001','admin','{HEINENS_CEN_UAT}', '{04/17/2017}','{HN}', :cursor); END;
4/18/2017 10:26:8 35: 4 Object(s) returned... [FETCH]
4/18/2017 10:26:8 35: [object Object],[object Object],[object Object],[object Object]
4/18/2017 10:28:6 36: LIBQUERY with Callback: 
4/18/2017 10:28:6 36: Path request:/api/user/
4/18/2017 10:28:6 36: Path header:undefined
4/18/2017 10:28:6 36: Path query:{"USER_NAME":"admin"}
4/18/2017 10:28:6 36: BEGIN PKREQUESTMANAGER.CALLQUERY(36,'CLI0000002','admin','{}', '{admin}','{}', :cursor); END;
4/18/2017 10:28:6 36: 1 Object(s) returned... [FETCH]
4/18/2017 10:28:6 36: [object Object]
4/18/2017 10:28:7 37: LIBQUERY with Callback: 
4/18/2017 10:28:7 37: Path request:/api/environment/
4/18/2017 10:28:7 37: Path header:undefined
4/18/2017 10:28:7 37: Path query:{"USER_NAME":"admin"}
4/18/2017 10:28:7 37: BEGIN PKREQUESTMANAGER.CALLQUERY(37,'CLI0000003','admin','{}', '{admin}','{}', :cursor); END;
4/18/2017 10:28:7 37: 2 Object(s) returned... [FETCH]
4/18/2017 10:28:7 37: [object Object],[object Object]
4/18/2017 10:28:10 38: LIBQUERY with Callback: 
4/18/2017 10:28:10 38: Path request:/api/counting/
4/18/2017 10:28:10 38: Path header:undefined
4/18/2017 10:28:10 38: Path query:{"PARAM":"04/17/2017"}
4/18/2017 10:28:10 38: BEGIN PKREQUESTMANAGER.CALLQUERY(38,'CNT0000001','admin','{HEINENS_CEN_UAT}', '{04/17/2017}','{HN}', :cursor); END;
4/18/2017 10:28:13 38: 4 Object(s) returned... [FETCH]
4/18/2017 10:28:13 38: [object Object],[object Object],[object Object],[object Object]
4/18/2017 10:28:44 39: LIBQUERY with Callback: 
4/18/2017 10:28:44 39: Path request:/api/user/
4/18/2017 10:28:44 39: Path header:undefined
4/18/2017 10:28:44 39: Path query:{"USER_NAME":"admin"}
4/18/2017 10:28:44 39: BEGIN PKREQUESTMANAGER.CALLQUERY(39,'CLI0000002','admin','{}', '{admin}','{}', :cursor); END;
4/18/2017 10:28:44 39: 1 Object(s) returned... [FETCH]
4/18/2017 10:28:44 39: [object Object]
4/18/2017 10:28:44 40: LIBQUERY with Callback: 
4/18/2017 10:28:44 40: Path request:/api/environment/
4/18/2017 10:28:44 40: Path header:undefined
4/18/2017 10:28:44 40: Path query:{"USER_NAME":"admin"}
4/18/2017 10:28:44 40: BEGIN PKREQUESTMANAGER.CALLQUERY(40,'CLI0000003','admin','{}', '{admin}','{}', :cursor); END;
4/18/2017 10:28:44 40: 2 Object(s) returned... [FETCH]
4/18/2017 10:28:44 40: [object Object],[object Object]
4/18/2017 10:28:47 41: LIBQUERY with Callback: 
4/18/2017 10:28:47 41: Path request:/api/counting/
4/18/2017 10:28:47 41: Path header:undefined
4/18/2017 10:28:47 41: Path query:{"PARAM":"04/17/2017"}
4/18/2017 10:28:47 41: BEGIN PKREQUESTMANAGER.CALLQUERY(41,'CNT0000001','admin','{HEINENS_CEN_UAT}', '{04/17/2017}','{HN}', :cursor); END;
4/18/2017 10:28:50 41: 4 Object(s) returned... [FETCH]
4/18/2017 10:28:50 41: [object Object],[object Object],[object Object],[object Object]
4/18/2017 10:29:30 42: LIBQUERY with Callback: 
4/18/2017 10:29:30 42: Path request:/api/user/
4/18/2017 10:29:30 42: Path header:undefined
4/18/2017 10:29:30 42: Path query:{"USER_NAME":"admin"}
4/18/2017 10:29:30 42: BEGIN PKREQUESTMANAGER.CALLQUERY(42,'CLI0000002','admin','{}', '{admin}','{}', :cursor); END;
4/18/2017 10:29:30 43: LIBQUERY with Callback: 
4/18/2017 10:29:30 43: Path request:/api/environment/
4/18/2017 10:29:30 43: Path header:undefined
4/18/2017 10:29:30 43: Path query:{"USER_NAME":"admin"}
4/18/2017 10:29:30 43: BEGIN PKREQUESTMANAGER.CALLQUERY(43,'CLI0000003','admin','{}', '{admin}','{}', :cursor); END;
4/18/2017 10:29:30 43: 1 Object(s) returned... [FETCH]
4/18/2017 10:29:30 43: [object Object]
4/18/2017 10:29:30 43: 2 Object(s) returned... [FETCH]
4/18/2017 10:29:30 43: [object Object],[object Object]
4/18/2017 10:29:34 44: LIBQUERY with Callback: 
4/18/2017 10:29:34 44: Path request:/api/counting/
4/18/2017 10:29:34 44: Path header:undefined
4/18/2017 10:29:34 44: Path query:{"PARAM":"04/17/2017"}
4/18/2017 10:29:34 44: BEGIN PKREQUESTMANAGER.CALLQUERY(44,'CNT0000001','admin','{HEINENS_CEN_UAT}', '{04/17/2017}','{HN}', :cursor); END;
4/18/2017 10:29:37 44: 4 Object(s) returned... [FETCH]
4/18/2017 10:29:37 44: [object Object],[object Object],[object Object],[object Object]
4/18/2017 10:32:12 45: LIBQUERY with Callback: 
4/18/2017 10:32:12 45: Path request:/api/user/
4/18/2017 10:32:12 45: Path header:undefined
4/18/2017 10:32:12 45: Path query:{"USER_NAME":"admin"}
4/18/2017 10:32:12 45: BEGIN PKREQUESTMANAGER.CALLQUERY(45,'CLI0000002','admin','{}', '{admin}','{}', :cursor); END;
4/18/2017 10:32:12 46: LIBQUERY with Callback: 
4/18/2017 10:32:12 46: Path request:/api/environment/
4/18/2017 10:32:12 46: Path header:undefined
4/18/2017 10:32:12 46: Path query:{"USER_NAME":"admin"}
4/18/2017 10:32:12 46: BEGIN PKREQUESTMANAGER.CALLQUERY(46,'CLI0000003','admin','{}', '{admin}','{}', :cursor); END;
4/18/2017 10:32:12 46: 1 Object(s) returned... [FETCH]
4/18/2017 10:32:12 46: [object Object]
4/18/2017 10:32:12 46: 2 Object(s) returned... [FETCH]
4/18/2017 10:32:12 46: [object Object],[object Object]
4/18/2017 10:32:16 47: LIBQUERY with Callback: 
4/18/2017 10:32:16 47: Path request:/api/counting/
4/18/2017 10:32:16 47: Path header:undefined
4/18/2017 10:32:16 47: Path query:{"PARAM":"04/17/2017"}
4/18/2017 10:32:16 47: BEGIN PKREQUESTMANAGER.CALLQUERY(47,'CNT0000001','admin','{HEINENS_CEN_UAT}', '{04/17/2017}','{HN}', :cursor); END;
4/18/2017 10:32:19 47: 4 Object(s) returned... [FETCH]
4/18/2017 10:32:19 47: [object Object],[object Object],[object Object],[object Object]
4/18/2017 10:33:43 48: LIBQUERY with Callback: 
4/18/2017 10:33:43 48: Path request:/api/user/
4/18/2017 10:33:43 48: Path header:undefined
4/18/2017 10:33:43 48: Path query:{"USER_NAME":"admin"}
4/18/2017 10:33:43 48: BEGIN PKREQUESTMANAGER.CALLQUERY(48,'CLI0000002','admin','{}', '{admin}','{}', :cursor); END;
4/18/2017 10:33:43 49: LIBQUERY with Callback: 
4/18/2017 10:33:43 49: Path request:/api/environment/
4/18/2017 10:33:43 49: Path header:undefined
4/18/2017 10:33:43 49: Path query:{"USER_NAME":"admin"}
4/18/2017 10:33:43 49: BEGIN PKREQUESTMANAGER.CALLQUERY(49,'CLI0000003','admin','{}', '{admin}','{}', :cursor); END;
4/18/2017 10:33:44 49: 1 Object(s) returned... [FETCH]
4/18/2017 10:33:44 49: [object Object]
4/18/2017 10:33:44 49: 2 Object(s) returned... [FETCH]
4/18/2017 10:33:44 49: [object Object],[object Object]
4/18/2017 10:33:51 50: LIBQUERY with Callback: 
4/18/2017 10:33:51 50: Path request:/api/counting/
4/18/2017 10:33:51 50: Path header:undefined
4/18/2017 10:33:51 50: Path query:{"PARAM":"04/17/2017"}
4/18/2017 10:33:51 50: BEGIN PKREQUESTMANAGER.CALLQUERY(50,'CNT0000001','admin','{HEINENS_CEN_UAT}', '{04/17/2017}','{HN}', :cursor); END;
4/18/2017 10:33:55 50: 4 Object(s) returned... [FETCH]
4/18/2017 10:33:55 50: [object Object],[object Object],[object Object],[object Object]
4/18/2017 10:34:56 51: LIBQUERY with Callback: 
4/18/2017 10:34:56 51: Path request:/api/user/
4/18/2017 10:34:56 51: Path header:undefined
4/18/2017 10:34:56 51: Path query:{"USER_NAME":"admin"}
4/18/2017 10:34:56 51: BEGIN PKREQUESTMANAGER.CALLQUERY(51,'CLI0000002','admin','{}', '{admin}','{}', :cursor); END;
4/18/2017 10:34:56 52: LIBQUERY with Callback: 
4/18/2017 10:34:56 52: Path request:/api/environment/
4/18/2017 10:34:56 52: Path header:undefined
4/18/2017 10:34:56 52: Path query:{"USER_NAME":"admin"}
4/18/2017 10:34:56 52: BEGIN PKREQUESTMANAGER.CALLQUERY(52,'CLI0000003','admin','{}', '{admin}','{}', :cursor); END;
4/18/2017 10:34:56 52: 1 Object(s) returned... [FETCH]
4/18/2017 10:34:56 52: [object Object]
4/18/2017 10:34:56 52: 2 Object(s) returned... [FETCH]
4/18/2017 10:34:56 52: [object Object],[object Object]
4/18/2017 10:35:5 53: LIBQUERY with Callback: 
4/18/2017 10:35:5 53: Path request:/api/counting/
4/18/2017 10:35:5 53: Path header:undefined
4/18/2017 10:35:5 53: Path query:{"PARAM":"04/17/2017"}
4/18/2017 10:35:5 53: BEGIN PKREQUESTMANAGER.CALLQUERY(53,'CNT0000001','admin','{HEINENS_CEN_UAT}', '{04/17/2017}','{HN}', :cursor); END;
4/18/2017 10:35:9 53: 4 Object(s) returned... [FETCH]
4/18/2017 10:35:9 53: [object Object],[object Object],[object Object],[object Object]
4/18/2017 10:51:45 54: LIBQUERY with Callback: 
4/18/2017 10:51:45 54: Path request:/api/user/
4/18/2017 10:51:45 54: Path header:undefined
4/18/2017 10:51:45 54: Path query:{"USER_NAME":"admin"}
4/18/2017 10:51:45 54: BEGIN PKREQUESTMANAGER.CALLQUERY(54,'CLI0000002','admin','{}', '{admin}','{}', :cursor); END;
4/18/2017 10:51:45 55: LIBQUERY with Callback: 
4/18/2017 10:51:45 55: Path request:/api/environment/
4/18/2017 10:51:45 55: Path header:undefined
4/18/2017 10:51:45 55: Path query:{"USER_NAME":"admin"}
4/18/2017 10:51:45 55: BEGIN PKREQUESTMANAGER.CALLQUERY(55,'CLI0000003','admin','{}', '{admin}','{}', :cursor); END;
4/18/2017 10:51:45 55: 1 Object(s) returned... [FETCH]
4/18/2017 10:51:45 55: [object Object]
4/18/2017 10:51:45 55: 2 Object(s) returned... [FETCH]
4/18/2017 10:51:45 55: [object Object],[object Object]
4/18/2017 10:51:49 56: LIBQUERY with Callback: 
4/18/2017 10:51:49 56: Path request:/api/counting/
4/18/2017 10:51:49 56: Path header:undefined
4/18/2017 10:51:49 56: Path query:{"PARAM":"04/17/2017"}
4/18/2017 10:51:49 56: BEGIN PKREQUESTMANAGER.CALLQUERY(56,'CNT0000001','admin','{HEINENS_CEN_UAT}', '{04/17/2017}','{HN}', :cursor); END;
4/18/2017 10:51:52 56: 4 Object(s) returned... [FETCH]
4/18/2017 10:51:52 56: [object Object],[object Object],[object Object],[object Object]
