#00 2 * * * $HOME/bin/shell/restart_TomEE_hnpcen.sh
01 0 * * * $HOME/seyc/nmon/start_nmon.sh
0 1 * * * /home/hnpcen/bin/deleteFiles /data/hnpcen/gaia_out txt.2* 1
1 1 * * * /home/hnpcen/bin/deleteFiles /data/hnpcen/gaia_out log 1
2 1 * * * /home/hnpcen/bin/deleteFiles /data/hnpcen/tomee_log log 7
3 1 * * * /home/hnpcen/bin/deleteFiles /data/hnpcen/tomee_log txt 7
4 1 * * * /home/hnpcen/bin/deleteFiles /data/hnpcen/tomee_log gz 7
5 1 * * * /home/hnpcen/bin/deleteFiles /data/hnpcen/bin_log log 7
6 1 * * * /home/hnpcen/bin/deleteFiles /data/hnpcen/nmon_files nmon 365
7 1 * * * /home/hnpcen/bin/deleteFiles /data/hnpcen/nmon_files gz 365
8 1 * * * /home/hnpcen/bin/deleteFiles /data/hnpcen/ws_log gz 7
9 1 * * * /home/hnpcen/bin/deleteFiles /data/hnpcen/ws_log txt 7
10 1 * * * /home/hnpcen/bin/deleteFiles /home/hnpcen/bin/shell/logs log 7
11 1 * * * /home/hnpcen/bin/deleteFiles /data/hnpcen/report_log log 7
#0 5 * * * /home/hnpcen/bin/shell/gold_cao.sh 2 > /home/hnpcen/bin/shell/gold_cao.sh_ma.log
0 7 * * * . /home/hnpcen/env/envCEN; /home/hnpcen/bin/shell/loadPromoImpactCalculationForCGO/loadPromoImpactCalc.sh > /home/hnpcen/bin/shell/loadPromoImpactCalculationForCGO/loadPromoImpactCalc.log
0 11 * * * /home/hnpcen/bin/shell/gold_cao_11.sh 2 
0 14 * * * /home/hnpcen/bin/shell/gold_cao_14.sh 2 
# 0 6 * * * /home/hnpcen/bin/shell/abe/pi_neg_inventory.sh
# 40 17 * * * /home/hnpcen/bin/shell/abe/hei_pushout.sh

30 5 * * * /data/hnpcen/heinensapps/bin_icr/scripts/CGO_negative_inventory.sh
30 5 * * * /data/hnpcen/heinensapps/bin_icr/scripts/DAILY_NEG_INVENTORY_CAPTURE_MORNING.sh
30 11 * * * /data/hnpcen/heinensapps/bin_icr/scripts/DAILY_NEG_INVENTORY_CAPTURE_EVENING.sh

# Nightly Restart GMS web service hnpcen
 15 00 * * * /home/hnpcen/bin/shell/restart_hnpcen_processes_nightly.sh > /home/hnpcen/bin/shell/restart_processes.log 2>&1


# 0 21 * * * /home/hnpcen/bin/shell/abe/fixInterDept.sh
0 14 * * * /home/hnpcen/bin/shell/abe/runPSPUR83P.sh
30 20 * * * /home/hnpcen/bin/shell/abe/DAILY_DELETION_INTCDE_PROCESSED.sh
5 1 * * * /home/hnpcen/bin/shell/abe/icr/maintenance.sh
# 0 */2 * * * /home/hnpcen/bin/shell/abe/reflagShipment.sh

# ICR
5 5 * * * /home/hnpcen/heinensapps/controlRoom_server/start_backend.sh > /home/hnpcen/heinensapps/controlRoom_server/init.log
58 6 * * * /home/hnpcen/heinensapps/controlRoom_server/start_backend.sh > /home/hnpcen/heinensapps/controlRoom_server/init.log
58 12 * * * /home/hnpcen/heinensapps/controlRoom_server/start_backend.sh > /home/hnpcen/heinensapps/controlRoom_server/init.log
30 1 * * * /home/hnpcen/heinensapps/controlRoom_server/scripts/icr/maintenance.sh
# */9 * * * * /home/hnpcen/heinensapps/controlRoom_server/scripts/icr/restart/check_icr_status.sh

# Supplier schedule
0 19 * * * /home/hnpcen/bin/shell/supplierSchedule/supplierSchedule.sh
0 11 * * 0 /home/hnpcen/bin/shell/supplierSchedule/supplierSchedule_Year1.sh
0 13 * * 0 /home/hnpcen/bin/shell/supplierSchedule/supplierSchedule_Year2.sh

# VESTCOM
0 19 * * * /home/hnpcen/bin/shell/vestcom/vestcom.sh

# PURGE
0 14 * * 0 /home/hnpcen/bin/shell/purges/purges.sh

# PICS/RGIS automatic integration counting
*/15 1-6 * * * /home/hnpcen/bin/shell/thirdpartyinventory/0.GetFTPfiles.sh >> /home/hnpcen/bin/shell/thirdpartyinventory/logs/0.GetFTPfiles.txt
*/17 1-6 * * * /home/hnpcen/bin/shell/thirdpartyinventory/1.LoadMapThirdPartyCounting.sh >> /home/hnpcen/bin/shell/thirdpartyinventory/logs/1.LoadMapThirdPartyCounting.txt 
*/10 1-6 * * * /home/hnpcen/bin/shell/thirdpartyinventory/2.executeGOLDcountingIntegration.sh >> /home/hnpcen/bin/shell/thirdpartyinventory/logs/2.executeGOLDcountingIntegration.txt
30 6 * * * /home/hnpcen/bin/shell/thirdpartyinventory/zeroOutPosition.sh >> /home/hnpcen/bin/shell/thirdpartyinventory/logs/zeroOutPosition.txt

# Refreshing DailyMaintenance new MV
#46 03 * * * /home/hnpcen/bin/shell/refresh_vwdailyregularitemchanged_v2.sh

0 23 * * * . /home/hnpcen/env/envCEN; pssti11p pssti11p_planB $USERID PSSTI11P01 1 HN 1
0 1 * * * . /home/hnpcen/env/envCEN; pssti11p pssti11p_planB $USERID PSSTI11P01 1 HN 1

