7/12/2019 10:43:41 1: BEGIN PKREQUESTMANAGER.CALLQUERY(1,'NOT0000001','abe','{HEINENS_CEN_UAT}', '{ASN0000000001}','{HN}', :cursor); END;
7/12/2019 10:43:43 1: [{"ALTID":"ASN0000000001","ALTQUERY":"ASN0000000001","ALTFILE":"/Users/bbsymphony/Workspace/controlRoom/trunk/controlRoom_server/server/alerts/EDI_ASN_Duplicate_Invoice_Weekly.json","ALTSUBJECT":"[ASN0000000001] Alert report","ALTCONTENT":"Duplicate ASN/EDI invoice received by Kleinschmeidt refrain the stores to process the whole batch id associated.","ALTEMAIL":"ahmed.benamrouche@bbsymphony.com","ALTMOBILE":"(678)9863021"}]
7/12/2019 10:43:43 1: 1 Object(s) returned... [FETCH]
7/12/2019 10:44:36 1: BEGIN PKREQUESTMANAGER.CALLQUERY(1,'NOT0000001','abe','{HEINENS_CEN_UAT}', '{ASN0000000001}','{HN}', :cursor); END;
7/12/2019 10:44:37 1: [{"ALTID":"ASN0000000001","ALTQUERY":"ASN0000000001","ALTFILE":"/Users/bbsymphony/Workspace/controlRoom/trunk/controlRoom_server/server/alerts/EDI_ASN_Duplicate_Invoice_Weekly.json","ALTSUBJECT":"[ASN0000000001] Alert report","ALTCONTENT":"Duplicate ASN/EDI invoice received by Kleinschmeidt refrain the stores to process the whole batch id associated.","ALTEMAIL":"ahmed.benamrouche@bbsymphony.com","ALTMOBILE":"(678)9863021"}]
7/12/2019 10:44:37 1: 1 Object(s) returned... [FETCH]
7/12/2019 10:45:30 1: BEGIN PKREQUESTMANAGER.CALLQUERY(1,'NOT0000001','abe','{HEINENS_CEN_UAT}', '{ASN0000000001}','{HN}', :cursor); END;
7/12/2019 10:45:32 1: [{"ALTID":"ASN0000000001","ALTQUERY":"ASN0000000001","ALTFILE":"/Users/bbsymphony/Workspace/controlRoom/trunk/controlRoom_server/server/alerts/EDI_ASN_Duplicate_Invoice_Weekly.json","ALTSUBJECT":"[ASN0000000001] Alert report","ALTCONTENT":"Duplicate ASN/EDI invoice received by Kleinschmeidt refrain the stores to process the whole batch id associated.","ALTEMAIL":"ahmed.benamrouche@bbsymphony.com","ALTMOBILE":"(678)9863021"}]
7/12/2019 10:45:32 1: 1 Object(s) returned... [FETCH]
7/12/2019 10:46:47 1: BEGIN PKREQUESTMANAGER.CALLQUERY(1,'NOT0000001','abe','{HEINENS_CEN_UAT}', '{ASN0000000001}','{HN}', :cursor); END;
7/12/2019 10:46:48 1: [{"ALTID":"ASN0000000001","ALTQUERY":"ASN0000000001","ALTFILE":"/Users/bbsymphony/Workspace/controlRoom/trunk/controlRoom_server/server/alerts/EDI_ASN_Duplicate_Invoice_Weekly.json","ALTSUBJECT":"[ASN0000000001] Alert report","ALTCONTENT":"Duplicate ASN/EDI invoice received by Kleinschmeidt refrain the stores to process the whole batch id associated.","ALTEMAIL":"ahmed.benamrouche@bbsymphony.com","ALTMOBILE":"(678)9863021"}]
7/12/2019 10:46:48 1: 1 Object(s) returned... [FETCH]
7/12/2019 10:53:56 1: BEGIN PKREQUESTMANAGER.CALLQUERY(1,'NOT0000001','abe','{HEINENS_CEN_UAT}', '{ASN0000000001}','{HN}', :cursor); END;
7/12/2019 10:53:58 1: [{"ALTID":"ASN0000000001","ALTQUERY":"ASN0000000001","ALTFILE":"/Users/bbsymphony/Workspace/controlRoom/trunk/controlRoom_server/server/alerts/EDI_ASN_Duplicate_Invoice_Weekly.json","ALTSUBJECT":"[ASN0000000001] Alert report","ALTCONTENT":"Duplicate ASN/EDI invoice received by Kleinschmeidt refrain the stores to process the whole batch id associated.","ALTEMAIL":"ahmed.benamrouche@bbsymphony.com","ALTMOBILE":"(678)9863021"}]
7/12/2019 10:53:58 1: 1 Object(s) returned... [FETCH]
7/12/2019 10:59:52 1: BEGIN PKREQUESTMANAGER.CALLQUERY(1,'NOT0000001','abe','{HEINENS_CEN_UAT}', '{ASN0000000001}','{HN}', :cursor); END;
7/12/2019 10:59:54 1: [{"ALTID":"ASN0000000001","ALTQUERY":"ASN0000000001","ALTFILE":"/Users/bbsymphony/Workspace/controlRoom/trunk/controlRoom_server/server/alerts/EDI_ASN_Duplicate_Invoice_Weekly.json","ALTSUBJECT":"[ASN0000000001] Alert report","ALTCONTENT":"Duplicate ASN/EDI invoice received by Kleinschmeidt refrain the stores to process the whole batch id associated.","ALTEMAIL":"ahmed.benamrouche@bbsymphony.com","ALTMOBILE":"(678)9863021"}]
7/12/2019 10:59:54 1: 1 Object(s) returned... [FETCH]
7/12/2019 10:59:54 2: BEGIN PKREQUESTMANAGER.EXECUTEQUERY(2,'undefined','abe','{HEINENS_CEN_UAT}', 'undefined','{HN}', :cursor); END;
7/12/2019 10:59:55 2: [{"'EXECUTINGISSUE,CHECKDBMS_SQL.EXECUTERIGHTS.-900-ORA-00900:INVALIDSQLSTATEMENT'":"Executing issue, check DBMS_SQL.EXECUTE rights. -900-ORA-00900: invalid SQL statement"}]
7/12/2019 10:59:55 2: 1 Object(s) returned... [FETCH]
7/12/2019 11:1:55 1: BEGIN PKREQUESTMANAGER.CALLQUERY(1,'NOT0000001','abe','{HEINENS_CEN_UAT}', '{ASN0000000001}','{HN}', :cursor); END;
7/12/2019 11:1:57 1: [{"ALTID":"ASN0000000001","ALTQUERY":"ASN0000000001","ALTFILE":"/Users/bbsymphony/Workspace/controlRoom/trunk/controlRoom_server/server/alerts/EDI_ASN_Duplicate_Invoice_Weekly.json","ALTSUBJECT":"[ASN0000000001] Alert report","ALTCONTENT":"Duplicate ASN/EDI invoice received by Kleinschmeidt refrain the stores to process the whole batch id associated.","ALTEMAIL":"ahmed.benamrouche@bbsymphony.com","ALTMOBILE":"(678)9863021"}]
7/12/2019 11:1:57 1: 1 Object(s) returned... [FETCH]
7/12/2019 11:1:57 2: BEGIN PKREQUESTMANAGER.EXECUTEQUERY(2,'undefined','abe','{HEINENS_CEN_UAT}', 'undefined','{HN}', :cursor); END;
7/12/2019 11:1:59 2: [{"'EXECUTINGISSUE,CHECKDBMS_SQL.EXECUTERIGHTS.-900-ORA-00900:INVALIDSQLSTATEMENT'":"Executing issue, check DBMS_SQL.EXECUTE rights. -900-ORA-00900: invalid SQL statement"}]
7/12/2019 11:1:59 2: 1 Object(s) returned... [FETCH]
7/12/2019 11:22:45 1: BEGIN PKREQUESTMANAGER.CALLQUERY(1,'NOT0000001','abe','{HEINENS_CEN_UAT}', '{ASN0000000001}','{HN}', :cursor); END;
7/12/2019 11:22:47 1: [{"ALTID":"ASN0000000001","ALTQUERY":"ASN0000000001","ALTFILE":"/Users/bbsymphony/Workspace/controlRoom/trunk/controlRoom_server/server/alerts/EDI_ASN_Duplicate_Invoice_Weekly.json","ALTSUBJECT":"[ASN0000000001] Alert report","ALTCONTENT":"Duplicate ASN/EDI invoice received by Kleinschmeidt refrain the stores to process the whole batch id associated.","ALTEMAIL":"ahmed.benamrouche@bbsymphony.com","ALTMOBILE":"(678)9863021"}]
7/12/2019 11:22:47 1: 1 Object(s) returned... [FETCH]
7/12/2019 11:23:39 1: BEGIN PKREQUESTMANAGER.CALLQUERY(1,'NOT0000001','abe','{HEINENS_CEN_UAT}', '{ASN0000000001}','{HN}', :cursor); END;
7/12/2019 11:23:41 1: [{"ALTID":"ASN0000000001","ALTQUERY":"ASN0000000001","ALTFILE":"/Users/bbsymphony/Workspace/controlRoom/trunk/controlRoom_server/server/alerts/EDI_ASN_Duplicate_Invoice_Weekly.json","ALTSUBJECT":"[ASN0000000001] Alert report","ALTCONTENT":"Duplicate ASN/EDI invoice received by Kleinschmeidt refrain the stores to process the whole batch id associated.","ALTEMAIL":"ahmed.benamrouche@bbsymphony.com","ALTMOBILE":"(678)9863021"}]
7/12/2019 11:23:41 1: 1 Object(s) returned... [FETCH]
7/12/2019 11:25:5 1: BEGIN PKREQUESTMANAGER.CALLQUERY(1,'NOT0000001','abe','{HEINENS_CEN_UAT}', '{ASN0000000001}','{HN}', :cursor); END;
7/12/2019 11:25:7 1: [{"ALTID":"ASN0000000001","ALTQUERY":"ASN0000000001","ALTFILE":"/Users/bbsymphony/Workspace/controlRoom/trunk/controlRoom_server/server/alerts/EDI_ASN_Duplicate_Invoice_Weekly.json","ALTSUBJECT":"[ASN0000000001] Alert report","ALTCONTENT":"Duplicate ASN/EDI invoice received by Kleinschmeidt refrain the stores to process the whole batch id associated.","ALTEMAIL":"ahmed.benamrouche@bbsymphony.com","ALTMOBILE":"(678)9863021"}]
7/12/2019 11:25:7 1: 1 Object(s) returned... [FETCH]
7/12/2019 11:45:24 1: BEGIN PKREQUESTMANAGER.CALLQUERY(1,'NOT0000001','abe','{HEINENS_CEN_UAT}', '{ASN0000000001}','{HN}', :cursor); END;
7/12/2019 11:45:26 1: [{"ALTID":"ASN0000000001","ALTQUERY":"ASN0000000001","ALTFILE":"/Users/bbsymphony/Workspace/controlRoom/trunk/controlRoom_server/server/alerts/EDI_ASN_Duplicate_Invoice_Weekly.json","ALTSUBJECT":"[ASN0000000001] Alert report","ALTCONTENT":"Duplicate ASN/EDI invoice received by Kleinschmeidt refrain the stores to process the whole batch id associated.","ALTEMAIL":"ahmed.benamrouche@bbsymphony.com","ALTMOBILE":"(678)9863021"}]
7/12/2019 11:45:26 1: 1 Object(s) returned... [FETCH]
7/12/2019 11:47:54 1: BEGIN PKREQUESTMANAGER.CALLQUERY(1,'NOT0000001','abe','{HEINENS_CEN_UAT}', '{ASN0000000001}','{HN}', :cursor); END;
7/12/2019 11:47:55 1: [{"ALTID":"ASN0000000001","ALTQUERY":"ASN0000000001","ALTFILE":"/Users/bbsymphony/Workspace/controlRoom/trunk/controlRoom_server/server/alerts/EDI_ASN_Duplicate_Invoice_Weekly.json","ALTSUBJECT":"[ASN0000000001] Alert report","ALTCONTENT":"Duplicate ASN/EDI invoice received by Kleinschmeidt refrain the stores to process the whole batch id associated.","ALTEMAIL":"ahmed.benamrouche@bbsymphony.com","ALTMOBILE":"(678)9863021"}]
7/12/2019 11:47:55 1: 1 Object(s) returned... [FETCH]
7/12/2019 11:48:36 1: BEGIN PKREQUESTMANAGER.CALLQUERY(1,'NOT0000001','abe','{HEINENS_CEN_UAT}', '{ASN0000000001}','{HN}', :cursor); END;
7/12/2019 11:48:38 1: [{"ALTID":"ASN0000000001","ALTQUERY":"ASN0000000001","ALTFILE":"/Users/bbsymphony/Workspace/controlRoom/trunk/controlRoom_server/server/alerts/EDI_ASN_Duplicate_Invoice_Weekly.json","ALTSUBJECT":"[ASN0000000001] Alert report","ALTCONTENT":"Duplicate ASN/EDI invoice received by Kleinschmeidt refrain the stores to process the whole batch id associated.","ALTEMAIL":"ahmed.benamrouche@bbsymphony.com","ALTMOBILE":"(678)9863021"}]
7/12/2019 11:48:38 1: 1 Object(s) returned... [FETCH]
7/12/2019 11:49:51 1: BEGIN PKREQUESTMANAGER.CALLQUERY(1,'NOT0000001','abe','{HEINENS_CEN_UAT}', '{ASN0000000001}','{HN}', :cursor); END;
7/12/2019 11:49:53 1: [{"ALTID":"ASN0000000001","ALTQUERY":"ASN0000000001","ALTFILE":"/Users/bbsymphony/Workspace/controlRoom/trunk/controlRoom_server/server/alerts/EDI_ASN_Duplicate_Invoice_Weekly.json","ALTSUBJECT":"[ASN0000000001] Alert report","ALTCONTENT":"Duplicate ASN/EDI invoice received by Kleinschmeidt refrain the stores to process the whole batch id associated.","ALTEMAIL":"ahmed.benamrouche@bbsymphony.com","ALTMOBILE":"(678)9863021"}]
7/12/2019 11:49:53 1: 1 Object(s) returned... [FETCH]
7/12/2019 11:50:35 1: BEGIN PKREQUESTMANAGER.CALLQUERY(1,'NOT0000001','abe','{HEINENS_CEN_UAT}', '{ASN0000000001}','{HN}', :cursor); END;
7/12/2019 11:50:36 1: [{"ALTID":"ASN0000000001","ALTQUERY":"ASN0000000001","ALTFILE":"/Users/bbsymphony/Workspace/controlRoom/trunk/controlRoom_server/server/alerts/EDI_ASN_Duplicate_Invoice_Weekly.json","ALTSUBJECT":"[ASN0000000001] Alert report","ALTCONTENT":"Duplicate ASN/EDI invoice received by Kleinschmeidt refrain the stores to process the whole batch id associated.","ALTEMAIL":"ahmed.benamrouche@bbsymphony.com","ALTMOBILE":"(678)9863021"}]
7/12/2019 11:50:36 1: 1 Object(s) returned... [FETCH]
7/12/2019 11:58:38 1: BEGIN PKREQUESTMANAGER.CALLQUERY(1,'NOT0000001','abe','{HEINENS_CEN_UAT}', '{ASN0000000001}','{HN}', :cursor); END;
7/12/2019 11:58:40 1: [{"ALTID":"ASN0000000001","ALTQUERY":"ASN0000000001","ALTFILE":"/Users/bbsymphony/Workspace/controlRoom/trunk/controlRoom_server/server/alerts/EDI_ASN_Duplicate_Invoice_Weekly.xml","ALTSUBJECT":"[ASN0000000001] Alert report","ALTCONTENT":"Duplicate ASN/EDI invoice received by Kleinschmeidt refrain the stores to process the whole batch id associated.","ALTEMAIL":"ahmed.benamrouche@bbsymphony.com","ALTMOBILE":"(678)9863021"}]
7/12/2019 11:58:40 1: 1 Object(s) returned... [FETCH]
7/12/2019 11:59:6 1: BEGIN PKREQUESTMANAGER.CALLQUERY(1,'NOT0000001','abe','{HEINENS_CEN_UAT}', '{ASN0000000001}','{HN}', :cursor); END;
7/12/2019 11:59:7 1: [{"ALTID":"ASN0000000001","ALTQUERY":"ASN0000000001","ALTFILE":"/Users/bbsymphony/Workspace/controlRoom/trunk/controlRoom_server/server/alerts/EDI_ASN_Duplicate_Invoice_Weekly.xml","ALTSUBJECT":"[ASN0000000001] Alert report","ALTCONTENT":"Duplicate ASN/EDI invoice received by Kleinschmeidt refrain the stores to process the whole batch id associated.","ALTEMAIL":"ahmed.benamrouche@bbsymphony.com","ALTMOBILE":"(678)9863021"}]
7/12/2019 11:59:7 1: 1 Object(s) returned... [FETCH]
7/12/2019 11:59:8 2: BEGIN PKREQUESTMANAGER.EXECUTEQUERY(2,'undefined','abe','{HEINENS_CEN_UAT}', 'undefined','{HN}', :cursor); END;
7/12/2019 11:59:9 2: [{"'EXECUTINGISSUE,CHECKDBMS_SQL.EXECUTERIGHTS.-900-ORA-00900:INVALIDSQLSTATEMENT'":"Executing issue, check DBMS_SQL.EXECUTE rights. -900-ORA-00900: invalid SQL statement"}]
7/12/2019 11:59:9 2: 1 Object(s) returned... [FETCH]
7/12/2019 12:1:8 1: BEGIN PKREQUESTMANAGER.CALLQUERY(1,'NOT0000001','abe','{HEINENS_CEN_UAT}', '{ASN0000000001}','{HN}', :cursor); END;
7/12/2019 12:1:9 1: [{"ALTID":"ASN0000000001","ALTQUERY":"ASN0000000001","ALTFILE":"/Users/bbsymphony/Workspace/controlRoom/trunk/controlRoom_server/server/alerts/EDI_ASN_Duplicate_Invoice_Weekly.xml","ALTSUBJECT":"[ASN0000000001] Alert report","ALTCONTENT":"Duplicate ASN/EDI invoice received by Kleinschmeidt refrain the stores to process the whole batch id associated.","ALTEMAIL":"ahmed.benamrouche@bbsymphony.com","ALTMOBILE":"(678)9863021"}]
7/12/2019 12:1:9 1: 1 Object(s) returned... [FETCH]
7/12/2019 12:1:9 2: BEGIN PKREQUESTMANAGER.EXECUTEQUERY(2,'undefined','abe','{HEINENS_CEN_UAT}', 'undefined','{HN}', :cursor); END;
7/12/2019 12:1:10 2: [{"'EXECUTINGISSUE,CHECKDBMS_SQL.EXECUTERIGHTS.-900-ORA-00900:INVALIDSQLSTATEMENT'":"Executing issue, check DBMS_SQL.EXECUTE rights. -900-ORA-00900: invalid SQL statement"}]
7/12/2019 12:1:10 2: 1 Object(s) returned... [FETCH]
7/12/2019 12:2:20 1: BEGIN PKREQUESTMANAGER.CALLQUERY(1,'NOT0000001','abe','{HEINENS_CEN_UAT}', '{ASN0000000001}','{HN}', :cursor); END;
7/12/2019 12:2:21 1: [{"ALTID":"ASN0000000001","ALTQUERY":"ASN0000000001","ALTFILE":"/Users/bbsymphony/Workspace/controlRoom/trunk/controlRoom_server/server/alerts/EDI_ASN_Duplicate_Invoice_Weekly.xml","ALTSUBJECT":"[ASN0000000001] Alert report","ALTCONTENT":"Duplicate ASN/EDI invoice received by Kleinschmeidt refrain the stores to process the whole batch id associated.","ALTEMAIL":"ahmed.benamrouche@bbsymphony.com","ALTMOBILE":"(678)9863021"}]
7/12/2019 12:2:21 1: 1 Object(s) returned... [FETCH]
7/12/2019 12:2:21 2: BEGIN PKREQUESTMANAGER.EXECUTEQUERY(2,'undefined','abe','{HEINENS_CEN_UAT}', 'undefined','{HN}', :cursor); END;
7/12/2019 12:2:23 2: [{"'EXECUTINGISSUE,CHECKDBMS_SQL.EXECUTERIGHTS.-900-ORA-00900:INVALIDSQLSTATEMENT'":"Executing issue, check DBMS_SQL.EXECUTE rights. -900-ORA-00900: invalid SQL statement"}]
7/12/2019 12:2:23 2: 1 Object(s) returned... [FETCH]
7/12/2019 12:7:5 1: BEGIN PKREQUESTMANAGER.CALLQUERY(1,'NOT0000001','abe','{HEINENS_CEN_UAT}', '{ASN0000000001}','{HN}', :cursor); END;
7/12/2019 12:7:6 1: [{"ALTID":"ASN0000000001","ALTQUERY":"ASN0000000001","ALTFILE":"/Users/bbsymphony/Workspace/controlRoom/trunk/controlRoom_server/server/alerts/EDI_ASN_Duplicate_Invoice_Weekly.xml","ALTSUBJECT":"[ASN0000000001] Alert report","ALTCONTENT":"Duplicate ASN/EDI invoice received by Kleinschmeidt refrain the stores to process the whole batch id associated.","ALTEMAIL":"ahmed.benamrouche@bbsymphony.com","ALTMOBILE":"(678)9863021"}]
7/12/2019 12:7:6 1: 1 Object(s) returned... [FETCH]
7/12/2019 12:7:6 2: BEGIN PKREQUESTMANAGER.EXECUTEQUERY(2,'undefined','abe','{HEINENS_CEN_UAT}', 'undefined','{HN}', :cursor); END;
7/12/2019 12:7:8 2: [{"'EXECUTINGISSUE,CHECKDBMS_SQL.EXECUTERIGHTS.-900-ORA-00900:INVALIDSQLSTATEMENT'":"Executing issue, check DBMS_SQL.EXECUTE rights. -900-ORA-00900: invalid SQL statement"}]
7/12/2019 12:7:8 2: 1 Object(s) returned... [FETCH]
7/12/2019 12:12:54 1: BEGIN PKREQUESTMANAGER.CALLQUERY(1,'NOT0000001','abe','{HEINENS_CEN_UAT}', '{ASN0000000001}','{HN}', :cursor); END;
7/12/2019 12:12:55 1: [{"ALTID":"ASN0000000001","ALTQUERY":"ASN0000000001","ALTFILE":"/Users/bbsymphony/Workspace/controlRoom/trunk/controlRoom_server/server/alerts/EDI_ASN_Duplicate_Invoice_Weekly.xml","ALTSUBJECT":"[ASN0000000001] Alert report","ALTCONTENT":"Duplicate ASN/EDI invoice received by Kleinschmeidt refrain the stores to process the whole batch id associated.","ALTEMAIL":"ahmed.benamrouche@bbsymphony.com","ALTMOBILE":"(678)9863021"}]
7/12/2019 12:12:55 1: 1 Object(s) returned... [FETCH]
7/12/2019 12:13:36 1: BEGIN PKREQUESTMANAGER.CALLQUERY(1,'NOT0000001','abe','{HEINENS_CEN_UAT}', '{ASN0000000001}','{HN}', :cursor); END;
7/12/2019 12:13:37 1: [{"ALTID":"ASN0000000001","ALTQUERY":"ASN0000000001","ALTFILE":"/Users/bbsymphony/Workspace/controlRoom/trunk/controlRoom_server/server/alerts/EDI_ASN_Duplicate_Invoice_Weekly.xml","ALTSUBJECT":"[ASN0000000001] Alert report","ALTCONTENT":"Duplicate ASN/EDI invoice received by Kleinschmeidt refrain the stores to process the whole batch id associated.","ALTEMAIL":"ahmed.benamrouche@bbsymphony.com","ALTMOBILE":"(678)9863021"}]
7/12/2019 12:13:37 1: 1 Object(s) returned... [FETCH]
7/12/2019 12:14:23 1: BEGIN PKREQUESTMANAGER.CALLQUERY(1,'NOT0000001','abe','{HEINENS_CEN_UAT}', '{ASN0000000001}','{HN}', :cursor); END;
7/12/2019 12:14:25 1: [{"ALTID":"ASN0000000001","ALTQUERY":"ASN0000000001","ALTFILE":"/Users/bbsymphony/Workspace/controlRoom/trunk/controlRoom_server/server/alerts/EDI_ASN_Duplicate_Invoice_Weekly.xml","ALTSUBJECT":"[ASN0000000001] Alert report","ALTCONTENT":"Duplicate ASN/EDI invoice received by Kleinschmeidt refrain the stores to process the whole batch id associated.","ALTEMAIL":"ahmed.benamrouche@bbsymphony.com","ALTMOBILE":"(678)9863021"}]
7/12/2019 12:14:25 1: 1 Object(s) returned... [FETCH]
7/12/2019 12:14:25 2: BEGIN PKREQUESTMANAGER.EXECUTEQUERY(2,' WITH DUP_INVOICE AS (
            SELECT "ImportBatchID",
                    "InvoiceDate",
                    "VendorDunsNumber",
                    "ShiptoDuns",
                    "InvoiceNumber",
                    "TotalInvoiceAmount",
                    "UnitsShipped",
                    "FileName",
                    COUNT(1)
                FROM vw_EDI894_HeaderInfo@Heinens_Custom_Prod
            WHERE "VendorDunsNumber" != ''
                AND "InvoiceNumber" != ''
            GROUP BY "InvoiceDate",
                        "VendorDunsNumber",
                        "InvoiceNumber",
                        "TotalInvoiceAmount",
                        "ImportBatchID",
                        "UnitsShipped",
                        "FileName",
                        "ShiptoDuns"
            HAVING COUNT(1) > 1)
            SELECT DISTINCT "ImportBatchID",
                    "InvoiceDate",
                    "VendorDunsNumber",
                    foucnuf "SupplierCode",
                    foulibl "SupplierDesc",
                    socsite "StoreNumber",
                    soclmag "StoreDesc",
                    "InvoiceNumber",
                    "TotalInvoiceAmount",
                    "UnitsShipped",
                    "FileName"
                FROM DUP_INVOICE,
                    foudgene@Heinens_Custom_Prod, 
                    fouadres@Heinens_Custom_Prod,
                    sitdgene@Heinens_Custom_Prod
            WHERE to_char(fadacci)=to_char("VendorDunsNumber")
                AND fadcfin=foucfin
                AND to_number(substr("ShiptoDuns",
                                LENGTH("ShiptoDuns") - 1,
                                length("ShiptoDuns"))) = socsite
            ORDER BY "InvoiceDate" DESC"
  ','abe','{HEINENS_CEN_UAT}', 'undefined','{HN}', :cursor); END;
7/12/2019 12:14:26 2: [{"'EXECUTINGISSUE,CHECKDBMS_SQL.EXECUTERIGHTS.-1740-ORA-01740:MISSINGDOUBLEQUOTEINIDENTIFIER'":"Executing issue, check DBMS_SQL.EXECUTE rights. -1740-ORA-01740: missing double quote in identifier"}]
7/12/2019 12:14:26 2: 1 Object(s) returned... [FETCH]
7/12/2019 12:15:49 3: BEGIN PKREQUESTMANAGER.CALLQUERY(3,'NOT0000001','abe','{HEINENS_CEN_UAT}', '{ASN0000000001}','{HN}', :cursor); END;
7/12/2019 12:15:50 3: [{"ALTID":"ASN0000000001","ALTQUERY":"ASN0000000001","ALTFILE":"/Users/bbsymphony/Workspace/controlRoom/trunk/controlRoom_server/server/alerts/EDI_ASN_Duplicate_Invoice_Weekly.xml","ALTSUBJECT":"[ASN0000000001] Alert report","ALTCONTENT":"Duplicate ASN/EDI invoice received by Kleinschmeidt refrain the stores to process the whole batch id associated.","ALTEMAIL":"ahmed.benamrouche@bbsymphony.com","ALTMOBILE":"(678)9863021"}]
7/12/2019 12:15:50 3: 1 Object(s) returned... [FETCH]
7/12/2019 12:15:50 4: BEGIN PKREQUESTMANAGER.EXECUTEQUERY(4,' WITH DUP_INVOICE AS (
            SELECT "ImportBatchID",
                    "InvoiceDate",
                    "VendorDunsNumber",
                    "ShiptoDuns",
                    "InvoiceNumber",
                    "TotalInvoiceAmount",
                    "UnitsShipped",
                    "FileName",
                    COUNT(1)
                FROM vw_EDI894_HeaderInfo@Heinens_Custom_Prod
            WHERE "VendorDunsNumber" != ''
                AND "InvoiceNumber" != ''
            GROUP BY "InvoiceDate",
                        "VendorDunsNumber",
                        "InvoiceNumber",
                        "TotalInvoiceAmount",
                        "ImportBatchID",
                        "UnitsShipped",
                        "FileName",
                        "ShiptoDuns"
            HAVING COUNT(1) > 1)
            SELECT DISTINCT "ImportBatchID",
                    "InvoiceDate",
                    "VendorDunsNumber",
                    foucnuf "SupplierCode",
                    foulibl "SupplierDesc",
                    socsite "StoreNumber",
                    soclmag "StoreDesc",
                    "InvoiceNumber",
                    "TotalInvoiceAmount",
                    "UnitsShipped",
                    "FileName"
                FROM DUP_INVOICE,
                    foudgene@Heinens_Custom_Prod, 
                    fouadres@Heinens_Custom_Prod,
                    sitdgene@Heinens_Custom_Prod
            WHERE to_char(fadacci)=to_char("VendorDunsNumber")
                AND fadcfin=foucfin
                AND to_number(substr("ShiptoDuns",
                                LENGTH("ShiptoDuns") - 1,
                                length("ShiptoDuns"))) = socsite
            ORDER BY "InvoiceDate" DESC
  ','abe','{HEINENS_CEN_UAT}', 'undefined','{HN}', :cursor); END;
7/12/2019 12:27:6 4: 115 Object(s) returned... [FETCH]
7/12/2019 18:37:40 1: BEGIN PKREQUESTMANAGER.CALLQUERY(1,'NOT0000001','abe','{HEINENS_CEN_UAT}', '{ASN0000000001}','{HN}', :cursor); END;
7/12/2019 18:37:42 1: [{"ALTID":"ASN0000000001","ALTQUERY":"ASN0000000001","ALTFILE":"/Users/bbsymphony/Workspace/controlRoom/trunk/controlRoom_server/server/alerts/EDI_ASN_Duplicate_Invoice_Weekly.xml","ALTSUBJECT":"Duplicate Invoice from Kleinschmidt :(","ALTCONTENT":"Duplicate ASN/EDI invoice received by Kleinschmidt refrain the stores to process the whole batch id associated.","ALTEMAIL":"6789863021@tmomail.net"}]
7/12/2019 18:37:42 1: 1 Object(s) returned... [FETCH]
7/12/2019 18:37:42 2: BEGIN PKREQUESTMANAGER.EXECUTEQUERY(2,' WITH DUP_INVOICE AS (
            SELECT "ImportBatchID",
                    "InvoiceDate",
                    "VendorDunsNumber",
                    "ShiptoDuns",
                    "InvoiceNumber",
                    "TotalInvoiceAmount",
                    "UnitsShipped",
                    "FileName",
                    COUNT(1)
                FROM vw_EDI894_HeaderInfo@Heinens_Custom_Prod
            WHERE "VendorDunsNumber" != ''
                AND "InvoiceNumber" != ''
            GROUP BY "InvoiceDate",
                        "VendorDunsNumber",
                        "InvoiceNumber",
                        "TotalInvoiceAmount",
                        "ImportBatchID",
                        "UnitsShipped",
                        "FileName",
                        "ShiptoDuns"
            HAVING COUNT(1) > 1)
            SELECT DISTINCT "ImportBatchID",
                    "InvoiceDate",
                    "VendorDunsNumber",
                    foucnuf "SupplierCode",
                    foulibl "SupplierDesc",
                    socsite "StoreNumber",
                    soclmag "StoreDesc",
                    "InvoiceNumber",
                    "TotalInvoiceAmount",
                    "UnitsShipped",
                    "FileName"
                FROM DUP_INVOICE,
                    foudgene@Heinens_Custom_Prod, 
                    fouadres@Heinens_Custom_Prod,
                    sitdgene@Heinens_Custom_Prod
            WHERE to_char(fadacci)=to_char("VendorDunsNumber")
                AND fadcfin=foucfin
                AND to_number(substr("ShiptoDuns",
                                LENGTH("ShiptoDuns") - 1,
                                length("ShiptoDuns"))) = socsite
            ORDER BY "InvoiceDate" DESC
  ','abe','{HEINENS_CEN_UAT}', 'undefined','{HN}', :cursor); END;
7/12/2019 18:38:24 2: 115 Object(s) returned... [FETCH]
7/12/2019 18:39:29 1: BEGIN PKREQUESTMANAGER.CALLQUERY(1,'NOT0000001','abe','{HEINENS_CEN_UAT}', '{ASN0000000001}','{HN}', :cursor); END;
7/12/2019 18:39:30 1: [{"ALTID":"ASN0000000001","ALTQUERY":"ASN0000000001","ALTFILE":"/Users/bbsymphony/Workspace/controlRoom/trunk/controlRoom_server/server/alerts/EDI_ASN_Duplicate_Invoice_Weekly.xml","ALTSUBJECT":"Duplicate Invoice from Kleinschmidt :(","ALTCONTENT":"Duplicate ASN/EDI invoice received by Kleinschmidt refrain the stores to process the whole batch id associated.","ALTEMAIL":"6789863021@tmomail.net"}]
7/12/2019 18:39:30 1: 1 Object(s) returned... [FETCH]
7/12/2019 18:39:30 2: BEGIN PKREQUESTMANAGER.EXECUTEQUERY(2,' WITH DUP_INVOICE AS (
            SELECT "ImportBatchID",
                    "InvoiceDate",
                    "VendorDunsNumber",
                    "ShiptoDuns",
                    "InvoiceNumber",
                    "TotalInvoiceAmount",
                    "UnitsShipped",
                    "FileName",
                    COUNT(1)
                FROM vw_EDI894_HeaderInfo@Heinens_Custom_Prod
            WHERE "VendorDunsNumber" != ''
                AND "InvoiceNumber" != ''
            GROUP BY "InvoiceDate",
                        "VendorDunsNumber",
                        "InvoiceNumber",
                        "TotalInvoiceAmount",
                        "ImportBatchID",
                        "UnitsShipped",
                        "FileName",
                        "ShiptoDuns"
            HAVING COUNT(1) > 1)
            SELECT DISTINCT "ImportBatchID",
                    "InvoiceDate",
                    "VendorDunsNumber",
                    foucnuf "SupplierCode",
                    foulibl "SupplierDesc",
                    socsite "StoreNumber",
                    soclmag "StoreDesc",
                    "InvoiceNumber",
                    "TotalInvoiceAmount",
                    "UnitsShipped",
                    "FileName"
                FROM DUP_INVOICE,
                    foudgene@Heinens_Custom_Prod, 
                    fouadres@Heinens_Custom_Prod,
                    sitdgene@Heinens_Custom_Prod
            WHERE to_char(fadacci)=to_char("VendorDunsNumber")
                AND fadcfin=foucfin
                AND to_number(substr("ShiptoDuns",
                                LENGTH("ShiptoDuns") - 1,
                                length("ShiptoDuns"))) = socsite
            ORDER BY "InvoiceDate" DESC
  ','abe','{HEINENS_CEN_UAT}', 'undefined','{HN}', :cursor); END;
7/12/2019 18:40:14 2: 115 Object(s) returned... [FETCH]
