10/10/2017 4:47:12 42: ********* Resulset 2222 *********** : {"metaData":[{"name":"TOTAL"},{"name":"TRT"},{"name":"SITE"},{"name":"SOCLMAG"},{"name":"INVDATE"},{"name":"FILENAME"},{"name":"COMPANY"}]}
10/10/2017 4:47:14 45: ********* Resulset 2222 *********** : {"metaData":[{"name":"IETSITE"},{"name":"STEP"},{"name":"STEPLABEL"},{"name":"STATUS"},{"name":"UPDATE"}]}
10/10/2017 4:47:18 45: ********* Resulset 2222 *********** : {"metaData":[{"name":"STEP"},{"name":"UPC"},{"name":"SITE"},{"name":"ITEMDESC"},{"name":"ITEM"},{"name":"QTY"},{"name":"FILE"},{"name":"LINE"},{"name":"TRT"},{"name":"NERR"},{"name":"MESS"}]}
10/10/2017 4:47:20 45: ********* Resulset 2222 *********** : {"metaData":[{"name":"BATCHNAME"},{"name":"DATESTART"},{"name":"STARTAT"},{"name":"ENDAT"},{"name":"DURATION"},{"name":"PARAMETER"},{"name":"BATCHID"}]}
10/10/2017 4:47:30 45: ********* Resulset 2222 *********** : {"metaData":[{"name":"SITE"},{"name":"TMVT"},{"name":"DESC"},{"name":"ITEM"},{"name":"LV"},{"name":"ITEMDESC"},{"name":"QTY"},{"name":"CREATEDAT"},{"name":"UPDATEDAT"},{"name":"USER"}]}
10/10/2017 4:48:13 47: ********* Resulset 2222 *********** : {"metaData":[{"name":"TOTAL"},{"name":"TRT"},{"name":"SITE"},{"name":"SOCLMAG"},{"name":"INVDATE"},{"name":"FILENAME"},{"name":"COMPANY"}]}
10/10/2017 4:48:14 50: ********* Resulset 2222 *********** : {"metaData":[{"name":"IETSITE"},{"name":"STEP"},{"name":"STEPLABEL"},{"name":"STATUS"},{"name":"UPDATE"}]}
10/10/2017 4:48:18 50: ********* Resulset 2222 *********** : {"metaData":[{"name":"BATCHNAME"},{"name":"DATESTART"},{"name":"STARTAT"},{"name":"ENDAT"},{"name":"DURATION"},{"name":"PARAMETER"},{"name":"BATCHID"}]}
10/10/2017 4:48:19 50: ********* Resulset 2222 *********** : {"metaData":[{"name":"STEP"},{"name":"UPC"},{"name":"SITE"},{"name":"ITEMDESC"},{"name":"ITEM"},{"name":"QTY"},{"name":"FILE"},{"name":"LINE"},{"name":"TRT"},{"name":"NERR"},{"name":"MESS"}]}
10/10/2017 4:48:26 50: ********* Resulset 2222 *********** : {"metaData":[{"name":"SITE"},{"name":"TMVT"},{"name":"DESC"},{"name":"ITEM"},{"name":"LV"},{"name":"ITEMDESC"},{"name":"QTY"},{"name":"CREATEDAT"},{"name":"UPDATEDAT"},{"name":"USER"}]}
10/10/2017 4:48:42 52: ********* Resulset 2222 *********** : {"metaData":[{"name":"TOTAL"},{"name":"TRT"},{"name":"SITE"},{"name":"SOCLMAG"},{"name":"INVDATE"},{"name":"FILENAME"},{"name":"COMPANY"}]}
10/10/2017 4:48:43 55: ********* Resulset 2222 *********** : {"metaData":[{"name":"IETSITE"},{"name":"STEP"},{"name":"STEPLABEL"},{"name":"STATUS"},{"name":"UPDATE"}]}
10/10/2017 4:48:47 55: ********* Resulset 2222 *********** : {"metaData":[{"name":"BATCHNAME"},{"name":"DATESTART"},{"name":"STARTAT"},{"name":"ENDAT"},{"name":"DURATION"},{"name":"PARAMETER"},{"name":"BATCHID"}]}
10/10/2017 4:48:48 55: ********* Resulset 2222 *********** : {"metaData":[{"name":"STEP"},{"name":"UPC"},{"name":"SITE"},{"name":"ITEMDESC"},{"name":"ITEM"},{"name":"QTY"},{"name":"FILE"},{"name":"LINE"},{"name":"TRT"},{"name":"NERR"},{"name":"MESS"}]}
10/10/2017 4:48:55 55: ********* Resulset 2222 *********** : {"metaData":[{"name":"SITE"},{"name":"TMVT"},{"name":"DESC"},{"name":"ITEM"},{"name":"LV"},{"name":"ITEMDESC"},{"name":"QTY"},{"name":"CREATEDAT"},{"name":"UPDATEDAT"},{"name":"USER"}]}
10/10/2017 5:37:7 57: ********* Resulset 2222 *********** : {"metaData":[{"name":"TOTAL"},{"name":"TRT"},{"name":"SITE"},{"name":"SOCLMAG"},{"name":"INVDATE"},{"name":"FILENAME"},{"name":"COMPANY"}]}
10/10/2017 5:37:10 60: ********* Resulset 2222 *********** : {"metaData":[{"name":"IETSITE"},{"name":"STEP"},{"name":"STEPLABEL"},{"name":"STATUS"},{"name":"UPDATE"}]}
10/10/2017 5:37:13 60: ********* Resulset 2222 *********** : {"metaData":[{"name":"STEP"},{"name":"UPC"},{"name":"SITE"},{"name":"ITEMDESC"},{"name":"ITEM"},{"name":"QTY"},{"name":"FILE"},{"name":"LINE"},{"name":"TRT"},{"name":"NERR"},{"name":"MESS"}]}
10/10/2017 5:37:16 60: ********* Resulset 2222 *********** : {"metaData":[{"name":"BATCHNAME"},{"name":"DATESTART"},{"name":"STARTAT"},{"name":"ENDAT"},{"name":"DURATION"},{"name":"PARAMETER"},{"name":"BATCHID"}]}
10/10/2017 5:37:25 60: ********* Resulset 2222 *********** : {"metaData":[{"name":"SITE"},{"name":"TMVT"},{"name":"DESC"},{"name":"ITEM"},{"name":"LV"},{"name":"ITEMDESC"},{"name":"QTY"},{"name":"CREATEDAT"},{"name":"UPDATEDAT"},{"name":"USER"}]}
10/10/2017 5:37:51 62: ********* Resulset 2222 *********** : {"metaData":[{"name":"TOTAL"},{"name":"TRT"},{"name":"SITE"},{"name":"SOCLMAG"},{"name":"INVDATE"},{"name":"FILENAME"},{"name":"COMPANY"}]}
10/10/2017 5:37:52 65: ********* Resulset 2222 *********** : {"metaData":[{"name":"IETSITE"},{"name":"STEP"},{"name":"STEPLABEL"},{"name":"STATUS"},{"name":"UPDATE"}]}
10/10/2017 5:37:56 65: ********* Resulset 2222 *********** : {"metaData":[{"name":"BATCHNAME"},{"name":"DATESTART"},{"name":"STARTAT"},{"name":"ENDAT"},{"name":"DURATION"},{"name":"PARAMETER"},{"name":"BATCHID"}]}
10/10/2017 5:37:56 65: ********* Resulset 2222 *********** : {"metaData":[{"name":"STEP"},{"name":"UPC"},{"name":"SITE"},{"name":"ITEMDESC"},{"name":"ITEM"},{"name":"QTY"},{"name":"FILE"},{"name":"LINE"},{"name":"TRT"},{"name":"NERR"},{"name":"MESS"}]}
10/10/2017 5:38:2 65: ********* Resulset 2222 *********** : {"metaData":[{"name":"SITE"},{"name":"TMVT"},{"name":"DESC"},{"name":"ITEM"},{"name":"LV"},{"name":"ITEMDESC"},{"name":"QTY"},{"name":"CREATEDAT"},{"name":"UPDATEDAT"},{"name":"USER"}]}
10/10/2017 5:39:5 67: ********* Resulset 2222 *********** : {"metaData":[{"name":"TOTAL"},{"name":"TRT"},{"name":"SITE"},{"name":"SOCLMAG"},{"name":"INVDATE"},{"name":"FILENAME"},{"name":"COMPANY"}]}
10/10/2017 5:39:7 70: ********* Resulset 2222 *********** : {"metaData":[{"name":"IETSITE"},{"name":"STEP"},{"name":"STEPLABEL"},{"name":"STATUS"},{"name":"UPDATE"}]}
10/10/2017 5:39:11 70: ********* Resulset 2222 *********** : {"metaData":[{"name":"BATCHNAME"},{"name":"DATESTART"},{"name":"STARTAT"},{"name":"ENDAT"},{"name":"DURATION"},{"name":"PARAMETER"},{"name":"BATCHID"}]}
10/10/2017 5:39:12 70: ********* Resulset 2222 *********** : {"metaData":[{"name":"STEP"},{"name":"UPC"},{"name":"SITE"},{"name":"ITEMDESC"},{"name":"ITEM"},{"name":"QTY"},{"name":"FILE"},{"name":"LINE"},{"name":"TRT"},{"name":"NERR"},{"name":"MESS"}]}
10/10/2017 5:39:18 70: ********* Resulset 2222 *********** : {"metaData":[{"name":"SITE"},{"name":"TMVT"},{"name":"DESC"},{"name":"ITEM"},{"name":"LV"},{"name":"ITEMDESC"},{"name":"QTY"},{"name":"CREATEDAT"},{"name":"UPDATEDAT"},{"name":"USER"}]}
10/10/2017 6:59:16 72: ********* Resulset 2222 *********** : {"metaData":[{"name":"TOTAL"},{"name":"TRT"},{"name":"SITE"},{"name":"SOCLMAG"},{"name":"INVDATE"},{"name":"FILENAME"},{"name":"COMPANY"}]}
10/10/2017 6:59:18 75: ********* Resulset 2222 *********** : {"metaData":[{"name":"IETSITE"},{"name":"STEP"},{"name":"STEPLABEL"},{"name":"STATUS"},{"name":"UPDATE"}]}
10/10/2017 6:59:22 75: ********* Resulset 2222 *********** : {"metaData":[{"name":"STEP"},{"name":"UPC"},{"name":"SITE"},{"name":"ITEMDESC"},{"name":"ITEM"},{"name":"QTY"},{"name":"FILE"},{"name":"LINE"},{"name":"TRT"},{"name":"NERR"},{"name":"MESS"}]}
10/10/2017 6:59:26 75: ********* Resulset 2222 *********** : {"metaData":[{"name":"SITE"},{"name":"TMVT"},{"name":"DESC"},{"name":"ITEM"},{"name":"LV"},{"name":"ITEMDESC"},{"name":"QTY"},{"name":"CREATEDAT"},{"name":"UPDATEDAT"},{"name":"USER"}]}
10/10/2017 6:59:30 75: ********* Resulset 2222 *********** : {"metaData":[{"name":"BATCHNAME"},{"name":"DATESTART"},{"name":"STARTAT"},{"name":"ENDAT"},{"name":"DURATION"},{"name":"PARAMETER"},{"name":"BATCHID"}]}
10/10/2017 6:59:32 77: ********* Resulset 2222 *********** : {"metaData":[{"name":"IETSITE"},{"name":"STEP"},{"name":"STEPLABEL"},{"name":"STATUS"},{"name":"UPDATE"}]}
10/10/2017 6:59:35 77: ********* Resulset 2222 *********** : {"metaData":[{"name":"TOTAL"},{"name":"TRT"},{"name":"SITE"},{"name":"SOCLMAG"},{"name":"INVDATE"},{"name":"FILENAME"},{"name":"COMPANY"}]}
10/10/2017 6:59:41 80: ********* Resulset 2222 *********** : {"metaData":[{"name":"BATCHNAME"},{"name":"DATESTART"},{"name":"STARTAT"},{"name":"ENDAT"},{"name":"DURATION"},{"name":"PARAMETER"},{"name":"BATCHID"}]}
10/10/2017 6:59:43 80: ********* Resulset 2222 *********** : {"metaData":[{"name":"SITE"},{"name":"TMVT"},{"name":"DESC"},{"name":"ITEM"},{"name":"LV"},{"name":"ITEMDESC"},{"name":"QTY"},{"name":"CREATEDAT"},{"name":"UPDATEDAT"},{"name":"USER"}]}
10/10/2017 6:59:44 80: ********* Resulset 2222 *********** : {"metaData":[{"name":"STEP"},{"name":"UPC"},{"name":"SITE"},{"name":"ITEMDESC"},{"name":"ITEM"},{"name":"QTY"},{"name":"FILE"},{"name":"LINE"},{"name":"TRT"},{"name":"NERR"},{"name":"MESS"}]}
10/10/2017 7:0:24 82: ********* Resulset 2222 *********** : {"metaData":[{"name":"TOTAL"},{"name":"TRT"},{"name":"SITE"},{"name":"SOCLMAG"},{"name":"INVDATE"},{"name":"FILENAME"},{"name":"COMPANY"}]}
10/10/2017 7:0:24 82: ********* Resulset 2222 *********** : {"metaData":[{"name":"IETSITE"},{"name":"STEP"},{"name":"STEPLABEL"},{"name":"STATUS"},{"name":"UPDATE"}]}
10/10/2017 7:0:30 85: ********* Resulset 2222 *********** : {"metaData":[{"name":"STEP"},{"name":"UPC"},{"name":"SITE"},{"name":"ITEMDESC"},{"name":"ITEM"},{"name":"QTY"},{"name":"FILE"},{"name":"LINE"},{"name":"TRT"},{"name":"NERR"},{"name":"MESS"}]}
10/10/2017 7:0:31 85: ********* Resulset 2222 *********** : {"metaData":[{"name":"SITE"},{"name":"TMVT"},{"name":"DESC"},{"name":"ITEM"},{"name":"LV"},{"name":"ITEMDESC"},{"name":"QTY"},{"name":"CREATEDAT"},{"name":"UPDATEDAT"},{"name":"USER"}]}
10/10/2017 7:0:35 85: ********* Resulset 2222 *********** : {"metaData":[{"name":"BATCHNAME"},{"name":"DATESTART"},{"name":"STARTAT"},{"name":"ENDAT"},{"name":"DURATION"},{"name":"PARAMETER"},{"name":"BATCHID"}]}
