0 info it worked if it ends with ok
1 verbose cli [ '/usr/local/bin/node',
1 verbose cli   '/usr/local/bin/npm',
1 verbose cli   'start',
1 verbose cli   'server_admin.js',
1 verbose cli   'package.json',
1 verbose cli   'stats' ]
2 info using npm@3.10.9
3 info using node@v6.9.2
4 verbose run-script [ 'prestart', 'start', 'poststart' ]
5 info lifecycle ControlRoomAdminServer@1.0.0~prestart: ControlRoomAdminServer@1.0.0
6 silly lifecycle ControlRoomAdminServer@1.0.0~prestart: no script for prestart, continuing
7 info lifecycle ControlRoomAdminServer@1.0.0~start: ControlRoomAdminServer@1.0.0
8 verbose lifecycle ControlRoomAdminServer@1.0.0~start: unsafe-perm in lifecycle true
9 verbose lifecycle ControlRoomAdminServer@1.0.0~start: PATH: /usr/local/lib/node_modules/npm/bin/node-gyp-bin:/Users/bbsymphony/Workspace/controlRoom/server/node_modules/.bin:/usr/local/opt/jenv/shims:/usr/local/bin:/usr/bin:/bin:/usr/sbin:/sbin:/opt/X11/bin:/Applications/Wireshark.app/Contents/MacOS
10 verbose lifecycle ControlRoomAdminServer@1.0.0~start: CWD: /Users/bbsymphony/Workspace/controlRoom/server
11 silly lifecycle ControlRoomAdminServer@1.0.0~start: Args: [ '-c',
11 silly lifecycle   'tsc && concurrently "tsc -w" "lite-server"  "server_admin.js" "package.json" "stats"' ]
12 info lifecycle ControlRoomAdminServer@1.0.0~start: Failed to exec start script
13 verbose stack Error: ControlRoomAdminServer@1.0.0 start: `tsc && concurrently "tsc -w" "lite-server"  "server_admin.js" "package.json" "stats"`
13 verbose stack spawn ENOENT
13 verbose stack     at ChildProcess.<anonymous> (/usr/local/lib/node_modules/npm/lib/utils/spawn.js:33:16)
13 verbose stack     at emitTwo (events.js:106:13)
13 verbose stack     at ChildProcess.emit (events.js:191:7)
13 verbose stack     at maybeClose (internal/child_process.js:877:16)
13 verbose stack     at Process.ChildProcess._handle.onexit (internal/child_process.js:226:5)
14 verbose pkgid ControlRoomAdminServer@1.0.0
15 verbose cwd /Users/bbsymphony/Workspace/controlRoom/server
16 error Darwin 16.4.0
17 error argv "/usr/local/bin/node" "/usr/local/bin/npm" "start" "server_admin.js" "package.json" "stats"
18 error node v6.9.2
19 error npm  v3.10.9
20 error file sh
21 error code ELIFECYCLE
22 error errno ENOENT
23 error syscall spawn
24 error ControlRoomAdminServer@1.0.0 start: `tsc && concurrently "tsc -w" "lite-server"  "server_admin.js" "package.json" "stats"`
24 error spawn ENOENT
25 error Failed at the ControlRoomAdminServer@1.0.0 start script 'tsc && concurrently "tsc -w" "lite-server"  "server_admin.js" "package.json" "stats"'.
25 error Make sure you have the latest version of node.js and npm installed.
25 error If you do, this is most likely a problem with the ControlRoomAdminServer package,
25 error not with npm itself.
25 error Tell the author that this fails on your system:
25 error     tsc && concurrently "tsc -w" "lite-server"  "server_admin.js" "package.json" "stats"
25 error You can get information on how to open an issue for this project with:
25 error     npm bugs ControlRoomAdminServer
25 error Or if that isn't available, you can get their info via:
25 error     npm owner ls ControlRoomAdminServer
25 error There is likely additional logging output above.
26 verbose exit [ 1, true ]
