9/30/2018 10:34:19 1: LIBQUERY with Callback: 
9/30/2018 10:34:19 1: BEGIN PKREQUESTMANAGER.CALLQUERY(1,'ADM0000001','abe','{}', '{abe,abe}','{}', :cursor); END;
9/30/2018 10:34:20 1: 1 Object(s) returned... [FETCH]
9/30/2018 10:34:20 1: [object Object]
9/30/2018 10:34:20 1: {"metaData":[{"name":"USERID"},{"name":"USERFNAME"},{"name":"USERLNAME"},{"name":"USEREMAIL"},{"name":"USERMOBILE"}]}
9/30/2018 11:13:24 3: LIBQUERY with Callback: 
9/30/2018 11:13:24 3: BEGIN PKREQUESTMANAGER.CALLQUERY(3,'ADM0000001','abe','{}', '{abe,abe}','{}', :cursor); END;
9/30/2018 11:13:24 3: 1 Object(s) returned... [FETCH]
9/30/2018 11:13:24 3: [object Object]
9/30/2018 11:13:24 3: {"metaData":[{"name":"USERID"},{"name":"USERFNAME"},{"name":"USERLNAME"},{"name":"USEREMAIL"},{"name":"USERMOBILE"}]}
9/30/2018 11:13:35 4: LIBQUERY with Callback: 
9/30/2018 11:13:35 4: BEGIN PKREQUESTMANAGER.CALLQUERY(4,'ADM0000001','abe','{}', '{abe,abe}','{}', :cursor); END;
9/30/2018 11:13:35 4: 1 Object(s) returned... [FETCH]
9/30/2018 11:13:35 4: [object Object]
9/30/2018 11:13:35 4: {"metaData":[{"name":"USERID"},{"name":"USERFNAME"},{"name":"USERLNAME"},{"name":"USEREMAIL"},{"name":"USERMOBILE"}]}
9/30/2018 11:16:18 7: LIBQUERY with Callback: 
9/30/2018 11:16:18 7: BEGIN PKREQUESTMANAGER.CALLQUERY(7,'ADM0000001','abe','{}', '{abe,abe}','{}', :cursor); END;
9/30/2018 11:16:18 7: 1 Object(s) returned... [FETCH]
9/30/2018 11:16:18 7: [object Object]
9/30/2018 11:16:18 7: {"metaData":[{"name":"USERID"},{"name":"USERFNAME"},{"name":"USERLNAME"},{"name":"USEREMAIL"},{"name":"USERMOBILE"}]}
9/30/2018 11:25:47 10: LIBQUERY with Callback: 
9/30/2018 11:25:47 10: BEGIN PKREQUESTMANAGER.CALLQUERY(10,'ADM0000001','abe','{}', '{abe,abe}','{}', :cursor); END;
9/30/2018 11:25:47 10: 1 Object(s) returned... [FETCH]
9/30/2018 11:25:47 10: [object Object]
9/30/2018 11:25:47 10: {"metaData":[{"name":"USERID"},{"name":"USERFNAME"},{"name":"USERLNAME"},{"name":"USEREMAIL"},{"name":"USERMOBILE"}]}
9/30/2018 11:33:22 11: LIBQUERY with Callback: 
9/30/2018 11:33:22 11: BEGIN PKREQUESTMANAGER.CALLQUERY(11,'ADM0000001','abe','{}', '{abe,abe}','{}', :cursor); END;
9/30/2018 11:33:22 11: 1 Object(s) returned... [FETCH]
9/30/2018 11:33:22 11: [object Object]
9/30/2018 11:33:22 11: {"metaData":[{"name":"USERID"},{"name":"USERFNAME"},{"name":"USERLNAME"},{"name":"USEREMAIL"},{"name":"USERMOBILE"}]}
9/30/2018 11:34:1 12: LIBQUERY with Callback: 
9/30/2018 11:34:1 12: BEGIN PKREQUESTMANAGER.CALLQUERY(12,'ADM0000001','abe','{}', '{abe,abe}','{}', :cursor); END;
9/30/2018 11:34:1 12: 1 Object(s) returned... [FETCH]
9/30/2018 11:34:1 12: [object Object]
9/30/2018 11:34:1 12: {"metaData":[{"name":"USERID"},{"name":"USERFNAME"},{"name":"USERLNAME"},{"name":"USEREMAIL"},{"name":"USERMOBILE"}]}
9/30/2018 11:40:6 13: LIBQUERY with Callback: 
9/30/2018 11:40:6 13: BEGIN PKREQUESTMANAGER.CALLQUERY(13,'ADM0000001','abe','{}', '{abe,abe}','{}', :cursor); END;
9/30/2018 11:40:6 13: 1 Object(s) returned... [FETCH]
9/30/2018 11:40:6 13: [object Object]
9/30/2018 11:40:6 13: {"metaData":[{"name":"USERID"},{"name":"USERFNAME"},{"name":"USERLNAME"},{"name":"USEREMAIL"},{"name":"USERMOBILE"}]}
9/30/2018 11:43:35 14: LIBQUERY with Callback: 
9/30/2018 11:43:35 14: BEGIN PKREQUESTMANAGER.CALLQUERY(14,'ADM0000001','abe','{}', '{abe,abe}','{}', :cursor); END;
9/30/2018 11:43:35 14: 1 Object(s) returned... [FETCH]
9/30/2018 11:43:35 14: [object Object]
9/30/2018 11:43:35 14: {"metaData":[{"name":"USERID"},{"name":"USERFNAME"},{"name":"USERLNAME"},{"name":"USEREMAIL"},{"name":"USERMOBILE"}]}
9/30/2018 11:44:33 15: LIBQUERY with Callback: 
9/30/2018 11:44:33 15: BEGIN PKREQUESTMANAGER.CALLQUERY(15,'ADM0000001','abe','{}', '{abe,abe}','{}', :cursor); END;
9/30/2018 11:44:33 15: 1 Object(s) returned... [FETCH]
9/30/2018 11:44:33 15: [object Object]
9/30/2018 11:44:33 15: {"metaData":[{"name":"USERID"},{"name":"USERFNAME"},{"name":"USERLNAME"},{"name":"USEREMAIL"},{"name":"USERMOBILE"}]}
9/30/2018 11:45:22 16: LIBQUERY with Callback: 
9/30/2018 11:45:22 16: BEGIN PKREQUESTMANAGER.CALLQUERY(16,'ADM0000001','abe','{}', '{abe,abe}','{}', :cursor); END;
9/30/2018 11:45:22 16: 1 Object(s) returned... [FETCH]
9/30/2018 11:45:22 16: [object Object]
9/30/2018 11:45:22 16: {"metaData":[{"name":"USERID"},{"name":"USERFNAME"},{"name":"USERLNAME"},{"name":"USEREMAIL"},{"name":"USERMOBILE"}]}
9/30/2018 11:46:55 17: LIBQUERY with Callback: 
9/30/2018 11:46:55 17: BEGIN PKREQUESTMANAGER.CALLQUERY(17,'ADM0000001','abe','{}', '{abe,abe}','{}', :cursor); END;
9/30/2018 11:46:55 17: 1 Object(s) returned... [FETCH]
9/30/2018 11:46:55 17: [object Object]
9/30/2018 11:46:55 17: {"metaData":[{"name":"USERID"},{"name":"USERFNAME"},{"name":"USERLNAME"},{"name":"USEREMAIL"},{"name":"USERMOBILE"}]}
9/30/2018 11:48:35 18: LIBQUERY with Callback: 
9/30/2018 11:48:35 18: BEGIN PKREQUESTMANAGER.CALLQUERY(18,'ADM0000001','abe','{}', '{abe,abe}','{}', :cursor); END;
9/30/2018 11:48:35 18: 1 Object(s) returned... [FETCH]
9/30/2018 11:48:35 18: [object Object]
9/30/2018 11:48:35 18: {"metaData":[{"name":"USERID"},{"name":"USERFNAME"},{"name":"USERLNAME"},{"name":"USEREMAIL"},{"name":"USERMOBILE"}]}
9/30/2018 11:49:7 19: LIBQUERY with Callback: 
9/30/2018 11:49:7 19: BEGIN PKREQUESTMANAGER.CALLQUERY(19,'ADM0000001','abe','{}', '{abe,abe}','{}', :cursor); END;
9/30/2018 11:49:7 19: 1 Object(s) returned... [FETCH]
9/30/2018 11:49:7 19: [object Object]
9/30/2018 11:49:7 19: {"metaData":[{"name":"USERID"},{"name":"USERFNAME"},{"name":"USERLNAME"},{"name":"USEREMAIL"},{"name":"USERMOBILE"}]}
9/30/2018 11:51:38 20: LIBQUERY with Callback: 
9/30/2018 11:51:38 20: BEGIN PKREQUESTMANAGER.CALLQUERY(20,'ADM0000001','abe','{}', '{abe,abe}','{}', :cursor); END;
9/30/2018 11:51:38 20: 1 Object(s) returned... [FETCH]
9/30/2018 11:51:38 20: [object Object]
9/30/2018 11:51:38 20: {"metaData":[{"name":"USERID"},{"name":"USERFNAME"},{"name":"USERLNAME"},{"name":"USEREMAIL"},{"name":"USERMOBILE"}]}
9/30/2018 11:52:20 21: LIBQUERY with Callback: 
9/30/2018 11:52:20 21: BEGIN PKREQUESTMANAGER.CALLQUERY(21,'ADM0000001','abe','{}', '{abe,abe}','{}', :cursor); END;
9/30/2018 11:52:20 21: 1 Object(s) returned... [FETCH]
9/30/2018 11:52:20 21: [object Object]
9/30/2018 11:52:20 21: {"metaData":[{"name":"USERID"},{"name":"USERFNAME"},{"name":"USERLNAME"},{"name":"USEREMAIL"},{"name":"USERMOBILE"}]}
9/30/2018 11:53:7 1: LIBQUERY with Callback: 
9/30/2018 11:53:7 1: BEGIN PKREQUESTMANAGER.CALLQUERY(1,'ADM0000001','abe','{}', '{abe,abe}','{}', :cursor); END;
9/30/2018 11:53:7 1: 1 Object(s) returned... [FETCH]
9/30/2018 11:53:7 1: [object Object]
9/30/2018 11:53:7 1: {"metaData":[{"name":"USERID"},{"name":"USERFNAME"},{"name":"USERLNAME"},{"name":"USEREMAIL"},{"name":"USERMOBILE"}]}
9/30/2018 11:54:21 2: LIBQUERY with Callback: 
9/30/2018 11:54:21 2: BEGIN PKREQUESTMANAGER.CALLQUERY(2,'ADM0000001','abe','{}', '{abe,abe}','{}', :cursor); END;
9/30/2018 11:54:21 2: 1 Object(s) returned... [FETCH]
9/30/2018 11:54:21 2: [object Object]
9/30/2018 11:54:21 2: {"metaData":[{"name":"USERID"},{"name":"USERFNAME"},{"name":"USERLNAME"},{"name":"USEREMAIL"},{"name":"USERMOBILE"}]}
9/30/2018 11:55:2 3: LIBQUERY with Callback: 
9/30/2018 11:55:2 3: BEGIN PKREQUESTMANAGER.CALLQUERY(3,'ADM0000001','abe','{}', '{abe,abe}','{}', :cursor); END;
9/30/2018 11:55:2 3: 1 Object(s) returned... [FETCH]
9/30/2018 11:55:2 3: [object Object]
9/30/2018 11:55:2 3: {"metaData":[{"name":"USERID"},{"name":"USERFNAME"},{"name":"USERLNAME"},{"name":"USEREMAIL"},{"name":"USERMOBILE"}]}
9/30/2018 11:56:11 4: LIBQUERY with Callback: 
9/30/2018 11:56:11 4: BEGIN PKREQUESTMANAGER.CALLQUERY(4,'ADM0000001','abe','{}', '{abe,abe}','{}', :cursor); END;
9/30/2018 11:56:11 4: 1 Object(s) returned... [FETCH]
9/30/2018 11:56:11 4: [object Object]
9/30/2018 11:56:11 4: {"metaData":[{"name":"USERID"},{"name":"USERFNAME"},{"name":"USERLNAME"},{"name":"USEREMAIL"},{"name":"USERMOBILE"}]}
9/30/2018 11:58:15 5: LIBQUERY with Callback: 
9/30/2018 11:58:15 5: BEGIN PKREQUESTMANAGER.CALLQUERY(5,'ADM0000001','abe','{}', '{abe,abe}','{}', :cursor); END;
9/30/2018 11:58:15 5: 1 Object(s) returned... [FETCH]
9/30/2018 11:58:15 5: [object Object]
9/30/2018 11:58:15 5: {"metaData":[{"name":"USERID"},{"name":"USERFNAME"},{"name":"USERLNAME"},{"name":"USEREMAIL"},{"name":"USERMOBILE"}]}
9/30/2018 12:0:53 6: LIBQUERY with Callback: 
9/30/2018 12:0:53 6: BEGIN PKREQUESTMANAGER.CALLQUERY(6,'ADM0000001','abe','{}', '{abe,abe}','{}', :cursor); END;
9/30/2018 12:0:53 6: 1 Object(s) returned... [FETCH]
9/30/2018 12:0:53 6: [object Object]
9/30/2018 12:0:53 6: {"metaData":[{"name":"USERID"},{"name":"USERFNAME"},{"name":"USERLNAME"},{"name":"USEREMAIL"},{"name":"USERMOBILE"}]}
9/30/2018 12:3:1 7: LIBQUERY with Callback: 
9/30/2018 12:3:1 7: BEGIN PKREQUESTMANAGER.CALLQUERY(7,'ADM0000001','abe','{}', '{abe,abe}','{}', :cursor); END;
9/30/2018 12:3:1 7: 1 Object(s) returned... [FETCH]
9/30/2018 12:3:1 7: [object Object]
9/30/2018 12:3:1 7: {"metaData":[{"name":"USERID"},{"name":"USERFNAME"},{"name":"USERLNAME"},{"name":"USEREMAIL"},{"name":"USERMOBILE"}]}
9/30/2018 12:3:48 8: LIBQUERY with Callback: 
9/30/2018 12:3:48 8: BEGIN PKREQUESTMANAGER.CALLQUERY(8,'ADM0000001','abe','{}', '{abe,abe}','{}', :cursor); END;
9/30/2018 12:3:49 8: 1 Object(s) returned... [FETCH]
9/30/2018 12:3:49 8: [object Object]
9/30/2018 12:3:49 8: {"metaData":[{"name":"USERID"},{"name":"USERFNAME"},{"name":"USERLNAME"},{"name":"USEREMAIL"},{"name":"USERMOBILE"}]}
9/30/2018 12:3:49 9: LIBQUERY with Callback: 
9/30/2018 12:3:49 9: BEGIN PKREQUESTMANAGER.CALLQUERY(9,'CLI0000003','abe','{}', '{abe}','{}', :cursor); END;
9/30/2018 12:3:49 9: 5 Object(s) returned... [FETCH]
9/30/2018 12:3:49 9: [object Object],[object Object],[object Object],[object Object],[object Object]
9/30/2018 12:3:49 9: {"metaData":[{"name":"LEVEL"},{"name":"ENVID"},{"name":"ENVCORPID"},{"name":"CORPSDESC"},{"name":"ENVCODE"},{"name":"ENVTYPE"},{"name":"ENVACTIVE"},{"name":"ENVSDESC"},{"name":"ENVLDESC"},{"name":"ENVDBTYPE"},{"name":"ENVIP"},{"name":"ENVPORT"},{"name":"ENVUSER"},{"name":"ENVPASSWORD"},{"name":"ENVSOURCE"},{"name":"ENVDBLINK"},{"name":"ENVDEFAULT"},{"name":"ENVDCRE"},{"name":"ENVDMAJ"},{"name":"ENVUTIL"},{"name":"ENVVERSION"},{"name":"ENVDEFLANG"},{"name":"CORPPIC"},{"name":"ENVVARINITSH"}]}
9/30/2018 12:4:16 10: LIBQUERY with Callback: 
9/30/2018 12:4:16 10: BEGIN PKREQUESTMANAGER.CALLQUERY(10,'ADM0000001','abe','{}', '{abe,abe}','{}', :cursor); END;
9/30/2018 12:4:16 10: 1 Object(s) returned... [FETCH]
9/30/2018 12:4:16 10: [object Object]
9/30/2018 12:4:16 10: {"metaData":[{"name":"USERID"},{"name":"USERFNAME"},{"name":"USERLNAME"},{"name":"USEREMAIL"},{"name":"USERMOBILE"}]}
9/30/2018 12:4:16 11: LIBQUERY with Callback: 
9/30/2018 12:4:16 11: BEGIN PKREQUESTMANAGER.CALLQUERY(11,'CLI0000003','abe','{}', '{abe}','{}', :cursor); END;
9/30/2018 12:4:16 11: 5 Object(s) returned... [FETCH]
9/30/2018 12:4:16 11: [object Object],[object Object],[object Object],[object Object],[object Object]
9/30/2018 12:4:16 11: {"metaData":[{"name":"LEVEL"},{"name":"ENVID"},{"name":"ENVCORPID"},{"name":"CORPSDESC"},{"name":"ENVCODE"},{"name":"ENVTYPE"},{"name":"ENVACTIVE"},{"name":"ENVSDESC"},{"name":"ENVLDESC"},{"name":"ENVDBTYPE"},{"name":"ENVIP"},{"name":"ENVPORT"},{"name":"ENVUSER"},{"name":"ENVPASSWORD"},{"name":"ENVSOURCE"},{"name":"ENVDBLINK"},{"name":"ENVDEFAULT"},{"name":"ENVDCRE"},{"name":"ENVDMAJ"},{"name":"ENVUTIL"},{"name":"ENVVERSION"},{"name":"ENVDEFLANG"},{"name":"CORPPIC"},{"name":"ENVVARINITSH"}]}
9/30/2018 12:7:31 12: LIBQUERY with Callback: 
9/30/2018 12:7:31 12: BEGIN PKREQUESTMANAGER.CALLQUERY(12,'ADM0000001','abe','{}', '{abe,abe}','{}', :cursor); END;
9/30/2018 12:7:31 12: 1 Object(s) returned... [FETCH]
9/30/2018 12:7:31 12: [object Object]
9/30/2018 12:7:31 12: {"metaData":[{"name":"USERID"},{"name":"USERFNAME"},{"name":"USERLNAME"},{"name":"USEREMAIL"},{"name":"USERMOBILE"}]}
9/30/2018 12:7:31 13: LIBQUERY with Callback: 
9/30/2018 12:7:31 13: BEGIN PKREQUESTMANAGER.CALLQUERY(13,'CLI0000003','abe','{}', '{abe}','{}', :cursor); END;
9/30/2018 12:7:31 13: 5 Object(s) returned... [FETCH]
9/30/2018 12:7:31 13: [object Object],[object Object],[object Object],[object Object],[object Object]
9/30/2018 12:7:31 13: {"metaData":[{"name":"LEVEL"},{"name":"ENVID"},{"name":"ENVCORPID"},{"name":"CORPSDESC"},{"name":"ENVCODE"},{"name":"ENVTYPE"},{"name":"ENVACTIVE"},{"name":"ENVSDESC"},{"name":"ENVLDESC"},{"name":"ENVDBTYPE"},{"name":"ENVIP"},{"name":"ENVPORT"},{"name":"ENVUSER"},{"name":"ENVPASSWORD"},{"name":"ENVSOURCE"},{"name":"ENVDBLINK"},{"name":"ENVDEFAULT"},{"name":"ENVDCRE"},{"name":"ENVDMAJ"},{"name":"ENVUTIL"},{"name":"ENVVERSION"},{"name":"ENVDEFLANG"},{"name":"CORPPIC"},{"name":"ENVVARINITSH"}]}
9/30/2018 12:7:53 14: LIBQUERY with Callback: 
9/30/2018 12:7:53 14: BEGIN PKREQUESTMANAGER.CALLQUERY(14,'ADM0000001','abe','{}', '{abe,abe}','{}', :cursor); END;
9/30/2018 12:7:53 14: 1 Object(s) returned... [FETCH]
9/30/2018 12:7:53 14: [object Object]
9/30/2018 12:7:53 14: {"metaData":[{"name":"USERID"},{"name":"USERFNAME"},{"name":"USERLNAME"},{"name":"USEREMAIL"},{"name":"USERMOBILE"}]}
9/30/2018 12:7:53 15: LIBQUERY with Callback: 
9/30/2018 12:7:53 15: BEGIN PKREQUESTMANAGER.CALLQUERY(15,'CLI0000003','abe','{}', '{abe}','{}', :cursor); END;
9/30/2018 12:7:53 15: 5 Object(s) returned... [FETCH]
9/30/2018 12:7:53 15: [object Object],[object Object],[object Object],[object Object],[object Object]
9/30/2018 12:7:53 15: {"metaData":[{"name":"LEVEL"},{"name":"ENVID"},{"name":"ENVCORPID"},{"name":"CORPSDESC"},{"name":"ENVCODE"},{"name":"ENVTYPE"},{"name":"ENVACTIVE"},{"name":"ENVSDESC"},{"name":"ENVLDESC"},{"name":"ENVDBTYPE"},{"name":"ENVIP"},{"name":"ENVPORT"},{"name":"ENVUSER"},{"name":"ENVPASSWORD"},{"name":"ENVSOURCE"},{"name":"ENVDBLINK"},{"name":"ENVDEFAULT"},{"name":"ENVDCRE"},{"name":"ENVDMAJ"},{"name":"ENVUTIL"},{"name":"ENVVERSION"},{"name":"ENVDEFLANG"},{"name":"CORPPIC"},{"name":"ENVVARINITSH"}]}
9/30/2018 12:8:32 16: LIBQUERY with Callback: 
9/30/2018 12:8:32 16: BEGIN PKREQUESTMANAGER.CALLQUERY(16,'ADM0000001','abe','{}', '{abe,abe}','{}', :cursor); END;
9/30/2018 12:8:32 16: 1 Object(s) returned... [FETCH]
9/30/2018 12:8:32 16: [object Object]
9/30/2018 12:8:32 16: {"metaData":[{"name":"USERID"},{"name":"USERFNAME"},{"name":"USERLNAME"},{"name":"USEREMAIL"},{"name":"USERMOBILE"}]}
9/30/2018 12:9:51 1: LIBQUERY with Callback: 
9/30/2018 12:9:51 1: BEGIN PKREQUESTMANAGER.CALLQUERY(1,'ADM0000001','abe','{}', '{abe,abe}','{}', :cursor); END;
9/30/2018 12:9:51 1: 1 Object(s) returned... [FETCH]
9/30/2018 12:9:51 1: [object Object]
9/30/2018 12:9:51 1: {"metaData":[{"name":"USERID"},{"name":"USERFNAME"},{"name":"USERLNAME"},{"name":"USEREMAIL"},{"name":"USERMOBILE"}]}
9/30/2018 12:11:27 4: LIBQUERY with Callback: 
9/30/2018 12:11:27 4: BEGIN PKREQUESTMANAGER.CALLQUERY(4,'ADM0000001','abe','{}', '{abe,abe}','{}', :cursor); END;
9/30/2018 12:11:27 4: 1 Object(s) returned... [FETCH]
9/30/2018 12:11:27 4: [object Object]
9/30/2018 12:11:27 4: {"metaData":[{"name":"USERID"},{"name":"USERFNAME"},{"name":"USERLNAME"},{"name":"USEREMAIL"},{"name":"USERMOBILE"}]}
9/30/2018 12:13:2 7: LIBQUERY with Callback: 
9/30/2018 12:13:2 7: BEGIN PKREQUESTMANAGER.CALLQUERY(7,'ADM0000001','abe','{}', '{abe,abe}','{}', :cursor); END;
9/30/2018 12:13:3 7: 1 Object(s) returned... [FETCH]
9/30/2018 12:13:3 7: [object Object]
9/30/2018 12:13:3 7: {"metaData":[{"name":"USERID"},{"name":"USERFNAME"},{"name":"USERLNAME"},{"name":"USEREMAIL"},{"name":"USERMOBILE"}]}
9/30/2018 12:14:34 10: LIBQUERY with Callback: 
9/30/2018 12:14:34 10: BEGIN PKREQUESTMANAGER.CALLQUERY(10,'ADM0000001','abe','{}', '{abe,abe}','{}', :cursor); END;
9/30/2018 12:14:34 10: 1 Object(s) returned... [FETCH]
9/30/2018 12:14:34 10: [object Object]
9/30/2018 12:14:34 10: {"metaData":[{"name":"USERID"},{"name":"USERFNAME"},{"name":"USERLNAME"},{"name":"USEREMAIL"},{"name":"USERMOBILE"}]}
9/30/2018 12:15:33 13: LIBQUERY with Callback: 
9/30/2018 12:15:33 13: BEGIN PKREQUESTMANAGER.CALLQUERY(13,'ADM0000001','abe','{}', '{abe,abe}','{}', :cursor); END;
9/30/2018 12:15:33 13: 1 Object(s) returned... [FETCH]
9/30/2018 12:15:33 13: [object Object]
9/30/2018 12:15:33 13: {"metaData":[{"name":"USERID"},{"name":"USERFNAME"},{"name":"USERLNAME"},{"name":"USEREMAIL"},{"name":"USERMOBILE"}]}
9/30/2018 12:16:5 14: LIBQUERY with Callback: 
9/30/2018 12:16:5 14: BEGIN PKREQUESTMANAGER.CALLQUERY(14,'ADM0000001','abe','{}', '{abe,abe}','{}', :cursor); END;
9/30/2018 12:16:5 14: 1 Object(s) returned... [FETCH]
9/30/2018 12:16:5 14: [object Object]
9/30/2018 12:16:5 14: {"metaData":[{"name":"USERID"},{"name":"USERFNAME"},{"name":"USERLNAME"},{"name":"USEREMAIL"},{"name":"USERMOBILE"}]}
9/30/2018 12:16:5 15: LIBQUERY with Callback: 
9/30/2018 12:16:5 15: BEGIN PKREQUESTMANAGER.CALLQUERY(15,'CLI0000002','abe','{}', '{abe}','{}', :cursor); END;
9/30/2018 12:16:5 16: LIBQUERY with Callback: 
9/30/2018 12:16:5 16: BEGIN PKREQUESTMANAGER.CALLQUERY(16,'CLI0000003','abe','{}', '{abe}','{}', :cursor); END;
9/30/2018 12:16:5 16: 1 Object(s) returned... [FETCH]
9/30/2018 12:16:5 16: [object Object]
9/30/2018 12:16:5 16: {"metaData":[{"name":"USERID"},{"name":"USERCORPID"},{"name":"USERPASS"},{"name":"USERAUTH"},{"name":"USERLANG"},{"name":"USERPROF"},{"name":"USERAPPLI"},{"name":"USERFNAME"},{"name":"USERLNAME"},{"name":"USEREMAIL"},{"name":"USERMOBILE"},{"name":"USERTEAM"},{"name":"USERACTIVE"},{"name":"USERDCRE"},{"name":"USERDMAJ"},{"name":"USERUTIL"},{"name":"USERTYPE"}]}
9/30/2018 12:16:5 16: 5 Object(s) returned... [FETCH]
9/30/2018 12:16:5 16: [object Object],[object Object],[object Object],[object Object],[object Object]
9/30/2018 12:16:5 16: {"metaData":[{"name":"LEVEL"},{"name":"ENVID"},{"name":"ENVCORPID"},{"name":"CORPSDESC"},{"name":"ENVCODE"},{"name":"ENVTYPE"},{"name":"ENVACTIVE"},{"name":"ENVSDESC"},{"name":"ENVLDESC"},{"name":"ENVDBTYPE"},{"name":"ENVIP"},{"name":"ENVPORT"},{"name":"ENVUSER"},{"name":"ENVPASSWORD"},{"name":"ENVSOURCE"},{"name":"ENVDBLINK"},{"name":"ENVDEFAULT"},{"name":"ENVDCRE"},{"name":"ENVDMAJ"},{"name":"ENVUTIL"},{"name":"ENVVERSION"},{"name":"ENVDEFLANG"},{"name":"CORPPIC"},{"name":"ENVVARINITSH"}]}
9/30/2018 21:52:11 17: LIBQUERY with Callback: 
9/30/2018 21:52:11 17: BEGIN PKREQUESTMANAGER.CALLQUERY(17,'ADM0000001','abe','{}', '{abe,abe}','{}', :cursor); END;
