9/30/2018 8:59:11 1: LIBQUERY with Callback: 
9/30/2018 8:59:11 1: BEGIN PKREQUESTMANAGER.CALLQUERY(1,'ADM0000001','undefined','{}', '{undefined,undefined}','{}', :cursor); END;
9/30/2018 8:59:13 1: 0 Object(s) returned... [FETCH] :)
9/30/2018 8:59:13 1: {"metaData":[{"name":"USERID"},{"name":"USERFNAME"},{"name":"USERLNAME"},{"name":"USEREMAIL"},{"name":"USERMOBILE"}]}
9/30/2018 9:1:8 1: LIBQUERY with Callback: 
9/30/2018 9:1:8 1: BEGIN PKREQUESTMANAGER.CALLQUERY(1,'ADM0000001','undefined','{}', '{undefined,undefined}','{}', :cursor); END;
9/30/2018 9:1:8 1: 0 Object(s) returned... [FETCH] :)
9/30/2018 9:1:8 1: {"metaData":[{"name":"USERID"},{"name":"USERFNAME"},{"name":"USERLNAME"},{"name":"USEREMAIL"},{"name":"USERMOBILE"}]}
9/30/2018 9:1:50 1: LIBQUERY with Callback: 
9/30/2018 9:1:50 1: BEGIN PKREQUESTMANAGER.CALLQUERY(1,'ADM0000001','undefined','{}', '{undefined,undefined}','{}', :cursor); END;
9/30/2018 9:1:50 1: 0 Object(s) returned... [FETCH] :)
9/30/2018 9:1:50 1: {"metaData":[{"name":"USERID"},{"name":"USERFNAME"},{"name":"USERLNAME"},{"name":"USEREMAIL"},{"name":"USERMOBILE"}]}
9/30/2018 9:5:28 2: LIBQUERY with Callback: 
9/30/2018 9:5:28 2: BEGIN PKREQUESTMANAGER.CALLQUERY(2,'ADM0000001','undefined','{}', '{undefined,undefined}','{}', :cursor); END;
9/30/2018 9:5:29 2: 0 Object(s) returned... [FETCH] :)
9/30/2018 9:5:29 2: {"metaData":[{"name":"USERID"},{"name":"USERFNAME"},{"name":"USERLNAME"},{"name":"USEREMAIL"},{"name":"USERMOBILE"}]}
9/30/2018 9:6:32 3: LIBQUERY with Callback: 
9/30/2018 9:6:32 3: BEGIN PKREQUESTMANAGER.CALLQUERY(3,'ADM0000001','undefined','{}', '{undefined,undefined}','{}', :cursor); END;
9/30/2018 9:6:33 3: 0 Object(s) returned... [FETCH] :)
9/30/2018 9:6:33 3: {"metaData":[{"name":"USERID"},{"name":"USERFNAME"},{"name":"USERLNAME"},{"name":"USEREMAIL"},{"name":"USERMOBILE"}]}
9/30/2018 9:14:22 4: LIBQUERY with Callback: 
9/30/2018 9:14:22 4: BEGIN PKREQUESTMANAGER.CALLQUERY(4,'ADM0000001','undefined','{}', '{undefined,undefined}','{}', :cursor); END;
9/30/2018 9:14:23 4: 0 Object(s) returned... [FETCH] :)
9/30/2018 9:14:23 4: {"metaData":[{"name":"USERID"},{"name":"USERFNAME"},{"name":"USERLNAME"},{"name":"USEREMAIL"},{"name":"USERMOBILE"}]}
9/30/2018 9:16:6 5: LIBQUERY with Callback: 
9/30/2018 9:16:6 5: BEGIN PKREQUESTMANAGER.CALLQUERY(5,'ADM0000001','undefined','{}', '{undefined,undefined}','{}', :cursor); END;
9/30/2018 9:16:9 5: 0 Object(s) returned... [FETCH] :)
9/30/2018 9:16:9 5: {"metaData":[{"name":"USERID"},{"name":"USERFNAME"},{"name":"USERLNAME"},{"name":"USEREMAIL"},{"name":"USERMOBILE"}]}
9/30/2018 9:18:43 6: LIBQUERY with Callback: 
9/30/2018 9:18:43 6: BEGIN PKREQUESTMANAGER.CALLQUERY(6,'ADM0000001','undefined','{}', '{undefined,undefined}','{}', :cursor); END;
9/30/2018 9:18:44 6: 0 Object(s) returned... [FETCH] :)
9/30/2018 9:18:44 6: {"metaData":[{"name":"USERID"},{"name":"USERFNAME"},{"name":"USERLNAME"},{"name":"USEREMAIL"},{"name":"USERMOBILE"}]}
9/30/2018 9:20:15 7: LIBQUERY with Callback: 
9/30/2018 9:20:15 7: BEGIN PKREQUESTMANAGER.CALLQUERY(7,'ADM0000001','undefined','{}', '{undefined,undefined}','{}', :cursor); END;
9/30/2018 9:20:15 7: 0 Object(s) returned... [FETCH] :)
9/30/2018 9:20:15 7: {"metaData":[{"name":"USERID"},{"name":"USERFNAME"},{"name":"USERLNAME"},{"name":"USEREMAIL"},{"name":"USERMOBILE"}]}
9/30/2018 10:23:16 1: LIBQUERY with Callback: 
9/30/2018 10:23:16 1: BEGIN PKREQUESTMANAGER.CALLQUERY(1,'ADM0000001','undefined','{}', '{undefined,undefined}','{}', :cursor); END;
9/30/2018 10:23:17 1: 0 Object(s) returned... [FETCH] :)
9/30/2018 10:23:17 1: {"metaData":[{"name":"USERID"},{"name":"USERFNAME"},{"name":"USERLNAME"},{"name":"USEREMAIL"},{"name":"USERMOBILE"}]}
9/30/2018 10:24:29 2: LIBQUERY with Callback: 
9/30/2018 10:24:29 2: BEGIN PKREQUESTMANAGER.CALLQUERY(2,'ADM0000001','undefined','{}', '{undefined,undefined}','{}', :cursor); END;
9/30/2018 10:24:30 2: 0 Object(s) returned... [FETCH] :)
9/30/2018 10:24:30 2: {"metaData":[{"name":"USERID"},{"name":"USERFNAME"},{"name":"USERLNAME"},{"name":"USEREMAIL"},{"name":"USERMOBILE"}]}
9/30/2018 10:35:12 2: LIBQUERY with Callback: 
9/30/2018 10:35:12 2: BEGIN PKREQUESTMANAGER.CALLQUERY(2,'ADM0000001','undefined','{}', '{undefined,undefined}','{}', :cursor); END;
9/30/2018 10:35:12 2: 0 Object(s) returned... [FETCH] :)
9/30/2018 10:35:12 2: {"metaData":[{"name":"USERID"},{"name":"USERFNAME"},{"name":"USERLNAME"},{"name":"USEREMAIL"},{"name":"USERMOBILE"}]}
9/30/2018 11:14:56 5: LIBQUERY with Callback: 
9/30/2018 11:14:56 5: BEGIN PKREQUESTMANAGER.CALLQUERY(5,'ADM0000001','undefined','{}', '{undefined,abe}','{}', :cursor); END;
9/30/2018 11:14:56 5: 0 Object(s) returned... [FETCH] :)
9/30/2018 11:14:56 5: {"metaData":[{"name":"USERID"},{"name":"USERFNAME"},{"name":"USERLNAME"},{"name":"USEREMAIL"},{"name":"USERMOBILE"}]}
9/30/2018 11:15:9 6: LIBQUERY with Callback: 
9/30/2018 11:15:9 6: BEGIN PKREQUESTMANAGER.CALLQUERY(6,'ADM0000001','undefined','{}', '{undefined,abe}','{}', :cursor); END;
9/30/2018 11:15:9 6: 0 Object(s) returned... [FETCH] :)
9/30/2018 11:15:9 6: {"metaData":[{"name":"USERID"},{"name":"USERFNAME"},{"name":"USERLNAME"},{"name":"USEREMAIL"},{"name":"USERMOBILE"}]}
9/30/2018 11:24:22 8: LIBQUERY with Callback: 
9/30/2018 11:24:22 8: BEGIN PKREQUESTMANAGER.CALLQUERY(8,'ADM0000001','undefined','{}', '{undefined,undefined}','{}', :cursor); END;
9/30/2018 11:24:22 8: 0 Object(s) returned... [FETCH] :)
9/30/2018 11:24:22 8: {"metaData":[{"name":"USERID"},{"name":"USERFNAME"},{"name":"USERLNAME"},{"name":"USEREMAIL"},{"name":"USERMOBILE"}]}
9/30/2018 11:25:11 9: LIBQUERY with Callback: 
9/30/2018 11:25:11 9: BEGIN PKREQUESTMANAGER.CALLQUERY(9,'ADM0000001','undefined','{}', '{undefined,undefined}','{}', :cursor); END;
9/30/2018 11:25:11 9: 0 Object(s) returned... [FETCH] :)
9/30/2018 11:25:11 9: {"metaData":[{"name":"USERID"},{"name":"USERFNAME"},{"name":"USERLNAME"},{"name":"USEREMAIL"},{"name":"USERMOBILE"}]}
9/30/2018 12:8:32 17: LIBQUERY with Callback: 
9/30/2018 12:8:32 17: BEGIN PKREQUESTMANAGER.CALLQUERY(17,'CLI0000003','undefined','{}', '{abe}','{}', :cursor); END;
9/30/2018 12:8:32 17: 0 Object(s) returned... [FETCH] :)
9/30/2018 12:8:32 17: {"metaData":[{"name":"LEVEL"},{"name":"ENVID"},{"name":"ENVCORPID"},{"name":"CORPSDESC"},{"name":"ENVCODE"},{"name":"ENVTYPE"},{"name":"ENVACTIVE"},{"name":"ENVSDESC"},{"name":"ENVLDESC"},{"name":"ENVDBTYPE"},{"name":"ENVIP"},{"name":"ENVPORT"},{"name":"ENVUSER"},{"name":"ENVPASSWORD"},{"name":"ENVSOURCE"},{"name":"ENVDBLINK"},{"name":"ENVDEFAULT"},{"name":"ENVDCRE"},{"name":"ENVDMAJ"},{"name":"ENVUTIL"},{"name":"ENVVERSION"},{"name":"ENVDEFLANG"},{"name":"CORPPIC"},{"name":"ENVVARINITSH"}]}
9/30/2018 12:9:51 2: LIBQUERY with Callback: 
9/30/2018 12:9:51 2: BEGIN PKREQUESTMANAGER.CALLQUERY(2,'CLI0000002','undefined','{}', '{abe}','{}', :cursor); END;
9/30/2018 12:9:51 3: LIBQUERY with Callback: 
9/30/2018 12:9:51 3: BEGIN PKREQUESTMANAGER.CALLQUERY(3,'CLI0000003','undefined','{}', '{abe}','{}', :cursor); END;
9/30/2018 12:9:51 3: 1 Object(s) returned... [FETCH]
9/30/2018 12:9:51 3: [object Object]
9/30/2018 12:9:51 3: {"metaData":[{"name":"USERID"},{"name":"USERCORPID"},{"name":"USERPASS"},{"name":"USERAUTH"},{"name":"USERLANG"},{"name":"USERPROF"},{"name":"USERAPPLI"},{"name":"USERFNAME"},{"name":"USERLNAME"},{"name":"USEREMAIL"},{"name":"USERMOBILE"},{"name":"USERTEAM"},{"name":"USERACTIVE"},{"name":"USERDCRE"},{"name":"USERDMAJ"},{"name":"USERUTIL"},{"name":"USERTYPE"}]}
9/30/2018 12:9:51 3: 0 Object(s) returned... [FETCH] :)
9/30/2018 12:9:51 3: {"metaData":[{"name":"LEVEL"},{"name":"ENVID"},{"name":"ENVCORPID"},{"name":"CORPSDESC"},{"name":"ENVCODE"},{"name":"ENVTYPE"},{"name":"ENVACTIVE"},{"name":"ENVSDESC"},{"name":"ENVLDESC"},{"name":"ENVDBTYPE"},{"name":"ENVIP"},{"name":"ENVPORT"},{"name":"ENVUSER"},{"name":"ENVPASSWORD"},{"name":"ENVSOURCE"},{"name":"ENVDBLINK"},{"name":"ENVDEFAULT"},{"name":"ENVDCRE"},{"name":"ENVDMAJ"},{"name":"ENVUTIL"},{"name":"ENVVERSION"},{"name":"ENVDEFLANG"},{"name":"CORPPIC"},{"name":"ENVVARINITSH"}]}
9/30/2018 12:11:27 5: LIBQUERY with Callback: 
9/30/2018 12:11:27 5: BEGIN PKREQUESTMANAGER.CALLQUERY(5,'CLI0000002','undefined','{}', '{abe}','{}', :cursor); END;
9/30/2018 12:11:27 6: LIBQUERY with Callback: 
9/30/2018 12:11:27 6: BEGIN PKREQUESTMANAGER.CALLQUERY(6,'CLI0000003','undefined','{}', '{abe}','{}', :cursor); END;
9/30/2018 12:11:27 6: 1 Object(s) returned... [FETCH]
9/30/2018 12:11:27 6: [object Object]
9/30/2018 12:11:27 6: {"metaData":[{"name":"USERID"},{"name":"USERCORPID"},{"name":"USERPASS"},{"name":"USERAUTH"},{"name":"USERLANG"},{"name":"USERPROF"},{"name":"USERAPPLI"},{"name":"USERFNAME"},{"name":"USERLNAME"},{"name":"USEREMAIL"},{"name":"USERMOBILE"},{"name":"USERTEAM"},{"name":"USERACTIVE"},{"name":"USERDCRE"},{"name":"USERDMAJ"},{"name":"USERUTIL"},{"name":"USERTYPE"}]}
9/30/2018 12:11:27 6: 0 Object(s) returned... [FETCH] :)
9/30/2018 12:11:27 6: {"metaData":[{"name":"LEVEL"},{"name":"ENVID"},{"name":"ENVCORPID"},{"name":"CORPSDESC"},{"name":"ENVCODE"},{"name":"ENVTYPE"},{"name":"ENVACTIVE"},{"name":"ENVSDESC"},{"name":"ENVLDESC"},{"name":"ENVDBTYPE"},{"name":"ENVIP"},{"name":"ENVPORT"},{"name":"ENVUSER"},{"name":"ENVPASSWORD"},{"name":"ENVSOURCE"},{"name":"ENVDBLINK"},{"name":"ENVDEFAULT"},{"name":"ENVDCRE"},{"name":"ENVDMAJ"},{"name":"ENVUTIL"},{"name":"ENVVERSION"},{"name":"ENVDEFLANG"},{"name":"CORPPIC"},{"name":"ENVVARINITSH"}]}
9/30/2018 12:13:3 8: LIBQUERY with Callback: 
9/30/2018 12:13:3 8: BEGIN PKREQUESTMANAGER.CALLQUERY(8,'CLI0000002','undefined','{}', '{abe}','{}', :cursor); END;
9/30/2018 12:13:3 9: LIBQUERY with Callback: 
9/30/2018 12:13:3 9: BEGIN PKREQUESTMANAGER.CALLQUERY(9,'CLI0000003','undefined','{}', '{abe}','{}', :cursor); END;
9/30/2018 12:13:3 9: 1 Object(s) returned... [FETCH]
9/30/2018 12:13:3 9: [object Object]
9/30/2018 12:13:3 9: {"metaData":[{"name":"USERID"},{"name":"USERCORPID"},{"name":"USERPASS"},{"name":"USERAUTH"},{"name":"USERLANG"},{"name":"USERPROF"},{"name":"USERAPPLI"},{"name":"USERFNAME"},{"name":"USERLNAME"},{"name":"USEREMAIL"},{"name":"USERMOBILE"},{"name":"USERTEAM"},{"name":"USERACTIVE"},{"name":"USERDCRE"},{"name":"USERDMAJ"},{"name":"USERUTIL"},{"name":"USERTYPE"}]}
9/30/2018 12:13:3 9: 0 Object(s) returned... [FETCH] :)
9/30/2018 12:13:3 9: {"metaData":[{"name":"LEVEL"},{"name":"ENVID"},{"name":"ENVCORPID"},{"name":"CORPSDESC"},{"name":"ENVCODE"},{"name":"ENVTYPE"},{"name":"ENVACTIVE"},{"name":"ENVSDESC"},{"name":"ENVLDESC"},{"name":"ENVDBTYPE"},{"name":"ENVIP"},{"name":"ENVPORT"},{"name":"ENVUSER"},{"name":"ENVPASSWORD"},{"name":"ENVSOURCE"},{"name":"ENVDBLINK"},{"name":"ENVDEFAULT"},{"name":"ENVDCRE"},{"name":"ENVDMAJ"},{"name":"ENVUTIL"},{"name":"ENVVERSION"},{"name":"ENVDEFLANG"},{"name":"CORPPIC"},{"name":"ENVVARINITSH"}]}
9/30/2018 12:14:34 11: LIBQUERY with Callback: 
9/30/2018 12:14:34 11: BEGIN PKREQUESTMANAGER.CALLQUERY(11,'CLI0000002','undefined','{}', '{abe}','{}', :cursor); END;
9/30/2018 12:14:34 12: LIBQUERY with Callback: 
9/30/2018 12:14:34 12: BEGIN PKREQUESTMANAGER.CALLQUERY(12,'CLI0000003','undefined','{}', '{abe}','{}', :cursor); END;
9/30/2018 12:14:34 12: 1 Object(s) returned... [FETCH]
9/30/2018 12:14:34 12: [object Object]
9/30/2018 12:14:34 12: {"metaData":[{"name":"USERID"},{"name":"USERCORPID"},{"name":"USERPASS"},{"name":"USERAUTH"},{"name":"USERLANG"},{"name":"USERPROF"},{"name":"USERAPPLI"},{"name":"USERFNAME"},{"name":"USERLNAME"},{"name":"USEREMAIL"},{"name":"USERMOBILE"},{"name":"USERTEAM"},{"name":"USERACTIVE"},{"name":"USERDCRE"},{"name":"USERDMAJ"},{"name":"USERUTIL"},{"name":"USERTYPE"}]}
9/30/2018 12:14:34 12: 0 Object(s) returned... [FETCH] :)
9/30/2018 12:14:34 12: {"metaData":[{"name":"LEVEL"},{"name":"ENVID"},{"name":"ENVCORPID"},{"name":"CORPSDESC"},{"name":"ENVCODE"},{"name":"ENVTYPE"},{"name":"ENVACTIVE"},{"name":"ENVSDESC"},{"name":"ENVLDESC"},{"name":"ENVDBTYPE"},{"name":"ENVIP"},{"name":"ENVPORT"},{"name":"ENVUSER"},{"name":"ENVPASSWORD"},{"name":"ENVSOURCE"},{"name":"ENVDBLINK"},{"name":"ENVDEFAULT"},{"name":"ENVDCRE"},{"name":"ENVDMAJ"},{"name":"ENVUTIL"},{"name":"ENVVERSION"},{"name":"ENVDEFLANG"},{"name":"CORPPIC"},{"name":"ENVVARINITSH"}]}
