10/21/2018 8:27:47 1: LIBQUERY with Callback: 
10/21/2018 8:27:47 1: BEGIN PKREQUESTMANAGER.CALLQUERY(1,'ADM0000001','abe','{}', '{abe,abe}','{}', :cursor); END;
10/21/2018 8:27:47 1: 1 Object(s) returned... [FETCH]
10/21/2018 8:27:47 1: [object Object]
10/21/2018 8:27:47 1: {"metaData":[{"name":"USERID"},{"name":"USERFNAME"},{"name":"USERLNAME"},{"name":"USEREMAIL"},{"name":"USERMOBILE"}]}
10/21/2018 8:27:48 2: LIBQUERY with Callback: 
10/21/2018 8:27:48 2: BEGIN PKREQUESTMANAGER.CALLQUERY(2,'CLI0000002','abe','{}', '{abe}','{}', :cursor); END;
10/21/2018 8:27:48 3: LIBQUERY with Callback: 
10/21/2018 8:27:48 3: BEGIN PKREQUESTMANAGER.CALLQUERY(3,'CLI0000003','abe','{}', '{abe}','{}', :cursor); END;
10/21/2018 8:27:48 2: 1 Object(s) returned... [FETCH]
10/21/2018 8:27:48 2: [object Object]
10/21/2018 8:27:48 2: {"metaData":[{"name":"USERID"},{"name":"USERCORPID"},{"name":"USERPASS"},{"name":"USERAUTH"},{"name":"USERLANG"},{"name":"USERPROF"},{"name":"USERAPPLI"},{"name":"USERFNAME"},{"name":"USERLNAME"},{"name":"USEREMAIL"},{"name":"USERMOBILE"},{"name":"USERTEAM"},{"name":"USERACTIVE"},{"name":"USERDCRE"},{"name":"USERDMAJ"},{"name":"USERUTIL"},{"name":"USERTYPE"}]}
10/21/2018 8:27:48 3: 5 Object(s) returned... [FETCH]
10/21/2018 8:27:48 3: [object Object],[object Object],[object Object],[object Object],[object Object]
10/21/2018 8:27:48 3: {"metaData":[{"name":"LEVEL"},{"name":"ENVID"},{"name":"ENVCORPID"},{"name":"CORPSDESC"},{"name":"ENVCODE"},{"name":"ENVTYPE"},{"name":"ENVACTIVE"},{"name":"ENVSDESC"},{"name":"ENVLDESC"},{"name":"ENVDBTYPE"},{"name":"ENVIP"},{"name":"ENVPORT"},{"name":"ENVUSER"},{"name":"ENVPASSWORD"},{"name":"ENVSOURCE"},{"name":"ENVDBLINK"},{"name":"ENVDEFAULT"},{"name":"ENVDCRE"},{"name":"ENVDMAJ"},{"name":"ENVUTIL"},{"name":"ENVVERSION"},{"name":"ENVDEFLANG"},{"name":"CORPPIC"},{"name":"ENVVARINITSH"}]}
10/21/2018 8:46:49 4: LIBQUERY with Callback: 
10/21/2018 8:46:49 4: BEGIN PKREQUESTMANAGER.CALLQUERY(4,'ADM0000001','abe','{}', '{abe,abe}','{}', :cursor); END;
10/21/2018 8:46:50 4: 1 Object(s) returned... [FETCH]
10/21/2018 8:46:50 4: [object Object]
10/21/2018 8:46:50 4: {"metaData":[{"name":"USERID"},{"name":"USERFNAME"},{"name":"USERLNAME"},{"name":"USEREMAIL"},{"name":"USERMOBILE"}]}
10/21/2018 8:46:51 5: LIBQUERY with Callback: 
10/21/2018 8:46:51 5: BEGIN PKREQUESTMANAGER.CALLQUERY(5,'CLI0000002','abe','{}', '{abe}','{}', :cursor); END;
10/21/2018 8:46:51 6: LIBQUERY with Callback: 
10/21/2018 8:46:51 6: BEGIN PKREQUESTMANAGER.CALLQUERY(6,'CLI0000003','abe','{}', '{abe}','{}', :cursor); END;
10/21/2018 8:46:51 6: 1 Object(s) returned... [FETCH]
10/21/2018 8:46:51 6: [object Object]
10/21/2018 8:46:51 6: {"metaData":[{"name":"USERID"},{"name":"USERCORPID"},{"name":"USERPASS"},{"name":"USERAUTH"},{"name":"USERLANG"},{"name":"USERPROF"},{"name":"USERAPPLI"},{"name":"USERFNAME"},{"name":"USERLNAME"},{"name":"USEREMAIL"},{"name":"USERMOBILE"},{"name":"USERTEAM"},{"name":"USERACTIVE"},{"name":"USERDCRE"},{"name":"USERDMAJ"},{"name":"USERUTIL"},{"name":"USERTYPE"}]}
10/21/2018 8:46:51 6: 5 Object(s) returned... [FETCH]
10/21/2018 8:46:51 6: [object Object],[object Object],[object Object],[object Object],[object Object]
10/21/2018 8:46:51 6: {"metaData":[{"name":"LEVEL"},{"name":"ENVID"},{"name":"ENVCORPID"},{"name":"CORPSDESC"},{"name":"ENVCODE"},{"name":"ENVTYPE"},{"name":"ENVACTIVE"},{"name":"ENVSDESC"},{"name":"ENVLDESC"},{"name":"ENVDBTYPE"},{"name":"ENVIP"},{"name":"ENVPORT"},{"name":"ENVUSER"},{"name":"ENVPASSWORD"},{"name":"ENVSOURCE"},{"name":"ENVDBLINK"},{"name":"ENVDEFAULT"},{"name":"ENVDCRE"},{"name":"ENVDMAJ"},{"name":"ENVUTIL"},{"name":"ENVVERSION"},{"name":"ENVDEFLANG"},{"name":"CORPPIC"},{"name":"ENVVARINITSH"}]}
10/21/2018 9:0:55 7: LIBQUERY with Callback: 
10/21/2018 9:0:55 7: BEGIN PKREQUESTMANAGER.CALLQUERY(7,'ADM0000001','abe','{}', '{abe,abe}','{}', :cursor); END;
10/21/2018 9:0:56 7: 1 Object(s) returned... [FETCH]
10/21/2018 9:0:56 7: [object Object]
10/21/2018 9:0:56 7: {"metaData":[{"name":"USERID"},{"name":"USERFNAME"},{"name":"USERLNAME"},{"name":"USEREMAIL"},{"name":"USERMOBILE"}]}
10/21/2018 9:0:56 8: LIBQUERY with Callback: 
10/21/2018 9:0:56 8: BEGIN PKREQUESTMANAGER.CALLQUERY(8,'CLI0000002','abe','{}', '{abe}','{}', :cursor); END;
10/21/2018 9:0:56 9: LIBQUERY with Callback: 
10/21/2018 9:0:56 9: BEGIN PKREQUESTMANAGER.CALLQUERY(9,'CLI0000003','abe','{}', '{abe}','{}', :cursor); END;
10/21/2018 9:0:56 9: 1 Object(s) returned... [FETCH]
10/21/2018 9:0:56 9: [object Object]
10/21/2018 9:0:56 9: {"metaData":[{"name":"USERID"},{"name":"USERCORPID"},{"name":"USERPASS"},{"name":"USERAUTH"},{"name":"USERLANG"},{"name":"USERPROF"},{"name":"USERAPPLI"},{"name":"USERFNAME"},{"name":"USERLNAME"},{"name":"USEREMAIL"},{"name":"USERMOBILE"},{"name":"USERTEAM"},{"name":"USERACTIVE"},{"name":"USERDCRE"},{"name":"USERDMAJ"},{"name":"USERUTIL"},{"name":"USERTYPE"}]}
10/21/2018 9:0:56 9: 5 Object(s) returned... [FETCH]
10/21/2018 9:0:56 9: [object Object],[object Object],[object Object],[object Object],[object Object]
10/21/2018 9:0:56 9: {"metaData":[{"name":"LEVEL"},{"name":"ENVID"},{"name":"ENVCORPID"},{"name":"CORPSDESC"},{"name":"ENVCODE"},{"name":"ENVTYPE"},{"name":"ENVACTIVE"},{"name":"ENVSDESC"},{"name":"ENVLDESC"},{"name":"ENVDBTYPE"},{"name":"ENVIP"},{"name":"ENVPORT"},{"name":"ENVUSER"},{"name":"ENVPASSWORD"},{"name":"ENVSOURCE"},{"name":"ENVDBLINK"},{"name":"ENVDEFAULT"},{"name":"ENVDCRE"},{"name":"ENVDMAJ"},{"name":"ENVUTIL"},{"name":"ENVVERSION"},{"name":"ENVDEFLANG"},{"name":"CORPPIC"},{"name":"ENVVARINITSH"}]}
10/21/2018 9:8:51 10: LIBQUERY with Callback: 
10/21/2018 9:8:51 10: BEGIN PKREQUESTMANAGER.CALLQUERY(10,'ADM0000001','abe','{}', '{abe,abe}','{}', :cursor); END;
10/21/2018 9:8:51 10: 1 Object(s) returned... [FETCH]
10/21/2018 9:8:51 10: [object Object]
10/21/2018 9:8:51 10: {"metaData":[{"name":"USERID"},{"name":"USERFNAME"},{"name":"USERLNAME"},{"name":"USEREMAIL"},{"name":"USERMOBILE"}]}
10/21/2018 9:8:51 11: LIBQUERY with Callback: 
10/21/2018 9:8:51 11: BEGIN PKREQUESTMANAGER.CALLQUERY(11,'CLI0000002','abe','{}', '{abe}','{}', :cursor); END;
10/21/2018 9:8:51 12: LIBQUERY with Callback: 
10/21/2018 9:8:51 12: BEGIN PKREQUESTMANAGER.CALLQUERY(12,'CLI0000003','abe','{}', '{abe}','{}', :cursor); END;
10/21/2018 9:8:51 12: 1 Object(s) returned... [FETCH]
10/21/2018 9:8:51 12: [object Object]
10/21/2018 9:8:51 12: {"metaData":[{"name":"USERID"},{"name":"USERCORPID"},{"name":"USERPASS"},{"name":"USERAUTH"},{"name":"USERLANG"},{"name":"USERPROF"},{"name":"USERAPPLI"},{"name":"USERFNAME"},{"name":"USERLNAME"},{"name":"USEREMAIL"},{"name":"USERMOBILE"},{"name":"USERTEAM"},{"name":"USERACTIVE"},{"name":"USERDCRE"},{"name":"USERDMAJ"},{"name":"USERUTIL"},{"name":"USERTYPE"}]}
10/21/2018 9:8:52 12: 5 Object(s) returned... [FETCH]
10/21/2018 9:8:52 12: [object Object],[object Object],[object Object],[object Object],[object Object]
10/21/2018 9:8:52 12: {"metaData":[{"name":"LEVEL"},{"name":"ENVID"},{"name":"ENVCORPID"},{"name":"CORPSDESC"},{"name":"ENVCODE"},{"name":"ENVTYPE"},{"name":"ENVACTIVE"},{"name":"ENVSDESC"},{"name":"ENVLDESC"},{"name":"ENVDBTYPE"},{"name":"ENVIP"},{"name":"ENVPORT"},{"name":"ENVUSER"},{"name":"ENVPASSWORD"},{"name":"ENVSOURCE"},{"name":"ENVDBLINK"},{"name":"ENVDEFAULT"},{"name":"ENVDCRE"},{"name":"ENVDMAJ"},{"name":"ENVUTIL"},{"name":"ENVVERSION"},{"name":"ENVDEFLANG"},{"name":"CORPPIC"},{"name":"ENVVARINITSH"}]}
10/21/2018 9:10:13 13: LIBQUERY with Callback: 
10/21/2018 9:10:13 13: BEGIN PKREQUESTMANAGER.CALLQUERY(13,'ADM0000001','abe','{}', '{abe,abe}','{}', :cursor); END;
10/21/2018 9:10:13 13: 1 Object(s) returned... [FETCH]
10/21/2018 9:10:13 13: [object Object]
10/21/2018 9:10:13 13: {"metaData":[{"name":"USERID"},{"name":"USERFNAME"},{"name":"USERLNAME"},{"name":"USEREMAIL"},{"name":"USERMOBILE"}]}
10/21/2018 9:10:13 14: LIBQUERY with Callback: 
10/21/2018 9:10:13 14: BEGIN PKREQUESTMANAGER.CALLQUERY(14,'CLI0000002','abe','{}', '{abe}','{}', :cursor); END;
10/21/2018 9:10:13 15: LIBQUERY with Callback: 
10/21/2018 9:10:13 15: BEGIN PKREQUESTMANAGER.CALLQUERY(15,'CLI0000003','abe','{}', '{abe}','{}', :cursor); END;
10/21/2018 9:10:14 15: 1 Object(s) returned... [FETCH]
10/21/2018 9:10:14 15: [object Object]
10/21/2018 9:10:14 15: {"metaData":[{"name":"USERID"},{"name":"USERCORPID"},{"name":"USERPASS"},{"name":"USERAUTH"},{"name":"USERLANG"},{"name":"USERPROF"},{"name":"USERAPPLI"},{"name":"USERFNAME"},{"name":"USERLNAME"},{"name":"USEREMAIL"},{"name":"USERMOBILE"},{"name":"USERTEAM"},{"name":"USERACTIVE"},{"name":"USERDCRE"},{"name":"USERDMAJ"},{"name":"USERUTIL"},{"name":"USERTYPE"}]}
10/21/2018 9:10:14 15: 5 Object(s) returned... [FETCH]
10/21/2018 9:10:14 15: [object Object],[object Object],[object Object],[object Object],[object Object]
10/21/2018 9:10:14 15: {"metaData":[{"name":"LEVEL"},{"name":"ENVID"},{"name":"ENVCORPID"},{"name":"CORPSDESC"},{"name":"ENVCODE"},{"name":"ENVTYPE"},{"name":"ENVACTIVE"},{"name":"ENVSDESC"},{"name":"ENVLDESC"},{"name":"ENVDBTYPE"},{"name":"ENVIP"},{"name":"ENVPORT"},{"name":"ENVUSER"},{"name":"ENVPASSWORD"},{"name":"ENVSOURCE"},{"name":"ENVDBLINK"},{"name":"ENVDEFAULT"},{"name":"ENVDCRE"},{"name":"ENVDMAJ"},{"name":"ENVUTIL"},{"name":"ENVVERSION"},{"name":"ENVDEFLANG"},{"name":"CORPPIC"},{"name":"ENVVARINITSH"}]}
10/21/2018 9:12:48 16: LIBQUERY with Callback: 
10/21/2018 9:12:48 16: BEGIN PKREQUESTMANAGER.CALLQUERY(16,'ADM0000001','abe','{}', '{abe,abe}','{}', :cursor); END;
10/21/2018 9:12:49 16: 1 Object(s) returned... [FETCH]
10/21/2018 9:12:49 16: [object Object]
10/21/2018 9:12:49 16: {"metaData":[{"name":"USERID"},{"name":"USERFNAME"},{"name":"USERLNAME"},{"name":"USEREMAIL"},{"name":"USERMOBILE"}]}
10/21/2018 9:12:51 17: LIBQUERY with Callback: 
10/21/2018 9:12:51 17: BEGIN PKREQUESTMANAGER.CALLQUERY(17,'CLI0000002','abe','{}', '{abe}','{}', :cursor); END;
10/21/2018 9:12:51 18: LIBQUERY with Callback: 
10/21/2018 9:12:51 18: BEGIN PKREQUESTMANAGER.CALLQUERY(18,'CLI0000003','abe','{}', '{abe}','{}', :cursor); END;
10/21/2018 9:12:51 18: 1 Object(s) returned... [FETCH]
10/21/2018 9:12:51 18: [object Object]
10/21/2018 9:12:51 18: 5 Object(s) returned... [FETCH]
10/21/2018 9:12:51 18: [object Object],[object Object],[object Object],[object Object],[object Object]
10/21/2018 9:12:51 18: {"metaData":[{"name":"USERID"},{"name":"USERCORPID"},{"name":"USERPASS"},{"name":"USERAUTH"},{"name":"USERLANG"},{"name":"USERPROF"},{"name":"USERAPPLI"},{"name":"USERFNAME"},{"name":"USERLNAME"},{"name":"USEREMAIL"},{"name":"USERMOBILE"},{"name":"USERTEAM"},{"name":"USERACTIVE"},{"name":"USERDCRE"},{"name":"USERDMAJ"},{"name":"USERUTIL"},{"name":"USERTYPE"}]}
10/21/2018 9:12:51 18: {"metaData":[{"name":"LEVEL"},{"name":"ENVID"},{"name":"ENVCORPID"},{"name":"CORPSDESC"},{"name":"ENVCODE"},{"name":"ENVTYPE"},{"name":"ENVACTIVE"},{"name":"ENVSDESC"},{"name":"ENVLDESC"},{"name":"ENVDBTYPE"},{"name":"ENVIP"},{"name":"ENVPORT"},{"name":"ENVUSER"},{"name":"ENVPASSWORD"},{"name":"ENVSOURCE"},{"name":"ENVDBLINK"},{"name":"ENVDEFAULT"},{"name":"ENVDCRE"},{"name":"ENVDMAJ"},{"name":"ENVUTIL"},{"name":"ENVVERSION"},{"name":"ENVDEFLANG"},{"name":"CORPPIC"},{"name":"ENVVARINITSH"}]}
10/21/2018 9:13:59 19: LIBQUERY with Callback: 
10/21/2018 9:13:59 19: BEGIN PKREQUESTMANAGER.CALLQUERY(19,'ADM0000001','abe','{}', '{abe,abe}','{}', :cursor); END;
10/21/2018 9:14:0 19: 1 Object(s) returned... [FETCH]
10/21/2018 9:14:0 19: [object Object]
10/21/2018 9:14:0 19: {"metaData":[{"name":"USERID"},{"name":"USERFNAME"},{"name":"USERLNAME"},{"name":"USEREMAIL"},{"name":"USERMOBILE"}]}
10/21/2018 9:14:0 20: LIBQUERY with Callback: 
10/21/2018 9:14:0 20: BEGIN PKREQUESTMANAGER.CALLQUERY(20,'CLI0000002','abe','{}', '{abe}','{}', :cursor); END;
10/21/2018 9:14:0 21: LIBQUERY with Callback: 
10/21/2018 9:14:0 21: BEGIN PKREQUESTMANAGER.CALLQUERY(21,'CLI0000003','abe','{}', '{abe}','{}', :cursor); END;
10/21/2018 9:14:0 21: 1 Object(s) returned... [FETCH]
10/21/2018 9:14:0 21: [object Object]
10/21/2018 9:14:1 21: 5 Object(s) returned... [FETCH]
10/21/2018 9:14:1 21: [object Object],[object Object],[object Object],[object Object],[object Object]
10/21/2018 9:14:1 21: {"metaData":[{"name":"USERID"},{"name":"USERCORPID"},{"name":"USERPASS"},{"name":"USERAUTH"},{"name":"USERLANG"},{"name":"USERPROF"},{"name":"USERAPPLI"},{"name":"USERFNAME"},{"name":"USERLNAME"},{"name":"USEREMAIL"},{"name":"USERMOBILE"},{"name":"USERTEAM"},{"name":"USERACTIVE"},{"name":"USERDCRE"},{"name":"USERDMAJ"},{"name":"USERUTIL"},{"name":"USERTYPE"}]}
10/21/2018 9:14:1 21: {"metaData":[{"name":"LEVEL"},{"name":"ENVID"},{"name":"ENVCORPID"},{"name":"CORPSDESC"},{"name":"ENVCODE"},{"name":"ENVTYPE"},{"name":"ENVACTIVE"},{"name":"ENVSDESC"},{"name":"ENVLDESC"},{"name":"ENVDBTYPE"},{"name":"ENVIP"},{"name":"ENVPORT"},{"name":"ENVUSER"},{"name":"ENVPASSWORD"},{"name":"ENVSOURCE"},{"name":"ENVDBLINK"},{"name":"ENVDEFAULT"},{"name":"ENVDCRE"},{"name":"ENVDMAJ"},{"name":"ENVUTIL"},{"name":"ENVVERSION"},{"name":"ENVDEFLANG"},{"name":"CORPPIC"},{"name":"ENVVARINITSH"}]}
10/21/2018 9:15:22 22: LIBQUERY with Callback: 
10/21/2018 9:15:22 22: BEGIN PKREQUESTMANAGER.CALLQUERY(22,'ADM0000001','abe','{}', '{abe,abe}','{}', :cursor); END;
10/21/2018 9:15:23 22: 1 Object(s) returned... [FETCH]
10/21/2018 9:15:23 22: [object Object]
10/21/2018 9:15:23 22: {"metaData":[{"name":"USERID"},{"name":"USERFNAME"},{"name":"USERLNAME"},{"name":"USEREMAIL"},{"name":"USERMOBILE"}]}
10/21/2018 9:15:23 23: LIBQUERY with Callback: 
10/21/2018 9:15:23 23: BEGIN PKREQUESTMANAGER.CALLQUERY(23,'CLI0000002','abe','{}', '{abe}','{}', :cursor); END;
10/21/2018 9:15:23 24: LIBQUERY with Callback: 
10/21/2018 9:15:23 24: BEGIN PKREQUESTMANAGER.CALLQUERY(24,'CLI0000003','abe','{}', '{abe}','{}', :cursor); END;
10/21/2018 9:15:23 24: 1 Object(s) returned... [FETCH]
10/21/2018 9:15:23 24: [object Object]
10/21/2018 9:15:23 24: {"metaData":[{"name":"USERID"},{"name":"USERCORPID"},{"name":"USERPASS"},{"name":"USERAUTH"},{"name":"USERLANG"},{"name":"USERPROF"},{"name":"USERAPPLI"},{"name":"USERFNAME"},{"name":"USERLNAME"},{"name":"USEREMAIL"},{"name":"USERMOBILE"},{"name":"USERTEAM"},{"name":"USERACTIVE"},{"name":"USERDCRE"},{"name":"USERDMAJ"},{"name":"USERUTIL"},{"name":"USERTYPE"}]}
10/21/2018 9:15:23 24: 5 Object(s) returned... [FETCH]
10/21/2018 9:15:23 24: [object Object],[object Object],[object Object],[object Object],[object Object]
10/21/2018 9:15:23 24: {"metaData":[{"name":"LEVEL"},{"name":"ENVID"},{"name":"ENVCORPID"},{"name":"CORPSDESC"},{"name":"ENVCODE"},{"name":"ENVTYPE"},{"name":"ENVACTIVE"},{"name":"ENVSDESC"},{"name":"ENVLDESC"},{"name":"ENVDBTYPE"},{"name":"ENVIP"},{"name":"ENVPORT"},{"name":"ENVUSER"},{"name":"ENVPASSWORD"},{"name":"ENVSOURCE"},{"name":"ENVDBLINK"},{"name":"ENVDEFAULT"},{"name":"ENVDCRE"},{"name":"ENVDMAJ"},{"name":"ENVUTIL"},{"name":"ENVVERSION"},{"name":"ENVDEFLANG"},{"name":"CORPPIC"},{"name":"ENVVARINITSH"}]}
10/21/2018 9:23:24 25: LIBQUERY with Callback: 
10/21/2018 9:23:24 25: BEGIN PKREQUESTMANAGER.CALLQUERY(25,'ADM0000001','abe','{}', '{abe,abe}','{}', :cursor); END;
10/21/2018 9:23:25 25: 1 Object(s) returned... [FETCH]
10/21/2018 9:23:25 25: [object Object]
10/21/2018 9:23:25 25: {"metaData":[{"name":"USERID"},{"name":"USERFNAME"},{"name":"USERLNAME"},{"name":"USEREMAIL"},{"name":"USERMOBILE"}]}
10/21/2018 9:23:25 26: LIBQUERY with Callback: 
10/21/2018 9:23:25 26: BEGIN PKREQUESTMANAGER.CALLQUERY(26,'CLI0000002','abe','{}', '{abe}','{}', :cursor); END;
10/21/2018 9:23:25 27: LIBQUERY with Callback: 
10/21/2018 9:23:25 27: BEGIN PKREQUESTMANAGER.CALLQUERY(27,'CLI0000003','abe','{}', '{abe}','{}', :cursor); END;
10/21/2018 9:23:25 27: 5 Object(s) returned... [FETCH]
10/21/2018 9:23:25 27: [object Object],[object Object],[object Object],[object Object],[object Object]
10/21/2018 9:23:26 27: 1 Object(s) returned... [FETCH]
10/21/2018 9:23:26 27: [object Object]
10/21/2018 9:23:26 27: {"metaData":[{"name":"LEVEL"},{"name":"ENVID"},{"name":"ENVCORPID"},{"name":"CORPSDESC"},{"name":"ENVCODE"},{"name":"ENVTYPE"},{"name":"ENVACTIVE"},{"name":"ENVSDESC"},{"name":"ENVLDESC"},{"name":"ENVDBTYPE"},{"name":"ENVIP"},{"name":"ENVPORT"},{"name":"ENVUSER"},{"name":"ENVPASSWORD"},{"name":"ENVSOURCE"},{"name":"ENVDBLINK"},{"name":"ENVDEFAULT"},{"name":"ENVDCRE"},{"name":"ENVDMAJ"},{"name":"ENVUTIL"},{"name":"ENVVERSION"},{"name":"ENVDEFLANG"},{"name":"CORPPIC"},{"name":"ENVVARINITSH"}]}
10/21/2018 9:23:26 27: {"metaData":[{"name":"USERID"},{"name":"USERCORPID"},{"name":"USERPASS"},{"name":"USERAUTH"},{"name":"USERLANG"},{"name":"USERPROF"},{"name":"USERAPPLI"},{"name":"USERFNAME"},{"name":"USERLNAME"},{"name":"USEREMAIL"},{"name":"USERMOBILE"},{"name":"USERTEAM"},{"name":"USERACTIVE"},{"name":"USERDCRE"},{"name":"USERDMAJ"},{"name":"USERUTIL"},{"name":"USERTYPE"}]}
10/21/2018 9:24:26 28: LIBQUERY with Callback: 
10/21/2018 9:24:26 28: BEGIN PKREQUESTMANAGER.CALLQUERY(28,'ADM0000001','abe','{}', '{abe,abe}','{}', :cursor); END;
10/21/2018 9:24:26 28: 1 Object(s) returned... [FETCH]
10/21/2018 9:24:26 28: [object Object]
10/21/2018 9:24:26 28: {"metaData":[{"name":"USERID"},{"name":"USERFNAME"},{"name":"USERLNAME"},{"name":"USEREMAIL"},{"name":"USERMOBILE"}]}
10/21/2018 9:24:26 29: LIBQUERY with Callback: 
10/21/2018 9:24:26 29: BEGIN PKREQUESTMANAGER.CALLQUERY(29,'CLI0000002','abe','{}', '{abe}','{}', :cursor); END;
10/21/2018 9:24:26 30: LIBQUERY with Callback: 
10/21/2018 9:24:26 30: BEGIN PKREQUESTMANAGER.CALLQUERY(30,'CLI0000003','abe','{}', '{abe}','{}', :cursor); END;
10/21/2018 9:24:26 30: 1 Object(s) returned... [FETCH]
10/21/2018 9:24:26 30: [object Object]
10/21/2018 9:24:26 30: {"metaData":[{"name":"USERID"},{"name":"USERCORPID"},{"name":"USERPASS"},{"name":"USERAUTH"},{"name":"USERLANG"},{"name":"USERPROF"},{"name":"USERAPPLI"},{"name":"USERFNAME"},{"name":"USERLNAME"},{"name":"USEREMAIL"},{"name":"USERMOBILE"},{"name":"USERTEAM"},{"name":"USERACTIVE"},{"name":"USERDCRE"},{"name":"USERDMAJ"},{"name":"USERUTIL"},{"name":"USERTYPE"}]}
10/21/2018 9:24:26 30: 5 Object(s) returned... [FETCH]
10/21/2018 9:24:26 30: [object Object],[object Object],[object Object],[object Object],[object Object]
10/21/2018 9:24:26 30: {"metaData":[{"name":"LEVEL"},{"name":"ENVID"},{"name":"ENVCORPID"},{"name":"CORPSDESC"},{"name":"ENVCODE"},{"name":"ENVTYPE"},{"name":"ENVACTIVE"},{"name":"ENVSDESC"},{"name":"ENVLDESC"},{"name":"ENVDBTYPE"},{"name":"ENVIP"},{"name":"ENVPORT"},{"name":"ENVUSER"},{"name":"ENVPASSWORD"},{"name":"ENVSOURCE"},{"name":"ENVDBLINK"},{"name":"ENVDEFAULT"},{"name":"ENVDCRE"},{"name":"ENVDMAJ"},{"name":"ENVUTIL"},{"name":"ENVVERSION"},{"name":"ENVDEFLANG"},{"name":"CORPPIC"},{"name":"ENVVARINITSH"}]}
