8/22/2022 13:43:19 [mgarry] 9: "BEGIN PKREQUESTMANAGER.CALLQUERY(9,'ADM0000001','mgarry','{}', '{mgarry,Heinens}','{}', :cursor); END;"
8/22/2022 13:43:19 [mgarry] 9: "[{\"USERID\":\"mgarry\",\"USERFNAME\":\"Michele\",\"USERLNAME\":\"Garry\",\"USEREMAIL\":\"mgarry@heinens.com\",\"USERMOBILE\":null}]"
8/22/2022 13:43:19 [mgarry] 9: "1 Object(s) returned... [FETCH]"
8/22/2022 13:43:19 [mgarry] 10: "BEGIN PKREQUESTMANAGER.CALLQUERY(10,'CLI0000002','mgarry','{}', '{mgarry}','{}', :cursor); END;"
8/22/2022 13:43:19 [mgarry] 11: "BEGIN PKREQUESTMANAGER.CALLQUERY(11,'CLI0000003','mgarry','{}', '{mgarry}','{}', :cursor); END;"
8/22/2022 13:43:19 [mgarry] 10: "[{\"USERID\":\"mgarry\",\"USERCORPID\":2,\"USERPASS\":\"SGVpbmVucw==\",\"USERAUTH\":null,\"USERLANG\":\"us_US\",\"USERPROF\":null,\"USERAPPLI\":3,\"USERFNAME\":\"Michele\",\"USERLNAME\":\"Garry\",\"USEREMAIL\":\"mgarry@heinens.com\",\"USERMOBILE\":null,\"USERTEAM\":null,\"USERACTIVE\":1,\"USERDCRE\":\"2020-11-09T04:00:00.000Z\",\"USERDMAJ\":\"2020-11-09T04:00:00.000Z\",\"USERUTIL\":\"admin\",\"USERTYPE\":2}]"
8/22/2022 13:43:19 [mgarry] 10: "1 Object(s) returned... [FETCH]"
8/22/2022 13:43:19 [mgarry] 11: "[{\"LEVEL\":\"CORPORATE\",\"ENVID\":1,\"ENVCORPID\":2,\"CORPSDESC\":\"Heinen's\",\"ENVCODE\":\"CENTRAL_UAT\",\"ENVTYPE\":4,\"ENVACTIVE\":1,\"ENVSDESC\":\"User Acceptance\",\"ENVLDESC\":\"Heinen's Central UAT environement\",\"ENVDBTYPE\":1,\"ENVIP\":\"10.200.14.232\",\"ENVPORT\":1521,\"ENVUSER\":\"hntcen\",\"ENVPASSWORD\":\"Heinen123!\",\"ENVSOURCE\":\"test\",\"ENVDBLINK\":\"HEINENS_CEN_UAT\",\"ENVDEFAULT\":0,\"ENVDCRE\":\"2017-03-21T04:00:00.000Z\",\"ENVDMAJ\":\"2017-03-21T04:00:00.000Z\",\"ENVUTIL\":\"abe\",\"ENVVERSION\":1,\"ENVDEFLANG\":\"HN\",\"CORPPIC\":\"./assets/pictures/corporate/heinens.jpg\",\"ENVVARINITSH\":\". /home/hntcen/env/envCEN\",\"ENVTITLECOLOR\":\"yellow\",\"ENVTITLE\":\"Inventory Control Room (Acceptance)\"},{\"LEVEL\":\"CORPORATE\",\"ENVID\":2,\"ENVCORPID\":2,\"CORPSDESC\":\"Heinen's\",\"ENVCODE\":\"STOCK_UAT\",\"ENVTYPE\":4,\"ENVACTIVE\":1,\"ENVSDESC\":\"Heinen's Stock UAT\",\"ENVLDESC\":\"Heinen's Stock UAT environement\",\"ENVDBTYPE\":1,\"ENVIP\":\"10.200.14.232\",\"ENVPORT\":1521,\"ENVUSER\":\"hntstk\",\"ENVPASSWORD\":\"Heinen123!\",\"ENVSOURCE\":\"test\",\"ENVDBLINK\":\"HEINENS_STK_UAT\",\"ENVDEFAULT\":0,\"ENVDCRE\":\"2017-03-21T04:00:00.000Z\",\"ENVDMAJ\":\"2017-03-21T04:00:00.000Z\",\"ENVUTIL\":\"abe\",\"ENVVERSION\":2,\"ENVDEFLANG\":\"HN\",\"CORPPIC\":\"./assets/pictures/corporate/heinens.jpg\",\"ENVVARINITSH\":\". /home/hntstk/env/envSTK\",\"ENVTITLECOLOR\":\"yellow\",\"ENVTITLE\":\"Inventory Control Room (Acceptance)\"},{\"LEVEL\":\"USER\",\"ENVID\":1,\"ENVCORPID\":2,\"CORPSDESC\":\"Heinen's\",\"ENVCODE\":\"CENTRAL_UAT\",\"ENVTYPE\":4,\"ENVACTIVE\":1,\"ENVSDESC\":\"User Acceptance\",\"ENVLDESC\":\"Heinen's Central UAT environement\",\"ENVDBTYPE\":1,\"ENVIP\":\"10.200.14.232\",\"ENVPORT\":1521,\"ENVUSER\":\"hntcen\",\"ENVPASSWORD\":\"Heinen123!\",\"ENVSOURCE\":\"test\",\"ENVDBLINK\":\"HEINENS_CEN_UAT\",\"ENVDEFAULT\":0,\"ENVDCRE\":\"2017-03-21T04:00:00.000Z\",\"ENVDMAJ\":\"2017-03-21T04:00:00.000Z\",\"ENVUTIL\":\"abe\",\"ENVVERSION\":1,\"ENVDEFLANG\":\"HN\",\"CORPPIC\":\"./assets/pictures/corporate/heinens.jpg\",\"ENVVARINITSH\":\". /home/hntcen/env/envCEN\",\"ENVTITLECOLOR\":\"yellow\",\"ENVTITLE\":\"Inventory Control Room (Acceptance)\"},{\"LEVEL\":\"CORPORATE\",\"ENVID\":3,\"ENVCORPID\":2,\"CORPSDESC\":\"Heinen's\",\"ENVCODE\":\"HN_CENTRAL_PROD\",\"ENVTYPE\":7,\"ENVACTIVE\":1,\"ENVSDESC\":\"Production\",\"ENVLDESC\":\"Heinen's Custom PROD environement\",\"ENVDBTYPE\":1,\"ENVIP\":\"10.200.14.231\",\"ENVPORT\":1521,\"ENVUSER\":\"hnpcen\",\"ENVPASSWORD\":\"Heinen123!\",\"ENVSOURCE\":\"central\",\"ENVDBLINK\":\"HEINENS_CUSTOM_PROD\",\"ENVDEFAULT\":1,\"ENVDCRE\":\"2017-04-22T04:00:00.000Z\",\"ENVDMAJ\":\"2017-03-21T04:00:00.000Z\",\"ENVUTIL\":\"abe\",\"ENVVERSION\":1,\"ENVDEFLANG\":\"HN\",\"CORPPIC\":\"./assets/pictures/corporate/heinens.jpg\",\"ENVVARINITSH\":\". /home/hnpcen/env/envCEN\",\"ENVTITLECOLOR\":\"white\",\"ENVTITLE\":\"Inventory Control Room\"},{\"LEVEL\":\"CORPORATE\",\"ENVID\":4,\"ENVCORPID\":2,\"CORPSDESC\":\"Heinen's\",\"ENVCODE\":\"HN_STOCK_PROD\",\"ENVTYPE\":7,\"ENVACTIVE\":1,\"ENVSDESC\":\"Production Warehouse\",\"ENVLDESC\":\"Heinen's Warehouse PROD environement\",\"ENVDBTYPE\":1,\"ENVIP\":\"10.200.14.231\",\"ENVPORT\":1521,\"ENVUSER\":\"hnpstk\",\"ENVPASSWORD\":\"Heinen123!\",\"ENVSOURCE\":\"central\",\"ENVDBLINK\":\"HEINENS_CUSTOM_PROD\",\"ENVDEFAULT\":1,\"ENVDCRE\":\"2020-01-02T04:00:00.000Z\",\"ENVDMAJ\":\"2020-01-02T04:00:00.000Z\",\"ENVUTIL\":\"abe\",\"ENVVERSION\":1,\"ENVDEFLANG\":\"HN\",\"CORPPIC\":\"./assets/pictures/corporate/heinens.jpg\",\"ENVVARINITSH\":\". /home/hnpsk/env/envSTK\",\"ENVTITLECOLOR\":\"white\",\"ENVTITLE\":\"Inventory Control Room\"},{\"LEVEL\":\"USER\",\"ENVID\":3,\"ENVCORPID\":2,\"CORPSDESC\":\"Heinen's\",\"ENVCODE\":\"HN_CENTRAL_PROD\",\"ENVTYPE\":7,\"ENVACTIVE\":1,\"ENVSDESC\":\"Production\",\"ENVLDESC\":\"Heinen's Custom PROD environement\",\"ENVDBTYPE\":1,\"ENVIP\":\"10.200.14.231\",\"ENVPORT\":1521,\"ENVUSER\":\"hnpcen\",\"ENVPASSWORD\":\"Heinen123!\",\"ENVSOURCE\":\"central\",\"ENVDBLINK\":\"HEINENS_CUSTOM_PROD\",\"ENVDEFAULT\":1,\"ENVDCRE\":\"2017-04-22T04:00:00.000Z\",\"ENVDMAJ\":\"2017-03-21T04:00:00.000Z\",\"ENVUTIL\":\"abe\",\"ENVVERSION\":1,\"ENVDEFLANG\":\"HN\",\"CORPPIC\":\"./assets/pictures/corporate/heinens.jpg\",\"ENVVARINITSH\":\". /home/hnpcen/env/envCEN\",\"ENVTITLECOLOR\":\"white\",\"ENVTITLE\":\"Inventory Control Room\"}]"
8/22/2022 13:43:19 [mgarry] 11: "6 Object(s) returned... [FETCH]"
8/22/2022 13:43:20 [mgarry] 12: "BEGIN PKREQUESTMANAGER.CALLQUERY(12,'SCR0000001','mgarry','{HEINENS_CUSTOM_PROD}', '{SCR0000000001,mgarry}','{HN}', :cursor); END;"
8/22/2022 13:43:20 [mgarry] 13: "BEGIN PKREQUESTMANAGER.CALLQUERY(13,'WDG0000001','mgarry','{HEINENS_CUSTOM_PROD}', '{mgarry,-1}','{HN}', :cursor); END;"
8/22/2022 13:43:20 [mgarry] 12: "[{\"SCREENID\":\"SCR0000000001\",\"SCREENINFO\":\"<div><i class=\\\"bbs-keywords\\\">What is it : </i>Dashboard section is your <b>Home</b> tracking process. It simplifies and regroup data visualization.\\n                          As many as needed dashboard widget trackers can be enabled.\\n</div>\\n<div><i class=\\\"bbs-keywords\\\">Tracking type : </i>There are 3 types of data visualization: \\n        <li><b>Table </b> display with export to file option.</li> \\n        <li><b>Chart </b> with by type line, bar, radar, polar, pie, scatter, combined type </li> \\n        <li><b>Message & Alert </b> with color criticality such as successful, soft warning, hard warning.</li> \\n</div>\"}]"
8/22/2022 13:43:20 [mgarry] 12: "1 Object(s) returned... [FETCH]"
8/22/2022 13:43:20 [mgarry] 13: "27 Object(s) returned... [FETCH]"
8/22/2022 13:43:20 [mgarry] 14: "BEGIN PKREQUESTMANAGER.CALLQUERY(14,'WDG1000000','mgarry','{HEINENS_CUSTOM_PROD}', '{WDG0000000014,null}','{HN}', :cursor); END;"
8/22/2022 13:43:20 [mgarry] 15: "BEGIN PKREQUESTMANAGER.CALLQUERY(15,'WDG1000000','mgarry','{HEINENS_CUSTOM_PROD}', '{WDG0000000013,null}','{HN}', :cursor); END;"
8/22/2022 13:43:20 [mgarry] 16: "./repository/downloads/dashboard/INV0000001_HEINENS_CUSTOM_PROD.json File(s) returned... [FETCH]"
8/22/2022 13:43:20 [mgarry] 17: "BEGIN PKREQUESTMANAGER.CALLQUERY(17,'WDG1000000','mgarry','{HEINENS_CUSTOM_PROD}', '{WDG0000000010,null}','{HN}', :cursor); END;"
8/22/2022 13:43:20 [mgarry] 18: "BEGIN PKREQUESTMANAGER.CALLQUERY(18,'WDG1000000','mgarry','{HEINENS_CUSTOM_PROD}', '{WDG0000000017,1020100000000}','{HN}', :cursor); END;"
8/22/2022 13:43:20 [mgarry] 19: "BEGIN PKREQUESTMANAGER.CALLQUERY(19,'WDG1000000','mgarry','{HEINENS_CUSTOM_PROD}', '{WDG0000000016,1020100000000}','{HN}', :cursor); END;"
8/22/2022 13:43:20 [mgarry] 20: "BEGIN PKREQUESTMANAGER.CALLQUERY(20,'WDG1000000','mgarry','{HEINENS_CUSTOM_PROD}', '{WDG0000000016,1030010000000}','{HN}', :cursor); END;"
8/22/2022 13:43:20 [mgarry] 17: "621 Object(s) returned... [FETCH]"
8/22/2022 13:43:21 [mgarry] 21: "BEGIN PKREQUESTMANAGER.CALLQUERY(21,'WDG1000000','mgarry','{HEINENS_CUSTOM_PROD}', '{WDG0000000017,1030010000000}','{HN}', :cursor); END;"
8/22/2022 13:43:24 [mgarry] 15: "[{\"TYPE\":\"success\",\"MESSAGE\":\"No store deliveries blocked in inbound receipts (INTDEREC/WDETREC).\",\"RECEIPT_DATE\":\"08/22/2022\"}]"
8/22/2022 13:43:24 [mgarry] 15: "1 Object(s) returned... [FETCH]"
8/22/2022 13:43:25 [mgarry] 20: "1463 Object(s) returned... [FETCH]"
8/22/2022 13:43:25 [mgarry] 19: "1463 Object(s) returned... [FETCH]"
8/22/2022 13:44:49 [mgarry] 18: "1463 Object(s) returned... [FETCH]"
8/22/2022 13:45:27 [mgarry] 30: "BEGIN PKREQUESTMANAGER.CALLQUERY(30,'SCR0000001','mgarry','{HEINENS_CUSTOM_PROD}', '{SCR0000000003,mgarry}','{HN}', :cursor); END;"
8/22/2022 13:45:27 [mgarry] 30: "[{\"SCREENID\":\"SCR0000000003\",\"SCREENINFO\":\"<div><i class=\\\"bbs-keywords\\\">What is it : </i>Supplier schedule give you the capability to review and maintain the already defined supplier schedule \\nfor a given supplier code or part of his description and the period to be reconsidered.\\n</div>\\n<div><i class=\\\"bbs-keywords\\\">Business case example :</i>Adjust the supplier delivery calendar due to holiday or temporary schedule change</div>\\n<div><i class=\\\"bbs-keywords\\\">Mechanism : </i>Tool is capturing the actual defined supplier schedule for the given period in order to gather\\nfundamental service information (commercial contrat, address chain, service contract, schedule (order day & time, delivery day & time), store associated to the schedule \\n</div> \\n<div><i class=\\\"bbs-keywords\\\">Scenario : </i>\\n     <li><b class=\\\"bbs-keywords-scenario\\\">Not finding the supplier: </b>That means for the given period, there is no actual supplier schedule. To resolve that, extend the period in the search panel. You will be able to readjust the end period once you get to the detail adjustment section.\\n     </li>'\\n</div>\"}]"
8/22/2022 13:45:27 [mgarry] 30: "1 Object(s) returned... [FETCH]"
8/22/2022 13:45:44 [mgarry] 31: "BEGIN PKREQUESTMANAGER.CALLQUERY(31,'SUP0000002','mgarry','{HEINENS_CUSTOM_PROD}', '{AO0848672,08/23/2022,09/13/2022}','{HN}', :cursor); END;"
8/22/2022 13:45:45 [mgarry] 31: "161 Object(s) returned... [FETCH]"
8/22/2022 13:46:26 [mgarry] 32: "BEGIN PKREQUESTMANAGER.CALLQUERY(32,'SCH0000001','mgarry','{HEINENS_CUSTOM_PROD}', '{AO0848672,AO08486C,0,AO08486S,08/23/2022,09/13/2022,mgarry,1,4,5,6,7,8,9,10,11,12,14,15,16,17,18,19,20,21,22,41,42,43,44}','{HN}', :cursor); END;"
8/22/2022 13:46:27 [mgarry] 32: "[{\"'ALTERED'\":\"altered\"}]"
8/22/2022 13:46:27 [mgarry] 32: "1 Object(s) returned... [FETCH]"
8/22/2022 13:46:27 [mgarry] 33: "BEGIN PKREQUESTMANAGER.CALLQUERY(33,'SCH0000002','mgarry','{HEINENS_CUSTOM_PROD}', '{AO0848672,AO08486C,0,AO08486S,08/25/2022,1010,08/29/2022,0600,mgarry,1,4,5,6,7,8,9,10,11,12,14,15,16,17,18,19,20,21,22,41,42,43,44}','{HN}', :cursor); END;"
8/22/2022 13:46:27 [mgarry] 34: "BEGIN PKREQUESTMANAGER.CALLQUERY(34,'SCH0000002','mgarry','{HEINENS_CUSTOM_PROD}', '{AO0848672,AO08486C,0,AO08486S,09/01/2022,1010,09/06/2022,0600,mgarry,1,4,5,6,7,8,9,10,11,12,14,15,16,17,18,19,20,21,22,41,42,43,44}','{HN}', :cursor); END;"
8/22/2022 13:46:27 [mgarry] 35: "BEGIN PKREQUESTMANAGER.CALLQUERY(35,'SCH0000002','mgarry','{HEINENS_CUSTOM_PROD}', '{AO0848672,AO08486C,0,AO08486S,09/08/2022,1010,09/12/2022,0600,mgarry,1,4,5,6,7,8,9,10,11,12,14,15,16,17,18,19,20,21,22,41,42,43,44}','{HN}', :cursor); END;"
8/22/2022 13:46:27 [mgarry] 36: "BEGIN PKREQUESTMANAGER.CALLQUERY(36,'SCH0000002','mgarry','{HEINENS_CUSTOM_PROD}', '{AO0848672,AO08486C,0,AO08486S,08/26/2022,1010,09/01/2022,0600,mgarry,1,4,5,6,7,8,9,10,11,12,14,15,16,17,18,19,20,21,22,41,42,43,44}','{HN}', :cursor); END;"
8/22/2022 13:46:27 [mgarry] 37: "BEGIN PKREQUESTMANAGER.CALLQUERY(37,'SCH0000002','mgarry','{HEINENS_CUSTOM_PROD}', '{AO0848672,AO08486C,0,AO08486S,09/12/2022,1010,09/15/2022,0600,mgarry,1,4,5,6,7,8,9,10,11,12,14,15,16,17,18,19,20,21,22,41,42,43,44}','{HN}', :cursor); END;"
8/22/2022 13:46:27 [mgarry] 33: "[{\"'ALTERED'\":\"altered\"}]"
8/22/2022 13:46:27 [mgarry] 33: "1 Object(s) returned... [FETCH]"
8/22/2022 13:46:27 [mgarry] 36: "[{\"'ALTERED'\":\"altered\"}]"
8/22/2022 13:46:27 [mgarry] 36: "1 Object(s) returned... [FETCH]"
8/22/2022 13:46:27 [mgarry] 34: "[{\"'ALTERED'\":\"altered\"}]"
8/22/2022 13:46:27 [mgarry] 34: "1 Object(s) returned... [FETCH]"
8/22/2022 13:46:28 [mgarry] 35: "[{\"'ALTERED'\":\"altered\"}]"
8/22/2022 13:46:28 [mgarry] 35: "1 Object(s) returned... [FETCH]"
8/22/2022 13:46:28 [mgarry] 37: "[{\"'ALTERED'\":\"altered\"}]"
8/22/2022 13:46:28 [mgarry] 37: "1 Object(s) returned... [FETCH]"
8/22/2022 13:46:31 [mgarry] 14: "[]"
8/22/2022 13:46:31 [mgarry] 14: "0 Object(s) returned... [FETCH]"
8/22/2022 13:46:36 [mgarry] 21: "1463 Object(s) returned... [FETCH]"
8/22/2022 13:47:3 [mgarry] 38: "BEGIN PKREQUESTMANAGER.CALLQUERY(38,'SCH0000001','mgarry','{HEINENS_CUSTOM_PROD}', '{AO0848672,A08486C7,0,A08486S7,08/23/2022,09/13/2022,mgarry,1,4,5,6,7,8,9,10,11,12,14,15,16,17,18,19,20,21,22,41,42,43,44}','{HN}', :cursor); END;"
8/22/2022 13:47:4 [mgarry] 38: "[{\"'ALTERED'\":\"altered\"}]"
8/22/2022 13:47:4 [mgarry] 38: "1 Object(s) returned... [FETCH]"
8/22/2022 13:47:4 [mgarry] 39: "BEGIN PKREQUESTMANAGER.CALLQUERY(39,'SCH0000002','mgarry','{HEINENS_CUSTOM_PROD}', '{AO0848672,A08486C7,0,A08486S7,08/26/2022,1010,09/06/2022,0600,mgarry,1,4,5,6,7,8,9,10,11,12,14,15,16,17,18,19,20,21,22,41,42,43,44}','{HN}', :cursor); END;"
8/22/2022 13:47:4 [mgarry] 40: "BEGIN PKREQUESTMANAGER.CALLQUERY(40,'SCH0000002','mgarry','{HEINENS_CUSTOM_PROD}', '{AO0848672,A08486C7,0,A08486S7,09/12/2022,1010,09/19/2022,0600,mgarry,1,4,5,6,7,8,9,10,11,12,14,15,16,17,18,19,20,21,22,41,42,43,44}','{HN}', :cursor); END;"
8/22/2022 13:47:4 [mgarry] 39: "[{\"'ALTERED'\":\"altered\"}]"
8/22/2022 13:47:4 [mgarry] 39: "1 Object(s) returned... [FETCH]"
8/22/2022 13:47:4 [mgarry] 40: "[{\"'ALTERED'\":\"altered\"}]"
8/22/2022 13:47:4 [mgarry] 40: "1 Object(s) returned... [FETCH]"
