5/18/2019 16:19:33 1: LIBQUERY with Callback: 
5/18/2019 16:19:33 1: BEGIN PKREQUESTMANAGER.CALLQUERY(1,'ADM0000001','abe','{}', '{abe,abe}','{}', :cursor); END;
5/18/2019 16:19:35 1:  Resulset empty...
5/18/2019 16:20:2 1: LIBQUERY with Callback: 
5/18/2019 16:20:2 1: BEGIN PKREQUESTMANAGER.CALLQUERY(1,'ADM0000001','abe','{}', '{abe,abe}','{}', :cursor); END;
5/18/2019 16:25:8 1: LIBQUERY with Callback: 
5/18/2019 16:25:8 1: BEGIN PKREQUESTMANAGER.CALLQUERY(1,'ADM0000001','abe','{}', '{abe,abe}','{}', :cursor); END;
5/18/2019 16:25:9 1: 1 Object(s) returned... [FETCH]
5/18/2019 16:25:9 1: abe,Ahmed,Benamrouche,ahmed.benamrouche@bbsymphony.com,(678)9863021
5/18/2019 16:25:56 1: LIBQUERY with Callback: 
5/18/2019 16:25:56 1: BEGIN PKREQUESTMANAGER.CALLQUERY(1,'ADM0000001','abe','{}', '{abe,abe}','{}', :cursor); END;
5/18/2019 16:25:57 1: 1 Object(s) returned... [FETCH]
5/18/2019 16:25:57 1: abe,Ahmed,Benamrouche,ahmed.benamrouche@bbsymphony.com,(678)9863021
5/18/2019 16:25:57 1: {"metaData":[{"name":"USERID"},{"name":"USERFNAME"},{"name":"USERLNAME"},{"name":"USEREMAIL"},{"name":"USERMOBILE"}]}
5/18/2019 16:27:8 1: LIBQUERY with Callback: 
5/18/2019 16:27:8 1: BEGIN PKREQUESTMANAGER.CALLQUERY(1,'ADM0000001','abe','{}', '{abe,abe}','{}', :cursor); END;
5/18/2019 16:27:10 1: 1 Object(s) returned... [FETCH]
5/18/2019 16:27:10 1: abe,Ahmed,Benamrouche,ahmed.benamrouche@bbsymphony.com,(678)9863021
5/18/2019 16:28:33 1: LIBQUERY with Callback: 
5/18/2019 16:28:33 1: BEGIN PKREQUESTMANAGER.CALLQUERY(1,'ADM0000001','abe','{}', '{abe,abe}','{}', :cursor); END;
5/18/2019 16:28:34 1: 1 Object(s) returned... [FETCH]
5/18/2019 16:28:34 1: abe,Ahmed,Benamrouche,ahmed.benamrouche@bbsymphony.com,(678)9863021
5/18/2019 16:29:20 1: LIBQUERY with Callback: 
5/18/2019 16:29:20 1: BEGIN PKREQUESTMANAGER.CALLQUERY(1,'ADM0000001','abe','{}', '{abe,abe}','{}', :cursor); END;
5/18/2019 16:29:22 1: 1 Object(s) returned... [FETCH]
5/18/2019 16:29:22 1: abe,Ahmed,Benamrouche,ahmed.benamrouche@bbsymphony.com,(678)9863021
5/18/2019 16:29:50 1: LIBQUERY with Callback: 
5/18/2019 16:29:50 1: BEGIN PKREQUESTMANAGER.CALLQUERY(1,'ADM0000001','abe','{}', '{abe,abe}','{}', :cursor); END;
5/18/2019 16:29:52 1: 1 Object(s) returned... [FETCH]
5/18/2019 16:29:52 1: [object Object]
5/18/2019 16:29:52 1: {"metaData":[{"name":"USERID"},{"name":"USERFNAME"},{"name":"USERLNAME"},{"name":"USEREMAIL"},{"name":"USERMOBILE"}]}
5/18/2019 16:29:52 2: LIBQUERY with Callback: 
5/18/2019 16:29:52 2: BEGIN PKREQUESTMANAGER.CALLQUERY(2,'CLI0000002','abe','{}', '{abe}','{}', :cursor); END;
5/18/2019 16:29:52 3: LIBQUERY with Callback: 
5/18/2019 16:29:52 3: BEGIN PKREQUESTMANAGER.CALLQUERY(3,'CLI0000003','abe','{}', '{abe}','{}', :cursor); END;
5/18/2019 16:29:54 3: 1 Object(s) returned... [FETCH]
5/18/2019 16:29:54 3: [object Object]
5/18/2019 16:29:54 3: {"metaData":[{"name":"USERID"},{"name":"USERCORPID"},{"name":"USERPASS"},{"name":"USERAUTH"},{"name":"USERLANG"},{"name":"USERPROF"},{"name":"USERAPPLI"},{"name":"USERFNAME"},{"name":"USERLNAME"},{"name":"USEREMAIL"},{"name":"USERMOBILE"},{"name":"USERTEAM"},{"name":"USERACTIVE"},{"name":"USERDCRE"},{"name":"USERDMAJ"},{"name":"USERUTIL"},{"name":"USERTYPE"}]}
5/18/2019 16:29:54 3: 6 Object(s) returned... [FETCH]
5/18/2019 16:29:54 3: [object Object],[object Object],[object Object],[object Object],[object Object],[object Object]
5/18/2019 16:29:54 3: {"metaData":[{"name":"LEVEL"},{"name":"ENVID"},{"name":"ENVCORPID"},{"name":"CORPSDESC"},{"name":"ENVCODE"},{"name":"ENVTYPE"},{"name":"ENVACTIVE"},{"name":"ENVSDESC"},{"name":"ENVLDESC"},{"name":"ENVDBTYPE"},{"name":"ENVIP"},{"name":"ENVPORT"},{"name":"ENVUSER"},{"name":"ENVPASSWORD"},{"name":"ENVSOURCE"},{"name":"ENVDBLINK"},{"name":"ENVDEFAULT"},{"name":"ENVDCRE"},{"name":"ENVDMAJ"},{"name":"ENVUTIL"},{"name":"ENVVERSION"},{"name":"ENVDEFLANG"},{"name":"CORPPIC"},{"name":"ENVVARINITSH"},{"name":"ENVTITLECOLOR"},{"name":"ENVTITLE"}]}
5/18/2019 16:29:54 4: LIBQUERY with Callback: 
5/18/2019 16:29:54 4: BEGIN PKREQUESTMANAGER.CALLQUERY(4,'WDG0000001','abe','{HEINENS_CUSTOM_PROD}', '{abe,-1}','{HN}', :cursor); END;
5/18/2019 16:29:56 4: 9 Object(s) returned... [FETCH]
5/18/2019 16:29:56 4: [object Object],[object Object],[object Object],[object Object],[object Object],[object Object],[object Object],[object Object],[object Object]
5/18/2019 16:29:56 4: {"metaData":[{"name":"WIDID"},{"name":"WIDBEHAVIOR"},{"name":"WIDTABLE"},{"name":"WIDRSS"},{"name":"WIDCHART"},{"name":"WIDINFO"},{"name":"WIDWIDTH"},{"name":"WIDHEIGHT"},{"name":"WIDX"},{"name":"WIDY"},{"name":"WIDROWS"},{"name":"UWPDCRE"},{"name":"UWPDMAJ"},{"name":"UWPUTIL"},{"name":"WIDSNAP"},{"name":"WIDSNAPFILE"},{"name":"LWQMWIDID"},{"name":"LWQCWIDID"},{"name":"LWQMFIELD"},{"name":"LWQCFIELD"},{"name":"LWQDCRE"},{"name":"LWQDMAJ"},{"name":"LWQUTIL"},{"name":"WRSID"},{"name":"WRSFIELD"},{"name":"WRSHEADER"},{"name":"WRSPOSITION"},{"name":"WRSDCRE"},{"name":"WRSDMAJ"},{"name":"WRSUTIL"},{"name":"WIDNAME"},{"name":"WIDDESC"}]}
5/18/2019 16:37:10 1: LIBQUERY with Callback: 
5/18/2019 16:37:10 1: BEGIN PKREQUESTMANAGER.CALLQUERY(1,'ADM0000001','abe','{}', '{abe,abe}','{}', :cursor); END;
5/18/2019 16:37:12 1: 1 Object(s) returned... [FETCH]
5/18/2019 16:37:12 1: [object Object]
5/18/2019 16:38:21 1: LIBQUERY with Callback: 
5/18/2019 16:38:21 1: BEGIN PKREQUESTMANAGER.CALLQUERY(1,'ADM0000001','abe','{}', '{abe,abe}','{}', :cursor); END;
5/18/2019 16:38:23 1: 1 Object(s) returned... [FETCH]
5/18/2019 16:38:23 1: [object Object]
5/18/2019 16:38:23 2: LIBQUERY with Callback: 
5/18/2019 16:38:23 2: BEGIN PKREQUESTMANAGER.CALLQUERY(2,'CLI0000002','abe','{}', '{abe}','{}', :cursor); END;
5/18/2019 16:38:23 3: LIBQUERY with Callback: 
5/18/2019 16:38:23 3: BEGIN PKREQUESTMANAGER.CALLQUERY(3,'CLI0000003','abe','{}', '{abe}','{}', :cursor); END;
5/18/2019 16:38:25 3: 1 Object(s) returned... [FETCH]
5/18/2019 16:38:25 3: [object Object]
5/18/2019 16:38:25 3: 6 Object(s) returned... [FETCH]
5/18/2019 16:38:25 3: [object Object],[object Object],[object Object],[object Object],[object Object],[object Object]
5/18/2019 16:38:25 4: LIBQUERY with Callback: 
5/18/2019 16:38:25 4: BEGIN PKREQUESTMANAGER.CALLQUERY(4,'WDG0000001','abe','{HEINENS_CUSTOM_PROD}', '{abe,-1}','{HN}', :cursor); END;
5/18/2019 16:38:27 4: 9 Object(s) returned... [FETCH]
5/18/2019 16:38:27 4: [object Object],[object Object],[object Object],[object Object],[object Object],[object Object],[object Object],[object Object],[object Object]
5/18/2019 16:40:53 1: BEGIN PKREQUESTMANAGER.CALLQUERY(1,'ADM0000001','abe','{}', '{abe,abe}','{}', :cursor); END;
5/18/2019 16:40:55 1: [object Object]
5/18/2019 16:40:55 1: 1 Object(s) returned... [FETCH]
5/18/2019 16:42:9 1: BEGIN PKREQUESTMANAGER.CALLQUERY(1,'ADM0000001','abe','{}', '{abe,abe}','{}', :cursor); END;
5/18/2019 16:42:11 1: [object Object]
5/18/2019 16:42:11 1: 1 Object(s) returned... [FETCH]
5/18/2019 16:42:11 2: BEGIN PKREQUESTMANAGER.CALLQUERY(2,'CLI0000003','abe','{}', '{abe}','{}', :cursor); END;
5/18/2019 16:42:11 3: BEGIN PKREQUESTMANAGER.CALLQUERY(3,'CLI0000002','abe','{}', '{abe}','{}', :cursor); END;
5/18/2019 16:42:13 3: [object Object]
5/18/2019 16:42:13 3: 1 Object(s) returned... [FETCH]
5/18/2019 16:42:13 3: [object Object],[object Object],[object Object],[object Object],[object Object],[object Object]
5/18/2019 16:42:13 3: 6 Object(s) returned... [FETCH]
5/18/2019 16:42:13 4: BEGIN PKREQUESTMANAGER.CALLQUERY(4,'WDG0000001','abe','{HEINENS_CUSTOM_PROD}', '{abe,-1}','{HN}', :cursor); END;
5/18/2019 16:42:15 4: [object Object],[object Object],[object Object],[object Object],[object Object],[object Object],[object Object],[object Object],[object Object]
5/18/2019 16:42:15 4: 9 Object(s) returned... [FETCH]
5/18/2019 16:43:51 1: BEGIN PKREQUESTMANAGER.CALLQUERY(1,'ADM0000001','abe','{}', '{abe,abe}','{}', :cursor); END;
5/18/2019 16:43:53 1: [object Object]
5/18/2019 16:43:53 1: 1 Object(s) returned... [FETCH]
5/18/2019 16:43:53 2: BEGIN PKREQUESTMANAGER.CALLQUERY(2,'CLI0000003','abe','{}', '{abe}','{}', :cursor); END;
5/18/2019 16:43:53 3: BEGIN PKREQUESTMANAGER.CALLQUERY(3,'CLI0000002','abe','{}', '{abe}','{}', :cursor); END;
5/18/2019 16:43:55 3: [object Object],[object Object],[object Object],[object Object],[object Object],[object Object]
5/18/2019 16:43:55 3: 6 Object(s) returned... [FETCH]
5/18/2019 16:43:55 3: [object Object]
5/18/2019 16:43:55 3: 1 Object(s) returned... [FETCH]
5/18/2019 16:43:55 4: BEGIN PKREQUESTMANAGER.CALLQUERY(4,'WDG0000001','abe','{HEINENS_CUSTOM_PROD}', '{abe,-1}','{HN}', :cursor); END;
5/18/2019 16:43:57 4: [object Object],[object Object],[object Object],[object Object],[object Object],[object Object],[object Object],[object Object],[object Object]
5/18/2019 16:43:57 4: 9 Object(s) returned... [FETCH]
5/18/2019 16:44:42 1: BEGIN PKREQUESTMANAGER.CALLQUERY(1,'ADM0000001','abe','{}', '{abe,abe}','{}', :cursor); END;
5/18/2019 16:44:44 1: [object Object]
5/18/2019 16:44:44 1: 1 Object(s) returned... [FETCH]
5/18/2019 16:44:44 2: BEGIN PKREQUESTMANAGER.CALLQUERY(2,'CLI0000002','abe','{}', '{abe}','{}', :cursor); END;
5/18/2019 16:44:44 3: BEGIN PKREQUESTMANAGER.CALLQUERY(3,'CLI0000003','abe','{}', '{abe}','{}', :cursor); END;
5/18/2019 16:44:46 3: [object Object]
5/18/2019 16:44:46 3: 1 Object(s) returned... [FETCH]
5/18/2019 16:44:46 3: [object Object],[object Object],[object Object],[object Object],[object Object],[object Object]
5/18/2019 16:44:46 3: 6 Object(s) returned... [FETCH]
5/18/2019 16:44:46 4: BEGIN PKREQUESTMANAGER.CALLQUERY(4,'WDG0000001','abe','{HEINENS_CUSTOM_PROD}', '{abe,-1}','{HN}', :cursor); END;
5/18/2019 16:44:48 4: [object Object],[object Object],[object Object],[object Object],[object Object],[object Object],[object Object],[object Object],[object Object]
5/18/2019 16:44:48 4: 9 Object(s) returned... [FETCH]
5/18/2019 16:45:5 1: BEGIN PKREQUESTMANAGER.CALLQUERY(1,'ADM0000001','abe','{}', '{abe,abe}','{}', :cursor); END;
5/18/2019 16:45:8 1: [object Object]
5/18/2019 16:45:8 1: 1 Object(s) returned... [FETCH]
5/18/2019 16:45:8 2: BEGIN PKREQUESTMANAGER.CALLQUERY(2,'CLI0000003','abe','{}', '{abe}','{}', :cursor); END;
5/18/2019 16:45:8 3: BEGIN PKREQUESTMANAGER.CALLQUERY(3,'CLI0000002','abe','{}', '{abe}','{}', :cursor); END;
5/18/2019 16:45:10 3: [object Object],[object Object],[object Object],[object Object],[object Object],[object Object]
5/18/2019 16:45:10 3: 6 Object(s) returned... [FETCH]
5/18/2019 16:45:10 4: BEGIN PKREQUESTMANAGER.CALLQUERY(4,'WDG0000001','abe','{HEINENS_CUSTOM_PROD}', '{abe,-1}','{HN}', :cursor); END;
5/18/2019 16:45:10 3: [object Object]
5/18/2019 16:45:10 3: 1 Object(s) returned... [FETCH]
5/18/2019 16:45:11 4: [object Object],[object Object],[object Object],[object Object],[object Object],[object Object],[object Object],[object Object],[object Object]
5/18/2019 16:45:11 4: 9 Object(s) returned... [FETCH]
5/18/2019 16:51:1 1: BEGIN PKREQUESTMANAGER.CALLQUERY(1,'ADM0000001','abe','{}', '{abe,abe}','{}', :cursor); END;
5/18/2019 16:51:3 1: [object Object]
5/18/2019 16:51:3 1: 1 Object(s) returned... [FETCH]
5/18/2019 16:51:3 2: BEGIN PKREQUESTMANAGER.CALLQUERY(2,'CLI0000002','abe','{}', '{abe}','{}', :cursor); END;
5/18/2019 16:51:3 3: BEGIN PKREQUESTMANAGER.CALLQUERY(3,'CLI0000003','abe','{}', '{abe}','{}', :cursor); END;
5/18/2019 16:51:5 3: [object Object]
5/18/2019 16:51:5 3: 1 Object(s) returned... [FETCH]
5/18/2019 16:51:5 3: [object Object],[object Object],[object Object],[object Object],[object Object],[object Object]
5/18/2019 16:51:5 3: 6 Object(s) returned... [FETCH]
5/18/2019 16:51:5 4: BEGIN PKREQUESTMANAGER.CALLQUERY(4,'WDG0000001','abe','{HEINENS_CUSTOM_PROD}', '{abe,-1}','{HN}', :cursor); END;
5/18/2019 16:51:7 4: [object Object],[object Object],[object Object],[object Object],[object Object],[object Object],[object Object],[object Object],[object Object]
5/18/2019 16:51:7 4: 9 Object(s) returned... [FETCH]
5/18/2019 16:53:19 1: BEGIN PKREQUESTMANAGER.CALLQUERY(1,'ADM0000001','abe','{}', '{abe,abe}','{}', :cursor); END;
5/18/2019 16:53:21 1: [object Object]
5/18/2019 16:53:21 1: 1 Object(s) returned... [FETCH]
5/18/2019 16:53:21 2: BEGIN PKREQUESTMANAGER.CALLQUERY(2,'CLI0000003','abe','{}', '{abe}','{}', :cursor); END;
5/18/2019 16:53:21 3: BEGIN PKREQUESTMANAGER.CALLQUERY(3,'CLI0000002','abe','{}', '{abe}','{}', :cursor); END;
5/18/2019 16:53:23 3: [object Object]
5/18/2019 16:53:23 3: 1 Object(s) returned... [FETCH]
5/18/2019 16:53:23 3: [object Object],[object Object],[object Object],[object Object],[object Object],[object Object]
5/18/2019 16:53:23 3: 6 Object(s) returned... [FETCH]
5/18/2019 16:53:23 4: BEGIN PKREQUESTMANAGER.CALLQUERY(4,'WDG0000001','abe','{HEINENS_CUSTOM_PROD}', '{abe,-1}','{HN}', :cursor); END;
5/18/2019 16:53:25 4: [object Object],[object Object],[object Object],[object Object],[object Object],[object Object],[object Object],[object Object],[object Object]
5/18/2019 16:53:25 4: 9 Object(s) returned... [FETCH]
