10/20/2018 16:52:58 1: LIBQUERY with Callback: 
10/20/2018 16:52:58 1: BEGIN PKREQUESTMANAGER.CALLQUERY(1,'ADM0000001','abe','{}', '{abe,abe}','{}', :cursor); END;
10/20/2018 16:53:0 2: LIBQUERY with Callback: 
10/20/2018 16:53:0 2: BEGIN PKREQUESTMANAGER.CALLQUERY(2,'ADM0000001','abe','{}', '{abe,abe}','{}', :cursor); END;
10/20/2018 16:53:0 2: 1 Object(s) returned... [FETCH]
10/20/2018 16:53:0 2: [object Object]
10/20/2018 16:53:0 2: 1 Object(s) returned... [FETCH]
10/20/2018 16:53:0 2: [object Object]
10/20/2018 16:53:0 2: {"metaData":[{"name":"USERID"},{"name":"USERFNAME"},{"name":"USERLNAME"},{"name":"USEREMAIL"},{"name":"USERMOBILE"}]}
10/20/2018 16:53:0 2: {"metaData":[{"name":"USERID"},{"name":"USERFNAME"},{"name":"USERLNAME"},{"name":"USEREMAIL"},{"name":"USERMOBILE"}]}
10/20/2018 16:55:44 3: LIBQUERY with Callback: 
10/20/2018 16:55:44 3: BEGIN PKREQUESTMANAGER.CALLQUERY(3,'ADM0000001','abe','{}', '{abe,abe}','{}', :cursor); END;
10/20/2018 16:55:45 3: 1 Object(s) returned... [FETCH]
10/20/2018 16:55:45 3: [object Object]
10/20/2018 16:55:45 3: {"metaData":[{"name":"USERID"},{"name":"USERFNAME"},{"name":"USERLNAME"},{"name":"USEREMAIL"},{"name":"USERMOBILE"}]}
10/20/2018 16:56:19 4: LIBQUERY with Callback: 
10/20/2018 16:56:19 4: BEGIN PKREQUESTMANAGER.CALLQUERY(4,'ADM0000001','abe','{}', '{abe,abe}','{}', :cursor); END;
10/20/2018 16:56:20 4: 1 Object(s) returned... [FETCH]
10/20/2018 16:56:20 4: [object Object]
10/20/2018 16:56:20 4: {"metaData":[{"name":"USERID"},{"name":"USERFNAME"},{"name":"USERLNAME"},{"name":"USEREMAIL"},{"name":"USERMOBILE"}]}
10/20/2018 16:57:9 5: LIBQUERY with Callback: 
10/20/2018 16:57:9 5: BEGIN PKREQUESTMANAGER.CALLQUERY(5,'ADM0000001','abe','{}', '{abe,abe}','{}', :cursor); END;
10/20/2018 16:57:9 5: 1 Object(s) returned... [FETCH]
10/20/2018 16:57:9 5: [object Object]
10/20/2018 16:57:9 5: {"metaData":[{"name":"USERID"},{"name":"USERFNAME"},{"name":"USERLNAME"},{"name":"USEREMAIL"},{"name":"USERMOBILE"}]}
10/20/2018 16:57:11 6: LIBQUERY with Callback: 
10/20/2018 16:57:11 6: BEGIN PKREQUESTMANAGER.CALLQUERY(6,'CLI0000002','abe','{}', '{abe}','{}', :cursor); END;
10/20/2018 16:57:11 7: LIBQUERY with Callback: 
10/20/2018 16:57:11 7: BEGIN PKREQUESTMANAGER.CALLQUERY(7,'CLI0000003','abe','{}', '{abe}','{}', :cursor); END;
10/20/2018 16:57:11 7: 1 Object(s) returned... [FETCH]
10/20/2018 16:57:11 7: [object Object]
10/20/2018 16:57:11 7: {"metaData":[{"name":"USERID"},{"name":"USERCORPID"},{"name":"USERPASS"},{"name":"USERAUTH"},{"name":"USERLANG"},{"name":"USERPROF"},{"name":"USERAPPLI"},{"name":"USERFNAME"},{"name":"USERLNAME"},{"name":"USEREMAIL"},{"name":"USERMOBILE"},{"name":"USERTEAM"},{"name":"USERACTIVE"},{"name":"USERDCRE"},{"name":"USERDMAJ"},{"name":"USERUTIL"},{"name":"USERTYPE"}]}
10/20/2018 16:57:11 7: 5 Object(s) returned... [FETCH]
10/20/2018 16:57:11 7: [object Object],[object Object],[object Object],[object Object],[object Object]
10/20/2018 16:57:11 7: {"metaData":[{"name":"LEVEL"},{"name":"ENVID"},{"name":"ENVCORPID"},{"name":"CORPSDESC"},{"name":"ENVCODE"},{"name":"ENVTYPE"},{"name":"ENVACTIVE"},{"name":"ENVSDESC"},{"name":"ENVLDESC"},{"name":"ENVDBTYPE"},{"name":"ENVIP"},{"name":"ENVPORT"},{"name":"ENVUSER"},{"name":"ENVPASSWORD"},{"name":"ENVSOURCE"},{"name":"ENVDBLINK"},{"name":"ENVDEFAULT"},{"name":"ENVDCRE"},{"name":"ENVDMAJ"},{"name":"ENVUTIL"},{"name":"ENVVERSION"},{"name":"ENVDEFLANG"},{"name":"CORPPIC"},{"name":"ENVVARINITSH"}]}
10/20/2018 16:57:56 8: LIBQUERY with Callback: 
10/20/2018 16:57:56 8: BEGIN PKREQUESTMANAGER.CALLQUERY(8,'ADM0000001','abe','{}', '{abe,abe}','{}', :cursor); END;
10/20/2018 16:57:57 8: 1 Object(s) returned... [FETCH]
10/20/2018 16:57:57 8: [object Object]
10/20/2018 16:57:57 8: {"metaData":[{"name":"USERID"},{"name":"USERFNAME"},{"name":"USERLNAME"},{"name":"USEREMAIL"},{"name":"USERMOBILE"}]}
10/20/2018 16:57:57 9: LIBQUERY with Callback: 
10/20/2018 16:57:57 9: BEGIN PKREQUESTMANAGER.CALLQUERY(9,'CLI0000002','abe','{}', '{abe}','{}', :cursor); END;
10/20/2018 16:57:57 10: LIBQUERY with Callback: 
10/20/2018 16:57:57 10: BEGIN PKREQUESTMANAGER.CALLQUERY(10,'CLI0000003','abe','{}', '{abe}','{}', :cursor); END;
10/20/2018 16:57:57 10: 1 Object(s) returned... [FETCH]
10/20/2018 16:57:57 10: [object Object]
10/20/2018 16:57:57 10: {"metaData":[{"name":"USERID"},{"name":"USERCORPID"},{"name":"USERPASS"},{"name":"USERAUTH"},{"name":"USERLANG"},{"name":"USERPROF"},{"name":"USERAPPLI"},{"name":"USERFNAME"},{"name":"USERLNAME"},{"name":"USEREMAIL"},{"name":"USERMOBILE"},{"name":"USERTEAM"},{"name":"USERACTIVE"},{"name":"USERDCRE"},{"name":"USERDMAJ"},{"name":"USERUTIL"},{"name":"USERTYPE"}]}
10/20/2018 16:57:57 10: 5 Object(s) returned... [FETCH]
10/20/2018 16:57:57 10: [object Object],[object Object],[object Object],[object Object],[object Object]
10/20/2018 16:57:57 10: {"metaData":[{"name":"LEVEL"},{"name":"ENVID"},{"name":"ENVCORPID"},{"name":"CORPSDESC"},{"name":"ENVCODE"},{"name":"ENVTYPE"},{"name":"ENVACTIVE"},{"name":"ENVSDESC"},{"name":"ENVLDESC"},{"name":"ENVDBTYPE"},{"name":"ENVIP"},{"name":"ENVPORT"},{"name":"ENVUSER"},{"name":"ENVPASSWORD"},{"name":"ENVSOURCE"},{"name":"ENVDBLINK"},{"name":"ENVDEFAULT"},{"name":"ENVDCRE"},{"name":"ENVDMAJ"},{"name":"ENVUTIL"},{"name":"ENVVERSION"},{"name":"ENVDEFLANG"},{"name":"CORPPIC"},{"name":"ENVVARINITSH"}]}
10/20/2018 16:58:33 11: LIBQUERY with Callback: 
10/20/2018 16:58:33 11: BEGIN PKREQUESTMANAGER.CALLQUERY(11,'ADM0000001','abe','{}', '{abe,abe}','{}', :cursor); END;
10/20/2018 16:58:34 11: 1 Object(s) returned... [FETCH]
10/20/2018 16:58:34 11: [object Object]
10/20/2018 16:58:34 11: {"metaData":[{"name":"USERID"},{"name":"USERFNAME"},{"name":"USERLNAME"},{"name":"USEREMAIL"},{"name":"USERMOBILE"}]}
10/20/2018 16:58:34 12: LIBQUERY with Callback: 
10/20/2018 16:58:34 12: BEGIN PKREQUESTMANAGER.CALLQUERY(12,'CLI0000002','abe','{}', '{abe}','{}', :cursor); END;
10/20/2018 16:58:34 13: LIBQUERY with Callback: 
10/20/2018 16:58:34 13: BEGIN PKREQUESTMANAGER.CALLQUERY(13,'CLI0000003','abe','{}', '{abe}','{}', :cursor); END;
10/20/2018 16:58:34 13: 1 Object(s) returned... [FETCH]
10/20/2018 16:58:34 13: [object Object]
10/20/2018 16:58:34 13: {"metaData":[{"name":"USERID"},{"name":"USERCORPID"},{"name":"USERPASS"},{"name":"USERAUTH"},{"name":"USERLANG"},{"name":"USERPROF"},{"name":"USERAPPLI"},{"name":"USERFNAME"},{"name":"USERLNAME"},{"name":"USEREMAIL"},{"name":"USERMOBILE"},{"name":"USERTEAM"},{"name":"USERACTIVE"},{"name":"USERDCRE"},{"name":"USERDMAJ"},{"name":"USERUTIL"},{"name":"USERTYPE"}]}
10/20/2018 16:58:34 13: 5 Object(s) returned... [FETCH]
10/20/2018 16:58:34 13: [object Object],[object Object],[object Object],[object Object],[object Object]
10/20/2018 16:58:34 13: {"metaData":[{"name":"LEVEL"},{"name":"ENVID"},{"name":"ENVCORPID"},{"name":"CORPSDESC"},{"name":"ENVCODE"},{"name":"ENVTYPE"},{"name":"ENVACTIVE"},{"name":"ENVSDESC"},{"name":"ENVLDESC"},{"name":"ENVDBTYPE"},{"name":"ENVIP"},{"name":"ENVPORT"},{"name":"ENVUSER"},{"name":"ENVPASSWORD"},{"name":"ENVSOURCE"},{"name":"ENVDBLINK"},{"name":"ENVDEFAULT"},{"name":"ENVDCRE"},{"name":"ENVDMAJ"},{"name":"ENVUTIL"},{"name":"ENVVERSION"},{"name":"ENVDEFLANG"},{"name":"CORPPIC"},{"name":"ENVVARINITSH"}]}
10/20/2018 16:59:9 14: LIBQUERY with Callback: 
10/20/2018 16:59:9 14: BEGIN PKREQUESTMANAGER.CALLQUERY(14,'ADM0000001','abe','{}', '{abe,abe}','{}', :cursor); END;
10/20/2018 16:59:9 14: 1 Object(s) returned... [FETCH]
10/20/2018 16:59:9 14: [object Object]
10/20/2018 16:59:9 14: {"metaData":[{"name":"USERID"},{"name":"USERFNAME"},{"name":"USERLNAME"},{"name":"USEREMAIL"},{"name":"USERMOBILE"}]}
10/20/2018 16:59:9 15: LIBQUERY with Callback: 
10/20/2018 16:59:9 15: BEGIN PKREQUESTMANAGER.CALLQUERY(15,'CLI0000002','abe','{}', '{abe}','{}', :cursor); END;
10/20/2018 16:59:9 16: LIBQUERY with Callback: 
10/20/2018 16:59:9 16: BEGIN PKREQUESTMANAGER.CALLQUERY(16,'CLI0000003','abe','{}', '{abe}','{}', :cursor); END;
10/20/2018 16:59:10 16: 1 Object(s) returned... [FETCH]
10/20/2018 16:59:10 16: [object Object]
10/20/2018 16:59:10 16: 5 Object(s) returned... [FETCH]
10/20/2018 16:59:10 16: [object Object],[object Object],[object Object],[object Object],[object Object]
10/20/2018 16:59:10 16: {"metaData":[{"name":"USERID"},{"name":"USERCORPID"},{"name":"USERPASS"},{"name":"USERAUTH"},{"name":"USERLANG"},{"name":"USERPROF"},{"name":"USERAPPLI"},{"name":"USERFNAME"},{"name":"USERLNAME"},{"name":"USEREMAIL"},{"name":"USERMOBILE"},{"name":"USERTEAM"},{"name":"USERACTIVE"},{"name":"USERDCRE"},{"name":"USERDMAJ"},{"name":"USERUTIL"},{"name":"USERTYPE"}]}
10/20/2018 16:59:10 16: {"metaData":[{"name":"LEVEL"},{"name":"ENVID"},{"name":"ENVCORPID"},{"name":"CORPSDESC"},{"name":"ENVCODE"},{"name":"ENVTYPE"},{"name":"ENVACTIVE"},{"name":"ENVSDESC"},{"name":"ENVLDESC"},{"name":"ENVDBTYPE"},{"name":"ENVIP"},{"name":"ENVPORT"},{"name":"ENVUSER"},{"name":"ENVPASSWORD"},{"name":"ENVSOURCE"},{"name":"ENVDBLINK"},{"name":"ENVDEFAULT"},{"name":"ENVDCRE"},{"name":"ENVDMAJ"},{"name":"ENVUTIL"},{"name":"ENVVERSION"},{"name":"ENVDEFLANG"},{"name":"CORPPIC"},{"name":"ENVVARINITSH"}]}
