7/24/2017 9:16:31 1: LIBQUERY with Callback: 
7/24/2017 9:16:31 1: Path request:/api/authentification/
7/24/2017 9:16:31 1: Path header:undefined
7/24/2017 9:16:31 1: Path query:{}
7/24/2017 9:16:31 1: BEGIN PKREQUESTMANAGER.CALLQUERY(1,'ADM0000001','abe','{}', '{abe,a}','{}', :cursor); END;
7/24/2017 9:16:31 1: 0 Object(s) returned... [FETCH] :)
7/24/2017 9:16:48 2: LIBQUERY with Callback: 
7/24/2017 9:16:48 2: Path request:/api/authentification/
7/24/2017 9:16:48 2: Path header:undefined
7/24/2017 9:16:48 2: Path query:{}
7/24/2017 9:16:48 2: BEGIN PKREQUESTMANAGER.CALLQUERY(2,'ADM0000001','abe','{}', '{abe,abe}','{}', :cursor); END;
7/24/2017 9:16:48 2: 1 Object(s) returned... [FETCH]
7/24/2017 9:16:48 2: [object Object]
7/24/2017 9:16:48 3: LIBQUERY with Callback: 
7/24/2017 9:16:48 3: Path request:/api/user/
7/24/2017 9:16:48 3: Path header:undefined
7/24/2017 9:16:48 3: Path query:{"USER_NAME":"abe"}
7/24/2017 9:16:48 3: BEGIN PKREQUESTMANAGER.CALLQUERY(3,'CLI0000002','abe','{}', '{abe}','{}', :cursor); END;
7/24/2017 9:16:48 4: LIBQUERY with Callback: 
7/24/2017 9:16:48 4: Path request:/api/environment/
7/24/2017 9:16:48 4: Path header:undefined
7/24/2017 9:16:48 4: Path query:{"USER_NAME":"abe"}
7/24/2017 9:16:48 4: BEGIN PKREQUESTMANAGER.CALLQUERY(4,'CLI0000003','abe','{}', '{abe}','{}', :cursor); END;
7/24/2017 9:16:48 4: 1 Object(s) returned... [FETCH]
7/24/2017 9:16:48 4: [object Object]
7/24/2017 9:16:48 4: 6 Object(s) returned... [FETCH]
7/24/2017 9:16:48 4: [object Object],[object Object],[object Object],[object Object],[object Object],[object Object]
7/24/2017 9:16:48 5: LIBQUERY with Callback: 
7/24/2017 9:16:48 5: Path request:/api/labels/
7/24/2017 9:16:48 5: Path header:undefined
7/24/2017 9:16:48 5: Path query:{}
7/24/2017 9:16:48 5: BEGIN PKREQUESTMANAGER.CALLQUERY(5,'LAB0000001','abe','{undefined}', '{undefined}','{HN}', :cursor); END;
7/24/2017 9:16:48 5: 36 Object(s) returned... [FETCH]
7/24/2017 9:16:48 5: [object Object],[object Object],[object Object],[object Object],[object Object],[object Object],[object Object],[object Object],[object Object],[object Object],[object Object],[object Object],[object Object],[object Object],[object Object],[object Object],[object Object],[object Object],[object Object],[object Object],[object Object],[object Object],[object Object],[object Object],[object Object],[object Object],[object Object],[object Object],[object Object],[object Object],[object Object],[object Object],[object Object],[object Object],[object Object],[object Object]
