1/3/2022 14:43:19 [mgarry] 157: "BEGIN PKREQUESTMANAGER.CALLQUERY(157,'ADM0000001','mgarry','{}', '{mgarry,Heinens}','{}', :cursor); END;"
1/3/2022 14:43:19 [mgarry] 157: "[{\"USERID\":\"mgarry\",\"USERFNAME\":\"Michele\",\"USERLNAME\":\"Garry\",\"USEREMAIL\":\"mgarry@heinens.com\",\"USERMOBILE\":null}]"
1/3/2022 14:43:19 [mgarry] 157: "1 Object(s) returned... [FETCH]"
1/3/2022 14:43:19 [mgarry] 158: "BEGIN PKREQUESTMANAGER.CALLQUERY(158,'CLI0000002','mgarry','{}', '{mgarry}','{}', :cursor); END;"
1/3/2022 14:43:19 [mgarry] 159: "BEGIN PKREQUESTMANAGER.CALLQUERY(159,'CLI0000003','mgarry','{}', '{mgarry}','{}', :cursor); END;"
1/3/2022 14:43:19 [mgarry] 158: "[{\"USERID\":\"mgarry\",\"USERCORPID\":2,\"USERPASS\":\"SGVpbmVucw==\",\"USERAUTH\":null,\"USERLANG\":\"us_US\",\"USERPROF\":null,\"USERAPPLI\":3,\"USERFNAME\":\"Michele\",\"USERLNAME\":\"Garry\",\"USEREMAIL\":\"mgarry@heinens.com\",\"USERMOBILE\":null,\"USERTEAM\":null,\"USERACTIVE\":1,\"USERDCRE\":\"2020-11-09T05:00:00.000Z\",\"USERDMAJ\":\"2020-11-09T05:00:00.000Z\",\"USERUTIL\":\"admin\",\"USERTYPE\":2}]"
1/3/2022 14:43:19 [mgarry] 158: "1 Object(s) returned... [FETCH]"
1/3/2022 14:43:19 [mgarry] 159: "[{\"LEVEL\":\"CORPORATE\",\"ENVID\":1,\"ENVCORPID\":2,\"CORPSDESC\":\"Heinen's\",\"ENVCODE\":\"CENTRAL_UAT\",\"ENVTYPE\":4,\"ENVACTIVE\":1,\"ENVSDESC\":\"User Acceptance\",\"ENVLDESC\":\"Heinen's Central UAT environement\",\"ENVDBTYPE\":1,\"ENVIP\":\"10.200.14.232\",\"ENVPORT\":1521,\"ENVUSER\":\"hntcen\",\"ENVPASSWORD\":\"Heinen123!\",\"ENVSOURCE\":\"test\",\"ENVDBLINK\":\"HEINENS_CEN_UAT\",\"ENVDEFAULT\":0,\"ENVDCRE\":\"2017-03-21T05:00:00.000Z\",\"ENVDMAJ\":\"2017-03-21T05:00:00.000Z\",\"ENVUTIL\":\"abe\",\"ENVVERSION\":1,\"ENVDEFLANG\":\"HN\",\"CORPPIC\":\"./assets/pictures/corporate/heinens.jpg\",\"ENVVARINITSH\":\". /home/hntcen/env/envCEN\",\"ENVTITLECOLOR\":\"yellow\",\"ENVTITLE\":\"Inventory Control Room (Acceptance)\"},{\"LEVEL\":\"CORPORATE\",\"ENVID\":2,\"ENVCORPID\":2,\"CORPSDESC\":\"Heinen's\",\"ENVCODE\":\"STOCK_UAT\",\"ENVTYPE\":4,\"ENVACTIVE\":1,\"ENVSDESC\":\"Heinen's Stock UAT\",\"ENVLDESC\":\"Heinen's Stock UAT environement\",\"ENVDBTYPE\":1,\"ENVIP\":\"10.200.14.232\",\"ENVPORT\":1521,\"ENVUSER\":\"hntstk\",\"ENVPASSWORD\":\"Heinen123!\",\"ENVSOURCE\":\"test\",\"ENVDBLINK\":\"HEINENS_STK_UAT\",\"ENVDEFAULT\":0,\"ENVDCRE\":\"2017-03-21T05:00:00.000Z\",\"ENVDMAJ\":\"2017-03-21T05:00:00.000Z\",\"ENVUTIL\":\"abe\",\"ENVVERSION\":2,\"ENVDEFLANG\":\"HN\",\"CORPPIC\":\"./assets/pictures/corporate/heinens.jpg\",\"ENVVARINITSH\":\". /home/hntstk/env/envSTK\",\"ENVTITLECOLOR\":\"yellow\",\"ENVTITLE\":\"Inventory Control Room (Acceptance)\"},{\"LEVEL\":\"USER\",\"ENVID\":1,\"ENVCORPID\":2,\"CORPSDESC\":\"Heinen's\",\"ENVCODE\":\"CENTRAL_UAT\",\"ENVTYPE\":4,\"ENVACTIVE\":1,\"ENVSDESC\":\"User Acceptance\",\"ENVLDESC\":\"Heinen's Central UAT environement\",\"ENVDBTYPE\":1,\"ENVIP\":\"10.200.14.232\",\"ENVPORT\":1521,\"ENVUSER\":\"hntcen\",\"ENVPASSWORD\":\"Heinen123!\",\"ENVSOURCE\":\"test\",\"ENVDBLINK\":\"HEINENS_CEN_UAT\",\"ENVDEFAULT\":0,\"ENVDCRE\":\"2017-03-21T05:00:00.000Z\",\"ENVDMAJ\":\"2017-03-21T05:00:00.000Z\",\"ENVUTIL\":\"abe\",\"ENVVERSION\":1,\"ENVDEFLANG\":\"HN\",\"CORPPIC\":\"./assets/pictures/corporate/heinens.jpg\",\"ENVVARINITSH\":\". /home/hntcen/env/envCEN\",\"ENVTITLECOLOR\":\"yellow\",\"ENVTITLE\":\"Inventory Control Room (Acceptance)\"},{\"LEVEL\":\"CORPORATE\",\"ENVID\":3,\"ENVCORPID\":2,\"CORPSDESC\":\"Heinen's\",\"ENVCODE\":\"HN_CENTRAL_PROD\",\"ENVTYPE\":7,\"ENVACTIVE\":1,\"ENVSDESC\":\"Production\",\"ENVLDESC\":\"Heinen's Custom PROD environement\",\"ENVDBTYPE\":1,\"ENVIP\":\"10.200.14.231\",\"ENVPORT\":1521,\"ENVUSER\":\"hnpcen\",\"ENVPASSWORD\":\"Heinen123!\",\"ENVSOURCE\":\"central\",\"ENVDBLINK\":\"HEINENS_CUSTOM_PROD\",\"ENVDEFAULT\":1,\"ENVDCRE\":\"2017-04-22T05:00:00.000Z\",\"ENVDMAJ\":\"2017-03-21T05:00:00.000Z\",\"ENVUTIL\":\"abe\",\"ENVVERSION\":1,\"ENVDEFLANG\":\"HN\",\"CORPPIC\":\"./assets/pictures/corporate/heinens.jpg\",\"ENVVARINITSH\":\". /home/hnpcen/env/envCEN\",\"ENVTITLECOLOR\":\"white\",\"ENVTITLE\":\"Inventory Control Room\"},{\"LEVEL\":\"CORPORATE\",\"ENVID\":4,\"ENVCORPID\":2,\"CORPSDESC\":\"Heinen's\",\"ENVCODE\":\"HN_STOCK_PROD\",\"ENVTYPE\":7,\"ENVACTIVE\":1,\"ENVSDESC\":\"Production Warehouse\",\"ENVLDESC\":\"Heinen's Warehouse PROD environement\",\"ENVDBTYPE\":1,\"ENVIP\":\"10.200.14.231\",\"ENVPORT\":1521,\"ENVUSER\":\"hnpstk\",\"ENVPASSWORD\":\"Heinen123!\",\"ENVSOURCE\":\"central\",\"ENVDBLINK\":\"HEINENS_CUSTOM_PROD\",\"ENVDEFAULT\":1,\"ENVDCRE\":\"2020-01-02T05:00:00.000Z\",\"ENVDMAJ\":\"2020-01-02T05:00:00.000Z\",\"ENVUTIL\":\"abe\",\"ENVVERSION\":1,\"ENVDEFLANG\":\"HN\",\"CORPPIC\":\"./assets/pictures/corporate/heinens.jpg\",\"ENVVARINITSH\":\". /home/hnpsk/env/envSTK\",\"ENVTITLECOLOR\":\"white\",\"ENVTITLE\":\"Inventory Control Room\"},{\"LEVEL\":\"USER\",\"ENVID\":3,\"ENVCORPID\":2,\"CORPSDESC\":\"Heinen's\",\"ENVCODE\":\"HN_CENTRAL_PROD\",\"ENVTYPE\":7,\"ENVACTIVE\":1,\"ENVSDESC\":\"Production\",\"ENVLDESC\":\"Heinen's Custom PROD environement\",\"ENVDBTYPE\":1,\"ENVIP\":\"10.200.14.231\",\"ENVPORT\":1521,\"ENVUSER\":\"hnpcen\",\"ENVPASSWORD\":\"Heinen123!\",\"ENVSOURCE\":\"central\",\"ENVDBLINK\":\"HEINENS_CUSTOM_PROD\",\"ENVDEFAULT\":1,\"ENVDCRE\":\"2017-04-22T05:00:00.000Z\",\"ENVDMAJ\":\"2017-03-21T05:00:00.000Z\",\"ENVUTIL\":\"abe\",\"ENVVERSION\":1,\"ENVDEFLANG\":\"HN\",\"CORPPIC\":\"./assets/pictures/corporate/heinens.jpg\",\"ENVVARINITSH\":\". /home/hnpcen/env/envCEN\",\"ENVTITLECOLOR\":\"white\",\"ENVTITLE\":\"Inventory Control Room\"}]"
1/3/2022 14:43:19 [mgarry] 159: "6 Object(s) returned... [FETCH]"
1/3/2022 14:43:20 [mgarry] 160: "BEGIN PKREQUESTMANAGER.CALLQUERY(160,'SCR0000001','mgarry','{HEINENS_CUSTOM_PROD}', '{SCR0000000001,mgarry}','{HN}', :cursor); END;"
1/3/2022 14:43:20 [mgarry] 161: "BEGIN PKREQUESTMANAGER.CALLQUERY(161,'WDG0000001','mgarry','{HEINENS_CUSTOM_PROD}', '{mgarry,-1}','{HN}', :cursor); END;"
1/3/2022 14:43:20 [mgarry] 160: " Error... : {\"errorNum\":0,\"offset\":0}"
1/3/2022 14:43:20 [mgarry] 161: "27 Object(s) returned... [FETCH]"
1/3/2022 14:43:20 [mgarry] 162: "BEGIN PKREQUESTMANAGER.CALLQUERY(162,'WDG1000000','mgarry','{HEINENS_CUSTOM_PROD}', '{WDG0000000014,null}','{HN}', :cursor); END;"
1/3/2022 14:43:20 [mgarry] 163: "./repository/downloads/dashboard/INV0000001_HEINENS_CUSTOM_PROD.json File(s) returned... [FETCH]"
1/3/2022 14:43:20 [mgarry] 164: "BEGIN PKREQUESTMANAGER.CALLQUERY(164,'WDG1000000','mgarry','{HEINENS_CUSTOM_PROD}', '{WDG0000000013,null}','{HN}', :cursor); END;"
1/3/2022 14:43:20 [mgarry] 165: "BEGIN PKREQUESTMANAGER.CALLQUERY(165,'WDG1000000','mgarry','{HEINENS_CUSTOM_PROD}', '{WDG0000000010,null}','{HN}', :cursor); END;"
1/3/2022 14:43:20 [mgarry] 166: "BEGIN PKREQUESTMANAGER.CALLQUERY(166,'WDG1000000','mgarry','{HEINENS_CUSTOM_PROD}', '{WDG0000000016,1020100000000}','{HN}', :cursor); END;"
1/3/2022 14:43:20 [mgarry] 167: "BEGIN PKREQUESTMANAGER.CALLQUERY(167,'WDG1000000','mgarry','{HEINENS_CUSTOM_PROD}', '{WDG0000000017,1020100000000}','{HN}', :cursor); END;"
1/3/2022 14:43:20 [mgarry] 168: "BEGIN PKREQUESTMANAGER.CALLQUERY(168,'WDG1000000','mgarry','{HEINENS_CUSTOM_PROD}', '{WDG0000000016,1030010000000}','{HN}', :cursor); END;"
1/3/2022 14:43:20 [mgarry] 165: "[]"
1/3/2022 14:43:20 [mgarry] 165: "0 Object(s) returned... [FETCH]"
1/3/2022 14:43:21 [mgarry] 166: "[]"
1/3/2022 14:43:21 [mgarry] 166: "0 Object(s) returned... [FETCH]"
1/3/2022 14:43:21 [mgarry] 168: "[]"
1/3/2022 14:43:21 [mgarry] 168: "0 Object(s) returned... [FETCH]"
1/3/2022 14:43:21 [mgarry] 169: "BEGIN PKREQUESTMANAGER.CALLQUERY(169,'WDG1000000','mgarry','{HEINENS_CUSTOM_PROD}', '{WDG0000000017,1030010000000}','{HN}', :cursor); END;"
1/3/2022 14:43:22 [mgarry] 164: "[{\"TYPE\":\"success\",\"MESSAGE\":\"No store deliveries blocked in inbound receipts (INTDEREC/WDETREC).\",\"RECEIPT_DATE\":\"01/03/2022\"}]"
1/3/2022 14:43:22 [mgarry] 164: "1 Object(s) returned... [FETCH]"
1/3/2022 14:43:23 [mgarry] 167: "[]"
1/3/2022 14:43:23 [mgarry] 167: "0 Object(s) returned... [FETCH]"
1/3/2022 14:43:23 [mgarry] 169: "[]"
1/3/2022 14:43:23 [mgarry] 169: "0 Object(s) returned... [FETCH]"
1/3/2022 14:43:26 [mgarry] 170: "BEGIN PKREQUESTMANAGER.CALLQUERY(170,'SCR0000001','mgarry','{HEINENS_CUSTOM_PROD}', '{SCR0000000003,mgarry}','{HN}', :cursor); END;"
1/3/2022 14:43:26 [mgarry] 170: " Error... : {\"errorNum\":0,\"offset\":0}"
1/3/2022 14:43:36 [mgarry] 171: "BEGIN PKREQUESTMANAGER.CALLQUERY(171,'SUP0000002','mgarry','{HEINENS_CUSTOM_PROD}', '{AO1619272,01/04/2022,01/24/2022}','{HN}', :cursor); END;"
1/3/2022 14:43:37 [mgarry] 171: "69 Object(s) returned... [FETCH]"
1/3/2022 14:44:10 [mgarry] 172: "BEGIN PKREQUESTMANAGER.CALLQUERY(172,'SCH0000001','mgarry','{HEINENS_CUSTOM_PROD}', '{AO1619272,AO16192C,0,AO16192S,01/04/2022,01/24/2022,mgarry,1,4,5,6,7,8,9,10,11,12,14,15,16,17,18,19,20,21,22,41,42,43,44}','{HN}', :cursor); END;"
1/3/2022 14:44:11 [mgarry] 172: "[{\"'ALTERED'\":\"altered\"}]"
1/3/2022 14:44:11 [mgarry] 172: "1 Object(s) returned... [FETCH]"
1/3/2022 14:44:11 [mgarry] 173: "BEGIN PKREQUESTMANAGER.CALLQUERY(173,'SCH0000002','mgarry','{HEINENS_CUSTOM_PROD}', '{AO1619272,AO16192C,0,AO16192S,01/10/2022,1010,01/13/2022,0000,mgarry,1,4,5,6,7,8,9,10,11,12,14,15,16,17,18,19,20,21,22,41,42,43,44}','{HN}', :cursor); END;"
1/3/2022 14:44:11 [mgarry] 174: "BEGIN PKREQUESTMANAGER.CALLQUERY(174,'SCH0000002','mgarry','{HEINENS_CUSTOM_PROD}', '{AO1619272,AO16192C,0,AO16192S,01/24/2022,1010,01/27/2022,0000,mgarry,1,4,5,6,7,8,9,10,11,12,14,15,16,17,18,19,20,21,22,41,42,43,44}','{HN}', :cursor); END;"
1/3/2022 14:44:11 [mgarry] 175: "BEGIN PKREQUESTMANAGER.CALLQUERY(175,'SCH0000002','mgarry','{HEINENS_CUSTOM_PROD}', '{AO1619272,AO16192C,0,AO16192S,01/14/2022,1010,01/20/2022,0000,mgarry,1,4,5,6,7,8,9,10,11,12,14,15,16,17,18,19,20,21,22,41,42,43,44}','{HN}', :cursor); END;"
1/3/2022 14:44:11 [mgarry] 173: "[{\"'ALTERED'\":\"altered\"}]"
1/3/2022 14:44:11 [mgarry] 173: "1 Object(s) returned... [FETCH]"
1/3/2022 14:44:11 [mgarry] 174: "[{\"'ALTERED'\":\"altered\"}]"
1/3/2022 14:44:11 [mgarry] 174: "1 Object(s) returned... [FETCH]"
1/3/2022 14:44:11 [mgarry] 175: "[{\"'ALTERED'\":\"altered\"}]"
1/3/2022 14:44:11 [mgarry] 175: "1 Object(s) returned... [FETCH]"
1/3/2022 14:44:57 [mgarry] 162: "[]"
1/3/2022 14:44:57 [mgarry] 162: "0 Object(s) returned... [FETCH]"
