3/21/2017 8:18:48 2: Connecting to database:{"user":"controlroom","password":"controlroom","connectString":"192.168.56.101/xe"}
3/21/2017 8:18:48 2: LIBQUERY with Callback: 
3/21/2017 8:18:48 2: Path request:/api/authentification/
3/21/2017 8:18:48 2: Path header:undefined
3/21/2017 8:18:48 2: Path query:{}
3/21/2017 8:18:48 2: BEGIN PKREQUESTMANAGER.CALLQUERY(2,'ADM0000001','admin','{}', '{admin,admin}','{}', :cursor); END;
3/21/2017 8:18:48 2: 1 Object(s) returned... [FETCH]
3/21/2017 8:18:48 2: [object Object]
3/21/2017 8:27:47 3: Connecting to database:{"user":"controlroom","password":"controlroom","connectString":"192.168.56.101/xe"}
3/21/2017 8:27:47 3: LIBQUERY with Callback: 
3/21/2017 8:27:47 3: Path request:/api/authentification/
3/21/2017 8:27:47 3: Path header:undefined
3/21/2017 8:27:47 3: Path query:{}
3/21/2017 8:27:47 3: BEGIN PKREQUESTMANAGER.CALLQUERY(3,'ADM0000001','admin','{}', '{admin,admin}','{}', :cursor); END;
3/21/2017 8:27:47 3: 1 Object(s) returned... [FETCH]
3/21/2017 8:27:47 3: [object Object]
3/21/2017 8:31:59 4: Connecting to database:{"user":"controlroom","password":"controlroom","connectString":"192.168.56.101/xe"}
3/21/2017 8:31:59 4: LIBQUERY with Callback: 
3/21/2017 8:31:59 4: Path request:/api/authentification/
3/21/2017 8:31:59 4: Path header:undefined
3/21/2017 8:31:59 4: Path query:{}
3/21/2017 8:31:59 4: BEGIN PKREQUESTMANAGER.CALLQUERY(4,'ADM0000001','admin','{}', '{admin,admin}','{}', :cursor); END;
3/21/2017 8:31:59 4: 1 Object(s) returned... [FETCH]
3/21/2017 8:31:59 4: [object Object]
3/21/2017 8:49:6 7: Connecting to database:{"user":"controlroom","password":"controlroom","connectString":"192.168.56.101/xe"}
3/21/2017 8:49:6 7: LIBQUERY with Callback: 
3/21/2017 8:49:6 7: Path request:/api/authentification/
3/21/2017 8:49:6 7: Path header:undefined
3/21/2017 8:49:6 7: Path query:{}
3/21/2017 8:49:6 7: BEGIN PKREQUESTMANAGER.CALLQUERY(7,'ADM0000001','admin','{}', '{admin,admin}','{}', :cursor); END;
3/21/2017 8:49:6 7: 1 Object(s) returned... [FETCH]
3/21/2017 8:49:6 7: [object Object]
3/21/2017 8:53:23 8: Connecting to database:{"user":"controlroom","password":"controlroom","connectString":"192.168.56.101/xe"}
3/21/2017 8:53:24 8: LIBQUERY with Callback: 
3/21/2017 8:53:24 8: Path request:/api/authentification/
3/21/2017 8:53:24 8: Path header:undefined
3/21/2017 8:53:24 8: Path query:{}
3/21/2017 8:53:24 8: BEGIN PKREQUESTMANAGER.CALLQUERY(8,'ADM0000001','admin','{}', '{admin,admin}','{}', :cursor); END;
3/21/2017 8:53:24 8: 1 Object(s) returned... [FETCH]
3/21/2017 8:53:24 8: [object Object]
3/21/2017 9:0:27 9: Connecting to database:{"user":"controlroom","password":"controlroom","connectString":"192.168.56.101/xe"}
3/21/2017 9:0:27 9: LIBQUERY with Callback: 
3/21/2017 9:0:27 9: Path request:/api/authentification/
3/21/2017 9:0:27 9: Path header:undefined
3/21/2017 9:0:27 9: Path query:{}
3/21/2017 9:0:27 9: BEGIN PKREQUESTMANAGER.CALLQUERY(9,'ADM0000001','admin','{}', '{admin,admin}','{}', :cursor); END;
3/21/2017 9:0:27 9: 1 Object(s) returned... [FETCH]
3/21/2017 9:0:27 9: [object Object]
3/21/2017 9:1:52 10: Connecting to database:{"user":"controlroom","password":"controlroom","connectString":"192.168.56.101/xe"}
3/21/2017 9:1:52 10: LIBQUERY with Callback: 
3/21/2017 9:1:52 10: Path request:/api/authentification/
3/21/2017 9:1:52 10: Path header:undefined
3/21/2017 9:1:52 10: Path query:{}
3/21/2017 9:1:52 10: BEGIN PKREQUESTMANAGER.CALLQUERY(10,'ADM0000001','admin','{}', '{admin,admin}','{}', :cursor); END;
3/21/2017 9:1:52 10: 1 Object(s) returned... [FETCH]
3/21/2017 9:1:52 10: [object Object]
3/21/2017 10:21:30 35: Connecting to database:{"user":"controlroom","password":"controlroom","connectString":"192.168.56.101/xe"}
3/21/2017 10:21:30 35: LIBQUERY with Callback: 
3/21/2017 10:21:30 35: Path request:/api/authentification/
3/21/2017 10:21:30 35: Path header:undefined
3/21/2017 10:21:30 35: Path query:{}
3/21/2017 10:21:30 35: BEGIN PKREQUESTMANAGER.CALLQUERY(35,'ADM0000001','admin','{}', '{admin,admin}','{}', :cursor); END;
3/21/2017 10:21:30 35: 1 Object(s) returned... [FETCH]
3/21/2017 10:21:30 35: [object Object]
3/21/2017 10:22:58 3: Connecting to database:{"user":"controlroom","password":"controlroom","connectString":"192.168.56.101/xe"}
3/21/2017 10:22:58 3: LIBQUERY with Callback: 
3/21/2017 10:22:58 3: Path request:/api/authentification/
3/21/2017 10:22:58 3: Path header:undefined
3/21/2017 10:22:58 3: Path query:{}
3/21/2017 10:22:58 3: BEGIN PKREQUESTMANAGER.CALLQUERY(3,'ADM0000001','admin','{}', '{admin,admin}','{}', :cursor); END;
3/21/2017 10:22:58 3: 1 Object(s) returned... [FETCH]
3/21/2017 10:22:58 3: [object Object]
3/21/2017 10:23:33 4: Connecting to database:{"user":"controlroom","password":"controlroom","connectString":"192.168.56.101/xe"}
3/21/2017 10:23:33 4: LIBQUERY with Callback: 
3/21/2017 10:23:33 4: Path request:/api/authentification/
3/21/2017 10:23:33 4: Path header:undefined
3/21/2017 10:23:33 4: Path query:{}
3/21/2017 10:23:33 4: BEGIN PKREQUESTMANAGER.CALLQUERY(4,'ADM0000001','admin','{}', '{admin,admin}','{}', :cursor); END;
3/21/2017 10:23:33 4: 1 Object(s) returned... [FETCH]
3/21/2017 10:23:33 4: [object Object]
3/21/2017 10:34:40 7: Connecting to database:{"user":"controlroom","password":"controlroom","connectString":"192.168.56.101/xe"}
3/21/2017 10:34:40 7: LIBQUERY with Callback: 
3/21/2017 10:34:40 7: Path request:/api/authentification/
3/21/2017 10:34:40 7: Path header:undefined
3/21/2017 10:34:40 7: Path query:{}
3/21/2017 10:34:40 7: BEGIN PKREQUESTMANAGER.CALLQUERY(7,'ADM0000001','admin','{}', '{admin,admin}','{}', :cursor); END;
3/21/2017 10:34:40 7: 1 Object(s) returned... [FETCH]
3/21/2017 10:34:40 7: [object Object]
3/21/2017 10:34:41 8: Connecting to database:{"user":"controlroom","password":"controlroom","connectString":"192.168.56.101/xe"}
3/21/2017 10:34:41 8: Path request:/api/user/
3/21/2017 10:34:41 8: Path query:{"USER_NAME":"admin"}
3/21/2017 10:34:41 8: BEGIN PKREQUESTMANAGER.CALLQUERY(8,'CLI0000002','admin','{}', '{admin}','{}', :cursor); END;
3/21/2017 10:34:41 8: 1 Object(s) returned... [FETCH]
3/21/2017 10:34:41 8: [object Object]
3/21/2017 10:40:0 12: Connecting to database:{"user":"controlroom","password":"controlroom","connectString":"192.168.56.101/xe"}
3/21/2017 10:40:0 12: LIBQUERY with Callback: 
3/21/2017 10:40:0 12: Path request:/api/authentification/
3/21/2017 10:40:0 12: Path header:undefined
3/21/2017 10:40:0 12: Path query:{}
3/21/2017 10:40:0 12: BEGIN PKREQUESTMANAGER.CALLQUERY(12,'ADM0000001','admin','{}', '{admin,admin}','{}', :cursor); END;
3/21/2017 10:40:0 12: 1 Object(s) returned... [FETCH]
3/21/2017 10:40:0 12: [object Object]
3/21/2017 10:40:0 13: Connecting to database:{"user":"controlroom","password":"controlroom","connectString":"192.168.56.101/xe"}
3/21/2017 10:40:0 13: Path request:/api/user/
3/21/2017 10:40:0 13: Path query:{"USER_NAME":"admin"}
3/21/2017 10:40:0 13: BEGIN PKREQUESTMANAGER.CALLQUERY(13,'CLI0000002','admin','{}', '{admin}','{}', :cursor); END;
3/21/2017 10:40:0 13: 1 Object(s) returned... [FETCH]
3/21/2017 10:40:0 13: [object Object]
3/21/2017 10:43:58 14: Connecting to database:{"user":"controlroom","password":"controlroom","connectString":"192.168.56.101/xe"}
3/21/2017 10:43:58 14: Path request:/api/user/
3/21/2017 10:43:58 14: Path query:{"USER_NAME":"admin"}
3/21/2017 10:43:58 14: BEGIN PKREQUESTMANAGER.CALLQUERY(14,'CLI0000002','admin','{}', '{admin}','{}', :cursor); END;
3/21/2017 10:43:58 14: 1 Object(s) returned... [FETCH]
3/21/2017 10:43:58 14: [object Object]
3/21/2017 10:44:10 15: Connecting to database:{"user":"controlroom","password":"controlroom","connectString":"192.168.56.101/xe"}
3/21/2017 10:44:10 15: Path request:/api/user/
3/21/2017 10:44:10 15: Path query:{"USER_NAME":"admin"}
3/21/2017 10:44:10 15: BEGIN PKREQUESTMANAGER.CALLQUERY(15,'CLI0000002','admin','{}', '{admin}','{}', :cursor); END;
3/21/2017 10:44:10 15: 1 Object(s) returned... [FETCH]
3/21/2017 10:44:10 15: [object Object]
3/21/2017 10:45:41 20: Connecting to database:{"user":"controlroom","password":"controlroom","connectString":"192.168.56.101/xe"}
3/21/2017 10:45:41 20: LIBQUERY with Callback: 
3/21/2017 10:45:41 20: Path request:/api/authentification/
3/21/2017 10:45:41 20: Path header:undefined
3/21/2017 10:45:41 20: Path query:{}
3/21/2017 10:45:41 20: BEGIN PKREQUESTMANAGER.CALLQUERY(20,'ADM0000001','admin','{}', '{admin,admin}','{}', :cursor); END;
3/21/2017 10:45:41 20: 1 Object(s) returned... [FETCH]
3/21/2017 10:45:41 20: [object Object]
3/21/2017 10:45:41 21: Connecting to database:{"user":"controlroom","password":"controlroom","connectString":"192.168.56.101/xe"}
3/21/2017 10:45:42 21: Path request:/api/user/
3/21/2017 10:45:42 21: Path query:{"USER_NAME":"admin"}
3/21/2017 10:45:42 21: BEGIN PKREQUESTMANAGER.CALLQUERY(21,'CLI0000002','admin','{}', '{admin}','{}', :cursor); END;
3/21/2017 10:45:42 21: 1 Object(s) returned... [FETCH]
3/21/2017 10:45:42 21: [object Object]
3/21/2017 15:42:28 22: Connecting to database:{"user":"controlroom","password":"controlroom","connectString":"192.168.56.101/xe"}
3/21/2017 15:42:28 22: LIBQUERY with Callback: 
3/21/2017 15:42:28 22: Path request:/api/authentification/
3/21/2017 15:42:28 22: Path header:undefined
3/21/2017 15:42:28 22: Path query:{}
3/21/2017 15:42:28 22: BEGIN PKREQUESTMANAGER.CALLQUERY(22,'ADM0000001','admin','{}', '{admin,admin}','{}', :cursor); END;
3/21/2017 15:42:28 22: 1 Object(s) returned... [FETCH]
3/21/2017 15:42:28 22: [object Object]
3/21/2017 15:46:9 1: Connecting to database:{"user":"controlroom","password":"controlroom","connectString":"192.168.56.101/xe"}
3/21/2017 15:46:9 1: Path request:/api/user/
3/21/2017 15:46:9 1: Path query:{"USER_NAME":"admin"}
3/21/2017 15:46:9 1: BEGIN PKREQUESTMANAGER.CALLQUERY(1,'CLI0000002','admin','{}', '{admin}','{}', :cursor); END;
3/21/2017 15:46:9 1: 1 Object(s) returned... [FETCH]
3/21/2017 15:46:9 1: [object Object]
3/21/2017 15:53:41 2: Connecting to database:{"user":"controlroom","password":"controlroom","connectString":"192.168.56.101/xe"}
3/21/2017 15:53:41 2: Path request:/api/user/
3/21/2017 15:53:41 2: Path query:{"USER_NAME":"admin"}
3/21/2017 15:53:41 2: BEGIN PKREQUESTMANAGER.CALLQUERY(2,'CLI0000002','admin','{}', '{admin}','{}', :cursor); END;
3/21/2017 15:53:41 2: 1 Object(s) returned... [FETCH]
3/21/2017 15:53:41 2: [object Object]
3/21/2017 16:1:55 3: Connecting to database:{"user":"controlroom","password":"controlroom","connectString":"192.168.56.101/xe"}
3/21/2017 16:1:55 3: LIBQUERY with Callback: 
3/21/2017 16:1:55 3: Path request:/api/authentification/
3/21/2017 16:1:55 3: Path header:undefined
3/21/2017 16:1:55 3: Path query:{}
3/21/2017 16:1:55 3: BEGIN PKREQUESTMANAGER.CALLQUERY(3,'ADM0000001','admin','{}', '{admin,}','{}', :cursor); END;
3/21/2017 16:1:55 3: 0 Object(s) returned... [FETCH]
3/21/2017 16:1:59 4: Connecting to database:{"user":"controlroom","password":"controlroom","connectString":"192.168.56.101/xe"}
3/21/2017 16:1:59 4: LIBQUERY with Callback: 
3/21/2017 16:1:59 4: Path request:/api/authentification/
3/21/2017 16:1:59 4: Path header:undefined
3/21/2017 16:1:59 4: Path query:{}
3/21/2017 16:1:59 4: BEGIN PKREQUESTMANAGER.CALLQUERY(4,'ADM0000001','admin','{}', '{admin,admin}','{}', :cursor); END;
3/21/2017 16:1:59 4: 1 Object(s) returned... [FETCH]
3/21/2017 16:1:59 4: [object Object]
3/21/2017 16:1:59 5: Connecting to database:{"user":"controlroom","password":"controlroom","connectString":"192.168.56.101/xe"}
3/21/2017 16:1:59 5: Path request:/api/user/
3/21/2017 16:1:59 5: Path query:{"USER_NAME":"admin"}
3/21/2017 16:1:59 5: BEGIN PKREQUESTMANAGER.CALLQUERY(5,'CLI0000002','admin','{}', '{admin}','{}', :cursor); END;
3/21/2017 16:1:59 5: 1 Object(s) returned... [FETCH]
3/21/2017 16:1:59 5: [object Object]
3/21/2017 16:26:19 17: Connecting to database:{"user":"controlroom","password":"controlroom","connectString":"192.168.56.101/xe"}
3/21/2017 16:26:19 17: LIBQUERY with Callback: 
3/21/2017 16:26:19 17: Path request:/api/authentification/
3/21/2017 16:26:19 17: Path header:undefined
3/21/2017 16:26:19 17: Path query:{}
3/21/2017 16:26:19 17: BEGIN PKREQUESTMANAGER.CALLQUERY(17,'ADM0000001','admin','{}', '{admin,admin}','{}', :cursor); END;
3/21/2017 16:26:19 17: 1 Object(s) returned... [FETCH]
3/21/2017 16:26:19 17: [object Object]
3/21/2017 16:26:19 18: Connecting to database:{"user":"controlroom","password":"controlroom","connectString":"192.168.56.101/xe"}
3/21/2017 16:26:19 18: Path request:/api/user/
3/21/2017 16:26:19 18: Path query:{"USER_NAME":"admin"}
3/21/2017 16:26:19 18: BEGIN PKREQUESTMANAGER.CALLQUERY(18,'CLI0000002','admin','{}', '{admin}','{}', :cursor); END;
3/21/2017 16:26:19 18: 1 Object(s) returned... [FETCH]
3/21/2017 16:26:19 18: [object Object]
3/21/2017 16:32:36 19: Connecting to database:{"user":"controlroom","password":"controlroom","connectString":"192.168.56.101/xe"}
3/21/2017 16:32:36 19: Path request:/api/user/
3/21/2017 16:32:36 19: Path query:{"USER_NAME":"admin"}
3/21/2017 16:32:36 19: BEGIN PKREQUESTMANAGER.CALLQUERY(19,'CLI0000002','admin','{}', '{admin}','{}', :cursor); END;
3/21/2017 16:32:36 19: 1 Object(s) returned... [FETCH]
3/21/2017 16:32:36 19: [object Object]
3/21/2017 16:42:40 20: Connecting to database:{"user":"controlroom","password":"controlroom","connectString":"192.168.56.101/xe"}
3/21/2017 16:42:40 20: Path request:/api/user/
3/21/2017 16:42:40 20: Path query:{"USER_NAME":"admin"}
3/21/2017 16:42:40 20: BEGIN PKREQUESTMANAGER.CALLQUERY(20,'CLI0000002','admin','{}', '{admin}','{}', :cursor); END;
3/21/2017 16:42:40 20: 1 Object(s) returned... [FETCH]
3/21/2017 16:42:40 20: [object Object]
