3/21/2017 8:37:24 5: Connecting to database:{"user":"controlroom","password":"controlroom","connectString":"192.168.56.101/xe"}
3/21/2017 8:37:24 5: Path request:/api/user/
3/21/2017 8:37:24 5: Path query:{"USER_NAME":"admin"}
3/21/2017 8:37:24 5: BEGIN PKREQUESTMANAGER.CALLQUERY(5,'CLI0000002','{"username":"admin"}','{}', '{admin}','{}', :cursor); END;
3/21/2017 8:37:24 5: 1 Object(s) returned... [FETCH]
3/21/2017 8:37:24 5: [object Object]
3/21/2017 8:39:12 6: Connecting to database:{"user":"controlroom","password":"controlroom","connectString":"192.168.56.101/xe"}
3/21/2017 8:39:12 6: Path request:/api/user/
3/21/2017 8:39:12 6: Path query:{"USER_NAME":"admin"}
3/21/2017 8:39:12 6: BEGIN PKREQUESTMANAGER.CALLQUERY(6,'CLI0000002','{"username":"admin"}','{}', '{admin}','{}', :cursor); END;
3/21/2017 8:39:12 6: 1 Object(s) returned... [FETCH]
3/21/2017 8:39:12 6: [object Object]
3/21/2017 9:1:52 11: Connecting to database:{"user":"controlroom","password":"controlroom","connectString":"192.168.56.101/xe"}
3/21/2017 9:1:52 11: Path request:/api/user/
3/21/2017 9:1:52 11: Path query:{"USER_NAME":"admin"}
3/21/2017 9:1:52 11: BEGIN PKREQUESTMANAGER.CALLQUERY(11,'CLI0000002','{"username":"admin"}','{}', '{admin}','{}', :cursor); END;
3/21/2017 9:1:52 11: 1 Object(s) returned... [FETCH]
3/21/2017 9:1:52 11: [object Object]
3/21/2017 9:4:0 12: Connecting to database:{"user":"controlroom","password":"controlroom","connectString":"192.168.56.101/xe"}
3/21/2017 9:4:0 12: Path request:/api/user/
3/21/2017 9:4:0 12: Path query:{"USER_NAME":"admin"}
3/21/2017 9:4:0 12: BEGIN PKREQUESTMANAGER.CALLQUERY(12,'CLI0000002','{"username":"admin"}','{}', '{admin}','{}', :cursor); END;
3/21/2017 9:4:0 12: 1 Object(s) returned... [FETCH]
3/21/2017 9:4:0 12: [object Object]
3/21/2017 9:5:0 13: Connecting to database:{"user":"controlroom","password":"controlroom","connectString":"192.168.56.101/xe"}
3/21/2017 9:5:0 13: Path request:/api/user/
3/21/2017 9:5:0 13: Path query:{"USER_NAME":"admin"}
3/21/2017 9:5:0 13: BEGIN PKREQUESTMANAGER.CALLQUERY(13,'CLI0000002','{"username":"admin"}','{}', '{admin}','{}', :cursor); END;
3/21/2017 9:5:0 13: 1 Object(s) returned... [FETCH]
3/21/2017 9:5:0 13: [object Object]
3/21/2017 9:5:33 14: Connecting to database:{"user":"controlroom","password":"controlroom","connectString":"192.168.56.101/xe"}
3/21/2017 9:5:33 14: Path request:/api/user/
3/21/2017 9:5:33 14: Path query:{"USER_NAME":"admin"}
3/21/2017 9:5:33 14: BEGIN PKREQUESTMANAGER.CALLQUERY(14,'CLI0000002','{"username":"admin"}','{}', '{admin}','{}', :cursor); END;
3/21/2017 9:5:33 14: 1 Object(s) returned... [FETCH]
3/21/2017 9:5:33 14: [object Object]
3/21/2017 9:5:42 15: Connecting to database:{"user":"controlroom","password":"controlroom","connectString":"192.168.56.101/xe"}
3/21/2017 9:5:42 15: Path request:/api/user/
3/21/2017 9:5:42 15: Path query:{"USER_NAME":"admin"}
3/21/2017 9:5:42 15: BEGIN PKREQUESTMANAGER.CALLQUERY(15,'CLI0000002','{"username":"admin"}','{}', '{admin}','{}', :cursor); END;
3/21/2017 9:5:42 15: 1 Object(s) returned... [FETCH]
3/21/2017 9:5:42 15: [object Object]
3/21/2017 9:8:12 16: Connecting to database:{"user":"controlroom","password":"controlroom","connectString":"192.168.56.101/xe"}
3/21/2017 9:8:12 16: Path request:/api/user/
3/21/2017 9:8:12 16: Path query:{"USER_NAME":"admin"}
3/21/2017 9:8:12 16: BEGIN PKREQUESTMANAGER.CALLQUERY(16,'CLI0000002','{"username":"admin"}','{}', '{admin}','{}', :cursor); END;
3/21/2017 9:8:12 16: 1 Object(s) returned... [FETCH]
3/21/2017 9:8:12 16: [object Object]
3/21/2017 9:14:12 17: Connecting to database:{"user":"controlroom","password":"controlroom","connectString":"192.168.56.101/xe"}
3/21/2017 9:14:12 17: Path request:/api/user/
3/21/2017 9:14:12 17: Path query:{"USER_NAME":"admin"}
3/21/2017 9:14:12 17: BEGIN PKREQUESTMANAGER.CALLQUERY(17,'CLI0000002','{"username":"admin"}','{}', '{admin}','{}', :cursor); END;
3/21/2017 9:14:12 17: 1 Object(s) returned... [FETCH]
3/21/2017 9:14:12 17: [object Object]
3/21/2017 10:1:36 18: Connecting to database:{"user":"controlroom","password":"controlroom","connectString":"192.168.56.101/xe"}
3/21/2017 10:1:36 18: Path request:/api/user/
3/21/2017 10:1:36 18: Path query:{"USER_NAME":"admin"}
3/21/2017 10:1:36 18: BEGIN PKREQUESTMANAGER.CALLQUERY(18,'CLI0000002','{"username":"admin"}','{}', '{admin}','{}', :cursor); END;
3/21/2017 10:1:36 18: 1 Object(s) returned... [FETCH]
3/21/2017 10:1:36 18: [object Object]
3/21/2017 10:2:31 19: Connecting to database:{"user":"controlroom","password":"controlroom","connectString":"192.168.56.101/xe"}
3/21/2017 10:2:31 19: Path request:/api/user/
3/21/2017 10:2:31 19: Path query:{"USER_NAME":"admin"}
3/21/2017 10:2:31 19: BEGIN PKREQUESTMANAGER.CALLQUERY(19,'CLI0000002','{"username":"admin"}','{}', '{admin}','{}', :cursor); END;
3/21/2017 10:2:31 19: 1 Object(s) returned... [FETCH]
3/21/2017 10:2:31 19: [object Object]
3/21/2017 10:3:29 20: Connecting to database:{"user":"controlroom","password":"controlroom","connectString":"192.168.56.101/xe"}
3/21/2017 10:3:29 20: Path request:/api/user/
3/21/2017 10:3:29 20: Path query:{"USER_NAME":"admin"}
3/21/2017 10:3:29 20: BEGIN PKREQUESTMANAGER.CALLQUERY(20,'CLI0000002','{"username":"admin"}','{}', '{admin}','{}', :cursor); END;
3/21/2017 10:3:29 20: 1 Object(s) returned... [FETCH]
3/21/2017 10:3:29 20: [object Object]
3/21/2017 10:6:14 21: Connecting to database:{"user":"controlroom","password":"controlroom","connectString":"192.168.56.101/xe"}
3/21/2017 10:6:14 21: Path request:/api/user/
3/21/2017 10:6:14 21: Path query:{"USER_NAME":"admin"}
3/21/2017 10:6:14 21: BEGIN PKREQUESTMANAGER.CALLQUERY(21,'CLI0000002','{"username":"admin"}','{}', '{admin}','{}', :cursor); END;
3/21/2017 10:6:14 21: 1 Object(s) returned... [FETCH]
3/21/2017 10:6:14 21: [object Object]
