3/21/2017 10:6:31 24: Connecting to database:{"user":"controlroom","password":"controlroom","connectString":"192.168.56.101/xe"}
3/21/2017 10:6:31 24: Path request:/api/user/
3/21/2017 10:6:31 24: Path query:{"USER_NAME":"admin"}
3/21/2017 10:6:31 24: BEGIN PKREQUESTMANAGER.CALLQUERY(24,'CLI0000002','{"username":"abe"}','{}', '{admin}','{}', :cursor); END;
3/21/2017 10:6:31 24: 1 Object(s) returned... [FETCH]
3/21/2017 10:6:31 24: [object Object]
3/21/2017 10:10:36 25: Connecting to database:{"user":"controlroom","password":"controlroom","connectString":"192.168.56.101/xe"}
3/21/2017 10:10:36 25: Path request:/api/user/
3/21/2017 10:10:36 25: Path query:{"USER_NAME":"admin"}
3/21/2017 10:10:36 25: BEGIN PKREQUESTMANAGER.CALLQUERY(25,'CLI0000002','{"username":"abe"}','{}', '{admin}','{}', :cursor); END;
3/21/2017 10:10:36 25: 1 Object(s) returned... [FETCH]
3/21/2017 10:10:36 25: [object Object]
3/21/2017 10:10:45 27: Connecting to database:{"user":"controlroom","password":"controlroom","connectString":"192.168.56.101/xe"}
3/21/2017 10:10:45 27: Path request:/api/user/
3/21/2017 10:10:45 27: Path query:{"USER_NAME":"admin"}
3/21/2017 10:10:45 27: BEGIN PKREQUESTMANAGER.CALLQUERY(27,'CLI0000002','{"username":"abe"}','{}', '{admin}','{}', :cursor); END;
3/21/2017 10:10:45 27: 1 Object(s) returned... [FETCH]
3/21/2017 10:10:45 27: [object Object]
3/21/2017 10:11:18 29: Connecting to database:{"user":"controlroom","password":"controlroom","connectString":"192.168.56.101/xe"}
3/21/2017 10:11:18 29: Path request:/api/user/
3/21/2017 10:11:18 29: Path query:{"USER_NAME":"admin"}
3/21/2017 10:11:18 29: BEGIN PKREQUESTMANAGER.CALLQUERY(29,'CLI0000002','{"username":"abe"}','{}', '{admin}','{}', :cursor); END;
3/21/2017 10:11:18 29: 1 Object(s) returned... [FETCH]
3/21/2017 10:11:18 29: [object Object]
3/21/2017 10:14:46 30: Connecting to database:{"user":"controlroom","password":"controlroom","connectString":"192.168.56.101/xe"}
3/21/2017 10:14:46 30: Path request:/api/user/
3/21/2017 10:14:46 30: Path query:{"USER_NAME":"admin"}
3/21/2017 10:14:46 30: BEGIN PKREQUESTMANAGER.CALLQUERY(30,'CLI0000002','{"username":"abe"}','{}', '{admin}','{}', :cursor); END;
3/21/2017 10:14:46 30: 1 Object(s) returned... [FETCH]
3/21/2017 10:14:46 30: [object Object]
3/21/2017 10:16:22 31: Connecting to database:{"user":"controlroom","password":"controlroom","connectString":"192.168.56.101/xe"}
3/21/2017 10:16:22 31: Path request:/api/user/
3/21/2017 10:16:22 31: Path query:{"USER_NAME":"admin"}
3/21/2017 10:16:22 31: BEGIN PKREQUESTMANAGER.CALLQUERY(31,'CLI0000002','{"username":"abe"}','{}', '{admin}','{}', :cursor); END;
3/21/2017 10:16:22 31: 1 Object(s) returned... [FETCH]
3/21/2017 10:16:22 31: [object Object]
