3/30/2022 5:0:6 [crontab] 1: "BEGIN PKREQUESTMANAGER.CALLQUERY(1,'CRON000001','crontab','{}', '{}','{}', :cursor); END;"
3/30/2022 5:0:6 [crontab] 1: "39 Object(s) returned... [FETCH]"
3/30/2022 5:0:6 [crontab] CRON: "Cron Job DAILY_WHS_SSCC_NO_UBD is now scheduled using cron setup : */5 * * * *"
3/30/2022 5:0:6 [crontab] CRON: "Cron Job WEEKLY_STORE_NO_SALES is now scheduled using cron setup : 5 6 * * 1"
3/30/2022 5:0:6 [crontab] CRON: "Cron Job EXP_WHS_INVALID_PICKING is now scheduled using cron setup : 5 9 * * *"
3/30/2022 5:0:6 [crontab] CRON: "Cron Job EXP_WHS_FAULTY_DO is now scheduled using cron setup : 5 11 * * *"
3/30/2022 5:0:6 [crontab] CRON: "Cron Job WHS_MISS_ROUTE is now scheduled using cron setup : 0 * * * *"
3/30/2022 5:0:6 [crontab] CRON: "Cron Job MONTHLY_SALES_REPORT is not active. Activation date on Thu Dec 30 2049 23:00:00 GMT-0500 (Eastern Standard Time)"
3/30/2022 5:0:6 [crontab] CRON: "Cron Job DAILY_STORE_SHORTED is now scheduled using cron setup : 5 7 * * *"
3/30/2022 5:0:6 [crontab] CRON: "Cron Job DAILY_RETAIL_NO_MULTIPLE is now scheduled using cron setup : 0 7-18 * * 1,2,3,4,5"
3/30/2022 5:0:6 [crontab] CRON: "Cron Job DAILY_SALES_LOAD_CHECK is now scheduled using cron setup : 15 5-19 * * *"
3/30/2022 5:0:6 [crontab] CRON: "Cron Job DAILY_STORE_BLOCKED_RECEIPT is now scheduled using cron setup : 5 7 * * *"
3/30/2022 5:0:6 [crontab] CRON: "Cron Job WEEKLY_STORE_NO_SALES_ADMIN is now scheduled using cron setup : 5 7 * * 1"
3/30/2022 5:0:6 [crontab] CRON: "Cron Job DAILY_EDI_SHIPPER_DETECTION is now scheduled using cron setup : 0 9 * * 1,2,3,4,5"
3/30/2022 5:0:6 [crontab] CRON: "Cron Job WEEKLY_EDI_invoice_WEEKLY is now scheduled using cron setup : 1 19 * * 7"
3/30/2022 5:0:6 [crontab] CRON: "Cron Job ONGOING_EDI_invoice_SCAN is now scheduled using cron setup : */15 3-13 * * *"
3/30/2022 5:0:6 [crontab] CRON: "Cron Job CGO_ALERT is not active. Activation date on Mon Jan 11 2049 23:00:00 GMT-0500 (Eastern Standard Time)"
3/30/2022 5:0:6 [crontab] CRON: "Cron Job DAILY_CAO_Negative_Inventory_1130AM is now scheduled using cron setup : 30 11 * * *"
3/30/2022 5:0:6 [crontab] CRON: "Cron Job DAILY_CAO_Negative_Inventory_0530AM is not active. Activation date on Mon Jan 11 2049 23:00:00 GMT-0500 (Eastern Standard Time)"
3/30/2022 5:0:6 [crontab] CRON: "Cron Job DAILY_CAO_Order_Recap is not active. Activation date on Thu Dec 30 2049 23:00:00 GMT-0500 (Eastern Standard Time)"
3/30/2022 5:0:6 [crontab] CRON: "Cron Job DAILY_Store_Sales is now scheduled using cron setup : 5 8 * * *"
3/30/2022 5:0:6 [crontab] CRON: "Cron Job DAILY_CAO_Store_Sales is not active. Activation date on Mon Jan 11 2049 23:00:00 GMT-0500 (Eastern Standard Time)"
3/30/2022 5:0:6 [crontab] CRON: "Cron Job WEEKLY_Store_shrink is now scheduled using cron setup : 5 19 * * 7"
3/30/2022 5:0:6 [crontab] CRON: "Cron Job WEEKLY_CAO_Store_shrink is not active. Activation date on Mon Jan 11 2049 23:00:00 GMT-0500 (Eastern Standard Time)"
3/30/2022 5:0:6 [crontab] CRON: "Cron Job DAILY_BUYER_Pushout is not active. Activation date on Mon Jan 11 2049 23:00:00 GMT-0500 (Eastern Standard Time)"
3/30/2022 5:0:6 [crontab] CRON: "Cron Job DAILY_EDI_BLANK_REF is now scheduled using cron setup : 5 7 * * *"
3/30/2022 5:0:6 [crontab] CRON: "Cron Job ICR_MAINTENANCE is now scheduled using cron setup : 5 3 * * *"
3/30/2022 5:0:6 [crontab] CRON: "Cron Job DAILY_INVALIDCOLLECTION_TIME is now scheduled using cron setup : 0 7-18 * * 1,2,3,4,5"
3/30/2022 5:0:6 [crontab] CRON: "Cron Job VIEW_REFRESH_DAILY is now scheduled using cron setup : 5 12 * * *"
3/30/2022 5:0:6 [crontab] CRON: "Cron Job VIEW_REFRESH_HOURLY is now scheduled using cron setup : 5 11 * * *"
3/30/2022 5:0:6 [crontab] CRON: "Cron Job DAILY_WHS_CUT is now scheduled using cron setup : 5 7 * * *"
3/30/2022 5:0:6 [crontab] CRON: "Cron Job DAILY_WHS_UBD is now scheduled using cron setup : 5 8 * * 1-5"
3/30/2022 5:0:6 [crontab] CRON: "Cron Job DAILY_WHS_NEG_UBD is now scheduled using cron setup : 0 2 * * *"
3/30/2022 5:0:6 [crontab] CRON: "Cron Job WEEKLY_STORE_NO_SALES_CAPTURE_ADMIN is now scheduled using cron setup : 5 6 * * 1"
3/30/2022 5:0:6 [crontab] CRON: "Cron Job DAILY_FILL_RATE_CAPTURE is now scheduled using cron setup : 0 16 * * *"
3/30/2022 5:0:6 [crontab] CRON: "Cron Job DAILY_SERVICE_RATE_CAPTURE is now scheduled using cron setup : 0 16 * * *"
3/30/2022 5:0:6 [crontab] CRON: "Cron Job DAILY_WHS_BLOCKED_PO is now scheduled using cron setup : 5 10 * * *"
3/30/2022 5:0:6 [crontab] CRON: "Cron Job DAILY_WHS_HIGH_INV is now scheduled using cron setup : 0 11 * * 1"
3/30/2022 5:0:6 [crontab] CRON: "Cron Job DAILY_WHS_LOW_INV is now scheduled using cron setup : 0 11 * * 1"
3/30/2022 5:0:6 [crontab] CRON: "Cron Job DAILY_WHS_SSCC_SUSPICIOUS_UBD is now scheduled using cron setup : 0 9 * * 1,2,3,4,5,6"
3/30/2022 5:0:6 [crontab] CRON: "Cron Job DAILY_WHS_RECEIVED_CUT_OVER is now scheduled using cron setup : 0 9 * * 1,2,3,4,5,6"
