12/9/2017 21:4:9 1: LIBQUERY with Callback: 
12/9/2017 21:4:9 1: Path request:/api/authentification/
12/9/2017 21:4:9 1: Path header:undefined
12/9/2017 21:4:9 1: Path query:{}
12/9/2017 21:4:9 1: BEGIN PKREQUESTMANAGER.CALLQUERY(1,'ADM0000001','abe','{}', '{abe,abe}','{}', :cursor); END;
12/9/2017 21:4:9 1: 1 Object(s) returned... [FETCH]
12/9/2017 21:4:9 1: [object Object]
12/9/2017 21:4:9 2: LIBQUERY with Callback: 
12/9/2017 21:4:9 2: Path request:/api/user/
12/9/2017 21:4:9 2: Path header:undefined
12/9/2017 21:4:9 2: Path query:{"USER_NAME":"abe"}
12/9/2017 21:4:9 2: BEGIN PKREQUESTMANAGER.CALLQUERY(2,'CLI0000002','abe','{}', '{abe}','{}', :cursor); END;
12/9/2017 21:4:9 3: LIBQUERY with Callback: 
12/9/2017 21:4:9 3: Path request:/api/environment/
12/9/2017 21:4:9 3: Path header:undefined
12/9/2017 21:4:9 3: Path query:{"USER_NAME":"abe"}
12/9/2017 21:4:9 3: BEGIN PKREQUESTMANAGER.CALLQUERY(3,'CLI0000003','abe','{}', '{abe}','{}', :cursor); END;
12/9/2017 21:4:9 3: 1 Object(s) returned... [FETCH]
12/9/2017 21:4:9 3: [object Object]
12/9/2017 21:4:9 3: 6 Object(s) returned... [FETCH]
12/9/2017 21:4:9 3: [object Object],[object Object],[object Object],[object Object],[object Object],[object Object]
12/9/2017 21:4:10 4: LIBQUERY with Callback: 
12/9/2017 21:4:10 4: Path request:/api/labels/
12/9/2017 21:4:10 4: Path header:undefined
12/9/2017 21:4:10 4: Path query:{}
12/9/2017 21:4:10 4: BEGIN PKREQUESTMANAGER.CALLQUERY(4,'LAB0000001','abe','{undefined}', '{undefined}','{HN}', :cursor); END;
12/9/2017 21:4:10 4: 36 Object(s) returned... [FETCH]
12/9/2017 21:4:10 4: [object Object],[object Object],[object Object],[object Object],[object Object],[object Object],[object Object],[object Object],[object Object],[object Object],[object Object],[object Object],[object Object],[object Object],[object Object],[object Object],[object Object],[object Object],[object Object],[object Object],[object Object],[object Object],[object Object],[object Object],[object Object],[object Object],[object Object],[object Object],[object Object],[object Object],[object Object],[object Object],[object Object],[object Object],[object Object],[object Object]
12/9/2017 21:11:55 5: LIBQUERY with Callback: 
12/9/2017 21:11:55 5: Path request:/api/authentification/
12/9/2017 21:11:55 5: Path header:undefined
12/9/2017 21:11:55 5: Path query:{}
12/9/2017 21:11:55 5: BEGIN PKREQUESTMANAGER.CALLQUERY(5,'ADM0000001','abe','{}', '{abe,abe}','{}', :cursor); END;
12/9/2017 21:11:55 5: 1 Object(s) returned... [FETCH]
12/9/2017 21:11:55 5: [object Object]
12/9/2017 21:11:55 6: LIBQUERY with Callback: 
12/9/2017 21:11:55 6: Path request:/api/user/
12/9/2017 21:11:55 6: Path header:undefined
12/9/2017 21:11:55 6: Path query:{"USER_NAME":"abe"}
12/9/2017 21:11:55 6: BEGIN PKREQUESTMANAGER.CALLQUERY(6,'CLI0000002','abe','{}', '{abe}','{}', :cursor); END;
12/9/2017 21:11:55 7: LIBQUERY with Callback: 
12/9/2017 21:11:55 7: Path request:/api/environment/
12/9/2017 21:11:55 7: Path header:undefined
12/9/2017 21:11:55 7: Path query:{"USER_NAME":"abe"}
12/9/2017 21:11:55 7: BEGIN PKREQUESTMANAGER.CALLQUERY(7,'CLI0000003','abe','{}', '{abe}','{}', :cursor); END;
12/9/2017 21:11:55 7: 1 Object(s) returned... [FETCH]
12/9/2017 21:11:55 7: [object Object]
12/9/2017 21:11:55 7: 6 Object(s) returned... [FETCH]
12/9/2017 21:11:55 7: [object Object],[object Object],[object Object],[object Object],[object Object],[object Object]
12/9/2017 21:11:55 8: LIBQUERY with Callback: 
12/9/2017 21:11:55 8: Path request:/api/labels/
12/9/2017 21:11:55 8: Path header:undefined
12/9/2017 21:11:55 8: Path query:{}
12/9/2017 21:11:55 8: BEGIN PKREQUESTMANAGER.CALLQUERY(8,'LAB0000001','abe','{undefined}', '{undefined}','{HN}', :cursor); END;
12/9/2017 21:11:55 8: 36 Object(s) returned... [FETCH]
12/9/2017 21:11:55 8: [object Object],[object Object],[object Object],[object Object],[object Object],[object Object],[object Object],[object Object],[object Object],[object Object],[object Object],[object Object],[object Object],[object Object],[object Object],[object Object],[object Object],[object Object],[object Object],[object Object],[object Object],[object Object],[object Object],[object Object],[object Object],[object Object],[object Object],[object Object],[object Object],[object Object],[object Object],[object Object],[object Object],[object Object],[object Object],[object Object]
