7/13/2017 0:1:31 160: LIBQUERY with Callback: 
7/13/2017 0:1:31 160: Path request:/api/authentification/
7/13/2017 0:1:31 160: Path header:undefined
7/13/2017 0:1:31 160: Path query:{}
7/13/2017 0:1:31 160: BEGIN PKREQUESTMANAGER.CALLQUERY(160,'ADM0000001','abe','{}', '{abe,abe}','{}', :cursor); END;
7/13/2017 0:1:31 160: 1 Object(s) returned... [FETCH]
7/13/2017 0:1:31 160: [object Object]
7/13/2017 0:1:31 161: LIBQUERY with Callback: 
7/13/2017 0:1:31 161: Path request:/api/user/
7/13/2017 0:1:31 161: Path header:undefined
7/13/2017 0:1:31 161: Path query:{"USER_NAME":"abe"}
7/13/2017 0:1:31 161: BEGIN PKREQUESTMANAGER.CALLQUERY(161,'CLI0000002','abe','{}', '{abe}','{}', :cursor); END;
7/13/2017 0:1:31 162: LIBQUERY with Callback: 
7/13/2017 0:1:31 162: Path request:/api/environment/
7/13/2017 0:1:31 162: Path header:undefined
7/13/2017 0:1:31 162: Path query:{"USER_NAME":"abe"}
7/13/2017 0:1:31 162: BEGIN PKREQUESTMANAGER.CALLQUERY(162,'CLI0000003','abe','{}', '{abe}','{}', :cursor); END;
7/13/2017 0:1:31 162: 1 Object(s) returned... [FETCH]
7/13/2017 0:1:31 162: [object Object]
7/13/2017 0:1:31 162: 6 Object(s) returned... [FETCH]
7/13/2017 0:1:31 162: [object Object],[object Object],[object Object],[object Object],[object Object],[object Object]
7/13/2017 0:1:31 163: LIBQUERY with Callback: 
7/13/2017 0:1:31 163: Path request:/api/labels/
7/13/2017 0:1:31 163: Path header:undefined
7/13/2017 0:1:31 163: Path query:{}
7/13/2017 0:1:31 163: BEGIN PKREQUESTMANAGER.CALLQUERY(163,'LAB0000001','abe','{undefined}', '{undefined}','{}', :cursor); END;
7/13/2017 0:1:31 163: 36 Object(s) returned... [FETCH]
7/13/2017 0:1:31 163: [object Object],[object Object],[object Object],[object Object],[object Object],[object Object],[object Object],[object Object],[object Object],[object Object],[object Object],[object Object],[object Object],[object Object],[object Object],[object Object],[object Object],[object Object],[object Object],[object Object],[object Object],[object Object],[object Object],[object Object],[object Object],[object Object],[object Object],[object Object],[object Object],[object Object],[object Object],[object Object],[object Object],[object Object],[object Object],[object Object]
7/13/2017 0:13:21 164: LIBQUERY with Callback: 
7/13/2017 0:13:21 164: Path request:/api/authentification/
7/13/2017 0:13:21 164: Path header:undefined
7/13/2017 0:13:21 164: Path query:{}
7/13/2017 0:13:21 164: BEGIN PKREQUESTMANAGER.CALLQUERY(164,'ADM0000001','abe','{}', '{abe,abe}','{}', :cursor); END;
7/13/2017 0:13:21 164: 1 Object(s) returned... [FETCH]
7/13/2017 0:13:21 164: [object Object]
7/13/2017 0:13:21 165: LIBQUERY with Callback: 
7/13/2017 0:13:21 165: Path request:/api/user/
7/13/2017 0:13:21 165: Path header:undefined
7/13/2017 0:13:21 165: Path query:{"USER_NAME":"abe"}
7/13/2017 0:13:21 165: BEGIN PKREQUESTMANAGER.CALLQUERY(165,'CLI0000002','abe','{}', '{abe}','{}', :cursor); END;
7/13/2017 0:13:21 166: LIBQUERY with Callback: 
7/13/2017 0:13:21 166: Path request:/api/environment/
7/13/2017 0:13:21 166: Path header:undefined
7/13/2017 0:13:21 166: Path query:{"USER_NAME":"abe"}
7/13/2017 0:13:21 166: BEGIN PKREQUESTMANAGER.CALLQUERY(166,'CLI0000003','abe','{}', '{abe}','{}', :cursor); END;
7/13/2017 0:13:21 166: 1 Object(s) returned... [FETCH]
7/13/2017 0:13:21 166: [object Object]
7/13/2017 0:13:21 166: 6 Object(s) returned... [FETCH]
7/13/2017 0:13:21 166: [object Object],[object Object],[object Object],[object Object],[object Object],[object Object]
7/13/2017 0:13:22 167: LIBQUERY with Callback: 
7/13/2017 0:13:22 167: Path request:/api/labels/
7/13/2017 0:13:22 167: Path header:undefined
7/13/2017 0:13:22 167: Path query:{}
7/13/2017 0:13:22 167: BEGIN PKREQUESTMANAGER.CALLQUERY(167,'LAB0000001','abe','{undefined}', '{undefined}','{}', :cursor); END;
7/13/2017 0:13:22 167: 36 Object(s) returned... [FETCH]
7/13/2017 0:13:22 167: [object Object],[object Object],[object Object],[object Object],[object Object],[object Object],[object Object],[object Object],[object Object],[object Object],[object Object],[object Object],[object Object],[object Object],[object Object],[object Object],[object Object],[object Object],[object Object],[object Object],[object Object],[object Object],[object Object],[object Object],[object Object],[object Object],[object Object],[object Object],[object Object],[object Object],[object Object],[object Object],[object Object],[object Object],[object Object],[object Object]
7/13/2017 0:15:33 168: LIBQUERY with Callback: 
7/13/2017 0:15:33 168: Path request:/api/authentification/
7/13/2017 0:15:33 168: Path header:undefined
7/13/2017 0:15:33 168: Path query:{}
7/13/2017 0:15:33 168: BEGIN PKREQUESTMANAGER.CALLQUERY(168,'ADM0000001','abe','{}', '{abe,abe}','{}', :cursor); END;
7/13/2017 0:15:33 168: 1 Object(s) returned... [FETCH]
7/13/2017 0:15:33 168: [object Object]
7/13/2017 0:15:33 169: LIBQUERY with Callback: 
7/13/2017 0:15:33 169: Path request:/api/user/
7/13/2017 0:15:33 169: Path header:undefined
7/13/2017 0:15:33 169: Path query:{"USER_NAME":"abe"}
7/13/2017 0:15:33 169: BEGIN PKREQUESTMANAGER.CALLQUERY(169,'CLI0000002','abe','{}', '{abe}','{}', :cursor); END;
7/13/2017 0:15:33 170: LIBQUERY with Callback: 
7/13/2017 0:15:33 170: Path request:/api/environment/
7/13/2017 0:15:33 170: Path header:undefined
7/13/2017 0:15:33 170: Path query:{"USER_NAME":"abe"}
7/13/2017 0:15:33 170: BEGIN PKREQUESTMANAGER.CALLQUERY(170,'CLI0000003','abe','{}', '{abe}','{}', :cursor); END;
7/13/2017 0:15:33 170: 1 Object(s) returned... [FETCH]
7/13/2017 0:15:33 170: [object Object]
7/13/2017 0:15:33 170: 6 Object(s) returned... [FETCH]
7/13/2017 0:15:33 170: [object Object],[object Object],[object Object],[object Object],[object Object],[object Object]
7/13/2017 0:15:33 171: LIBQUERY with Callback: 
7/13/2017 0:15:33 171: Path request:/api/labels/
7/13/2017 0:15:33 171: Path header:undefined
7/13/2017 0:15:33 171: Path query:{}
7/13/2017 0:15:33 171: BEGIN PKREQUESTMANAGER.CALLQUERY(171,'LAB0000001','abe','{undefined}', '{undefined}','{HN}', :cursor); END;
7/13/2017 0:15:33 171: 36 Object(s) returned... [FETCH]
7/13/2017 0:15:33 171: [object Object],[object Object],[object Object],[object Object],[object Object],[object Object],[object Object],[object Object],[object Object],[object Object],[object Object],[object Object],[object Object],[object Object],[object Object],[object Object],[object Object],[object Object],[object Object],[object Object],[object Object],[object Object],[object Object],[object Object],[object Object],[object Object],[object Object],[object Object],[object Object],[object Object],[object Object],[object Object],[object Object],[object Object],[object Object],[object Object]
7/13/2017 0:17:30 172: LIBQUERY with Callback: 
7/13/2017 0:17:30 172: Path request:/api/authentification/
7/13/2017 0:17:30 172: Path header:undefined
7/13/2017 0:17:30 172: Path query:{}
7/13/2017 0:17:30 172: BEGIN PKREQUESTMANAGER.CALLQUERY(172,'ADM0000001','abe','{}', '{abe,abe}','{}', :cursor); END;
7/13/2017 0:17:30 172: 1 Object(s) returned... [FETCH]
7/13/2017 0:17:30 172: [object Object]
7/13/2017 0:17:30 173: LIBQUERY with Callback: 
7/13/2017 0:17:30 173: Path request:/api/user/
7/13/2017 0:17:30 173: Path header:undefined
7/13/2017 0:17:30 173: Path query:{"USER_NAME":"abe"}
7/13/2017 0:17:30 173: BEGIN PKREQUESTMANAGER.CALLQUERY(173,'CLI0000002','abe','{}', '{abe}','{}', :cursor); END;
7/13/2017 0:17:30 174: LIBQUERY with Callback: 
7/13/2017 0:17:30 174: Path request:/api/environment/
7/13/2017 0:17:30 174: Path header:undefined
7/13/2017 0:17:30 174: Path query:{"USER_NAME":"abe"}
7/13/2017 0:17:30 174: BEGIN PKREQUESTMANAGER.CALLQUERY(174,'CLI0000003','abe','{}', '{abe}','{}', :cursor); END;
7/13/2017 0:17:30 174: 1 Object(s) returned... [FETCH]
7/13/2017 0:17:30 174: [object Object]
7/13/2017 0:17:30 174: 6 Object(s) returned... [FETCH]
7/13/2017 0:17:30 174: [object Object],[object Object],[object Object],[object Object],[object Object],[object Object]
7/13/2017 0:17:30 175: LIBQUERY with Callback: 
7/13/2017 0:17:30 175: Path request:/api/labels/
7/13/2017 0:17:30 175: Path header:undefined
7/13/2017 0:17:30 175: Path query:{}
7/13/2017 0:17:30 175: BEGIN PKREQUESTMANAGER.CALLQUERY(175,'LAB0000001','abe','{undefined}', '{undefined}','{HN}', :cursor); END;
7/13/2017 0:17:31 175: 36 Object(s) returned... [FETCH]
7/13/2017 0:17:31 175: [object Object],[object Object],[object Object],[object Object],[object Object],[object Object],[object Object],[object Object],[object Object],[object Object],[object Object],[object Object],[object Object],[object Object],[object Object],[object Object],[object Object],[object Object],[object Object],[object Object],[object Object],[object Object],[object Object],[object Object],[object Object],[object Object],[object Object],[object Object],[object Object],[object Object],[object Object],[object Object],[object Object],[object Object],[object Object],[object Object]
7/13/2017 0:22:41 176: LIBQUERY with Callback: 
7/13/2017 0:22:41 176: Path request:/api/authentification/
7/13/2017 0:22:41 176: Path header:undefined
7/13/2017 0:22:41 176: Path query:{}
7/13/2017 0:22:41 176: BEGIN PKREQUESTMANAGER.CALLQUERY(176,'ADM0000001','abe','{}', '{abe,abe}','{}', :cursor); END;
7/13/2017 0:22:41 176: 1 Object(s) returned... [FETCH]
7/13/2017 0:22:41 176: [object Object]
7/13/2017 0:22:41 177: LIBQUERY with Callback: 
7/13/2017 0:22:41 177: Path request:/api/user/
7/13/2017 0:22:41 177: Path header:undefined
7/13/2017 0:22:41 177: Path query:{"USER_NAME":"abe"}
7/13/2017 0:22:41 177: BEGIN PKREQUESTMANAGER.CALLQUERY(177,'CLI0000002','abe','{}', '{abe}','{}', :cursor); END;
7/13/2017 0:22:41 178: LIBQUERY with Callback: 
7/13/2017 0:22:41 178: Path request:/api/environment/
7/13/2017 0:22:41 178: Path header:undefined
7/13/2017 0:22:41 178: Path query:{"USER_NAME":"abe"}
7/13/2017 0:22:41 178: BEGIN PKREQUESTMANAGER.CALLQUERY(178,'CLI0000003','abe','{}', '{abe}','{}', :cursor); END;
7/13/2017 0:22:41 178: 1 Object(s) returned... [FETCH]
7/13/2017 0:22:41 178: [object Object]
7/13/2017 0:22:41 178: 6 Object(s) returned... [FETCH]
7/13/2017 0:22:41 178: [object Object],[object Object],[object Object],[object Object],[object Object],[object Object]
7/13/2017 0:22:41 179: LIBQUERY with Callback: 
7/13/2017 0:22:41 179: Path request:/api/labels/
7/13/2017 0:22:41 179: Path header:undefined
7/13/2017 0:22:41 179: Path query:{}
7/13/2017 0:22:41 179: BEGIN PKREQUESTMANAGER.CALLQUERY(179,'LAB0000001','abe','{undefined}', '{undefined}','{}', :cursor); END;
7/13/2017 0:22:41 179: 36 Object(s) returned... [FETCH]
7/13/2017 0:22:41 179: [object Object],[object Object],[object Object],[object Object],[object Object],[object Object],[object Object],[object Object],[object Object],[object Object],[object Object],[object Object],[object Object],[object Object],[object Object],[object Object],[object Object],[object Object],[object Object],[object Object],[object Object],[object Object],[object Object],[object Object],[object Object],[object Object],[object Object],[object Object],[object Object],[object Object],[object Object],[object Object],[object Object],[object Object],[object Object],[object Object]
7/13/2017 0:29:32 180: LIBQUERY with Callback: 
7/13/2017 0:29:32 180: Path request:/api/authentification/
7/13/2017 0:29:32 180: Path header:undefined
7/13/2017 0:29:32 180: Path query:{}
7/13/2017 0:29:32 180: BEGIN PKREQUESTMANAGER.CALLQUERY(180,'ADM0000001','abe','{}', '{abe,abe}','{}', :cursor); END;
7/13/2017 0:29:32 180: 1 Object(s) returned... [FETCH]
7/13/2017 0:29:32 180: [object Object]
7/13/2017 0:29:32 181: LIBQUERY with Callback: 
7/13/2017 0:29:32 181: Path request:/api/user/
7/13/2017 0:29:32 181: Path header:undefined
7/13/2017 0:29:32 181: Path query:{"USER_NAME":"abe"}
7/13/2017 0:29:32 181: BEGIN PKREQUESTMANAGER.CALLQUERY(181,'CLI0000002','abe','{}', '{abe}','{}', :cursor); END;
7/13/2017 0:29:32 182: LIBQUERY with Callback: 
7/13/2017 0:29:32 182: Path request:/api/environment/
7/13/2017 0:29:32 182: Path header:undefined
7/13/2017 0:29:32 182: Path query:{"USER_NAME":"abe"}
7/13/2017 0:29:32 182: BEGIN PKREQUESTMANAGER.CALLQUERY(182,'CLI0000003','abe','{}', '{abe}','{}', :cursor); END;
7/13/2017 0:29:32 182: 1 Object(s) returned... [FETCH]
7/13/2017 0:29:32 182: [object Object]
7/13/2017 0:29:32 182: 6 Object(s) returned... [FETCH]
7/13/2017 0:29:32 182: [object Object],[object Object],[object Object],[object Object],[object Object],[object Object]
7/13/2017 0:29:33 183: LIBQUERY with Callback: 
7/13/2017 0:29:33 183: Path request:/api/labels/
7/13/2017 0:29:33 183: Path header:undefined
7/13/2017 0:29:33 183: Path query:{}
7/13/2017 0:29:33 183: BEGIN PKREQUESTMANAGER.CALLQUERY(183,'LAB0000001','abe','{undefined}', '{undefined}','{}', :cursor); END;
7/13/2017 0:29:33 183: 36 Object(s) returned... [FETCH]
7/13/2017 0:29:33 183: [object Object],[object Object],[object Object],[object Object],[object Object],[object Object],[object Object],[object Object],[object Object],[object Object],[object Object],[object Object],[object Object],[object Object],[object Object],[object Object],[object Object],[object Object],[object Object],[object Object],[object Object],[object Object],[object Object],[object Object],[object Object],[object Object],[object Object],[object Object],[object Object],[object Object],[object Object],[object Object],[object Object],[object Object],[object Object],[object Object]
7/13/2017 0:30:47 184: LIBQUERY with Callback: 
7/13/2017 0:30:47 184: Path request:/api/authentification/
7/13/2017 0:30:47 184: Path header:undefined
7/13/2017 0:30:47 184: Path query:{}
7/13/2017 0:30:47 184: BEGIN PKREQUESTMANAGER.CALLQUERY(184,'ADM0000001','abe','{}', '{abe,abe}','{}', :cursor); END;
7/13/2017 0:30:47 184: 1 Object(s) returned... [FETCH]
7/13/2017 0:30:47 184: [object Object]
7/13/2017 0:30:47 185: LIBQUERY with Callback: 
7/13/2017 0:30:47 185: Path request:/api/user/
7/13/2017 0:30:47 185: Path header:undefined
7/13/2017 0:30:47 185: Path query:{"USER_NAME":"abe"}
7/13/2017 0:30:47 185: BEGIN PKREQUESTMANAGER.CALLQUERY(185,'CLI0000002','abe','{}', '{abe}','{}', :cursor); END;
7/13/2017 0:30:47 186: LIBQUERY with Callback: 
7/13/2017 0:30:47 186: Path request:/api/environment/
7/13/2017 0:30:47 186: Path header:undefined
7/13/2017 0:30:47 186: Path query:{"USER_NAME":"abe"}
7/13/2017 0:30:47 186: BEGIN PKREQUESTMANAGER.CALLQUERY(186,'CLI0000003','abe','{}', '{abe}','{}', :cursor); END;
7/13/2017 0:30:47 186: 1 Object(s) returned... [FETCH]
7/13/2017 0:30:47 186: [object Object]
7/13/2017 0:30:47 186: 6 Object(s) returned... [FETCH]
7/13/2017 0:30:47 186: [object Object],[object Object],[object Object],[object Object],[object Object],[object Object]
7/13/2017 0:30:48 187: LIBQUERY with Callback: 
7/13/2017 0:30:48 187: Path request:/api/labels/
7/13/2017 0:30:48 187: Path header:undefined
7/13/2017 0:30:48 187: Path query:{}
7/13/2017 0:30:48 187: BEGIN PKREQUESTMANAGER.CALLQUERY(187,'LAB0000001','abe','{undefined}', '{undefined}','{}', :cursor); END;
7/13/2017 0:30:48 187: 36 Object(s) returned... [FETCH]
7/13/2017 0:30:48 187: [object Object],[object Object],[object Object],[object Object],[object Object],[object Object],[object Object],[object Object],[object Object],[object Object],[object Object],[object Object],[object Object],[object Object],[object Object],[object Object],[object Object],[object Object],[object Object],[object Object],[object Object],[object Object],[object Object],[object Object],[object Object],[object Object],[object Object],[object Object],[object Object],[object Object],[object Object],[object Object],[object Object],[object Object],[object Object],[object Object]
7/13/2017 0:33:1 188: LIBQUERY with Callback: 
7/13/2017 0:33:1 188: Path request:/api/authentification/
7/13/2017 0:33:1 188: Path header:undefined
7/13/2017 0:33:1 188: Path query:{}
7/13/2017 0:33:1 188: BEGIN PKREQUESTMANAGER.CALLQUERY(188,'ADM0000001','abe','{}', '{abe,abe}','{}', :cursor); END;
7/13/2017 0:33:1 188: 1 Object(s) returned... [FETCH]
7/13/2017 0:33:1 188: [object Object]
7/13/2017 0:33:1 189: LIBQUERY with Callback: 
7/13/2017 0:33:1 189: Path request:/api/user/
7/13/2017 0:33:1 189: Path header:undefined
7/13/2017 0:33:1 189: Path query:{"USER_NAME":"abe"}
7/13/2017 0:33:1 189: BEGIN PKREQUESTMANAGER.CALLQUERY(189,'CLI0000002','abe','{}', '{abe}','{}', :cursor); END;
7/13/2017 0:33:1 190: LIBQUERY with Callback: 
7/13/2017 0:33:1 190: Path request:/api/environment/
7/13/2017 0:33:1 190: Path header:undefined
7/13/2017 0:33:1 190: Path query:{"USER_NAME":"abe"}
7/13/2017 0:33:1 190: BEGIN PKREQUESTMANAGER.CALLQUERY(190,'CLI0000003','abe','{}', '{abe}','{}', :cursor); END;
7/13/2017 0:33:1 190: 1 Object(s) returned... [FETCH]
7/13/2017 0:33:1 190: [object Object]
7/13/2017 0:33:1 190: 6 Object(s) returned... [FETCH]
7/13/2017 0:33:1 190: [object Object],[object Object],[object Object],[object Object],[object Object],[object Object]
7/13/2017 0:33:1 191: LIBQUERY with Callback: 
7/13/2017 0:33:1 191: Path request:/api/labels/
7/13/2017 0:33:1 191: Path header:undefined
7/13/2017 0:33:1 191: Path query:{}
7/13/2017 0:33:1 191: BEGIN PKREQUESTMANAGER.CALLQUERY(191,'LAB0000001','abe','{undefined}', '{undefined}','{HN}', :cursor); END;
7/13/2017 0:33:1 191: 36 Object(s) returned... [FETCH]
7/13/2017 0:33:1 191: [object Object],[object Object],[object Object],[object Object],[object Object],[object Object],[object Object],[object Object],[object Object],[object Object],[object Object],[object Object],[object Object],[object Object],[object Object],[object Object],[object Object],[object Object],[object Object],[object Object],[object Object],[object Object],[object Object],[object Object],[object Object],[object Object],[object Object],[object Object],[object Object],[object Object],[object Object],[object Object],[object Object],[object Object],[object Object],[object Object]
7/13/2017 0:46:50 192: LIBQUERY with Callback: 
7/13/2017 0:46:50 192: Path request:/api/authentification/
7/13/2017 0:46:50 192: Path header:undefined
7/13/2017 0:46:50 192: Path query:{}
7/13/2017 0:46:50 192: BEGIN PKREQUESTMANAGER.CALLQUERY(192,'ADM0000001','abe','{}', '{abe,abe}','{}', :cursor); END;
7/13/2017 0:46:50 192: 1 Object(s) returned... [FETCH]
7/13/2017 0:46:50 192: [object Object]
7/13/2017 0:46:50 193: LIBQUERY with Callback: 
7/13/2017 0:46:50 193: Path request:/api/user/
7/13/2017 0:46:50 193: Path header:undefined
7/13/2017 0:46:50 193: Path query:{"USER_NAME":"abe"}
7/13/2017 0:46:50 193: BEGIN PKREQUESTMANAGER.CALLQUERY(193,'CLI0000002','abe','{}', '{abe}','{}', :cursor); END;
7/13/2017 0:46:50 194: LIBQUERY with Callback: 
7/13/2017 0:46:50 194: Path request:/api/environment/
7/13/2017 0:46:50 194: Path header:undefined
7/13/2017 0:46:50 194: Path query:{"USER_NAME":"abe"}
7/13/2017 0:46:50 194: BEGIN PKREQUESTMANAGER.CALLQUERY(194,'CLI0000003','abe','{}', '{abe}','{}', :cursor); END;
7/13/2017 0:46:50 194: 6 Object(s) returned... [FETCH]
7/13/2017 0:46:50 194: [object Object],[object Object],[object Object],[object Object],[object Object],[object Object]
7/13/2017 0:46:50 194: 1 Object(s) returned... [FETCH]
7/13/2017 0:46:50 194: [object Object]
7/13/2017 0:46:50 195: LIBQUERY with Callback: 
7/13/2017 0:46:50 195: Path request:/api/labels/
7/13/2017 0:46:50 195: Path header:undefined
7/13/2017 0:46:50 195: Path query:{}
7/13/2017 0:46:50 195: BEGIN PKREQUESTMANAGER.CALLQUERY(195,'LAB0000001','abe','{undefined}', '{undefined}','{HN}', :cursor); END;
7/13/2017 0:46:50 195: 36 Object(s) returned... [FETCH]
7/13/2017 0:46:50 195: [object Object],[object Object],[object Object],[object Object],[object Object],[object Object],[object Object],[object Object],[object Object],[object Object],[object Object],[object Object],[object Object],[object Object],[object Object],[object Object],[object Object],[object Object],[object Object],[object Object],[object Object],[object Object],[object Object],[object Object],[object Object],[object Object],[object Object],[object Object],[object Object],[object Object],[object Object],[object Object],[object Object],[object Object],[object Object],[object Object]
7/13/2017 0:47:46 196: LIBQUERY with Callback: 
7/13/2017 0:47:46 196: Path request:/api/authentification/
7/13/2017 0:47:46 196: Path header:undefined
7/13/2017 0:47:46 196: Path query:{}
7/13/2017 0:47:46 196: BEGIN PKREQUESTMANAGER.CALLQUERY(196,'ADM0000001','abe','{}', '{abe,abe}','{}', :cursor); END;
7/13/2017 0:47:46 196: 1 Object(s) returned... [FETCH]
7/13/2017 0:47:46 196: [object Object]
7/13/2017 0:47:46 197: LIBQUERY with Callback: 
7/13/2017 0:47:46 197: Path request:/api/user/
7/13/2017 0:47:46 197: Path header:undefined
7/13/2017 0:47:46 197: Path query:{"USER_NAME":"abe"}
7/13/2017 0:47:46 197: BEGIN PKREQUESTMANAGER.CALLQUERY(197,'CLI0000002','abe','{}', '{abe}','{}', :cursor); END;
7/13/2017 0:47:46 198: LIBQUERY with Callback: 
7/13/2017 0:47:46 198: Path request:/api/environment/
7/13/2017 0:47:46 198: Path header:undefined
7/13/2017 0:47:46 198: Path query:{"USER_NAME":"abe"}
7/13/2017 0:47:46 198: BEGIN PKREQUESTMANAGER.CALLQUERY(198,'CLI0000003','abe','{}', '{abe}','{}', :cursor); END;
7/13/2017 0:47:46 198: 1 Object(s) returned... [FETCH]
7/13/2017 0:47:46 198: [object Object]
7/13/2017 0:47:46 198: 6 Object(s) returned... [FETCH]
7/13/2017 0:47:46 198: [object Object],[object Object],[object Object],[object Object],[object Object],[object Object]
7/13/2017 0:47:46 199: LIBQUERY with Callback: 
7/13/2017 0:47:46 199: Path request:/api/labels/
7/13/2017 0:47:46 199: Path header:undefined
7/13/2017 0:47:46 199: Path query:{}
7/13/2017 0:47:46 199: BEGIN PKREQUESTMANAGER.CALLQUERY(199,'LAB0000001','abe','{undefined}', '{undefined}','{HN}', :cursor); END;
7/13/2017 0:47:46 199: 36 Object(s) returned... [FETCH]
7/13/2017 0:47:46 199: [object Object],[object Object],[object Object],[object Object],[object Object],[object Object],[object Object],[object Object],[object Object],[object Object],[object Object],[object Object],[object Object],[object Object],[object Object],[object Object],[object Object],[object Object],[object Object],[object Object],[object Object],[object Object],[object Object],[object Object],[object Object],[object Object],[object Object],[object Object],[object Object],[object Object],[object Object],[object Object],[object Object],[object Object],[object Object],[object Object]
7/13/2017 0:49:14 200: LIBQUERY with Callback: 
7/13/2017 0:49:14 200: Path request:/api/authentification/
7/13/2017 0:49:14 200: Path header:undefined
7/13/2017 0:49:14 200: Path query:{}
7/13/2017 0:49:14 200: BEGIN PKREQUESTMANAGER.CALLQUERY(200,'ADM0000001','abe','{}', '{abe,abe}','{}', :cursor); END;
7/13/2017 0:49:14 200: 1 Object(s) returned... [FETCH]
7/13/2017 0:49:14 200: [object Object]
7/13/2017 0:49:14 201: LIBQUERY with Callback: 
7/13/2017 0:49:14 201: Path request:/api/user/
7/13/2017 0:49:14 201: Path header:undefined
7/13/2017 0:49:14 201: Path query:{"USER_NAME":"abe"}
7/13/2017 0:49:14 201: BEGIN PKREQUESTMANAGER.CALLQUERY(201,'CLI0000002','abe','{}', '{abe}','{}', :cursor); END;
7/13/2017 0:49:14 202: LIBQUERY with Callback: 
7/13/2017 0:49:14 202: Path request:/api/environment/
7/13/2017 0:49:14 202: Path header:undefined
7/13/2017 0:49:14 202: Path query:{"USER_NAME":"abe"}
7/13/2017 0:49:14 202: BEGIN PKREQUESTMANAGER.CALLQUERY(202,'CLI0000003','abe','{}', '{abe}','{}', :cursor); END;
7/13/2017 0:49:14 202: 1 Object(s) returned... [FETCH]
7/13/2017 0:49:14 202: [object Object]
7/13/2017 0:49:14 202: 6 Object(s) returned... [FETCH]
7/13/2017 0:49:14 202: [object Object],[object Object],[object Object],[object Object],[object Object],[object Object]
7/13/2017 0:49:14 203: LIBQUERY with Callback: 
7/13/2017 0:49:14 203: Path request:/api/labels/
7/13/2017 0:49:14 203: Path header:undefined
7/13/2017 0:49:14 203: Path query:{}
7/13/2017 0:49:14 203: BEGIN PKREQUESTMANAGER.CALLQUERY(203,'LAB0000001','abe','{undefined}', '{undefined}','{HN}', :cursor); END;
7/13/2017 0:49:14 203: 36 Object(s) returned... [FETCH]
7/13/2017 0:49:14 203: [object Object],[object Object],[object Object],[object Object],[object Object],[object Object],[object Object],[object Object],[object Object],[object Object],[object Object],[object Object],[object Object],[object Object],[object Object],[object Object],[object Object],[object Object],[object Object],[object Object],[object Object],[object Object],[object Object],[object Object],[object Object],[object Object],[object Object],[object Object],[object Object],[object Object],[object Object],[object Object],[object Object],[object Object],[object Object],[object Object]
7/13/2017 0:50:16 204: LIBQUERY with Callback: 
7/13/2017 0:50:16 204: Path request:/api/authentification/
7/13/2017 0:50:16 204: Path header:undefined
7/13/2017 0:50:16 204: Path query:{}
7/13/2017 0:50:16 204: BEGIN PKREQUESTMANAGER.CALLQUERY(204,'ADM0000001','abe','{}', '{abe,abe}','{}', :cursor); END;
7/13/2017 0:50:16 204: 1 Object(s) returned... [FETCH]
7/13/2017 0:50:16 204: [object Object]
7/13/2017 0:50:16 205: LIBQUERY with Callback: 
7/13/2017 0:50:16 205: Path request:/api/user/
7/13/2017 0:50:16 205: Path header:undefined
7/13/2017 0:50:16 205: Path query:{"USER_NAME":"abe"}
7/13/2017 0:50:16 205: BEGIN PKREQUESTMANAGER.CALLQUERY(205,'CLI0000002','abe','{}', '{abe}','{}', :cursor); END;
7/13/2017 0:50:16 206: LIBQUERY with Callback: 
7/13/2017 0:50:16 206: Path request:/api/environment/
7/13/2017 0:50:16 206: Path header:undefined
7/13/2017 0:50:16 206: Path query:{"USER_NAME":"abe"}
7/13/2017 0:50:16 206: BEGIN PKREQUESTMANAGER.CALLQUERY(206,'CLI0000003','abe','{}', '{abe}','{}', :cursor); END;
7/13/2017 0:50:16 206: 1 Object(s) returned... [FETCH]
7/13/2017 0:50:16 206: [object Object]
7/13/2017 0:50:16 206: 6 Object(s) returned... [FETCH]
7/13/2017 0:50:16 206: [object Object],[object Object],[object Object],[object Object],[object Object],[object Object]
7/13/2017 0:50:16 207: LIBQUERY with Callback: 
7/13/2017 0:50:16 207: Path request:/api/labels/
7/13/2017 0:50:16 207: Path header:undefined
7/13/2017 0:50:16 207: Path query:{}
7/13/2017 0:50:16 207: BEGIN PKREQUESTMANAGER.CALLQUERY(207,'LAB0000001','abe','{undefined}', '{undefined}','{}', :cursor); END;
7/13/2017 0:50:16 207: 36 Object(s) returned... [FETCH]
7/13/2017 0:50:16 207: [object Object],[object Object],[object Object],[object Object],[object Object],[object Object],[object Object],[object Object],[object Object],[object Object],[object Object],[object Object],[object Object],[object Object],[object Object],[object Object],[object Object],[object Object],[object Object],[object Object],[object Object],[object Object],[object Object],[object Object],[object Object],[object Object],[object Object],[object Object],[object Object],[object Object],[object Object],[object Object],[object Object],[object Object],[object Object],[object Object]
7/13/2017 0:51:19 208: LIBQUERY with Callback: 
7/13/2017 0:51:19 208: Path request:/api/authentification/
7/13/2017 0:51:19 208: Path header:undefined
7/13/2017 0:51:19 208: Path query:{}
7/13/2017 0:51:19 208: BEGIN PKREQUESTMANAGER.CALLQUERY(208,'ADM0000001','abe','{}', '{abe,abe}','{}', :cursor); END;
7/13/2017 0:51:19 208: 1 Object(s) returned... [FETCH]
7/13/2017 0:51:19 208: [object Object]
7/13/2017 0:51:19 209: LIBQUERY with Callback: 
7/13/2017 0:51:19 209: Path request:/api/user/
7/13/2017 0:51:19 209: Path header:undefined
7/13/2017 0:51:19 209: Path query:{"USER_NAME":"abe"}
7/13/2017 0:51:19 209: BEGIN PKREQUESTMANAGER.CALLQUERY(209,'CLI0000002','abe','{}', '{abe}','{}', :cursor); END;
7/13/2017 0:51:19 210: LIBQUERY with Callback: 
7/13/2017 0:51:19 210: Path request:/api/environment/
7/13/2017 0:51:19 210: Path header:undefined
7/13/2017 0:51:19 210: Path query:{"USER_NAME":"abe"}
7/13/2017 0:51:19 210: BEGIN PKREQUESTMANAGER.CALLQUERY(210,'CLI0000003','abe','{}', '{abe}','{}', :cursor); END;
7/13/2017 0:51:19 210: 1 Object(s) returned... [FETCH]
7/13/2017 0:51:19 210: [object Object]
7/13/2017 0:51:19 210: 6 Object(s) returned... [FETCH]
7/13/2017 0:51:19 210: [object Object],[object Object],[object Object],[object Object],[object Object],[object Object]
7/13/2017 0:51:19 211: LIBQUERY with Callback: 
7/13/2017 0:51:19 211: Path request:/api/labels/
7/13/2017 0:51:19 211: Path header:undefined
7/13/2017 0:51:19 211: Path query:{}
7/13/2017 0:51:19 211: BEGIN PKREQUESTMANAGER.CALLQUERY(211,'LAB0000001','abe','{undefined}', '{undefined}','{HN}', :cursor); END;
7/13/2017 0:51:19 211: 36 Object(s) returned... [FETCH]
7/13/2017 0:51:19 211: [object Object],[object Object],[object Object],[object Object],[object Object],[object Object],[object Object],[object Object],[object Object],[object Object],[object Object],[object Object],[object Object],[object Object],[object Object],[object Object],[object Object],[object Object],[object Object],[object Object],[object Object],[object Object],[object Object],[object Object],[object Object],[object Object],[object Object],[object Object],[object Object],[object Object],[object Object],[object Object],[object Object],[object Object],[object Object],[object Object]
7/13/2017 0:57:52 212: LIBQUERY with Callback: 
7/13/2017 0:57:52 212: Path request:/api/authentification/
7/13/2017 0:57:52 212: Path header:undefined
7/13/2017 0:57:52 212: Path query:{}
7/13/2017 0:57:52 212: BEGIN PKREQUESTMANAGER.CALLQUERY(212,'ADM0000001','abe','{}', '{abe,abe}','{}', :cursor); END;
7/13/2017 0:57:52 212: 1 Object(s) returned... [FETCH]
7/13/2017 0:57:52 212: [object Object]
7/13/2017 0:57:52 213: LIBQUERY with Callback: 
7/13/2017 0:57:52 213: Path request:/api/user/
7/13/2017 0:57:52 213: Path header:undefined
7/13/2017 0:57:52 213: Path query:{"USER_NAME":"abe"}
7/13/2017 0:57:52 213: BEGIN PKREQUESTMANAGER.CALLQUERY(213,'CLI0000002','abe','{}', '{abe}','{}', :cursor); END;
7/13/2017 0:57:52 214: LIBQUERY with Callback: 
7/13/2017 0:57:52 214: Path request:/api/environment/
7/13/2017 0:57:52 214: Path header:undefined
7/13/2017 0:57:52 214: Path query:{"USER_NAME":"abe"}
7/13/2017 0:57:52 214: BEGIN PKREQUESTMANAGER.CALLQUERY(214,'CLI0000003','abe','{}', '{abe}','{}', :cursor); END;
7/13/2017 0:57:52 214: 1 Object(s) returned... [FETCH]
7/13/2017 0:57:52 214: [object Object]
7/13/2017 0:57:52 214: 6 Object(s) returned... [FETCH]
7/13/2017 0:57:52 214: [object Object],[object Object],[object Object],[object Object],[object Object],[object Object]
7/13/2017 0:57:52 215: LIBQUERY with Callback: 
7/13/2017 0:57:52 215: Path request:/api/labels/
7/13/2017 0:57:52 215: Path header:undefined
7/13/2017 0:57:52 215: Path query:{}
7/13/2017 0:57:52 215: BEGIN PKREQUESTMANAGER.CALLQUERY(215,'LAB0000001','abe','{undefined}', '{undefined}','{}', :cursor); END;
7/13/2017 0:57:52 215: 36 Object(s) returned... [FETCH]
7/13/2017 0:57:52 215: [object Object],[object Object],[object Object],[object Object],[object Object],[object Object],[object Object],[object Object],[object Object],[object Object],[object Object],[object Object],[object Object],[object Object],[object Object],[object Object],[object Object],[object Object],[object Object],[object Object],[object Object],[object Object],[object Object],[object Object],[object Object],[object Object],[object Object],[object Object],[object Object],[object Object],[object Object],[object Object],[object Object],[object Object],[object Object],[object Object]
7/13/2017 1:1:9 216: LIBQUERY with Callback: 
7/13/2017 1:1:9 216: Path request:/api/authentification/
7/13/2017 1:1:9 216: Path header:undefined
7/13/2017 1:1:9 216: Path query:{}
7/13/2017 1:1:9 216: BEGIN PKREQUESTMANAGER.CALLQUERY(216,'ADM0000001','abe','{}', '{abe,abe}','{}', :cursor); END;
7/13/2017 1:1:9 216: 1 Object(s) returned... [FETCH]
7/13/2017 1:1:9 216: [object Object]
7/13/2017 1:1:9 217: LIBQUERY with Callback: 
7/13/2017 1:1:9 217: Path request:/api/user/
7/13/2017 1:1:9 217: Path header:undefined
7/13/2017 1:1:9 217: Path query:{"USER_NAME":"abe"}
7/13/2017 1:1:9 217: BEGIN PKREQUESTMANAGER.CALLQUERY(217,'CLI0000002','abe','{}', '{abe}','{}', :cursor); END;
7/13/2017 1:1:9 218: LIBQUERY with Callback: 
7/13/2017 1:1:9 218: Path request:/api/environment/
7/13/2017 1:1:9 218: Path header:undefined
7/13/2017 1:1:9 218: Path query:{"USER_NAME":"abe"}
7/13/2017 1:1:9 218: BEGIN PKREQUESTMANAGER.CALLQUERY(218,'CLI0000003','abe','{}', '{abe}','{}', :cursor); END;
7/13/2017 1:1:9 218: 1 Object(s) returned... [FETCH]
7/13/2017 1:1:9 218: [object Object]
7/13/2017 1:1:9 218: 6 Object(s) returned... [FETCH]
7/13/2017 1:1:9 218: [object Object],[object Object],[object Object],[object Object],[object Object],[object Object]
7/13/2017 1:1:10 219: LIBQUERY with Callback: 
7/13/2017 1:1:10 219: Path request:/api/labels/
7/13/2017 1:1:10 219: Path header:undefined
7/13/2017 1:1:10 219: Path query:{}
7/13/2017 1:1:10 219: BEGIN PKREQUESTMANAGER.CALLQUERY(219,'LAB0000001','abe','{undefined}', '{undefined}','{HN}', :cursor); END;
7/13/2017 1:1:10 219: 36 Object(s) returned... [FETCH]
7/13/2017 1:1:10 219: [object Object],[object Object],[object Object],[object Object],[object Object],[object Object],[object Object],[object Object],[object Object],[object Object],[object Object],[object Object],[object Object],[object Object],[object Object],[object Object],[object Object],[object Object],[object Object],[object Object],[object Object],[object Object],[object Object],[object Object],[object Object],[object Object],[object Object],[object Object],[object Object],[object Object],[object Object],[object Object],[object Object],[object Object],[object Object],[object Object]
7/13/2017 1:2:41 220: LIBQUERY with Callback: 
7/13/2017 1:2:41 220: Path request:/api/authentification/
7/13/2017 1:2:41 220: Path header:undefined
7/13/2017 1:2:41 220: Path query:{}
7/13/2017 1:2:41 220: BEGIN PKREQUESTMANAGER.CALLQUERY(220,'ADM0000001','abe','{}', '{abe,abe}','{}', :cursor); END;
7/13/2017 1:2:41 220: 1 Object(s) returned... [FETCH]
7/13/2017 1:2:41 220: [object Object]
7/13/2017 1:2:41 221: LIBQUERY with Callback: 
7/13/2017 1:2:41 221: Path request:/api/user/
7/13/2017 1:2:41 221: Path header:undefined
7/13/2017 1:2:41 221: Path query:{"USER_NAME":"abe"}
7/13/2017 1:2:41 221: BEGIN PKREQUESTMANAGER.CALLQUERY(221,'CLI0000002','abe','{}', '{abe}','{}', :cursor); END;
7/13/2017 1:2:41 222: LIBQUERY with Callback: 
7/13/2017 1:2:41 222: Path request:/api/environment/
7/13/2017 1:2:41 222: Path header:undefined
7/13/2017 1:2:41 222: Path query:{"USER_NAME":"abe"}
7/13/2017 1:2:41 222: BEGIN PKREQUESTMANAGER.CALLQUERY(222,'CLI0000003','abe','{}', '{abe}','{}', :cursor); END;
7/13/2017 1:2:41 222: 1 Object(s) returned... [FETCH]
7/13/2017 1:2:41 222: [object Object]
7/13/2017 1:2:41 222: 6 Object(s) returned... [FETCH]
7/13/2017 1:2:41 222: [object Object],[object Object],[object Object],[object Object],[object Object],[object Object]
7/13/2017 1:2:42 223: LIBQUERY with Callback: 
7/13/2017 1:2:42 223: Path request:/api/labels/
7/13/2017 1:2:42 223: Path header:undefined
7/13/2017 1:2:42 223: Path query:{}
7/13/2017 1:2:42 223: BEGIN PKREQUESTMANAGER.CALLQUERY(223,'LAB0000001','abe','{undefined}', '{undefined}','{HN}', :cursor); END;
7/13/2017 1:2:42 223: 36 Object(s) returned... [FETCH]
7/13/2017 1:2:42 223: [object Object],[object Object],[object Object],[object Object],[object Object],[object Object],[object Object],[object Object],[object Object],[object Object],[object Object],[object Object],[object Object],[object Object],[object Object],[object Object],[object Object],[object Object],[object Object],[object Object],[object Object],[object Object],[object Object],[object Object],[object Object],[object Object],[object Object],[object Object],[object Object],[object Object],[object Object],[object Object],[object Object],[object Object],[object Object],[object Object]
7/13/2017 1:4:26 224: LIBQUERY with Callback: 
7/13/2017 1:4:26 224: Path request:/api/authentification/
7/13/2017 1:4:26 224: Path header:undefined
7/13/2017 1:4:26 224: Path query:{}
7/13/2017 1:4:26 224: BEGIN PKREQUESTMANAGER.CALLQUERY(224,'ADM0000001','abe','{}', '{abe,abe}','{}', :cursor); END;
7/13/2017 1:4:26 224: 1 Object(s) returned... [FETCH]
7/13/2017 1:4:26 224: [object Object]
7/13/2017 1:4:26 225: LIBQUERY with Callback: 
7/13/2017 1:4:26 225: Path request:/api/user/
7/13/2017 1:4:26 225: Path header:undefined
7/13/2017 1:4:26 225: Path query:{"USER_NAME":"abe"}
7/13/2017 1:4:26 225: BEGIN PKREQUESTMANAGER.CALLQUERY(225,'CLI0000002','abe','{}', '{abe}','{}', :cursor); END;
7/13/2017 1:4:26 226: LIBQUERY with Callback: 
7/13/2017 1:4:26 226: Path request:/api/environment/
7/13/2017 1:4:26 226: Path header:undefined
7/13/2017 1:4:26 226: Path query:{"USER_NAME":"abe"}
7/13/2017 1:4:26 226: BEGIN PKREQUESTMANAGER.CALLQUERY(226,'CLI0000003','abe','{}', '{abe}','{}', :cursor); END;
7/13/2017 1:4:26 226: 1 Object(s) returned... [FETCH]
7/13/2017 1:4:26 226: [object Object]
7/13/2017 1:4:26 226: 6 Object(s) returned... [FETCH]
7/13/2017 1:4:26 226: [object Object],[object Object],[object Object],[object Object],[object Object],[object Object]
7/13/2017 1:4:26 227: LIBQUERY with Callback: 
7/13/2017 1:4:26 227: Path request:/api/labels/
7/13/2017 1:4:26 227: Path header:undefined
7/13/2017 1:4:26 227: Path query:{}
7/13/2017 1:4:26 227: BEGIN PKREQUESTMANAGER.CALLQUERY(227,'LAB0000001','abe','{undefined}', '{undefined}','{}', :cursor); END;
7/13/2017 1:4:26 227: 36 Object(s) returned... [FETCH]
7/13/2017 1:4:26 227: [object Object],[object Object],[object Object],[object Object],[object Object],[object Object],[object Object],[object Object],[object Object],[object Object],[object Object],[object Object],[object Object],[object Object],[object Object],[object Object],[object Object],[object Object],[object Object],[object Object],[object Object],[object Object],[object Object],[object Object],[object Object],[object Object],[object Object],[object Object],[object Object],[object Object],[object Object],[object Object],[object Object],[object Object],[object Object],[object Object]
7/13/2017 1:5:31 228: LIBQUERY with Callback: 
7/13/2017 1:5:31 228: Path request:/api/authentification/
7/13/2017 1:5:31 228: Path header:undefined
7/13/2017 1:5:31 228: Path query:{}
7/13/2017 1:5:31 228: BEGIN PKREQUESTMANAGER.CALLQUERY(228,'ADM0000001','abe','{}', '{abe,abe}','{}', :cursor); END;
7/13/2017 1:5:31 228: 1 Object(s) returned... [FETCH]
7/13/2017 1:5:31 228: [object Object]
7/13/2017 1:5:31 229: LIBQUERY with Callback: 
7/13/2017 1:5:31 229: Path request:/api/user/
7/13/2017 1:5:31 229: Path header:undefined
7/13/2017 1:5:31 229: Path query:{"USER_NAME":"abe"}
7/13/2017 1:5:31 229: BEGIN PKREQUESTMANAGER.CALLQUERY(229,'CLI0000002','abe','{}', '{abe}','{}', :cursor); END;
7/13/2017 1:5:31 230: LIBQUERY with Callback: 
7/13/2017 1:5:31 230: Path request:/api/environment/
7/13/2017 1:5:31 230: Path header:undefined
7/13/2017 1:5:31 230: Path query:{"USER_NAME":"abe"}
7/13/2017 1:5:31 230: BEGIN PKREQUESTMANAGER.CALLQUERY(230,'CLI0000003','abe','{}', '{abe}','{}', :cursor); END;
7/13/2017 1:5:31 230: 1 Object(s) returned... [FETCH]
7/13/2017 1:5:31 230: [object Object]
7/13/2017 1:5:31 230: 6 Object(s) returned... [FETCH]
7/13/2017 1:5:31 230: [object Object],[object Object],[object Object],[object Object],[object Object],[object Object]
7/13/2017 1:5:31 231: LIBQUERY with Callback: 
7/13/2017 1:5:31 231: Path request:/api/labels/
7/13/2017 1:5:31 231: Path header:undefined
7/13/2017 1:5:31 231: Path query:{}
7/13/2017 1:5:31 231: BEGIN PKREQUESTMANAGER.CALLQUERY(231,'LAB0000001','abe','{undefined}', '{undefined}','{HN}', :cursor); END;
7/13/2017 1:5:31 231: 36 Object(s) returned... [FETCH]
7/13/2017 1:5:31 231: [object Object],[object Object],[object Object],[object Object],[object Object],[object Object],[object Object],[object Object],[object Object],[object Object],[object Object],[object Object],[object Object],[object Object],[object Object],[object Object],[object Object],[object Object],[object Object],[object Object],[object Object],[object Object],[object Object],[object Object],[object Object],[object Object],[object Object],[object Object],[object Object],[object Object],[object Object],[object Object],[object Object],[object Object],[object Object],[object Object]
7/13/2017 1:8:30 232: LIBQUERY with Callback: 
7/13/2017 1:8:30 232: Path request:/api/authentification/
7/13/2017 1:8:30 232: Path header:undefined
7/13/2017 1:8:30 232: Path query:{}
7/13/2017 1:8:30 232: BEGIN PKREQUESTMANAGER.CALLQUERY(232,'ADM0000001','abe','{}', '{abe,abe}','{}', :cursor); END;
7/13/2017 1:8:31 232: 1 Object(s) returned... [FETCH]
7/13/2017 1:8:31 232: [object Object]
7/13/2017 1:8:31 233: LIBQUERY with Callback: 
7/13/2017 1:8:31 233: Path request:/api/user/
7/13/2017 1:8:31 233: Path header:undefined
7/13/2017 1:8:31 233: Path query:{"USER_NAME":"abe"}
7/13/2017 1:8:31 233: BEGIN PKREQUESTMANAGER.CALLQUERY(233,'CLI0000002','abe','{}', '{abe}','{}', :cursor); END;
7/13/2017 1:8:31 234: LIBQUERY with Callback: 
7/13/2017 1:8:31 234: Path request:/api/environment/
7/13/2017 1:8:31 234: Path header:undefined
7/13/2017 1:8:31 234: Path query:{"USER_NAME":"abe"}
7/13/2017 1:8:31 234: BEGIN PKREQUESTMANAGER.CALLQUERY(234,'CLI0000003','abe','{}', '{abe}','{}', :cursor); END;
7/13/2017 1:8:31 235: LIBQUERY with Callback: 
7/13/2017 1:8:31 235: Path request:/api/labels/
7/13/2017 1:8:31 235: Path header:undefined
7/13/2017 1:8:31 235: Path query:{}
7/13/2017 1:8:31 235: BEGIN PKREQUESTMANAGER.CALLQUERY(235,'LAB0000001','abe','{undefined}', '{undefined}','{}', :cursor); END;
7/13/2017 1:8:31 235: 36 Object(s) returned... [FETCH]
7/13/2017 1:8:31 235: [object Object],[object Object],[object Object],[object Object],[object Object],[object Object],[object Object],[object Object],[object Object],[object Object],[object Object],[object Object],[object Object],[object Object],[object Object],[object Object],[object Object],[object Object],[object Object],[object Object],[object Object],[object Object],[object Object],[object Object],[object Object],[object Object],[object Object],[object Object],[object Object],[object Object],[object Object],[object Object],[object Object],[object Object],[object Object],[object Object]
7/13/2017 1:9:2 1: LIBQUERY with Callback: 
7/13/2017 1:9:2 1: Path request:/api/authentification/
7/13/2017 1:9:2 1: Path header:undefined
7/13/2017 1:9:2 1: Path query:{}
7/13/2017 1:9:2 1: BEGIN PKREQUESTMANAGER.CALLQUERY(1,'ADM0000001','abe','{}', '{abe,abe}','{}', :cursor); END;
7/13/2017 1:9:2 1: 1 Object(s) returned... [FETCH]
7/13/2017 1:9:2 1: [object Object]
7/13/2017 1:9:2 2: LIBQUERY with Callback: 
7/13/2017 1:9:2 2: Path request:/api/user/
7/13/2017 1:9:2 2: Path header:undefined
7/13/2017 1:9:2 2: Path query:{"USER_NAME":"abe"}
7/13/2017 1:9:2 2: BEGIN PKREQUESTMANAGER.CALLQUERY(2,'CLI0000002','abe','{}', '{abe}','{}', :cursor); END;
7/13/2017 1:9:2 3: LIBQUERY with Callback: 
7/13/2017 1:9:2 3: Path request:/api/environment/
7/13/2017 1:9:2 3: Path header:undefined
7/13/2017 1:9:2 3: Path query:{"USER_NAME":"abe"}
7/13/2017 1:9:2 3: BEGIN PKREQUESTMANAGER.CALLQUERY(3,'CLI0000003','abe','{}', '{abe}','{}', :cursor); END;
7/13/2017 1:9:2 3: 1 Object(s) returned... [FETCH]
7/13/2017 1:9:2 3: [object Object]
7/13/2017 1:9:2 3: 6 Object(s) returned... [FETCH]
7/13/2017 1:9:3 3: [object Object],[object Object],[object Object],[object Object],[object Object],[object Object]
7/13/2017 1:9:3 4: LIBQUERY with Callback: 
7/13/2017 1:9:3 4: Path request:/api/labels/
7/13/2017 1:9:3 4: Path header:undefined
7/13/2017 1:9:3 4: Path query:{}
7/13/2017 1:9:3 4: BEGIN PKREQUESTMANAGER.CALLQUERY(4,'LAB0000001','abe','{undefined}', '{undefined}','{HN}', :cursor); END;
7/13/2017 1:9:3 4: 36 Object(s) returned... [FETCH]
7/13/2017 1:9:3 4: [object Object],[object Object],[object Object],[object Object],[object Object],[object Object],[object Object],[object Object],[object Object],[object Object],[object Object],[object Object],[object Object],[object Object],[object Object],[object Object],[object Object],[object Object],[object Object],[object Object],[object Object],[object Object],[object Object],[object Object],[object Object],[object Object],[object Object],[object Object],[object Object],[object Object],[object Object],[object Object],[object Object],[object Object],[object Object],[object Object]
7/13/2017 1:10:35 5: LIBQUERY with Callback: 
7/13/2017 1:10:35 5: Path request:/api/authentification/
7/13/2017 1:10:35 5: Path header:undefined
7/13/2017 1:10:35 5: Path query:{}
7/13/2017 1:10:35 5: BEGIN PKREQUESTMANAGER.CALLQUERY(5,'ADM0000001','abe','{}', '{abe,abe}','{}', :cursor); END;
7/13/2017 1:10:35 5: 1 Object(s) returned... [FETCH]
7/13/2017 1:10:35 5: [object Object]
7/13/2017 1:10:35 6: LIBQUERY with Callback: 
7/13/2017 1:10:35 6: Path request:/api/user/
7/13/2017 1:10:35 6: Path header:undefined
7/13/2017 1:10:35 6: Path query:{"USER_NAME":"abe"}
7/13/2017 1:10:35 6: BEGIN PKREQUESTMANAGER.CALLQUERY(6,'CLI0000002','abe','{}', '{abe}','{}', :cursor); END;
7/13/2017 1:10:35 7: LIBQUERY with Callback: 
7/13/2017 1:10:35 7: Path request:/api/environment/
7/13/2017 1:10:35 7: Path header:undefined
7/13/2017 1:10:35 7: Path query:{"USER_NAME":"abe"}
7/13/2017 1:10:35 7: BEGIN PKREQUESTMANAGER.CALLQUERY(7,'CLI0000003','abe','{}', '{abe}','{}', :cursor); END;
7/13/2017 1:10:35 7: 1 Object(s) returned... [FETCH]
7/13/2017 1:10:35 7: [object Object]
7/13/2017 1:10:35 7: 6 Object(s) returned... [FETCH]
7/13/2017 1:10:35 7: [object Object],[object Object],[object Object],[object Object],[object Object],[object Object]
7/13/2017 1:10:35 8: LIBQUERY with Callback: 
7/13/2017 1:10:35 8: Path request:/api/labels/
7/13/2017 1:10:35 8: Path header:undefined
7/13/2017 1:10:35 8: Path query:{}
7/13/2017 1:10:35 8: BEGIN PKREQUESTMANAGER.CALLQUERY(8,'LAB0000001','abe','{undefined}', '{undefined}','{HN}', :cursor); END;
7/13/2017 1:10:36 8: 36 Object(s) returned... [FETCH]
7/13/2017 1:10:36 8: [object Object],[object Object],[object Object],[object Object],[object Object],[object Object],[object Object],[object Object],[object Object],[object Object],[object Object],[object Object],[object Object],[object Object],[object Object],[object Object],[object Object],[object Object],[object Object],[object Object],[object Object],[object Object],[object Object],[object Object],[object Object],[object Object],[object Object],[object Object],[object Object],[object Object],[object Object],[object Object],[object Object],[object Object],[object Object],[object Object]
7/13/2017 1:13:22 9: LIBQUERY with Callback: 
7/13/2017 1:13:22 9: Path request:/api/authentification/
7/13/2017 1:13:22 9: Path header:undefined
7/13/2017 1:13:22 9: Path query:{}
7/13/2017 1:13:22 9: BEGIN PKREQUESTMANAGER.CALLQUERY(9,'ADM0000001','abe','{}', '{abe,abe}','{}', :cursor); END;
7/13/2017 1:13:24 10: LIBQUERY with Callback: 
7/13/2017 1:13:24 10: Path request:/api/authentification/
7/13/2017 1:13:24 10: Path header:undefined
7/13/2017 1:13:24 10: Path query:{}
7/13/2017 1:13:24 10: BEGIN PKREQUESTMANAGER.CALLQUERY(10,'ADM0000001','abe','{}', '{abe,abe}','{}', :cursor); END;
7/13/2017 1:13:27 11: LIBQUERY with Callback: 
7/13/2017 1:13:27 11: Path request:/api/authentification/
7/13/2017 1:13:27 11: Path header:undefined
7/13/2017 1:13:27 11: Path query:{}
7/13/2017 1:13:27 11: BEGIN PKREQUESTMANAGER.CALLQUERY(11,'ADM0000001','abe','{}', '{abe,abe}','{}', :cursor); END;
7/13/2017 1:13:28 12: LIBQUERY with Callback: 
7/13/2017 1:13:28 12: Path request:/api/authentification/
7/13/2017 1:13:28 12: Path header:undefined
7/13/2017 1:13:28 12: Path query:{}
7/13/2017 1:13:28 12: BEGIN PKREQUESTMANAGER.CALLQUERY(12,'ADM0000001','abe','{}', '{abe,abe}','{}', :cursor); END;
7/13/2017 1:13:28 13: LIBQUERY with Callback: 
7/13/2017 1:13:28 13: Path request:/api/authentification/
7/13/2017 1:13:28 13: Path header:undefined
7/13/2017 1:13:28 13: Path query:{}
7/13/2017 1:13:28 13: BEGIN PKREQUESTMANAGER.CALLQUERY(13,'ADM0000001','abe','{}', '{abe,abe}','{}', :cursor); END;
7/13/2017 1:17:37 1: LIBQUERY with Callback: 
7/13/2017 1:17:37 1: Path request:/api/authentification/
7/13/2017 1:17:37 1: Path header:undefined
7/13/2017 1:17:37 1: Path query:{}
7/13/2017 1:17:37 1: BEGIN PKREQUESTMANAGER.CALLQUERY(1,'ADM0000001','abe','{}', '{abe,abe}','{}', :cursor); END;
7/13/2017 1:17:37 1: 1 Object(s) returned... [FETCH]
7/13/2017 1:17:37 1: [object Object]
7/13/2017 1:17:37 2: LIBQUERY with Callback: 
7/13/2017 1:17:37 2: Path request:/api/user/
7/13/2017 1:17:37 2: Path header:undefined
7/13/2017 1:17:37 2: Path query:{"USER_NAME":"abe"}
7/13/2017 1:17:37 2: BEGIN PKREQUESTMANAGER.CALLQUERY(2,'CLI0000002','abe','{}', '{abe}','{}', :cursor); END;
7/13/2017 1:17:37 3: LIBQUERY with Callback: 
7/13/2017 1:17:37 3: Path request:/api/environment/
7/13/2017 1:17:37 3: Path header:undefined
7/13/2017 1:17:37 3: Path query:{"USER_NAME":"abe"}
7/13/2017 1:17:37 3: BEGIN PKREQUESTMANAGER.CALLQUERY(3,'CLI0000003','abe','{}', '{abe}','{}', :cursor); END;
7/13/2017 1:17:38 3: 1 Object(s) returned... [FETCH]
7/13/2017 1:17:38 3: [object Object]
7/13/2017 1:17:38 3: 6 Object(s) returned... [FETCH]
7/13/2017 1:17:38 3: [object Object],[object Object],[object Object],[object Object],[object Object],[object Object]
7/13/2017 1:17:39 4: LIBQUERY with Callback: 
7/13/2017 1:17:39 4: Path request:/api/labels/
7/13/2017 1:17:39 4: Path header:undefined
7/13/2017 1:17:39 4: Path query:{}
7/13/2017 1:17:39 4: BEGIN PKREQUESTMANAGER.CALLQUERY(4,'LAB0000001','abe','{undefined}', '{undefined}','{}', :cursor); END;
7/13/2017 1:17:39 4: 36 Object(s) returned... [FETCH]
7/13/2017 1:17:39 4: [object Object],[object Object],[object Object],[object Object],[object Object],[object Object],[object Object],[object Object],[object Object],[object Object],[object Object],[object Object],[object Object],[object Object],[object Object],[object Object],[object Object],[object Object],[object Object],[object Object],[object Object],[object Object],[object Object],[object Object],[object Object],[object Object],[object Object],[object Object],[object Object],[object Object],[object Object],[object Object],[object Object],[object Object],[object Object],[object Object]
7/13/2017 1:22:9 1: LIBQUERY with Callback: 
7/13/2017 1:22:9 1: Path request:/api/authentification/
7/13/2017 1:22:9 1: Path header:undefined
7/13/2017 1:22:9 1: Path query:{}
7/13/2017 1:22:9 1: BEGIN PKREQUESTMANAGER.CALLQUERY(1,'ADM0000001','abe','{}', '{abe,abe}','{}', :cursor); END;
7/13/2017 1:22:9 1: 1 Object(s) returned... [FETCH]
7/13/2017 1:22:9 1: [object Object]
7/13/2017 1:22:9 2: LIBQUERY with Callback: 
7/13/2017 1:22:9 2: Path request:/api/user/
7/13/2017 1:22:9 2: Path header:undefined
7/13/2017 1:22:9 2: Path query:{"USER_NAME":"abe"}
7/13/2017 1:22:9 2: BEGIN PKREQUESTMANAGER.CALLQUERY(2,'CLI0000002','abe','{}', '{abe}','{}', :cursor); END;
7/13/2017 1:22:9 3: LIBQUERY with Callback: 
7/13/2017 1:22:9 3: Path request:/api/environment/
7/13/2017 1:22:9 3: Path header:undefined
7/13/2017 1:22:9 3: Path query:{"USER_NAME":"abe"}
7/13/2017 1:22:9 3: BEGIN PKREQUESTMANAGER.CALLQUERY(3,'CLI0000003','abe','{}', '{abe}','{}', :cursor); END;
7/13/2017 1:22:9 3: 1 Object(s) returned... [FETCH]
7/13/2017 1:22:9 3: [object Object]
7/13/2017 1:22:9 3: 6 Object(s) returned... [FETCH]
7/13/2017 1:22:9 3: [object Object],[object Object],[object Object],[object Object],[object Object],[object Object]
7/13/2017 1:22:11 4: LIBQUERY with Callback: 
7/13/2017 1:22:11 4: Path request:/api/labels/
7/13/2017 1:22:11 4: Path header:undefined
7/13/2017 1:22:11 4: Path query:{}
7/13/2017 1:22:11 4: BEGIN PKREQUESTMANAGER.CALLQUERY(4,'LAB0000001','abe','{undefined}', '{undefined}','{HN}', :cursor); END;
7/13/2017 1:22:11 4: 36 Object(s) returned... [FETCH]
7/13/2017 1:22:11 4: [object Object],[object Object],[object Object],[object Object],[object Object],[object Object],[object Object],[object Object],[object Object],[object Object],[object Object],[object Object],[object Object],[object Object],[object Object],[object Object],[object Object],[object Object],[object Object],[object Object],[object Object],[object Object],[object Object],[object Object],[object Object],[object Object],[object Object],[object Object],[object Object],[object Object],[object Object],[object Object],[object Object],[object Object],[object Object],[object Object]
7/13/2017 1:24:22 5: LIBQUERY with Callback: 
7/13/2017 1:24:22 5: Path request:/api/authentification/
7/13/2017 1:24:22 5: Path header:undefined
7/13/2017 1:24:22 5: Path query:{}
7/13/2017 1:24:22 5: BEGIN PKREQUESTMANAGER.CALLQUERY(5,'ADM0000001','abe','{}', '{abe,abe}','{}', :cursor); END;
7/13/2017 1:24:22 5: 1 Object(s) returned... [FETCH]
7/13/2017 1:24:22 5: [object Object]
7/13/2017 1:24:22 6: LIBQUERY with Callback: 
7/13/2017 1:24:22 6: Path request:/api/user/
7/13/2017 1:24:22 6: Path header:undefined
7/13/2017 1:24:22 6: Path query:{"USER_NAME":"abe"}
7/13/2017 1:24:22 6: BEGIN PKREQUESTMANAGER.CALLQUERY(6,'CLI0000002','abe','{}', '{abe}','{}', :cursor); END;
7/13/2017 1:24:22 7: LIBQUERY with Callback: 
7/13/2017 1:24:22 7: Path request:/api/environment/
7/13/2017 1:24:22 7: Path header:undefined
7/13/2017 1:24:22 7: Path query:{"USER_NAME":"abe"}
7/13/2017 1:24:22 7: BEGIN PKREQUESTMANAGER.CALLQUERY(7,'CLI0000003','abe','{}', '{abe}','{}', :cursor); END;
7/13/2017 1:24:22 7: 1 Object(s) returned... [FETCH]
7/13/2017 1:24:22 7: [object Object]
7/13/2017 1:24:22 7: 6 Object(s) returned... [FETCH]
7/13/2017 1:24:22 7: [object Object],[object Object],[object Object],[object Object],[object Object],[object Object]
7/13/2017 1:24:24 8: LIBQUERY with Callback: 
7/13/2017 1:24:24 8: Path request:/api/labels/
7/13/2017 1:24:24 8: Path header:undefined
7/13/2017 1:24:24 8: Path query:{}
7/13/2017 1:24:24 8: BEGIN PKREQUESTMANAGER.CALLQUERY(8,'LAB0000001','abe','{undefined}', '{undefined}','{}', :cursor); END;
7/13/2017 1:24:24 8: 36 Object(s) returned... [FETCH]
7/13/2017 1:24:24 8: [object Object],[object Object],[object Object],[object Object],[object Object],[object Object],[object Object],[object Object],[object Object],[object Object],[object Object],[object Object],[object Object],[object Object],[object Object],[object Object],[object Object],[object Object],[object Object],[object Object],[object Object],[object Object],[object Object],[object Object],[object Object],[object Object],[object Object],[object Object],[object Object],[object Object],[object Object],[object Object],[object Object],[object Object],[object Object],[object Object]
