10/12/2017 15:35:10 1: LIBQUERY with Callback: 
10/12/2017 15:35:10 1: Path request:/api/authentification/
10/12/2017 15:35:10 1: Path header:undefined
10/12/2017 15:35:10 1: Path query:{}
10/12/2017 15:35:10 1: BEGIN PKREQUESTMANAGER.CALLQUERY(1,'ADM0000001','abe','{}', '{abe,abeq}','{}', :cursor); END;
10/12/2017 15:35:10 1: 0 Object(s) returned... [FETCH] :)
10/12/2017 15:35:32 2: LIBQUERY with Callback: 
10/12/2017 15:35:32 2: Path request:/api/authentification/
10/12/2017 15:35:32 2: Path header:undefined
10/12/2017 15:35:32 2: Path query:{}
10/12/2017 15:35:32 2: BEGIN PKREQUESTMANAGER.CALLQUERY(2,'ADM0000001','abe','{}', '{abe,abe}','{}', :cursor); END;
10/12/2017 15:35:32 2: 1 Object(s) returned... [FETCH]
10/12/2017 15:35:32 2: [object Object]
10/12/2017 15:35:32 3: LIBQUERY with Callback: 
10/12/2017 15:35:32 3: Path request:/api/user/
10/12/2017 15:35:32 3: Path header:undefined
10/12/2017 15:35:32 3: Path query:{"USER_NAME":"abe"}
10/12/2017 15:35:32 3: BEGIN PKREQUESTMANAGER.CALLQUERY(3,'CLI0000002','abe','{}', '{abe}','{}', :cursor); END;
10/12/2017 15:35:32 4: LIBQUERY with Callback: 
10/12/2017 15:35:32 4: Path request:/api/environment/
10/12/2017 15:35:32 4: Path header:undefined
10/12/2017 15:35:32 4: Path query:{"USER_NAME":"abe"}
10/12/2017 15:35:32 4: BEGIN PKREQUESTMANAGER.CALLQUERY(4,'CLI0000003','abe','{}', '{abe}','{}', :cursor); END;
10/12/2017 15:35:32 4: 1 Object(s) returned... [FETCH]
10/12/2017 15:35:32 4: [object Object]
10/12/2017 15:35:32 4: 6 Object(s) returned... [FETCH]
10/12/2017 15:35:32 4: [object Object],[object Object],[object Object],[object Object],[object Object],[object Object]
10/12/2017 15:35:32 5: LIBQUERY with Callback: 
10/12/2017 15:35:32 5: Path request:/api/labels/
10/12/2017 15:35:32 5: Path header:undefined
10/12/2017 15:35:32 5: Path query:{}
10/12/2017 15:35:32 5: BEGIN PKREQUESTMANAGER.CALLQUERY(5,'LAB0000001','abe','{undefined}', '{undefined}','{HN}', :cursor); END;
10/12/2017 15:35:32 5: 36 Object(s) returned... [FETCH]
10/12/2017 15:35:32 5: [object Object],[object Object],[object Object],[object Object],[object Object],[object Object],[object Object],[object Object],[object Object],[object Object],[object Object],[object Object],[object Object],[object Object],[object Object],[object Object],[object Object],[object Object],[object Object],[object Object],[object Object],[object Object],[object Object],[object Object],[object Object],[object Object],[object Object],[object Object],[object Object],[object Object],[object Object],[object Object],[object Object],[object Object],[object Object],[object Object]
10/12/2017 15:36:7 6: LIBQUERY with Callback: 
10/12/2017 15:36:7 6: Path request:/api/search/
10/12/2017 15:36:7 6: Path header:undefined
10/12/2017 15:36:7 6: Path query:{"PARAM":["SNICK","912305"]}
10/12/2017 15:36:7 6: BEGIN PKREQUESTMANAGER.CALLQUERY(6,'CLI0000001','abe','{HEINENS_CUSTOM_PROD}', '{SNICK,912305}','{HN}', :cursor); END;
10/12/2017 15:37:21 7: LIBQUERY with Callback: 
10/12/2017 15:37:21 7: Path request:/api/counting/2/
10/12/2017 15:37:21 7: Path header:undefined
10/12/2017 15:37:21 7: Path query:{"PARAM":"10/08/2017"}
10/12/2017 15:37:21 7: BEGIN PKREQUESTMANAGER.CALLQUERY(7,'CNT0000002','abe','{HEINENS_CUSTOM_PROD}', '{10/08/2017}','{HN}', :cursor); END;
10/12/2017 15:38:41 1: LIBQUERY with Callback: 
10/12/2017 15:38:41 1: Path request:/api/authentification/
10/12/2017 15:38:41 1: Path header:undefined
10/12/2017 15:38:41 1: Path query:{}
10/12/2017 15:38:41 1: BEGIN PKREQUESTMANAGER.CALLQUERY(1,'ADM0000001','abe','{}', '{abe,abe}','{}', :cursor); END;
10/12/2017 15:38:41 1: 1 Object(s) returned... [FETCH]
10/12/2017 15:38:41 1: [object Object]
10/12/2017 15:38:41 2: LIBQUERY with Callback: 
10/12/2017 15:38:41 2: Path request:/api/user/
10/12/2017 15:38:41 2: Path header:undefined
10/12/2017 15:38:41 2: Path query:{"USER_NAME":"abe"}
10/12/2017 15:38:41 2: BEGIN PKREQUESTMANAGER.CALLQUERY(2,'CLI0000002','abe','{}', '{abe}','{}', :cursor); END;
10/12/2017 15:38:41 3: LIBQUERY with Callback: 
10/12/2017 15:38:41 3: Path request:/api/environment/
10/12/2017 15:38:41 3: Path header:undefined
10/12/2017 15:38:41 3: Path query:{"USER_NAME":"abe"}
10/12/2017 15:38:41 3: BEGIN PKREQUESTMANAGER.CALLQUERY(3,'CLI0000003','abe','{}', '{abe}','{}', :cursor); END;
10/12/2017 15:38:41 3: 1 Object(s) returned... [FETCH]
10/12/2017 15:38:41 3: [object Object]
10/12/2017 15:38:41 3: 6 Object(s) returned... [FETCH]
10/12/2017 15:38:41 3: [object Object],[object Object],[object Object],[object Object],[object Object],[object Object]
10/12/2017 15:38:42 4: LIBQUERY with Callback: 
10/12/2017 15:38:42 4: Path request:/api/labels/
10/12/2017 15:38:42 4: Path header:undefined
10/12/2017 15:38:42 4: Path query:{}
10/12/2017 15:38:42 4: BEGIN PKREQUESTMANAGER.CALLQUERY(4,'LAB0000001','abe','{undefined}', '{undefined}','{HN}', :cursor); END;
10/12/2017 15:38:42 4: 36 Object(s) returned... [FETCH]
10/12/2017 15:38:42 4: [object Object],[object Object],[object Object],[object Object],[object Object],[object Object],[object Object],[object Object],[object Object],[object Object],[object Object],[object Object],[object Object],[object Object],[object Object],[object Object],[object Object],[object Object],[object Object],[object Object],[object Object],[object Object],[object Object],[object Object],[object Object],[object Object],[object Object],[object Object],[object Object],[object Object],[object Object],[object Object],[object Object],[object Object],[object Object],[object Object]
10/12/2017 15:38:48 5: LIBQUERY with Callback: 
10/12/2017 15:38:48 5: Path request:/api/counting/2/
10/12/2017 15:38:48 5: Path header:undefined
10/12/2017 15:38:48 5: Path query:{"PARAM":"10/08/2017"}
10/12/2017 15:38:48 5: BEGIN PKREQUESTMANAGER.CALLQUERY(5,'CNT0000002','abe','{HEINENS_CUSTOM_PROD}', '{10/08/2017}','{HN}', :cursor); END;
10/12/2017 15:39:4 5: 6 Object(s) returned... [FETCH]
10/12/2017 15:39:4 5: [object Object],[object Object],[object Object],[object Object],[object Object],[object Object]
10/12/2017 15:39:30 6: LIBQUERY with Callback: 
10/12/2017 15:39:30 6: Path request:/api/counting/4/
10/12/2017 15:39:30 6: Path header:undefined
10/12/2017 15:39:30 6: Path query:{"PARAM":["10/08/2017","15","2017100715.csv"]}
10/12/2017 15:39:30 6: BEGIN PKREQUESTMANAGER.CALLQUERY(6,'CNT0000004','abe','{HEINENS_CUSTOM_PROD}', '{10/08/2017,15,2017100715.csv}','{HN}', :cursor); END;
10/12/2017 15:39:30 7: LIBQUERY with Callback: 
10/12/2017 15:39:30 7: Path request:/api/counting/3/
10/12/2017 15:39:30 7: Path header:undefined
10/12/2017 15:39:30 7: Path query:{"PARAM":["10/08/2017","15","2017100715.csv"]}
10/12/2017 15:39:30 7: BEGIN PKREQUESTMANAGER.CALLQUERY(7,'CNT0000003','abe','{HEINENS_CUSTOM_PROD}', '{10/08/2017,15,2017100715.csv}','{HN}', :cursor); END;
10/12/2017 15:39:46 7: 1 Object(s) returned... [FETCH]
10/12/2017 15:39:46 7: [object Object]
10/12/2017 15:39:46 8: LIBQUERY with Callback: 
10/12/2017 15:39:46 8: Path request:/api/process/
10/12/2017 15:39:46 8: Path header:undefined
10/12/2017 15:39:46 8: Path query:{"PARAM":["10/08/2017","pssti12p","10 15"]}
10/12/2017 15:39:46 8: BEGIN PKREQUESTMANAGER.CALLQUERY(8,'BTH0000001','abe','{HEINENS_CUSTOM_PROD}', '{10/08/2017,pssti12p,10 15}','{HN}', :cursor); END;
10/12/2017 15:39:46 9: LIBQUERY with Callback: 
10/12/2017 15:39:46 9: Path request:/api/counting/5/
10/12/2017 15:39:46 9: Path header:undefined
10/12/2017 15:39:46 9: Path query:{"PARAM":["10/08/2017","15","2017100715.csv"]}
10/12/2017 15:39:46 9: BEGIN PKREQUESTMANAGER.CALLQUERY(9,'CNT0000005','abe','{HEINENS_CUSTOM_PROD}', '{10/08/2017,15,2017100715.csv}','{HN}', :cursor); END;
10/12/2017 15:39:46 10: LIBQUERY with Callback: 
10/12/2017 15:39:46 10: Path request:/api/counting/6/
10/12/2017 15:39:46 10: Path header:undefined
10/12/2017 15:39:46 10: Path query:{"PARAM":["10/08/2017","15","2017100715.csv"]}
10/12/2017 15:39:46 10: BEGIN PKREQUESTMANAGER.CALLQUERY(10,'CNT0000006','abe','{HEINENS_CUSTOM_PROD}', '{10/08/2017,15,2017100715.csv}','{HN}', :cursor); END;
10/12/2017 15:39:49 10: 6 Object(s) returned... [FETCH]
10/12/2017 15:39:49 10: [object Object],[object Object],[object Object],[object Object],[object Object],[object Object]
10/12/2017 15:40:2 10: 123 Object(s) returned... [FETCH]
10/12/2017 15:40:2 10: [object Object],[object Object],[object Object],[object Object],[object Object],[object Object],[object Object],[object Object],[object Object],[object Object],[object Object],[object Object],[object Object],[object Object],[object Object],[object Object],[object Object],[object Object],[object Object],[object Object],[object Object],[object Object],[object Object],[object Object],[object Object],[object Object],[object Object],[object Object],[object Object],[object Object],[object Object],[object Object],[object Object],[object Object],[object Object],[object Object],[object Object],[object Object],[object Object],[object Object],[object Object],[object Object],[object Object],[object Object],[object Object],[object Object],[object Object],[object Object],[object Object],[object Object],[object Object],[object Object],[object Object],[object Object],[object Object],[object Object],[object Object],[object Object],[object Object],[object Object],[object Object],[object Object],[object Object],[object Object],[object Object],[object Object],[object Object],[object Object],[object Object],[object Object],[object Object],[object Object],[object Object],[object Object],[object Object],[object Object],[object Object],[object Object],[object Object],[object Object],[object Object],[object Object],[object Object],[object Object],[object Object],[object Object],[object Object],[object Object],[object Object],[object Object],[object Object],[object Object],[object Object],[object Object],[object Object],[object Object],[object Object],[object Object],[object Object],[object Object],[object Object],[object Object],[object Object],[object Object],[object Object],[object Object],[object Object],[object Object],[object Object],[object Object],[object Object],[object Object],[object Object],[object Object],[object Object],[object Object],[object Object],[object Object],[object Object],[object Object],[object Object],[object Object],[object Object]
10/12/2017 15:40:5 10: 2 Object(s) returned... [FETCH]
10/12/2017 15:40:5 10: [object Object],[object Object]
10/12/2017 15:40:10 10: 0 Object(s) returned... [FETCH] :)
10/12/2017 15:41:3 11: LIBQUERY with Callback: 
10/12/2017 15:41:3 11: Path request:/api/counting/2/
10/12/2017 15:41:3 11: Path header:undefined
10/12/2017 15:41:3 11: Path query:{"PARAM":"10/09/2017"}
10/12/2017 15:41:3 11: BEGIN PKREQUESTMANAGER.CALLQUERY(11,'CNT0000002','abe','{HEINENS_CUSTOM_PROD}', '{10/09/2017}','{HN}', :cursor); END;
10/12/2017 15:41:31 11: 11 Object(s) returned... [FETCH]
10/12/2017 15:41:31 11: [object Object],[object Object],[object Object],[object Object],[object Object],[object Object],[object Object],[object Object],[object Object],[object Object],[object Object]
10/12/2017 15:41:45 12: LIBQUERY with Callback: 
10/12/2017 15:41:45 12: Path request:/api/counting/3/
10/12/2017 15:41:45 12: Path header:undefined
10/12/2017 15:41:45 12: Path query:{"PARAM":["10/09/2017","12","000012.csv"]}
10/12/2017 15:41:45 12: BEGIN PKREQUESTMANAGER.CALLQUERY(12,'CNT0000003','abe','{HEINENS_CUSTOM_PROD}', '{10/09/2017,12,000012.csv}','{HN}', :cursor); END;
10/12/2017 15:41:45 13: LIBQUERY with Callback: 
10/12/2017 15:41:45 13: Path request:/api/counting/4/
10/12/2017 15:41:45 13: Path header:undefined
10/12/2017 15:41:45 13: Path query:{"PARAM":["10/09/2017","12","000012.csv"]}
10/12/2017 15:41:45 13: BEGIN PKREQUESTMANAGER.CALLQUERY(13,'CNT0000004','abe','{HEINENS_CUSTOM_PROD}', '{10/09/2017,12,000012.csv}','{HN}', :cursor); END;
10/12/2017 15:41:56 13: 2 Object(s) returned... [FETCH]
10/12/2017 15:41:56 13: [object Object],[object Object]
10/12/2017 15:41:56 14: LIBQUERY with Callback: 
10/12/2017 15:41:56 14: Path request:/api/counting/6/
10/12/2017 15:41:56 14: Path header:undefined
10/12/2017 15:41:56 14: Path query:{"PARAM":["10/09/2017","12","000012.csv"]}
10/12/2017 15:41:56 14: BEGIN PKREQUESTMANAGER.CALLQUERY(14,'CNT0000006','abe','{HEINENS_CUSTOM_PROD}', '{10/09/2017,12,000012.csv}','{HN}', :cursor); END;
10/12/2017 15:41:56 15: LIBQUERY with Callback: 
10/12/2017 15:41:56 15: Path request:/api/process/
10/12/2017 15:41:56 15: Path header:undefined
10/12/2017 15:41:56 15: Path query:{"PARAM":["10/09/2017","pssti12p","10 12"]}
10/12/2017 15:41:56 15: BEGIN PKREQUESTMANAGER.CALLQUERY(15,'BTH0000001','abe','{HEINENS_CUSTOM_PROD}', '{10/09/2017,pssti12p,10 12}','{HN}', :cursor); END;
10/12/2017 15:41:56 16: LIBQUERY with Callback: 
10/12/2017 15:41:56 16: Path request:/api/counting/5/
10/12/2017 15:41:56 16: Path header:undefined
10/12/2017 15:41:56 16: Path query:{"PARAM":["10/09/2017","12","000012.csv"]}
10/12/2017 15:41:56 16: BEGIN PKREQUESTMANAGER.CALLQUERY(16,'CNT0000005','abe','{HEINENS_CUSTOM_PROD}', '{10/09/2017,12,000012.csv}','{HN}', :cursor); END;
10/12/2017 15:41:57 16: 6 Object(s) returned... [FETCH]
10/12/2017 15:41:57 16: [object Object],[object Object],[object Object],[object Object],[object Object],[object Object]
10/12/2017 15:42:4 16: 2 Object(s) returned... [FETCH]
10/12/2017 15:42:4 16: [object Object],[object Object]
10/12/2017 15:42:4 16: 10 Object(s) returned... [FETCH]
10/12/2017 15:42:4 16: [object Object],[object Object],[object Object],[object Object],[object Object],[object Object],[object Object],[object Object],[object Object],[object Object]
10/12/2017 15:42:18 16: 1114 Object(s) returned... [FETCH]
10/12/2017 15:42:18 16: [object Object],[object Object],[object Object],[object Object],[object Object],[object Object],[object Object],[object Object],[object Object],[object Object],[object Object],[object Object],[object Object],[object Object],[object Object],[object Object],[object Object],[object Object],[object Object],[object Object],[object Object],[object Object],[object Object],[object Object],[object Object],[object Object],[object Object],[object Object],[object Object],[object Object],[object Object],[object Object],[object Object],[object Object],[object Object],[object Object],[object Object],[object Object],[object Object],[object Object],[object Object],[object Object],[object Object],[object Object],[object Object],[object Object],[object Object],[object Object],[object Object],[object Object],[object Object],[object Object],[object Object],[object Object],[object Object],[object Object],[object Object],[object Object],[object Object],[object Object],[object Object],[object Object],[object Object],[object Object],[object Object],[object Object],[object Object],[object Object],[object Object],[object Object],[object Object],[object Object],[object Object],[object Object],[object Object],[object Object],[object Object],[object Object],[object Object],[object Object],[object Object],[object Object],[object Object],[object Object],[object Object],[object Object],[object Object],[object Object],[object Object],[object Object],[object Object],[object Object],[object Object],[object Object],[object Object],[object Object],[object Object],[object Object],[object Object],[object Object],[object Object],[object Object],[object Object],[object Object],[object Object],[object Object],[object Object],[object Object],[object Object],[object Object],[object Object],[object Object],[object Object],[object Object],[object Object],[object Object],[object Object],[object Object],[object Object],[object Object],[object Object],[object Object],[object Object],[object Object],[object Object],[object Object],[object Object],[object Object],[object Object],[object Object],[object Object],[object Object],[object Object],[object Object],[object Object],[object Object],[object Object],[object Object],[object Object],[object Object],[object Object],[object Object],[object Object],[object Object],[object Object],[object Object],[object Object],[object Object],[object Object],[object Object],[object Object],[object Object],[object Object],[object Object],[object Object],[object Object],[object Object],[object Object],[object Object],[object Object],[object Object],[object Object],[object Object],[object Object],[object Object],[object Object],[object Object],[object Object],[object Object],[object Object],[object Object],[object Object],[object Object],[object Object],[object Object],[object Object],[object Object],[object Object],[object Object],[object Object],[object Object],[object Object],[object Object],[object Object],[object Object],[object Object],[object Object],[object Object],[object Object],[object Object],[object Object],[object Object],[object Object],[object Object],[object Object],[object Object],[object Object],[object Object],[object Object],[object Object],[object Object],[object Object],[object Object],[object Object],[object Object],[object Object],[object Object],[object Object],[object Object],[object Object],[object Object],[object Object],[object Object],[object Object],[object Object],[object Object],[object Object],[object Object],[object Object],[object Object],[object Object],[object Object],[object Object],[object Object],[object Object],[object Object],[object Object],[object Object],[object Object],[object Object],[object Object],[object Object],[object Object],[object Object],[object Object],[object Object],[object Object],[object Object],[object Object],[object Object],[object Object],[object Object],[object Object],[object Object],[object Object],[object Object],[object Object],[object Object],[object Object],[object Object],[object Object],[object Object],[object Object],[object Object],[object Object],[object Object],[object Object],[object Object],[object Object],[object Object],[object Object],[object Object],[object Object],[object Object],[object Object],[object Object],[object Object],[object Object],[object Object],[object Object],[object Object],[object Object],[object Object],[object Object],[object Object],[object Object],[object Object],[object Object],[object Object],[object Object],[object Object],[object Object],[object Object],[object Object],[object Object],[object Object],[object Object],[object Object],[object Object],[object Object],[object Object],[object Object],[object Object],[object Object],[object Object],[object Object],[object Object],[object Object],[object Object],[object Object],[object Object],[object Object],[object Object],[object Object],[object Object],[object Object],[object Object],[object Object],[object Object],[object Object],[object Object],[object Object],[object Object],[object Object],[object Object],[object Object],[object Object],[object Object],[object Object],[object Object],[object Object],[object Object],[object Object],[object Object],[object Object],[object Object],[object Object],[object Object],[object Object],[object Object],[object Object],[object Object],[object Object],[object Object],[object Object],[object Object],[object Object],[object Object],[object Object],[object Object],[object Object],[object Object],[object Object],[object Object],[object Object],[object Object],[object Object],[object Object],[object Object],[object Object],[object Object],[object Object],[object Object],[object Object],[object Object],[object Object],[object Object],[object Object],[object Object],[object Object],[object Object],[object Object],[object Object],[object Object],[object Object],[object Object],[object Object],[object Object],[object Object],[object Object],[object Object],[object Object],[object Object],[object Object],[object Object],[object Object],[object Object],[object Object],[object Object],[object Object],[object Object],[object Object],[object Object],[object Object],[object Object],[object Object],[object Object],[object Object],[object Object],[object Object],[object Object],[object Object],[object Object],[object Object],[object Object],[object Object],[object Object],[object Object],[object Object],[object Object],[object Object],[object Object],[object Object],[object Object],[object Object],[object Object],[object Object],[object Object],[object Object],[object Object],[object Object],[object Object],[object Object],[object Object],[object Object],[object Object],[object Object],[object Object],[object Object],[object Object],[object Object],[object Object],[object Object],[object Object],[object Object],[object Object],[object Object],[object Object],[object Object],[object Object],[object Object],[object Object],[object Object],[object Object],[object Object],[object Object],[object Object],[object Object],[object Object],[object Object],[object Object],[object Object],[object Object],[object Object],[object Object],[object Object],[object Object],[object Object],[object Object],[object Object],[object Object],[object Object],[object Object],[object Object],[object Object],[object Object],[object Object],[object Object],[object Object],[object Object],[object Object],[object Object],[object Object],[object Object],[object Object],[object Object],[object Object],[object Object],[object Object],[object Object],[object Object],[object Object],[object Object],[object Object],[object Object],[object Object],[object Object],[object Object],[object Object],[object Object],[object Object],[object Object],[object Object],[object Object],[object Object],[object Object],[object Object],[object Object],[object Object],[object Object],[object Object],[object Object],[object Object],[object Object],[object Object],[object Object],[object Object],[object Object],[object Object],[object Object],[object Object],[object Object],[object Object],[object Object],[object Object],[object Object],[object Object],[object Object],[object Object],[object Object],[object Object],[object Object],[object Object],[object Object],[object Object],[object Object],[object Object],[object Object],[object Object],[object Object],[object Object],[object Object],[object Object],[object Object],[object Object],[object Object],[object Object],[object Object],[object Object],[object Object],[object Object],[object Object],[object Object],[object Object],[object Object],[object Object],[object Object],[object Object],[object Object],[object Object],[object Object],[object Object],[object Object],[object Object],[object Object],[object Object],[object Object],[object Object],[object Object],[object Object],[object Object],[object Object],[object Object],[object Object],[object Object],[object Object],[object Object],[object Object],[object Object],[object Object],[object Object],[object Object],[object Object],[object Object],[object Object],[object Object],[object Object],[object Object],[object Object],[object Object],[object Object],[object Object],[object Object],[object Object],[object Object],[object Object],[object Object],[object Object],[object Object],[object Object],[object Object],[object Object],[object Object],[object Object],[object Object],[object Object],[object Object],[object Object],[object Object],[object Object],[object Object],[object Object],[object Object],[object Object],[object Object],[object Object],[object Object],[object Object],[object Object],[object Object],[object Object],[object Object],[object Object],[object Object],[object Object],[object Object],[object Object],[object Object],[object Object],[object Object],[object Object],[object Object],[object Object],[object Object],[object Object],[object Object],[object Object],[object Object],[object Object],[object Object],[object Object],[object Object],[object Object],[object Object],[object Object],[object Object],[object Object],[object Object],[object Object],[object Object],[object Object],[object Object],[object Object],[object Object],[object Object],[object Object],[object Object],[object Object],[object Object],[object Object],[object Object],[object Object],[object Object],[object Object],[object Object],[object Object],[object Object],[object Object],[object Object],[object Object],[object Object],[object Object],[object Object],[object Object],[object Object],[object Object],[object Object],[object Object],[object Object],[object Object],[object Object],[object Object],[object Object],[object Object],[object Object],[object Object],[object Object],[object Object],[object Object],[object Object],[object Object],[object Object],[object Object],[object Object],[object Object],[object Object],[object Object],[object Object],[object Object],[object Object],[object Object],[object Object],[object Object],[object Object],[object Object],[object Object],[object Object],[object Object],[object Object],[object Object],[object Object],[object Object],[object Object],[object Object],[object Object],[object Object],[object Object],[object Object],[object Object],[object Object],[object Object],[object Object],[object Object],[object Object],[object Object],[object Object],[object Object],[object Object],[object Object],[object Object],[object Object],[object Object],[object Object],[object Object],[object Object],[object Object],[object Object],[object Object],[object Object],[object Object],[object Object],[object Object],[object Object],[object Object],[object Object],[object Object],[object Object],[object Object],[object Object],[object Object],[object Object],[object Object],[object Object],[object Object],[object Object],[object Object],[object Object],[object Object],[object Object],[object Object],[object Object],[object Object],[object Object],[object Object],[object Object],[object Object],[object Object],[object Object],[object Object],[object Object],[object Object],[object Object],[object Object],[object Object],[object Object],[object Object],[object Object],[object Object],[object Object],[object Object],[object Object],[object Object],[object Object],[object Object],[object Object],[object Object],[object Object],[object Object],[object Object],[object Object],[object Object],[object Object],[object Object],[object Object],[object Object],[object Object],[object Object],[object Object],[object Object],[object Object],[object Object],[object Object],[object Object],[object Object],[object Object],[object Object],[object Object],[object Object],[object Object],[object Object],[object Object],[object Object],[object Object],[object Object],[object Object],[object Object],[object Object],[object Object],[object Object],[object Object],[object Object],[object Object],[object Object],[object Object],[object Object],[object Object],[object Object],[object Object],[object Object],[object Object],[object Object],[object Object],[object Object],[object Object],[object Object],[object Object],[object Object],[object Object],[object Object],[object Object],[object Object],[object Object],[object Object],[object Object],[object Object],[object Object],[object Object],[object Object],[object Object],[object Object],[object Object],[object Object],[object Object],[object Object],[object Object],[object Object],[object Object],[object Object],[object Object],[object Object],[object Object],[object Object],[object Object],[object Object],[object Object],[object Object],[object Object],[object Object],[object Object],[object Object],[object Object],[object Object],[object Object],[object Object],[object Object],[object Object],[object Object],[object Object],[object Object],[object Object],[object Object],[object Object],[object Object],[object Object],[object Object],[object Object],[object Object],[object Object],[object Object],[object Object],[object Object],[object Object],[object Object],[object Object],[object Object],[object Object],[object Object],[object Object],[object Object],[object Object],[object Object],[object Object],[object Object],[object Object],[object Object],[object Object],[object Object],[object Object],[object Object],[object Object],[object Object],[object Object],[object Object],[object Object],[object Object],[object Object],[object Object],[object Object],[object Object],[object Object],[object Object],[object Object],[object Object],[object Object],[object Object],[object Object],[object Object],[object Object],[object Object],[object Object],[object Object],[object Object],[object Object],[object Object],[object Object],[object Object],[object Object],[object Object],[object Object],[object Object],[object Object],[object Object],[object Object],[object Object],[object Object],[object Object],[object Object],[object Object],[object Object],[object Object],[object Object],[object Object],[object Object],[object Object],[object Object],[object Object],[object Object],[object Object],[object Object],[object Object],[object Object],[object Object],[object Object],[object Object],[object Object],[object Object],[object Object],[object Object],[object Object],[object Object],[object Object],[object Object],[object Object],[object Object],[object Object],[object Object],[object Object],[object Object],[object Object],[object Object],[object Object],[object Object],[object Object],[object Object],[object Object],[object Object],[object Object],[object Object],[object Object],[object Object],[object Object],[object Object],[object Object],[object Object],[object Object],[object Object],[object Object],[object Object],[object Object],[object Object],[object Object],[object Object],[object Object],[object Object],[object Object],[object Object],[object Object],[object Object],[object Object],[object Object],[object Object],[object Object],[object Object],[object Object],[object Object],[object Object],[object Object],[object Object],[object Object],[object Object],[object Object],[object Object],[object Object],[object Object],[object Object],[object Object],[object Object],[object Object],[object Object],[object Object],[object Object],[object Object],[object Object],[object Object],[object Object],[object Object],[object Object],[object Object],[object Object],[object Object],[object Object],[object Object],[object Object],[object Object],[object Object],[object Object],[object Object],[object Object],[object Object],[object Object],[object Object],[object Object],[object Object],[object Object],[object Object],[object Object],[object Object],[object Object],[object Object],[object Object],[object Object],[object Object],[object Object],[object Object],[object Object],[object Object],[object Object],[object Object],[object Object],[object Object],[object Object],[object Object],[object Object],[object Object],[object Object],[object Object],[object Object],[object Object],[object Object],[object Object],[object Object],[object Object],[object Object],[object Object],[object Object],[object Object],[object Object],[object Object],[object Object],[object Object],[object Object],[object Object],[object Object],[object Object],[object Object],[object Object],[object Object],[object Object],[object Object],[object Object],[object Object],[object Object],[object Object],[object Object],[object Object],[object Object],[object Object],[object Object],[object Object],[object Object],[object Object],[object Object],[object Object],[object Object],[object Object],[object Object],[object Object],[object Object],[object Object],[object Object],[object Object],[object Object],[object Object],[object Object],[object Object],[object Object],[object Object],[object Object],[object Object],[object Object],[object Object],[object Object],[object Object],[object Object]
10/12/2017 15:43:49 17: LIBQUERY with Callback: 
10/12/2017 15:43:49 17: Path request:/api/search/
10/12/2017 15:43:49 17: Path header:undefined
10/12/2017 15:43:49 17: Path query:{"PARAM":["SNIK","SNICK"]}
10/12/2017 15:43:49 17: BEGIN PKREQUESTMANAGER.CALLQUERY(17,'CLI0000001','abe','{HEINENS_CUSTOM_PROD}', '{SNIK,SNICK}','{HN}', :cursor); END;
10/12/2017 15:44:27 17: 91 Object(s) returned... [FETCH]
10/12/2017 15:44:27 17: [object Object],[object Object],[object Object],[object Object],[object Object],[object Object],[object Object],[object Object],[object Object],[object Object],[object Object],[object Object],[object Object],[object Object],[object Object],[object Object],[object Object],[object Object],[object Object],[object Object],[object Object],[object Object],[object Object],[object Object],[object Object],[object Object],[object Object],[object Object],[object Object],[object Object],[object Object],[object Object],[object Object],[object Object],[object Object],[object Object],[object Object],[object Object],[object Object],[object Object],[object Object],[object Object],[object Object],[object Object],[object Object],[object Object],[object Object],[object Object],[object Object],[object Object],[object Object],[object Object],[object Object],[object Object],[object Object],[object Object],[object Object],[object Object],[object Object],[object Object],[object Object],[object Object],[object Object],[object Object],[object Object],[object Object],[object Object],[object Object],[object Object],[object Object],[object Object],[object Object],[object Object],[object Object],[object Object],[object Object],[object Object],[object Object],[object Object],[object Object],[object Object],[object Object],[object Object],[object Object],[object Object],[object Object],[object Object],[object Object],[object Object],[object Object],[object Object]
10/12/2017 15:45:1 18: LIBQUERY with Callback: 
10/12/2017 15:45:1 18: Path request:/api/search/
10/12/2017 15:45:1 18: Path header:undefined
10/12/2017 15:45:1 18: Path query:{}
10/12/2017 15:45:1 18: BEGIN PKREQUESTMANAGER.CALLQUERY(18,'CLI0000001','abe','{HEINENS_CUSTOM_PROD}', '{undefined}','{HN}', :cursor); END;
10/12/2017 15:45:48 18: 0 Object(s) returned... [FETCH] :)
10/12/2017 15:46:5 19: LIBQUERY with Callback: 
10/12/2017 15:46:5 19: Path request:/api/search/
10/12/2017 15:46:5 19: Path header:undefined
10/12/2017 15:46:5 19: Path query:{}
10/12/2017 15:46:5 19: BEGIN PKREQUESTMANAGER.CALLQUERY(19,'CLI0000001','abe','{HEINENS_CUSTOM_PROD}', '{undefined}','{HN}', :cursor); END;
10/12/2017 15:46:37 19: 0 Object(s) returned... [FETCH] :)
10/12/2017 15:46:52 20: LIBQUERY with Callback: 
10/12/2017 15:46:52 20: Path request:/api/search/
10/12/2017 15:46:52 20: Path header:undefined
10/12/2017 15:46:52 20: Path query:{"PARAM":["232","@item"]}
10/12/2017 15:46:52 20: BEGIN PKREQUESTMANAGER.CALLQUERY(20,'CLI0000001','abe','{HEINENS_CUSTOM_PROD}', '{232,@item}','{HN}', :cursor); END;
10/12/2017 15:47:4 20: 336 Object(s) returned... [FETCH]
10/12/2017 15:47:4 20: [object Object],[object Object],[object Object],[object Object],[object Object],[object Object],[object Object],[object Object],[object Object],[object Object],[object Object],[object Object],[object Object],[object Object],[object Object],[object Object],[object Object],[object Object],[object Object],[object Object],[object Object],[object Object],[object Object],[object Object],[object Object],[object Object],[object Object],[object Object],[object Object],[object Object],[object Object],[object Object],[object Object],[object Object],[object Object],[object Object],[object Object],[object Object],[object Object],[object Object],[object Object],[object Object],[object Object],[object Object],[object Object],[object Object],[object Object],[object Object],[object Object],[object Object],[object Object],[object Object],[object Object],[object Object],[object Object],[object Object],[object Object],[object Object],[object Object],[object Object],[object Object],[object Object],[object Object],[object Object],[object Object],[object Object],[object Object],[object Object],[object Object],[object Object],[object Object],[object Object],[object Object],[object Object],[object Object],[object Object],[object Object],[object Object],[object Object],[object Object],[object Object],[object Object],[object Object],[object Object],[object Object],[object Object],[object Object],[object Object],[object Object],[object Object],[object Object],[object Object],[object Object],[object Object],[object Object],[object Object],[object Object],[object Object],[object Object],[object Object],[object Object],[object Object],[object Object],[object Object],[object Object],[object Object],[object Object],[object Object],[object Object],[object Object],[object Object],[object Object],[object Object],[object Object],[object Object],[object Object],[object Object],[object Object],[object Object],[object Object],[object Object],[object Object],[object Object],[object Object],[object Object],[object Object],[object Object],[object Object],[object Object],[object Object],[object Object],[object Object],[object Object],[object Object],[object Object],[object Object],[object Object],[object Object],[object Object],[object Object],[object Object],[object Object],[object Object],[object Object],[object Object],[object Object],[object Object],[object Object],[object Object],[object Object],[object Object],[object Object],[object Object],[object Object],[object Object],[object Object],[object Object],[object Object],[object Object],[object Object],[object Object],[object Object],[object Object],[object Object],[object Object],[object Object],[object Object],[object Object],[object Object],[object Object],[object Object],[object Object],[object Object],[object Object],[object Object],[object Object],[object Object],[object Object],[object Object],[object Object],[object Object],[object Object],[object Object],[object Object],[object Object],[object Object],[object Object],[object Object],[object Object],[object Object],[object Object],[object Object],[object Object],[object Object],[object Object],[object Object],[object Object],[object Object],[object Object],[object Object],[object Object],[object Object],[object Object],[object Object],[object Object],[object Object],[object Object],[object Object],[object Object],[object Object],[object Object],[object Object],[object Object],[object Object],[object Object],[object Object],[object Object],[object Object],[object Object],[object Object],[object Object],[object Object],[object Object],[object Object],[object Object],[object Object],[object Object],[object Object],[object Object],[object Object],[object Object],[object Object],[object Object],[object Object],[object Object],[object Object],[object Object],[object Object],[object Object],[object Object],[object Object],[object Object],[object Object],[object Object],[object Object],[object Object],[object Object],[object Object],[object Object],[object Object],[object Object],[object Object],[object Object],[object Object],[object Object],[object Object],[object Object],[object Object],[object Object],[object Object],[object Object],[object Object],[object Object],[object Object],[object Object],[object Object],[object Object],[object Object],[object Object],[object Object],[object Object],[object Object],[object Object],[object Object],[object Object],[object Object],[object Object],[object Object],[object Object],[object Object],[object Object],[object Object],[object Object],[object Object],[object Object],[object Object],[object Object],[object Object],[object Object],[object Object],[object Object],[object Object],[object Object],[object Object],[object Object],[object Object],[object Object],[object Object],[object Object],[object Object],[object Object],[object Object],[object Object],[object Object],[object Object],[object Object],[object Object],[object Object],[object Object],[object Object],[object Object],[object Object],[object Object],[object Object],[object Object],[object Object],[object Object],[object Object],[object Object],[object Object],[object Object],[object Object],[object Object],[object Object],[object Object],[object Object],[object Object],[object Object],[object Object],[object Object],[object Object],[object Object],[object Object],[object Object],[object Object],[object Object]
10/12/2017 15:47:30 21: LIBQUERY with Callback: 
10/12/2017 15:47:30 21: Path request:/api/item/
10/12/2017 15:47:30 21: Path header:undefined
10/12/2017 15:47:30 21: Path query:{"PARAM":"3700"}
10/12/2017 15:47:30 21: BEGIN PKREQUESTMANAGER.CALLQUERY(21,'ART0000001','abe','{HEINENS_CUSTOM_PROD}', '{3700}','{HN}', :cursor); END;
10/12/2017 15:47:30 22: LIBQUERY with Callback: 
10/12/2017 15:47:30 22: Path request:/api/itemretail/
10/12/2017 15:47:30 22: Path header:undefined
10/12/2017 15:47:30 22: Path query:{"PARAM":"3700"}
10/12/2017 15:47:30 22: BEGIN PKREQUESTMANAGER.CALLQUERY(22,'ART0000003','abe','{HEINENS_CUSTOM_PROD}', '{3700}','{HN}', :cursor); END;
10/12/2017 15:47:30 23: LIBQUERY with Callback: 
10/12/2017 15:47:30 23: Path request:/api/itemcost/
10/12/2017 15:47:30 23: Path header:undefined
10/12/2017 15:47:30 23: Path query:{"PARAM":"3700"}
10/12/2017 15:47:30 23: BEGIN PKREQUESTMANAGER.CALLQUERY(23,'ART0000002','abe','{HEINENS_CUSTOM_PROD}', '{3700}','{HN}', :cursor); END;
10/12/2017 15:47:30 24: LIBQUERY with Callback: 
10/12/2017 15:47:30 24: Path request:/api/itemsubstitution/
10/12/2017 15:47:30 24: Path header:undefined
10/12/2017 15:47:30 24: Path query:{"PARAM":"3700"}
10/12/2017 15:47:30 24: BEGIN PKREQUESTMANAGER.CALLQUERY(24,'ART0000004','abe','{HEINENS_CUSTOM_PROD}', '{3700}','{HN}', :cursor); END;
10/12/2017 15:47:30 25: LIBQUERY with Callback: 
10/12/2017 15:47:30 25: Path request:/api/iteminventory/
10/12/2017 15:47:30 25: Path header:undefined
10/12/2017 15:47:30 25: Path query:{"PARAM":"3700"}
10/12/2017 15:47:30 25: BEGIN PKREQUESTMANAGER.CALLQUERY(25,'ART0000005','abe','{HEINENS_CUSTOM_PROD}', '{3700}','{HN}', :cursor); END;
10/12/2017 15:47:59 25: 11 Object(s) returned... [FETCH]
10/12/2017 15:47:59 25: [object Object],[object Object],[object Object],[object Object],[object Object],[object Object],[object Object],[object Object],[object Object],[object Object],[object Object]
10/12/2017 15:48:2 25: 3 Object(s) returned... [FETCH]
10/12/2017 15:48:2 25: [object Object],[object Object],[object Object]
10/12/2017 15:48:16 25: 10 Object(s) returned... [FETCH]
10/12/2017 15:48:16 25: [object Object],[object Object],[object Object],[object Object],[object Object],[object Object],[object Object],[object Object],[object Object],[object Object]
10/12/2017 15:48:16 25: 4 Object(s) returned... [FETCH]
10/12/2017 15:48:16 25: [object Object],[object Object],[object Object],[object Object]
10/12/2017 15:48:22 25: 70 Object(s) returned... [FETCH]
10/12/2017 15:48:22 25: [object Object],[object Object],[object Object],[object Object],[object Object],[object Object],[object Object],[object Object],[object Object],[object Object],[object Object],[object Object],[object Object],[object Object],[object Object],[object Object],[object Object],[object Object],[object Object],[object Object],[object Object],[object Object],[object Object],[object Object],[object Object],[object Object],[object Object],[object Object],[object Object],[object Object],[object Object],[object Object],[object Object],[object Object],[object Object],[object Object],[object Object],[object Object],[object Object],[object Object],[object Object],[object Object],[object Object],[object Object],[object Object],[object Object],[object Object],[object Object],[object Object],[object Object],[object Object],[object Object],[object Object],[object Object],[object Object],[object Object],[object Object],[object Object],[object Object],[object Object],[object Object],[object Object],[object Object],[object Object],[object Object],[object Object],[object Object],[object Object],[object Object],[object Object]
