10/12/2017 15:35:10 1: ********* Resulset 2222 *********** : {"metaData":[{"name":"USERID"},{"name":"USERFNAME"},{"name":"USERLNAME"},{"name":"USEREMAIL"},{"name":"USERMOBILE"}]}
10/12/2017 15:35:32 2: ********* Resulset 2222 *********** : {"metaData":[{"name":"USERID"},{"name":"USERFNAME"},{"name":"USERLNAME"},{"name":"USEREMAIL"},{"name":"USERMOBILE"}]}
10/12/2017 15:35:32 4: ********* Resulset 2222 *********** : {"metaData":[{"name":"USERID"},{"name":"USERCORPID"},{"name":"USERPASS"},{"name":"USERAUTH"},{"name":"USERLANG"},{"name":"USERPROF"},{"name":"USERAPPLI"},{"name":"USERFNAME"},{"name":"USERLNAME"},{"name":"USEREMAIL"},{"name":"USERMOBILE"},{"name":"USERTEAM"},{"name":"USERACTIVE"},{"name":"USERDCRE"},{"name":"USERDMAJ"},{"name":"USERUTIL"},{"name":"USERTYPE"}]}
10/12/2017 15:35:32 4: ********* Resulset 2222 *********** : {"metaData":[{"name":"LEVEL"},{"name":"ENVID"},{"name":"ENVCORPID"},{"name":"ENVCODE"},{"name":"ENVTYPE"},{"name":"ENVACTIVE"},{"name":"ENVSDESC"},{"name":"ENVLDESC"},{"name":"ENVDBTYPE"},{"name":"ENVIP"},{"name":"ENVPORT"},{"name":"ENVUSER"},{"name":"ENVPASSWORD"},{"name":"ENVSOURCE"},{"name":"ENVDBLINK"},{"name":"ENVDEFAULT"},{"name":"ENVDCRE"},{"name":"ENVDMAJ"},{"name":"ENVUTIL"},{"name":"ENVVERSION"},{"name":"ENVDEFLANG"}]}
10/12/2017 15:35:32 5: ********* Resulset 2222 *********** : {"metaData":[{"name":"LABID"},{"name":"LABTYPE"},{"name":"LABDESC"},{"name":"LABLANG"},{"name":"LABDCRE"},{"name":"LABDMAJ"},{"name":"LABUTIL"}]}
10/12/2017 15:36:49 6:  Resulset empty...
10/12/2017 15:38:41 1: ********* Resulset 2222 *********** : {"metaData":[{"name":"USERID"},{"name":"USERFNAME"},{"name":"USERLNAME"},{"name":"USEREMAIL"},{"name":"USERMOBILE"}]}
10/12/2017 15:38:41 3: ********* Resulset 2222 *********** : {"metaData":[{"name":"USERID"},{"name":"USERCORPID"},{"name":"USERPASS"},{"name":"USERAUTH"},{"name":"USERLANG"},{"name":"USERPROF"},{"name":"USERAPPLI"},{"name":"USERFNAME"},{"name":"USERLNAME"},{"name":"USEREMAIL"},{"name":"USERMOBILE"},{"name":"USERTEAM"},{"name":"USERACTIVE"},{"name":"USERDCRE"},{"name":"USERDMAJ"},{"name":"USERUTIL"},{"name":"USERTYPE"}]}
10/12/2017 15:38:41 3: ********* Resulset 2222 *********** : {"metaData":[{"name":"LEVEL"},{"name":"ENVID"},{"name":"ENVCORPID"},{"name":"ENVCODE"},{"name":"ENVTYPE"},{"name":"ENVACTIVE"},{"name":"ENVSDESC"},{"name":"ENVLDESC"},{"name":"ENVDBTYPE"},{"name":"ENVIP"},{"name":"ENVPORT"},{"name":"ENVUSER"},{"name":"ENVPASSWORD"},{"name":"ENVSOURCE"},{"name":"ENVDBLINK"},{"name":"ENVDEFAULT"},{"name":"ENVDCRE"},{"name":"ENVDMAJ"},{"name":"ENVUTIL"},{"name":"ENVVERSION"},{"name":"ENVDEFLANG"}]}
10/12/2017 15:38:42 4: ********* Resulset 2222 *********** : {"metaData":[{"name":"LABID"},{"name":"LABTYPE"},{"name":"LABDESC"},{"name":"LABLANG"},{"name":"LABDCRE"},{"name":"LABDMAJ"},{"name":"LABUTIL"}]}
10/12/2017 15:39:4 5: ********* Resulset 2222 *********** : {"metaData":[{"name":"TOTAL"},{"name":"TRT"},{"name":"SITE"},{"name":"SOCLMAG"},{"name":"INVDATE"},{"name":"FILENAME"},{"name":"COMPANY"},{"name":"CREATEDAT"},{"name":"UPDATEDAT"}]}
10/12/2017 15:39:46 7: ********* Resulset 2222 *********** : {"metaData":[{"name":"TOTAL"},{"name":"TRT"},{"name":"SITE"},{"name":"SOCLMAG"},{"name":"INVDATE"},{"name":"FILENAME"},{"name":"COMPANY"}]}
10/12/2017 15:39:49 10: ********* Resulset 2222 *********** : {"metaData":[{"name":"IETSITE"},{"name":"STEP"},{"name":"STEPLABEL"},{"name":"STATUS"},{"name":"UPDATE"}]}
10/12/2017 15:40:2 10: ********* Resulset 2222 *********** : {"metaData":[{"name":"STEP"},{"name":"UPC"},{"name":"SITE"},{"name":"ITEMDESC"},{"name":"ITEM"},{"name":"QTY"},{"name":"FILE"},{"name":"LINE"},{"name":"TRT"},{"name":"NERR"},{"name":"MESS"}]}
10/12/2017 15:40:5 10: ********* Resulset 2222 *********** : {"metaData":[{"name":"BATCHNAME"},{"name":"DATESTART"},{"name":"STARTAT"},{"name":"ENDAT"},{"name":"DURATION"},{"name":"PARAMETER"},{"name":"BATCHID"}]}
10/12/2017 15:40:10 10: ********* Resulset 2222 *********** : {"metaData":[{"name":"SITE"},{"name":"TMVT"},{"name":"DESC"},{"name":"ITEM"},{"name":"LV"},{"name":"ITEMDESC"},{"name":"QTY"},{"name":"CREATEDAT"},{"name":"UPDATEDAT"},{"name":"USER"}]}
10/12/2017 15:41:31 11: ********* Resulset 2222 *********** : {"metaData":[{"name":"TOTAL"},{"name":"TRT"},{"name":"SITE"},{"name":"SOCLMAG"},{"name":"INVDATE"},{"name":"FILENAME"},{"name":"COMPANY"},{"name":"CREATEDAT"},{"name":"UPDATEDAT"}]}
10/12/2017 15:41:56 13: ********* Resulset 2222 *********** : {"metaData":[{"name":"TOTAL"},{"name":"TRT"},{"name":"SITE"},{"name":"SOCLMAG"},{"name":"INVDATE"},{"name":"FILENAME"},{"name":"COMPANY"}]}
10/12/2017 15:41:57 16: ********* Resulset 2222 *********** : {"metaData":[{"name":"IETSITE"},{"name":"STEP"},{"name":"STEPLABEL"},{"name":"STATUS"},{"name":"UPDATE"}]}
10/12/2017 15:42:4 16: ********* Resulset 2222 *********** : {"metaData":[{"name":"BATCHNAME"},{"name":"DATESTART"},{"name":"STARTAT"},{"name":"ENDAT"},{"name":"DURATION"},{"name":"PARAMETER"},{"name":"BATCHID"}]}
10/12/2017 15:42:4 16: ********* Resulset 2222 *********** : {"metaData":[{"name":"STEP"},{"name":"UPC"},{"name":"SITE"},{"name":"ITEMDESC"},{"name":"ITEM"},{"name":"QTY"},{"name":"FILE"},{"name":"LINE"},{"name":"TRT"},{"name":"NERR"},{"name":"MESS"}]}
10/12/2017 15:42:18 16: ********* Resulset 2222 *********** : {"metaData":[{"name":"SITE"},{"name":"TMVT"},{"name":"DESC"},{"name":"ITEM"},{"name":"LV"},{"name":"ITEMDESC"},{"name":"QTY"},{"name":"CREATEDAT"},{"name":"UPDATEDAT"},{"name":"USER"}]}
10/12/2017 15:44:27 17: ********* Resulset 2222 *********** : {"metaData":[{"name":"COL1"},{"name":"COL2"},{"name":"COL3"},{"name":"COL4"},{"name":"COL5"},{"name":"COL6"}]}
10/12/2017 15:45:48 18: ********* Resulset 2222 *********** : {"metaData":[{"name":"COL1"},{"name":"COL2"},{"name":"COL3"},{"name":"COL4"},{"name":"COL5"},{"name":"COL6"}]}
10/12/2017 15:46:37 19: ********* Resulset 2222 *********** : {"metaData":[{"name":"COL1"},{"name":"COL2"},{"name":"COL3"},{"name":"COL4"},{"name":"COL5"},{"name":"COL6"}]}
10/12/2017 15:47:4 20: ********* Resulset 2222 *********** : {"metaData":[{"name":"COL1"},{"name":"COL2"},{"name":"COL3"},{"name":"COL4"},{"name":"COL5"},{"name":"COL6"}]}
10/12/2017 15:47:59 25: ********* Resulset 2222 *********** : {"metaData":[{"name":"ARTCEXR"},{"name":"ARTETAT"},{"name":"ARLDCRE"},{"name":"ARLUTIL"},{"name":"ARTTYPP"},{"name":"ARLCEXVL"},{"name":"LVDESC"},{"name":"ARLSEQVL"},{"name":"ARLETAT"},{"name":"ARUCINL"},{"name":"ARUTYPUL"},{"name":"ARUUMESS"},{"name":"ARULONG"},{"name":"ARULARG"},{"name":"ARUHAUT"},{"name":"ARUUPDS"},{"name":"ARUPBRU"},{"name":"ALLCOEFF"},{"name":"ACUTCOD"},{"name":"ACUCODE"},{"name":"ACUETAT"},{"name":"ARVETAT"},{"name":"ARCTCOD"},{"name":"ARCCODE"},{"name":"ARATFOU"}]}
10/12/2017 15:48:2 25: ********* Resulset 2222 *********** : {"metaData":[{"name":"ARRSITE"},{"name":"ARRRANG"},{"name":"ARRDDEB"},{"name":"ARRDFIN"},{"name":"ARRTYRE"},{"name":"REMPTYPE"},{"name":"ITEMCODE"},{"name":"LVCODE"},{"name":"DESC"},{"name":"ITEMBYCODE"},{"name":"LVBYCODE"},{"name":"DESCBY"},{"name":"ARRCOEFF"}]}
10/12/2017 15:48:16 25: ********* Resulset 2222 *********** : {"metaData":[{"name":"AVINTAR"},{"name":"AVISTAT"},{"name":"ARVCEXR"},{"name":"ARVCEXV"},{"name":"ITEMDESC"},{"name":"TARIFDESC"},{"name":"PERMPROMO"},{"name":"AVIPRIX"},{"name":"AVIMULTI"},{"name":"AVOPRIO"},{"name":"AVIDDEB"},{"name":"AVIDFIN"}]}
10/12/2017 15:48:16 25: ********* Resulset 2222 *********** : {"metaData":[{"name":"TAPSITE"},{"name":"TRECEXREM"},{"name":"FOUCNUF"},{"name":"FCCNUM"},{"name":"FOULIBL"},{"name":"ARATFOU"},{"name":"ARACEXR"},{"name":"ARLCEXVL"},{"name":"DESC"},{"name":"TAPPBRUT"},{"name":"TAPUAPP"},{"name":"TRETREM"},{"name":"AMOUNT"},{"name":"TREUREM"},{"name":"UAPP"}]}
10/12/2017 15:48:22 25: ********* Resulset 2222 *********** : {"metaData":[{"name":"ARLCEXR"},{"name":"ARLCEXVL"},{"name":"DESC"},{"name":"SOCSITE"},{"name":"SOCLMAG"},{"name":"SOCCMAG"},{"name":"PCK"},{"name":"INVENTORY"},{"name":"BLOCK"},{"name":"ONORDER"}]}
