2/12/2017 11:47:27 1: Connection to database... [IN PROGRESS]
2/12/2017 11:47:27 1: Connection to database... [ESTABLISHED]
2/12/2017 11:47:27 1: Path request:/api/authentification/
2/12/2017 11:47:27 1: Executing query.... 
2/12/2017 11:47:27 1: BEGIN PKREQUESTMANAGER.CALLQUERY(1,'admin','ADM0000001', '[admin,admin]', :cursor); END;
2/12/2017 11:47:27 1: 1 Object(s) returned... [FETCH]
2/12/2017 11:48:50 2: Connection to database... [IN PROGRESS]
2/12/2017 11:48:50 2: Connection to database... [ESTABLISHED]
2/12/2017 11:48:50 2: Path request:/api/authentification/
2/12/2017 11:48:50 2: Executing query.... 
2/12/2017 11:48:50 2: BEGIN PKREQUESTMANAGER.CALLQUERY(2,'admin','ADM0000001', '[admin,admin]', :cursor); END;
2/12/2017 11:48:50 2: 1 Object(s) returned... [FETCH]
2/12/2017 11:49:19 3: Connection to database... [IN PROGRESS]
2/12/2017 11:49:19 3: Connection to database... [ESTABLISHED]
2/12/2017 11:49:19 3: Path request:/api/authentification/
2/12/2017 11:49:19 3: Executing query.... 
2/12/2017 11:49:19 3: BEGIN PKREQUESTMANAGER.CALLQUERY(3,'admin','ADM0000001', '[admin,admin]', :cursor); END;
2/12/2017 11:49:19 3: 1 Object(s) returned... [FETCH]
2/12/2017 11:51:59 4: Connection to database... [IN PROGRESS]
2/12/2017 11:51:59 4: Connection to database... [ESTABLISHED]
2/12/2017 11:51:59 4: Path request:/api/authentification/
2/12/2017 11:51:59 4: Executing query.... 
2/12/2017 11:51:59 4: BEGIN PKREQUESTMANAGER.CALLQUERY(4,'admin','ADM0000001', '[admin,admin]', :cursor); END;
2/12/2017 11:51:59 4: 1 Object(s) returned... [FETCH]
2/12/2017 11:59:14 5: Connection to database... [IN PROGRESS]
2/12/2017 11:59:14 5: Connection to database... [ESTABLISHED]
2/12/2017 11:59:14 5: Path request:/api/authentification/
2/12/2017 11:59:14 5: Executing query.... 
2/12/2017 11:59:14 5: BEGIN PKREQUESTMANAGER.CALLQUERY(5,'admin','ADM0000001', '[admin,admin]', :cursor); END;
2/12/2017 11:59:14 5: 1 Object(s) returned... [FETCH]
2/12/2017 11:59:22 6: Connection to database... [IN PROGRESS]
2/12/2017 11:59:22 6: Connection to database... [ESTABLISHED]
2/12/2017 11:59:22 6: Path request:/api/authentification/
2/12/2017 11:59:22 6: Executing query.... 
2/12/2017 11:59:22 6: BEGIN PKREQUESTMANAGER.CALLQUERY(6,'admin','ADM0000001', '[admin,admin]', :cursor); END;
2/12/2017 11:59:22 6: 1 Object(s) returned... [FETCH]
2/12/2017 11:59:31 7: Connection to database... [IN PROGRESS]
2/12/2017 11:59:31 7: Connection to database... [ESTABLISHED]
2/12/2017 11:59:31 7: Path request:/api/authentification/
2/12/2017 11:59:31 7: Executing query.... 
2/12/2017 11:59:31 7: BEGIN PKREQUESTMANAGER.CALLQUERY(7,'admin','ADM0000001', '[admin,a]', :cursor); END;
2/12/2017 11:59:31 7: 0 Object(s) returned... [FETCH]
2/12/2017 11:59:49 8: Connection to database... [IN PROGRESS]
2/12/2017 11:59:50 8: Connection to database... [ESTABLISHED]
2/12/2017 11:59:50 8: Path request:/api/authentification/
2/12/2017 11:59:50 8: Executing query.... 
2/12/2017 11:59:50 8: BEGIN PKREQUESTMANAGER.CALLQUERY(8,'admin','ADM0000001', '[admin,admin]', :cursor); END;
2/12/2017 11:59:50 8: 1 Object(s) returned... [FETCH]
2/12/2017 12:0:5 9: Connection to database... [IN PROGRESS]
2/12/2017 12:0:5 9: Connection to database... [ESTABLISHED]
2/12/2017 12:0:5 9: Path request:/api/authentification/
2/12/2017 12:0:5 9: Executing query.... 
2/12/2017 12:0:5 9: BEGIN PKREQUESTMANAGER.CALLQUERY(9,'admin','ADM0000001', '[admin,admin]', :cursor); END;
2/12/2017 12:0:5 9: 1 Object(s) returned... [FETCH]
2/12/2017 12:1:48 10: Connection to database... [IN PROGRESS]
2/12/2017 12:1:48 10: Connection to database... [ESTABLISHED]
2/12/2017 12:1:48 10: Path request:/api/authentification/
2/12/2017 12:1:48 10: Executing query.... 
2/12/2017 12:1:48 10: BEGIN PKREQUESTMANAGER.CALLQUERY(10,'admin','ADM0000001', '[admin,admin]', :cursor); END;
2/12/2017 12:1:48 10: 1 Object(s) returned... [FETCH]
2/12/2017 12:2:44 11: Connection to database... [IN PROGRESS]
2/12/2017 12:2:44 11: Connection to database... [ESTABLISHED]
2/12/2017 12:2:44 11: Path request:/api/authentification/
2/12/2017 12:2:44 11: Executing query.... 
2/12/2017 12:2:44 11: BEGIN PKREQUESTMANAGER.CALLQUERY(11,'admin','ADM0000001', '[admin,admin]', :cursor); END;
2/12/2017 12:2:44 11: 1 Object(s) returned... [FETCH]
2/12/2017 12:3:58 12: Connection to database... [IN PROGRESS]
2/12/2017 12:3:58 12: Connection to database... [ESTABLISHED]
2/12/2017 12:3:58 12: Path request:/api/authentification/
2/12/2017 12:3:58 12: Executing query.... 
2/12/2017 12:3:58 12: BEGIN PKREQUESTMANAGER.CALLQUERY(12,'admin','ADM0000001', '[admin,admin]', :cursor); END;
2/12/2017 12:3:58 12: 1 Object(s) returned... [FETCH]
2/12/2017 12:39:42 13: Connection to database... [IN PROGRESS]
2/12/2017 12:39:42 13: Connection to database... [ESTABLISHED]
2/12/2017 12:39:42 13: Path request:/api/authentification/
2/12/2017 12:39:42 13: Executing query.... 
2/12/2017 12:39:42 13: BEGIN PKREQUESTMANAGER.CALLQUERY(13,'admin','ADM0000001', '[admin,admi]', :cursor); END;
2/12/2017 12:39:42 13: 0 Object(s) returned... [FETCH]
2/12/2017 12:39:45 14: Connection to database... [IN PROGRESS]
2/12/2017 12:39:45 14: Connection to database... [ESTABLISHED]
2/12/2017 12:39:45 14: Path request:/api/authentification/
2/12/2017 12:39:45 14: Executing query.... 
2/12/2017 12:39:45 14: BEGIN PKREQUESTMANAGER.CALLQUERY(14,'admin','ADM0000001', '[admin,admi]', :cursor); END;
2/12/2017 12:39:45 14: 0 Object(s) returned... [FETCH]
2/12/2017 12:51:13 15: Connection to database... [IN PROGRESS]
2/12/2017 12:51:13 15: Connection to database... [ESTABLISHED]
2/12/2017 12:51:13 15: Path request:/api/authentification/
2/12/2017 12:51:13 15: Executing query.... 
2/12/2017 12:51:13 15: BEGIN PKREQUESTMANAGER.CALLQUERY(15,'admin','ADM0000001', '[admin,a]', :cursor); END;
2/12/2017 12:51:13 15: 0 Object(s) returned... [FETCH]
2/12/2017 12:51:40 16: Connection to database... [IN PROGRESS]
2/12/2017 12:51:40 16: Connection to database... [ESTABLISHED]
2/12/2017 12:51:40 16: Path request:/api/authentification/
2/12/2017 12:51:40 16: Executing query.... 
2/12/2017 12:51:40 16: BEGIN PKREQUESTMANAGER.CALLQUERY(16,'admin','ADM0000001', '[admin,a]', :cursor); END;
2/12/2017 12:51:40 16: 0 Object(s) returned... [FETCH]
2/12/2017 13:11:27 17: Connection to database... [IN PROGRESS]
2/12/2017 13:11:27 17: Connection to database... [ESTABLISHED]
2/12/2017 13:11:27 17: Path request:/api/authentification/
2/12/2017 13:11:27 17: Executing query.... 
2/12/2017 13:11:27 17: BEGIN PKREQUESTMANAGER.CALLQUERY(17,'admin','ADM0000001', '[admin,admin]', :cursor); END;
2/12/2017 13:11:27 17: 1 Object(s) returned... [FETCH]
2/12/2017 13:14:55 18: Connection to database... [IN PROGRESS]
2/12/2017 13:14:55 18: Connection to database... [ESTABLISHED]
2/12/2017 13:14:55 18: Path request:/api/authentification/
2/12/2017 13:14:55 18: Executing query.... 
2/12/2017 13:14:55 18: BEGIN PKREQUESTMANAGER.CALLQUERY(18,'admin','ADM0000001', '[admin,admin]', :cursor); END;
2/12/2017 13:14:55 18: 1 Object(s) returned... [FETCH]
2/12/2017 13:14:59 19: Connection to database... [IN PROGRESS]
2/12/2017 13:14:59 19: Connection to database... [ESTABLISHED]
2/12/2017 13:14:59 19: Path request:/api/authentification/
2/12/2017 13:14:59 19: Executing query.... 
2/12/2017 13:14:59 19: BEGIN PKREQUESTMANAGER.CALLQUERY(19,'admin','ADM0000001', '[admin,a]', :cursor); END;
2/12/2017 13:14:59 19: 0 Object(s) returned... [FETCH]
2/12/2017 13:15:10 20: Connection to database... [IN PROGRESS]
2/12/2017 13:15:10 20: Connection to database... [ESTABLISHED]
2/12/2017 13:15:10 20: Path request:/api/authentification/
2/12/2017 13:15:10 20: Executing query.... 
2/12/2017 13:15:10 20: BEGIN PKREQUESTMANAGER.CALLQUERY(20,'admin','ADM0000001', '[admin,a]', :cursor); END;
2/12/2017 13:15:10 20: 0 Object(s) returned... [FETCH]
2/12/2017 13:15:49 21: Connection to database... [IN PROGRESS]
2/12/2017 13:15:49 21: Connection to database... [ESTABLISHED]
2/12/2017 13:15:49 21: Path request:/api/authentification/
2/12/2017 13:15:49 21: Executing query.... 
2/12/2017 13:15:49 21: BEGIN PKREQUESTMANAGER.CALLQUERY(21,'admin','ADM0000001', '[admin,admin]', :cursor); END;
2/12/2017 13:15:49 21: 1 Object(s) returned... [FETCH]
2/12/2017 13:16:40 22: Connection to database... [IN PROGRESS]
2/12/2017 13:16:40 22: Connection to database... [ESTABLISHED]
2/12/2017 13:16:40 22: Path request:/api/authentification/
2/12/2017 13:16:40 22: Executing query.... 
2/12/2017 13:16:40 22: BEGIN PKREQUESTMANAGER.CALLQUERY(22,'admin','ADM0000001', '[admin,ad]', :cursor); END;
2/12/2017 13:16:40 22: 0 Object(s) returned... [FETCH]
2/12/2017 16:7:35 23: Connection to database... [IN PROGRESS]
2/12/2017 16:7:35 23: Connection to database... [ESTABLISHED]
2/12/2017 16:7:35 23: Path request:/api/authentification/
2/12/2017 16:7:35 23: Executing query.... 
2/12/2017 16:7:35 23: BEGIN PKREQUESTMANAGER.CALLQUERY(23,'admin','ADM0000001', '[admin,admin]', :cursor); END;
2/12/2017 16:7:35 23: 1 Object(s) returned... [FETCH]
2/12/2017 16:8:23 24: Connection to database... [IN PROGRESS]
2/12/2017 16:8:23 24: Connection to database... [ESTABLISHED]
2/12/2017 16:8:23 24: Path request:/api/authentification/
2/12/2017 16:8:23 24: Executing query.... 
2/12/2017 16:8:23 24: BEGIN PKREQUESTMANAGER.CALLQUERY(24,'admin','ADM0000001', '[admin,admin]', :cursor); END;
2/12/2017 16:8:23 24: 1 Object(s) returned... [FETCH]
2/12/2017 16:9:55 25: Connection to database... [IN PROGRESS]
2/12/2017 16:9:55 25: Connection to database... [ESTABLISHED]
2/12/2017 16:9:55 25: Path request:/api/authentification/
2/12/2017 16:9:55 25: Executing query.... 
2/12/2017 16:9:55 25: BEGIN PKREQUESTMANAGER.CALLQUERY(25,'admin','ADM0000001', '[admin,admin]', :cursor); END;
2/12/2017 16:9:55 25: 1 Object(s) returned... [FETCH]
2/12/2017 16:11:18 26: Connection to database... [IN PROGRESS]
2/12/2017 16:11:18 26: Connection to database... [ESTABLISHED]
2/12/2017 16:11:18 26: Path request:/api/authentification/
2/12/2017 16:11:18 26: Executing query.... 
2/12/2017 16:11:18 26: BEGIN PKREQUESTMANAGER.CALLQUERY(26,'admin','ADM0000001', '[admin,admin]', :cursor); END;
2/12/2017 16:11:18 26: 1 Object(s) returned... [FETCH]
2/12/2017 16:11:54 27: Connection to database... [IN PROGRESS]
2/12/2017 16:11:54 27: Connection to database... [ESTABLISHED]
2/12/2017 16:11:54 27: Path request:/api/authentification/
2/12/2017 16:11:54 27: Executing query.... 
2/12/2017 16:11:54 27: BEGIN PKREQUESTMANAGER.CALLQUERY(27,'admin','ADM0000001', '[admin,admin]', :cursor); END;
2/12/2017 16:11:54 27: 1 Object(s) returned... [FETCH]
2/12/2017 16:12:52 29: Connection to database... [IN PROGRESS]
2/12/2017 16:12:52 29: Connection to database... [ESTABLISHED]
2/12/2017 16:12:52 29: Path request:/api/authentification/
2/12/2017 16:12:52 29: Executing query.... 
2/12/2017 16:12:52 29: BEGIN PKREQUESTMANAGER.CALLQUERY(29,'admin','ADM0000001', '[admin,admin]', :cursor); END;
2/12/2017 16:12:52 29: 1 Object(s) returned... [FETCH]
2/12/2017 16:13:10 30: Connection to database... [IN PROGRESS]
2/12/2017 16:13:10 30: Connection to database... [ESTABLISHED]
2/12/2017 16:13:10 30: Path request:/api/authentification/
2/12/2017 16:13:10 30: Executing query.... 
2/12/2017 16:13:10 30: BEGIN PKREQUESTMANAGER.CALLQUERY(30,'admin','ADM0000001', '[admin,admin]', :cursor); END;
2/12/2017 16:13:10 30: 1 Object(s) returned... [FETCH]
2/12/2017 16:14:36 31: Connection to database... [IN PROGRESS]
2/12/2017 16:14:36 31: Connection to database... [ESTABLISHED]
2/12/2017 16:14:36 31: Path request:/api/authentification/
2/12/2017 16:14:36 31: Executing query.... 
2/12/2017 16:14:36 31: BEGIN PKREQUESTMANAGER.CALLQUERY(31,'admin','ADM0000001', '[admin,admin]', :cursor); END;
2/12/2017 16:14:36 31: 1 Object(s) returned... [FETCH]
2/12/2017 16:15:15 32: Connection to database... [IN PROGRESS]
2/12/2017 16:15:15 32: Connection to database... [ESTABLISHED]
2/12/2017 16:15:15 32: Path request:/api/authentification/
2/12/2017 16:15:15 32: Executing query.... 
2/12/2017 16:15:15 32: BEGIN PKREQUESTMANAGER.CALLQUERY(32,'admin','ADM0000001', '[admin,admin]', :cursor); END;
2/12/2017 16:15:15 32: 1 Object(s) returned... [FETCH]
2/12/2017 16:15:46 33: Connection to database... [IN PROGRESS]
2/12/2017 16:15:46 33: Connection to database... [ESTABLISHED]
2/12/2017 16:15:46 33: Path request:/api/authentification/
2/12/2017 16:15:46 33: Executing query.... 
2/12/2017 16:15:46 33: BEGIN PKREQUESTMANAGER.CALLQUERY(33,'admin','ADM0000001', '[admin,admin]', :cursor); END;
2/12/2017 16:15:46 33: 1 Object(s) returned... [FETCH]
2/12/2017 16:16:28 34: Connection to database... [IN PROGRESS]
2/12/2017 16:16:28 34: Connection to database... [ESTABLISHED]
2/12/2017 16:16:28 34: Path request:/api/authentification/
2/12/2017 16:16:28 34: Executing query.... 
2/12/2017 16:16:28 34: BEGIN PKREQUESTMANAGER.CALLQUERY(34,'admin','ADM0000001', '[admin,admin]', :cursor); END;
2/12/2017 16:16:28 34: 1 Object(s) returned... [FETCH]
2/12/2017 16:16:33 35: Connection to database... [IN PROGRESS]
2/12/2017 16:16:33 35: Connection to database... [ESTABLISHED]
2/12/2017 16:16:33 35: Path request:/api/authentification/
2/12/2017 16:16:33 35: Executing query.... 
2/12/2017 16:16:33 35: BEGIN PKREQUESTMANAGER.CALLQUERY(35,'admin','ADM0000001', '[admin,admi]', :cursor); END;
2/12/2017 16:16:33 35: 0 Object(s) returned... [FETCH]
2/12/2017 16:16:35 36: Connection to database... [IN PROGRESS]
2/12/2017 16:16:35 36: Connection to database... [ESTABLISHED]
2/12/2017 16:16:35 36: Path request:/api/authentification/
2/12/2017 16:16:35 36: Executing query.... 
2/12/2017 16:16:35 36: BEGIN PKREQUESTMANAGER.CALLQUERY(36,'admin','ADM0000001', '[admin,admi]', :cursor); END;
2/12/2017 16:16:35 36: 0 Object(s) returned... [FETCH]
2/12/2017 16:17:1 37: Connection to database... [IN PROGRESS]
2/12/2017 16:17:1 37: Connection to database... [ESTABLISHED]
2/12/2017 16:17:1 37: Path request:/api/authentification/
2/12/2017 16:17:1 37: Executing query.... 
2/12/2017 16:17:1 37: BEGIN PKREQUESTMANAGER.CALLQUERY(37,'admin','ADM0000001', '[admin,admin]', :cursor); END;
2/12/2017 16:17:1 37: 1 Object(s) returned... [FETCH]
2/12/2017 16:21:37 38: Connection to database... [IN PROGRESS]
2/12/2017 16:21:37 38: Connection to database... [ESTABLISHED]
2/12/2017 16:21:37 38: Path request:/api/authentification/
2/12/2017 16:21:37 38: Executing query.... 
2/12/2017 16:21:37 38: BEGIN PKREQUESTMANAGER.CALLQUERY(38,'admin','ADM0000001', '[admin,admin]', :cursor); END;
2/12/2017 16:21:37 38: 1 Object(s) returned... [FETCH]
2/12/2017 16:21:44 39: Connection to database... [IN PROGRESS]
2/12/2017 16:21:44 39: Connection to database... [ESTABLISHED]
2/12/2017 16:21:44 39: Path request:/api/authentification/
2/12/2017 16:21:44 39: Executing query.... 
2/12/2017 16:21:44 39: BEGIN PKREQUESTMANAGER.CALLQUERY(39,'admin','ADM0000001', '[admin,admi]', :cursor); END;
2/12/2017 16:21:44 39: 0 Object(s) returned... [FETCH]
2/12/2017 16:21:58 40: Connection to database... [IN PROGRESS]
2/12/2017 16:21:58 40: Connection to database... [ESTABLISHED]
2/12/2017 16:21:58 40: Path request:/api/authentification/
2/12/2017 16:21:58 40: Executing query.... 
2/12/2017 16:21:58 40: BEGIN PKREQUESTMANAGER.CALLQUERY(40,'admin','ADM0000001', '[admin,admin]', :cursor); END;
2/12/2017 16:21:58 40: 1 Object(s) returned... [FETCH]
2/12/2017 16:22:3 41: Connection to database... [IN PROGRESS]
2/12/2017 16:22:3 41: Connection to database... [ESTABLISHED]
2/12/2017 16:22:3 41: Path request:/api/authentification/
2/12/2017 16:22:3 41: Executing query.... 
2/12/2017 16:22:3 41: BEGIN PKREQUESTMANAGER.CALLQUERY(41,'admin','ADM0000001', '[admin,admi]', :cursor); END;
2/12/2017 16:22:3 41: 0 Object(s) returned... [FETCH]
2/12/2017 16:28:6 42: Connection to database... [IN PROGRESS]
2/12/2017 16:28:6 42: Connection to database... [ESTABLISHED]
2/12/2017 16:28:6 42: Path request:/api/authentification/
2/12/2017 16:28:6 42: Executing query.... 
2/12/2017 16:28:6 42: BEGIN PKREQUESTMANAGER.CALLQUERY(42,'admin','ADM0000001', '[admin,admin]', :cursor); END;
2/12/2017 16:28:6 42: 1 Object(s) returned... [FETCH]
2/12/2017 16:28:23 43: Connection to database... [IN PROGRESS]
2/12/2017 16:28:23 43: Connection to database... [ESTABLISHED]
2/12/2017 16:28:23 43: Path request:/api/authentification/
2/12/2017 16:28:23 43: Executing query.... 
2/12/2017 16:28:23 43: BEGIN PKREQUESTMANAGER.CALLQUERY(43,'admin','ADM0000001', '[admin,admi]', :cursor); END;
2/12/2017 16:28:23 43: 0 Object(s) returned... [FETCH]
2/12/2017 16:29:43 44: Connection to database... [IN PROGRESS]
2/12/2017 16:29:43 44: Connection to database... [ESTABLISHED]
2/12/2017 16:29:43 44: Path request:/api/authentification/
2/12/2017 16:29:43 44: Executing query.... 
2/12/2017 16:29:43 44: BEGIN PKREQUESTMANAGER.CALLQUERY(44,'admin','ADM0000001', '[admin,as]', :cursor); END;
2/12/2017 16:29:43 44: 0 Object(s) returned... [FETCH]
2/12/2017 16:29:52 45: Connection to database... [IN PROGRESS]
2/12/2017 16:29:52 45: Connection to database... [ESTABLISHED]
2/12/2017 16:29:52 45: Path request:/api/authentification/
2/12/2017 16:29:52 45: Executing query.... 
2/12/2017 16:29:52 45: BEGIN PKREQUESTMANAGER.CALLQUERY(45,'admin','ADM0000001', '[admin,admin]', :cursor); END;
2/12/2017 16:29:52 45: 1 Object(s) returned... [FETCH]
2/12/2017 16:29:55 46: Connection to database... [IN PROGRESS]
2/12/2017 16:29:55 46: Connection to database... [ESTABLISHED]
2/12/2017 16:29:55 46: Path request:/api/authentification/
2/12/2017 16:29:55 46: Executing query.... 
2/12/2017 16:29:55 46: BEGIN PKREQUESTMANAGER.CALLQUERY(46,'admin','ADM0000001', '[admin,admi]', :cursor); END;
2/12/2017 16:29:55 46: 0 Object(s) returned... [FETCH]
2/12/2017 16:29:59 47: Connection to database... [IN PROGRESS]
2/12/2017 16:29:59 47: Connection to database... [ESTABLISHED]
2/12/2017 16:29:59 47: Path request:/api/authentification/
2/12/2017 16:29:59 47: Executing query.... 
2/12/2017 16:29:59 47: BEGIN PKREQUESTMANAGER.CALLQUERY(47,'admin','ADM0000001', '[admin,admin]', :cursor); END;
2/12/2017 16:29:59 47: 1 Object(s) returned... [FETCH]
