10/15/2017 15:48:14 1: LIBQUERY with Callback: 
10/15/2017 15:48:14 1: Path request:/api/authentification/
10/15/2017 15:48:14 1: Path header:undefined
10/15/2017 15:48:14 1: Path query:{}
10/15/2017 15:48:14 1: BEGIN PKREQUESTMANAGER.CALLQUERY(1,'ADM0000001','abe','{}', '{abe,abe}','{}', :cursor); END;
10/15/2017 15:48:14 1: 1 Object(s) returned... [FETCH]
10/15/2017 15:48:14 1: [object Object]
10/15/2017 15:48:14 2: LIBQUERY with Callback: 
10/15/2017 15:48:14 2: Path request:/api/environment/
10/15/2017 15:48:14 2: Path header:undefined
10/15/2017 15:48:14 2: Path query:{"USER_NAME":"abe"}
10/15/2017 15:48:14 2: BEGIN PKREQUESTMANAGER.CALLQUERY(2,'CLI0000003','abe','{}', '{abe}','{}', :cursor); END;
10/15/2017 15:48:14 3: LIBQUERY with Callback: 
10/15/2017 15:48:14 3: Path request:/api/user/
10/15/2017 15:48:14 3: Path header:undefined
10/15/2017 15:48:14 3: Path query:{"USER_NAME":"abe"}
10/15/2017 15:48:14 3: BEGIN PKREQUESTMANAGER.CALLQUERY(3,'CLI0000002','abe','{}', '{abe}','{}', :cursor); END;
10/15/2017 15:48:14 3: 1 Object(s) returned... [FETCH]
10/15/2017 15:48:14 3: [object Object]
10/15/2017 15:48:14 3: 6 Object(s) returned... [FETCH]
10/15/2017 15:48:14 3: [object Object],[object Object],[object Object],[object Object],[object Object],[object Object]
10/15/2017 15:48:14 4: LIBQUERY with Callback: 
10/15/2017 15:48:14 4: Path request:/api/labels/
10/15/2017 15:48:14 4: Path header:undefined
10/15/2017 15:48:14 4: Path query:{}
10/15/2017 15:48:14 4: BEGIN PKREQUESTMANAGER.CALLQUERY(4,'LAB0000001','abe','{undefined}', '{undefined}','{HN}', :cursor); END;
10/15/2017 15:48:15 4: 36 Object(s) returned... [FETCH]
10/15/2017 15:48:15 4: [object Object],[object Object],[object Object],[object Object],[object Object],[object Object],[object Object],[object Object],[object Object],[object Object],[object Object],[object Object],[object Object],[object Object],[object Object],[object Object],[object Object],[object Object],[object Object],[object Object],[object Object],[object Object],[object Object],[object Object],[object Object],[object Object],[object Object],[object Object],[object Object],[object Object],[object Object],[object Object],[object Object],[object Object],[object Object],[object Object]
10/15/2017 15:48:22 5: LIBQUERY with Callback: 
10/15/2017 15:48:22 5: Path request:/api/counting/2/
10/15/2017 15:48:22 5: Path header:undefined
10/15/2017 15:48:22 5: Path query:{"PARAM":"10/15/2017"}
10/15/2017 15:48:22 5: BEGIN PKREQUESTMANAGER.CALLQUERY(5,'CNT0000002','abe','{HEINENS_CUSTOM_PROD}', '{10/15/2017}','{HN}', :cursor); END;
10/15/2017 15:48:27 5: 16 Object(s) returned... [FETCH]
10/15/2017 15:48:27 5: [object Object],[object Object],[object Object],[object Object],[object Object],[object Object],[object Object],[object Object],[object Object],[object Object],[object Object],[object Object],[object Object],[object Object],[object Object],[object Object]
10/15/2017 15:48:32 6: LIBQUERY with Callback: 
10/15/2017 15:48:32 6: Path request:/api/counting/3/
10/15/2017 15:48:32 6: Path header:undefined
10/15/2017 15:48:32 6: Path query:{"PARAM":["10/15/2017","8","000008.txt"]}
10/15/2017 15:48:32 6: BEGIN PKREQUESTMANAGER.CALLQUERY(6,'CNT0000003','abe','{HEINENS_CUSTOM_PROD}', '{10/15/2017,8,000008.txt}','{HN}', :cursor); END;
10/15/2017 15:48:32 7: LIBQUERY with Callback: 
10/15/2017 15:48:32 7: Path request:/api/counting/4/
10/15/2017 15:48:32 7: Path header:undefined
10/15/2017 15:48:32 7: Path query:{"PARAM":["10/15/2017","8","000008.txt"]}
10/15/2017 15:48:32 7: BEGIN PKREQUESTMANAGER.CALLQUERY(7,'CNT0000004','abe','{HEINENS_CUSTOM_PROD}', '{10/15/2017,8,000008.txt}','{HN}', :cursor); END;
10/15/2017 15:48:41 7: 1 Object(s) returned... [FETCH]
10/15/2017 15:48:41 7: [object Object]
10/15/2017 15:48:41 8: LIBQUERY with Callback: 
10/15/2017 15:48:41 8: Path request:/api/process/
10/15/2017 15:48:41 8: Path header:undefined
10/15/2017 15:48:41 8: Path query:{"PARAM":["10/15/2017","pssti12p","10 8"]}
10/15/2017 15:48:41 8: BEGIN PKREQUESTMANAGER.CALLQUERY(8,'BTH0000001','abe','{HEINENS_CUSTOM_PROD}', '{10/15/2017,pssti12p,10 8}','{HN}', :cursor); END;
10/15/2017 15:48:41 9: LIBQUERY with Callback: 
10/15/2017 15:48:41 9: Path request:/api/counting/5/
10/15/2017 15:48:41 9: Path header:undefined
10/15/2017 15:48:41 9: Path query:{"PARAM":["10/15/2017","8","000008.txt"]}
10/15/2017 15:48:41 9: BEGIN PKREQUESTMANAGER.CALLQUERY(9,'CNT0000005','abe','{HEINENS_CUSTOM_PROD}', '{10/15/2017,8,000008.txt}','{HN}', :cursor); END;
10/15/2017 15:48:41 10: LIBQUERY with Callback: 
10/15/2017 15:48:41 10: Path request:/api/counting/6/
10/15/2017 15:48:41 10: Path header:undefined
10/15/2017 15:48:41 10: Path query:{"PARAM":["10/15/2017","8","000008.txt"]}
10/15/2017 15:48:41 10: BEGIN PKREQUESTMANAGER.CALLQUERY(10,'CNT0000006','abe','{HEINENS_CUSTOM_PROD}', '{10/15/2017,8,000008.txt}','{HN}', :cursor); END;
10/15/2017 15:48:47 10: 45 Object(s) returned... [FETCH]
10/15/2017 15:48:47 10: [object Object],[object Object],[object Object],[object Object],[object Object],[object Object],[object Object],[object Object],[object Object],[object Object],[object Object],[object Object],[object Object],[object Object],[object Object],[object Object],[object Object],[object Object],[object Object],[object Object],[object Object],[object Object],[object Object],[object Object],[object Object],[object Object],[object Object],[object Object],[object Object],[object Object],[object Object],[object Object],[object Object],[object Object],[object Object],[object Object],[object Object],[object Object],[object Object],[object Object],[object Object],[object Object],[object Object],[object Object],[object Object]
10/15/2017 15:48:48 10: 2 Object(s) returned... [FETCH]
10/15/2017 15:48:48 10: [object Object],[object Object]
10/15/2017 15:48:49 10: 0 Object(s) returned... [FETCH] :)
10/15/2017 15:49:1 10: 0 Object(s) returned... [FETCH] :)
10/15/2017 15:49:25 11: LIBQUERY with Callback: 
10/15/2017 15:49:25 11: Path request:/api/counting/3/
10/15/2017 15:49:25 11: Path header:undefined
10/15/2017 15:49:25 11: Path query:{"PARAM":["10/15/2017","9","000009.txt"]}
10/15/2017 15:49:25 11: BEGIN PKREQUESTMANAGER.CALLQUERY(11,'CNT0000003','abe','{HEINENS_CUSTOM_PROD}', '{10/15/2017,9,000009.txt}','{HN}', :cursor); END;
10/15/2017 15:49:25 12: LIBQUERY with Callback: 
10/15/2017 15:49:25 12: Path request:/api/counting/4/
10/15/2017 15:49:25 12: Path header:undefined
10/15/2017 15:49:25 12: Path query:{"PARAM":["10/15/2017","9","000009.txt"]}
10/15/2017 15:49:25 12: BEGIN PKREQUESTMANAGER.CALLQUERY(12,'CNT0000004','abe','{HEINENS_CUSTOM_PROD}', '{10/15/2017,9,000009.txt}','{HN}', :cursor); END;
10/15/2017 15:49:32 12: 1 Object(s) returned... [FETCH]
10/15/2017 15:49:32 12: [object Object]
10/15/2017 15:49:32 13: LIBQUERY with Callback: 
10/15/2017 15:49:32 13: Path request:/api/process/
10/15/2017 15:49:32 13: Path header:undefined
10/15/2017 15:49:32 13: Path query:{"PARAM":["10/15/2017","pssti12p","10 9"]}
10/15/2017 15:49:32 13: BEGIN PKREQUESTMANAGER.CALLQUERY(13,'BTH0000001','abe','{HEINENS_CUSTOM_PROD}', '{10/15/2017,pssti12p,10 9}','{HN}', :cursor); END;
10/15/2017 15:49:32 14: LIBQUERY with Callback: 
10/15/2017 15:49:32 14: Path request:/api/counting/5/
10/15/2017 15:49:32 14: Path header:undefined
10/15/2017 15:49:32 14: Path query:{"PARAM":["10/15/2017","9","000009.txt"]}
10/15/2017 15:49:32 14: BEGIN PKREQUESTMANAGER.CALLQUERY(14,'CNT0000005','abe','{HEINENS_CUSTOM_PROD}', '{10/15/2017,9,000009.txt}','{HN}', :cursor); END;
10/15/2017 15:49:32 15: LIBQUERY with Callback: 
10/15/2017 15:49:32 15: Path request:/api/counting/6/
10/15/2017 15:49:32 15: Path header:undefined
10/15/2017 15:49:32 15: Path query:{"PARAM":["10/15/2017","9","000009.txt"]}
10/15/2017 15:49:32 15: BEGIN PKREQUESTMANAGER.CALLQUERY(15,'CNT0000006','abe','{HEINENS_CUSTOM_PROD}', '{10/15/2017,9,000009.txt}','{HN}', :cursor); END;
10/15/2017 15:49:33 15: 0 Object(s) returned... [FETCH] :)
10/15/2017 15:49:38 15: 12 Object(s) returned... [FETCH]
10/15/2017 15:49:38 15: [object Object],[object Object],[object Object],[object Object],[object Object],[object Object],[object Object],[object Object],[object Object],[object Object],[object Object],[object Object]
10/15/2017 15:49:38 15: 6 Object(s) returned... [FETCH]
10/15/2017 15:49:38 15: [object Object],[object Object],[object Object],[object Object],[object Object],[object Object]
10/15/2017 15:49:43 15: 0 Object(s) returned... [FETCH] :)
10/15/2017 15:58:18 1: LIBQUERY with Callback: 
10/15/2017 15:58:18 1: Path request:/api/authentification/
10/15/2017 15:58:18 1: Path header:undefined
10/15/2017 15:58:18 1: Path query:{}
10/15/2017 15:58:18 1: BEGIN PKREQUESTMANAGER.CALLQUERY(1,'ADM0000001','abe','{}', '{abe,abe}','{}', :cursor); END;
10/15/2017 15:58:18 1: 1 Object(s) returned... [FETCH]
10/15/2017 15:58:18 1: [object Object]
10/15/2017 15:58:18 2: LIBQUERY with Callback: 
10/15/2017 15:58:18 2: Path request:/api/user/
10/15/2017 15:58:18 2: Path header:undefined
10/15/2017 15:58:18 2: Path query:{"USER_NAME":"abe"}
10/15/2017 15:58:18 2: BEGIN PKREQUESTMANAGER.CALLQUERY(2,'CLI0000002','abe','{}', '{abe}','{}', :cursor); END;
10/15/2017 15:58:18 3: LIBQUERY with Callback: 
10/15/2017 15:58:18 3: Path request:/api/environment/
10/15/2017 15:58:18 3: Path header:undefined
10/15/2017 15:58:18 3: Path query:{"USER_NAME":"abe"}
10/15/2017 15:58:18 3: BEGIN PKREQUESTMANAGER.CALLQUERY(3,'CLI0000003','abe','{}', '{abe}','{}', :cursor); END;
10/15/2017 15:58:18 3: 1 Object(s) returned... [FETCH]
10/15/2017 15:58:18 3: [object Object]
10/15/2017 15:58:18 3: 6 Object(s) returned... [FETCH]
10/15/2017 15:58:18 3: [object Object],[object Object],[object Object],[object Object],[object Object],[object Object]
10/15/2017 15:58:19 4: LIBQUERY with Callback: 
10/15/2017 15:58:19 4: Path request:/api/labels/
10/15/2017 15:58:19 4: Path header:undefined
10/15/2017 15:58:19 4: Path query:{}
10/15/2017 15:58:19 4: BEGIN PKREQUESTMANAGER.CALLQUERY(4,'LAB0000001','abe','{undefined}', '{undefined}','{HN}', :cursor); END;
10/15/2017 15:58:19 4: 36 Object(s) returned... [FETCH]
10/15/2017 15:58:19 4: [object Object],[object Object],[object Object],[object Object],[object Object],[object Object],[object Object],[object Object],[object Object],[object Object],[object Object],[object Object],[object Object],[object Object],[object Object],[object Object],[object Object],[object Object],[object Object],[object Object],[object Object],[object Object],[object Object],[object Object],[object Object],[object Object],[object Object],[object Object],[object Object],[object Object],[object Object],[object Object],[object Object],[object Object],[object Object],[object Object]
10/15/2017 15:58:19 5: LIBQUERY with Callback: 
10/15/2017 15:58:19 5: Path request:/api/authentification/
10/15/2017 15:58:19 5: Path header:undefined
10/15/2017 15:58:19 5: Path query:{}
10/15/2017 15:58:19 5: BEGIN PKREQUESTMANAGER.CALLQUERY(5,'ADM0000001','abe','{}', '{abe,abe}','{}', :cursor); END;
10/15/2017 15:58:19 5: 1 Object(s) returned... [FETCH]
10/15/2017 15:58:19 5: [object Object]
10/15/2017 15:58:19 6: LIBQUERY with Callback: 
10/15/2017 15:58:19 6: Path request:/api/user/
10/15/2017 15:58:19 6: Path header:undefined
10/15/2017 15:58:19 6: Path query:{"USER_NAME":"abe"}
10/15/2017 15:58:19 6: BEGIN PKREQUESTMANAGER.CALLQUERY(6,'CLI0000002','abe','{}', '{abe}','{}', :cursor); END;
10/15/2017 15:58:19 7: LIBQUERY with Callback: 
10/15/2017 15:58:19 7: Path request:/api/environment/
10/15/2017 15:58:19 7: Path header:undefined
10/15/2017 15:58:19 7: Path query:{"USER_NAME":"abe"}
10/15/2017 15:58:19 7: BEGIN PKREQUESTMANAGER.CALLQUERY(7,'CLI0000003','abe','{}', '{abe}','{}', :cursor); END;
10/15/2017 15:58:19 7: 1 Object(s) returned... [FETCH]
10/15/2017 15:58:19 7: [object Object]
10/15/2017 15:58:19 7: 6 Object(s) returned... [FETCH]
10/15/2017 15:58:19 7: [object Object],[object Object],[object Object],[object Object],[object Object],[object Object]
10/15/2017 15:58:25 8: LIBQUERY with Callback: 
10/15/2017 15:58:25 8: Path request:/api/counting/2/
10/15/2017 15:58:25 8: Path header:undefined
10/15/2017 15:58:25 8: Path query:{"PARAM":"10/15/2017"}
10/15/2017 15:58:25 8: BEGIN PKREQUESTMANAGER.CALLQUERY(8,'CNT0000002','abe','{HEINENS_CUSTOM_PROD}', '{10/15/2017}','{HN}', :cursor); END;
10/15/2017 15:58:30 8: 16 Object(s) returned... [FETCH]
10/15/2017 15:58:30 8: [object Object],[object Object],[object Object],[object Object],[object Object],[object Object],[object Object],[object Object],[object Object],[object Object],[object Object],[object Object],[object Object],[object Object],[object Object],[object Object]
10/15/2017 15:58:32 9: LIBQUERY with Callback: 
10/15/2017 15:58:32 9: Path request:/api/counting/3/
10/15/2017 15:58:32 9: Path header:undefined
10/15/2017 15:58:32 9: Path query:{"PARAM":["10/15/2017","8","000008.txt"]}
10/15/2017 15:58:32 9: BEGIN PKREQUESTMANAGER.CALLQUERY(9,'CNT0000003','abe','{HEINENS_CUSTOM_PROD}', '{10/15/2017,8,000008.txt}','{HN}', :cursor); END;
10/15/2017 15:58:32 10: LIBQUERY with Callback: 
10/15/2017 15:58:32 10: Path request:/api/counting/4/
10/15/2017 15:58:32 10: Path header:undefined
10/15/2017 15:58:32 10: Path query:{"PARAM":["10/15/2017","8","000008.txt"]}
10/15/2017 15:58:32 10: BEGIN PKREQUESTMANAGER.CALLQUERY(10,'CNT0000004','abe','{HEINENS_CUSTOM_PROD}', '{10/15/2017,8,000008.txt}','{HN}', :cursor); END;
10/15/2017 15:58:37 10: 1 Object(s) returned... [FETCH]
10/15/2017 15:58:37 10: [object Object]
10/15/2017 15:58:37 11: LIBQUERY with Callback: 
10/15/2017 15:58:37 11: Path request:/api/process/
10/15/2017 15:58:37 11: Path header:undefined
10/15/2017 15:58:37 11: Path query:{"PARAM":["10/15/2017","pssti12p","10 8"]}
10/15/2017 15:58:37 11: BEGIN PKREQUESTMANAGER.CALLQUERY(11,'BTH0000001','abe','{HEINENS_CUSTOM_PROD}', '{10/15/2017,pssti12p,10 8}','{HN}', :cursor); END;
10/15/2017 15:58:37 12: LIBQUERY with Callback: 
10/15/2017 15:58:37 12: Path request:/api/counting/5/
10/15/2017 15:58:37 12: Path header:undefined
10/15/2017 15:58:37 12: Path query:{"PARAM":["10/15/2017","8","000008.txt"]}
10/15/2017 15:58:37 12: BEGIN PKREQUESTMANAGER.CALLQUERY(12,'CNT0000005','abe','{HEINENS_CUSTOM_PROD}', '{10/15/2017,8,000008.txt}','{HN}', :cursor); END;
10/15/2017 15:58:37 13: LIBQUERY with Callback: 
10/15/2017 15:58:37 13: Path request:/api/counting/6/
10/15/2017 15:58:37 13: Path header:undefined
10/15/2017 15:58:37 13: Path query:{"PARAM":["10/15/2017","8","000008.txt"]}
10/15/2017 15:58:37 13: BEGIN PKREQUESTMANAGER.CALLQUERY(13,'CNT0000006','abe','{HEINENS_CUSTOM_PROD}', '{10/15/2017,8,000008.txt}','{HN}', :cursor); END;
10/15/2017 15:58:38 13: 0 Object(s) returned... [FETCH] :)
10/15/2017 15:58:43 13: 2 Object(s) returned... [FETCH]
10/15/2017 15:58:43 13: [object Object],[object Object]
10/15/2017 15:58:44 13: 45 Object(s) returned... [FETCH]
10/15/2017 15:58:44 13: [object Object],[object Object],[object Object],[object Object],[object Object],[object Object],[object Object],[object Object],[object Object],[object Object],[object Object],[object Object],[object Object],[object Object],[object Object],[object Object],[object Object],[object Object],[object Object],[object Object],[object Object],[object Object],[object Object],[object Object],[object Object],[object Object],[object Object],[object Object],[object Object],[object Object],[object Object],[object Object],[object Object],[object Object],[object Object],[object Object],[object Object],[object Object],[object Object],[object Object],[object Object],[object Object],[object Object],[object Object],[object Object]
10/15/2017 15:58:46 13: 0 Object(s) returned... [FETCH] :)
10/15/2017 15:59:10 14: LIBQUERY with Callback: 
10/15/2017 15:59:10 14: Path request:/api/counting/3/
10/15/2017 15:59:10 14: Path header:undefined
10/15/2017 15:59:10 14: Path query:{"PARAM":["10/15/2017","11","000011.txt"]}
10/15/2017 15:59:10 14: BEGIN PKREQUESTMANAGER.CALLQUERY(14,'CNT0000003','abe','{HEINENS_CUSTOM_PROD}', '{10/15/2017,11,000011.txt}','{HN}', :cursor); END;
10/15/2017 15:59:10 15: LIBQUERY with Callback: 
10/15/2017 15:59:10 15: Path request:/api/counting/4/
10/15/2017 15:59:10 15: Path header:undefined
10/15/2017 15:59:10 15: Path query:{"PARAM":["10/15/2017","11","000011.txt"]}
10/15/2017 15:59:10 15: BEGIN PKREQUESTMANAGER.CALLQUERY(15,'CNT0000004','abe','{HEINENS_CUSTOM_PROD}', '{10/15/2017,11,000011.txt}','{HN}', :cursor); END;
10/15/2017 15:59:17 15: 1 Object(s) returned... [FETCH]
10/15/2017 15:59:17 15: [object Object]
10/15/2017 15:59:17 16: LIBQUERY with Callback: 
10/15/2017 15:59:17 16: Path request:/api/process/
10/15/2017 15:59:17 16: Path header:undefined
10/15/2017 15:59:17 16: Path query:{"PARAM":["10/15/2017","pssti12p","10 11"]}
10/15/2017 15:59:17 16: BEGIN PKREQUESTMANAGER.CALLQUERY(16,'BTH0000001','abe','{HEINENS_CUSTOM_PROD}', '{10/15/2017,pssti12p,10 11}','{HN}', :cursor); END;
10/15/2017 15:59:17 17: LIBQUERY with Callback: 
10/15/2017 15:59:17 17: Path request:/api/counting/5/
10/15/2017 15:59:17 17: Path header:undefined
10/15/2017 15:59:17 17: Path query:{"PARAM":["10/15/2017","11","000011.txt"]}
10/15/2017 15:59:17 17: BEGIN PKREQUESTMANAGER.CALLQUERY(17,'CNT0000005','abe','{HEINENS_CUSTOM_PROD}', '{10/15/2017,11,000011.txt}','{HN}', :cursor); END;
10/15/2017 15:59:17 18: LIBQUERY with Callback: 
10/15/2017 15:59:17 18: Path request:/api/counting/6/
10/15/2017 15:59:17 18: Path header:undefined
10/15/2017 15:59:17 18: Path query:{"PARAM":["10/15/2017","11","000011.txt"]}
10/15/2017 15:59:17 18: BEGIN PKREQUESTMANAGER.CALLQUERY(18,'CNT0000006','abe','{HEINENS_CUSTOM_PROD}', '{10/15/2017,11,000011.txt}','{HN}', :cursor); END;
10/15/2017 15:59:18 18: 0 Object(s) returned... [FETCH] :)
10/15/2017 15:59:22 18: 2 Object(s) returned... [FETCH]
10/15/2017 15:59:22 18: [object Object],[object Object]
10/15/2017 15:59:22 18: 81 Object(s) returned... [FETCH]
10/15/2017 15:59:22 18: [object Object],[object Object],[object Object],[object Object],[object Object],[object Object],[object Object],[object Object],[object Object],[object Object],[object Object],[object Object],[object Object],[object Object],[object Object],[object Object],[object Object],[object Object],[object Object],[object Object],[object Object],[object Object],[object Object],[object Object],[object Object],[object Object],[object Object],[object Object],[object Object],[object Object],[object Object],[object Object],[object Object],[object Object],[object Object],[object Object],[object Object],[object Object],[object Object],[object Object],[object Object],[object Object],[object Object],[object Object],[object Object],[object Object],[object Object],[object Object],[object Object],[object Object],[object Object],[object Object],[object Object],[object Object],[object Object],[object Object],[object Object],[object Object],[object Object],[object Object],[object Object],[object Object],[object Object],[object Object],[object Object],[object Object],[object Object],[object Object],[object Object],[object Object],[object Object],[object Object],[object Object],[object Object],[object Object],[object Object],[object Object],[object Object],[object Object],[object Object],[object Object]
10/15/2017 15:59:27 18: 0 Object(s) returned... [FETCH] :)
10/15/2017 15:59:52 19: LIBQUERY with Callback: 
10/15/2017 15:59:52 19: Path request:/api/counting/3/
10/15/2017 15:59:52 19: Path header:undefined
10/15/2017 15:59:52 19: Path query:{"PARAM":["10/15/2017","16","000016.txt"]}
10/15/2017 15:59:52 19: BEGIN PKREQUESTMANAGER.CALLQUERY(19,'CNT0000003','abe','{HEINENS_CUSTOM_PROD}', '{10/15/2017,16,000016.txt}','{HN}', :cursor); END;
10/15/2017 15:59:52 20: LIBQUERY with Callback: 
10/15/2017 15:59:52 20: Path request:/api/counting/4/
10/15/2017 15:59:52 20: Path header:undefined
10/15/2017 15:59:52 20: Path query:{"PARAM":["10/15/2017","16","000016.txt"]}
10/15/2017 15:59:52 20: BEGIN PKREQUESTMANAGER.CALLQUERY(20,'CNT0000004','abe','{HEINENS_CUSTOM_PROD}', '{10/15/2017,16,000016.txt}','{HN}', :cursor); END;
10/15/2017 16:0:0 20: 1 Object(s) returned... [FETCH]
10/15/2017 16:0:0 20: [object Object]
10/15/2017 16:0:0 21: LIBQUERY with Callback: 
10/15/2017 16:0:0 21: Path request:/api/process/
10/15/2017 16:0:0 21: Path header:undefined
10/15/2017 16:0:0 21: Path query:{"PARAM":["10/15/2017","pssti12p","10 16"]}
10/15/2017 16:0:0 21: BEGIN PKREQUESTMANAGER.CALLQUERY(21,'BTH0000001','abe','{HEINENS_CUSTOM_PROD}', '{10/15/2017,pssti12p,10 16}','{HN}', :cursor); END;
10/15/2017 16:0:0 22: LIBQUERY with Callback: 
10/15/2017 16:0:0 22: Path request:/api/counting/5/
10/15/2017 16:0:0 22: Path header:undefined
10/15/2017 16:0:0 22: Path query:{"PARAM":["10/15/2017","16","000016.txt"]}
10/15/2017 16:0:0 22: BEGIN PKREQUESTMANAGER.CALLQUERY(22,'CNT0000005','abe','{HEINENS_CUSTOM_PROD}', '{10/15/2017,16,000016.txt}','{HN}', :cursor); END;
10/15/2017 16:0:0 23: LIBQUERY with Callback: 
10/15/2017 16:0:0 23: Path request:/api/counting/6/
10/15/2017 16:0:0 23: Path header:undefined
10/15/2017 16:0:0 23: Path query:{"PARAM":["10/15/2017","16","000016.txt"]}
10/15/2017 16:0:0 23: BEGIN PKREQUESTMANAGER.CALLQUERY(23,'CNT0000006','abe','{HEINENS_CUSTOM_PROD}', '{10/15/2017,16,000016.txt}','{HN}', :cursor); END;
10/15/2017 16:0:0 23: 0 Object(s) returned... [FETCH] :)
10/15/2017 16:0:6 23: 2 Object(s) returned... [FETCH]
10/15/2017 16:0:6 23: [object Object],[object Object]
10/15/2017 16:0:6 23: 12 Object(s) returned... [FETCH]
10/15/2017 16:0:6 23: [object Object],[object Object],[object Object],[object Object],[object Object],[object Object],[object Object],[object Object],[object Object],[object Object],[object Object],[object Object]
10/15/2017 16:0:11 23: 0 Object(s) returned... [FETCH] :)
10/15/2017 16:0:21 24: LIBQUERY with Callback: 
10/15/2017 16:0:21 24: Path request:/api/counting/3/
10/15/2017 16:0:21 24: Path header:undefined
10/15/2017 16:0:21 24: Path query:{"PARAM":["10/15/2017","22","000022.txt"]}
10/15/2017 16:0:21 24: BEGIN PKREQUESTMANAGER.CALLQUERY(24,'CNT0000003','abe','{HEINENS_CUSTOM_PROD}', '{10/15/2017,22,000022.txt}','{HN}', :cursor); END;
10/15/2017 16:0:21 25: LIBQUERY with Callback: 
10/15/2017 16:0:21 25: Path request:/api/counting/4/
10/15/2017 16:0:21 25: Path header:undefined
10/15/2017 16:0:21 25: Path query:{"PARAM":["10/15/2017","22","000022.txt"]}
10/15/2017 16:0:21 25: BEGIN PKREQUESTMANAGER.CALLQUERY(25,'CNT0000004','abe','{HEINENS_CUSTOM_PROD}', '{10/15/2017,22,000022.txt}','{HN}', :cursor); END;
10/15/2017 16:0:27 25: 1 Object(s) returned... [FETCH]
10/15/2017 16:0:27 25: [object Object]
10/15/2017 16:0:27 26: LIBQUERY with Callback: 
10/15/2017 16:0:27 26: Path request:/api/process/
10/15/2017 16:0:27 26: Path header:undefined
10/15/2017 16:0:27 26: Path query:{"PARAM":["10/15/2017","pssti12p","10 22"]}
10/15/2017 16:0:27 26: BEGIN PKREQUESTMANAGER.CALLQUERY(26,'BTH0000001','abe','{HEINENS_CUSTOM_PROD}', '{10/15/2017,pssti12p,10 22}','{HN}', :cursor); END;
10/15/2017 16:0:27 27: LIBQUERY with Callback: 
10/15/2017 16:0:27 27: Path request:/api/counting/5/
10/15/2017 16:0:27 27: Path header:undefined
10/15/2017 16:0:27 27: Path query:{"PARAM":["10/15/2017","22","000022.txt"]}
10/15/2017 16:0:27 27: BEGIN PKREQUESTMANAGER.CALLQUERY(27,'CNT0000005','abe','{HEINENS_CUSTOM_PROD}', '{10/15/2017,22,000022.txt}','{HN}', :cursor); END;
10/15/2017 16:0:27 28: LIBQUERY with Callback: 
10/15/2017 16:0:27 28: Path request:/api/counting/6/
10/15/2017 16:0:27 28: Path header:undefined
10/15/2017 16:0:27 28: Path query:{"PARAM":["10/15/2017","22","000022.txt"]}
10/15/2017 16:0:27 28: BEGIN PKREQUESTMANAGER.CALLQUERY(28,'CNT0000006','abe','{HEINENS_CUSTOM_PROD}', '{10/15/2017,22,000022.txt}','{HN}', :cursor); END;
10/15/2017 16:0:29 28: 0 Object(s) returned... [FETCH] :)
10/15/2017 16:0:31 28: 2 Object(s) returned... [FETCH]
10/15/2017 16:0:31 28: [object Object],[object Object]
10/15/2017 16:0:32 28: 69 Object(s) returned... [FETCH]
10/15/2017 16:0:32 28: [object Object],[object Object],[object Object],[object Object],[object Object],[object Object],[object Object],[object Object],[object Object],[object Object],[object Object],[object Object],[object Object],[object Object],[object Object],[object Object],[object Object],[object Object],[object Object],[object Object],[object Object],[object Object],[object Object],[object Object],[object Object],[object Object],[object Object],[object Object],[object Object],[object Object],[object Object],[object Object],[object Object],[object Object],[object Object],[object Object],[object Object],[object Object],[object Object],[object Object],[object Object],[object Object],[object Object],[object Object],[object Object],[object Object],[object Object],[object Object],[object Object],[object Object],[object Object],[object Object],[object Object],[object Object],[object Object],[object Object],[object Object],[object Object],[object Object],[object Object],[object Object],[object Object],[object Object],[object Object],[object Object],[object Object],[object Object],[object Object],[object Object]
10/15/2017 16:0:38 28: 4 Object(s) returned... [FETCH]
10/15/2017 16:0:38 28: [object Object],[object Object],[object Object],[object Object]
10/15/2017 16:0:47 29: LIBQUERY with Callback: 
10/15/2017 16:0:47 29: Path request:/api/counting/3/
10/15/2017 16:0:47 29: Path header:undefined
10/15/2017 16:0:47 29: Path query:{"PARAM":["10/15/2017","41","000041.txt"]}
10/15/2017 16:0:47 29: BEGIN PKREQUESTMANAGER.CALLQUERY(29,'CNT0000003','abe','{HEINENS_CUSTOM_PROD}', '{10/15/2017,41,000041.txt}','{HN}', :cursor); END;
10/15/2017 16:0:47 30: LIBQUERY with Callback: 
10/15/2017 16:0:47 30: Path request:/api/counting/4/
10/15/2017 16:0:47 30: Path header:undefined
10/15/2017 16:0:47 30: Path query:{"PARAM":["10/15/2017","41","000041.txt"]}
10/15/2017 16:0:47 30: BEGIN PKREQUESTMANAGER.CALLQUERY(30,'CNT0000004','abe','{HEINENS_CUSTOM_PROD}', '{10/15/2017,41,000041.txt}','{HN}', :cursor); END;
10/15/2017 16:0:54 30: 1 Object(s) returned... [FETCH]
10/15/2017 16:0:54 30: [object Object]
10/15/2017 16:0:54 31: LIBQUERY with Callback: 
10/15/2017 16:0:54 31: Path request:/api/process/
10/15/2017 16:0:54 31: Path header:undefined
10/15/2017 16:0:54 31: Path query:{"PARAM":["10/15/2017","pssti12p","10 41"]}
10/15/2017 16:0:54 31: BEGIN PKREQUESTMANAGER.CALLQUERY(31,'BTH0000001','abe','{HEINENS_CUSTOM_PROD}', '{10/15/2017,pssti12p,10 41}','{HN}', :cursor); END;
10/15/2017 16:0:54 32: LIBQUERY with Callback: 
10/15/2017 16:0:54 32: Path request:/api/counting/5/
10/15/2017 16:0:54 32: Path header:undefined
10/15/2017 16:0:54 32: Path query:{"PARAM":["10/15/2017","41","000041.txt"]}
10/15/2017 16:0:54 32: BEGIN PKREQUESTMANAGER.CALLQUERY(32,'CNT0000005','abe','{HEINENS_CUSTOM_PROD}', '{10/15/2017,41,000041.txt}','{HN}', :cursor); END;
10/15/2017 16:0:54 33: LIBQUERY with Callback: 
10/15/2017 16:0:54 33: Path request:/api/counting/6/
10/15/2017 16:0:54 33: Path header:undefined
10/15/2017 16:0:54 33: Path query:{"PARAM":["10/15/2017","41","000041.txt"]}
10/15/2017 16:0:54 33: BEGIN PKREQUESTMANAGER.CALLQUERY(33,'CNT0000006','abe','{HEINENS_CUSTOM_PROD}', '{10/15/2017,41,000041.txt}','{HN}', :cursor); END;
10/15/2017 16:0:55 33: 0 Object(s) returned... [FETCH] :)
10/15/2017 16:1:1 33: 2 Object(s) returned... [FETCH]
10/15/2017 16:1:1 33: [object Object],[object Object]
10/15/2017 16:1:1 33: 44 Object(s) returned... [FETCH]
10/15/2017 16:1:1 33: [object Object],[object Object],[object Object],[object Object],[object Object],[object Object],[object Object],[object Object],[object Object],[object Object],[object Object],[object Object],[object Object],[object Object],[object Object],[object Object],[object Object],[object Object],[object Object],[object Object],[object Object],[object Object],[object Object],[object Object],[object Object],[object Object],[object Object],[object Object],[object Object],[object Object],[object Object],[object Object],[object Object],[object Object],[object Object],[object Object],[object Object],[object Object],[object Object],[object Object],[object Object],[object Object],[object Object],[object Object]
10/15/2017 16:1:6 33: 0 Object(s) returned... [FETCH] :)
10/15/2017 16:1:15 34: LIBQUERY with Callback: 
10/15/2017 16:1:15 34: Path request:/api/counting/3/
10/15/2017 16:1:15 34: Path header:undefined
10/15/2017 16:1:15 34: Path query:{"PARAM":["10/15/2017","42","000042.txt"]}
10/15/2017 16:1:15 34: BEGIN PKREQUESTMANAGER.CALLQUERY(34,'CNT0000003','abe','{HEINENS_CUSTOM_PROD}', '{10/15/2017,42,000042.txt}','{HN}', :cursor); END;
10/15/2017 16:1:15 35: LIBQUERY with Callback: 
10/15/2017 16:1:15 35: Path request:/api/counting/4/
10/15/2017 16:1:15 35: Path header:undefined
10/15/2017 16:1:15 35: Path query:{"PARAM":["10/15/2017","42","000042.txt"]}
10/15/2017 16:1:15 35: BEGIN PKREQUESTMANAGER.CALLQUERY(35,'CNT0000004','abe','{HEINENS_CUSTOM_PROD}', '{10/15/2017,42,000042.txt}','{HN}', :cursor); END;
10/15/2017 16:1:20 35: 1 Object(s) returned... [FETCH]
10/15/2017 16:1:20 35: [object Object]
10/15/2017 16:1:20 36: LIBQUERY with Callback: 
10/15/2017 16:1:20 36: Path request:/api/process/
10/15/2017 16:1:20 36: Path header:undefined
10/15/2017 16:1:20 36: Path query:{"PARAM":["10/15/2017","pssti12p","10 42"]}
10/15/2017 16:1:20 36: BEGIN PKREQUESTMANAGER.CALLQUERY(36,'BTH0000001','abe','{HEINENS_CUSTOM_PROD}', '{10/15/2017,pssti12p,10 42}','{HN}', :cursor); END;
10/15/2017 16:1:20 37: LIBQUERY with Callback: 
10/15/2017 16:1:20 37: Path request:/api/counting/5/
10/15/2017 16:1:20 37: Path header:undefined
10/15/2017 16:1:20 37: Path query:{"PARAM":["10/15/2017","42","000042.txt"]}
10/15/2017 16:1:20 37: BEGIN PKREQUESTMANAGER.CALLQUERY(37,'CNT0000005','abe','{HEINENS_CUSTOM_PROD}', '{10/15/2017,42,000042.txt}','{HN}', :cursor); END;
10/15/2017 16:1:20 38: LIBQUERY with Callback: 
10/15/2017 16:1:20 38: Path request:/api/counting/6/
10/15/2017 16:1:20 38: Path header:undefined
10/15/2017 16:1:20 38: Path query:{"PARAM":["10/15/2017","42","000042.txt"]}
10/15/2017 16:1:20 38: BEGIN PKREQUESTMANAGER.CALLQUERY(38,'CNT0000006','abe','{HEINENS_CUSTOM_PROD}', '{10/15/2017,42,000042.txt}','{HN}', :cursor); END;
10/15/2017 16:1:23 38: 0 Object(s) returned... [FETCH] :)
10/15/2017 16:1:26 38: 2 Object(s) returned... [FETCH]
10/15/2017 16:1:26 38: [object Object],[object Object]
10/15/2017 16:1:27 38: 27 Object(s) returned... [FETCH]
10/15/2017 16:1:27 38: [object Object],[object Object],[object Object],[object Object],[object Object],[object Object],[object Object],[object Object],[object Object],[object Object],[object Object],[object Object],[object Object],[object Object],[object Object],[object Object],[object Object],[object Object],[object Object],[object Object],[object Object],[object Object],[object Object],[object Object],[object Object],[object Object],[object Object]
10/15/2017 16:1:31 38: 0 Object(s) returned... [FETCH] :)
10/15/2017 16:1:42 39: LIBQUERY with Callback: 
10/15/2017 16:1:42 39: Path request:/api/counting/3/
10/15/2017 16:1:42 39: Path header:undefined
10/15/2017 16:1:42 39: Path query:{"PARAM":["10/15/2017","43","000043.txt"]}
10/15/2017 16:1:42 39: BEGIN PKREQUESTMANAGER.CALLQUERY(39,'CNT0000003','abe','{HEINENS_CUSTOM_PROD}', '{10/15/2017,43,000043.txt}','{HN}', :cursor); END;
10/15/2017 16:1:42 40: LIBQUERY with Callback: 
10/15/2017 16:1:42 40: Path request:/api/counting/4/
10/15/2017 16:1:42 40: Path header:undefined
10/15/2017 16:1:42 40: Path query:{"PARAM":["10/15/2017","43","000043.txt"]}
10/15/2017 16:1:42 40: BEGIN PKREQUESTMANAGER.CALLQUERY(40,'CNT0000004','abe','{HEINENS_CUSTOM_PROD}', '{10/15/2017,43,000043.txt}','{HN}', :cursor); END;
10/15/2017 16:1:48 40: 1 Object(s) returned... [FETCH]
10/15/2017 16:1:48 40: [object Object]
10/15/2017 16:1:48 41: LIBQUERY with Callback: 
10/15/2017 16:1:48 41: Path request:/api/process/
10/15/2017 16:1:48 41: Path header:undefined
10/15/2017 16:1:48 41: Path query:{"PARAM":["10/15/2017","pssti12p","10 43"]}
10/15/2017 16:1:48 41: BEGIN PKREQUESTMANAGER.CALLQUERY(41,'BTH0000001','abe','{HEINENS_CUSTOM_PROD}', '{10/15/2017,pssti12p,10 43}','{HN}', :cursor); END;
10/15/2017 16:1:48 42: LIBQUERY with Callback: 
10/15/2017 16:1:48 42: Path request:/api/counting/5/
10/15/2017 16:1:48 42: Path header:undefined
10/15/2017 16:1:48 42: Path query:{"PARAM":["10/15/2017","43","000043.txt"]}
10/15/2017 16:1:48 42: BEGIN PKREQUESTMANAGER.CALLQUERY(42,'CNT0000005','abe','{HEINENS_CUSTOM_PROD}', '{10/15/2017,43,000043.txt}','{HN}', :cursor); END;
10/15/2017 16:1:48 43: LIBQUERY with Callback: 
10/15/2017 16:1:48 43: Path request:/api/counting/6/
10/15/2017 16:1:48 43: Path header:undefined
10/15/2017 16:1:48 43: Path query:{"PARAM":["10/15/2017","43","000043.txt"]}
10/15/2017 16:1:48 43: BEGIN PKREQUESTMANAGER.CALLQUERY(43,'CNT0000006','abe','{HEINENS_CUSTOM_PROD}', '{10/15/2017,43,000043.txt}','{HN}', :cursor); END;
10/15/2017 16:1:49 43: 0 Object(s) returned... [FETCH] :)
10/15/2017 16:1:53 43: 2 Object(s) returned... [FETCH]
10/15/2017 16:1:53 43: [object Object],[object Object]
10/15/2017 16:1:54 43: 3 Object(s) returned... [FETCH]
10/15/2017 16:1:54 43: [object Object],[object Object],[object Object]
10/15/2017 16:1:59 43: 3 Object(s) returned... [FETCH]
10/15/2017 16:1:59 43: [object Object],[object Object],[object Object]
10/15/2017 17:22:30 44: LIBQUERY with Callback: 
10/15/2017 17:22:30 44: Path request:/api/counting/2/
10/15/2017 17:22:30 44: Path header:undefined
10/15/2017 17:22:30 44: Path query:{"PARAM":"10/15/2017"}
10/15/2017 17:22:30 44: BEGIN PKREQUESTMANAGER.CALLQUERY(44,'CNT0000002','abe','{HEINENS_CUSTOM_PROD}', '{10/15/2017}','{HN}', :cursor); END;
10/15/2017 17:22:36 44: 16 Object(s) returned... [FETCH]
10/15/2017 17:22:36 44: [object Object],[object Object],[object Object],[object Object],[object Object],[object Object],[object Object],[object Object],[object Object],[object Object],[object Object],[object Object],[object Object],[object Object],[object Object],[object Object]
10/15/2017 17:22:38 45: LIBQUERY with Callback: 
10/15/2017 17:22:38 45: Path request:/api/counting/3/
10/15/2017 17:22:38 45: Path header:undefined
10/15/2017 17:22:38 45: Path query:{"PARAM":["10/15/2017","8","000008.txt"]}
10/15/2017 17:22:38 45: BEGIN PKREQUESTMANAGER.CALLQUERY(45,'CNT0000003','abe','{HEINENS_CUSTOM_PROD}', '{10/15/2017,8,000008.txt}','{HN}', :cursor); END;
10/15/2017 17:22:38 46: LIBQUERY with Callback: 
10/15/2017 17:22:38 46: Path request:/api/counting/4/
10/15/2017 17:22:38 46: Path header:undefined
10/15/2017 17:22:38 46: Path query:{"PARAM":["10/15/2017","8","000008.txt"]}
10/15/2017 17:22:38 46: BEGIN PKREQUESTMANAGER.CALLQUERY(46,'CNT0000004','abe','{HEINENS_CUSTOM_PROD}', '{10/15/2017,8,000008.txt}','{HN}', :cursor); END;
10/15/2017 17:22:46 46: 2 Object(s) returned... [FETCH]
10/15/2017 17:22:46 46: [object Object],[object Object]
10/15/2017 17:22:46 47: LIBQUERY with Callback: 
10/15/2017 17:22:46 47: Path request:/api/process/
10/15/2017 17:22:46 47: Path header:undefined
10/15/2017 17:22:46 47: Path query:{"PARAM":["10/15/2017","pssti12p","10 8"]}
10/15/2017 17:22:46 47: BEGIN PKREQUESTMANAGER.CALLQUERY(47,'BTH0000001','abe','{HEINENS_CUSTOM_PROD}', '{10/15/2017,pssti12p,10 8}','{HN}', :cursor); END;
10/15/2017 17:22:46 48: LIBQUERY with Callback: 
10/15/2017 17:22:46 48: Path request:/api/counting/5/
10/15/2017 17:22:46 48: Path header:undefined
10/15/2017 17:22:46 48: Path query:{"PARAM":["10/15/2017","8","000008.txt"]}
10/15/2017 17:22:46 48: BEGIN PKREQUESTMANAGER.CALLQUERY(48,'CNT0000005','abe','{HEINENS_CUSTOM_PROD}', '{10/15/2017,8,000008.txt}','{HN}', :cursor); END;
10/15/2017 17:22:46 49: LIBQUERY with Callback: 
10/15/2017 17:22:46 49: Path request:/api/counting/6/
10/15/2017 17:22:46 49: Path header:undefined
10/15/2017 17:22:46 49: Path query:{"PARAM":["10/15/2017","8","000008.txt"]}
10/15/2017 17:22:46 49: BEGIN PKREQUESTMANAGER.CALLQUERY(49,'CNT0000006','abe','{HEINENS_CUSTOM_PROD}', '{10/15/2017,8,000008.txt}','{HN}', :cursor); END;
10/15/2017 17:22:46 49: 6 Object(s) returned... [FETCH]
10/15/2017 17:22:46 49: [object Object],[object Object],[object Object],[object Object],[object Object],[object Object]
10/15/2017 17:22:52 49: 46 Object(s) returned... [FETCH]
10/15/2017 17:22:52 49: [object Object],[object Object],[object Object],[object Object],[object Object],[object Object],[object Object],[object Object],[object Object],[object Object],[object Object],[object Object],[object Object],[object Object],[object Object],[object Object],[object Object],[object Object],[object Object],[object Object],[object Object],[object Object],[object Object],[object Object],[object Object],[object Object],[object Object],[object Object],[object Object],[object Object],[object Object],[object Object],[object Object],[object Object],[object Object],[object Object],[object Object],[object Object],[object Object],[object Object],[object Object],[object Object],[object Object],[object Object],[object Object],[object Object]
10/15/2017 17:22:53 49: 2 Object(s) returned... [FETCH]
10/15/2017 17:22:53 49: [object Object],[object Object]
10/15/2017 17:23:3 49: 19 Object(s) returned... [FETCH]
10/15/2017 17:23:3 49: [object Object],[object Object],[object Object],[object Object],[object Object],[object Object],[object Object],[object Object],[object Object],[object Object],[object Object],[object Object],[object Object],[object Object],[object Object],[object Object],[object Object],[object Object],[object Object]
10/15/2017 17:23:51 50: LIBQUERY with Callback: 
10/15/2017 17:23:51 50: Path request:/api/counting/3/
10/15/2017 17:23:51 50: Path header:undefined
10/15/2017 17:23:51 50: Path query:{"PARAM":["10/15/2017","9","000009.txt"]}
10/15/2017 17:23:51 50: BEGIN PKREQUESTMANAGER.CALLQUERY(50,'CNT0000003','abe','{HEINENS_CUSTOM_PROD}', '{10/15/2017,9,000009.txt}','{HN}', :cursor); END;
10/15/2017 17:23:51 51: LIBQUERY with Callback: 
10/15/2017 17:23:51 51: Path request:/api/counting/4/
10/15/2017 17:23:51 51: Path header:undefined
10/15/2017 17:23:51 51: Path query:{"PARAM":["10/15/2017","9","000009.txt"]}
10/15/2017 17:23:51 51: BEGIN PKREQUESTMANAGER.CALLQUERY(51,'CNT0000004','abe','{HEINENS_CUSTOM_PROD}', '{10/15/2017,9,000009.txt}','{HN}', :cursor); END;
10/15/2017 17:23:58 51: 2 Object(s) returned... [FETCH]
10/15/2017 17:23:58 51: [object Object],[object Object]
10/15/2017 17:23:58 52: LIBQUERY with Callback: 
10/15/2017 17:23:58 52: Path request:/api/process/
10/15/2017 17:23:58 52: Path header:undefined
10/15/2017 17:23:58 52: Path query:{"PARAM":["10/15/2017","pssti12p","10 9"]}
10/15/2017 17:23:58 52: BEGIN PKREQUESTMANAGER.CALLQUERY(52,'BTH0000001','abe','{HEINENS_CUSTOM_PROD}', '{10/15/2017,pssti12p,10 9}','{HN}', :cursor); END;
10/15/2017 17:23:58 53: LIBQUERY with Callback: 
10/15/2017 17:23:58 53: Path request:/api/counting/5/
10/15/2017 17:23:58 53: Path header:undefined
10/15/2017 17:23:58 53: Path query:{"PARAM":["10/15/2017","9","000009.txt"]}
10/15/2017 17:23:58 53: BEGIN PKREQUESTMANAGER.CALLQUERY(53,'CNT0000005','abe','{HEINENS_CUSTOM_PROD}', '{10/15/2017,9,000009.txt}','{HN}', :cursor); END;
10/15/2017 17:23:58 54: LIBQUERY with Callback: 
10/15/2017 17:23:58 54: Path request:/api/counting/6/
10/15/2017 17:23:58 54: Path header:undefined
10/15/2017 17:23:58 54: Path query:{"PARAM":["10/15/2017","9","000009.txt"]}
10/15/2017 17:23:58 54: BEGIN PKREQUESTMANAGER.CALLQUERY(54,'CNT0000006','abe','{HEINENS_CUSTOM_PROD}', '{10/15/2017,9,000009.txt}','{HN}', :cursor); END;
10/15/2017 17:24:1 54: 6 Object(s) returned... [FETCH]
10/15/2017 17:24:1 54: [object Object],[object Object],[object Object],[object Object],[object Object],[object Object]
10/15/2017 17:24:5 54: 12 Object(s) returned... [FETCH]
10/15/2017 17:24:5 54: [object Object],[object Object],[object Object],[object Object],[object Object],[object Object],[object Object],[object Object],[object Object],[object Object],[object Object],[object Object]
10/15/2017 17:24:6 54: 7 Object(s) returned... [FETCH]
10/15/2017 17:24:6 54: [object Object],[object Object],[object Object],[object Object],[object Object],[object Object],[object Object]
10/15/2017 17:24:11 54: 2 Object(s) returned... [FETCH]
10/15/2017 17:24:11 54: [object Object],[object Object]
10/15/2017 17:25:9 55: LIBQUERY with Callback: 
10/15/2017 17:25:9 55: Path request:/api/counting/3/
10/15/2017 17:25:9 55: Path header:undefined
10/15/2017 17:25:9 55: Path query:{"PARAM":["10/15/2017","11","000011.txt"]}
10/15/2017 17:25:9 55: BEGIN PKREQUESTMANAGER.CALLQUERY(55,'CNT0000003','abe','{HEINENS_CUSTOM_PROD}', '{10/15/2017,11,000011.txt}','{HN}', :cursor); END;
10/15/2017 17:25:9 56: LIBQUERY with Callback: 
10/15/2017 17:25:9 56: Path request:/api/counting/4/
10/15/2017 17:25:9 56: Path header:undefined
10/15/2017 17:25:9 56: Path query:{"PARAM":["10/15/2017","11","000011.txt"]}
10/15/2017 17:25:9 56: BEGIN PKREQUESTMANAGER.CALLQUERY(56,'CNT0000004','abe','{HEINENS_CUSTOM_PROD}', '{10/15/2017,11,000011.txt}','{HN}', :cursor); END;
10/15/2017 17:25:17 56: 1 Object(s) returned... [FETCH]
10/15/2017 17:25:17 56: [object Object]
10/15/2017 17:25:17 57: LIBQUERY with Callback: 
10/15/2017 17:25:17 57: Path request:/api/process/
10/15/2017 17:25:17 57: Path header:undefined
10/15/2017 17:25:17 57: Path query:{"PARAM":["10/15/2017","pssti12p","10 11"]}
10/15/2017 17:25:17 57: BEGIN PKREQUESTMANAGER.CALLQUERY(57,'BTH0000001','abe','{HEINENS_CUSTOM_PROD}', '{10/15/2017,pssti12p,10 11}','{HN}', :cursor); END;
10/15/2017 17:25:17 58: LIBQUERY with Callback: 
10/15/2017 17:25:17 58: Path request:/api/counting/5/
10/15/2017 17:25:17 58: Path header:undefined
10/15/2017 17:25:17 58: Path query:{"PARAM":["10/15/2017","11","000011.txt"]}
10/15/2017 17:25:17 58: BEGIN PKREQUESTMANAGER.CALLQUERY(58,'CNT0000005','abe','{HEINENS_CUSTOM_PROD}', '{10/15/2017,11,000011.txt}','{HN}', :cursor); END;
10/15/2017 17:25:17 59: LIBQUERY with Callback: 
10/15/2017 17:25:17 59: Path request:/api/counting/6/
10/15/2017 17:25:17 59: Path header:undefined
10/15/2017 17:25:17 59: Path query:{"PARAM":["10/15/2017","11","000011.txt"]}
10/15/2017 17:25:17 59: BEGIN PKREQUESTMANAGER.CALLQUERY(59,'CNT0000006','abe','{HEINENS_CUSTOM_PROD}', '{10/15/2017,11,000011.txt}','{HN}', :cursor); END;
10/15/2017 17:25:17 59: 6 Object(s) returned... [FETCH]
10/15/2017 17:25:17 59: [object Object],[object Object],[object Object],[object Object],[object Object],[object Object]
10/15/2017 17:25:22 59: 2 Object(s) returned... [FETCH]
10/15/2017 17:25:22 59: [object Object],[object Object]
10/15/2017 17:25:22 59: 81 Object(s) returned... [FETCH]
10/15/2017 17:25:22 59: [object Object],[object Object],[object Object],[object Object],[object Object],[object Object],[object Object],[object Object],[object Object],[object Object],[object Object],[object Object],[object Object],[object Object],[object Object],[object Object],[object Object],[object Object],[object Object],[object Object],[object Object],[object Object],[object Object],[object Object],[object Object],[object Object],[object Object],[object Object],[object Object],[object Object],[object Object],[object Object],[object Object],[object Object],[object Object],[object Object],[object Object],[object Object],[object Object],[object Object],[object Object],[object Object],[object Object],[object Object],[object Object],[object Object],[object Object],[object Object],[object Object],[object Object],[object Object],[object Object],[object Object],[object Object],[object Object],[object Object],[object Object],[object Object],[object Object],[object Object],[object Object],[object Object],[object Object],[object Object],[object Object],[object Object],[object Object],[object Object],[object Object],[object Object],[object Object],[object Object],[object Object],[object Object],[object Object],[object Object],[object Object],[object Object],[object Object],[object Object],[object Object]
10/15/2017 17:25:27 59: 0 Object(s) returned... [FETCH] :)
10/15/2017 17:25:43 60: LIBQUERY with Callback: 
10/15/2017 17:25:43 60: Path request:/api/counting/3/
10/15/2017 17:25:43 60: Path header:undefined
10/15/2017 17:25:43 60: Path query:{"PARAM":["10/15/2017","16","000016.txt"]}
10/15/2017 17:25:43 60: BEGIN PKREQUESTMANAGER.CALLQUERY(60,'CNT0000003','abe','{HEINENS_CUSTOM_PROD}', '{10/15/2017,16,000016.txt}','{HN}', :cursor); END;
10/15/2017 17:25:43 61: LIBQUERY with Callback: 
10/15/2017 17:25:43 61: Path request:/api/counting/4/
10/15/2017 17:25:43 61: Path header:undefined
10/15/2017 17:25:43 61: Path query:{"PARAM":["10/15/2017","16","000016.txt"]}
10/15/2017 17:25:43 61: BEGIN PKREQUESTMANAGER.CALLQUERY(61,'CNT0000004','abe','{HEINENS_CUSTOM_PROD}', '{10/15/2017,16,000016.txt}','{HN}', :cursor); END;
10/15/2017 17:25:51 61: 1 Object(s) returned... [FETCH]
10/15/2017 17:25:51 61: [object Object]
10/15/2017 17:25:51 62: LIBQUERY with Callback: 
10/15/2017 17:25:51 62: Path request:/api/process/
10/15/2017 17:25:51 62: Path header:undefined
10/15/2017 17:25:51 62: Path query:{"PARAM":["10/15/2017","pssti12p","10 16"]}
10/15/2017 17:25:51 62: BEGIN PKREQUESTMANAGER.CALLQUERY(62,'BTH0000001','abe','{HEINENS_CUSTOM_PROD}', '{10/15/2017,pssti12p,10 16}','{HN}', :cursor); END;
10/15/2017 17:25:51 63: LIBQUERY with Callback: 
10/15/2017 17:25:51 63: Path request:/api/counting/5/
10/15/2017 17:25:51 63: Path header:undefined
10/15/2017 17:25:51 63: Path query:{"PARAM":["10/15/2017","16","000016.txt"]}
10/15/2017 17:25:51 63: BEGIN PKREQUESTMANAGER.CALLQUERY(63,'CNT0000005','abe','{HEINENS_CUSTOM_PROD}', '{10/15/2017,16,000016.txt}','{HN}', :cursor); END;
10/15/2017 17:25:51 64: LIBQUERY with Callback: 
10/15/2017 17:25:51 64: Path request:/api/counting/6/
10/15/2017 17:25:51 64: Path header:undefined
10/15/2017 17:25:51 64: Path query:{"PARAM":["10/15/2017","16","000016.txt"]}
10/15/2017 17:25:51 64: BEGIN PKREQUESTMANAGER.CALLQUERY(64,'CNT0000006','abe','{HEINENS_CUSTOM_PROD}', '{10/15/2017,16,000016.txt}','{HN}', :cursor); END;
10/15/2017 17:25:51 61: 6 Object(s) returned... [FETCH]
10/15/2017 17:25:51 61: [object Object],[object Object],[object Object],[object Object],[object Object],[object Object]
10/15/2017 17:25:56 64: 2 Object(s) returned... [FETCH]
10/15/2017 17:25:56 64: [object Object],[object Object]
10/15/2017 17:25:57 64: 12 Object(s) returned... [FETCH]
10/15/2017 17:25:57 64: [object Object],[object Object],[object Object],[object Object],[object Object],[object Object],[object Object],[object Object],[object Object],[object Object],[object Object],[object Object]
10/15/2017 17:26:2 64: 0 Object(s) returned... [FETCH] :)
10/15/2017 17:26:28 65: LIBQUERY with Callback: 
10/15/2017 17:26:28 65: Path request:/api/counting/3/
10/15/2017 17:26:28 65: Path header:undefined
10/15/2017 17:26:28 65: Path query:{"PARAM":["10/15/2017","22","000022.txt"]}
10/15/2017 17:26:28 65: BEGIN PKREQUESTMANAGER.CALLQUERY(65,'CNT0000003','abe','{HEINENS_CUSTOM_PROD}', '{10/15/2017,22,000022.txt}','{HN}', :cursor); END;
10/15/2017 17:26:28 66: LIBQUERY with Callback: 
10/15/2017 17:26:28 66: Path request:/api/counting/4/
10/15/2017 17:26:28 66: Path header:undefined
10/15/2017 17:26:28 66: Path query:{"PARAM":["10/15/2017","22","000022.txt"]}
10/15/2017 17:26:28 66: BEGIN PKREQUESTMANAGER.CALLQUERY(66,'CNT0000004','abe','{HEINENS_CUSTOM_PROD}', '{10/15/2017,22,000022.txt}','{HN}', :cursor); END;
10/15/2017 17:26:36 66: 1 Object(s) returned... [FETCH]
10/15/2017 17:26:36 66: [object Object]
10/15/2017 17:26:36 67: LIBQUERY with Callback: 
10/15/2017 17:26:36 67: Path request:/api/process/
10/15/2017 17:26:36 67: Path header:undefined
10/15/2017 17:26:36 67: Path query:{"PARAM":["10/15/2017","pssti12p","10 22"]}
10/15/2017 17:26:36 67: BEGIN PKREQUESTMANAGER.CALLQUERY(67,'BTH0000001','abe','{HEINENS_CUSTOM_PROD}', '{10/15/2017,pssti12p,10 22}','{HN}', :cursor); END;
10/15/2017 17:26:36 68: LIBQUERY with Callback: 
10/15/2017 17:26:36 68: Path request:/api/counting/5/
10/15/2017 17:26:36 68: Path header:undefined
10/15/2017 17:26:36 68: Path query:{"PARAM":["10/15/2017","22","000022.txt"]}
10/15/2017 17:26:36 68: BEGIN PKREQUESTMANAGER.CALLQUERY(68,'CNT0000005','abe','{HEINENS_CUSTOM_PROD}', '{10/15/2017,22,000022.txt}','{HN}', :cursor); END;
10/15/2017 17:26:36 69: LIBQUERY with Callback: 
10/15/2017 17:26:36 69: Path request:/api/counting/6/
10/15/2017 17:26:36 69: Path header:undefined
10/15/2017 17:26:36 69: Path query:{"PARAM":["10/15/2017","22","000022.txt"]}
10/15/2017 17:26:36 69: BEGIN PKREQUESTMANAGER.CALLQUERY(69,'CNT0000006','abe','{HEINENS_CUSTOM_PROD}', '{10/15/2017,22,000022.txt}','{HN}', :cursor); END;
10/15/2017 17:26:37 69: 6 Object(s) returned... [FETCH]
10/15/2017 17:26:37 69: [object Object],[object Object],[object Object],[object Object],[object Object],[object Object]
10/15/2017 17:26:40 69: 2 Object(s) returned... [FETCH]
10/15/2017 17:26:40 69: [object Object],[object Object]
10/15/2017 17:26:42 69: 69 Object(s) returned... [FETCH]
10/15/2017 17:26:42 69: [object Object],[object Object],[object Object],[object Object],[object Object],[object Object],[object Object],[object Object],[object Object],[object Object],[object Object],[object Object],[object Object],[object Object],[object Object],[object Object],[object Object],[object Object],[object Object],[object Object],[object Object],[object Object],[object Object],[object Object],[object Object],[object Object],[object Object],[object Object],[object Object],[object Object],[object Object],[object Object],[object Object],[object Object],[object Object],[object Object],[object Object],[object Object],[object Object],[object Object],[object Object],[object Object],[object Object],[object Object],[object Object],[object Object],[object Object],[object Object],[object Object],[object Object],[object Object],[object Object],[object Object],[object Object],[object Object],[object Object],[object Object],[object Object],[object Object],[object Object],[object Object],[object Object],[object Object],[object Object],[object Object],[object Object],[object Object],[object Object],[object Object]
10/15/2017 17:26:47 69: 7 Object(s) returned... [FETCH]
10/15/2017 17:26:47 69: [object Object],[object Object],[object Object],[object Object],[object Object],[object Object],[object Object]
10/15/2017 17:27:7 70: LIBQUERY with Callback: 
10/15/2017 17:27:7 70: Path request:/api/counting/3/
10/15/2017 17:27:7 70: Path header:undefined
10/15/2017 17:27:7 70: Path query:{"PARAM":["10/15/2017","41","000041.txt"]}
10/15/2017 17:27:7 70: BEGIN PKREQUESTMANAGER.CALLQUERY(70,'CNT0000003','abe','{HEINENS_CUSTOM_PROD}', '{10/15/2017,41,000041.txt}','{HN}', :cursor); END;
10/15/2017 17:27:7 71: LIBQUERY with Callback: 
10/15/2017 17:27:7 71: Path request:/api/counting/4/
10/15/2017 17:27:7 71: Path header:undefined
10/15/2017 17:27:7 71: Path query:{"PARAM":["10/15/2017","41","000041.txt"]}
10/15/2017 17:27:7 71: BEGIN PKREQUESTMANAGER.CALLQUERY(71,'CNT0000004','abe','{HEINENS_CUSTOM_PROD}', '{10/15/2017,41,000041.txt}','{HN}', :cursor); END;
10/15/2017 17:27:14 71: 2 Object(s) returned... [FETCH]
10/15/2017 17:27:14 71: [object Object],[object Object]
10/15/2017 17:27:14 72: LIBQUERY with Callback: 
10/15/2017 17:27:14 72: Path request:/api/process/
10/15/2017 17:27:14 72: Path header:undefined
10/15/2017 17:27:14 72: Path query:{"PARAM":["10/15/2017","pssti12p","10 41"]}
10/15/2017 17:27:14 72: BEGIN PKREQUESTMANAGER.CALLQUERY(72,'BTH0000001','abe','{HEINENS_CUSTOM_PROD}', '{10/15/2017,pssti12p,10 41}','{HN}', :cursor); END;
10/15/2017 17:27:14 73: LIBQUERY with Callback: 
10/15/2017 17:27:14 73: Path request:/api/counting/5/
10/15/2017 17:27:14 73: Path header:undefined
10/15/2017 17:27:14 73: Path query:{"PARAM":["10/15/2017","41","000041.txt"]}
10/15/2017 17:27:14 73: BEGIN PKREQUESTMANAGER.CALLQUERY(73,'CNT0000005','abe','{HEINENS_CUSTOM_PROD}', '{10/15/2017,41,000041.txt}','{HN}', :cursor); END;
10/15/2017 17:27:14 74: LIBQUERY with Callback: 
10/15/2017 17:27:14 74: Path request:/api/counting/6/
10/15/2017 17:27:14 74: Path header:undefined
10/15/2017 17:27:14 74: Path query:{"PARAM":["10/15/2017","41","000041.txt"]}
10/15/2017 17:27:14 74: BEGIN PKREQUESTMANAGER.CALLQUERY(74,'CNT0000006','abe','{HEINENS_CUSTOM_PROD}', '{10/15/2017,41,000041.txt}','{HN}', :cursor); END;
10/15/2017 17:27:15 74: 6 Object(s) returned... [FETCH]
10/15/2017 17:27:15 74: [object Object],[object Object],[object Object],[object Object],[object Object],[object Object]
10/15/2017 17:27:19 74: 2 Object(s) returned... [FETCH]
10/15/2017 17:27:19 74: [object Object],[object Object]
10/15/2017 17:27:21 74: 45 Object(s) returned... [FETCH]
10/15/2017 17:27:21 74: [object Object],[object Object],[object Object],[object Object],[object Object],[object Object],[object Object],[object Object],[object Object],[object Object],[object Object],[object Object],[object Object],[object Object],[object Object],[object Object],[object Object],[object Object],[object Object],[object Object],[object Object],[object Object],[object Object],[object Object],[object Object],[object Object],[object Object],[object Object],[object Object],[object Object],[object Object],[object Object],[object Object],[object Object],[object Object],[object Object],[object Object],[object Object],[object Object],[object Object],[object Object],[object Object],[object Object],[object Object],[object Object]
10/15/2017 17:27:25 74: 26 Object(s) returned... [FETCH]
10/15/2017 17:27:25 74: [object Object],[object Object],[object Object],[object Object],[object Object],[object Object],[object Object],[object Object],[object Object],[object Object],[object Object],[object Object],[object Object],[object Object],[object Object],[object Object],[object Object],[object Object],[object Object],[object Object],[object Object],[object Object],[object Object],[object Object],[object Object],[object Object]
10/15/2017 17:27:53 75: LIBQUERY with Callback: 
10/15/2017 17:27:53 75: Path request:/api/counting/3/
10/15/2017 17:27:53 75: Path header:undefined
10/15/2017 17:27:53 75: Path query:{"PARAM":["10/15/2017","42","000042.txt"]}
10/15/2017 17:27:53 75: BEGIN PKREQUESTMANAGER.CALLQUERY(75,'CNT0000003','abe','{HEINENS_CUSTOM_PROD}', '{10/15/2017,42,000042.txt}','{HN}', :cursor); END;
10/15/2017 17:27:53 76: LIBQUERY with Callback: 
10/15/2017 17:27:53 76: Path request:/api/counting/4/
10/15/2017 17:27:53 76: Path header:undefined
10/15/2017 17:27:53 76: Path query:{"PARAM":["10/15/2017","42","000042.txt"]}
10/15/2017 17:27:53 76: BEGIN PKREQUESTMANAGER.CALLQUERY(76,'CNT0000004','abe','{HEINENS_CUSTOM_PROD}', '{10/15/2017,42,000042.txt}','{HN}', :cursor); END;
10/15/2017 17:28:0 76: 2 Object(s) returned... [FETCH]
10/15/2017 17:28:0 76: [object Object],[object Object]
10/15/2017 17:28:0 77: LIBQUERY with Callback: 
10/15/2017 17:28:0 77: Path request:/api/process/
10/15/2017 17:28:0 77: Path header:undefined
10/15/2017 17:28:0 77: Path query:{"PARAM":["10/15/2017","pssti12p","10 42"]}
10/15/2017 17:28:0 77: BEGIN PKREQUESTMANAGER.CALLQUERY(77,'BTH0000001','abe','{HEINENS_CUSTOM_PROD}', '{10/15/2017,pssti12p,10 42}','{HN}', :cursor); END;
10/15/2017 17:28:0 78: LIBQUERY with Callback: 
10/15/2017 17:28:0 78: Path request:/api/counting/5/
10/15/2017 17:28:0 78: Path header:undefined
10/15/2017 17:28:0 78: Path query:{"PARAM":["10/15/2017","42","000042.txt"]}
10/15/2017 17:28:0 78: BEGIN PKREQUESTMANAGER.CALLQUERY(78,'CNT0000005','abe','{HEINENS_CUSTOM_PROD}', '{10/15/2017,42,000042.txt}','{HN}', :cursor); END;
10/15/2017 17:28:0 79: LIBQUERY with Callback: 
10/15/2017 17:28:0 79: Path request:/api/counting/6/
10/15/2017 17:28:0 79: Path header:undefined
10/15/2017 17:28:0 79: Path query:{"PARAM":["10/15/2017","42","000042.txt"]}
10/15/2017 17:28:0 79: BEGIN PKREQUESTMANAGER.CALLQUERY(79,'CNT0000006','abe','{HEINENS_CUSTOM_PROD}', '{10/15/2017,42,000042.txt}','{HN}', :cursor); END;
10/15/2017 17:28:1 79: 6 Object(s) returned... [FETCH]
10/15/2017 17:28:1 79: [object Object],[object Object],[object Object],[object Object],[object Object],[object Object]
10/15/2017 17:28:5 79: 2 Object(s) returned... [FETCH]
10/15/2017 17:28:5 79: [object Object],[object Object]
10/15/2017 17:28:6 79: 50 Object(s) returned... [FETCH]
10/15/2017 17:28:6 79: [object Object],[object Object],[object Object],[object Object],[object Object],[object Object],[object Object],[object Object],[object Object],[object Object],[object Object],[object Object],[object Object],[object Object],[object Object],[object Object],[object Object],[object Object],[object Object],[object Object],[object Object],[object Object],[object Object],[object Object],[object Object],[object Object],[object Object],[object Object],[object Object],[object Object],[object Object],[object Object],[object Object],[object Object],[object Object],[object Object],[object Object],[object Object],[object Object],[object Object],[object Object],[object Object],[object Object],[object Object],[object Object],[object Object],[object Object],[object Object],[object Object],[object Object]
10/15/2017 17:28:11 79: 0 Object(s) returned... [FETCH] :)
10/15/2017 17:28:51 80: LIBQUERY with Callback: 
10/15/2017 17:28:51 80: Path request:/api/counting/3/
10/15/2017 17:28:51 80: Path header:undefined
10/15/2017 17:28:51 80: Path query:{"PARAM":["10/15/2017","43","000043.txt"]}
10/15/2017 17:28:51 80: BEGIN PKREQUESTMANAGER.CALLQUERY(80,'CNT0000003','abe','{HEINENS_CUSTOM_PROD}', '{10/15/2017,43,000043.txt}','{HN}', :cursor); END;
10/15/2017 17:28:51 81: LIBQUERY with Callback: 
10/15/2017 17:28:51 81: Path request:/api/counting/4/
10/15/2017 17:28:51 81: Path header:undefined
10/15/2017 17:28:51 81: Path query:{"PARAM":["10/15/2017","43","000043.txt"]}
10/15/2017 17:28:51 81: BEGIN PKREQUESTMANAGER.CALLQUERY(81,'CNT0000004','abe','{HEINENS_CUSTOM_PROD}', '{10/15/2017,43,000043.txt}','{HN}', :cursor); END;
10/15/2017 17:28:59 81: 1 Object(s) returned... [FETCH]
10/15/2017 17:28:59 81: [object Object]
10/15/2017 17:28:59 82: LIBQUERY with Callback: 
10/15/2017 17:28:59 82: Path request:/api/process/
10/15/2017 17:28:59 82: Path header:undefined
10/15/2017 17:28:59 82: Path query:{"PARAM":["10/15/2017","pssti12p","10 43"]}
10/15/2017 17:28:59 82: BEGIN PKREQUESTMANAGER.CALLQUERY(82,'BTH0000001','abe','{HEINENS_CUSTOM_PROD}', '{10/15/2017,pssti12p,10 43}','{HN}', :cursor); END;
10/15/2017 17:28:59 83: LIBQUERY with Callback: 
10/15/2017 17:28:59 83: Path request:/api/counting/5/
10/15/2017 17:28:59 83: Path header:undefined
10/15/2017 17:28:59 83: Path query:{"PARAM":["10/15/2017","43","000043.txt"]}
10/15/2017 17:28:59 83: BEGIN PKREQUESTMANAGER.CALLQUERY(83,'CNT0000005','abe','{HEINENS_CUSTOM_PROD}', '{10/15/2017,43,000043.txt}','{HN}', :cursor); END;
10/15/2017 17:28:59 84: LIBQUERY with Callback: 
10/15/2017 17:28:59 84: Path request:/api/counting/6/
10/15/2017 17:28:59 84: Path header:undefined
10/15/2017 17:28:59 84: Path query:{"PARAM":["10/15/2017","43","000043.txt"]}
10/15/2017 17:28:59 84: BEGIN PKREQUESTMANAGER.CALLQUERY(84,'CNT0000006','abe','{HEINENS_CUSTOM_PROD}', '{10/15/2017,43,000043.txt}','{HN}', :cursor); END;
10/15/2017 17:29:0 84: 6 Object(s) returned... [FETCH]
10/15/2017 17:29:0 84: [object Object],[object Object],[object Object],[object Object],[object Object],[object Object]
10/15/2017 17:29:4 84: 2 Object(s) returned... [FETCH]
10/15/2017 17:29:4 84: [object Object],[object Object]
10/15/2017 17:29:5 84: 3 Object(s) returned... [FETCH]
10/15/2017 17:29:5 84: [object Object],[object Object],[object Object]
10/15/2017 17:29:11 84: 3 Object(s) returned... [FETCH]
10/15/2017 17:29:11 84: [object Object],[object Object],[object Object]
10/15/2017 17:29:18 85: LIBQUERY with Callback: 
10/15/2017 17:29:18 85: Path request:/api/counting/3/
10/15/2017 17:29:18 85: Path header:undefined
10/15/2017 17:29:18 85: Path query:{"PARAM":["10/15/2017","42","000042.txt"]}
10/15/2017 17:29:18 85: BEGIN PKREQUESTMANAGER.CALLQUERY(85,'CNT0000003','abe','{HEINENS_CUSTOM_PROD}', '{10/15/2017,42,000042.txt}','{HN}', :cursor); END;
10/15/2017 17:29:18 86: LIBQUERY with Callback: 
10/15/2017 17:29:18 86: Path request:/api/counting/4/
10/15/2017 17:29:18 86: Path header:undefined
10/15/2017 17:29:18 86: Path query:{"PARAM":["10/15/2017","42","000042.txt"]}
10/15/2017 17:29:18 86: BEGIN PKREQUESTMANAGER.CALLQUERY(86,'CNT0000004','abe','{HEINENS_CUSTOM_PROD}', '{10/15/2017,42,000042.txt}','{HN}', :cursor); END;
10/15/2017 17:29:23 86: 2 Object(s) returned... [FETCH]
10/15/2017 17:29:23 86: [object Object],[object Object]
10/15/2017 17:29:23 87: LIBQUERY with Callback: 
10/15/2017 17:29:23 87: Path request:/api/process/
10/15/2017 17:29:23 87: Path header:undefined
10/15/2017 17:29:23 87: Path query:{"PARAM":["10/15/2017","pssti12p","10 42"]}
10/15/2017 17:29:23 87: BEGIN PKREQUESTMANAGER.CALLQUERY(87,'BTH0000001','abe','{HEINENS_CUSTOM_PROD}', '{10/15/2017,pssti12p,10 42}','{HN}', :cursor); END;
10/15/2017 17:29:23 88: LIBQUERY with Callback: 
10/15/2017 17:29:23 88: Path request:/api/counting/5/
10/15/2017 17:29:23 88: Path header:undefined
10/15/2017 17:29:23 88: Path query:{"PARAM":["10/15/2017","42","000042.txt"]}
10/15/2017 17:29:23 88: BEGIN PKREQUESTMANAGER.CALLQUERY(88,'CNT0000005','abe','{HEINENS_CUSTOM_PROD}', '{10/15/2017,42,000042.txt}','{HN}', :cursor); END;
10/15/2017 17:29:23 89: LIBQUERY with Callback: 
10/15/2017 17:29:23 89: Path request:/api/counting/6/
10/15/2017 17:29:23 89: Path header:undefined
10/15/2017 17:29:23 89: Path query:{"PARAM":["10/15/2017","42","000042.txt"]}
10/15/2017 17:29:23 89: BEGIN PKREQUESTMANAGER.CALLQUERY(89,'CNT0000006','abe','{HEINENS_CUSTOM_PROD}', '{10/15/2017,42,000042.txt}','{HN}', :cursor); END;
10/15/2017 17:29:24 89: 6 Object(s) returned... [FETCH]
10/15/2017 17:29:24 89: [object Object],[object Object],[object Object],[object Object],[object Object],[object Object]
10/15/2017 17:29:29 89: 2 Object(s) returned... [FETCH]
10/15/2017 17:29:29 89: [object Object],[object Object]
10/15/2017 17:29:30 89: 50 Object(s) returned... [FETCH]
10/15/2017 17:29:30 89: [object Object],[object Object],[object Object],[object Object],[object Object],[object Object],[object Object],[object Object],[object Object],[object Object],[object Object],[object Object],[object Object],[object Object],[object Object],[object Object],[object Object],[object Object],[object Object],[object Object],[object Object],[object Object],[object Object],[object Object],[object Object],[object Object],[object Object],[object Object],[object Object],[object Object],[object Object],[object Object],[object Object],[object Object],[object Object],[object Object],[object Object],[object Object],[object Object],[object Object],[object Object],[object Object],[object Object],[object Object],[object Object],[object Object],[object Object],[object Object],[object Object],[object Object]
10/15/2017 17:29:31 89: 0 Object(s) returned... [FETCH] :)
