5/12/2017 15:10:8 1: LIBQUERY with Callback: 
5/12/2017 15:10:8 1: Path request:/api/authentification/
5/12/2017 15:10:8 1: Path header:undefined
5/12/2017 15:10:8 1: Path query:{}
5/12/2017 15:10:8 1: BEGIN PKREQUESTMANAGER.CALLQUERY(1,'ADM0000001','abe','{}', '{abe,abe}','{}', :cursor); END;
5/12/2017 15:10:8 2: LIBQUERY with Callback: 
5/12/2017 15:10:8 2: Path request:/api/authentification/
5/12/2017 15:10:8 2: Path header:undefined
5/12/2017 15:10:8 2: Path query:{}
5/12/2017 15:10:8 2: BEGIN PKREQUESTMANAGER.CALLQUERY(2,'ADM0000001','abe','{}', '{abe,abe}','{}', :cursor); END;
5/12/2017 15:10:8 2: 1 Object(s) returned... [FETCH]
5/12/2017 15:10:8 2: [object Object]
5/12/2017 15:10:8 2: 1 Object(s) returned... [FETCH]
5/12/2017 15:10:8 2: [object Object]
5/12/2017 15:10:8 3: LIBQUERY with Callback: 
5/12/2017 15:10:8 3: Path request:/api/environment/
5/12/2017 15:10:8 3: Path header:undefined
5/12/2017 15:10:8 3: Path query:{"USER_NAME":"abe"}
5/12/2017 15:10:8 3: BEGIN PKREQUESTMANAGER.CALLQUERY(3,'CLI0000003','abe','{}', '{abe}','{}', :cursor); END;
5/12/2017 15:10:8 4: LIBQUERY with Callback: 
5/12/2017 15:10:8 4: Path request:/api/user/
5/12/2017 15:10:8 4: Path header:undefined
5/12/2017 15:10:8 4: Path query:{"USER_NAME":"abe"}
5/12/2017 15:10:8 4: BEGIN PKREQUESTMANAGER.CALLQUERY(4,'CLI0000002','abe','{}', '{abe}','{}', :cursor); END;
5/12/2017 15:10:8 5: LIBQUERY with Callback: 
5/12/2017 15:10:8 5: Path request:/api/labels/
5/12/2017 15:10:8 5: Path header:undefined
5/12/2017 15:10:8 5: Path query:{}
5/12/2017 15:10:8 5: BEGIN PKREQUESTMANAGER.CALLQUERY(5,'LAB0000001','abe','{undefined}', '{undefined}','{}', :cursor); END;
5/12/2017 15:10:8 5: 6 Object(s) returned... [FETCH]
5/12/2017 15:10:8 5: [object Object],[object Object],[object Object],[object Object],[object Object],[object Object]
5/12/2017 15:10:8 6: LIBQUERY with Callback: 
5/12/2017 15:10:8 6: Path request:/api/environment/
5/12/2017 15:10:8 6: Path header:undefined
5/12/2017 15:10:8 6: Path query:{"USER_NAME":"abe"}
5/12/2017 15:10:8 6: BEGIN PKREQUESTMANAGER.CALLQUERY(6,'CLI0000003','abe','{}', '{abe}','{}', :cursor); END;
5/12/2017 15:10:8 6: 1 Object(s) returned... [FETCH]
5/12/2017 15:10:8 6: [object Object]
5/12/2017 15:10:8 6: 36 Object(s) returned... [FETCH]
5/12/2017 15:10:8 6: [object Object],[object Object],[object Object],[object Object],[object Object],[object Object],[object Object],[object Object],[object Object],[object Object],[object Object],[object Object],[object Object],[object Object],[object Object],[object Object],[object Object],[object Object],[object Object],[object Object],[object Object],[object Object],[object Object],[object Object],[object Object],[object Object],[object Object],[object Object],[object Object],[object Object],[object Object],[object Object],[object Object],[object Object],[object Object],[object Object]
5/12/2017 15:10:8 7: LIBQUERY with Callback: 
5/12/2017 15:10:8 7: Path request:/api/user/
5/12/2017 15:10:8 7: Path header:undefined
5/12/2017 15:10:8 7: Path query:{"USER_NAME":"abe"}
5/12/2017 15:10:8 7: BEGIN PKREQUESTMANAGER.CALLQUERY(7,'CLI0000002','abe','{}', '{abe}','{}', :cursor); END;
5/12/2017 15:10:8 8: LIBQUERY with Callback: 
5/12/2017 15:10:8 8: Path request:/api/labels/
5/12/2017 15:10:8 8: Path header:undefined
5/12/2017 15:10:8 8: Path query:{}
5/12/2017 15:10:8 8: BEGIN PKREQUESTMANAGER.CALLQUERY(8,'LAB0000001','abe','{undefined}', '{undefined}','{}', :cursor); END;
5/12/2017 15:10:8 8: 6 Object(s) returned... [FETCH]
5/12/2017 15:10:8 8: [object Object],[object Object],[object Object],[object Object],[object Object],[object Object]
5/12/2017 15:10:9 8: 1 Object(s) returned... [FETCH]
5/12/2017 15:10:9 8: [object Object]
5/12/2017 15:10:9 8: 36 Object(s) returned... [FETCH]
5/12/2017 15:10:9 8: [object Object],[object Object],[object Object],[object Object],[object Object],[object Object],[object Object],[object Object],[object Object],[object Object],[object Object],[object Object],[object Object],[object Object],[object Object],[object Object],[object Object],[object Object],[object Object],[object Object],[object Object],[object Object],[object Object],[object Object],[object Object],[object Object],[object Object],[object Object],[object Object],[object Object],[object Object],[object Object],[object Object],[object Object],[object Object],[object Object]
5/12/2017 15:10:9 9: LIBQUERY with Callback: 
5/12/2017 15:10:9 9: Path request:/api/labels/
5/12/2017 15:10:9 9: Path header:undefined
5/12/2017 15:10:9 9: Path query:{}
5/12/2017 15:10:9 9: BEGIN PKREQUESTMANAGER.CALLQUERY(9,'LAB0000001','abe','{undefined}', '{undefined}','{HN}', :cursor); END;
5/12/2017 15:10:9 9: 36 Object(s) returned... [FETCH]
5/12/2017 15:10:9 9: [object Object],[object Object],[object Object],[object Object],[object Object],[object Object],[object Object],[object Object],[object Object],[object Object],[object Object],[object Object],[object Object],[object Object],[object Object],[object Object],[object Object],[object Object],[object Object],[object Object],[object Object],[object Object],[object Object],[object Object],[object Object],[object Object],[object Object],[object Object],[object Object],[object Object],[object Object],[object Object],[object Object],[object Object],[object Object],[object Object]
5/12/2017 15:14:0 10: LIBQUERY with Callback: 
5/12/2017 15:14:0 10: Path request:/api/authentification/
5/12/2017 15:14:0 10: Path header:undefined
5/12/2017 15:14:0 10: Path query:{}
5/12/2017 15:14:0 10: BEGIN PKREQUESTMANAGER.CALLQUERY(10,'ADM0000001','abe','{}', '{abe,abe}','{}', :cursor); END;
5/12/2017 15:14:0 11: LIBQUERY with Callback: 
5/12/2017 15:14:0 11: Path request:/api/authentification/
5/12/2017 15:14:0 11: Path header:undefined
5/12/2017 15:14:0 11: Path query:{}
5/12/2017 15:14:0 11: BEGIN PKREQUESTMANAGER.CALLQUERY(11,'ADM0000001','abe','{}', '{abe,abe}','{}', :cursor); END;
5/12/2017 15:14:0 11: 1 Object(s) returned... [FETCH]
5/12/2017 15:14:0 11: [object Object]
5/12/2017 15:14:0 12: LIBQUERY with Callback: 
5/12/2017 15:14:0 12: Path request:/api/user/
5/12/2017 15:14:0 12: Path header:undefined
5/12/2017 15:14:0 12: Path query:{"USER_NAME":"abe"}
5/12/2017 15:14:0 12: BEGIN PKREQUESTMANAGER.CALLQUERY(12,'CLI0000002','abe','{}', '{abe}','{}', :cursor); END;
5/12/2017 15:14:0 13: LIBQUERY with Callback: 
5/12/2017 15:14:0 13: Path request:/api/environment/
5/12/2017 15:14:0 13: Path header:undefined
5/12/2017 15:14:0 13: Path query:{"USER_NAME":"abe"}
5/12/2017 15:14:0 13: BEGIN PKREQUESTMANAGER.CALLQUERY(13,'CLI0000003','abe','{}', '{abe}','{}', :cursor); END;
5/12/2017 15:14:0 12: 1 Object(s) returned... [FETCH]
5/12/2017 15:14:0 12: [object Object]
5/12/2017 15:14:0 14: LIBQUERY with Callback: 
5/12/2017 15:14:0 14: Path request:/api/labels/
5/12/2017 15:14:0 14: Path header:undefined
5/12/2017 15:14:0 14: Path query:{}
5/12/2017 15:14:0 14: BEGIN PKREQUESTMANAGER.CALLQUERY(14,'LAB0000001','abe','{undefined}', '{undefined}','{}', :cursor); END;
5/12/2017 15:14:0 14: 1 Object(s) returned... [FETCH]
5/12/2017 15:14:0 14: [object Object]
5/12/2017 15:14:0 15: LIBQUERY with Callback: 
5/12/2017 15:14:0 15: Path request:/api/user/
5/12/2017 15:14:0 15: Path header:undefined
5/12/2017 15:14:0 15: Path query:{"USER_NAME":"abe"}
5/12/2017 15:14:0 15: BEGIN PKREQUESTMANAGER.CALLQUERY(15,'CLI0000002','abe','{}', '{abe}','{}', :cursor); END;
5/12/2017 15:14:0 15: 6 Object(s) returned... [FETCH]
5/12/2017 15:14:0 15: [object Object],[object Object],[object Object],[object Object],[object Object],[object Object]
5/12/2017 15:14:0 16: LIBQUERY with Callback: 
5/12/2017 15:14:0 16: Path request:/api/environment/
5/12/2017 15:14:0 16: Path header:undefined
5/12/2017 15:14:0 16: Path query:{"USER_NAME":"abe"}
5/12/2017 15:14:0 16: BEGIN PKREQUESTMANAGER.CALLQUERY(16,'CLI0000003','abe','{}', '{abe}','{}', :cursor); END;
5/12/2017 15:14:0 16: 1 Object(s) returned... [FETCH]
5/12/2017 15:14:0 16: [object Object]
5/12/2017 15:14:0 16: 36 Object(s) returned... [FETCH]
5/12/2017 15:14:0 16: [object Object],[object Object],[object Object],[object Object],[object Object],[object Object],[object Object],[object Object],[object Object],[object Object],[object Object],[object Object],[object Object],[object Object],[object Object],[object Object],[object Object],[object Object],[object Object],[object Object],[object Object],[object Object],[object Object],[object Object],[object Object],[object Object],[object Object],[object Object],[object Object],[object Object],[object Object],[object Object],[object Object],[object Object],[object Object],[object Object]
5/12/2017 15:14:0 17: LIBQUERY with Callback: 
5/12/2017 15:14:0 17: Path request:/api/labels/
5/12/2017 15:14:0 17: Path header:undefined
5/12/2017 15:14:0 17: Path query:{}
5/12/2017 15:14:0 17: BEGIN PKREQUESTMANAGER.CALLQUERY(17,'LAB0000001','abe','{undefined}', '{undefined}','{}', :cursor); END;
5/12/2017 15:14:0 17: 6 Object(s) returned... [FETCH]
5/12/2017 15:14:0 17: [object Object],[object Object],[object Object],[object Object],[object Object],[object Object]
5/12/2017 15:14:0 17: 36 Object(s) returned... [FETCH]
5/12/2017 15:14:0 17: [object Object],[object Object],[object Object],[object Object],[object Object],[object Object],[object Object],[object Object],[object Object],[object Object],[object Object],[object Object],[object Object],[object Object],[object Object],[object Object],[object Object],[object Object],[object Object],[object Object],[object Object],[object Object],[object Object],[object Object],[object Object],[object Object],[object Object],[object Object],[object Object],[object Object],[object Object],[object Object],[object Object],[object Object],[object Object],[object Object]
5/12/2017 15:14:0 18: LIBQUERY with Callback: 
5/12/2017 15:14:0 18: Path request:/api/labels/
5/12/2017 15:14:0 18: Path header:undefined
5/12/2017 15:14:0 18: Path query:{}
5/12/2017 15:14:0 18: BEGIN PKREQUESTMANAGER.CALLQUERY(18,'LAB0000001','abe','{undefined}', '{undefined}','{}', :cursor); END;
5/12/2017 15:14:0 18: 36 Object(s) returned... [FETCH]
5/12/2017 15:14:0 18: [object Object],[object Object],[object Object],[object Object],[object Object],[object Object],[object Object],[object Object],[object Object],[object Object],[object Object],[object Object],[object Object],[object Object],[object Object],[object Object],[object Object],[object Object],[object Object],[object Object],[object Object],[object Object],[object Object],[object Object],[object Object],[object Object],[object Object],[object Object],[object Object],[object Object],[object Object],[object Object],[object Object],[object Object],[object Object],[object Object]
5/12/2017 15:15:9 19: LIBQUERY with Callback: 
5/12/2017 15:15:9 19: Path request:/api/authentification/
5/12/2017 15:15:9 19: Path header:undefined
5/12/2017 15:15:9 19: Path query:{}
5/12/2017 15:15:9 19: BEGIN PKREQUESTMANAGER.CALLQUERY(19,'ADM0000001','abe','{}', '{abe,abe}','{}', :cursor); END;
5/12/2017 15:15:9 20: LIBQUERY with Callback: 
5/12/2017 15:15:9 20: Path request:/api/authentification/
5/12/2017 15:15:9 20: Path header:undefined
5/12/2017 15:15:9 20: Path query:{}
5/12/2017 15:15:9 20: BEGIN PKREQUESTMANAGER.CALLQUERY(20,'ADM0000001','abe','{}', '{abe,abe}','{}', :cursor); END;
5/12/2017 15:15:9 20: 1 Object(s) returned... [FETCH]
5/12/2017 15:15:9 20: [object Object]
5/12/2017 15:15:9 20: 1 Object(s) returned... [FETCH]
5/12/2017 15:15:9 20: [object Object]
5/12/2017 15:15:9 21: LIBQUERY with Callback: 
5/12/2017 15:15:9 21: Path request:/api/user/
5/12/2017 15:15:9 21: Path header:undefined
5/12/2017 15:15:9 21: Path query:{"USER_NAME":"abe"}
5/12/2017 15:15:9 21: BEGIN PKREQUESTMANAGER.CALLQUERY(21,'CLI0000002','abe','{}', '{abe}','{}', :cursor); END;
5/12/2017 15:15:9 22: LIBQUERY with Callback: 
5/12/2017 15:15:9 22: Path request:/api/environment/
5/12/2017 15:15:9 22: Path header:undefined
5/12/2017 15:15:9 22: Path query:{"USER_NAME":"abe"}
5/12/2017 15:15:9 22: BEGIN PKREQUESTMANAGER.CALLQUERY(22,'CLI0000003','abe','{}', '{abe}','{}', :cursor); END;
5/12/2017 15:15:9 23: LIBQUERY with Callback: 
5/12/2017 15:15:9 23: Path request:/api/labels/
5/12/2017 15:15:9 23: Path header:undefined
5/12/2017 15:15:9 23: Path query:{}
5/12/2017 15:15:9 23: BEGIN PKREQUESTMANAGER.CALLQUERY(23,'LAB0000001','abe','{undefined}', '{undefined}','{}', :cursor); END;
5/12/2017 15:15:9 23: 1 Object(s) returned... [FETCH]
5/12/2017 15:15:9 23: [object Object]
5/12/2017 15:15:9 24: LIBQUERY with Callback: 
5/12/2017 15:15:9 24: Path request:/api/user/
5/12/2017 15:15:9 24: Path header:undefined
5/12/2017 15:15:9 24: Path query:{"USER_NAME":"abe"}
5/12/2017 15:15:9 24: BEGIN PKREQUESTMANAGER.CALLQUERY(24,'CLI0000002','abe','{}', '{abe}','{}', :cursor); END;
5/12/2017 15:15:9 24: 6 Object(s) returned... [FETCH]
5/12/2017 15:15:9 24: [object Object],[object Object],[object Object],[object Object],[object Object],[object Object]
5/12/2017 15:15:9 25: LIBQUERY with Callback: 
5/12/2017 15:15:9 25: Path request:/api/environment/
5/12/2017 15:15:9 25: Path header:undefined
5/12/2017 15:15:9 25: Path query:{"USER_NAME":"abe"}
5/12/2017 15:15:9 25: BEGIN PKREQUESTMANAGER.CALLQUERY(25,'CLI0000003','abe','{}', '{abe}','{}', :cursor); END;
5/12/2017 15:15:9 25: 36 Object(s) returned... [FETCH]
5/12/2017 15:15:9 25: [object Object],[object Object],[object Object],[object Object],[object Object],[object Object],[object Object],[object Object],[object Object],[object Object],[object Object],[object Object],[object Object],[object Object],[object Object],[object Object],[object Object],[object Object],[object Object],[object Object],[object Object],[object Object],[object Object],[object Object],[object Object],[object Object],[object Object],[object Object],[object Object],[object Object],[object Object],[object Object],[object Object],[object Object],[object Object],[object Object]
5/12/2017 15:15:9 26: LIBQUERY with Callback: 
5/12/2017 15:15:9 26: Path request:/api/labels/
5/12/2017 15:15:9 26: Path header:undefined
5/12/2017 15:15:9 26: Path query:{}
5/12/2017 15:15:9 26: BEGIN PKREQUESTMANAGER.CALLQUERY(26,'LAB0000001','abe','{undefined}', '{undefined}','{}', :cursor); END;
5/12/2017 15:15:9 26: 1 Object(s) returned... [FETCH]
5/12/2017 15:15:9 26: [object Object]
5/12/2017 15:15:9 26: 6 Object(s) returned... [FETCH]
5/12/2017 15:15:9 26: [object Object],[object Object],[object Object],[object Object],[object Object],[object Object]
5/12/2017 15:15:9 26: 36 Object(s) returned... [FETCH]
5/12/2017 15:15:9 26: [object Object],[object Object],[object Object],[object Object],[object Object],[object Object],[object Object],[object Object],[object Object],[object Object],[object Object],[object Object],[object Object],[object Object],[object Object],[object Object],[object Object],[object Object],[object Object],[object Object],[object Object],[object Object],[object Object],[object Object],[object Object],[object Object],[object Object],[object Object],[object Object],[object Object],[object Object],[object Object],[object Object],[object Object],[object Object],[object Object]
5/12/2017 15:15:9 27: LIBQUERY with Callback: 
5/12/2017 15:15:9 27: Path request:/api/labels/
5/12/2017 15:15:9 27: Path header:undefined
5/12/2017 15:15:9 27: Path query:{}
5/12/2017 15:15:9 27: BEGIN PKREQUESTMANAGER.CALLQUERY(27,'LAB0000001','abe','{undefined}', '{undefined}','{}', :cursor); END;
5/12/2017 15:15:9 27: 36 Object(s) returned... [FETCH]
5/12/2017 15:15:9 27: [object Object],[object Object],[object Object],[object Object],[object Object],[object Object],[object Object],[object Object],[object Object],[object Object],[object Object],[object Object],[object Object],[object Object],[object Object],[object Object],[object Object],[object Object],[object Object],[object Object],[object Object],[object Object],[object Object],[object Object],[object Object],[object Object],[object Object],[object Object],[object Object],[object Object],[object Object],[object Object],[object Object],[object Object],[object Object],[object Object]
5/12/2017 15:15:50 28: LIBQUERY with Callback: 
5/12/2017 15:15:50 28: Path request:/api/authentification/
5/12/2017 15:15:50 28: Path header:undefined
5/12/2017 15:15:50 28: Path query:{}
5/12/2017 15:15:50 28: BEGIN PKREQUESTMANAGER.CALLQUERY(28,'ADM0000001','abe','{}', '{abe,abe}','{}', :cursor); END;
5/12/2017 15:15:50 29: LIBQUERY with Callback: 
5/12/2017 15:15:50 29: Path request:/api/authentification/
5/12/2017 15:15:50 29: Path header:undefined
5/12/2017 15:15:50 29: Path query:{}
5/12/2017 15:15:50 29: BEGIN PKREQUESTMANAGER.CALLQUERY(29,'ADM0000001','abe','{}', '{abe,abe}','{}', :cursor); END;
5/12/2017 15:15:50 29: 1 Object(s) returned... [FETCH]
5/12/2017 15:15:50 29: [object Object]
5/12/2017 15:15:50 30: LIBQUERY with Callback: 
5/12/2017 15:15:50 30: Path request:/api/user/
5/12/2017 15:15:50 30: Path header:undefined
5/12/2017 15:15:50 30: Path query:{"USER_NAME":"abe"}
5/12/2017 15:15:50 30: BEGIN PKREQUESTMANAGER.CALLQUERY(30,'CLI0000002','abe','{}', '{abe}','{}', :cursor); END;
5/12/2017 15:15:50 31: LIBQUERY with Callback: 
5/12/2017 15:15:50 31: Path request:/api/environment/
5/12/2017 15:15:50 31: Path header:undefined
5/12/2017 15:15:50 31: Path query:{"USER_NAME":"abe"}
5/12/2017 15:15:50 31: BEGIN PKREQUESTMANAGER.CALLQUERY(31,'CLI0000003','abe','{}', '{abe}','{}', :cursor); END;
5/12/2017 15:15:50 32: LIBQUERY with Callback: 
5/12/2017 15:15:50 32: Path request:/api/labels/
5/12/2017 15:15:50 32: Path header:undefined
5/12/2017 15:15:50 32: Path query:{}
5/12/2017 15:15:50 32: BEGIN PKREQUESTMANAGER.CALLQUERY(32,'LAB0000001','abe','{undefined}', '{undefined}','{}', :cursor); END;
5/12/2017 15:15:50 31: 1 Object(s) returned... [FETCH]
5/12/2017 15:15:50 31: [object Object]
5/12/2017 15:15:50 32: 1 Object(s) returned... [FETCH]
5/12/2017 15:15:50 32: [object Object]
5/12/2017 15:15:50 33: LIBQUERY with Callback: 
5/12/2017 15:15:50 33: Path request:/api/user/
5/12/2017 15:15:50 33: Path header:undefined
5/12/2017 15:15:50 33: Path query:{"USER_NAME":"abe"}
5/12/2017 15:15:50 33: BEGIN PKREQUESTMANAGER.CALLQUERY(33,'CLI0000002','abe','{}', '{abe}','{}', :cursor); END;
5/12/2017 15:15:50 33: 6 Object(s) returned... [FETCH]
5/12/2017 15:15:50 33: [object Object],[object Object],[object Object],[object Object],[object Object],[object Object]
5/12/2017 15:15:50 34: LIBQUERY with Callback: 
5/12/2017 15:15:50 34: Path request:/api/environment/
5/12/2017 15:15:50 34: Path header:undefined
5/12/2017 15:15:50 34: Path query:{"USER_NAME":"abe"}
5/12/2017 15:15:50 34: BEGIN PKREQUESTMANAGER.CALLQUERY(34,'CLI0000003','abe','{}', '{abe}','{}', :cursor); END;
5/12/2017 15:15:50 34: 36 Object(s) returned... [FETCH]
5/12/2017 15:15:50 34: [object Object],[object Object],[object Object],[object Object],[object Object],[object Object],[object Object],[object Object],[object Object],[object Object],[object Object],[object Object],[object Object],[object Object],[object Object],[object Object],[object Object],[object Object],[object Object],[object Object],[object Object],[object Object],[object Object],[object Object],[object Object],[object Object],[object Object],[object Object],[object Object],[object Object],[object Object],[object Object],[object Object],[object Object],[object Object],[object Object]
5/12/2017 15:15:50 35: LIBQUERY with Callback: 
5/12/2017 15:15:50 35: Path request:/api/labels/
5/12/2017 15:15:50 35: Path header:undefined
5/12/2017 15:15:50 35: Path query:{}
5/12/2017 15:15:50 35: BEGIN PKREQUESTMANAGER.CALLQUERY(35,'LAB0000001','abe','{undefined}', '{undefined}','{}', :cursor); END;
5/12/2017 15:15:50 35: 1 Object(s) returned... [FETCH]
5/12/2017 15:15:50 35: [object Object]
5/12/2017 15:15:50 35: 6 Object(s) returned... [FETCH]
5/12/2017 15:15:50 35: [object Object],[object Object],[object Object],[object Object],[object Object],[object Object]
5/12/2017 15:15:50 35: 36 Object(s) returned... [FETCH]
5/12/2017 15:15:50 35: [object Object],[object Object],[object Object],[object Object],[object Object],[object Object],[object Object],[object Object],[object Object],[object Object],[object Object],[object Object],[object Object],[object Object],[object Object],[object Object],[object Object],[object Object],[object Object],[object Object],[object Object],[object Object],[object Object],[object Object],[object Object],[object Object],[object Object],[object Object],[object Object],[object Object],[object Object],[object Object],[object Object],[object Object],[object Object],[object Object]
5/12/2017 15:15:50 36: LIBQUERY with Callback: 
5/12/2017 15:15:50 36: Path request:/api/labels/
5/12/2017 15:15:50 36: Path header:undefined
5/12/2017 15:15:50 36: Path query:{}
5/12/2017 15:15:50 36: BEGIN PKREQUESTMANAGER.CALLQUERY(36,'LAB0000001','abe','{undefined}', '{undefined}','{HN}', :cursor); END;
5/12/2017 15:15:50 36: 36 Object(s) returned... [FETCH]
5/12/2017 15:15:50 36: [object Object],[object Object],[object Object],[object Object],[object Object],[object Object],[object Object],[object Object],[object Object],[object Object],[object Object],[object Object],[object Object],[object Object],[object Object],[object Object],[object Object],[object Object],[object Object],[object Object],[object Object],[object Object],[object Object],[object Object],[object Object],[object Object],[object Object],[object Object],[object Object],[object Object],[object Object],[object Object],[object Object],[object Object],[object Object],[object Object]
5/12/2017 15:18:10 37: LIBQUERY with Callback: 
5/12/2017 15:18:10 37: Path request:/api/authentification/
5/12/2017 15:18:10 37: Path header:undefined
5/12/2017 15:18:10 37: Path query:{}
5/12/2017 15:18:10 37: BEGIN PKREQUESTMANAGER.CALLQUERY(37,'ADM0000001','abe','{}', '{abe,abe}','{}', :cursor); END;
5/12/2017 15:18:10 38: LIBQUERY with Callback: 
5/12/2017 15:18:10 38: Path request:/api/authentification/
5/12/2017 15:18:10 38: Path header:undefined
5/12/2017 15:18:10 38: Path query:{}
5/12/2017 15:18:10 38: BEGIN PKREQUESTMANAGER.CALLQUERY(38,'ADM0000001','abe','{}', '{abe,abe}','{}', :cursor); END;
5/12/2017 15:18:10 38: 1 Object(s) returned... [FETCH]
5/12/2017 15:18:10 38: [object Object]
5/12/2017 15:18:10 39: LIBQUERY with Callback: 
5/12/2017 15:18:10 39: Path request:/api/user/
5/12/2017 15:18:10 39: Path header:undefined
5/12/2017 15:18:10 39: Path query:{"USER_NAME":"abe"}
5/12/2017 15:18:10 39: BEGIN PKREQUESTMANAGER.CALLQUERY(39,'CLI0000002','abe','{}', '{abe}','{}', :cursor); END;
5/12/2017 15:18:10 38: 1 Object(s) returned... [FETCH]
5/12/2017 15:18:10 38: [object Object]
5/12/2017 15:18:10 40: LIBQUERY with Callback: 
5/12/2017 15:18:10 40: Path request:/api/environment/
5/12/2017 15:18:10 40: Path header:undefined
5/12/2017 15:18:10 40: Path query:{"USER_NAME":"abe"}
5/12/2017 15:18:10 40: BEGIN PKREQUESTMANAGER.CALLQUERY(40,'CLI0000003','abe','{}', '{abe}','{}', :cursor); END;
5/12/2017 15:18:10 41: LIBQUERY with Callback: 
5/12/2017 15:18:10 41: Path request:/api/labels/
5/12/2017 15:18:10 41: Path header:undefined
5/12/2017 15:18:10 41: Path query:{}
5/12/2017 15:18:10 41: BEGIN PKREQUESTMANAGER.CALLQUERY(41,'LAB0000001','abe','{undefined}', '{undefined}','{}', :cursor); END;
5/12/2017 15:18:10 41: 1 Object(s) returned... [FETCH]
5/12/2017 15:18:10 41: [object Object]
5/12/2017 15:18:10 42: LIBQUERY with Callback: 
5/12/2017 15:18:10 42: Path request:/api/user/
5/12/2017 15:18:10 42: Path header:undefined
5/12/2017 15:18:10 42: Path query:{"USER_NAME":"abe"}
5/12/2017 15:18:10 42: BEGIN PKREQUESTMANAGER.CALLQUERY(42,'CLI0000002','abe','{}', '{abe}','{}', :cursor); END;
5/12/2017 15:18:10 42: 6 Object(s) returned... [FETCH]
5/12/2017 15:18:10 42: [object Object],[object Object],[object Object],[object Object],[object Object],[object Object]
5/12/2017 15:18:10 42: 36 Object(s) returned... [FETCH]
5/12/2017 15:18:10 42: [object Object],[object Object],[object Object],[object Object],[object Object],[object Object],[object Object],[object Object],[object Object],[object Object],[object Object],[object Object],[object Object],[object Object],[object Object],[object Object],[object Object],[object Object],[object Object],[object Object],[object Object],[object Object],[object Object],[object Object],[object Object],[object Object],[object Object],[object Object],[object Object],[object Object],[object Object],[object Object],[object Object],[object Object],[object Object],[object Object]
5/12/2017 15:18:10 43: LIBQUERY with Callback: 
5/12/2017 15:18:10 43: Path request:/api/environment/
5/12/2017 15:18:10 43: Path header:undefined
5/12/2017 15:18:10 43: Path query:{"USER_NAME":"abe"}
5/12/2017 15:18:10 43: BEGIN PKREQUESTMANAGER.CALLQUERY(43,'CLI0000003','abe','{}', '{abe}','{}', :cursor); END;
5/12/2017 15:18:10 44: LIBQUERY with Callback: 
5/12/2017 15:18:10 44: Path request:/api/labels/
5/12/2017 15:18:10 44: Path header:undefined
5/12/2017 15:18:10 44: Path query:{}
5/12/2017 15:18:10 44: BEGIN PKREQUESTMANAGER.CALLQUERY(44,'LAB0000001','abe','{undefined}', '{undefined}','{}', :cursor); END;
5/12/2017 15:18:10 44: 1 Object(s) returned... [FETCH]
5/12/2017 15:18:10 44: [object Object]
5/12/2017 15:18:10 44: 6 Object(s) returned... [FETCH]
5/12/2017 15:18:10 44: [object Object],[object Object],[object Object],[object Object],[object Object],[object Object]
5/12/2017 15:18:10 44: 36 Object(s) returned... [FETCH]
5/12/2017 15:18:10 44: [object Object],[object Object],[object Object],[object Object],[object Object],[object Object],[object Object],[object Object],[object Object],[object Object],[object Object],[object Object],[object Object],[object Object],[object Object],[object Object],[object Object],[object Object],[object Object],[object Object],[object Object],[object Object],[object Object],[object Object],[object Object],[object Object],[object Object],[object Object],[object Object],[object Object],[object Object],[object Object],[object Object],[object Object],[object Object],[object Object]
5/12/2017 15:18:10 45: LIBQUERY with Callback: 
5/12/2017 15:18:10 45: Path request:/api/labels/
5/12/2017 15:18:10 45: Path header:undefined
5/12/2017 15:18:10 45: Path query:{}
5/12/2017 15:18:10 45: BEGIN PKREQUESTMANAGER.CALLQUERY(45,'LAB0000001','abe','{undefined}', '{undefined}','{HN}', :cursor); END;
5/12/2017 15:18:10 45: 36 Object(s) returned... [FETCH]
5/12/2017 15:18:10 45: [object Object],[object Object],[object Object],[object Object],[object Object],[object Object],[object Object],[object Object],[object Object],[object Object],[object Object],[object Object],[object Object],[object Object],[object Object],[object Object],[object Object],[object Object],[object Object],[object Object],[object Object],[object Object],[object Object],[object Object],[object Object],[object Object],[object Object],[object Object],[object Object],[object Object],[object Object],[object Object],[object Object],[object Object],[object Object],[object Object]
