2/4/2026 16:0:7 [alert] alert: "Worksheet added RESULT1 "
2/4/2026 16:0:7 [alert] alert: "Error setPrintArea \"Unexpected token l in JSON at position 2\""
2/4/2026 16:0:7 [alert] alert: "ws.pageSetup : {\"margins\":{\"left\":0.7,\"right\":0.7,\"top\":0.75,\"bottom\":0.75,\"header\":0.3,\"footer\":0.3},\"orientation\":\"landscape\",\"horizontalDpi\":4294967295,\"verticalDpi\":4294967295,\"fitToPage\":true,\"pageOrder\":\"downThenOver\",\"blackAndWhite\":false,\"draft\":false,\"cellComments\":\"None\",\"errors\":\"displayed\",\"scale\":100,\"fitToWidth\":1,\"fitToHeight\":10,\"showRowColHeaders\":false,\"showGridLines\":false,\"horizontalCentered\":false,\"verticalCentered\":false,\"rowBreaks\":null,\"colBreaks\":null,\"printTitlesRow\":\"1:5\"}"
2/4/2026 16:0:7 [alert] alert: "[JSON2XLS COMPLETE] REQ_1770238800733_k0wkuowxt | 0 rows in 0.00s"
2/4/2026 16:0:7 [alert] alert: "Emailing workbook length main query 0 InventoryTeam@heinens.com; "
2/4/2026 16:0:7 [alert] alert: "Emailing workbook real time 1 "
2/4/2026 16:0:7 [alert] alert: "[NO EMAIL] 0 rows and ALTREALTIME=1 - marking complete"
2/4/2026 16:0:7 [alert] alert: "[REQUEST COMPLETE] REQ_1770238800733_k0wkuowxt | Duration: 7s (0 rows, no email)"
2/4/2026 16:0:7 [alert] alert: "[DB_LOGGER] updateRequest SUCCESS - ReqID: REQ_1770238800733_k0wkuowxt, Updated: LALTPHASE = :phase, LALTROWCOUNT = :rowCount"
2/4/2026 16:0:7 [alert] alert: "[DB_LOGGER] updateRequest SUCCESS - ReqID: REQ_1770238800733_k0wkuowxt, Updated: LALTSTATUS = :status, LALTENDTIME = SYSTIMESTAMP, LALTDURATION = :duration"
2/4/2026 16:2:45 [alert] alert: "Query store in DB : <ROOT>\n    <QUERY> SELECT foucnuf, foulibl from foudgene@heinens_custom_prod where foucnuf=''00664''</QUERY>\n  <HEADERIFEMPTY>No EDI ASN with duplicate invoices this week.</HEADERIFEMPTY>\n  <HEADER>EDI ASN with duplicate invoices this week.</HEADER>\n  <COLUMNS>\n    <COL>TOP</COL>\n  </COLUMNS>\n  <PARAMS></PARAMS>\n</ROOT>"
2/4/2026 16:2:45 [alert] alert: "content XML{\"ROOT\":{\"QUERY\":[\" SELECT foucnuf, foulibl from foudgene@heinens_custom_prod where foucnuf=''00664''\"],\"HEADERIFEMPTY\":[\"No EDI ASN with duplicate invoices this week.\"],\"HEADER\":[\"EDI ASN with duplicate invoices this week.\"],\"COLUMNS\":[{\"COL\":[\"TOP\"]}],\"PARAMS\":[\"\"]}}"
2/4/2026 16:2:45 [alert] alert: "[REQUEST START] REQ_1770238965085_c053znrbq | Alert: FOU0000000001 | Email: abenamrouche@heinens.com;ahmed@gmail.com"
2/4/2026 16:2:45 [alert] alert: "Garbage collector issue {}"
2/4/2026 16:2:45 [alert] alert: "[DB_LOGGER] checkSpam - Alert: FOU0000000001, Count: 1, IsSpam: false"
2/4/2026 16:2:45 [alert] alert: "[DB_LOGGER] logStart SUCCESS - ReqID: REQ_1770238965085_c053znrbq, Alert: FOU0000000001"
2/4/2026 16:2:45 [alert] alert: "queryNodes :[{\"key\":\"QUERY\",\"sql\":[\" SELECT foucnuf, foulibl from foudgene@heinens_custom_prod where foucnuf=''00664''\"],\"index\":\"1\",\"sheetName\":\"RESULT1\",\"sheetFormat\":\"\",\"sheetFreezeHeader\":\"\",\"sheetFreezeColumn\":\"\",\"sheetColor\":\"244062\"}]"
2/4/2026 16:2:45 [alert] alert: "HTML : <strong>Test foudgene  [1 Object(s)]</strong><br><br>Test foudgene (testing alert)<br><br><br><table style=\"border-collapse: collapse; padding-top: 10px; width: 100%\"><th style=\"border-bottom: 1px solid orange\">FOUCNUF</th><th style=\"border-bottom: 1px solid orange\">FOULIBL</th></tr><tr style=\"height: 1px;\"><td style=\"border-bottom: 1px solid orange; border-left: 0px solid; border-right: 0px solid; \">00664</td><td style=\"border-bottom: 1px solid orange; border-left: 0px solid; border-right: 0px solid; \">FLEET C.B. CO.INC.</td></tr></table> "
2/4/2026 16:2:45 [alert] alert: "SQL#1 to execute  SELECT foucnuf, foulibl from foudgene@heinens_custom_prod where foucnuf=''00664''"
2/4/2026 16:2:45 [alert] alert: "SQL#1 - data result length: 1"
2/4/2026 16:2:45 [alert] alert: "Add worksheet RESULT1 "
2/4/2026 16:2:45 [alert] alert: "Worksheet added RESULT1 "
2/4/2026 16:2:45 [alert] alert: "Error setPrintArea \"Unexpected token l in JSON at position 2\""
2/4/2026 16:2:45 [alert] alert: "ws.pageSetup : {\"margins\":{\"left\":0.7,\"right\":0.7,\"top\":0.75,\"bottom\":0.75,\"header\":0.3,\"footer\":0.3},\"orientation\":\"landscape\",\"horizontalDpi\":4294967295,\"verticalDpi\":4294967295,\"fitToPage\":true,\"pageOrder\":\"downThenOver\",\"blackAndWhite\":false,\"draft\":false,\"cellComments\":\"None\",\"errors\":\"displayed\",\"scale\":100,\"fitToWidth\":1,\"fitToHeight\":10,\"showRowColHeaders\":false,\"showGridLines\":false,\"horizontalCentered\":false,\"verticalCentered\":false,\"rowBreaks\":null,\"colBreaks\":null,\"printTitlesRow\":\"1:5\"}"
2/4/2026 16:2:45 [alert] alert: "[JSON2XLS COMPLETE] REQ_1770238965085_c053znrbq | 1 rows in 0.01s"
2/4/2026 16:2:45 [alert] alert: "[Excel Generation] Preparing for abenamrouche@heinens.com;ahmed@gmail.com | Rows: 1"
2/4/2026 16:2:45 [alert] alert: "[Excel Generation] Adding to queue (position: 1)"
2/4/2026 16:2:45 [alert] alert: "[Excel Generation] Queue processing started for abenamrouche@heinens.com;ahmed@gmail.com"
2/4/2026 16:2:45 [alert] alert: "[Excel Generation] Starting workbook.xlsx.write()"
2/4/2026 16:2:45 [alert] alert: "Archiving to ALERTLOG - ALTID: FOU0000000001, Total rows: 1, Sheets: RESULT1"
2/4/2026 16:2:45 [alert] alert: "[DB_LOGGER] updateRequest SUCCESS - ReqID: REQ_1770238965085_c053znrbq, Updated: LALTPHASE = :phase, LALTROWCOUNT = :rowCount"
2/4/2026 16:2:45 [alert] alert: "[DB_LOGGER] updateRequest SUCCESS - ReqID: REQ_1770238965085_c053znrbq, Updated: LALTPHASE = :phase"
2/4/2026 16:2:45 [alert] alert: "Archive SUCCESS - ALTID: FOU0000000001"
2/4/2026 16:2:45 [alert] alert: "[Excel Generation] Write complete, closing stream"
2/4/2026 16:2:45 [alert] alert: "[Excel Generation] Stream finished, reading buffer"
2/4/2026 16:2:45 [alert] alert: "[Excel Generated] Size: 0.01MB | Duration: 0.10s | Rows: 1"
2/4/2026 16:2:45 [alert] alert: "Sending email to:abenamrouche@heinens.com;ahmed@gmail.com cc:null bcc:null subject: Test foudgene  [1 Object(s)]"
2/4/2026 16:2:45 [alert] alert: "[DB_LOGGER] updateRequest SUCCESS - ReqID: REQ_1770238965085_c053znrbq, Updated: LALTPHASE = :phase"
2/4/2026 16:2:45 [alert] alert: "Email sent to:abenamrouche@heinens.com;ahmed@gmail.com cc:null bcc:null subject: Test foudgene  [1 Object(s)]"
2/4/2026 16:2:45 [alert] alert: "[REQUEST COMPLETE] REQ_1770238965085_c053znrbq | Duration: 0s"
2/4/2026 16:2:45 [alert] alert: "[DB_LOGGER] updateRequest SUCCESS - ReqID: REQ_1770238965085_c053znrbq, Updated: LALTSTATUS = :status, LALTENDTIME = SYSTIMESTAMP, LALTDURATION = :duration"
