4/25/2017 13:11:24 42: LIBQUERY with Callback: 
4/25/2017 13:11:24 42: Path request:/api/authentification/
4/25/2017 13:11:24 42: Path header:undefined
4/25/2017 13:11:24 42: Path query:{}
4/25/2017 13:11:24 42: BEGIN PKREQUESTMANAGER.CALLQUERY(42,'ADM0000001','admin','{}', '{admin,admin}','{}', :cursor); END;
4/25/2017 13:11:24 42: 1 Object(s) returned... [FETCH]
4/25/2017 13:11:24 42: [object Object]
4/25/2017 13:11:24 43: LIBQUERY with Callback: 
4/25/2017 13:11:24 43: Path request:/api/user/
4/25/2017 13:11:24 43: Path header:undefined
4/25/2017 13:11:24 43: Path query:{"USER_NAME":"admin"}
4/25/2017 13:11:24 43: BEGIN PKREQUESTMANAGER.CALLQUERY(43,'CLI0000002','admin','{}', '{admin}','{}', :cursor); END;
4/25/2017 13:11:24 44: LIBQUERY with Callback: 
4/25/2017 13:11:24 44: Path request:/api/environment/
4/25/2017 13:11:24 44: Path header:undefined
4/25/2017 13:11:24 44: Path query:{"USER_NAME":"admin"}
4/25/2017 13:11:24 44: BEGIN PKREQUESTMANAGER.CALLQUERY(44,'CLI0000003','admin','{}', '{admin}','{}', :cursor); END;
4/25/2017 13:11:24 44: 1 Object(s) returned... [FETCH]
4/25/2017 13:11:24 44: [object Object]
4/25/2017 13:11:24 44: 3 Object(s) returned... [FETCH]
4/25/2017 13:11:24 44: [object Object],[object Object],[object Object]
4/25/2017 13:11:36 45: LIBQUERY with Callback: 
4/25/2017 13:11:36 45: Path request:/api/counting/2/
4/25/2017 13:11:36 45: Path header:undefined
4/25/2017 13:11:36 45: Path query:{"PARAM":"04/25/2017"}
4/25/2017 13:11:36 45: BEGIN PKREQUESTMANAGER.CALLQUERY(45,'CNT0000002','admin','{HEINENS_CUSTOM_PROD}', '{04/25/2017}','{HN}', :cursor); END;
4/25/2017 13:11:38 45: 3 Object(s) returned... [FETCH]
4/25/2017 13:11:38 45: [object Object],[object Object],[object Object]
4/25/2017 13:11:42 46: LIBQUERY with Callback: 
4/25/2017 13:11:42 46: Path request:/api/counting/3/
4/25/2017 13:11:42 46: Path header:undefined
4/25/2017 13:11:42 46: Path query:{"PARAM":["04/25/2017","12","CHG_000012_RGIS.csv"]}
4/25/2017 13:11:42 46: BEGIN PKREQUESTMANAGER.CALLQUERY(46,'CNT0000003','admin','{HEINENS_CUSTOM_PROD}', '{04/25/2017,12,CHG_000012_RGIS.csv}','{HN}', :cursor); END;
4/25/2017 13:11:42 47: LIBQUERY with Callback: 
4/25/2017 13:11:42 47: Path request:/api/counting/4/
4/25/2017 13:11:42 47: Path header:undefined
4/25/2017 13:11:42 47: Path query:{"PARAM":["04/25/2017","12","CHG_000012_RGIS.csv"]}
4/25/2017 13:11:42 47: BEGIN PKREQUESTMANAGER.CALLQUERY(47,'CNT0000004','admin','{HEINENS_CUSTOM_PROD}', '{04/25/2017,12,CHG_000012_RGIS.csv}','{HN}', :cursor); END;
4/25/2017 13:11:43 47: 1 Object(s) returned... [FETCH]
4/25/2017 13:11:43 47: [object Object]
4/25/2017 13:11:43 48: LIBQUERY with Callback: 
4/25/2017 13:11:43 48: Path request:/api/process/
4/25/2017 13:11:43 48: Path header:undefined
4/25/2017 13:11:43 48: Path query:{"PARAM":["04/25/2017","pssti12p","10 12"]}
4/25/2017 13:11:43 48: BEGIN PKREQUESTMANAGER.CALLQUERY(48,'BTH0000001','admin','{HEINENS_CUSTOM_PROD}', '{04/25/2017,pssti12p,10 12}','{HN}', :cursor); END;
4/25/2017 13:11:43 49: LIBQUERY with Callback: 
4/25/2017 13:11:43 49: Path request:/api/counting/5/
4/25/2017 13:11:43 49: Path header:undefined
4/25/2017 13:11:43 49: Path query:{"PARAM":["04/25/2017","12","CHG_000012_RGIS.csv"]}
4/25/2017 13:11:43 49: BEGIN PKREQUESTMANAGER.CALLQUERY(49,'CNT0000005','admin','{HEINENS_CUSTOM_PROD}', '{04/25/2017,12,CHG_000012_RGIS.csv}','{HN}', :cursor); END;
4/25/2017 13:11:43 50: LIBQUERY with Callback: 
4/25/2017 13:11:43 50: Path request:/api/counting/6/
4/25/2017 13:11:43 50: Path header:undefined
4/25/2017 13:11:43 50: Path query:{"PARAM":["04/25/2017","12","CHG_000012_RGIS.csv"]}
4/25/2017 13:11:43 50: BEGIN PKREQUESTMANAGER.CALLQUERY(50,'CNT0000006','admin','{HEINENS_CUSTOM_PROD}', '{04/25/2017,12,CHG_000012_RGIS.csv}','{HN}', :cursor); END;
4/25/2017 13:11:43 50: 6 Object(s) returned... [FETCH]
4/25/2017 13:11:43 50: [object Object],[object Object],[object Object],[object Object],[object Object],[object Object]
4/25/2017 13:11:45 50: 0 Object(s) returned... [FETCH] :)
4/25/2017 13:11:47 50: 4 Object(s) returned... [FETCH]
4/25/2017 13:11:47 50: [object Object],[object Object],[object Object],[object Object]
4/25/2017 13:11:48 50: 0 Object(s) returned... [FETCH] :)
