5/18/2018 14:24:56 1: LIBQUERY with Callback: 
5/18/2018 14:24:56 1: BEGIN PKREQUESTMANAGER.CALLQUERY(1,'ADM0000001','emorris','{}', '{emorris,chambers27}','{}', :cursor); END;
5/18/2018 14:24:56 1: 1 Object(s) returned... [FETCH]
5/18/2018 14:24:56 1: [object Object]
5/18/2018 14:24:56 1: {"metaData":[{"name":"USERID"},{"name":"USERFNAME"},{"name":"USERLNAME"},{"name":"USEREMAIL"},{"name":"USERMOBILE"}]}
5/18/2018 14:24:56 2: LIBQUERY with Callback: 
5/18/2018 14:24:56 2: BEGIN PKREQUESTMANAGER.CALLQUERY(2,'CLI0000002','emorris','{}', '{emorris}','{}', :cursor); END;
5/18/2018 14:24:56 2: 1 Object(s) returned... [FETCH]
5/18/2018 14:24:56 2: [object Object]
5/18/2018 14:24:56 2: {"metaData":[{"name":"USERID"},{"name":"USERCORPID"},{"name":"USERPASS"},{"name":"USERAUTH"},{"name":"USERLANG"},{"name":"USERPROF"},{"name":"USERAPPLI"},{"name":"USERFNAME"},{"name":"USERLNAME"},{"name":"USEREMAIL"},{"name":"USERMOBILE"},{"name":"USERTEAM"},{"name":"USERACTIVE"},{"name":"USERDCRE"},{"name":"USERDMAJ"},{"name":"USERUTIL"},{"name":"USERTYPE"}]}
5/18/2018 14:24:57 3: LIBQUERY with Callback: 
5/18/2018 14:24:57 3: BEGIN PKREQUESTMANAGER.CALLQUERY(3,'CLI0000003','emorris','{}', '{emorris}','{}', :cursor); END;
5/18/2018 14:24:57 3: 5 Object(s) returned... [FETCH]
5/18/2018 14:24:57 3: [object Object],[object Object],[object Object],[object Object],[object Object]
5/18/2018 14:24:57 3: {"metaData":[{"name":"LEVEL"},{"name":"ENVID"},{"name":"ENVCORPID"},{"name":"ENVCODE"},{"name":"ENVTYPE"},{"name":"ENVACTIVE"},{"name":"ENVSDESC"},{"name":"ENVLDESC"},{"name":"ENVDBTYPE"},{"name":"ENVIP"},{"name":"ENVPORT"},{"name":"ENVUSER"},{"name":"ENVPASSWORD"},{"name":"ENVSOURCE"},{"name":"ENVDBLINK"},{"name":"ENVDEFAULT"},{"name":"ENVDCRE"},{"name":"ENVDMAJ"},{"name":"ENVUTIL"},{"name":"ENVVERSION"},{"name":"ENVDEFLANG"},{"name":"CORPPIC"},{"name":"ENVVARINITSH"}]}
5/18/2018 14:25:27 4: LIBQUERY with Callback: 
5/18/2018 14:25:27 4: BEGIN PKREQUESTMANAGER.CALLQUERY(4,'SUP0000001','emorris','{HEINENS_CUSTOM_PROD}', '{HEI003}','{HN}', :cursor); END;
5/18/2018 14:25:28 4: 24 Object(s) returned... [FETCH]
5/18/2018 14:25:28 4: [object Object],[object Object],[object Object],[object Object],[object Object],[object Object],[object Object],[object Object],[object Object],[object Object],[object Object],[object Object],[object Object],[object Object],[object Object],[object Object],[object Object],[object Object],[object Object],[object Object],[object Object],[object Object],[object Object],[object Object]
5/18/2018 14:25:28 4: {"metaData":[{"name":"LISCFIN"},{"name":"FOUCNUF"},{"name":"FOULIBL"},{"name":"FCSNUM"},{"name":"LISCSIN"},{"name":"LISCCIN"},{"name":"FCCNUM"},{"name":"LISNFILF"},{"name":"SOCSITE"},{"name":"SOCLMAG"},{"name":"LISNFILC"},{"name":"LISTLIV"},{"name":"LISCOMC"},{"name":"LISCOMR"},{"name":"LISCOMF"},{"name":"LISVCOM"},{"name":"LISTSLI"},{"name":"LISTSQP"},{"name":"LISTOP"},{"name":"LISAVAL"},{"name":"LISMARQ"},{"name":"LISREAP"},{"name":"LISUREAP"},{"name":"LISUREAP_LIB"},{"name":"LISCOMM"},{"name":"LISCDLU"},{"name":"LISCDMA"},{"name":"LISCDME"},{"name":"LISCDJE"},{"name":"LISCDVE"},{"name":"LISCDSA"},{"name":"LISCDDI"},{"name":"LISLILU"},{"name":"LISLIMA"},{"name":"LISLIME"},{"name":"LISLIJE"},{"name":"LISLIVE"},{"name":"LISLISA"},{"name":"LISLIDI"},{"name":"LISHRLU"},{"name":"LISHRMA"},{"name":"LISHRME"},{"name":"LISHRJE"},{"name":"LISHRVE"},{"name":"LISHRSA"},{"name":"LISHRDI"},{"name":"LISHLLU"},{"name":"LISHLMA"},{"name":"LISHLME"},{"name":"LISHLJE"},{"name":"LISHLVE"},{"name":"LISHLSA"},{"name":"LISHLDI"},{"name":"LISHRLU2"},{"name":"LISHRMA2"},{"name":"LISHRME2"},{"name":"LISHRJE2"},{"name":"LISHRVE2"},{"name":"LISHRSA2"},{"name":"LISHRDI2"},{"name":"LISHLLU2"},{"name":"LISHLMA2"},{"name":"LISHLME2"},{"name":"LISHLJE2"},{"name":"LISHLVE2"},{"name":"LISHLSA2"},{"name":"LISHLDI2"},{"name":"LISHRLU3"},{"name":"LISHRMA3"},{"name":"LISHRME3"},{"name":"LISHRJE3"},{"name":"LISHRVE3"},{"name":"LISHRSA3"},{"name":"LISHRDI3"},{"name":"LISHLLU3"},{"name":"LISHLMA3"},{"name":"LISHLME3"},{"name":"LISHLJE3"},{"name":"LISHLVE3"},{"name":"LISHLSA3"},{"name":"LISHLDI3"},{"name":"LISDDEB"},{"name":"LISDFIN"}]}
5/18/2018 14:28:18 5: LIBQUERY with Callback: 
5/18/2018 14:28:18 5: BEGIN PKREQUESTMANAGER.CALLQUERY(5,'SCH0000001','emorris','{HEINENS_CUSTOM_PROD}', '{HEI003,HEI003CC,0,HEI003SC,05/20/2018,06/02/2018,emorris,1,4,5,6,7,8,9,10,11,12,14,15,16,17,18,19,20,21,22,41,42,43,44,91071}','{HN}', :cursor); END;
5/18/2018 14:28:18 5: 1 Object(s) returned... [FETCH]
5/18/2018 14:28:18 5: [object Object]
5/18/2018 14:28:18 5: {"metaData":[{"name":"'EXECUTINGISSUE,CHECKDBMS_SQL.EXECUTERIGHTS'"}]}
5/18/2018 14:32:33 6: LIBQUERY with Callback: 
5/18/2018 14:32:33 6: BEGIN PKREQUESTMANAGER.CALLQUERY(6,'SUP0000001','emorris','{HEINENS_CUSTOM_PROD}', '{06555}','{HN}', :cursor); END;
5/18/2018 14:32:33 6: 26 Object(s) returned... [FETCH]
5/18/2018 14:32:33 6: [object Object],[object Object],[object Object],[object Object],[object Object],[object Object],[object Object],[object Object],[object Object],[object Object],[object Object],[object Object],[object Object],[object Object],[object Object],[object Object],[object Object],[object Object],[object Object],[object Object],[object Object],[object Object],[object Object],[object Object],[object Object],[object Object]
5/18/2018 14:32:33 6: {"metaData":[{"name":"LISCFIN"},{"name":"FOUCNUF"},{"name":"FOULIBL"},{"name":"FCSNUM"},{"name":"LISCSIN"},{"name":"LISCCIN"},{"name":"FCCNUM"},{"name":"LISNFILF"},{"name":"SOCSITE"},{"name":"SOCLMAG"},{"name":"LISNFILC"},{"name":"LISTLIV"},{"name":"LISCOMC"},{"name":"LISCOMR"},{"name":"LISCOMF"},{"name":"LISVCOM"},{"name":"LISTSLI"},{"name":"LISTSQP"},{"name":"LISTOP"},{"name":"LISAVAL"},{"name":"LISMARQ"},{"name":"LISREAP"},{"name":"LISUREAP"},{"name":"LISUREAP_LIB"},{"name":"LISCOMM"},{"name":"LISCDLU"},{"name":"LISCDMA"},{"name":"LISCDME"},{"name":"LISCDJE"},{"name":"LISCDVE"},{"name":"LISCDSA"},{"name":"LISCDDI"},{"name":"LISLILU"},{"name":"LISLIMA"},{"name":"LISLIME"},{"name":"LISLIJE"},{"name":"LISLIVE"},{"name":"LISLISA"},{"name":"LISLIDI"},{"name":"LISHRLU"},{"name":"LISHRMA"},{"name":"LISHRME"},{"name":"LISHRJE"},{"name":"LISHRVE"},{"name":"LISHRSA"},{"name":"LISHRDI"},{"name":"LISHLLU"},{"name":"LISHLMA"},{"name":"LISHLME"},{"name":"LISHLJE"},{"name":"LISHLVE"},{"name":"LISHLSA"},{"name":"LISHLDI"},{"name":"LISHRLU2"},{"name":"LISHRMA2"},{"name":"LISHRME2"},{"name":"LISHRJE2"},{"name":"LISHRVE2"},{"name":"LISHRSA2"},{"name":"LISHRDI2"},{"name":"LISHLLU2"},{"name":"LISHLMA2"},{"name":"LISHLME2"},{"name":"LISHLJE2"},{"name":"LISHLVE2"},{"name":"LISHLSA2"},{"name":"LISHLDI2"},{"name":"LISHRLU3"},{"name":"LISHRMA3"},{"name":"LISHRME3"},{"name":"LISHRJE3"},{"name":"LISHRVE3"},{"name":"LISHRSA3"},{"name":"LISHRDI3"},{"name":"LISHLLU3"},{"name":"LISHLMA3"},{"name":"LISHLME3"},{"name":"LISHLJE3"},{"name":"LISHLVE3"},{"name":"LISHLSA3"},{"name":"LISHLDI3"},{"name":"LISDDEB"},{"name":"LISDFIN"}]}
5/18/2018 14:34:42 7: LIBQUERY with Callback: 
5/18/2018 14:34:42 7: BEGIN PKREQUESTMANAGER.CALLQUERY(7,'ADM0000001','emorris','{}', '{emorris,chambers27}','{}', :cursor); END;
5/18/2018 14:34:42 7: 1 Object(s) returned... [FETCH]
5/18/2018 14:34:42 7: [object Object]
5/18/2018 14:34:42 7: {"metaData":[{"name":"USERID"},{"name":"USERFNAME"},{"name":"USERLNAME"},{"name":"USEREMAIL"},{"name":"USERMOBILE"}]}
5/18/2018 14:34:42 8: LIBQUERY with Callback: 
5/18/2018 14:34:42 8: BEGIN PKREQUESTMANAGER.CALLQUERY(8,'CLI0000002','emorris','{}', '{emorris}','{}', :cursor); END;
5/18/2018 14:34:42 8: 1 Object(s) returned... [FETCH]
5/18/2018 14:34:42 8: [object Object]
5/18/2018 14:34:42 8: {"metaData":[{"name":"USERID"},{"name":"USERCORPID"},{"name":"USERPASS"},{"name":"USERAUTH"},{"name":"USERLANG"},{"name":"USERPROF"},{"name":"USERAPPLI"},{"name":"USERFNAME"},{"name":"USERLNAME"},{"name":"USEREMAIL"},{"name":"USERMOBILE"},{"name":"USERTEAM"},{"name":"USERACTIVE"},{"name":"USERDCRE"},{"name":"USERDMAJ"},{"name":"USERUTIL"},{"name":"USERTYPE"}]}
5/18/2018 14:34:42 9: LIBQUERY with Callback: 
5/18/2018 14:34:42 9: BEGIN PKREQUESTMANAGER.CALLQUERY(9,'CLI0000003','emorris','{}', '{emorris}','{}', :cursor); END;
5/18/2018 14:34:42 9: 5 Object(s) returned... [FETCH]
5/18/2018 14:34:42 9: [object Object],[object Object],[object Object],[object Object],[object Object]
5/18/2018 14:34:42 9: {"metaData":[{"name":"LEVEL"},{"name":"ENVID"},{"name":"ENVCORPID"},{"name":"ENVCODE"},{"name":"ENVTYPE"},{"name":"ENVACTIVE"},{"name":"ENVSDESC"},{"name":"ENVLDESC"},{"name":"ENVDBTYPE"},{"name":"ENVIP"},{"name":"ENVPORT"},{"name":"ENVUSER"},{"name":"ENVPASSWORD"},{"name":"ENVSOURCE"},{"name":"ENVDBLINK"},{"name":"ENVDEFAULT"},{"name":"ENVDCRE"},{"name":"ENVDMAJ"},{"name":"ENVUTIL"},{"name":"ENVVERSION"},{"name":"ENVDEFLANG"},{"name":"CORPPIC"},{"name":"ENVVARINITSH"}]}
5/18/2018 14:35:0 10: LIBQUERY with Callback: 
5/18/2018 14:35:0 10: BEGIN PKREQUESTMANAGER.CALLQUERY(10,'SUP0000001','emorris','{HEINENS_CUSTOM_PROD}', '{AO1240373}','{HN}', :cursor); END;
5/18/2018 14:35:0 10: 24 Object(s) returned... [FETCH]
5/18/2018 14:35:0 10: [object Object],[object Object],[object Object],[object Object],[object Object],[object Object],[object Object],[object Object],[object Object],[object Object],[object Object],[object Object],[object Object],[object Object],[object Object],[object Object],[object Object],[object Object],[object Object],[object Object],[object Object],[object Object],[object Object],[object Object]
5/18/2018 14:35:0 10: {"metaData":[{"name":"LISCFIN"},{"name":"FOUCNUF"},{"name":"FOULIBL"},{"name":"FCSNUM"},{"name":"LISCSIN"},{"name":"LISCCIN"},{"name":"FCCNUM"},{"name":"LISNFILF"},{"name":"SOCSITE"},{"name":"SOCLMAG"},{"name":"LISNFILC"},{"name":"LISTLIV"},{"name":"LISCOMC"},{"name":"LISCOMR"},{"name":"LISCOMF"},{"name":"LISVCOM"},{"name":"LISTSLI"},{"name":"LISTSQP"},{"name":"LISTOP"},{"name":"LISAVAL"},{"name":"LISMARQ"},{"name":"LISREAP"},{"name":"LISUREAP"},{"name":"LISUREAP_LIB"},{"name":"LISCOMM"},{"name":"LISCDLU"},{"name":"LISCDMA"},{"name":"LISCDME"},{"name":"LISCDJE"},{"name":"LISCDVE"},{"name":"LISCDSA"},{"name":"LISCDDI"},{"name":"LISLILU"},{"name":"LISLIMA"},{"name":"LISLIME"},{"name":"LISLIJE"},{"name":"LISLIVE"},{"name":"LISLISA"},{"name":"LISLIDI"},{"name":"LISHRLU"},{"name":"LISHRMA"},{"name":"LISHRME"},{"name":"LISHRJE"},{"name":"LISHRVE"},{"name":"LISHRSA"},{"name":"LISHRDI"},{"name":"LISHLLU"},{"name":"LISHLMA"},{"name":"LISHLME"},{"name":"LISHLJE"},{"name":"LISHLVE"},{"name":"LISHLSA"},{"name":"LISHLDI"},{"name":"LISHRLU2"},{"name":"LISHRMA2"},{"name":"LISHRME2"},{"name":"LISHRJE2"},{"name":"LISHRVE2"},{"name":"LISHRSA2"},{"name":"LISHRDI2"},{"name":"LISHLLU2"},{"name":"LISHLMA2"},{"name":"LISHLME2"},{"name":"LISHLJE2"},{"name":"LISHLVE2"},{"name":"LISHLSA2"},{"name":"LISHLDI2"},{"name":"LISHRLU3"},{"name":"LISHRMA3"},{"name":"LISHRME3"},{"name":"LISHRJE3"},{"name":"LISHRVE3"},{"name":"LISHRSA3"},{"name":"LISHRDI3"},{"name":"LISHLLU3"},{"name":"LISHLMA3"},{"name":"LISHLME3"},{"name":"LISHLJE3"},{"name":"LISHLVE3"},{"name":"LISHLSA3"},{"name":"LISHLDI3"},{"name":"LISDDEB"},{"name":"LISDFIN"}]}
5/18/2018 14:37:28 11: LIBQUERY with Callback: 
5/18/2018 14:37:28 11: BEGIN PKREQUESTMANAGER.CALLQUERY(11,'SCH0000001','emorris','{HEINENS_CUSTOM_PROD}', '{AO1240373,AO12403C,0,AO12403S,05/20/2018,06/02/2018,emorris,1,4,5,6,7,8,9,10,11,12,14,15,16,17,18,19,20,21,22,41,42,43,44,99953}','{HN}', :cursor); END;
5/18/2018 14:37:28 12: LIBQUERY with Callback: 
5/18/2018 14:37:28 12: BEGIN PKREQUESTMANAGER.CALLQUERY(12,'SCH0000002','emorris','{HEINENS_CUSTOM_PROD}', '{AO1240373,AO12403C,0,AO12403S,2,05/24/2018,05/31/2018,1010,1010,05/30/2018,06/06/2018,1400,1400,emorris,1,4,5,6,7,8,9,10,11,12,14,15,16,17,18,19,20,21,22,41,42,43,44,99953}','{HN}', :cursor); END;
5/18/2018 14:37:28 12: 1 Object(s) returned... [FETCH]
5/18/2018 14:37:28 12: [object Object]
5/18/2018 14:37:28 12: {"metaData":[{"name":"'EXECUTINGISSUE,CHECKDBMS_SQL.EXECUTERIGHTS'"}]}
5/18/2018 14:37:29 12: 1 Object(s) returned... [FETCH]
5/18/2018 14:37:29 12: [object Object]
5/18/2018 14:37:29 12: {"metaData":[{"name":"'EXECUTINGISSUE,CHECKDBMS_SQL.EXECUTERIGHTS'"}]}
