5/9/2019 2:6:8 45: LIBQUERY with Callback: 
5/9/2019 2:6:8 45: BEGIN PKREQUESTMANAGER.CALLQUERY(45,'ADM0000001','abe','{}', '{abe,abe}','{}', :cursor); END;
5/9/2019 2:6:10 45: 1 Object(s) returned... [FETCH]
5/9/2019 2:6:10 45: [object Object]
5/9/2019 2:6:10 45: {"metaData":[{"name":"USERID"},{"name":"USERFNAME"},{"name":"USERLNAME"},{"name":"USEREMAIL"},{"name":"USERMOBILE"}]}
5/9/2019 2:6:10 46: LIBQUERY with Callback: 
5/9/2019 2:6:10 46: BEGIN PKREQUESTMANAGER.CALLQUERY(46,'CLI0000002','abe','{}', '{abe}','{}', :cursor); END;
5/9/2019 2:6:10 47: LIBQUERY with Callback: 
5/9/2019 2:6:10 47: BEGIN PKREQUESTMANAGER.CALLQUERY(47,'CLI0000003','abe','{}', '{abe}','{}', :cursor); END;
5/9/2019 2:6:12 47: 1 Object(s) returned... [FETCH]
5/9/2019 2:6:12 47: [object Object]
5/9/2019 2:6:12 47: {"metaData":[{"name":"USERID"},{"name":"USERCORPID"},{"name":"USERPASS"},{"name":"USERAUTH"},{"name":"USERLANG"},{"name":"USERPROF"},{"name":"USERAPPLI"},{"name":"USERFNAME"},{"name":"USERLNAME"},{"name":"USEREMAIL"},{"name":"USERMOBILE"},{"name":"USERTEAM"},{"name":"USERACTIVE"},{"name":"USERDCRE"},{"name":"USERDMAJ"},{"name":"USERUTIL"},{"name":"USERTYPE"}]}
5/9/2019 2:6:12 47: 6 Object(s) returned... [FETCH]
5/9/2019 2:6:12 47: [object Object],[object Object],[object Object],[object Object],[object Object],[object Object]
5/9/2019 2:6:12 47: {"metaData":[{"name":"LEVEL"},{"name":"ENVID"},{"name":"ENVCORPID"},{"name":"ENVCODE"},{"name":"ENVTYPE"},{"name":"ENVACTIVE"},{"name":"ENVSDESC"},{"name":"ENVLDESC"},{"name":"ENVDBTYPE"},{"name":"ENVIP"},{"name":"ENVPORT"},{"name":"ENVUSER"},{"name":"ENVPASSWORD"},{"name":"ENVSOURCE"},{"name":"ENVDBLINK"},{"name":"ENVDEFAULT"},{"name":"ENVDCRE"},{"name":"ENVDMAJ"},{"name":"ENVUTIL"},{"name":"ENVVERSION"},{"name":"ENVDEFLANG"},{"name":"CORPPIC"},{"name":"ENVVARINITSH"}]}
5/9/2019 2:6:12 48: LIBQUERY with Callback: 
5/9/2019 2:6:12 48: BEGIN PKREQUESTMANAGER.CALLQUERY(48,'WDG0000001','abe','{HEINENS_CUSTOM_PROD}', '{abe,-1}','{HN}', :cursor); END;
5/9/2019 2:6:13 48: 0 Object(s) returned... [FETCH] :)
5/9/2019 2:6:13 48: {}
5/9/2019 2:6:13 49: LIBQUERY with Callback: 
5/9/2019 2:6:13 49: BEGIN PKREQUESTMANAGER.CALLQUERY(49,'WDG1000000','abe','{HEINENS_CUSTOM_PROD}', '{undefined}','{HN}', :cursor); END;
5/9/2019 2:8:13 50: LIBQUERY with Callback: 
5/9/2019 2:8:13 50: BEGIN PKREQUESTMANAGER.CALLQUERY(50,'WDG1000000','abe','{HEINENS_CUSTOM_PROD}', '{undefined}','{HN}', :cursor); END;
5/9/2019 2:10:13 51: LIBQUERY with Callback: 
5/9/2019 2:10:13 51: BEGIN PKREQUESTMANAGER.CALLQUERY(51,'WDG1000000','abe','{HEINENS_CUSTOM_PROD}', '{undefined}','{HN}', :cursor); END;
5/9/2019 2:12:13 52: LIBQUERY with Callback: 
5/9/2019 2:12:13 52: BEGIN PKREQUESTMANAGER.CALLQUERY(52,'WDG1000000','abe','{HEINENS_CUSTOM_PROD}', '{undefined}','{HN}', :cursor); END;
5/9/2019 2:14:13 53: LIBQUERY with Callback: 
5/9/2019 2:14:13 53: BEGIN PKREQUESTMANAGER.CALLQUERY(53,'WDG1000000','abe','{HEINENS_CUSTOM_PROD}', '{undefined}','{HN}', :cursor); END;
5/9/2019 2:16:13 54: LIBQUERY with Callback: 
5/9/2019 2:16:13 54: BEGIN PKREQUESTMANAGER.CALLQUERY(54,'WDG1000000','abe','{HEINENS_CUSTOM_PROD}', '{undefined}','{HN}', :cursor); END;
5/9/2019 2:18:13 55: LIBQUERY with Callback: 
5/9/2019 2:18:13 55: BEGIN PKREQUESTMANAGER.CALLQUERY(55,'WDG1000000','abe','{HEINENS_CUSTOM_PROD}', '{undefined}','{HN}', :cursor); END;
5/9/2019 2:20:13 56: LIBQUERY with Callback: 
5/9/2019 2:20:13 56: BEGIN PKREQUESTMANAGER.CALLQUERY(56,'WDG1000000','abe','{HEINENS_CUSTOM_PROD}', '{undefined}','{HN}', :cursor); END;
5/9/2019 2:22:13 57: LIBQUERY with Callback: 
5/9/2019 2:22:13 57: BEGIN PKREQUESTMANAGER.CALLQUERY(57,'WDG1000000','abe','{HEINENS_CUSTOM_PROD}', '{undefined}','{HN}', :cursor); END;
5/9/2019 2:24:13 58: LIBQUERY with Callback: 
5/9/2019 2:24:13 58: BEGIN PKREQUESTMANAGER.CALLQUERY(58,'WDG1000000','abe','{HEINENS_CUSTOM_PROD}', '{undefined}','{HN}', :cursor); END;
5/9/2019 3:4:44 59: LIBQUERY with Callback: 
5/9/2019 3:4:44 59: BEGIN PKREQUESTMANAGER.CALLQUERY(59,'ADM0000001','abe','{}', '{abe,abe}','{}', :cursor); END;
5/9/2019 3:4:45 59: 1 Object(s) returned... [FETCH]
5/9/2019 3:4:45 59: [object Object]
5/9/2019 3:4:45 59: {"metaData":[{"name":"USERID"},{"name":"USERFNAME"},{"name":"USERLNAME"},{"name":"USEREMAIL"},{"name":"USERMOBILE"}]}
5/9/2019 3:4:46 60: LIBQUERY with Callback: 
5/9/2019 3:4:46 60: BEGIN PKREQUESTMANAGER.CALLQUERY(60,'CLI0000002','abe','{}', '{abe}','{}', :cursor); END;
5/9/2019 3:4:46 61: LIBQUERY with Callback: 
5/9/2019 3:4:46 61: BEGIN PKREQUESTMANAGER.CALLQUERY(61,'CLI0000003','abe','{}', '{abe}','{}', :cursor); END;
5/9/2019 3:4:47 61: 6 Object(s) returned... [FETCH]
5/9/2019 3:4:47 61: [object Object],[object Object],[object Object],[object Object],[object Object],[object Object]
5/9/2019 3:4:47 61: {"metaData":[{"name":"LEVEL"},{"name":"ENVID"},{"name":"ENVCORPID"},{"name":"ENVCODE"},{"name":"ENVTYPE"},{"name":"ENVACTIVE"},{"name":"ENVSDESC"},{"name":"ENVLDESC"},{"name":"ENVDBTYPE"},{"name":"ENVIP"},{"name":"ENVPORT"},{"name":"ENVUSER"},{"name":"ENVPASSWORD"},{"name":"ENVSOURCE"},{"name":"ENVDBLINK"},{"name":"ENVDEFAULT"},{"name":"ENVDCRE"},{"name":"ENVDMAJ"},{"name":"ENVUTIL"},{"name":"ENVVERSION"},{"name":"ENVDEFLANG"},{"name":"CORPPIC"},{"name":"ENVVARINITSH"}]}
5/9/2019 3:4:47 61: 1 Object(s) returned... [FETCH]
5/9/2019 3:4:47 61: [object Object]
5/9/2019 3:4:47 61: {"metaData":[{"name":"USERID"},{"name":"USERCORPID"},{"name":"USERPASS"},{"name":"USERAUTH"},{"name":"USERLANG"},{"name":"USERPROF"},{"name":"USERAPPLI"},{"name":"USERFNAME"},{"name":"USERLNAME"},{"name":"USEREMAIL"},{"name":"USERMOBILE"},{"name":"USERTEAM"},{"name":"USERACTIVE"},{"name":"USERDCRE"},{"name":"USERDMAJ"},{"name":"USERUTIL"},{"name":"USERTYPE"}]}
5/9/2019 3:4:47 62: LIBQUERY with Callback: 
5/9/2019 3:4:47 62: BEGIN PKREQUESTMANAGER.CALLQUERY(62,'WDG0000001','abe','{HEINENS_CUSTOM_PROD}', '{abe,-1}','{HN}', :cursor); END;
5/9/2019 3:4:49 62: 0 Object(s) returned... [FETCH] :)
5/9/2019 3:4:49 62: {}
5/9/2019 3:4:49 63: LIBQUERY with Callback: 
5/9/2019 3:4:49 63: BEGIN PKREQUESTMANAGER.CALLQUERY(63,'WDG1000000','abe','{HEINENS_CUSTOM_PROD}', '{undefined}','{HN}', :cursor); END;
5/9/2019 3:6:49 64: LIBQUERY with Callback: 
5/9/2019 3:6:49 64: BEGIN PKREQUESTMANAGER.CALLQUERY(64,'WDG1000000','abe','{HEINENS_CUSTOM_PROD}', '{undefined}','{HN}', :cursor); END;
5/9/2019 3:7:53 65: LIBQUERY with Callback: 
5/9/2019 3:7:53 65: BEGIN PKREQUESTMANAGER.CALLQUERY(65,'ADM0000001','abe','{}', '{abe,abe}','{}', :cursor); END;
5/9/2019 3:7:55 65: 1 Object(s) returned... [FETCH]
5/9/2019 3:7:55 65: [object Object]
5/9/2019 3:7:55 65: {"metaData":[{"name":"USERID"},{"name":"USERFNAME"},{"name":"USERLNAME"},{"name":"USEREMAIL"},{"name":"USERMOBILE"}]}
5/9/2019 3:7:55 66: LIBQUERY with Callback: 
5/9/2019 3:7:55 66: BEGIN PKREQUESTMANAGER.CALLQUERY(66,'CLI0000002','abe','{}', '{abe}','{}', :cursor); END;
5/9/2019 3:7:55 67: LIBQUERY with Callback: 
5/9/2019 3:7:55 67: BEGIN PKREQUESTMANAGER.CALLQUERY(67,'CLI0000003','abe','{}', '{abe}','{}', :cursor); END;
5/9/2019 3:7:57 67: 1 Object(s) returned... [FETCH]
5/9/2019 3:7:57 67: [object Object]
5/9/2019 3:7:57 67: 6 Object(s) returned... [FETCH]
5/9/2019 3:7:57 67: [object Object],[object Object],[object Object],[object Object],[object Object],[object Object]
5/9/2019 3:7:57 67: {"metaData":[{"name":"USERID"},{"name":"USERCORPID"},{"name":"USERPASS"},{"name":"USERAUTH"},{"name":"USERLANG"},{"name":"USERPROF"},{"name":"USERAPPLI"},{"name":"USERFNAME"},{"name":"USERLNAME"},{"name":"USEREMAIL"},{"name":"USERMOBILE"},{"name":"USERTEAM"},{"name":"USERACTIVE"},{"name":"USERDCRE"},{"name":"USERDMAJ"},{"name":"USERUTIL"},{"name":"USERTYPE"}]}
5/9/2019 3:7:57 67: {"metaData":[{"name":"LEVEL"},{"name":"ENVID"},{"name":"ENVCORPID"},{"name":"ENVCODE"},{"name":"ENVTYPE"},{"name":"ENVACTIVE"},{"name":"ENVSDESC"},{"name":"ENVLDESC"},{"name":"ENVDBTYPE"},{"name":"ENVIP"},{"name":"ENVPORT"},{"name":"ENVUSER"},{"name":"ENVPASSWORD"},{"name":"ENVSOURCE"},{"name":"ENVDBLINK"},{"name":"ENVDEFAULT"},{"name":"ENVDCRE"},{"name":"ENVDMAJ"},{"name":"ENVUTIL"},{"name":"ENVVERSION"},{"name":"ENVDEFLANG"},{"name":"CORPPIC"},{"name":"ENVVARINITSH"}]}
5/9/2019 3:7:57 68: LIBQUERY with Callback: 
5/9/2019 3:7:57 68: BEGIN PKREQUESTMANAGER.CALLQUERY(68,'WDG0000001','abe','{HEINENS_CUSTOM_PROD}', '{abe,-1}','{HN}', :cursor); END;
5/9/2019 3:7:59 68: 0 Object(s) returned... [FETCH] :)
5/9/2019 3:7:59 68: {}
5/9/2019 3:7:59 69: LIBQUERY with Callback: 
5/9/2019 3:7:59 69: BEGIN PKREQUESTMANAGER.CALLQUERY(69,'WDG1000000','abe','{HEINENS_CUSTOM_PROD}', '{undefined}','{HN}', :cursor); END;
5/9/2019 3:9:59 70: LIBQUERY with Callback: 
5/9/2019 3:9:59 70: BEGIN PKREQUESTMANAGER.CALLQUERY(70,'WDG1000000','abe','{HEINENS_CUSTOM_PROD}', '{undefined}','{HN}', :cursor); END;
5/9/2019 3:11:59 71: LIBQUERY with Callback: 
5/9/2019 3:11:59 71: BEGIN PKREQUESTMANAGER.CALLQUERY(71,'WDG1000000','abe','{HEINENS_CUSTOM_PROD}', '{undefined}','{HN}', :cursor); END;
5/9/2019 3:13:59 72: LIBQUERY with Callback: 
5/9/2019 3:13:59 72: BEGIN PKREQUESTMANAGER.CALLQUERY(72,'WDG1000000','abe','{HEINENS_CUSTOM_PROD}', '{undefined}','{HN}', :cursor); END;
5/9/2019 3:15:59 73: LIBQUERY with Callback: 
5/9/2019 3:15:59 73: BEGIN PKREQUESTMANAGER.CALLQUERY(73,'WDG1000000','abe','{HEINENS_CUSTOM_PROD}', '{undefined}','{HN}', :cursor); END;
5/9/2019 3:17:59 74: LIBQUERY with Callback: 
5/9/2019 3:17:59 74: BEGIN PKREQUESTMANAGER.CALLQUERY(74,'WDG1000000','abe','{HEINENS_CUSTOM_PROD}', '{undefined}','{HN}', :cursor); END;
5/9/2019 3:19:48 75: LIBQUERY with Callback: 
5/9/2019 3:19:48 75: BEGIN PKREQUESTMANAGER.CALLQUERY(75,'ADM0000001','abe','{}', '{abe,abe}','{}', :cursor); END;
5/9/2019 3:19:49 75: 1 Object(s) returned... [FETCH]
5/9/2019 3:19:49 75: [object Object]
5/9/2019 3:19:49 75: {"metaData":[{"name":"USERID"},{"name":"USERFNAME"},{"name":"USERLNAME"},{"name":"USEREMAIL"},{"name":"USERMOBILE"}]}
5/9/2019 3:19:49 76: LIBQUERY with Callback: 
5/9/2019 3:19:49 76: BEGIN PKREQUESTMANAGER.CALLQUERY(76,'CLI0000002','abe','{}', '{abe}','{}', :cursor); END;
5/9/2019 3:19:49 77: LIBQUERY with Callback: 
5/9/2019 3:19:49 77: BEGIN PKREQUESTMANAGER.CALLQUERY(77,'CLI0000003','abe','{}', '{abe}','{}', :cursor); END;
5/9/2019 3:19:51 77: 6 Object(s) returned... [FETCH]
5/9/2019 3:19:51 77: [object Object],[object Object],[object Object],[object Object],[object Object],[object Object]
5/9/2019 3:19:51 77: {"metaData":[{"name":"LEVEL"},{"name":"ENVID"},{"name":"ENVCORPID"},{"name":"ENVCODE"},{"name":"ENVTYPE"},{"name":"ENVACTIVE"},{"name":"ENVSDESC"},{"name":"ENVLDESC"},{"name":"ENVDBTYPE"},{"name":"ENVIP"},{"name":"ENVPORT"},{"name":"ENVUSER"},{"name":"ENVPASSWORD"},{"name":"ENVSOURCE"},{"name":"ENVDBLINK"},{"name":"ENVDEFAULT"},{"name":"ENVDCRE"},{"name":"ENVDMAJ"},{"name":"ENVUTIL"},{"name":"ENVVERSION"},{"name":"ENVDEFLANG"},{"name":"CORPPIC"},{"name":"ENVVARINITSH"}]}
5/9/2019 3:19:51 78: LIBQUERY with Callback: 
5/9/2019 3:19:51 78: BEGIN PKREQUESTMANAGER.CALLQUERY(78,'WDG0000001','abe','{HEINENS_CUSTOM_PROD}', '{abe,-1}','{HN}', :cursor); END;
5/9/2019 3:19:52 78: 1 Object(s) returned... [FETCH]
5/9/2019 3:19:52 78: [object Object]
5/9/2019 3:19:52 78: {"metaData":[{"name":"USERID"},{"name":"USERCORPID"},{"name":"USERPASS"},{"name":"USERAUTH"},{"name":"USERLANG"},{"name":"USERPROF"},{"name":"USERAPPLI"},{"name":"USERFNAME"},{"name":"USERLNAME"},{"name":"USEREMAIL"},{"name":"USERMOBILE"},{"name":"USERTEAM"},{"name":"USERACTIVE"},{"name":"USERDCRE"},{"name":"USERDMAJ"},{"name":"USERUTIL"},{"name":"USERTYPE"}]}
5/9/2019 3:19:52 78: 0 Object(s) returned... [FETCH] :)
5/9/2019 3:19:52 78: {}
5/9/2019 3:19:52 79: LIBQUERY with Callback: 
5/9/2019 3:19:52 79: BEGIN PKREQUESTMANAGER.CALLQUERY(79,'WDG1000000','abe','{HEINENS_CUSTOM_PROD}', '{undefined}','{HN}', :cursor); END;
5/9/2019 3:19:59 80: LIBQUERY with Callback: 
5/9/2019 3:19:59 80: BEGIN PKREQUESTMANAGER.CALLQUERY(80,'WDG1000000','abe','{HEINENS_CUSTOM_PROD}', '{undefined}','{HN}', :cursor); END;
5/9/2019 3:21:52 81: LIBQUERY with Callback: 
5/9/2019 3:21:52 81: BEGIN PKREQUESTMANAGER.CALLQUERY(81,'WDG1000000','abe','{HEINENS_CUSTOM_PROD}', '{undefined}','{HN}', :cursor); END;
5/9/2019 3:21:59 82: LIBQUERY with Callback: 
5/9/2019 3:21:59 82: BEGIN PKREQUESTMANAGER.CALLQUERY(82,'WDG1000000','abe','{HEINENS_CUSTOM_PROD}', '{undefined}','{HN}', :cursor); END;
5/9/2019 3:32:10 83: LIBQUERY with Callback: 
5/9/2019 3:32:10 83: BEGIN PKREQUESTMANAGER.CALLQUERY(83,'ADM0000001','abe','{}', '{abe,abe}','{}', :cursor); END;
5/9/2019 3:32:12 83: 1 Object(s) returned... [FETCH]
5/9/2019 3:32:12 83: [object Object]
5/9/2019 3:32:12 83: {"metaData":[{"name":"USERID"},{"name":"USERFNAME"},{"name":"USERLNAME"},{"name":"USEREMAIL"},{"name":"USERMOBILE"}]}
5/9/2019 3:32:12 84: LIBQUERY with Callback: 
5/9/2019 3:32:12 84: BEGIN PKREQUESTMANAGER.CALLQUERY(84,'CLI0000002','abe','{}', '{abe}','{}', :cursor); END;
5/9/2019 3:32:12 85: LIBQUERY with Callback: 
5/9/2019 3:32:12 85: BEGIN PKREQUESTMANAGER.CALLQUERY(85,'CLI0000003','abe','{}', '{abe}','{}', :cursor); END;
5/9/2019 3:32:14 85: 1 Object(s) returned... [FETCH]
5/9/2019 3:32:14 85: [object Object]
5/9/2019 3:32:14 85: 6 Object(s) returned... [FETCH]
5/9/2019 3:32:14 85: [object Object],[object Object],[object Object],[object Object],[object Object],[object Object]
5/9/2019 3:32:14 85: {"metaData":[{"name":"USERID"},{"name":"USERCORPID"},{"name":"USERPASS"},{"name":"USERAUTH"},{"name":"USERLANG"},{"name":"USERPROF"},{"name":"USERAPPLI"},{"name":"USERFNAME"},{"name":"USERLNAME"},{"name":"USEREMAIL"},{"name":"USERMOBILE"},{"name":"USERTEAM"},{"name":"USERACTIVE"},{"name":"USERDCRE"},{"name":"USERDMAJ"},{"name":"USERUTIL"},{"name":"USERTYPE"}]}
5/9/2019 3:32:14 85: {"metaData":[{"name":"LEVEL"},{"name":"ENVID"},{"name":"ENVCORPID"},{"name":"ENVCODE"},{"name":"ENVTYPE"},{"name":"ENVACTIVE"},{"name":"ENVSDESC"},{"name":"ENVLDESC"},{"name":"ENVDBTYPE"},{"name":"ENVIP"},{"name":"ENVPORT"},{"name":"ENVUSER"},{"name":"ENVPASSWORD"},{"name":"ENVSOURCE"},{"name":"ENVDBLINK"},{"name":"ENVDEFAULT"},{"name":"ENVDCRE"},{"name":"ENVDMAJ"},{"name":"ENVUTIL"},{"name":"ENVVERSION"},{"name":"ENVDEFLANG"},{"name":"CORPPIC"},{"name":"ENVVARINITSH"}]}
5/9/2019 3:32:14 86: LIBQUERY with Callback: 
5/9/2019 3:32:14 86: BEGIN PKREQUESTMANAGER.CALLQUERY(86,'WDG0000001','abe','{HEINENS_CUSTOM_PROD}', '{abe,-1}','{HN}', :cursor); END;
5/9/2019 3:32:16 86: 0 Object(s) returned... [FETCH] :)
5/9/2019 3:32:16 86: {}
5/9/2019 3:32:16 87: LIBQUERY with Callback: 
5/9/2019 3:32:16 87: BEGIN PKREQUESTMANAGER.CALLQUERY(87,'WDG1000000','abe','{HEINENS_CUSTOM_PROD}', '{undefined}','{HN}', :cursor); END;
5/9/2019 3:34:16 88: LIBQUERY with Callback: 
5/9/2019 3:34:16 88: BEGIN PKREQUESTMANAGER.CALLQUERY(88,'WDG1000000','abe','{HEINENS_CUSTOM_PROD}', '{undefined}','{HN}', :cursor); END;
5/9/2019 3:36:48 89: LIBQUERY with Callback: 
5/9/2019 3:36:48 89: BEGIN PKREQUESTMANAGER.CALLQUERY(89,'ADM0000001','abe','{}', '{abe,abe}','{}', :cursor); END;
5/9/2019 3:36:50 89: 1 Object(s) returned... [FETCH]
5/9/2019 3:36:50 89: [object Object]
5/9/2019 3:36:50 89: {"metaData":[{"name":"USERID"},{"name":"USERFNAME"},{"name":"USERLNAME"},{"name":"USEREMAIL"},{"name":"USERMOBILE"}]}
5/9/2019 3:36:50 90: LIBQUERY with Callback: 
5/9/2019 3:36:50 90: BEGIN PKREQUESTMANAGER.CALLQUERY(90,'CLI0000002','abe','{}', '{abe}','{}', :cursor); END;
5/9/2019 3:36:50 91: LIBQUERY with Callback: 
5/9/2019 3:36:50 91: BEGIN PKREQUESTMANAGER.CALLQUERY(91,'CLI0000003','abe','{}', '{abe}','{}', :cursor); END;
5/9/2019 3:36:52 91: 1 Object(s) returned... [FETCH]
5/9/2019 3:36:52 91: [object Object]
5/9/2019 3:36:52 91: 6 Object(s) returned... [FETCH]
5/9/2019 3:36:52 91: [object Object],[object Object],[object Object],[object Object],[object Object],[object Object]
5/9/2019 3:36:52 91: {"metaData":[{"name":"USERID"},{"name":"USERCORPID"},{"name":"USERPASS"},{"name":"USERAUTH"},{"name":"USERLANG"},{"name":"USERPROF"},{"name":"USERAPPLI"},{"name":"USERFNAME"},{"name":"USERLNAME"},{"name":"USEREMAIL"},{"name":"USERMOBILE"},{"name":"USERTEAM"},{"name":"USERACTIVE"},{"name":"USERDCRE"},{"name":"USERDMAJ"},{"name":"USERUTIL"},{"name":"USERTYPE"}]}
5/9/2019 3:36:52 91: {"metaData":[{"name":"LEVEL"},{"name":"ENVID"},{"name":"ENVCORPID"},{"name":"ENVCODE"},{"name":"ENVTYPE"},{"name":"ENVACTIVE"},{"name":"ENVSDESC"},{"name":"ENVLDESC"},{"name":"ENVDBTYPE"},{"name":"ENVIP"},{"name":"ENVPORT"},{"name":"ENVUSER"},{"name":"ENVPASSWORD"},{"name":"ENVSOURCE"},{"name":"ENVDBLINK"},{"name":"ENVDEFAULT"},{"name":"ENVDCRE"},{"name":"ENVDMAJ"},{"name":"ENVUTIL"},{"name":"ENVVERSION"},{"name":"ENVDEFLANG"},{"name":"CORPPIC"},{"name":"ENVVARINITSH"}]}
5/9/2019 3:36:52 92: LIBQUERY with Callback: 
5/9/2019 3:36:52 92: BEGIN PKREQUESTMANAGER.CALLQUERY(92,'WDG0000001','abe','{HEINENS_CUSTOM_PROD}', '{abe,-1}','{HN}', :cursor); END;
5/9/2019 3:36:54 92: 0 Object(s) returned... [FETCH] :)
5/9/2019 3:36:54 92: {}
5/9/2019 3:36:54 93: LIBQUERY with Callback: 
5/9/2019 3:36:54 93: BEGIN PKREQUESTMANAGER.CALLQUERY(93,'WDG1000000','abe','{HEINENS_CUSTOM_PROD}', '{undefined}','{HN}', :cursor); END;
5/9/2019 3:38:56 94: LIBQUERY with Callback: 
5/9/2019 3:38:56 94: BEGIN PKREQUESTMANAGER.CALLQUERY(94,'WDG1000000','abe','{HEINENS_CUSTOM_PROD}', '{undefined}','{HN}', :cursor); END;
5/9/2019 3:42:22 95: LIBQUERY with Callback: 
5/9/2019 3:42:22 95: BEGIN PKREQUESTMANAGER.CALLQUERY(95,'ADM0000001','abe','{}', '{abe,abe}','{}', :cursor); END;
5/9/2019 3:42:24 95: 1 Object(s) returned... [FETCH]
5/9/2019 3:42:24 95: [object Object]
5/9/2019 3:42:24 95: {"metaData":[{"name":"USERID"},{"name":"USERFNAME"},{"name":"USERLNAME"},{"name":"USEREMAIL"},{"name":"USERMOBILE"}]}
5/9/2019 3:42:24 96: LIBQUERY with Callback: 
5/9/2019 3:42:24 96: BEGIN PKREQUESTMANAGER.CALLQUERY(96,'CLI0000002','abe','{}', '{abe}','{}', :cursor); END;
5/9/2019 3:42:24 97: LIBQUERY with Callback: 
5/9/2019 3:42:24 97: BEGIN PKREQUESTMANAGER.CALLQUERY(97,'CLI0000003','abe','{}', '{abe}','{}', :cursor); END;
5/9/2019 3:42:26 97: 1 Object(s) returned... [FETCH]
5/9/2019 3:42:26 97: [object Object]
5/9/2019 3:42:26 97: 6 Object(s) returned... [FETCH]
5/9/2019 3:42:26 97: [object Object],[object Object],[object Object],[object Object],[object Object],[object Object]
5/9/2019 3:42:26 97: {"metaData":[{"name":"USERID"},{"name":"USERCORPID"},{"name":"USERPASS"},{"name":"USERAUTH"},{"name":"USERLANG"},{"name":"USERPROF"},{"name":"USERAPPLI"},{"name":"USERFNAME"},{"name":"USERLNAME"},{"name":"USEREMAIL"},{"name":"USERMOBILE"},{"name":"USERTEAM"},{"name":"USERACTIVE"},{"name":"USERDCRE"},{"name":"USERDMAJ"},{"name":"USERUTIL"},{"name":"USERTYPE"}]}
5/9/2019 3:42:26 97: {"metaData":[{"name":"LEVEL"},{"name":"ENVID"},{"name":"ENVCORPID"},{"name":"ENVCODE"},{"name":"ENVTYPE"},{"name":"ENVACTIVE"},{"name":"ENVSDESC"},{"name":"ENVLDESC"},{"name":"ENVDBTYPE"},{"name":"ENVIP"},{"name":"ENVPORT"},{"name":"ENVUSER"},{"name":"ENVPASSWORD"},{"name":"ENVSOURCE"},{"name":"ENVDBLINK"},{"name":"ENVDEFAULT"},{"name":"ENVDCRE"},{"name":"ENVDMAJ"},{"name":"ENVUTIL"},{"name":"ENVVERSION"},{"name":"ENVDEFLANG"},{"name":"CORPPIC"},{"name":"ENVVARINITSH"}]}
5/9/2019 3:42:26 98: LIBQUERY with Callback: 
5/9/2019 3:42:26 98: BEGIN PKREQUESTMANAGER.CALLQUERY(98,'WDG0000001','abe','{HEINENS_CUSTOM_PROD}', '{abe,-1}','{HN}', :cursor); END;
5/9/2019 3:42:28 98: 0 Object(s) returned... [FETCH] :)
5/9/2019 3:42:28 98: {}
5/9/2019 3:42:28 99: LIBQUERY with Callback: 
5/9/2019 3:42:28 99: BEGIN PKREQUESTMANAGER.CALLQUERY(99,'WDG1000000','abe','{HEINENS_CUSTOM_PROD}', '{undefined}','{HN}', :cursor); END;
5/9/2019 3:44:28 100: LIBQUERY with Callback: 
5/9/2019 3:44:28 100: BEGIN PKREQUESTMANAGER.CALLQUERY(100,'WDG1000000','abe','{HEINENS_CUSTOM_PROD}', '{undefined}','{HN}', :cursor); END;
5/9/2019 3:58:52 101: LIBQUERY with Callback: 
5/9/2019 3:58:52 101: BEGIN PKREQUESTMANAGER.CALLQUERY(101,'ADM0000001','abe','{}', '{abe,abe}','{}', :cursor); END;
5/9/2019 3:58:53 101: 1 Object(s) returned... [FETCH]
5/9/2019 3:58:53 101: [object Object]
5/9/2019 3:58:53 101: {"metaData":[{"name":"USERID"},{"name":"USERFNAME"},{"name":"USERLNAME"},{"name":"USEREMAIL"},{"name":"USERMOBILE"}]}
5/9/2019 3:58:53 102: LIBQUERY with Callback: 
5/9/2019 3:58:53 102: BEGIN PKREQUESTMANAGER.CALLQUERY(102,'CLI0000002','abe','{}', '{abe}','{}', :cursor); END;
5/9/2019 3:58:53 103: LIBQUERY with Callback: 
5/9/2019 3:58:53 103: BEGIN PKREQUESTMANAGER.CALLQUERY(103,'CLI0000003','abe','{}', '{abe}','{}', :cursor); END;
5/9/2019 3:58:55 103: 1 Object(s) returned... [FETCH]
5/9/2019 3:58:55 103: [object Object]
5/9/2019 3:58:55 103: {"metaData":[{"name":"USERID"},{"name":"USERCORPID"},{"name":"USERPASS"},{"name":"USERAUTH"},{"name":"USERLANG"},{"name":"USERPROF"},{"name":"USERAPPLI"},{"name":"USERFNAME"},{"name":"USERLNAME"},{"name":"USEREMAIL"},{"name":"USERMOBILE"},{"name":"USERTEAM"},{"name":"USERACTIVE"},{"name":"USERDCRE"},{"name":"USERDMAJ"},{"name":"USERUTIL"},{"name":"USERTYPE"}]}
5/9/2019 3:58:55 103: 6 Object(s) returned... [FETCH]
5/9/2019 3:58:55 103: [object Object],[object Object],[object Object],[object Object],[object Object],[object Object]
5/9/2019 3:58:55 103: {"metaData":[{"name":"LEVEL"},{"name":"ENVID"},{"name":"ENVCORPID"},{"name":"ENVCODE"},{"name":"ENVTYPE"},{"name":"ENVACTIVE"},{"name":"ENVSDESC"},{"name":"ENVLDESC"},{"name":"ENVDBTYPE"},{"name":"ENVIP"},{"name":"ENVPORT"},{"name":"ENVUSER"},{"name":"ENVPASSWORD"},{"name":"ENVSOURCE"},{"name":"ENVDBLINK"},{"name":"ENVDEFAULT"},{"name":"ENVDCRE"},{"name":"ENVDMAJ"},{"name":"ENVUTIL"},{"name":"ENVVERSION"},{"name":"ENVDEFLANG"},{"name":"CORPPIC"},{"name":"ENVVARINITSH"}]}
5/9/2019 3:58:55 104: LIBQUERY with Callback: 
5/9/2019 3:58:55 104: BEGIN PKREQUESTMANAGER.CALLQUERY(104,'WDG0000001','abe','{HEINENS_CUSTOM_PROD}', '{abe,-1}','{HN}', :cursor); END;
5/9/2019 3:58:56 104: 0 Object(s) returned... [FETCH] :)
5/9/2019 3:58:56 104: {}
5/9/2019 3:58:56 105: LIBQUERY with Callback: 
5/9/2019 3:58:56 105: BEGIN PKREQUESTMANAGER.CALLQUERY(105,'WDG1000000','abe','{HEINENS_CUSTOM_PROD}', '{undefined}','{HN}', :cursor); END;
5/9/2019 4:0:56 106: LIBQUERY with Callback: 
5/9/2019 4:0:56 106: BEGIN PKREQUESTMANAGER.CALLQUERY(106,'WDG1000000','abe','{HEINENS_CUSTOM_PROD}', '{undefined}','{HN}', :cursor); END;
5/9/2019 4:3:49 107: LIBQUERY with Callback: 
5/9/2019 4:3:49 107: BEGIN PKREQUESTMANAGER.CALLQUERY(107,'ADM0000001','abe','{}', '{abe,abe}','{}', :cursor); END;
5/9/2019 4:3:50 107: 1 Object(s) returned... [FETCH]
5/9/2019 4:3:51 107: [object Object]
5/9/2019 4:3:51 107: {"metaData":[{"name":"USERID"},{"name":"USERFNAME"},{"name":"USERLNAME"},{"name":"USEREMAIL"},{"name":"USERMOBILE"}]}
5/9/2019 4:3:51 108: LIBQUERY with Callback: 
5/9/2019 4:3:51 108: BEGIN PKREQUESTMANAGER.CALLQUERY(108,'CLI0000002','abe','{}', '{abe}','{}', :cursor); END;
5/9/2019 4:3:51 109: LIBQUERY with Callback: 
5/9/2019 4:3:51 109: BEGIN PKREQUESTMANAGER.CALLQUERY(109,'CLI0000003','abe','{}', '{abe}','{}', :cursor); END;
5/9/2019 4:3:52 109: 1 Object(s) returned... [FETCH]
5/9/2019 4:3:52 109: [object Object]
5/9/2019 4:3:52 109: {"metaData":[{"name":"USERID"},{"name":"USERCORPID"},{"name":"USERPASS"},{"name":"USERAUTH"},{"name":"USERLANG"},{"name":"USERPROF"},{"name":"USERAPPLI"},{"name":"USERFNAME"},{"name":"USERLNAME"},{"name":"USEREMAIL"},{"name":"USERMOBILE"},{"name":"USERTEAM"},{"name":"USERACTIVE"},{"name":"USERDCRE"},{"name":"USERDMAJ"},{"name":"USERUTIL"},{"name":"USERTYPE"}]}
5/9/2019 4:3:52 109: 6 Object(s) returned... [FETCH]
5/9/2019 4:3:52 109: [object Object],[object Object],[object Object],[object Object],[object Object],[object Object]
5/9/2019 4:3:52 109: {"metaData":[{"name":"LEVEL"},{"name":"ENVID"},{"name":"ENVCORPID"},{"name":"ENVCODE"},{"name":"ENVTYPE"},{"name":"ENVACTIVE"},{"name":"ENVSDESC"},{"name":"ENVLDESC"},{"name":"ENVDBTYPE"},{"name":"ENVIP"},{"name":"ENVPORT"},{"name":"ENVUSER"},{"name":"ENVPASSWORD"},{"name":"ENVSOURCE"},{"name":"ENVDBLINK"},{"name":"ENVDEFAULT"},{"name":"ENVDCRE"},{"name":"ENVDMAJ"},{"name":"ENVUTIL"},{"name":"ENVVERSION"},{"name":"ENVDEFLANG"},{"name":"CORPPIC"},{"name":"ENVVARINITSH"}]}
5/9/2019 4:3:53 110: LIBQUERY with Callback: 
5/9/2019 4:3:53 110: BEGIN PKREQUESTMANAGER.CALLQUERY(110,'WDG0000001','abe','{HEINENS_CUSTOM_PROD}', '{abe,-1}','{HN}', :cursor); END;
5/9/2019 4:3:54 110: 0 Object(s) returned... [FETCH] :)
5/9/2019 4:3:54 110: {}
5/9/2019 4:3:54 111: LIBQUERY with Callback: 
5/9/2019 4:3:54 111: BEGIN PKREQUESTMANAGER.CALLQUERY(111,'WDG1000000','abe','{HEINENS_CUSTOM_PROD}', '{undefined}','{HN}', :cursor); END;
5/9/2019 4:5:54 112: LIBQUERY with Callback: 
5/9/2019 4:5:54 112: BEGIN PKREQUESTMANAGER.CALLQUERY(112,'WDG1000000','abe','{HEINENS_CUSTOM_PROD}', '{undefined}','{HN}', :cursor); END;
5/9/2019 4:10:35 113: LIBQUERY with Callback: 
5/9/2019 4:10:35 113: BEGIN PKREQUESTMANAGER.CALLQUERY(113,'ADM0000001','abe','{}', '{abe,abe}','{}', :cursor); END;
5/9/2019 4:10:38 113: 1 Object(s) returned... [FETCH]
5/9/2019 4:10:38 113: [object Object]
5/9/2019 4:10:38 113: {"metaData":[{"name":"USERID"},{"name":"USERFNAME"},{"name":"USERLNAME"},{"name":"USEREMAIL"},{"name":"USERMOBILE"}]}
5/9/2019 4:10:38 114: LIBQUERY with Callback: 
5/9/2019 4:10:38 114: BEGIN PKREQUESTMANAGER.CALLQUERY(114,'CLI0000002','abe','{}', '{abe}','{}', :cursor); END;
5/9/2019 4:10:38 115: LIBQUERY with Callback: 
5/9/2019 4:10:38 115: BEGIN PKREQUESTMANAGER.CALLQUERY(115,'CLI0000003','abe','{}', '{abe}','{}', :cursor); END;
5/9/2019 4:10:40 115: 1 Object(s) returned... [FETCH]
5/9/2019 4:10:40 115: [object Object]
5/9/2019 4:10:40 115: 6 Object(s) returned... [FETCH]
5/9/2019 4:10:40 115: [object Object],[object Object],[object Object],[object Object],[object Object],[object Object]
5/9/2019 4:10:40 115: {"metaData":[{"name":"USERID"},{"name":"USERCORPID"},{"name":"USERPASS"},{"name":"USERAUTH"},{"name":"USERLANG"},{"name":"USERPROF"},{"name":"USERAPPLI"},{"name":"USERFNAME"},{"name":"USERLNAME"},{"name":"USEREMAIL"},{"name":"USERMOBILE"},{"name":"USERTEAM"},{"name":"USERACTIVE"},{"name":"USERDCRE"},{"name":"USERDMAJ"},{"name":"USERUTIL"},{"name":"USERTYPE"}]}
5/9/2019 4:10:40 115: {"metaData":[{"name":"LEVEL"},{"name":"ENVID"},{"name":"ENVCORPID"},{"name":"ENVCODE"},{"name":"ENVTYPE"},{"name":"ENVACTIVE"},{"name":"ENVSDESC"},{"name":"ENVLDESC"},{"name":"ENVDBTYPE"},{"name":"ENVIP"},{"name":"ENVPORT"},{"name":"ENVUSER"},{"name":"ENVPASSWORD"},{"name":"ENVSOURCE"},{"name":"ENVDBLINK"},{"name":"ENVDEFAULT"},{"name":"ENVDCRE"},{"name":"ENVDMAJ"},{"name":"ENVUTIL"},{"name":"ENVVERSION"},{"name":"ENVDEFLANG"},{"name":"CORPPIC"},{"name":"ENVVARINITSH"}]}
5/9/2019 4:10:40 116: LIBQUERY with Callback: 
5/9/2019 4:10:40 116: BEGIN PKREQUESTMANAGER.CALLQUERY(116,'WDG0000001','abe','{HEINENS_CUSTOM_PROD}', '{abe,-1}','{HN}', :cursor); END;
5/9/2019 4:10:42 116: 0 Object(s) returned... [FETCH] :)
5/9/2019 4:10:42 116: {}
5/9/2019 4:10:42 117: LIBQUERY with Callback: 
5/9/2019 4:10:42 117: BEGIN PKREQUESTMANAGER.CALLQUERY(117,'WDG1000000','abe','{HEINENS_CUSTOM_PROD}', '{undefined}','{HN}', :cursor); END;
5/9/2019 4:12:42 118: LIBQUERY with Callback: 
5/9/2019 4:12:42 118: BEGIN PKREQUESTMANAGER.CALLQUERY(118,'WDG1000000','abe','{HEINENS_CUSTOM_PROD}', '{undefined}','{HN}', :cursor); END;
5/9/2019 4:14:55 119: LIBQUERY with Callback: 
5/9/2019 4:14:55 119: BEGIN PKREQUESTMANAGER.CALLQUERY(119,'ADM0000001','abe','{}', '{abe,abe}','{}', :cursor); END;
5/9/2019 4:14:57 119: 1 Object(s) returned... [FETCH]
5/9/2019 4:14:57 119: [object Object]
5/9/2019 4:14:57 119: {"metaData":[{"name":"USERID"},{"name":"USERFNAME"},{"name":"USERLNAME"},{"name":"USEREMAIL"},{"name":"USERMOBILE"}]}
5/9/2019 4:14:57 120: LIBQUERY with Callback: 
5/9/2019 4:14:57 120: BEGIN PKREQUESTMANAGER.CALLQUERY(120,'CLI0000002','abe','{}', '{abe}','{}', :cursor); END;
5/9/2019 4:14:57 121: LIBQUERY with Callback: 
5/9/2019 4:14:57 121: BEGIN PKREQUESTMANAGER.CALLQUERY(121,'CLI0000003','abe','{}', '{abe}','{}', :cursor); END;
5/9/2019 4:14:59 121: 6 Object(s) returned... [FETCH]
5/9/2019 4:14:59 121: [object Object],[object Object],[object Object],[object Object],[object Object],[object Object]
5/9/2019 4:14:59 121: {"metaData":[{"name":"LEVEL"},{"name":"ENVID"},{"name":"ENVCORPID"},{"name":"ENVCODE"},{"name":"ENVTYPE"},{"name":"ENVACTIVE"},{"name":"ENVSDESC"},{"name":"ENVLDESC"},{"name":"ENVDBTYPE"},{"name":"ENVIP"},{"name":"ENVPORT"},{"name":"ENVUSER"},{"name":"ENVPASSWORD"},{"name":"ENVSOURCE"},{"name":"ENVDBLINK"},{"name":"ENVDEFAULT"},{"name":"ENVDCRE"},{"name":"ENVDMAJ"},{"name":"ENVUTIL"},{"name":"ENVVERSION"},{"name":"ENVDEFLANG"},{"name":"CORPPIC"},{"name":"ENVVARINITSH"}]}
5/9/2019 4:14:59 121: 1 Object(s) returned... [FETCH]
5/9/2019 4:14:59 121: [object Object]
5/9/2019 4:14:59 121: {"metaData":[{"name":"USERID"},{"name":"USERCORPID"},{"name":"USERPASS"},{"name":"USERAUTH"},{"name":"USERLANG"},{"name":"USERPROF"},{"name":"USERAPPLI"},{"name":"USERFNAME"},{"name":"USERLNAME"},{"name":"USEREMAIL"},{"name":"USERMOBILE"},{"name":"USERTEAM"},{"name":"USERACTIVE"},{"name":"USERDCRE"},{"name":"USERDMAJ"},{"name":"USERUTIL"},{"name":"USERTYPE"}]}
5/9/2019 4:14:59 122: LIBQUERY with Callback: 
5/9/2019 4:14:59 122: BEGIN PKREQUESTMANAGER.CALLQUERY(122,'WDG0000001','abe','{HEINENS_CUSTOM_PROD}', '{abe,-1}','{HN}', :cursor); END;
5/9/2019 4:15:1 122: 0 Object(s) returned... [FETCH] :)
5/9/2019 4:15:1 122: {}
5/9/2019 4:15:1 123: LIBQUERY with Callback: 
5/9/2019 4:15:1 123: BEGIN PKREQUESTMANAGER.CALLQUERY(123,'WDG1000000','abe','{HEINENS_CUSTOM_PROD}', '{undefined}','{HN}', :cursor); END;
5/9/2019 4:16:48 124: LIBQUERY with Callback: 
5/9/2019 4:16:48 124: BEGIN PKREQUESTMANAGER.CALLQUERY(124,'ADM0000001','abe','{}', '{abe,abe}','{}', :cursor); END;
5/9/2019 4:16:50 124: 1 Object(s) returned... [FETCH]
5/9/2019 4:16:50 124: [object Object]
5/9/2019 4:16:50 124: {"metaData":[{"name":"USERID"},{"name":"USERFNAME"},{"name":"USERLNAME"},{"name":"USEREMAIL"},{"name":"USERMOBILE"}]}
5/9/2019 4:16:50 125: LIBQUERY with Callback: 
5/9/2019 4:16:50 125: BEGIN PKREQUESTMANAGER.CALLQUERY(125,'CLI0000002','abe','{}', '{abe}','{}', :cursor); END;
5/9/2019 4:16:50 126: LIBQUERY with Callback: 
5/9/2019 4:16:50 126: BEGIN PKREQUESTMANAGER.CALLQUERY(126,'CLI0000003','abe','{}', '{abe}','{}', :cursor); END;
5/9/2019 4:16:52 126: 1 Object(s) returned... [FETCH]
5/9/2019 4:16:52 126: [object Object]
5/9/2019 4:16:52 126: 6 Object(s) returned... [FETCH]
5/9/2019 4:16:52 126: [object Object],[object Object],[object Object],[object Object],[object Object],[object Object]
5/9/2019 4:16:52 126: {"metaData":[{"name":"USERID"},{"name":"USERCORPID"},{"name":"USERPASS"},{"name":"USERAUTH"},{"name":"USERLANG"},{"name":"USERPROF"},{"name":"USERAPPLI"},{"name":"USERFNAME"},{"name":"USERLNAME"},{"name":"USEREMAIL"},{"name":"USERMOBILE"},{"name":"USERTEAM"},{"name":"USERACTIVE"},{"name":"USERDCRE"},{"name":"USERDMAJ"},{"name":"USERUTIL"},{"name":"USERTYPE"}]}
5/9/2019 4:16:52 126: {"metaData":[{"name":"LEVEL"},{"name":"ENVID"},{"name":"ENVCORPID"},{"name":"ENVCODE"},{"name":"ENVTYPE"},{"name":"ENVACTIVE"},{"name":"ENVSDESC"},{"name":"ENVLDESC"},{"name":"ENVDBTYPE"},{"name":"ENVIP"},{"name":"ENVPORT"},{"name":"ENVUSER"},{"name":"ENVPASSWORD"},{"name":"ENVSOURCE"},{"name":"ENVDBLINK"},{"name":"ENVDEFAULT"},{"name":"ENVDCRE"},{"name":"ENVDMAJ"},{"name":"ENVUTIL"},{"name":"ENVVERSION"},{"name":"ENVDEFLANG"},{"name":"CORPPIC"},{"name":"ENVVARINITSH"}]}
5/9/2019 4:16:52 127: LIBQUERY with Callback: 
5/9/2019 4:16:52 127: BEGIN PKREQUESTMANAGER.CALLQUERY(127,'WDG0000001','abe','{HEINENS_CUSTOM_PROD}', '{abe,-1}','{HN}', :cursor); END;
5/9/2019 4:16:54 127: 0 Object(s) returned... [FETCH] :)
5/9/2019 4:16:54 127: {}
5/9/2019 4:17:1 128: LIBQUERY with Callback: 
5/9/2019 4:17:1 128: BEGIN PKREQUESTMANAGER.CALLQUERY(128,'WDG1000000','abe','{HEINENS_CUSTOM_PROD}', '{undefined}','{HN}', :cursor); END;
5/9/2019 4:17:13 129: LIBQUERY with Callback: 
5/9/2019 4:17:13 129: BEGIN PKREQUESTMANAGER.CALLQUERY(129,'WDG0000001','abe','{HEINENS_CUSTOM_PROD}', '{abe,-1}','{HN}', :cursor); END;
5/9/2019 4:17:14 130: LIBQUERY with Callback: 
5/9/2019 4:17:14 130: BEGIN PKREQUESTMANAGER.CALLQUERY(130,'WDG1000000','abe','{HEINENS_CUSTOM_PROD}', '{undefined}','{HN}', :cursor); END;
5/9/2019 4:17:15 130: 0 Object(s) returned... [FETCH] :)
5/9/2019 4:17:15 130: {}
5/9/2019 4:17:35 131: LIBQUERY with Callback: 
5/9/2019 4:17:35 131: BEGIN PKREQUESTMANAGER.CALLQUERY(131,'WDG1000000','abe','{HEINENS_CUSTOM_PROD}', '{undefined}','{HN}', :cursor); END;
5/9/2019 4:19:18 132: LIBQUERY with Callback: 
5/9/2019 4:19:18 132: BEGIN PKREQUESTMANAGER.CALLQUERY(132,'ADM0000001','abe','{}', '{abe,abe}','{}', :cursor); END;
5/9/2019 4:19:20 132: 1 Object(s) returned... [FETCH]
5/9/2019 4:19:20 132: [object Object]
5/9/2019 4:19:20 132: {"metaData":[{"name":"USERID"},{"name":"USERFNAME"},{"name":"USERLNAME"},{"name":"USEREMAIL"},{"name":"USERMOBILE"}]}
5/9/2019 4:19:20 133: LIBQUERY with Callback: 
5/9/2019 4:19:20 133: BEGIN PKREQUESTMANAGER.CALLQUERY(133,'CLI0000002','abe','{}', '{abe}','{}', :cursor); END;
5/9/2019 4:19:20 134: LIBQUERY with Callback: 
5/9/2019 4:19:20 134: BEGIN PKREQUESTMANAGER.CALLQUERY(134,'CLI0000003','abe','{}', '{abe}','{}', :cursor); END;
5/9/2019 4:19:22 134: 1 Object(s) returned... [FETCH]
5/9/2019 4:19:22 134: [object Object]
5/9/2019 4:19:22 134: {"metaData":[{"name":"USERID"},{"name":"USERCORPID"},{"name":"USERPASS"},{"name":"USERAUTH"},{"name":"USERLANG"},{"name":"USERPROF"},{"name":"USERAPPLI"},{"name":"USERFNAME"},{"name":"USERLNAME"},{"name":"USEREMAIL"},{"name":"USERMOBILE"},{"name":"USERTEAM"},{"name":"USERACTIVE"},{"name":"USERDCRE"},{"name":"USERDMAJ"},{"name":"USERUTIL"},{"name":"USERTYPE"}]}
5/9/2019 4:19:22 134: 6 Object(s) returned... [FETCH]
5/9/2019 4:19:22 134: [object Object],[object Object],[object Object],[object Object],[object Object],[object Object]
5/9/2019 4:19:22 134: {"metaData":[{"name":"LEVEL"},{"name":"ENVID"},{"name":"ENVCORPID"},{"name":"ENVCODE"},{"name":"ENVTYPE"},{"name":"ENVACTIVE"},{"name":"ENVSDESC"},{"name":"ENVLDESC"},{"name":"ENVDBTYPE"},{"name":"ENVIP"},{"name":"ENVPORT"},{"name":"ENVUSER"},{"name":"ENVPASSWORD"},{"name":"ENVSOURCE"},{"name":"ENVDBLINK"},{"name":"ENVDEFAULT"},{"name":"ENVDCRE"},{"name":"ENVDMAJ"},{"name":"ENVUTIL"},{"name":"ENVVERSION"},{"name":"ENVDEFLANG"},{"name":"CORPPIC"},{"name":"ENVVARINITSH"}]}
5/9/2019 4:19:22 135: LIBQUERY with Callback: 
5/9/2019 4:19:22 135: BEGIN PKREQUESTMANAGER.CALLQUERY(135,'WDG0000001','abe','{HEINENS_CUSTOM_PROD}', '{abe,-1}','{HN}', :cursor); END;
5/9/2019 4:19:24 135: 0 Object(s) returned... [FETCH] :)
5/9/2019 4:19:24 135: {}
5/9/2019 4:19:24 136: LIBQUERY with Callback: 
5/9/2019 4:19:24 136: BEGIN PKREQUESTMANAGER.CALLQUERY(136,'WDG1000000','abe','{HEINENS_CUSTOM_PROD}', '{undefined}','{HN}', :cursor); END;
5/9/2019 4:21:24 138: LIBQUERY with Callback: 
5/9/2019 4:21:24 138: BEGIN PKREQUESTMANAGER.CALLQUERY(138,'WDG1000000','abe','{HEINENS_CUSTOM_PROD}', '{undefined}','{HN}', :cursor); END;
5/9/2019 4:22:32 139: LIBQUERY with Callback: 
5/9/2019 4:22:32 139: BEGIN PKREQUESTMANAGER.CALLQUERY(139,'ADM0000001','abe','{}', '{abe,abe}','{}', :cursor); END;
5/9/2019 4:22:34 139: 1 Object(s) returned... [FETCH]
5/9/2019 4:22:34 139: [object Object]
5/9/2019 4:22:34 139: {"metaData":[{"name":"USERID"},{"name":"USERFNAME"},{"name":"USERLNAME"},{"name":"USEREMAIL"},{"name":"USERMOBILE"}]}
5/9/2019 4:22:34 140: LIBQUERY with Callback: 
5/9/2019 4:22:34 140: BEGIN PKREQUESTMANAGER.CALLQUERY(140,'CLI0000003','abe','{}', '{abe}','{}', :cursor); END;
5/9/2019 4:22:34 141: LIBQUERY with Callback: 
5/9/2019 4:22:34 141: BEGIN PKREQUESTMANAGER.CALLQUERY(141,'CLI0000002','abe','{}', '{abe}','{}', :cursor); END;
5/9/2019 4:22:36 141: 1 Object(s) returned... [FETCH]
5/9/2019 4:22:36 141: [object Object]
5/9/2019 4:22:36 141: 6 Object(s) returned... [FETCH]
5/9/2019 4:22:36 141: [object Object],[object Object],[object Object],[object Object],[object Object],[object Object]
5/9/2019 4:22:36 141: {"metaData":[{"name":"USERID"},{"name":"USERCORPID"},{"name":"USERPASS"},{"name":"USERAUTH"},{"name":"USERLANG"},{"name":"USERPROF"},{"name":"USERAPPLI"},{"name":"USERFNAME"},{"name":"USERLNAME"},{"name":"USEREMAIL"},{"name":"USERMOBILE"},{"name":"USERTEAM"},{"name":"USERACTIVE"},{"name":"USERDCRE"},{"name":"USERDMAJ"},{"name":"USERUTIL"},{"name":"USERTYPE"}]}
5/9/2019 4:22:36 141: {"metaData":[{"name":"LEVEL"},{"name":"ENVID"},{"name":"ENVCORPID"},{"name":"ENVCODE"},{"name":"ENVTYPE"},{"name":"ENVACTIVE"},{"name":"ENVSDESC"},{"name":"ENVLDESC"},{"name":"ENVDBTYPE"},{"name":"ENVIP"},{"name":"ENVPORT"},{"name":"ENVUSER"},{"name":"ENVPASSWORD"},{"name":"ENVSOURCE"},{"name":"ENVDBLINK"},{"name":"ENVDEFAULT"},{"name":"ENVDCRE"},{"name":"ENVDMAJ"},{"name":"ENVUTIL"},{"name":"ENVVERSION"},{"name":"ENVDEFLANG"},{"name":"CORPPIC"},{"name":"ENVVARINITSH"}]}
5/9/2019 4:22:36 142: LIBQUERY with Callback: 
5/9/2019 4:22:36 142: BEGIN PKREQUESTMANAGER.CALLQUERY(142,'WDG0000001','abe','{HEINENS_CUSTOM_PROD}', '{abe,-1}','{HN}', :cursor); END;
5/9/2019 4:22:38 142: 0 Object(s) returned... [FETCH] :)
5/9/2019 4:22:38 142: {}
5/9/2019 4:22:38 143: LIBQUERY with Callback: 
5/9/2019 4:22:38 143: BEGIN PKREQUESTMANAGER.CALLQUERY(143,'WDG1000000','abe','{HEINENS_CUSTOM_PROD}', '{undefined}','{HN}', :cursor); END;
5/9/2019 4:24:38 144: LIBQUERY with Callback: 
5/9/2019 4:24:38 144: BEGIN PKREQUESTMANAGER.CALLQUERY(144,'WDG1000000','abe','{HEINENS_CUSTOM_PROD}', '{undefined}','{HN}', :cursor); END;
5/9/2019 13:16:13 145: LIBQUERY with Callback: 
5/9/2019 13:16:13 145: BEGIN PKREQUESTMANAGER.CALLQUERY(145,'ADM0000001','abe','{}', '{abe,abe}','{}', :cursor); END;
5/9/2019 13:16:15 145: 1 Object(s) returned... [FETCH]
5/9/2019 13:16:15 145: [object Object]
5/9/2019 13:16:15 145: {"metaData":[{"name":"USERID"},{"name":"USERFNAME"},{"name":"USERLNAME"},{"name":"USEREMAIL"},{"name":"USERMOBILE"}]}
5/9/2019 13:16:15 146: LIBQUERY with Callback: 
5/9/2019 13:16:15 146: BEGIN PKREQUESTMANAGER.CALLQUERY(146,'CLI0000002','abe','{}', '{abe}','{}', :cursor); END;
5/9/2019 13:16:15 147: LIBQUERY with Callback: 
5/9/2019 13:16:15 147: BEGIN PKREQUESTMANAGER.CALLQUERY(147,'CLI0000003','abe','{}', '{abe}','{}', :cursor); END;
5/9/2019 13:16:17 147: 1 Object(s) returned... [FETCH]
5/9/2019 13:16:17 147: [object Object]
5/9/2019 13:16:17 147: {"metaData":[{"name":"USERID"},{"name":"USERCORPID"},{"name":"USERPASS"},{"name":"USERAUTH"},{"name":"USERLANG"},{"name":"USERPROF"},{"name":"USERAPPLI"},{"name":"USERFNAME"},{"name":"USERLNAME"},{"name":"USEREMAIL"},{"name":"USERMOBILE"},{"name":"USERTEAM"},{"name":"USERACTIVE"},{"name":"USERDCRE"},{"name":"USERDMAJ"},{"name":"USERUTIL"},{"name":"USERTYPE"}]}
5/9/2019 13:16:17 147: 6 Object(s) returned... [FETCH]
5/9/2019 13:16:17 147: [object Object],[object Object],[object Object],[object Object],[object Object],[object Object]
5/9/2019 13:16:17 147: {"metaData":[{"name":"LEVEL"},{"name":"ENVID"},{"name":"ENVCORPID"},{"name":"ENVCODE"},{"name":"ENVTYPE"},{"name":"ENVACTIVE"},{"name":"ENVSDESC"},{"name":"ENVLDESC"},{"name":"ENVDBTYPE"},{"name":"ENVIP"},{"name":"ENVPORT"},{"name":"ENVUSER"},{"name":"ENVPASSWORD"},{"name":"ENVSOURCE"},{"name":"ENVDBLINK"},{"name":"ENVDEFAULT"},{"name":"ENVDCRE"},{"name":"ENVDMAJ"},{"name":"ENVUTIL"},{"name":"ENVVERSION"},{"name":"ENVDEFLANG"},{"name":"CORPPIC"},{"name":"ENVVARINITSH"}]}
5/9/2019 13:16:17 148: LIBQUERY with Callback: 
5/9/2019 13:16:17 148: BEGIN PKREQUESTMANAGER.CALLQUERY(148,'WDG0000001','abe','{HEINENS_CUSTOM_PROD}', '{abe,-1}','{HN}', :cursor); END;
5/9/2019 13:16:18 148: 0 Object(s) returned... [FETCH] :)
5/9/2019 13:16:18 148: {}
5/9/2019 13:16:19 149: LIBQUERY with Callback: 
5/9/2019 13:16:19 149: BEGIN PKREQUESTMANAGER.CALLQUERY(149,'WDG1000000','abe','{HEINENS_CUSTOM_PROD}', '{undefined}','{HN}', :cursor); END;
5/9/2019 13:18:19 150: LIBQUERY with Callback: 
5/9/2019 13:18:19 150: BEGIN PKREQUESTMANAGER.CALLQUERY(150,'WDG1000000','abe','{HEINENS_CUSTOM_PROD}', '{undefined}','{HN}', :cursor); END;
5/9/2019 13:19:19 151: LIBQUERY with Callback: 
5/9/2019 13:19:19 151: BEGIN PKREQUESTMANAGER.CALLQUERY(151,'ADM0000001','abe','{}', '{abe,abe}','{}', :cursor); END;
5/9/2019 13:19:22 151: 1 Object(s) returned... [FETCH]
5/9/2019 13:19:22 151: [object Object]
5/9/2019 13:19:22 151: {"metaData":[{"name":"USERID"},{"name":"USERFNAME"},{"name":"USERLNAME"},{"name":"USEREMAIL"},{"name":"USERMOBILE"}]}
5/9/2019 13:19:22 152: LIBQUERY with Callback: 
5/9/2019 13:19:22 152: BEGIN PKREQUESTMANAGER.CALLQUERY(152,'CLI0000002','abe','{}', '{abe}','{}', :cursor); END;
5/9/2019 13:19:22 153: LIBQUERY with Callback: 
5/9/2019 13:19:22 153: BEGIN PKREQUESTMANAGER.CALLQUERY(153,'CLI0000003','abe','{}', '{abe}','{}', :cursor); END;
5/9/2019 13:19:25 153: 1 Object(s) returned... [FETCH]
5/9/2019 13:19:25 153: [object Object]
5/9/2019 13:19:25 153: 6 Object(s) returned... [FETCH]
5/9/2019 13:19:25 153: [object Object],[object Object],[object Object],[object Object],[object Object],[object Object]
5/9/2019 13:19:25 153: {"metaData":[{"name":"USERID"},{"name":"USERCORPID"},{"name":"USERPASS"},{"name":"USERAUTH"},{"name":"USERLANG"},{"name":"USERPROF"},{"name":"USERAPPLI"},{"name":"USERFNAME"},{"name":"USERLNAME"},{"name":"USEREMAIL"},{"name":"USERMOBILE"},{"name":"USERTEAM"},{"name":"USERACTIVE"},{"name":"USERDCRE"},{"name":"USERDMAJ"},{"name":"USERUTIL"},{"name":"USERTYPE"}]}
5/9/2019 13:19:25 153: {"metaData":[{"name":"LEVEL"},{"name":"ENVID"},{"name":"ENVCORPID"},{"name":"ENVCODE"},{"name":"ENVTYPE"},{"name":"ENVACTIVE"},{"name":"ENVSDESC"},{"name":"ENVLDESC"},{"name":"ENVDBTYPE"},{"name":"ENVIP"},{"name":"ENVPORT"},{"name":"ENVUSER"},{"name":"ENVPASSWORD"},{"name":"ENVSOURCE"},{"name":"ENVDBLINK"},{"name":"ENVDEFAULT"},{"name":"ENVDCRE"},{"name":"ENVDMAJ"},{"name":"ENVUTIL"},{"name":"ENVVERSION"},{"name":"ENVDEFLANG"},{"name":"CORPPIC"},{"name":"ENVVARINITSH"}]}
5/9/2019 13:19:25 154: LIBQUERY with Callback: 
5/9/2019 13:19:25 154: BEGIN PKREQUESTMANAGER.CALLQUERY(154,'WDG0000001','abe','{HEINENS_CUSTOM_PROD}', '{abe,-1}','{HN}', :cursor); END;
5/9/2019 13:19:27 154: 0 Object(s) returned... [FETCH] :)
5/9/2019 13:19:27 154: {}
5/9/2019 13:19:27 155: LIBQUERY with Callback: 
5/9/2019 13:19:27 155: BEGIN PKREQUESTMANAGER.CALLQUERY(155,'WDG1000000','abe','{HEINENS_CUSTOM_PROD}', '{undefined}','{HN}', :cursor); END;
5/9/2019 13:21:27 156: LIBQUERY with Callback: 
5/9/2019 13:21:27 156: BEGIN PKREQUESTMANAGER.CALLQUERY(156,'WDG1000000','abe','{HEINENS_CUSTOM_PROD}', '{undefined}','{HN}', :cursor); END;
5/9/2019 13:28:53 157: LIBQUERY with Callback: 
5/9/2019 13:28:53 157: BEGIN PKREQUESTMANAGER.CALLQUERY(157,'ADM0000001','abe','{}', '{abe,abe}','{}', :cursor); END;
5/9/2019 13:28:58 157: 1 Object(s) returned... [FETCH]
5/9/2019 13:28:58 157: [object Object]
5/9/2019 13:28:58 157: {"metaData":[{"name":"USERID"},{"name":"USERFNAME"},{"name":"USERLNAME"},{"name":"USEREMAIL"},{"name":"USERMOBILE"}]}
5/9/2019 13:28:59 158: LIBQUERY with Callback: 
5/9/2019 13:28:59 158: BEGIN PKREQUESTMANAGER.CALLQUERY(158,'CLI0000002','abe','{}', '{abe}','{}', :cursor); END;
5/9/2019 13:28:59 159: LIBQUERY with Callback: 
5/9/2019 13:28:59 159: BEGIN PKREQUESTMANAGER.CALLQUERY(159,'CLI0000003','abe','{}', '{abe}','{}', :cursor); END;
5/9/2019 13:29:0 159: 1 Object(s) returned... [FETCH]
5/9/2019 13:29:0 159: [object Object]
5/9/2019 13:29:0 159: {"metaData":[{"name":"USERID"},{"name":"USERCORPID"},{"name":"USERPASS"},{"name":"USERAUTH"},{"name":"USERLANG"},{"name":"USERPROF"},{"name":"USERAPPLI"},{"name":"USERFNAME"},{"name":"USERLNAME"},{"name":"USEREMAIL"},{"name":"USERMOBILE"},{"name":"USERTEAM"},{"name":"USERACTIVE"},{"name":"USERDCRE"},{"name":"USERDMAJ"},{"name":"USERUTIL"},{"name":"USERTYPE"}]}
5/9/2019 13:29:0 159: 6 Object(s) returned... [FETCH]
5/9/2019 13:29:0 159: [object Object],[object Object],[object Object],[object Object],[object Object],[object Object]
5/9/2019 13:29:0 159: {"metaData":[{"name":"LEVEL"},{"name":"ENVID"},{"name":"ENVCORPID"},{"name":"ENVCODE"},{"name":"ENVTYPE"},{"name":"ENVACTIVE"},{"name":"ENVSDESC"},{"name":"ENVLDESC"},{"name":"ENVDBTYPE"},{"name":"ENVIP"},{"name":"ENVPORT"},{"name":"ENVUSER"},{"name":"ENVPASSWORD"},{"name":"ENVSOURCE"},{"name":"ENVDBLINK"},{"name":"ENVDEFAULT"},{"name":"ENVDCRE"},{"name":"ENVDMAJ"},{"name":"ENVUTIL"},{"name":"ENVVERSION"},{"name":"ENVDEFLANG"},{"name":"CORPPIC"},{"name":"ENVVARINITSH"}]}
5/9/2019 13:29:2 160: LIBQUERY with Callback: 
5/9/2019 13:29:2 160: BEGIN PKREQUESTMANAGER.CALLQUERY(160,'WDG0000001','abe','{HEINENS_CUSTOM_PROD}', '{abe,-1}','{HN}', :cursor); END;
5/9/2019 13:29:5 160: 0 Object(s) returned... [FETCH] :)
5/9/2019 13:29:5 160: {}
5/9/2019 13:29:5 161: LIBQUERY with Callback: 
5/9/2019 13:29:5 161: BEGIN PKREQUESTMANAGER.CALLQUERY(161,'WDG1000000','abe','{HEINENS_CUSTOM_PROD}', '{undefined}','{HN}', :cursor); END;
5/9/2019 13:31:5 162: LIBQUERY with Callback: 
5/9/2019 13:31:5 162: BEGIN PKREQUESTMANAGER.CALLQUERY(162,'WDG1000000','abe','{HEINENS_CUSTOM_PROD}', '{undefined}','{HN}', :cursor); END;
5/9/2019 13:37:58 163: LIBQUERY with Callback: 
5/9/2019 13:37:58 163: BEGIN PKREQUESTMANAGER.CALLQUERY(163,'ADM0000001','abe','{}', '{abe,abe}','{}', :cursor); END;
5/9/2019 13:38:6 163: 1 Object(s) returned... [FETCH]
5/9/2019 13:38:6 163: [object Object]
5/9/2019 13:38:6 163: {"metaData":[{"name":"USERID"},{"name":"USERFNAME"},{"name":"USERLNAME"},{"name":"USEREMAIL"},{"name":"USERMOBILE"}]}
5/9/2019 13:38:8 164: LIBQUERY with Callback: 
5/9/2019 13:38:8 164: BEGIN PKREQUESTMANAGER.CALLQUERY(164,'CLI0000003','abe','{}', '{abe}','{}', :cursor); END;
5/9/2019 13:38:8 165: LIBQUERY with Callback: 
5/9/2019 13:38:8 165: BEGIN PKREQUESTMANAGER.CALLQUERY(165,'CLI0000002','abe','{}', '{abe}','{}', :cursor); END;
5/9/2019 13:38:14 165: 1 Object(s) returned... [FETCH]
5/9/2019 13:38:14 165: [object Object]
5/9/2019 13:38:14 165: 6 Object(s) returned... [FETCH]
5/9/2019 13:38:14 165: [object Object],[object Object],[object Object],[object Object],[object Object],[object Object]
5/9/2019 13:38:14 165: {"metaData":[{"name":"USERID"},{"name":"USERCORPID"},{"name":"USERPASS"},{"name":"USERAUTH"},{"name":"USERLANG"},{"name":"USERPROF"},{"name":"USERAPPLI"},{"name":"USERFNAME"},{"name":"USERLNAME"},{"name":"USEREMAIL"},{"name":"USERMOBILE"},{"name":"USERTEAM"},{"name":"USERACTIVE"},{"name":"USERDCRE"},{"name":"USERDMAJ"},{"name":"USERUTIL"},{"name":"USERTYPE"}]}
5/9/2019 13:38:14 165: {"metaData":[{"name":"LEVEL"},{"name":"ENVID"},{"name":"ENVCORPID"},{"name":"ENVCODE"},{"name":"ENVTYPE"},{"name":"ENVACTIVE"},{"name":"ENVSDESC"},{"name":"ENVLDESC"},{"name":"ENVDBTYPE"},{"name":"ENVIP"},{"name":"ENVPORT"},{"name":"ENVUSER"},{"name":"ENVPASSWORD"},{"name":"ENVSOURCE"},{"name":"ENVDBLINK"},{"name":"ENVDEFAULT"},{"name":"ENVDCRE"},{"name":"ENVDMAJ"},{"name":"ENVUTIL"},{"name":"ENVVERSION"},{"name":"ENVDEFLANG"},{"name":"CORPPIC"},{"name":"ENVVARINITSH"}]}
5/9/2019 13:38:20 166: LIBQUERY with Callback: 
5/9/2019 13:38:20 166: BEGIN PKREQUESTMANAGER.CALLQUERY(166,'WDG0000001','abe','{HEINENS_CUSTOM_PROD}', '{abe,-1}','{HN}', :cursor); END;
5/9/2019 13:38:25 166: 0 Object(s) returned... [FETCH] :)
5/9/2019 13:38:25 166: {}
5/9/2019 13:38:27 167: LIBQUERY with Callback: 
5/9/2019 13:38:27 167: BEGIN PKREQUESTMANAGER.CALLQUERY(167,'WDG1000000','abe','{HEINENS_CUSTOM_PROD}', '{undefined}','{HN}', :cursor); END;
5/9/2019 13:40:27 168: LIBQUERY with Callback: 
5/9/2019 13:40:27 168: BEGIN PKREQUESTMANAGER.CALLQUERY(168,'WDG1000000','abe','{HEINENS_CUSTOM_PROD}', '{undefined}','{HN}', :cursor); END;
5/9/2019 13:46:25 169: LIBQUERY with Callback: 
5/9/2019 13:46:25 169: BEGIN PKREQUESTMANAGER.CALLQUERY(169,'ADM0000001','abe','{}', '{abe,abe}','{}', :cursor); END;
5/9/2019 13:46:29 169: 1 Object(s) returned... [FETCH]
5/9/2019 13:46:30 169: [object Object]
5/9/2019 13:46:30 169: {"metaData":[{"name":"USERID"},{"name":"USERFNAME"},{"name":"USERLNAME"},{"name":"USEREMAIL"},{"name":"USERMOBILE"}]}
5/9/2019 13:46:32 170: LIBQUERY with Callback: 
5/9/2019 13:46:32 170: BEGIN PKREQUESTMANAGER.CALLQUERY(170,'ADM0000001','abe','{}', '{abe,abe}','{}', :cursor); END;
5/9/2019 13:46:32 171: LIBQUERY with Callback: 
5/9/2019 13:46:32 171: BEGIN PKREQUESTMANAGER.CALLQUERY(171,'CLI0000002','abe','{}', '{abe}','{}', :cursor); END;
5/9/2019 13:46:32 172: LIBQUERY with Callback: 
5/9/2019 13:46:32 172: BEGIN PKREQUESTMANAGER.CALLQUERY(172,'CLI0000003','abe','{}', '{abe}','{}', :cursor); END;
5/9/2019 13:46:36 172: 1 Object(s) returned... [FETCH]
5/9/2019 13:46:36 172: [object Object]
5/9/2019 13:46:36 172: 1 Object(s) returned... [FETCH]
5/9/2019 13:46:36 172: [object Object]
5/9/2019 13:46:36 172: {"metaData":[{"name":"'EXECUTINGISSUE,CHECKDBMS_SQL.EXECUTERIGHTS'"}]}
5/9/2019 13:46:36 172: {"metaData":[{"name":"USERID"},{"name":"USERFNAME"},{"name":"USERLNAME"},{"name":"USEREMAIL"},{"name":"USERMOBILE"}]}
5/9/2019 13:46:36 173: LIBQUERY with Callback: 
5/9/2019 13:46:36 173: BEGIN PKREQUESTMANAGER.CALLQUERY(173,'CLI0000003','abe','{}', '{abe}','{}', :cursor); END;
5/9/2019 13:46:36 172: 1 Object(s) returned... [FETCH]
5/9/2019 13:46:36 172: [object Object]
5/9/2019 13:46:36 172: {"metaData":[{"name":"USERID"},{"name":"USERCORPID"},{"name":"USERPASS"},{"name":"USERAUTH"},{"name":"USERLANG"},{"name":"USERPROF"},{"name":"USERAPPLI"},{"name":"USERFNAME"},{"name":"USERLNAME"},{"name":"USEREMAIL"},{"name":"USERMOBILE"},{"name":"USERTEAM"},{"name":"USERACTIVE"},{"name":"USERDCRE"},{"name":"USERDMAJ"},{"name":"USERUTIL"},{"name":"USERTYPE"}]}
5/9/2019 13:46:36 174: LIBQUERY with Callback: 
5/9/2019 13:46:36 174: BEGIN PKREQUESTMANAGER.CALLQUERY(174,'CLI0000002','abe','{}', '{abe}','{}', :cursor); END;
5/9/2019 13:46:38 174: 1 Object(s) returned... [FETCH]
5/9/2019 13:46:38 174: [object Object]
5/9/2019 13:46:38 174: {"metaData":[{"name":"'EXECUTINGISSUE,CHECKDBMS_SQL.EXECUTERIGHTS'"}]}
5/9/2019 13:46:38 174: 1 Object(s) returned... [FETCH]
5/9/2019 13:46:38 174: [object Object]
5/9/2019 13:46:38 174: {"metaData":[{"name":"USERID"},{"name":"USERCORPID"},{"name":"USERPASS"},{"name":"USERAUTH"},{"name":"USERLANG"},{"name":"USERPROF"},{"name":"USERAPPLI"},{"name":"USERFNAME"},{"name":"USERLNAME"},{"name":"USEREMAIL"},{"name":"USERMOBILE"},{"name":"USERTEAM"},{"name":"USERACTIVE"},{"name":"USERDCRE"},{"name":"USERDMAJ"},{"name":"USERUTIL"},{"name":"USERTYPE"}]}
5/9/2019 13:48:2 175: LIBQUERY with Callback: 
5/9/2019 13:48:2 175: BEGIN PKREQUESTMANAGER.CALLQUERY(175,'ADM0000001','abe','{}', '{abe,abe}','{}', :cursor); END;
5/9/2019 13:48:10 175: 1 Object(s) returned... [FETCH]
5/9/2019 13:48:10 175: [object Object]
5/9/2019 13:48:11 175: {"metaData":[{"name":"USERID"},{"name":"USERFNAME"},{"name":"USERLNAME"},{"name":"USEREMAIL"},{"name":"USERMOBILE"}]}
5/9/2019 13:48:15 176: LIBQUERY with Callback: 
5/9/2019 13:48:15 176: BEGIN PKREQUESTMANAGER.CALLQUERY(176,'CLI0000002','abe','{}', '{abe}','{}', :cursor); END;
5/9/2019 13:48:16 177: LIBQUERY with Callback: 
5/9/2019 13:48:16 177: BEGIN PKREQUESTMANAGER.CALLQUERY(177,'CLI0000003','abe','{}', '{abe}','{}', :cursor); END;
5/9/2019 13:48:20 177: 1 Object(s) returned... [FETCH]
5/9/2019 13:48:20 177: [object Object]
5/9/2019 13:48:20 177: {"metaData":[{"name":"'EXECUTINGISSUE,CHECKDBMS_SQL.EXECUTERIGHTS'"}]}
5/9/2019 13:48:20 177: 1 Object(s) returned... [FETCH]
5/9/2019 13:48:20 177: [object Object]
5/9/2019 13:48:20 177: {"metaData":[{"name":"USERID"},{"name":"USERCORPID"},{"name":"USERPASS"},{"name":"USERAUTH"},{"name":"USERLANG"},{"name":"USERPROF"},{"name":"USERAPPLI"},{"name":"USERFNAME"},{"name":"USERLNAME"},{"name":"USEREMAIL"},{"name":"USERMOBILE"},{"name":"USERTEAM"},{"name":"USERACTIVE"},{"name":"USERDCRE"},{"name":"USERDMAJ"},{"name":"USERUTIL"},{"name":"USERTYPE"}]}
5/9/2019 13:56:14 178: LIBQUERY with Callback: 
5/9/2019 13:56:14 178: BEGIN PKREQUESTMANAGER.CALLQUERY(178,'ADM0000001','abe','{}', '{abe,abe}','{}', :cursor); END;
5/9/2019 13:56:20 178: 1 Object(s) returned... [FETCH]
5/9/2019 13:56:20 178: [object Object]
5/9/2019 13:56:20 178: {"metaData":[{"name":"USERID"},{"name":"USERFNAME"},{"name":"USERLNAME"},{"name":"USEREMAIL"},{"name":"USERMOBILE"}]}
5/9/2019 13:56:21 179: LIBQUERY with Callback: 
5/9/2019 13:56:21 179: BEGIN PKREQUESTMANAGER.CALLQUERY(179,'CLI0000003','abe','{}', '{abe}','{}', :cursor); END;
5/9/2019 13:56:21 180: LIBQUERY with Callback: 
5/9/2019 13:56:21 180: BEGIN PKREQUESTMANAGER.CALLQUERY(180,'CLI0000002','abe','{}', '{abe}','{}', :cursor); END;
5/9/2019 13:56:23 180: 1 Object(s) returned... [FETCH]
5/9/2019 13:56:23 180: [object Object]
5/9/2019 13:56:23 180: {"metaData":[{"name":"USERID"},{"name":"USERCORPID"},{"name":"USERPASS"},{"name":"USERAUTH"},{"name":"USERLANG"},{"name":"USERPROF"},{"name":"USERAPPLI"},{"name":"USERFNAME"},{"name":"USERLNAME"},{"name":"USEREMAIL"},{"name":"USERMOBILE"},{"name":"USERTEAM"},{"name":"USERACTIVE"},{"name":"USERDCRE"},{"name":"USERDMAJ"},{"name":"USERUTIL"},{"name":"USERTYPE"}]}
5/9/2019 13:56:23 180: 6 Object(s) returned... [FETCH]
5/9/2019 13:56:23 180: [object Object],[object Object],[object Object],[object Object],[object Object],[object Object]
5/9/2019 13:56:23 180: {"metaData":[{"name":"LEVEL"},{"name":"ENVID"},{"name":"ENVCORPID"},{"name":"CORPSDESC"},{"name":"ENVCODE"},{"name":"ENVTYPE"},{"name":"ENVACTIVE"},{"name":"ENVSDESC"},{"name":"ENVLDESC"},{"name":"ENVDBTYPE"},{"name":"ENVIP"},{"name":"ENVPORT"},{"name":"ENVUSER"},{"name":"ENVPASSWORD"},{"name":"ENVSOURCE"},{"name":"ENVDBLINK"},{"name":"ENVDEFAULT"},{"name":"ENVDCRE"},{"name":"ENVDMAJ"},{"name":"ENVUTIL"},{"name":"ENVVERSION"},{"name":"ENVDEFLANG"},{"name":"CORPPIC"},{"name":"ENVVARINITSH"},{"name":"ENVTITLECOLOR"},{"name":"ENVTITLE"}]}
5/9/2019 13:56:25 181: LIBQUERY with Callback: 
5/9/2019 13:56:25 181: BEGIN PKREQUESTMANAGER.CALLQUERY(181,'WDG0000001','abe','{HEINENS_CUSTOM_PROD}', '{abe,-1}','{HN}', :cursor); END;
5/9/2019 13:56:28 181: 0 Object(s) returned... [FETCH] :)
5/9/2019 13:56:28 181: {}
5/9/2019 13:56:29 182: LIBQUERY with Callback: 
5/9/2019 13:56:29 182: BEGIN PKREQUESTMANAGER.CALLQUERY(182,'WDG1000000','abe','{HEINENS_CUSTOM_PROD}', '{undefined}','{HN}', :cursor); END;
5/9/2019 13:58:30 183: LIBQUERY with Callback: 
5/9/2019 13:58:30 183: BEGIN PKREQUESTMANAGER.CALLQUERY(183,'WDG1000000','abe','{HEINENS_CUSTOM_PROD}', '{undefined}','{HN}', :cursor); END;
5/9/2019 14:29:0 184: LIBQUERY with Callback: 
5/9/2019 14:29:0 184: BEGIN PKREQUESTMANAGER.CALLQUERY(184,'ADM0000001','abe','{}', '{abe,abe}','{}', :cursor); END;
5/9/2019 14:29:5 184: 1 Object(s) returned... [FETCH]
5/9/2019 14:29:5 184: [object Object]
5/9/2019 14:29:5 184: {"metaData":[{"name":"USERID"},{"name":"USERFNAME"},{"name":"USERLNAME"},{"name":"USEREMAIL"},{"name":"USERMOBILE"}]}
5/9/2019 14:29:5 185: LIBQUERY with Callback: 
5/9/2019 14:29:5 185: BEGIN PKREQUESTMANAGER.CALLQUERY(185,'CLI0000002','abe','{}', '{abe}','{}', :cursor); END;
5/9/2019 14:29:5 186: LIBQUERY with Callback: 
5/9/2019 14:29:5 186: BEGIN PKREQUESTMANAGER.CALLQUERY(186,'CLI0000003','abe','{}', '{abe}','{}', :cursor); END;
5/9/2019 14:29:8 186: 1 Object(s) returned... [FETCH]
5/9/2019 14:29:8 186: [object Object]
5/9/2019 14:29:8 186: 6 Object(s) returned... [FETCH]
5/9/2019 14:29:8 186: [object Object],[object Object],[object Object],[object Object],[object Object],[object Object]
5/9/2019 14:29:8 186: {"metaData":[{"name":"USERID"},{"name":"USERCORPID"},{"name":"USERPASS"},{"name":"USERAUTH"},{"name":"USERLANG"},{"name":"USERPROF"},{"name":"USERAPPLI"},{"name":"USERFNAME"},{"name":"USERLNAME"},{"name":"USEREMAIL"},{"name":"USERMOBILE"},{"name":"USERTEAM"},{"name":"USERACTIVE"},{"name":"USERDCRE"},{"name":"USERDMAJ"},{"name":"USERUTIL"},{"name":"USERTYPE"}]}
5/9/2019 14:29:8 186: {"metaData":[{"name":"LEVEL"},{"name":"ENVID"},{"name":"ENVCORPID"},{"name":"CORPSDESC"},{"name":"ENVCODE"},{"name":"ENVTYPE"},{"name":"ENVACTIVE"},{"name":"ENVSDESC"},{"name":"ENVLDESC"},{"name":"ENVDBTYPE"},{"name":"ENVIP"},{"name":"ENVPORT"},{"name":"ENVUSER"},{"name":"ENVPASSWORD"},{"name":"ENVSOURCE"},{"name":"ENVDBLINK"},{"name":"ENVDEFAULT"},{"name":"ENVDCRE"},{"name":"ENVDMAJ"},{"name":"ENVUTIL"},{"name":"ENVVERSION"},{"name":"ENVDEFLANG"},{"name":"CORPPIC"},{"name":"ENVVARINITSH"},{"name":"ENVTITLECOLOR"},{"name":"ENVTITLE"}]}
5/9/2019 14:29:10 187: LIBQUERY with Callback: 
5/9/2019 14:29:10 187: BEGIN PKREQUESTMANAGER.CALLQUERY(187,'WDG0000001','abe','{HEINENS_CUSTOM_PROD}', '{abe,-1}','{HN}', :cursor); END;
5/9/2019 14:29:13 187: 9 Object(s) returned... [FETCH]
5/9/2019 14:29:13 187: [object Object],[object Object],[object Object],[object Object],[object Object],[object Object],[object Object],[object Object],[object Object]
5/9/2019 14:29:13 187: {"metaData":[{"name":"WIDID"},{"name":"WIDBEHAVIOR"},{"name":"WIDTABLE"},{"name":"WIDRSS"},{"name":"WIDCHART"},{"name":"WIDINFO"},{"name":"WIDWIDTH"},{"name":"WIDHEIGHT"},{"name":"WIDX"},{"name":"WIDY"},{"name":"WIDROWS"},{"name":"UWPDCRE"},{"name":"UWPDMAJ"},{"name":"UWPUTIL"},{"name":"WIDSNAP"},{"name":"WIDSNAPFILE"},{"name":"LWQMWIDID"},{"name":"LWQCWIDID"},{"name":"LWQMFIELD"},{"name":"LWQCFIELD"},{"name":"LWQDCRE"},{"name":"LWQDMAJ"},{"name":"LWQUTIL"},{"name":"WRSID"},{"name":"WRSFIELD"},{"name":"WRSHEADER"},{"name":"WRSPOSITION"},{"name":"WRSDCRE"},{"name":"WRSDMAJ"},{"name":"WRSUTIL"},{"name":"WIDNAME"},{"name":"WIDDESC"}]}
5/9/2019 14:29:37 188: LIBQUERY with Callback: 
5/9/2019 14:29:37 188: BEGIN PKREQUESTMANAGER.CALLQUERY(188,'SUP0000001','abe','{HEINENS_CEN_UAT}', '{SHER}','{HN}', :cursor); END;
5/9/2019 14:29:40 188: 184 Object(s) returned... [FETCH]
5/9/2019 14:29:40 188: [object Object],[object Object],[object Object],[object Object],[object Object],[object Object],[object Object],[object Object],[object Object],[object Object],[object Object],[object Object],[object Object],[object Object],[object Object],[object Object],[object Object],[object Object],[object Object],[object Object],[object Object],[object Object],[object Object],[object Object],[object Object],[object Object],[object Object],[object Object],[object Object],[object Object],[object Object],[object Object],[object Object],[object Object],[object Object],[object Object],[object Object],[object Object],[object Object],[object Object],[object Object],[object Object],[object Object],[object Object],[object Object],[object Object],[object Object],[object Object],[object Object],[object Object],[object Object],[object Object],[object Object],[object Object],[object Object],[object Object],[object Object],[object Object],[object Object],[object Object],[object Object],[object Object],[object Object],[object Object],[object Object],[object Object],[object Object],[object Object],[object Object],[object Object],[object Object],[object Object],[object Object],[object Object],[object Object],[object Object],[object Object],[object Object],[object Object],[object Object],[object Object],[object Object],[object Object],[object Object],[object Object],[object Object],[object Object],[object Object],[object Object],[object Object],[object Object],[object Object],[object Object],[object Object],[object Object],[object Object],[object Object],[object Object],[object Object],[object Object],[object Object],[object Object],[object Object],[object Object],[object Object],[object Object],[object Object],[object Object],[object Object],[object Object],[object Object],[object Object],[object Object],[object Object],[object Object],[object Object],[object Object],[object Object],[object Object],[object Object],[object Object],[object Object],[object Object],[object Object],[object Object],[object Object],[object Object],[object Object],[object Object],[object Object],[object Object],[object Object],[object Object],[object Object],[object Object],[object Object],[object Object],[object Object],[object Object],[object Object],[object Object],[object Object],[object Object],[object Object],[object Object],[object Object],[object Object],[object Object],[object Object],[object Object],[object Object],[object Object],[object Object],[object Object],[object Object],[object Object],[object Object],[object Object],[object Object],[object Object],[object Object],[object Object],[object Object],[object Object],[object Object],[object Object],[object Object],[object Object],[object Object],[object Object],[object Object],[object Object],[object Object],[object Object],[object Object],[object Object],[object Object],[object Object],[object Object],[object Object],[object Object],[object Object],[object Object],[object Object]
5/9/2019 14:29:41 188: {"metaData":[{"name":"LISCFIN"},{"name":"FOUCNUF"},{"name":"FOULIBL"},{"name":"FCSNUM"},{"name":"LISCSIN"},{"name":"LISCCIN"},{"name":"FCCNUM"},{"name":"LISNFILF"},{"name":"SOCSITE"},{"name":"SOCLMAG"},{"name":"LISNFILC"},{"name":"LISTLIV"},{"name":"LISCOMC"},{"name":"LISCOMR"},{"name":"LISCOMF"},{"name":"LISVCOM"},{"name":"LISTSLI"},{"name":"LISTSQP"},{"name":"LISTOP"},{"name":"LISAVAL"},{"name":"LISMARQ"},{"name":"LISREAP"},{"name":"LISUREAP"},{"name":"LISUREAP_LIB"},{"name":"LISCOMM"},{"name":"LISCDLU"},{"name":"LISCDMA"},{"name":"LISCDME"},{"name":"LISCDJE"},{"name":"LISCDVE"},{"name":"LISCDSA"},{"name":"LISCDDI"},{"name":"LISLILU"},{"name":"LISLIMA"},{"name":"LISLIME"},{"name":"LISLIJE"},{"name":"LISLIVE"},{"name":"LISLISA"},{"name":"LISLIDI"},{"name":"LISHRLU"},{"name":"LISHRMA"},{"name":"LISHRME"},{"name":"LISHRJE"},{"name":"LISHRVE"},{"name":"LISHRSA"},{"name":"LISHRDI"},{"name":"LISHLLU"},{"name":"LISHLMA"},{"name":"LISHLME"},{"name":"LISHLJE"},{"name":"LISHLVE"},{"name":"LISHLSA"},{"name":"LISHLDI"},{"name":"LISHRLU2"},{"name":"LISHRMA2"},{"name":"LISHRME2"},{"name":"LISHRJE2"},{"name":"LISHRVE2"},{"name":"LISHRSA2"},{"name":"LISHRDI2"},{"name":"LISHLLU2"},{"name":"LISHLMA2"},{"name":"LISHLME2"},{"name":"LISHLJE2"},{"name":"LISHLVE2"},{"name":"LISHLSA2"},{"name":"LISHLDI2"},{"name":"LISHRLU3"},{"name":"LISHRMA3"},{"name":"LISHRME3"},{"name":"LISHRJE3"},{"name":"LISHRVE3"},{"name":"LISHRSA3"},{"name":"LISHRDI3"},{"name":"LISHLLU3"},{"name":"LISHLMA3"},{"name":"LISHLME3"},{"name":"LISHLJE3"},{"name":"LISHLVE3"},{"name":"LISHLSA3"},{"name":"LISHLDI3"},{"name":"LISDDEB"},{"name":"LISDFIN"}]}
5/9/2019 14:30:18 189: LIBQUERY with Callback: 
5/9/2019 14:30:18 189: BEGIN PKREQUESTMANAGER.CALLQUERY(189,'SCH0000001','abe','{HEINENS_CEN_UAT}', '{08065,08065CC,0,08065SC,05/12/2019,05/18/2019,abe,99953}','{HN}', :cursor); END;
