9/23/2018 9:57:14 1: LIBQUERY with Callback: 
9/23/2018 9:57:14 1: BEGIN PKREQUESTMANAGER.CALLQUERY(1,'ADM0000001','abe','{}', '{abe,abe}','{}', :cursor); END;
9/23/2018 9:57:14 1: 1 Object(s) returned... [FETCH]
9/23/2018 9:57:14 1: [object Object]
9/23/2018 9:57:14 1: {"metaData":[{"name":"USERID"},{"name":"USERFNAME"},{"name":"USERLNAME"},{"name":"USEREMAIL"},{"name":"USERMOBILE"}]}
9/23/2018 9:57:14 2: LIBQUERY with Callback: 
9/23/2018 9:57:14 2: BEGIN PKREQUESTMANAGER.CALLQUERY(2,'CLI0000002','abe','{}', '{abe}','{}', :cursor); END;
9/23/2018 9:57:14 3: LIBQUERY with Callback: 
9/23/2018 9:57:14 3: BEGIN PKREQUESTMANAGER.CALLQUERY(3,'CLI0000003','abe','{}', '{abe}','{}', :cursor); END;
9/23/2018 9:57:14 4: LIBQUERY with Callback: 
9/23/2018 9:57:14 4: BEGIN PKREQUESTMANAGER.CALLQUERY(4,'LAB0000001','abe','{undefined}', '{undefined}','{}', :cursor); END;
9/23/2018 9:57:14 3: 1 Object(s) returned... [FETCH]
9/23/2018 9:57:14 3: [object Object]
9/23/2018 9:57:14 3: {"metaData":[{"name":"USERID"},{"name":"USERCORPID"},{"name":"USERPASS"},{"name":"USERAUTH"},{"name":"USERLANG"},{"name":"USERPROF"},{"name":"USERAPPLI"},{"name":"USERFNAME"},{"name":"USERLNAME"},{"name":"USEREMAIL"},{"name":"USERMOBILE"},{"name":"USERTEAM"},{"name":"USERACTIVE"},{"name":"USERDCRE"},{"name":"USERDMAJ"},{"name":"USERUTIL"},{"name":"USERTYPE"}]}
9/23/2018 9:57:15 4: 36 Object(s) returned... [FETCH]
9/23/2018 9:57:15 4: [object Object],[object Object],[object Object],[object Object],[object Object],[object Object],[object Object],[object Object],[object Object],[object Object],[object Object],[object Object],[object Object],[object Object],[object Object],[object Object],[object Object],[object Object],[object Object],[object Object],[object Object],[object Object],[object Object],[object Object],[object Object],[object Object],[object Object],[object Object],[object Object],[object Object],[object Object],[object Object],[object Object],[object Object],[object Object],[object Object]
9/23/2018 9:57:15 4: {"metaData":[{"name":"LABID"},{"name":"LABTYPE"},{"name":"LABDESC"},{"name":"LABLANG"},{"name":"LABDCRE"},{"name":"LABDMAJ"},{"name":"LABUTIL"}]}
9/23/2018 9:57:15 4: 5 Object(s) returned... [FETCH]
9/23/2018 9:57:15 4: [object Object],[object Object],[object Object],[object Object],[object Object]
9/23/2018 9:57:15 4: {"metaData":[{"name":"LEVEL"},{"name":"ENVID"},{"name":"ENVCORPID"},{"name":"CORPSDESC"},{"name":"ENVCODE"},{"name":"ENVTYPE"},{"name":"ENVACTIVE"},{"name":"ENVSDESC"},{"name":"ENVLDESC"},{"name":"ENVDBTYPE"},{"name":"ENVIP"},{"name":"ENVPORT"},{"name":"ENVUSER"},{"name":"ENVPASSWORD"},{"name":"ENVSOURCE"},{"name":"ENVDBLINK"},{"name":"ENVDEFAULT"},{"name":"ENVDCRE"},{"name":"ENVDMAJ"},{"name":"ENVUTIL"},{"name":"ENVVERSION"},{"name":"ENVDEFLANG"},{"name":"CORPPIC"},{"name":"ENVVARINITSH"}]}
9/23/2018 21:1:30 1: LIBQUERY with Callback: 
9/23/2018 21:1:30 1: BEGIN PKREQUESTMANAGER.CALLQUERY(1,'CLI0000001','abe','{HEINENS_CEN_UAT}', '{111770,@item}','{HN}', :cursor); END;
9/23/2018 21:1:55 1: 1 Object(s) returned... [FETCH]
9/23/2018 21:1:55 1: [object Object]
9/23/2018 21:1:55 1: {"metaData":[{"name":"COL1"},{"name":"COL2"},{"name":"COL3"},{"name":"COL4"},{"name":"COL5"},{"name":"COL6"}]}
