2/17/2021 13:0:51 [crontab] 1: "BEGIN PKREQUESTMANAGER.CALLQUERY(1,'CRON000001','crontab','{}', '{}','{}', :cursor); END;"
2/17/2021 13:0:53 [crontab] 1: "27 Object(s) returned... [FETCH]"
2/17/2021 13:0:53 [crontab] CRON: "Cron Job DAILY_WHS_SSCC_NO_UBD is now scheduled using cron setup : */5 * * * *"
2/17/2021 13:0:53 [crontab] CRON: "Cron Job WEEKLY_STORE_NO_SALES is now scheduled using cron setup : 5 6 * * 1"
2/17/2021 13:0:53 [crontab] CRON: "Cron Job EXP_WHS_INVALID_PICKING is now scheduled using cron setup : 5 9 * * *"
2/17/2021 13:0:53 [crontab] CRON: "Cron Job DAILY_STORE_SHORTED is now scheduled using cron setup : 5 7 * * *"
2/17/2021 13:0:53 [crontab] CRON: "Cron Job DAILY_STORE_BLOCKED_RECEIPT is now scheduled using cron setup : 5 7 * * *"
2/17/2021 13:0:53 [crontab] CRON: "Cron Job WEEKLY_STORE_NO_SALES_ADMIN is now scheduled using cron setup : 5 7 * * 1"
2/17/2021 13:0:53 [crontab] CRON: "Cron Job WEEKLY_EDI_invoice_WEEKLY is now scheduled using cron setup : 1 19 * * 7"
2/17/2021 13:0:53 [crontab] CRON: "Cron Job ONGOING_EDI_invoice_SCAN is not active. Activation date on Tue Jan 12 2049 00:00:00 GMT+0100 (Central European Standard Time)"
2/17/2021 13:0:53 [crontab] CRON: "Cron Job CGO_ALERT is not active. Activation date on Tue Jan 12 2049 00:00:00 GMT+0100 (Central European Standard Time)"
2/17/2021 13:0:53 [crontab] CRON: "Cron Job DAILY_CAO_Negative_Inventory_1130AM is now scheduled using cron setup : 30 11 * * *"
2/17/2021 13:0:53 [crontab] CRON: "Cron Job DAILY_CAO_Negative_Inventory_0530AM is not active. Activation date on Tue Jan 12 2049 00:00:00 GMT+0100 (Central European Standard Time)"
2/17/2021 13:0:53 [crontab] CRON: "Cron Job DAILY_CAO_Order_Recap is now scheduled using cron setup : 30 11 * * *"
2/17/2021 13:0:53 [crontab] CRON: "Cron Job DAILY_Store_Sales is now scheduled using cron setup : 5 8 * * *"
2/17/2021 13:0:53 [crontab] CRON: "Cron Job DAILY_CAO_Store_Sales is now scheduled using cron setup : 5 8 * * *"
2/17/2021 13:0:53 [crontab] CRON: "Cron Job WEEKLY_Store_shrink is now scheduled using cron setup : 5 19 * * 7"
2/17/2021 13:0:53 [crontab] CRON: "Cron Job WEEKLY_CAO_Store_shrink is now scheduled using cron setup : 5 19 * * 7"
2/17/2021 13:0:53 [crontab] CRON: "Cron Job DAILY_BUYER_Pushout is not active. Activation date on Tue Jan 12 2049 00:00:00 GMT+0100 (Central European Standard Time)"
2/17/2021 13:0:53 [crontab] CRON: "Cron Job DAILY_EDI_BLANK_REF is now scheduled using cron setup : 5 7 * * *"
2/17/2021 13:0:53 [crontab] CRON: "Cron Job ICR_MAINTENANCE is now scheduled using cron setup : 5 3 * * *"
2/17/2021 13:0:53 [crontab] CRON: "Cron Job VIEW_REFRESH_DAILY is now scheduled using cron setup : 5 12 * * *"
2/17/2021 13:0:53 [crontab] CRON: "Cron Job VIEW_REFRESH_HOURLY is now scheduled using cron setup : 5 11 * * *"
2/17/2021 13:0:53 [crontab] CRON: "Cron Job DAILY_WHS_CUT is now scheduled using cron setup : 5 7 * * *"
2/17/2021 13:0:53 [crontab] CRON: "Cron Job DAILY_WHS_UBD is now scheduled using cron setup : 5 8 * * *"
2/17/2021 13:0:53 [crontab] CRON: "Cron Job DAILY_WHS_NEG_UBD is now scheduled using cron setup : 0 2 * * *"
2/17/2021 13:0:53 [crontab] CRON: "Cron Job WEEKLY_STORE_NO_SALES_CAPTURE_ADMIN is now scheduled using cron setup : 5 6 * * 1"
2/17/2021 13:0:53 [crontab] CRON: "Cron Job DAILY_FILL_RATE_CAPTURE is now scheduled using cron setup : 0 16 * * *"
2/17/2021 13:0:53 [crontab] CRON: "Cron Job DAILY_SERVICE_RATE_CAPTURE is now scheduled using cron setup : 0 16 * * *"
2/17/2021 13:2:22 [crontab] 1: "BEGIN PKREQUESTMANAGER.CALLQUERY(1,'CRON000001','crontab','{}', '{}','{}', :cursor); END;"
2/17/2021 13:2:24 [crontab] 1: "27 Object(s) returned... [FETCH]"
2/17/2021 13:2:24 [crontab] CRON: "Cron Job DAILY_WHS_SSCC_NO_UBD is now scheduled using cron setup : */5 * * * *"
2/17/2021 13:2:24 [crontab] CRON: "Cron Job WEEKLY_STORE_NO_SALES is now scheduled using cron setup : 5 6 * * 1"
2/17/2021 13:2:24 [crontab] CRON: "Cron Job EXP_WHS_INVALID_PICKING is now scheduled using cron setup : 5 9 * * *"
2/17/2021 13:2:24 [crontab] CRON: "Cron Job DAILY_STORE_SHORTED is now scheduled using cron setup : 5 7 * * *"
2/17/2021 13:2:24 [crontab] CRON: "Cron Job DAILY_STORE_BLOCKED_RECEIPT is now scheduled using cron setup : 5 7 * * *"
2/17/2021 13:2:24 [crontab] CRON: "Cron Job WEEKLY_STORE_NO_SALES_ADMIN is now scheduled using cron setup : 5 7 * * 1"
2/17/2021 13:2:24 [crontab] CRON: "Cron Job WEEKLY_EDI_invoice_WEEKLY is now scheduled using cron setup : 1 19 * * 7"
2/17/2021 13:2:24 [crontab] CRON: "Cron Job ONGOING_EDI_invoice_SCAN is not active. Activation date on Tue Jan 12 2049 00:00:00 GMT+0100 (Central European Standard Time)"
2/17/2021 13:2:24 [crontab] CRON: "Cron Job CGO_ALERT is not active. Activation date on Tue Jan 12 2049 00:00:00 GMT+0100 (Central European Standard Time)"
2/17/2021 13:2:24 [crontab] CRON: "Cron Job DAILY_CAO_Negative_Inventory_1130AM is now scheduled using cron setup : 30 11 * * *"
2/17/2021 13:2:24 [crontab] CRON: "Cron Job DAILY_CAO_Negative_Inventory_0530AM is not active. Activation date on Tue Jan 12 2049 00:00:00 GMT+0100 (Central European Standard Time)"
2/17/2021 13:2:24 [crontab] CRON: "Cron Job DAILY_CAO_Order_Recap is now scheduled using cron setup : 30 11 * * *"
2/17/2021 13:2:24 [crontab] CRON: "Cron Job DAILY_Store_Sales is now scheduled using cron setup : 5 8 * * *"
2/17/2021 13:2:24 [crontab] CRON: "Cron Job DAILY_CAO_Store_Sales is now scheduled using cron setup : 5 8 * * *"
2/17/2021 13:2:24 [crontab] CRON: "Cron Job WEEKLY_Store_shrink is now scheduled using cron setup : 5 19 * * 7"
2/17/2021 13:2:24 [crontab] CRON: "Cron Job WEEKLY_CAO_Store_shrink is now scheduled using cron setup : 5 19 * * 7"
2/17/2021 13:2:24 [crontab] CRON: "Cron Job DAILY_BUYER_Pushout is not active. Activation date on Tue Jan 12 2049 00:00:00 GMT+0100 (Central European Standard Time)"
2/17/2021 13:2:24 [crontab] CRON: "Cron Job DAILY_EDI_BLANK_REF is now scheduled using cron setup : 5 7 * * *"
2/17/2021 13:2:24 [crontab] CRON: "Cron Job ICR_MAINTENANCE is now scheduled using cron setup : 5 3 * * *"
2/17/2021 13:2:24 [crontab] CRON: "Cron Job VIEW_REFRESH_DAILY is now scheduled using cron setup : 5 12 * * *"
2/17/2021 13:2:24 [crontab] CRON: "Cron Job VIEW_REFRESH_HOURLY is now scheduled using cron setup : 5 11 * * *"
2/17/2021 13:2:24 [crontab] CRON: "Cron Job DAILY_WHS_CUT is now scheduled using cron setup : 5 7 * * *"
2/17/2021 13:2:24 [crontab] CRON: "Cron Job DAILY_WHS_UBD is now scheduled using cron setup : 5 8 * * *"
2/17/2021 13:2:24 [crontab] CRON: "Cron Job DAILY_WHS_NEG_UBD is now scheduled using cron setup : 0 2 * * *"
2/17/2021 13:2:24 [crontab] CRON: "Cron Job WEEKLY_STORE_NO_SALES_CAPTURE_ADMIN is now scheduled using cron setup : 5 6 * * 1"
2/17/2021 13:2:24 [crontab] CRON: "Cron Job DAILY_FILL_RATE_CAPTURE is now scheduled using cron setup : 0 16 * * *"
2/17/2021 13:2:24 [crontab] CRON: "Cron Job DAILY_SERVICE_RATE_CAPTURE is now scheduled using cron setup : 0 16 * * *"
2/17/2021 13:5:9 [crontab] 1: "BEGIN PKREQUESTMANAGER.CALLQUERY(1,'CRON000001','crontab','{}', '{}','{}', :cursor); END;"
2/17/2021 13:5:12 [crontab] 1: "27 Object(s) returned... [FETCH]"
2/17/2021 13:5:12 [crontab] CRON: "Cron Job DAILY_WHS_SSCC_NO_UBD is now scheduled using cron setup : */5 * * * *"
2/17/2021 13:5:12 [crontab] CRON: "Cron Job WEEKLY_STORE_NO_SALES is now scheduled using cron setup : 5 6 * * 1"
2/17/2021 13:5:12 [crontab] CRON: "Cron Job EXP_WHS_INVALID_PICKING is now scheduled using cron setup : 5 9 * * *"
2/17/2021 13:5:12 [crontab] CRON: "Cron Job DAILY_STORE_SHORTED is now scheduled using cron setup : 5 7 * * *"
2/17/2021 13:5:12 [crontab] CRON: "Cron Job DAILY_STORE_BLOCKED_RECEIPT is now scheduled using cron setup : 5 7 * * *"
2/17/2021 13:5:12 [crontab] CRON: "Cron Job WEEKLY_STORE_NO_SALES_ADMIN is now scheduled using cron setup : 5 7 * * 1"
2/17/2021 13:5:12 [crontab] CRON: "Cron Job WEEKLY_EDI_invoice_WEEKLY is now scheduled using cron setup : 1 19 * * 7"
2/17/2021 13:5:12 [crontab] CRON: "Cron Job ONGOING_EDI_invoice_SCAN is not active. Activation date on Tue Jan 12 2049 00:00:00 GMT+0100 (Central European Standard Time)"
2/17/2021 13:5:12 [crontab] CRON: "Cron Job CGO_ALERT is not active. Activation date on Tue Jan 12 2049 00:00:00 GMT+0100 (Central European Standard Time)"
2/17/2021 13:5:12 [crontab] CRON: "Cron Job DAILY_CAO_Negative_Inventory_1130AM is now scheduled using cron setup : 30 11 * * *"
2/17/2021 13:5:12 [crontab] CRON: "Cron Job DAILY_CAO_Negative_Inventory_0530AM is not active. Activation date on Tue Jan 12 2049 00:00:00 GMT+0100 (Central European Standard Time)"
2/17/2021 13:5:12 [crontab] CRON: "Cron Job DAILY_CAO_Order_Recap is now scheduled using cron setup : 30 11 * * *"
2/17/2021 13:5:12 [crontab] CRON: "Cron Job DAILY_Store_Sales is now scheduled using cron setup : 5 8 * * *"
2/17/2021 13:5:12 [crontab] CRON: "Cron Job DAILY_CAO_Store_Sales is now scheduled using cron setup : 5 8 * * *"
2/17/2021 13:5:12 [crontab] CRON: "Cron Job WEEKLY_Store_shrink is now scheduled using cron setup : 5 19 * * 7"
2/17/2021 13:5:12 [crontab] CRON: "Cron Job WEEKLY_CAO_Store_shrink is now scheduled using cron setup : 5 19 * * 7"
2/17/2021 13:5:12 [crontab] CRON: "Cron Job DAILY_BUYER_Pushout is not active. Activation date on Tue Jan 12 2049 00:00:00 GMT+0100 (Central European Standard Time)"
2/17/2021 13:5:12 [crontab] CRON: "Cron Job DAILY_EDI_BLANK_REF is now scheduled using cron setup : 5 7 * * *"
2/17/2021 13:5:12 [crontab] CRON: "Cron Job ICR_MAINTENANCE is now scheduled using cron setup : 5 3 * * *"
2/17/2021 13:5:12 [crontab] CRON: "Cron Job VIEW_REFRESH_DAILY is now scheduled using cron setup : 5 12 * * *"
2/17/2021 13:5:12 [crontab] CRON: "Cron Job VIEW_REFRESH_HOURLY is now scheduled using cron setup : 5 11 * * *"
2/17/2021 13:5:12 [crontab] CRON: "Cron Job DAILY_WHS_CUT is now scheduled using cron setup : 5 7 * * *"
2/17/2021 13:5:12 [crontab] CRON: "Cron Job DAILY_WHS_UBD is now scheduled using cron setup : 5 8 * * *"
2/17/2021 13:5:12 [crontab] CRON: "Cron Job DAILY_WHS_NEG_UBD is now scheduled using cron setup : 0 2 * * *"
2/17/2021 13:5:12 [crontab] CRON: "Cron Job WEEKLY_STORE_NO_SALES_CAPTURE_ADMIN is now scheduled using cron setup : 5 6 * * 1"
2/17/2021 13:5:12 [crontab] CRON: "Cron Job DAILY_FILL_RATE_CAPTURE is now scheduled using cron setup : 0 16 * * *"
2/17/2021 13:5:12 [crontab] CRON: "Cron Job DAILY_SERVICE_RATE_CAPTURE is now scheduled using cron setup : 0 16 * * *"
2/17/2021 13:5:31 [crontab] 1: "BEGIN PKREQUESTMANAGER.CALLQUERY(1,'CRON000001','crontab','{}', '{}','{}', :cursor); END;"
2/17/2021 13:5:34 [crontab] 1: "27 Object(s) returned... [FETCH]"
2/17/2021 13:5:34 [crontab] CRON: "Cron Job DAILY_WHS_SSCC_NO_UBD is now scheduled using cron setup : */5 * * * *"
2/17/2021 13:5:34 [crontab] CRON: "Cron Job WEEKLY_STORE_NO_SALES is now scheduled using cron setup : 5 6 * * 1"
2/17/2021 13:5:34 [crontab] CRON: "Cron Job EXP_WHS_INVALID_PICKING is now scheduled using cron setup : 5 9 * * *"
2/17/2021 13:5:34 [crontab] CRON: "Cron Job DAILY_STORE_SHORTED is now scheduled using cron setup : 5 7 * * *"
2/17/2021 13:5:34 [crontab] CRON: "Cron Job DAILY_STORE_BLOCKED_RECEIPT is now scheduled using cron setup : 5 7 * * *"
2/17/2021 13:5:34 [crontab] CRON: "Cron Job WEEKLY_STORE_NO_SALES_ADMIN is now scheduled using cron setup : 5 7 * * 1"
2/17/2021 13:5:34 [crontab] CRON: "Cron Job WEEKLY_EDI_invoice_WEEKLY is now scheduled using cron setup : 1 19 * * 7"
2/17/2021 13:5:34 [crontab] CRON: "Cron Job ONGOING_EDI_invoice_SCAN is not active. Activation date on Tue Jan 12 2049 00:00:00 GMT+0100 (Central European Standard Time)"
2/17/2021 13:5:34 [crontab] CRON: "Cron Job CGO_ALERT is not active. Activation date on Tue Jan 12 2049 00:00:00 GMT+0100 (Central European Standard Time)"
2/17/2021 13:5:34 [crontab] CRON: "Cron Job DAILY_CAO_Negative_Inventory_1130AM is now scheduled using cron setup : 30 11 * * *"
2/17/2021 13:5:34 [crontab] CRON: "Cron Job DAILY_CAO_Negative_Inventory_0530AM is not active. Activation date on Tue Jan 12 2049 00:00:00 GMT+0100 (Central European Standard Time)"
2/17/2021 13:5:34 [crontab] CRON: "Cron Job DAILY_CAO_Order_Recap is now scheduled using cron setup : 30 11 * * *"
2/17/2021 13:5:34 [crontab] CRON: "Cron Job DAILY_Store_Sales is now scheduled using cron setup : 5 8 * * *"
2/17/2021 13:5:34 [crontab] CRON: "Cron Job DAILY_CAO_Store_Sales is now scheduled using cron setup : 5 8 * * *"
2/17/2021 13:5:34 [crontab] CRON: "Cron Job WEEKLY_Store_shrink is now scheduled using cron setup : 5 19 * * 7"
2/17/2021 13:5:34 [crontab] CRON: "Cron Job WEEKLY_CAO_Store_shrink is now scheduled using cron setup : 5 19 * * 7"
2/17/2021 13:5:34 [crontab] CRON: "Cron Job DAILY_BUYER_Pushout is not active. Activation date on Tue Jan 12 2049 00:00:00 GMT+0100 (Central European Standard Time)"
2/17/2021 13:5:34 [crontab] CRON: "Cron Job DAILY_EDI_BLANK_REF is now scheduled using cron setup : 5 7 * * *"
2/17/2021 13:5:34 [crontab] CRON: "Cron Job ICR_MAINTENANCE is now scheduled using cron setup : 5 3 * * *"
2/17/2021 13:5:34 [crontab] CRON: "Cron Job VIEW_REFRESH_DAILY is now scheduled using cron setup : 5 12 * * *"
2/17/2021 13:5:34 [crontab] CRON: "Cron Job VIEW_REFRESH_HOURLY is now scheduled using cron setup : 5 11 * * *"
2/17/2021 13:5:34 [crontab] CRON: "Cron Job DAILY_WHS_CUT is now scheduled using cron setup : 5 7 * * *"
2/17/2021 13:5:34 [crontab] CRON: "Cron Job DAILY_WHS_UBD is now scheduled using cron setup : 5 8 * * *"
2/17/2021 13:5:34 [crontab] CRON: "Cron Job DAILY_WHS_NEG_UBD is now scheduled using cron setup : 0 2 * * *"
2/17/2021 13:5:34 [crontab] CRON: "Cron Job WEEKLY_STORE_NO_SALES_CAPTURE_ADMIN is now scheduled using cron setup : 5 6 * * 1"
2/17/2021 13:5:34 [crontab] CRON: "Cron Job DAILY_FILL_RATE_CAPTURE is now scheduled using cron setup : 0 16 * * *"
2/17/2021 13:5:34 [crontab] CRON: "Cron Job DAILY_SERVICE_RATE_CAPTURE is now scheduled using cron setup : 0 16 * * *"
2/17/2021 13:6:6 [crontab] 1: "BEGIN PKREQUESTMANAGER.CALLQUERY(1,'CRON000001','crontab','{}', '{}','{}', :cursor); END;"
2/17/2021 13:6:8 [crontab] 1: "27 Object(s) returned... [FETCH]"
2/17/2021 13:6:8 [crontab] CRON: "Cron Job DAILY_WHS_SSCC_NO_UBD is now scheduled using cron setup : */5 * * * *"
2/17/2021 13:6:8 [crontab] CRON: "Cron Job WEEKLY_STORE_NO_SALES is now scheduled using cron setup : 5 6 * * 1"
2/17/2021 13:6:8 [crontab] CRON: "Cron Job EXP_WHS_INVALID_PICKING is now scheduled using cron setup : 5 9 * * *"
2/17/2021 13:6:8 [crontab] CRON: "Cron Job DAILY_STORE_SHORTED is now scheduled using cron setup : 5 7 * * *"
2/17/2021 13:6:8 [crontab] CRON: "Cron Job DAILY_STORE_BLOCKED_RECEIPT is now scheduled using cron setup : 5 7 * * *"
2/17/2021 13:6:8 [crontab] CRON: "Cron Job WEEKLY_STORE_NO_SALES_ADMIN is now scheduled using cron setup : 5 7 * * 1"
2/17/2021 13:6:8 [crontab] CRON: "Cron Job WEEKLY_EDI_invoice_WEEKLY is now scheduled using cron setup : 1 19 * * 7"
2/17/2021 13:6:8 [crontab] CRON: "Cron Job ONGOING_EDI_invoice_SCAN is not active. Activation date on Tue Jan 12 2049 00:00:00 GMT+0100 (Central European Standard Time)"
2/17/2021 13:6:8 [crontab] CRON: "Cron Job CGO_ALERT is not active. Activation date on Tue Jan 12 2049 00:00:00 GMT+0100 (Central European Standard Time)"
2/17/2021 13:6:8 [crontab] CRON: "Cron Job DAILY_CAO_Negative_Inventory_1130AM is now scheduled using cron setup : 30 11 * * *"
2/17/2021 13:6:8 [crontab] CRON: "Cron Job DAILY_CAO_Negative_Inventory_0530AM is not active. Activation date on Tue Jan 12 2049 00:00:00 GMT+0100 (Central European Standard Time)"
2/17/2021 13:6:8 [crontab] CRON: "Cron Job DAILY_CAO_Order_Recap is now scheduled using cron setup : 30 11 * * *"
2/17/2021 13:6:8 [crontab] CRON: "Cron Job DAILY_Store_Sales is now scheduled using cron setup : 5 8 * * *"
2/17/2021 13:6:8 [crontab] CRON: "Cron Job DAILY_CAO_Store_Sales is now scheduled using cron setup : 5 8 * * *"
2/17/2021 13:6:8 [crontab] CRON: "Cron Job WEEKLY_Store_shrink is now scheduled using cron setup : 5 19 * * 7"
2/17/2021 13:6:8 [crontab] CRON: "Cron Job WEEKLY_CAO_Store_shrink is now scheduled using cron setup : 5 19 * * 7"
2/17/2021 13:6:8 [crontab] CRON: "Cron Job DAILY_BUYER_Pushout is not active. Activation date on Tue Jan 12 2049 00:00:00 GMT+0100 (Central European Standard Time)"
2/17/2021 13:6:8 [crontab] CRON: "Cron Job DAILY_EDI_BLANK_REF is now scheduled using cron setup : 5 7 * * *"
2/17/2021 13:6:8 [crontab] CRON: "Cron Job ICR_MAINTENANCE is now scheduled using cron setup : 5 3 * * *"
2/17/2021 13:6:8 [crontab] CRON: "Cron Job VIEW_REFRESH_DAILY is now scheduled using cron setup : 5 12 * * *"
2/17/2021 13:6:8 [crontab] CRON: "Cron Job VIEW_REFRESH_HOURLY is now scheduled using cron setup : 5 11 * * *"
2/17/2021 13:6:8 [crontab] CRON: "Cron Job DAILY_WHS_CUT is now scheduled using cron setup : 5 7 * * *"
2/17/2021 13:6:8 [crontab] CRON: "Cron Job DAILY_WHS_UBD is now scheduled using cron setup : 5 8 * * *"
2/17/2021 13:6:8 [crontab] CRON: "Cron Job DAILY_WHS_NEG_UBD is now scheduled using cron setup : 0 2 * * *"
2/17/2021 13:6:8 [crontab] CRON: "Cron Job WEEKLY_STORE_NO_SALES_CAPTURE_ADMIN is now scheduled using cron setup : 5 6 * * 1"
2/17/2021 13:6:8 [crontab] CRON: "Cron Job DAILY_FILL_RATE_CAPTURE is now scheduled using cron setup : 0 16 * * *"
2/17/2021 13:6:8 [crontab] CRON: "Cron Job DAILY_SERVICE_RATE_CAPTURE is now scheduled using cron setup : 0 16 * * *"
2/17/2021 13:7:6 [crontab] 1: "BEGIN PKREQUESTMANAGER.CALLQUERY(1,'CRON000001','crontab','{}', '{}','{}', :cursor); END;"
2/17/2021 13:7:10 [crontab] 1: "27 Object(s) returned... [FETCH]"
2/17/2021 13:7:10 [crontab] CRON: "Cron Job DAILY_WHS_SSCC_NO_UBD is now scheduled using cron setup : */5 * * * *"
2/17/2021 13:7:10 [crontab] CRON: "Cron Job WEEKLY_STORE_NO_SALES is now scheduled using cron setup : 5 6 * * 1"
2/17/2021 13:7:10 [crontab] CRON: "Cron Job EXP_WHS_INVALID_PICKING is now scheduled using cron setup : 5 9 * * *"
2/17/2021 13:7:10 [crontab] CRON: "Cron Job DAILY_STORE_SHORTED is now scheduled using cron setup : 5 7 * * *"
2/17/2021 13:7:10 [crontab] CRON: "Cron Job DAILY_STORE_BLOCKED_RECEIPT is now scheduled using cron setup : 5 7 * * *"
2/17/2021 13:7:10 [crontab] CRON: "Cron Job WEEKLY_STORE_NO_SALES_ADMIN is now scheduled using cron setup : 5 7 * * 1"
2/17/2021 13:7:10 [crontab] CRON: "Cron Job WEEKLY_EDI_invoice_WEEKLY is now scheduled using cron setup : 1 19 * * 7"
2/17/2021 13:7:10 [crontab] CRON: "Cron Job ONGOING_EDI_invoice_SCAN is not active. Activation date on Tue Jan 12 2049 00:00:00 GMT+0100 (Central European Standard Time)"
2/17/2021 13:7:10 [crontab] CRON: "Cron Job CGO_ALERT is not active. Activation date on Tue Jan 12 2049 00:00:00 GMT+0100 (Central European Standard Time)"
2/17/2021 13:7:10 [crontab] CRON: "Cron Job DAILY_CAO_Negative_Inventory_1130AM is now scheduled using cron setup : 30 11 * * *"
2/17/2021 13:7:10 [crontab] CRON: "Cron Job DAILY_CAO_Negative_Inventory_0530AM is not active. Activation date on Tue Jan 12 2049 00:00:00 GMT+0100 (Central European Standard Time)"
2/17/2021 13:7:10 [crontab] CRON: "Cron Job DAILY_CAO_Order_Recap is now scheduled using cron setup : 30 11 * * *"
2/17/2021 13:7:10 [crontab] CRON: "Cron Job DAILY_Store_Sales is now scheduled using cron setup : 5 8 * * *"
2/17/2021 13:7:10 [crontab] CRON: "Cron Job DAILY_CAO_Store_Sales is now scheduled using cron setup : 5 8 * * *"
2/17/2021 13:7:10 [crontab] CRON: "Cron Job WEEKLY_Store_shrink is now scheduled using cron setup : 5 19 * * 7"
2/17/2021 13:7:10 [crontab] CRON: "Cron Job WEEKLY_CAO_Store_shrink is now scheduled using cron setup : 5 19 * * 7"
2/17/2021 13:7:10 [crontab] CRON: "Cron Job DAILY_BUYER_Pushout is not active. Activation date on Tue Jan 12 2049 00:00:00 GMT+0100 (Central European Standard Time)"
2/17/2021 13:7:10 [crontab] CRON: "Cron Job DAILY_EDI_BLANK_REF is now scheduled using cron setup : 5 7 * * *"
2/17/2021 13:7:10 [crontab] CRON: "Cron Job ICR_MAINTENANCE is now scheduled using cron setup : 5 3 * * *"
2/17/2021 13:7:10 [crontab] CRON: "Cron Job VIEW_REFRESH_DAILY is now scheduled using cron setup : 5 12 * * *"
2/17/2021 13:7:10 [crontab] CRON: "Cron Job VIEW_REFRESH_HOURLY is now scheduled using cron setup : 5 11 * * *"
2/17/2021 13:7:10 [crontab] CRON: "Cron Job DAILY_WHS_CUT is now scheduled using cron setup : 5 7 * * *"
2/17/2021 13:7:10 [crontab] CRON: "Cron Job DAILY_WHS_UBD is now scheduled using cron setup : 5 8 * * *"
2/17/2021 13:7:10 [crontab] CRON: "Cron Job DAILY_WHS_NEG_UBD is now scheduled using cron setup : 0 2 * * *"
2/17/2021 13:7:10 [crontab] CRON: "Cron Job WEEKLY_STORE_NO_SALES_CAPTURE_ADMIN is now scheduled using cron setup : 5 6 * * 1"
2/17/2021 13:7:10 [crontab] CRON: "Cron Job DAILY_FILL_RATE_CAPTURE is now scheduled using cron setup : 0 16 * * *"
2/17/2021 13:7:10 [crontab] CRON: "Cron Job DAILY_SERVICE_RATE_CAPTURE is now scheduled using cron setup : 0 16 * * *"
2/17/2021 13:7:15 [crontab] 1: "BEGIN PKREQUESTMANAGER.CALLQUERY(1,'CRON000001','crontab','{}', '{}','{}', :cursor); END;"
2/17/2021 13:7:17 [crontab] 1: "27 Object(s) returned... [FETCH]"
2/17/2021 13:7:17 [crontab] CRON: "Cron Job DAILY_WHS_SSCC_NO_UBD is now scheduled using cron setup : */5 * * * *"
2/17/2021 13:7:17 [crontab] CRON: "Cron Job WEEKLY_STORE_NO_SALES is now scheduled using cron setup : 5 6 * * 1"
2/17/2021 13:7:17 [crontab] CRON: "Cron Job EXP_WHS_INVALID_PICKING is now scheduled using cron setup : 5 9 * * *"
2/17/2021 13:7:17 [crontab] CRON: "Cron Job DAILY_STORE_SHORTED is now scheduled using cron setup : 5 7 * * *"
2/17/2021 13:7:17 [crontab] CRON: "Cron Job DAILY_STORE_BLOCKED_RECEIPT is now scheduled using cron setup : 5 7 * * *"
2/17/2021 13:7:17 [crontab] CRON: "Cron Job WEEKLY_STORE_NO_SALES_ADMIN is now scheduled using cron setup : 5 7 * * 1"
2/17/2021 13:7:17 [crontab] CRON: "Cron Job WEEKLY_EDI_invoice_WEEKLY is now scheduled using cron setup : 1 19 * * 7"
2/17/2021 13:7:17 [crontab] CRON: "Cron Job ONGOING_EDI_invoice_SCAN is not active. Activation date on Tue Jan 12 2049 00:00:00 GMT+0100 (Central European Standard Time)"
2/17/2021 13:7:17 [crontab] CRON: "Cron Job CGO_ALERT is not active. Activation date on Tue Jan 12 2049 00:00:00 GMT+0100 (Central European Standard Time)"
2/17/2021 13:7:17 [crontab] CRON: "Cron Job DAILY_CAO_Negative_Inventory_1130AM is now scheduled using cron setup : 30 11 * * *"
2/17/2021 13:7:17 [crontab] CRON: "Cron Job DAILY_CAO_Negative_Inventory_0530AM is not active. Activation date on Tue Jan 12 2049 00:00:00 GMT+0100 (Central European Standard Time)"
2/17/2021 13:7:17 [crontab] CRON: "Cron Job DAILY_CAO_Order_Recap is now scheduled using cron setup : 30 11 * * *"
2/17/2021 13:7:17 [crontab] CRON: "Cron Job DAILY_Store_Sales is now scheduled using cron setup : 5 8 * * *"
2/17/2021 13:7:17 [crontab] CRON: "Cron Job DAILY_CAO_Store_Sales is now scheduled using cron setup : 5 8 * * *"
2/17/2021 13:7:17 [crontab] CRON: "Cron Job WEEKLY_Store_shrink is now scheduled using cron setup : 5 19 * * 7"
2/17/2021 13:7:17 [crontab] CRON: "Cron Job WEEKLY_CAO_Store_shrink is now scheduled using cron setup : 5 19 * * 7"
2/17/2021 13:7:17 [crontab] CRON: "Cron Job DAILY_BUYER_Pushout is not active. Activation date on Tue Jan 12 2049 00:00:00 GMT+0100 (Central European Standard Time)"
2/17/2021 13:7:17 [crontab] CRON: "Cron Job DAILY_EDI_BLANK_REF is now scheduled using cron setup : 5 7 * * *"
2/17/2021 13:7:17 [crontab] CRON: "Cron Job ICR_MAINTENANCE is now scheduled using cron setup : 5 3 * * *"
2/17/2021 13:7:17 [crontab] CRON: "Cron Job VIEW_REFRESH_DAILY is now scheduled using cron setup : 5 12 * * *"
2/17/2021 13:7:17 [crontab] CRON: "Cron Job VIEW_REFRESH_HOURLY is now scheduled using cron setup : 5 11 * * *"
2/17/2021 13:7:17 [crontab] CRON: "Cron Job DAILY_WHS_CUT is now scheduled using cron setup : 5 7 * * *"
2/17/2021 13:7:17 [crontab] CRON: "Cron Job DAILY_WHS_UBD is now scheduled using cron setup : 5 8 * * *"
2/17/2021 13:7:17 [crontab] CRON: "Cron Job DAILY_WHS_NEG_UBD is now scheduled using cron setup : 0 2 * * *"
2/17/2021 13:7:17 [crontab] CRON: "Cron Job WEEKLY_STORE_NO_SALES_CAPTURE_ADMIN is now scheduled using cron setup : 5 6 * * 1"
2/17/2021 13:7:17 [crontab] CRON: "Cron Job DAILY_FILL_RATE_CAPTURE is now scheduled using cron setup : 0 16 * * *"
2/17/2021 13:7:17 [crontab] CRON: "Cron Job DAILY_SERVICE_RATE_CAPTURE is now scheduled using cron setup : 0 16 * * *"
2/17/2021 13:8:1 [crontab] 1: "BEGIN PKREQUESTMANAGER.CALLQUERY(1,'CRON000001','crontab','{}', '{}','{}', :cursor); END;"
2/17/2021 13:8:2 [crontab] 1: "27 Object(s) returned... [FETCH]"
2/17/2021 13:8:2 [crontab] CRON: "Cron Job DAILY_WHS_SSCC_NO_UBD is now scheduled using cron setup : */5 * * * *"
2/17/2021 13:8:2 [crontab] CRON: "Cron Job WEEKLY_STORE_NO_SALES is now scheduled using cron setup : 5 6 * * 1"
2/17/2021 13:8:2 [crontab] CRON: "Cron Job EXP_WHS_INVALID_PICKING is now scheduled using cron setup : 5 9 * * *"
2/17/2021 13:8:2 [crontab] CRON: "Cron Job DAILY_STORE_SHORTED is now scheduled using cron setup : 5 7 * * *"
2/17/2021 13:8:2 [crontab] CRON: "Cron Job DAILY_STORE_BLOCKED_RECEIPT is now scheduled using cron setup : 5 7 * * *"
2/17/2021 13:8:2 [crontab] CRON: "Cron Job WEEKLY_STORE_NO_SALES_ADMIN is now scheduled using cron setup : 5 7 * * 1"
2/17/2021 13:8:2 [crontab] CRON: "Cron Job WEEKLY_EDI_invoice_WEEKLY is now scheduled using cron setup : 1 19 * * 7"
2/17/2021 13:8:2 [crontab] CRON: "Cron Job ONGOING_EDI_invoice_SCAN is not active. Activation date on Tue Jan 12 2049 00:00:00 GMT+0100 (Central European Standard Time)"
2/17/2021 13:8:2 [crontab] CRON: "Cron Job CGO_ALERT is not active. Activation date on Tue Jan 12 2049 00:00:00 GMT+0100 (Central European Standard Time)"
2/17/2021 13:8:2 [crontab] CRON: "Cron Job DAILY_CAO_Negative_Inventory_1130AM is now scheduled using cron setup : 30 11 * * *"
2/17/2021 13:8:2 [crontab] CRON: "Cron Job DAILY_CAO_Negative_Inventory_0530AM is not active. Activation date on Tue Jan 12 2049 00:00:00 GMT+0100 (Central European Standard Time)"
2/17/2021 13:8:2 [crontab] CRON: "Cron Job DAILY_CAO_Order_Recap is now scheduled using cron setup : 30 11 * * *"
2/17/2021 13:8:2 [crontab] CRON: "Cron Job DAILY_Store_Sales is now scheduled using cron setup : 5 8 * * *"
2/17/2021 13:8:2 [crontab] CRON: "Cron Job DAILY_CAO_Store_Sales is now scheduled using cron setup : 5 8 * * *"
2/17/2021 13:8:2 [crontab] CRON: "Cron Job WEEKLY_Store_shrink is now scheduled using cron setup : 5 19 * * 7"
2/17/2021 13:8:2 [crontab] CRON: "Cron Job WEEKLY_CAO_Store_shrink is now scheduled using cron setup : 5 19 * * 7"
2/17/2021 13:8:2 [crontab] CRON: "Cron Job DAILY_BUYER_Pushout is not active. Activation date on Tue Jan 12 2049 00:00:00 GMT+0100 (Central European Standard Time)"
2/17/2021 13:8:2 [crontab] CRON: "Cron Job DAILY_EDI_BLANK_REF is now scheduled using cron setup : 5 7 * * *"
2/17/2021 13:8:2 [crontab] CRON: "Cron Job ICR_MAINTENANCE is now scheduled using cron setup : 5 3 * * *"
2/17/2021 13:8:2 [crontab] CRON: "Cron Job VIEW_REFRESH_DAILY is now scheduled using cron setup : 5 12 * * *"
2/17/2021 13:8:2 [crontab] CRON: "Cron Job VIEW_REFRESH_HOURLY is now scheduled using cron setup : 5 11 * * *"
2/17/2021 13:8:2 [crontab] CRON: "Cron Job DAILY_WHS_CUT is now scheduled using cron setup : 5 7 * * *"
2/17/2021 13:8:2 [crontab] CRON: "Cron Job DAILY_WHS_UBD is now scheduled using cron setup : 5 8 * * *"
2/17/2021 13:8:2 [crontab] CRON: "Cron Job DAILY_WHS_NEG_UBD is now scheduled using cron setup : 0 2 * * *"
2/17/2021 13:8:2 [crontab] CRON: "Cron Job WEEKLY_STORE_NO_SALES_CAPTURE_ADMIN is now scheduled using cron setup : 5 6 * * 1"
2/17/2021 13:8:2 [crontab] CRON: "Cron Job DAILY_FILL_RATE_CAPTURE is now scheduled using cron setup : 0 16 * * *"
2/17/2021 13:8:2 [crontab] CRON: "Cron Job DAILY_SERVICE_RATE_CAPTURE is now scheduled using cron setup : 0 16 * * *"
2/17/2021 13:8:45 [crontab] 1: "BEGIN PKREQUESTMANAGER.CALLQUERY(1,'CRON000001','crontab','{}', '{}','{}', :cursor); END;"
2/17/2021 13:8:47 [crontab] 1: "27 Object(s) returned... [FETCH]"
2/17/2021 13:8:47 [crontab] CRON: "Cron Job DAILY_WHS_SSCC_NO_UBD is now scheduled using cron setup : */5 * * * *"
2/17/2021 13:8:47 [crontab] CRON: "Cron Job WEEKLY_STORE_NO_SALES is now scheduled using cron setup : 5 6 * * 1"
2/17/2021 13:8:47 [crontab] CRON: "Cron Job EXP_WHS_INVALID_PICKING is now scheduled using cron setup : 5 9 * * *"
2/17/2021 13:8:47 [crontab] CRON: "Cron Job DAILY_STORE_SHORTED is now scheduled using cron setup : 5 7 * * *"
2/17/2021 13:8:47 [crontab] CRON: "Cron Job DAILY_STORE_BLOCKED_RECEIPT is now scheduled using cron setup : 5 7 * * *"
2/17/2021 13:8:47 [crontab] CRON: "Cron Job WEEKLY_STORE_NO_SALES_ADMIN is now scheduled using cron setup : 5 7 * * 1"
2/17/2021 13:8:47 [crontab] CRON: "Cron Job WEEKLY_EDI_invoice_WEEKLY is now scheduled using cron setup : 1 19 * * 7"
2/17/2021 13:8:47 [crontab] CRON: "Cron Job ONGOING_EDI_invoice_SCAN is not active. Activation date on Tue Jan 12 2049 00:00:00 GMT+0100 (Central European Standard Time)"
2/17/2021 13:8:47 [crontab] CRON: "Cron Job CGO_ALERT is not active. Activation date on Tue Jan 12 2049 00:00:00 GMT+0100 (Central European Standard Time)"
2/17/2021 13:8:47 [crontab] CRON: "Cron Job DAILY_CAO_Negative_Inventory_1130AM is now scheduled using cron setup : 30 11 * * *"
2/17/2021 13:8:47 [crontab] CRON: "Cron Job DAILY_CAO_Negative_Inventory_0530AM is not active. Activation date on Tue Jan 12 2049 00:00:00 GMT+0100 (Central European Standard Time)"
2/17/2021 13:8:47 [crontab] CRON: "Cron Job DAILY_CAO_Order_Recap is now scheduled using cron setup : 30 11 * * *"
2/17/2021 13:8:47 [crontab] CRON: "Cron Job DAILY_Store_Sales is now scheduled using cron setup : 5 8 * * *"
2/17/2021 13:8:47 [crontab] CRON: "Cron Job DAILY_CAO_Store_Sales is now scheduled using cron setup : 5 8 * * *"
2/17/2021 13:8:47 [crontab] CRON: "Cron Job WEEKLY_Store_shrink is now scheduled using cron setup : 5 19 * * 7"
2/17/2021 13:8:47 [crontab] CRON: "Cron Job WEEKLY_CAO_Store_shrink is now scheduled using cron setup : 5 19 * * 7"
2/17/2021 13:8:47 [crontab] CRON: "Cron Job DAILY_BUYER_Pushout is not active. Activation date on Tue Jan 12 2049 00:00:00 GMT+0100 (Central European Standard Time)"
2/17/2021 13:8:47 [crontab] CRON: "Cron Job DAILY_EDI_BLANK_REF is now scheduled using cron setup : 5 7 * * *"
2/17/2021 13:8:47 [crontab] CRON: "Cron Job ICR_MAINTENANCE is now scheduled using cron setup : 5 3 * * *"
2/17/2021 13:8:47 [crontab] CRON: "Cron Job VIEW_REFRESH_DAILY is now scheduled using cron setup : 5 12 * * *"
2/17/2021 13:8:47 [crontab] CRON: "Cron Job VIEW_REFRESH_HOURLY is now scheduled using cron setup : 5 11 * * *"
2/17/2021 13:8:47 [crontab] CRON: "Cron Job DAILY_WHS_CUT is now scheduled using cron setup : 5 7 * * *"
2/17/2021 13:8:47 [crontab] CRON: "Cron Job DAILY_WHS_UBD is now scheduled using cron setup : 5 8 * * *"
2/17/2021 13:8:47 [crontab] CRON: "Cron Job DAILY_WHS_NEG_UBD is now scheduled using cron setup : 0 2 * * *"
2/17/2021 13:8:47 [crontab] CRON: "Cron Job WEEKLY_STORE_NO_SALES_CAPTURE_ADMIN is now scheduled using cron setup : 5 6 * * 1"
2/17/2021 13:8:47 [crontab] CRON: "Cron Job DAILY_FILL_RATE_CAPTURE is now scheduled using cron setup : 0 16 * * *"
2/17/2021 13:8:47 [crontab] CRON: "Cron Job DAILY_SERVICE_RATE_CAPTURE is now scheduled using cron setup : 0 16 * * *"
2/17/2021 13:9:3 [crontab] 1: "BEGIN PKREQUESTMANAGER.CALLQUERY(1,'CRON000001','crontab','{}', '{}','{}', :cursor); END;"
2/17/2021 13:9:5 [crontab] 1: "27 Object(s) returned... [FETCH]"
2/17/2021 13:9:5 [crontab] CRON: "Cron Job DAILY_WHS_SSCC_NO_UBD is now scheduled using cron setup : */5 * * * *"
2/17/2021 13:9:5 [crontab] CRON: "Cron Job WEEKLY_STORE_NO_SALES is now scheduled using cron setup : 5 6 * * 1"
2/17/2021 13:9:5 [crontab] CRON: "Cron Job EXP_WHS_INVALID_PICKING is now scheduled using cron setup : 5 9 * * *"
2/17/2021 13:9:5 [crontab] CRON: "Cron Job DAILY_STORE_SHORTED is now scheduled using cron setup : 5 7 * * *"
2/17/2021 13:9:5 [crontab] CRON: "Cron Job DAILY_STORE_BLOCKED_RECEIPT is now scheduled using cron setup : 5 7 * * *"
2/17/2021 13:9:5 [crontab] CRON: "Cron Job WEEKLY_STORE_NO_SALES_ADMIN is now scheduled using cron setup : 5 7 * * 1"
2/17/2021 13:9:5 [crontab] CRON: "Cron Job WEEKLY_EDI_invoice_WEEKLY is now scheduled using cron setup : 1 19 * * 7"
2/17/2021 13:9:5 [crontab] CRON: "Cron Job ONGOING_EDI_invoice_SCAN is not active. Activation date on Tue Jan 12 2049 00:00:00 GMT+0100 (Central European Standard Time)"
2/17/2021 13:9:5 [crontab] CRON: "Cron Job CGO_ALERT is not active. Activation date on Tue Jan 12 2049 00:00:00 GMT+0100 (Central European Standard Time)"
2/17/2021 13:9:5 [crontab] CRON: "Cron Job DAILY_CAO_Negative_Inventory_1130AM is now scheduled using cron setup : 30 11 * * *"
2/17/2021 13:9:5 [crontab] CRON: "Cron Job DAILY_CAO_Negative_Inventory_0530AM is not active. Activation date on Tue Jan 12 2049 00:00:00 GMT+0100 (Central European Standard Time)"
2/17/2021 13:9:5 [crontab] CRON: "Cron Job DAILY_CAO_Order_Recap is now scheduled using cron setup : 30 11 * * *"
2/17/2021 13:9:5 [crontab] CRON: "Cron Job DAILY_Store_Sales is now scheduled using cron setup : 5 8 * * *"
2/17/2021 13:9:5 [crontab] CRON: "Cron Job DAILY_CAO_Store_Sales is now scheduled using cron setup : 5 8 * * *"
2/17/2021 13:9:5 [crontab] CRON: "Cron Job WEEKLY_Store_shrink is now scheduled using cron setup : 5 19 * * 7"
2/17/2021 13:9:5 [crontab] CRON: "Cron Job WEEKLY_CAO_Store_shrink is now scheduled using cron setup : 5 19 * * 7"
2/17/2021 13:9:5 [crontab] CRON: "Cron Job DAILY_BUYER_Pushout is not active. Activation date on Tue Jan 12 2049 00:00:00 GMT+0100 (Central European Standard Time)"
2/17/2021 13:9:5 [crontab] CRON: "Cron Job DAILY_EDI_BLANK_REF is now scheduled using cron setup : 5 7 * * *"
2/17/2021 13:9:5 [crontab] CRON: "Cron Job ICR_MAINTENANCE is now scheduled using cron setup : 5 3 * * *"
2/17/2021 13:9:5 [crontab] CRON: "Cron Job VIEW_REFRESH_DAILY is now scheduled using cron setup : 5 12 * * *"
2/17/2021 13:9:5 [crontab] CRON: "Cron Job VIEW_REFRESH_HOURLY is now scheduled using cron setup : 5 11 * * *"
2/17/2021 13:9:5 [crontab] CRON: "Cron Job DAILY_WHS_CUT is now scheduled using cron setup : 5 7 * * *"
2/17/2021 13:9:5 [crontab] CRON: "Cron Job DAILY_WHS_UBD is now scheduled using cron setup : 5 8 * * *"
2/17/2021 13:9:5 [crontab] CRON: "Cron Job DAILY_WHS_NEG_UBD is now scheduled using cron setup : 0 2 * * *"
2/17/2021 13:9:5 [crontab] CRON: "Cron Job WEEKLY_STORE_NO_SALES_CAPTURE_ADMIN is now scheduled using cron setup : 5 6 * * 1"
2/17/2021 13:9:5 [crontab] CRON: "Cron Job DAILY_FILL_RATE_CAPTURE is now scheduled using cron setup : 0 16 * * *"
2/17/2021 13:9:5 [crontab] CRON: "Cron Job DAILY_SERVICE_RATE_CAPTURE is now scheduled using cron setup : 0 16 * * *"
2/17/2021 13:10:30 [crontab] 1: "BEGIN PKREQUESTMANAGER.CALLQUERY(1,'CRON000001','crontab','{}', '{}','{}', :cursor); END;"
2/17/2021 13:10:32 [crontab] 1: "27 Object(s) returned... [FETCH]"
2/17/2021 13:10:32 [crontab] CRON: "Cron Job DAILY_WHS_SSCC_NO_UBD is now scheduled using cron setup : */5 * * * *"
2/17/2021 13:10:32 [crontab] CRON: "Cron Job WEEKLY_STORE_NO_SALES is now scheduled using cron setup : 5 6 * * 1"
2/17/2021 13:10:32 [crontab] CRON: "Cron Job EXP_WHS_INVALID_PICKING is now scheduled using cron setup : 5 9 * * *"
2/17/2021 13:10:32 [crontab] CRON: "Cron Job DAILY_STORE_SHORTED is now scheduled using cron setup : 5 7 * * *"
2/17/2021 13:10:32 [crontab] CRON: "Cron Job DAILY_STORE_BLOCKED_RECEIPT is now scheduled using cron setup : 5 7 * * *"
2/17/2021 13:10:32 [crontab] CRON: "Cron Job WEEKLY_STORE_NO_SALES_ADMIN is now scheduled using cron setup : 5 7 * * 1"
2/17/2021 13:10:32 [crontab] CRON: "Cron Job WEEKLY_EDI_invoice_WEEKLY is now scheduled using cron setup : 1 19 * * 7"
2/17/2021 13:10:32 [crontab] CRON: "Cron Job ONGOING_EDI_invoice_SCAN is not active. Activation date on Tue Jan 12 2049 00:00:00 GMT+0100 (Central European Standard Time)"
2/17/2021 13:10:32 [crontab] CRON: "Cron Job CGO_ALERT is not active. Activation date on Tue Jan 12 2049 00:00:00 GMT+0100 (Central European Standard Time)"
2/17/2021 13:10:32 [crontab] CRON: "Cron Job DAILY_CAO_Negative_Inventory_1130AM is now scheduled using cron setup : 30 11 * * *"
2/17/2021 13:10:32 [crontab] CRON: "Cron Job DAILY_CAO_Negative_Inventory_0530AM is not active. Activation date on Tue Jan 12 2049 00:00:00 GMT+0100 (Central European Standard Time)"
2/17/2021 13:10:32 [crontab] CRON: "Cron Job DAILY_CAO_Order_Recap is now scheduled using cron setup : 30 11 * * *"
2/17/2021 13:10:32 [crontab] CRON: "Cron Job DAILY_Store_Sales is now scheduled using cron setup : 5 8 * * *"
2/17/2021 13:10:32 [crontab] CRON: "Cron Job DAILY_CAO_Store_Sales is now scheduled using cron setup : 5 8 * * *"
2/17/2021 13:10:32 [crontab] CRON: "Cron Job WEEKLY_Store_shrink is now scheduled using cron setup : 5 19 * * 7"
2/17/2021 13:10:32 [crontab] CRON: "Cron Job WEEKLY_CAO_Store_shrink is now scheduled using cron setup : 5 19 * * 7"
2/17/2021 13:10:32 [crontab] CRON: "Cron Job DAILY_BUYER_Pushout is not active. Activation date on Tue Jan 12 2049 00:00:00 GMT+0100 (Central European Standard Time)"
2/17/2021 13:10:32 [crontab] CRON: "Cron Job DAILY_EDI_BLANK_REF is now scheduled using cron setup : 5 7 * * *"
2/17/2021 13:10:32 [crontab] CRON: "Cron Job ICR_MAINTENANCE is now scheduled using cron setup : 5 3 * * *"
2/17/2021 13:10:32 [crontab] CRON: "Cron Job VIEW_REFRESH_DAILY is now scheduled using cron setup : 5 12 * * *"
2/17/2021 13:10:32 [crontab] CRON: "Cron Job VIEW_REFRESH_HOURLY is now scheduled using cron setup : 5 11 * * *"
2/17/2021 13:10:32 [crontab] CRON: "Cron Job DAILY_WHS_CUT is now scheduled using cron setup : 5 7 * * *"
2/17/2021 13:10:32 [crontab] CRON: "Cron Job DAILY_WHS_UBD is now scheduled using cron setup : 5 8 * * *"
2/17/2021 13:10:32 [crontab] CRON: "Cron Job DAILY_WHS_NEG_UBD is now scheduled using cron setup : 0 2 * * *"
2/17/2021 13:10:32 [crontab] CRON: "Cron Job WEEKLY_STORE_NO_SALES_CAPTURE_ADMIN is now scheduled using cron setup : 5 6 * * 1"
2/17/2021 13:10:32 [crontab] CRON: "Cron Job DAILY_FILL_RATE_CAPTURE is now scheduled using cron setup : 0 16 * * *"
2/17/2021 13:10:32 [crontab] CRON: "Cron Job DAILY_SERVICE_RATE_CAPTURE is now scheduled using cron setup : 0 16 * * *"
2/17/2021 13:12:24 [crontab] 1: "BEGIN PKREQUESTMANAGER.CALLQUERY(1,'CRON000001','crontab','{}', '{}','{}', :cursor); END;"
2/17/2021 13:12:26 [crontab] 1: "27 Object(s) returned... [FETCH]"
2/17/2021 13:12:26 [crontab] CRON: "Cron Job DAILY_WHS_SSCC_NO_UBD is now scheduled using cron setup : */5 * * * *"
2/17/2021 13:12:26 [crontab] CRON: "Cron Job WEEKLY_STORE_NO_SALES is now scheduled using cron setup : 5 6 * * 1"
2/17/2021 13:12:26 [crontab] CRON: "Cron Job EXP_WHS_INVALID_PICKING is now scheduled using cron setup : 5 9 * * *"
2/17/2021 13:12:26 [crontab] CRON: "Cron Job DAILY_STORE_SHORTED is now scheduled using cron setup : 5 7 * * *"
2/17/2021 13:12:26 [crontab] CRON: "Cron Job DAILY_STORE_BLOCKED_RECEIPT is now scheduled using cron setup : 5 7 * * *"
2/17/2021 13:12:26 [crontab] CRON: "Cron Job WEEKLY_STORE_NO_SALES_ADMIN is now scheduled using cron setup : 5 7 * * 1"
2/17/2021 13:12:26 [crontab] CRON: "Cron Job WEEKLY_EDI_invoice_WEEKLY is now scheduled using cron setup : 1 19 * * 7"
2/17/2021 13:12:26 [crontab] CRON: "Cron Job ONGOING_EDI_invoice_SCAN is not active. Activation date on Tue Jan 12 2049 00:00:00 GMT+0100 (Central European Standard Time)"
2/17/2021 13:12:26 [crontab] CRON: "Cron Job CGO_ALERT is not active. Activation date on Tue Jan 12 2049 00:00:00 GMT+0100 (Central European Standard Time)"
2/17/2021 13:12:26 [crontab] CRON: "Cron Job DAILY_CAO_Negative_Inventory_1130AM is now scheduled using cron setup : 30 11 * * *"
2/17/2021 13:12:26 [crontab] CRON: "Cron Job DAILY_CAO_Negative_Inventory_0530AM is not active. Activation date on Tue Jan 12 2049 00:00:00 GMT+0100 (Central European Standard Time)"
2/17/2021 13:12:26 [crontab] CRON: "Cron Job DAILY_CAO_Order_Recap is now scheduled using cron setup : 30 11 * * *"
2/17/2021 13:12:26 [crontab] CRON: "Cron Job DAILY_Store_Sales is now scheduled using cron setup : 5 8 * * *"
2/17/2021 13:12:26 [crontab] CRON: "Cron Job DAILY_CAO_Store_Sales is now scheduled using cron setup : 5 8 * * *"
2/17/2021 13:12:26 [crontab] CRON: "Cron Job WEEKLY_Store_shrink is now scheduled using cron setup : 5 19 * * 7"
2/17/2021 13:12:26 [crontab] CRON: "Cron Job WEEKLY_CAO_Store_shrink is now scheduled using cron setup : 5 19 * * 7"
2/17/2021 13:12:26 [crontab] CRON: "Cron Job DAILY_BUYER_Pushout is not active. Activation date on Tue Jan 12 2049 00:00:00 GMT+0100 (Central European Standard Time)"
2/17/2021 13:12:26 [crontab] CRON: "Cron Job DAILY_EDI_BLANK_REF is now scheduled using cron setup : 5 7 * * *"
2/17/2021 13:12:26 [crontab] CRON: "Cron Job ICR_MAINTENANCE is now scheduled using cron setup : 5 3 * * *"
2/17/2021 13:12:26 [crontab] CRON: "Cron Job VIEW_REFRESH_DAILY is now scheduled using cron setup : 5 12 * * *"
2/17/2021 13:12:26 [crontab] CRON: "Cron Job VIEW_REFRESH_HOURLY is now scheduled using cron setup : 5 11 * * *"
2/17/2021 13:12:26 [crontab] CRON: "Cron Job DAILY_WHS_CUT is now scheduled using cron setup : 5 7 * * *"
2/17/2021 13:12:26 [crontab] CRON: "Cron Job DAILY_WHS_UBD is now scheduled using cron setup : 5 8 * * *"
2/17/2021 13:12:26 [crontab] CRON: "Cron Job DAILY_WHS_NEG_UBD is now scheduled using cron setup : 0 2 * * *"
2/17/2021 13:12:26 [crontab] CRON: "Cron Job WEEKLY_STORE_NO_SALES_CAPTURE_ADMIN is now scheduled using cron setup : 5 6 * * 1"
2/17/2021 13:12:26 [crontab] CRON: "Cron Job DAILY_FILL_RATE_CAPTURE is now scheduled using cron setup : 0 16 * * *"
2/17/2021 13:12:26 [crontab] CRON: "Cron Job DAILY_SERVICE_RATE_CAPTURE is now scheduled using cron setup : 0 16 * * *"
2/17/2021 13:13:2 [crontab] 1: "BEGIN PKREQUESTMANAGER.CALLQUERY(1,'CRON000001','crontab','{}', '{}','{}', :cursor); END;"
2/17/2021 13:13:4 [crontab] 1: "27 Object(s) returned... [FETCH]"
2/17/2021 13:13:4 [crontab] CRON: "Cron Job DAILY_WHS_SSCC_NO_UBD is now scheduled using cron setup : */5 * * * *"
2/17/2021 13:13:4 [crontab] CRON: "Cron Job WEEKLY_STORE_NO_SALES is now scheduled using cron setup : 5 6 * * 1"
2/17/2021 13:13:4 [crontab] CRON: "Cron Job EXP_WHS_INVALID_PICKING is now scheduled using cron setup : 5 9 * * *"
2/17/2021 13:13:4 [crontab] CRON: "Cron Job DAILY_STORE_SHORTED is now scheduled using cron setup : 5 7 * * *"
2/17/2021 13:13:4 [crontab] CRON: "Cron Job DAILY_STORE_BLOCKED_RECEIPT is now scheduled using cron setup : 5 7 * * *"
2/17/2021 13:13:4 [crontab] CRON: "Cron Job WEEKLY_STORE_NO_SALES_ADMIN is now scheduled using cron setup : 5 7 * * 1"
2/17/2021 13:13:4 [crontab] CRON: "Cron Job WEEKLY_EDI_invoice_WEEKLY is now scheduled using cron setup : 1 19 * * 7"
2/17/2021 13:13:4 [crontab] CRON: "Cron Job ONGOING_EDI_invoice_SCAN is not active. Activation date on Tue Jan 12 2049 00:00:00 GMT+0100 (Central European Standard Time)"
2/17/2021 13:13:4 [crontab] CRON: "Cron Job CGO_ALERT is not active. Activation date on Tue Jan 12 2049 00:00:00 GMT+0100 (Central European Standard Time)"
2/17/2021 13:13:4 [crontab] CRON: "Cron Job DAILY_CAO_Negative_Inventory_1130AM is now scheduled using cron setup : 30 11 * * *"
2/17/2021 13:13:4 [crontab] CRON: "Cron Job DAILY_CAO_Negative_Inventory_0530AM is not active. Activation date on Tue Jan 12 2049 00:00:00 GMT+0100 (Central European Standard Time)"
2/17/2021 13:13:4 [crontab] CRON: "Cron Job DAILY_CAO_Order_Recap is now scheduled using cron setup : 30 11 * * *"
2/17/2021 13:13:4 [crontab] CRON: "Cron Job DAILY_Store_Sales is now scheduled using cron setup : 5 8 * * *"
2/17/2021 13:13:4 [crontab] CRON: "Cron Job DAILY_CAO_Store_Sales is now scheduled using cron setup : 5 8 * * *"
2/17/2021 13:13:4 [crontab] CRON: "Cron Job WEEKLY_Store_shrink is now scheduled using cron setup : 5 19 * * 7"
2/17/2021 13:13:4 [crontab] CRON: "Cron Job WEEKLY_CAO_Store_shrink is now scheduled using cron setup : 5 19 * * 7"
2/17/2021 13:13:4 [crontab] CRON: "Cron Job DAILY_BUYER_Pushout is not active. Activation date on Tue Jan 12 2049 00:00:00 GMT+0100 (Central European Standard Time)"
2/17/2021 13:13:4 [crontab] CRON: "Cron Job DAILY_EDI_BLANK_REF is now scheduled using cron setup : 5 7 * * *"
2/17/2021 13:13:4 [crontab] CRON: "Cron Job ICR_MAINTENANCE is now scheduled using cron setup : 5 3 * * *"
2/17/2021 13:13:4 [crontab] CRON: "Cron Job VIEW_REFRESH_DAILY is now scheduled using cron setup : 5 12 * * *"
2/17/2021 13:13:4 [crontab] CRON: "Cron Job VIEW_REFRESH_HOURLY is now scheduled using cron setup : 5 11 * * *"
2/17/2021 13:13:4 [crontab] CRON: "Cron Job DAILY_WHS_CUT is now scheduled using cron setup : 5 7 * * *"
2/17/2021 13:13:4 [crontab] CRON: "Cron Job DAILY_WHS_UBD is now scheduled using cron setup : 5 8 * * *"
2/17/2021 13:13:4 [crontab] CRON: "Cron Job DAILY_WHS_NEG_UBD is now scheduled using cron setup : 0 2 * * *"
2/17/2021 13:13:4 [crontab] CRON: "Cron Job WEEKLY_STORE_NO_SALES_CAPTURE_ADMIN is now scheduled using cron setup : 5 6 * * 1"
2/17/2021 13:13:4 [crontab] CRON: "Cron Job DAILY_FILL_RATE_CAPTURE is now scheduled using cron setup : 0 16 * * *"
2/17/2021 13:13:4 [crontab] CRON: "Cron Job DAILY_SERVICE_RATE_CAPTURE is now scheduled using cron setup : 0 16 * * *"
2/17/2021 13:13:51 [crontab] 1: "BEGIN PKREQUESTMANAGER.CALLQUERY(1,'CRON000001','crontab','{}', '{}','{}', :cursor); END;"
2/17/2021 13:13:53 [crontab] 1: "27 Object(s) returned... [FETCH]"
2/17/2021 13:13:53 [crontab] CRON: "Cron Job DAILY_WHS_SSCC_NO_UBD is now scheduled using cron setup : */5 * * * *"
2/17/2021 13:13:53 [crontab] CRON: "Cron Job WEEKLY_STORE_NO_SALES is now scheduled using cron setup : 5 6 * * 1"
2/17/2021 13:13:53 [crontab] CRON: "Cron Job EXP_WHS_INVALID_PICKING is now scheduled using cron setup : 5 9 * * *"
2/17/2021 13:13:53 [crontab] CRON: "Cron Job DAILY_STORE_SHORTED is now scheduled using cron setup : 5 7 * * *"
2/17/2021 13:13:53 [crontab] CRON: "Cron Job DAILY_STORE_BLOCKED_RECEIPT is now scheduled using cron setup : 5 7 * * *"
2/17/2021 13:13:53 [crontab] CRON: "Cron Job WEEKLY_STORE_NO_SALES_ADMIN is now scheduled using cron setup : 5 7 * * 1"
2/17/2021 13:13:53 [crontab] CRON: "Cron Job WEEKLY_EDI_invoice_WEEKLY is now scheduled using cron setup : 1 19 * * 7"
2/17/2021 13:13:53 [crontab] CRON: "Cron Job ONGOING_EDI_invoice_SCAN is not active. Activation date on Tue Jan 12 2049 00:00:00 GMT+0100 (Central European Standard Time)"
2/17/2021 13:13:53 [crontab] CRON: "Cron Job CGO_ALERT is not active. Activation date on Tue Jan 12 2049 00:00:00 GMT+0100 (Central European Standard Time)"
2/17/2021 13:13:53 [crontab] CRON: "Cron Job DAILY_CAO_Negative_Inventory_1130AM is now scheduled using cron setup : 30 11 * * *"
2/17/2021 13:13:53 [crontab] CRON: "Cron Job DAILY_CAO_Negative_Inventory_0530AM is not active. Activation date on Tue Jan 12 2049 00:00:00 GMT+0100 (Central European Standard Time)"
2/17/2021 13:13:53 [crontab] CRON: "Cron Job DAILY_CAO_Order_Recap is now scheduled using cron setup : 30 11 * * *"
2/17/2021 13:13:53 [crontab] CRON: "Cron Job DAILY_Store_Sales is now scheduled using cron setup : 5 8 * * *"
2/17/2021 13:13:53 [crontab] CRON: "Cron Job DAILY_CAO_Store_Sales is now scheduled using cron setup : 5 8 * * *"
2/17/2021 13:13:53 [crontab] CRON: "Cron Job WEEKLY_Store_shrink is now scheduled using cron setup : 5 19 * * 7"
2/17/2021 13:13:53 [crontab] CRON: "Cron Job WEEKLY_CAO_Store_shrink is now scheduled using cron setup : 5 19 * * 7"
2/17/2021 13:13:53 [crontab] CRON: "Cron Job DAILY_BUYER_Pushout is not active. Activation date on Tue Jan 12 2049 00:00:00 GMT+0100 (Central European Standard Time)"
2/17/2021 13:13:53 [crontab] CRON: "Cron Job DAILY_EDI_BLANK_REF is now scheduled using cron setup : 5 7 * * *"
2/17/2021 13:13:53 [crontab] CRON: "Cron Job ICR_MAINTENANCE is now scheduled using cron setup : 5 3 * * *"
2/17/2021 13:13:53 [crontab] CRON: "Cron Job VIEW_REFRESH_DAILY is now scheduled using cron setup : 5 12 * * *"
2/17/2021 13:13:53 [crontab] CRON: "Cron Job VIEW_REFRESH_HOURLY is now scheduled using cron setup : 5 11 * * *"
2/17/2021 13:13:53 [crontab] CRON: "Cron Job DAILY_WHS_CUT is now scheduled using cron setup : 5 7 * * *"
2/17/2021 13:13:53 [crontab] CRON: "Cron Job DAILY_WHS_UBD is now scheduled using cron setup : 5 8 * * *"
2/17/2021 13:13:53 [crontab] CRON: "Cron Job DAILY_WHS_NEG_UBD is now scheduled using cron setup : 0 2 * * *"
2/17/2021 13:13:53 [crontab] CRON: "Cron Job WEEKLY_STORE_NO_SALES_CAPTURE_ADMIN is now scheduled using cron setup : 5 6 * * 1"
2/17/2021 13:13:53 [crontab] CRON: "Cron Job DAILY_FILL_RATE_CAPTURE is now scheduled using cron setup : 0 16 * * *"
2/17/2021 13:13:53 [crontab] CRON: "Cron Job DAILY_SERVICE_RATE_CAPTURE is now scheduled using cron setup : 0 16 * * *"
2/17/2021 13:14:7 [crontab] 1: "BEGIN PKREQUESTMANAGER.CALLQUERY(1,'CRON000001','crontab','{}', '{}','{}', :cursor); END;"
2/17/2021 13:14:9 [crontab] 1: "27 Object(s) returned... [FETCH]"
2/17/2021 13:14:9 [crontab] CRON: "Cron Job DAILY_WHS_SSCC_NO_UBD is now scheduled using cron setup : */5 * * * *"
2/17/2021 13:14:9 [crontab] CRON: "Cron Job WEEKLY_STORE_NO_SALES is now scheduled using cron setup : 5 6 * * 1"
2/17/2021 13:14:9 [crontab] CRON: "Cron Job EXP_WHS_INVALID_PICKING is now scheduled using cron setup : 5 9 * * *"
2/17/2021 13:14:9 [crontab] CRON: "Cron Job DAILY_STORE_SHORTED is now scheduled using cron setup : 5 7 * * *"
2/17/2021 13:14:9 [crontab] CRON: "Cron Job DAILY_STORE_BLOCKED_RECEIPT is now scheduled using cron setup : 5 7 * * *"
2/17/2021 13:14:9 [crontab] CRON: "Cron Job WEEKLY_STORE_NO_SALES_ADMIN is now scheduled using cron setup : 5 7 * * 1"
2/17/2021 13:14:9 [crontab] CRON: "Cron Job WEEKLY_EDI_invoice_WEEKLY is now scheduled using cron setup : 1 19 * * 7"
2/17/2021 13:14:9 [crontab] CRON: "Cron Job ONGOING_EDI_invoice_SCAN is not active. Activation date on Tue Jan 12 2049 00:00:00 GMT+0100 (Central European Standard Time)"
2/17/2021 13:14:9 [crontab] CRON: "Cron Job CGO_ALERT is not active. Activation date on Tue Jan 12 2049 00:00:00 GMT+0100 (Central European Standard Time)"
2/17/2021 13:14:9 [crontab] CRON: "Cron Job DAILY_CAO_Negative_Inventory_1130AM is now scheduled using cron setup : 30 11 * * *"
2/17/2021 13:14:9 [crontab] CRON: "Cron Job DAILY_CAO_Negative_Inventory_0530AM is not active. Activation date on Tue Jan 12 2049 00:00:00 GMT+0100 (Central European Standard Time)"
2/17/2021 13:14:9 [crontab] CRON: "Cron Job DAILY_CAO_Order_Recap is now scheduled using cron setup : 30 11 * * *"
2/17/2021 13:14:9 [crontab] CRON: "Cron Job DAILY_Store_Sales is now scheduled using cron setup : 5 8 * * *"
2/17/2021 13:14:9 [crontab] CRON: "Cron Job DAILY_CAO_Store_Sales is now scheduled using cron setup : 5 8 * * *"
2/17/2021 13:14:9 [crontab] CRON: "Cron Job WEEKLY_Store_shrink is now scheduled using cron setup : 5 19 * * 7"
2/17/2021 13:14:9 [crontab] CRON: "Cron Job WEEKLY_CAO_Store_shrink is now scheduled using cron setup : 5 19 * * 7"
2/17/2021 13:14:9 [crontab] CRON: "Cron Job DAILY_BUYER_Pushout is not active. Activation date on Tue Jan 12 2049 00:00:00 GMT+0100 (Central European Standard Time)"
2/17/2021 13:14:9 [crontab] CRON: "Cron Job DAILY_EDI_BLANK_REF is now scheduled using cron setup : 5 7 * * *"
2/17/2021 13:14:9 [crontab] CRON: "Cron Job ICR_MAINTENANCE is now scheduled using cron setup : 5 3 * * *"
2/17/2021 13:14:9 [crontab] CRON: "Cron Job VIEW_REFRESH_DAILY is now scheduled using cron setup : 5 12 * * *"
2/17/2021 13:14:9 [crontab] CRON: "Cron Job VIEW_REFRESH_HOURLY is now scheduled using cron setup : 5 11 * * *"
2/17/2021 13:14:9 [crontab] CRON: "Cron Job DAILY_WHS_CUT is now scheduled using cron setup : 5 7 * * *"
2/17/2021 13:14:9 [crontab] CRON: "Cron Job DAILY_WHS_UBD is now scheduled using cron setup : 5 8 * * *"
2/17/2021 13:14:9 [crontab] CRON: "Cron Job DAILY_WHS_NEG_UBD is now scheduled using cron setup : 0 2 * * *"
2/17/2021 13:14:9 [crontab] CRON: "Cron Job WEEKLY_STORE_NO_SALES_CAPTURE_ADMIN is now scheduled using cron setup : 5 6 * * 1"
2/17/2021 13:14:9 [crontab] CRON: "Cron Job DAILY_FILL_RATE_CAPTURE is now scheduled using cron setup : 0 16 * * *"
2/17/2021 13:14:9 [crontab] CRON: "Cron Job DAILY_SERVICE_RATE_CAPTURE is now scheduled using cron setup : 0 16 * * *"
2/17/2021 13:14:33 [crontab] 1: "BEGIN PKREQUESTMANAGER.CALLQUERY(1,'CRON000001','crontab','{}', '{}','{}', :cursor); END;"
2/17/2021 13:14:35 [crontab] 1: "27 Object(s) returned... [FETCH]"
2/17/2021 13:14:35 [crontab] CRON: "Cron Job DAILY_WHS_SSCC_NO_UBD is now scheduled using cron setup : */5 * * * *"
2/17/2021 13:14:35 [crontab] CRON: "Cron Job WEEKLY_STORE_NO_SALES is now scheduled using cron setup : 5 6 * * 1"
2/17/2021 13:14:35 [crontab] CRON: "Cron Job EXP_WHS_INVALID_PICKING is now scheduled using cron setup : 5 9 * * *"
2/17/2021 13:14:35 [crontab] CRON: "Cron Job DAILY_STORE_SHORTED is now scheduled using cron setup : 5 7 * * *"
2/17/2021 13:14:35 [crontab] CRON: "Cron Job DAILY_STORE_BLOCKED_RECEIPT is now scheduled using cron setup : 5 7 * * *"
2/17/2021 13:14:35 [crontab] CRON: "Cron Job WEEKLY_STORE_NO_SALES_ADMIN is now scheduled using cron setup : 5 7 * * 1"
2/17/2021 13:14:35 [crontab] CRON: "Cron Job WEEKLY_EDI_invoice_WEEKLY is now scheduled using cron setup : 1 19 * * 7"
2/17/2021 13:14:35 [crontab] CRON: "Cron Job ONGOING_EDI_invoice_SCAN is not active. Activation date on Tue Jan 12 2049 00:00:00 GMT+0100 (Central European Standard Time)"
2/17/2021 13:14:35 [crontab] CRON: "Cron Job CGO_ALERT is not active. Activation date on Tue Jan 12 2049 00:00:00 GMT+0100 (Central European Standard Time)"
2/17/2021 13:14:35 [crontab] CRON: "Cron Job DAILY_CAO_Negative_Inventory_1130AM is now scheduled using cron setup : 30 11 * * *"
2/17/2021 13:14:35 [crontab] CRON: "Cron Job DAILY_CAO_Negative_Inventory_0530AM is not active. Activation date on Tue Jan 12 2049 00:00:00 GMT+0100 (Central European Standard Time)"
2/17/2021 13:14:35 [crontab] CRON: "Cron Job DAILY_CAO_Order_Recap is now scheduled using cron setup : 30 11 * * *"
2/17/2021 13:14:35 [crontab] CRON: "Cron Job DAILY_Store_Sales is now scheduled using cron setup : 5 8 * * *"
2/17/2021 13:14:35 [crontab] CRON: "Cron Job DAILY_CAO_Store_Sales is now scheduled using cron setup : 5 8 * * *"
2/17/2021 13:14:35 [crontab] CRON: "Cron Job WEEKLY_Store_shrink is now scheduled using cron setup : 5 19 * * 7"
2/17/2021 13:14:35 [crontab] CRON: "Cron Job WEEKLY_CAO_Store_shrink is now scheduled using cron setup : 5 19 * * 7"
2/17/2021 13:14:35 [crontab] CRON: "Cron Job DAILY_BUYER_Pushout is not active. Activation date on Tue Jan 12 2049 00:00:00 GMT+0100 (Central European Standard Time)"
2/17/2021 13:14:35 [crontab] CRON: "Cron Job DAILY_EDI_BLANK_REF is now scheduled using cron setup : 5 7 * * *"
2/17/2021 13:14:35 [crontab] CRON: "Cron Job ICR_MAINTENANCE is now scheduled using cron setup : 5 3 * * *"
2/17/2021 13:14:35 [crontab] CRON: "Cron Job VIEW_REFRESH_DAILY is now scheduled using cron setup : 5 12 * * *"
2/17/2021 13:14:35 [crontab] CRON: "Cron Job VIEW_REFRESH_HOURLY is now scheduled using cron setup : 5 11 * * *"
2/17/2021 13:14:35 [crontab] CRON: "Cron Job DAILY_WHS_CUT is now scheduled using cron setup : 5 7 * * *"
2/17/2021 13:14:35 [crontab] CRON: "Cron Job DAILY_WHS_UBD is now scheduled using cron setup : 5 8 * * *"
2/17/2021 13:14:35 [crontab] CRON: "Cron Job DAILY_WHS_NEG_UBD is now scheduled using cron setup : 0 2 * * *"
2/17/2021 13:14:35 [crontab] CRON: "Cron Job WEEKLY_STORE_NO_SALES_CAPTURE_ADMIN is now scheduled using cron setup : 5 6 * * 1"
2/17/2021 13:14:35 [crontab] CRON: "Cron Job DAILY_FILL_RATE_CAPTURE is now scheduled using cron setup : 0 16 * * *"
2/17/2021 13:14:35 [crontab] CRON: "Cron Job DAILY_SERVICE_RATE_CAPTURE is now scheduled using cron setup : 0 16 * * *"
2/17/2021 13:15:30 [crontab] 1: "BEGIN PKREQUESTMANAGER.CALLQUERY(1,'CRON000001','crontab','{}', '{}','{}', :cursor); END;"
2/17/2021 13:15:32 [crontab] 1: "27 Object(s) returned... [FETCH]"
2/17/2021 13:15:32 [crontab] CRON: "Cron Job DAILY_WHS_SSCC_NO_UBD is now scheduled using cron setup : */5 * * * *"
2/17/2021 13:15:32 [crontab] CRON: "Cron Job WEEKLY_STORE_NO_SALES is now scheduled using cron setup : 5 6 * * 1"
2/17/2021 13:15:32 [crontab] CRON: "Cron Job EXP_WHS_INVALID_PICKING is now scheduled using cron setup : 5 9 * * *"
2/17/2021 13:15:32 [crontab] CRON: "Cron Job DAILY_STORE_SHORTED is now scheduled using cron setup : 5 7 * * *"
2/17/2021 13:15:32 [crontab] CRON: "Cron Job DAILY_STORE_BLOCKED_RECEIPT is now scheduled using cron setup : 5 7 * * *"
2/17/2021 13:15:32 [crontab] CRON: "Cron Job WEEKLY_STORE_NO_SALES_ADMIN is now scheduled using cron setup : 5 7 * * 1"
2/17/2021 13:15:32 [crontab] CRON: "Cron Job WEEKLY_EDI_invoice_WEEKLY is now scheduled using cron setup : 1 19 * * 7"
2/17/2021 13:15:32 [crontab] CRON: "Cron Job ONGOING_EDI_invoice_SCAN is not active. Activation date on Tue Jan 12 2049 00:00:00 GMT+0100 (Central European Standard Time)"
2/17/2021 13:15:32 [crontab] CRON: "Cron Job CGO_ALERT is not active. Activation date on Tue Jan 12 2049 00:00:00 GMT+0100 (Central European Standard Time)"
2/17/2021 13:15:32 [crontab] CRON: "Cron Job DAILY_CAO_Negative_Inventory_1130AM is now scheduled using cron setup : 30 11 * * *"
2/17/2021 13:15:32 [crontab] CRON: "Cron Job DAILY_CAO_Negative_Inventory_0530AM is not active. Activation date on Tue Jan 12 2049 00:00:00 GMT+0100 (Central European Standard Time)"
2/17/2021 13:15:32 [crontab] CRON: "Cron Job DAILY_CAO_Order_Recap is now scheduled using cron setup : 30 11 * * *"
2/17/2021 13:15:32 [crontab] CRON: "Cron Job DAILY_Store_Sales is now scheduled using cron setup : 5 8 * * *"
2/17/2021 13:15:32 [crontab] CRON: "Cron Job DAILY_CAO_Store_Sales is now scheduled using cron setup : 5 8 * * *"
2/17/2021 13:15:32 [crontab] CRON: "Cron Job WEEKLY_Store_shrink is now scheduled using cron setup : 5 19 * * 7"
2/17/2021 13:15:32 [crontab] CRON: "Cron Job WEEKLY_CAO_Store_shrink is now scheduled using cron setup : 5 19 * * 7"
2/17/2021 13:15:32 [crontab] CRON: "Cron Job DAILY_BUYER_Pushout is not active. Activation date on Tue Jan 12 2049 00:00:00 GMT+0100 (Central European Standard Time)"
2/17/2021 13:15:32 [crontab] CRON: "Cron Job DAILY_EDI_BLANK_REF is now scheduled using cron setup : 5 7 * * *"
2/17/2021 13:15:32 [crontab] CRON: "Cron Job ICR_MAINTENANCE is now scheduled using cron setup : 5 3 * * *"
2/17/2021 13:15:32 [crontab] CRON: "Cron Job VIEW_REFRESH_DAILY is now scheduled using cron setup : 5 12 * * *"
2/17/2021 13:15:32 [crontab] CRON: "Cron Job VIEW_REFRESH_HOURLY is now scheduled using cron setup : 5 11 * * *"
2/17/2021 13:15:32 [crontab] CRON: "Cron Job DAILY_WHS_CUT is now scheduled using cron setup : 5 7 * * *"
2/17/2021 13:15:32 [crontab] CRON: "Cron Job DAILY_WHS_UBD is now scheduled using cron setup : 5 8 * * *"
2/17/2021 13:15:32 [crontab] CRON: "Cron Job DAILY_WHS_NEG_UBD is now scheduled using cron setup : 0 2 * * *"
2/17/2021 13:15:32 [crontab] CRON: "Cron Job WEEKLY_STORE_NO_SALES_CAPTURE_ADMIN is now scheduled using cron setup : 5 6 * * 1"
2/17/2021 13:15:32 [crontab] CRON: "Cron Job DAILY_FILL_RATE_CAPTURE is now scheduled using cron setup : 0 16 * * *"
2/17/2021 13:15:32 [crontab] CRON: "Cron Job DAILY_SERVICE_RATE_CAPTURE is now scheduled using cron setup : 0 16 * * *"
2/17/2021 14:39:28 [crontab] 1: "BEGIN PKREQUESTMANAGER.CALLQUERY(1,'CRON000001','crontab','{}', '{}','{}', :cursor); END;"
2/17/2021 14:39:30 [crontab] 1: "27 Object(s) returned... [FETCH]"
2/17/2021 14:39:30 [crontab] CRON: "Cron Job DAILY_WHS_SSCC_NO_UBD is now scheduled using cron setup : */5 * * * *"
2/17/2021 14:39:30 [crontab] CRON: "Cron Job WEEKLY_STORE_NO_SALES is now scheduled using cron setup : 5 6 * * 1"
2/17/2021 14:39:30 [crontab] CRON: "Cron Job EXP_WHS_INVALID_PICKING is now scheduled using cron setup : 5 9 * * *"
2/17/2021 14:39:30 [crontab] CRON: "Cron Job DAILY_STORE_SHORTED is now scheduled using cron setup : 5 7 * * *"
2/17/2021 14:39:30 [crontab] CRON: "Cron Job DAILY_STORE_BLOCKED_RECEIPT is now scheduled using cron setup : 5 7 * * *"
2/17/2021 14:39:30 [crontab] CRON: "Cron Job WEEKLY_STORE_NO_SALES_ADMIN is now scheduled using cron setup : 5 7 * * 1"
2/17/2021 14:39:30 [crontab] CRON: "Cron Job WEEKLY_EDI_invoice_WEEKLY is now scheduled using cron setup : 1 19 * * 7"
2/17/2021 14:39:30 [crontab] CRON: "Cron Job ONGOING_EDI_invoice_SCAN is not active. Activation date on Tue Jan 12 2049 00:00:00 GMT+0100 (Central European Standard Time)"
2/17/2021 14:39:30 [crontab] CRON: "Cron Job CGO_ALERT is not active. Activation date on Tue Jan 12 2049 00:00:00 GMT+0100 (Central European Standard Time)"
2/17/2021 14:39:30 [crontab] CRON: "Cron Job DAILY_CAO_Negative_Inventory_1130AM is now scheduled using cron setup : 30 11 * * *"
2/17/2021 14:39:30 [crontab] CRON: "Cron Job DAILY_CAO_Negative_Inventory_0530AM is not active. Activation date on Tue Jan 12 2049 00:00:00 GMT+0100 (Central European Standard Time)"
2/17/2021 14:39:30 [crontab] CRON: "Cron Job DAILY_CAO_Order_Recap is now scheduled using cron setup : 30 11 * * *"
2/17/2021 14:39:30 [crontab] CRON: "Cron Job DAILY_Store_Sales is now scheduled using cron setup : 5 8 * * *"
2/17/2021 14:39:30 [crontab] CRON: "Cron Job DAILY_CAO_Store_Sales is now scheduled using cron setup : 5 8 * * *"
2/17/2021 14:39:30 [crontab] CRON: "Cron Job WEEKLY_Store_shrink is now scheduled using cron setup : 5 19 * * 7"
2/17/2021 14:39:30 [crontab] CRON: "Cron Job WEEKLY_CAO_Store_shrink is now scheduled using cron setup : 5 19 * * 7"
2/17/2021 14:39:30 [crontab] CRON: "Cron Job DAILY_BUYER_Pushout is not active. Activation date on Tue Jan 12 2049 00:00:00 GMT+0100 (Central European Standard Time)"
2/17/2021 14:39:30 [crontab] CRON: "Cron Job DAILY_EDI_BLANK_REF is now scheduled using cron setup : 5 7 * * *"
2/17/2021 14:39:30 [crontab] CRON: "Cron Job ICR_MAINTENANCE is now scheduled using cron setup : 5 3 * * *"
2/17/2021 14:39:30 [crontab] CRON: "Cron Job VIEW_REFRESH_DAILY is now scheduled using cron setup : 5 12 * * *"
2/17/2021 14:39:30 [crontab] CRON: "Cron Job VIEW_REFRESH_HOURLY is now scheduled using cron setup : 5 11 * * *"
2/17/2021 14:39:30 [crontab] CRON: "Cron Job DAILY_WHS_CUT is now scheduled using cron setup : 5 7 * * *"
2/17/2021 14:39:30 [crontab] CRON: "Cron Job DAILY_WHS_UBD is now scheduled using cron setup : 5 8 * * *"
2/17/2021 14:39:30 [crontab] CRON: "Cron Job DAILY_WHS_NEG_UBD is now scheduled using cron setup : 0 2 * * *"
2/17/2021 14:39:30 [crontab] CRON: "Cron Job WEEKLY_STORE_NO_SALES_CAPTURE_ADMIN is now scheduled using cron setup : 5 6 * * 1"
2/17/2021 14:39:30 [crontab] CRON: "Cron Job DAILY_FILL_RATE_CAPTURE is now scheduled using cron setup : 0 16 * * *"
2/17/2021 14:39:30 [crontab] CRON: "Cron Job DAILY_SERVICE_RATE_CAPTURE is now scheduled using cron setup : 0 16 * * *"
2/17/2021 14:45:33 [crontab] 1: "BEGIN PKREQUESTMANAGER.CALLQUERY(1,'CRON000001','crontab','{}', '{}','{}', :cursor); END;"
2/17/2021 14:45:36 [crontab] 1: "27 Object(s) returned... [FETCH]"
2/17/2021 14:45:36 [crontab] CRON: "Cron Job DAILY_WHS_SSCC_NO_UBD is now scheduled using cron setup : */5 * * * *"
2/17/2021 14:45:36 [crontab] CRON: "Cron Job WEEKLY_STORE_NO_SALES is now scheduled using cron setup : 5 6 * * 1"
2/17/2021 14:45:36 [crontab] CRON: "Cron Job EXP_WHS_INVALID_PICKING is now scheduled using cron setup : 5 9 * * *"
2/17/2021 14:45:36 [crontab] CRON: "Cron Job DAILY_STORE_SHORTED is now scheduled using cron setup : 5 7 * * *"
2/17/2021 14:45:36 [crontab] CRON: "Cron Job DAILY_STORE_BLOCKED_RECEIPT is now scheduled using cron setup : 5 7 * * *"
2/17/2021 14:45:36 [crontab] CRON: "Cron Job WEEKLY_STORE_NO_SALES_ADMIN is now scheduled using cron setup : 5 7 * * 1"
2/17/2021 14:45:36 [crontab] CRON: "Cron Job WEEKLY_EDI_invoice_WEEKLY is now scheduled using cron setup : 1 19 * * 7"
2/17/2021 14:45:36 [crontab] CRON: "Cron Job ONGOING_EDI_invoice_SCAN is not active. Activation date on Tue Jan 12 2049 00:00:00 GMT+0100 (Central European Standard Time)"
2/17/2021 14:45:36 [crontab] CRON: "Cron Job CGO_ALERT is not active. Activation date on Tue Jan 12 2049 00:00:00 GMT+0100 (Central European Standard Time)"
2/17/2021 14:45:36 [crontab] CRON: "Cron Job DAILY_CAO_Negative_Inventory_1130AM is now scheduled using cron setup : 30 11 * * *"
2/17/2021 14:45:36 [crontab] CRON: "Cron Job DAILY_CAO_Negative_Inventory_0530AM is not active. Activation date on Tue Jan 12 2049 00:00:00 GMT+0100 (Central European Standard Time)"
2/17/2021 14:45:36 [crontab] CRON: "Cron Job DAILY_CAO_Order_Recap is now scheduled using cron setup : 30 11 * * *"
2/17/2021 14:45:36 [crontab] CRON: "Cron Job DAILY_Store_Sales is now scheduled using cron setup : 5 8 * * *"
2/17/2021 14:45:36 [crontab] CRON: "Cron Job DAILY_CAO_Store_Sales is now scheduled using cron setup : 5 8 * * *"
2/17/2021 14:45:36 [crontab] CRON: "Cron Job WEEKLY_Store_shrink is now scheduled using cron setup : 5 19 * * 7"
2/17/2021 14:45:36 [crontab] CRON: "Cron Job WEEKLY_CAO_Store_shrink is now scheduled using cron setup : 5 19 * * 7"
2/17/2021 14:45:36 [crontab] CRON: "Cron Job DAILY_BUYER_Pushout is not active. Activation date on Tue Jan 12 2049 00:00:00 GMT+0100 (Central European Standard Time)"
2/17/2021 14:45:36 [crontab] CRON: "Cron Job DAILY_EDI_BLANK_REF is now scheduled using cron setup : 5 7 * * *"
2/17/2021 14:45:36 [crontab] CRON: "Cron Job ICR_MAINTENANCE is now scheduled using cron setup : 5 3 * * *"
2/17/2021 14:45:36 [crontab] CRON: "Cron Job VIEW_REFRESH_DAILY is now scheduled using cron setup : 5 12 * * *"
2/17/2021 14:45:36 [crontab] CRON: "Cron Job VIEW_REFRESH_HOURLY is now scheduled using cron setup : 5 11 * * *"
2/17/2021 14:45:36 [crontab] CRON: "Cron Job DAILY_WHS_CUT is now scheduled using cron setup : 5 7 * * *"
2/17/2021 14:45:36 [crontab] CRON: "Cron Job DAILY_WHS_UBD is now scheduled using cron setup : 5 8 * * *"
2/17/2021 14:45:36 [crontab] CRON: "Cron Job DAILY_WHS_NEG_UBD is now scheduled using cron setup : 0 2 * * *"
2/17/2021 14:45:36 [crontab] CRON: "Cron Job WEEKLY_STORE_NO_SALES_CAPTURE_ADMIN is now scheduled using cron setup : 5 6 * * 1"
2/17/2021 14:45:36 [crontab] CRON: "Cron Job DAILY_FILL_RATE_CAPTURE is now scheduled using cron setup : 0 16 * * *"
2/17/2021 14:45:36 [crontab] CRON: "Cron Job DAILY_SERVICE_RATE_CAPTURE is now scheduled using cron setup : 0 16 * * *"
