2/17/2021 13:7:18 [undefined] Searching in drive the file : serviceRate_Heinens: 1
2/17/2021 13:9:5 [undefined] 1: "Searching in drive the file : serviceRate_Heinens"
2/17/2021 13:10:33 [undefined] 1: "Searching in drive the file : serviceRate_Heinens"
2/17/2021 13:10:34 [undefined] 1: "[Response] Searching in drive the file : {\"config\":{\"url\":\"https://www.googleapis.com/drive/v3/files?q=name%20%3D%20%27serviceRate_Heinens%27%20and%20trashed%20%3D%20false&spaces=drive&includeRemoved=false&fileId=11csQp5Mnix1Nl0X4AIBNiZ90YKJT3Wac\",\"method\":\"GET\",\"headers\":{\"Accept-Encoding\":\"gzip\",\"User-Agent\":\"google-api-nodejs-client/0.7.2 (gzip)\",\"Authorization\":\"Bearer ya29.A0AfH6SMDyfDYsV5tW7L7io3xg0u8_YaTlLJWnpJSBqz858kC1vK2z6bbX4LmXzrxH61mERBrqmVW4T8sbSA18otnsoWOIOn1itGuP0WPTpwbX_cmFmXT3bqmOrEvwjC57HH58_MVxFQWXP5NGcuy8nuJZnPPpwQ\",\"Accept\":\"application/json\"},\"params\":{\"q\":\"name = 'serviceRate_Heinens' and trashed = false\",\"spaces\":\"drive\",\"includeRemoved\":false,\"fileId\":\"11csQp5Mnix1Nl0X4AIBNiZ90YKJT3Wac\"},\"responseType\":\"json\"},\"data\":{\"kind\":\"drive#fileList\",\"incompleteSearch\":false,\"files\":[]},\"headers\":{\"alt-svc\":\"h3-29=\\\":443\\\"; ma=2592000,h3-T051=\\\":443\\\"; ma=2592000,h3-Q050=\\\":443\\\"; ma=2592000,h3-Q046=\\\":443\\\"; ma=2592000,h3-Q043=\\\":443\\\"; ma=2592000,quic=\\\":443\\\"; ma=2592000; v=\\\"46,43\\\"\",\"cache-control\":\"no-cache, no-store, max-age=0, must-revalidate\",\"connection\":\"close\",\"content-encoding\":\"gzip\",\"content-security-policy\":\"frame-ancestors 'self'\",\"content-type\":\"application/json; charset=UTF-8\",\"date\":\"Wed, 17 Feb 2021 12:10:34 GMT\",\"expires\":\"Mon, 01 Jan 1990 00:00:00 GMT\",\"pragma\":\"no-cache\",\"server\":\"GSE\",\"transfer-encoding\":\"chunked\",\"vary\":\"Origin, X-Origin\",\"x-content-type-options\":\"nosniff\",\"x-frame-options\":\"SAMEORIGIN\",\"x-xss-protection\":\"1; mode=block\"},\"status\":200,\"statusText\":\"OK\"}"
2/17/2021 13:12:34 [undefined] 1: "Searching in drive the file : serviceRate_Heinens"
2/17/2021 13:12:35 [undefined] 1: "[Response] Searching in drive the file : {\"config\":{\"url\":\"https://www.googleapis.com/drive/v3/files?q=name%20%3D%20%27serviceRate_Heinens%27%20and%20trashed%20%3D%20false&spaces=drive&includeRemoved=false&fileId=11csQp5Mnix1Nl0X4AIBNiZ90YKJT3Wac\",\"method\":\"GET\",\"headers\":{\"Accept-Encoding\":\"gzip\",\"User-Agent\":\"google-api-nodejs-client/0.7.2 (gzip)\",\"Authorization\":\"Bearer ya29.A0AfH6SMD-JkWBdd3UyEir4U4noJZok-imHNC7iYSnnwILBm9yfiM5K1DMuaJoZKrakctdajeWpQc0fGW-q3XL0auE0nsqdW3kvLkvp1Dmkve0tILWMjycWv6BYtbzMI959i9e7nObTZHCyomha58Iic75A0C8OQ\",\"Accept\":\"application/json\"},\"params\":{\"q\":\"name = 'serviceRate_Heinens' and trashed = false\",\"spaces\":\"drive\",\"includeRemoved\":false,\"fileId\":\"11csQp5Mnix1Nl0X4AIBNiZ90YKJT3Wac\"},\"responseType\":\"json\"},\"data\":{\"kind\":\"drive#fileList\",\"incompleteSearch\":false,\"files\":[]},\"headers\":{\"alt-svc\":\"h3-29=\\\":443\\\"; ma=2592000,h3-T051=\\\":443\\\"; ma=2592000,h3-Q050=\\\":443\\\"; ma=2592000,h3-Q046=\\\":443\\\"; ma=2592000,h3-Q043=\\\":443\\\"; ma=2592000,quic=\\\":443\\\"; ma=2592000; v=\\\"46,43\\\"\",\"cache-control\":\"no-cache, no-store, max-age=0, must-revalidate\",\"connection\":\"close\",\"content-encoding\":\"gzip\",\"content-security-policy\":\"frame-ancestors 'self'\",\"content-type\":\"application/json; charset=UTF-8\",\"date\":\"Wed, 17 Feb 2021 12:12:35 GMT\",\"expires\":\"Mon, 01 Jan 1990 00:00:00 GMT\",\"pragma\":\"no-cache\",\"server\":\"GSE\",\"transfer-encoding\":\"chunked\",\"vary\":\"Origin, X-Origin\",\"x-content-type-options\":\"nosniff\",\"x-frame-options\":\"SAMEORIGIN\",\"x-xss-protection\":\"1; mode=block\"},\"status\":200,\"statusText\":\"OK\"}"
2/17/2021 13:13:4 [undefined] 1: "Searching in drive the file : serviceRate_Heinens"
2/17/2021 13:13:6 [undefined] 1: "[Response] Searching in drive the file : {\"config\":{\"url\":\"https://www.googleapis.com/drive/v3/files?q=name%20%3D%20%27serviceRate_Heinens%27%20and%20trashed%20%3D%20false&spaces=drive&includeRemoved=false&fileId=11csQp5Mnix1Nl0X4AIBNiZ90YKJT3Wac\",\"method\":\"GET\",\"headers\":{\"Accept-Encoding\":\"gzip\",\"User-Agent\":\"google-api-nodejs-client/0.7.2 (gzip)\",\"Authorization\":\"Bearer ya29.A0AfH6SMAle3mrLnOftEBLOZLgOdrD-XdW6Uu70HyaLuDDgoMxDSBkmQyr0iFuxPgQDVVF12DqM6KUzZ-CWerE48I2B1TsNqgnO64kgRugRCEaiyQJI7_d93pGH1z0H_nQssb1_0WgeAdDgrraE8IiFIJ1WMc6zA\",\"Accept\":\"application/json\"},\"params\":{\"q\":\"name = 'serviceRate_Heinens' and trashed = false\",\"spaces\":\"drive\",\"includeRemoved\":false,\"fileId\":\"11csQp5Mnix1Nl0X4AIBNiZ90YKJT3Wac\"},\"responseType\":\"json\"},\"data\":{\"kind\":\"drive#fileList\",\"incompleteSearch\":false,\"files\":[]},\"headers\":{\"alt-svc\":\"h3-29=\\\":443\\\"; ma=2592000,h3-T051=\\\":443\\\"; ma=2592000,h3-Q050=\\\":443\\\"; ma=2592000,h3-Q046=\\\":443\\\"; ma=2592000,h3-Q043=\\\":443\\\"; ma=2592000,quic=\\\":443\\\"; ma=2592000; v=\\\"46,43\\\"\",\"cache-control\":\"no-cache, no-store, max-age=0, must-revalidate\",\"connection\":\"close\",\"content-encoding\":\"gzip\",\"content-security-policy\":\"frame-ancestors 'self'\",\"content-type\":\"application/json; charset=UTF-8\",\"date\":\"Wed, 17 Feb 2021 12:13:05 GMT\",\"expires\":\"Mon, 01 Jan 1990 00:00:00 GMT\",\"pragma\":\"no-cache\",\"server\":\"GSE\",\"transfer-encoding\":\"chunked\",\"vary\":\"Origin, X-Origin\",\"x-content-type-options\":\"nosniff\",\"x-frame-options\":\"SAMEORIGIN\",\"x-xss-protection\":\"1; mode=block\"},\"status\":200,\"statusText\":\"OK\"}"
2/17/2021 13:14:51 [undefined] 1: "Searching in drive the file : serviceRate_Heinens"
2/17/2021 13:14:55 [undefined] 1: "[Response] Searching in drive the file : 0"
2/17/2021 13:14:55 [undefined] 1: "[Response] Create in drive the file : serviceRate_Heinens"
2/17/2021 13:15:34 [undefined] 1: "Searching in drive the file : serviceRate_Heinens"
2/17/2021 13:15:36 [undefined] 1: "[Response] Searching in drive the file : 0"
2/17/2021 13:15:36 [undefined] 1: "[Response] Create in drive the file : serviceRate_Heinens"
2/17/2021 14:39:30 [undefined] 1: "Searching in drive the file : serviceRate_Heinens"
2/17/2021 14:39:32 [undefined] 1: "[Response] Searching in drive the file : 0"
2/17/2021 14:39:32 [undefined] 1: "[Response] Create in drive the file : serviceRate_Heinens"
2/17/2021 14:39:58 [undefined] 1: "Searching in drive the file : serviceRate_Heinens"
2/17/2021 14:39:59 [undefined] 1: "[Response] Searching in drive the file : 1"
2/17/2021 14:42:55 [undefined] 1: "Searching in drive the file : serviceRate_Heinens"
2/17/2021 14:42:56 [undefined] 1: "[Response] Searching in drive the file : 1"
2/17/2021 14:45:36 [undefined] 1: "Searching in drive the file : serviceRate_Heinens"
2/17/2021 14:45:38 [undefined] 1: "[Response] Searching in drive the file : 1"
2/17/2021 14:45:38 [undefined] 1: "[Request] Update in drive the file : serviceRate_Heinens/1hErgUlFQw16hz7qwumpyexDufUNC9x5fS8UKY1DYgyE"
2/17/2021 14:45:43 [undefined] 1: "[Response] Updated in drive the file : serviceRate_Heinens/1hErgUlFQw16hz7qwumpyexDufUNC9x5fS8UKY1DYgyE"
