5/22/2018 16:25:2 1: LIBQUERY with Callback: 
5/22/2018 16:25:3 1: LIBQUERY with Callback: 
5/22/2018 16:25:3 1: BEGIN PKREQUESTMANAGER.CALLQUERY(1,'ADM0000001','lnevels','{}', '{lnevels,lnevels}','{}', :cursor); END;
5/22/2018 16:25:3 1: 1 Object(s) returned... [FETCH]
5/22/2018 16:25:3 1: [object Object]
5/22/2018 16:25:3 1: {"metaData":[{"name":"USERID"},{"name":"USERFNAME"},{"name":"USERLNAME"},{"name":"USEREMAIL"},{"name":"USERMOBILE"}]}
5/22/2018 16:25:3 2: LIBQUERY with Callback: 
5/22/2018 16:25:3 2: BEGIN PKREQUESTMANAGER.CALLQUERY(2,'CLI0000002','lnevels','{}', '{lnevels}','{}', :cursor); END;
5/22/2018 16:25:3 2: 1 Object(s) returned... [FETCH]
5/22/2018 16:25:3 2: [object Object]
5/22/2018 16:25:3 2: {"metaData":[{"name":"USERID"},{"name":"USERCORPID"},{"name":"USERPASS"},{"name":"USERAUTH"},{"name":"USERLANG"},{"name":"USERPROF"},{"name":"USERAPPLI"},{"name":"USERFNAME"},{"name":"USERLNAME"},{"name":"USEREMAIL"},{"name":"USERMOBILE"},{"name":"USERTEAM"},{"name":"USERACTIVE"},{"name":"USERDCRE"},{"name":"USERDMAJ"},{"name":"USERUTIL"},{"name":"USERTYPE"}]}
5/22/2018 16:25:3 3: LIBQUERY with Callback: 
5/22/2018 16:25:3 3: BEGIN PKREQUESTMANAGER.CALLQUERY(3,'CLI0000003','lnevels','{}', '{lnevels}','{}', :cursor); END;
5/22/2018 16:25:3 3: 5 Object(s) returned... [FETCH]
5/22/2018 16:25:3 3: [object Object],[object Object],[object Object],[object Object],[object Object]
5/22/2018 16:25:3 3: {"metaData":[{"name":"LEVEL"},{"name":"ENVID"},{"name":"ENVCORPID"},{"name":"ENVCODE"},{"name":"ENVTYPE"},{"name":"ENVACTIVE"},{"name":"ENVSDESC"},{"name":"ENVLDESC"},{"name":"ENVDBTYPE"},{"name":"ENVIP"},{"name":"ENVPORT"},{"name":"ENVUSER"},{"name":"ENVPASSWORD"},{"name":"ENVSOURCE"},{"name":"ENVDBLINK"},{"name":"ENVDEFAULT"},{"name":"ENVDCRE"},{"name":"ENVDMAJ"},{"name":"ENVUTIL"},{"name":"ENVVERSION"},{"name":"ENVDEFLANG"},{"name":"CORPPIC"},{"name":"ENVVARINITSH"}]}
5/22/2018 16:25:55 4: LIBQUERY with Callback: 
5/22/2018 16:25:55 4: BEGIN PKREQUESTMANAGER.CALLQUERY(4,'SUP0000001','lnevels','{HEINENS_CUSTOM_PROD}', '{spring}','{HN}', :cursor); END;
5/22/2018 16:25:56 4: 27 Object(s) returned... [FETCH]
5/22/2018 16:25:56 4: [object Object],[object Object],[object Object],[object Object],[object Object],[object Object],[object Object],[object Object],[object Object],[object Object],[object Object],[object Object],[object Object],[object Object],[object Object],[object Object],[object Object],[object Object],[object Object],[object Object],[object Object],[object Object],[object Object],[object Object],[object Object],[object Object],[object Object]
5/22/2018 16:25:56 4: {"metaData":[{"name":"LISCFIN"},{"name":"FOUCNUF"},{"name":"FOULIBL"},{"name":"FCSNUM"},{"name":"LISCSIN"},{"name":"LISCCIN"},{"name":"FCCNUM"},{"name":"LISNFILF"},{"name":"SOCSITE"},{"name":"SOCLMAG"},{"name":"LISNFILC"},{"name":"LISTLIV"},{"name":"LISCOMC"},{"name":"LISCOMR"},{"name":"LISCOMF"},{"name":"LISVCOM"},{"name":"LISTSLI"},{"name":"LISTSQP"},{"name":"LISTOP"},{"name":"LISAVAL"},{"name":"LISMARQ"},{"name":"LISREAP"},{"name":"LISUREAP"},{"name":"LISUREAP_LIB"},{"name":"LISCOMM"},{"name":"LISCDLU"},{"name":"LISCDMA"},{"name":"LISCDME"},{"name":"LISCDJE"},{"name":"LISCDVE"},{"name":"LISCDSA"},{"name":"LISCDDI"},{"name":"LISLILU"},{"name":"LISLIMA"},{"name":"LISLIME"},{"name":"LISLIJE"},{"name":"LISLIVE"},{"name":"LISLISA"},{"name":"LISLIDI"},{"name":"LISHRLU"},{"name":"LISHRMA"},{"name":"LISHRME"},{"name":"LISHRJE"},{"name":"LISHRVE"},{"name":"LISHRSA"},{"name":"LISHRDI"},{"name":"LISHLLU"},{"name":"LISHLMA"},{"name":"LISHLME"},{"name":"LISHLJE"},{"name":"LISHLVE"},{"name":"LISHLSA"},{"name":"LISHLDI"},{"name":"LISHRLU2"},{"name":"LISHRMA2"},{"name":"LISHRME2"},{"name":"LISHRJE2"},{"name":"LISHRVE2"},{"name":"LISHRSA2"},{"name":"LISHRDI2"},{"name":"LISHLLU2"},{"name":"LISHLMA2"},{"name":"LISHLME2"},{"name":"LISHLJE2"},{"name":"LISHLVE2"},{"name":"LISHLSA2"},{"name":"LISHLDI2"},{"name":"LISHRLU3"},{"name":"LISHRMA3"},{"name":"LISHRME3"},{"name":"LISHRJE3"},{"name":"LISHRVE3"},{"name":"LISHRSA3"},{"name":"LISHRDI3"},{"name":"LISHLLU3"},{"name":"LISHLMA3"},{"name":"LISHLME3"},{"name":"LISHLJE3"},{"name":"LISHLVE3"},{"name":"LISHLSA3"},{"name":"LISHLDI3"},{"name":"LISDDEB"},{"name":"LISDFIN"}]}
5/22/2018 16:27:39 5: LIBQUERY with Callback: 
5/22/2018 16:27:39 5: BEGIN PKREQUESTMANAGER.CALLQUERY(5,'SCH0000001','lnevels','{HEINENS_CUSTOM_PROD}', '{AO1244272,AO12442C,0,AO12442S,05/20/2018,05/26/2018,lnevels,1,4,5,6,7,8,9,10,11,12,14,15,16,17,18,19,20,21,22,41,42,43,44}','{HN}', :cursor); END;
5/22/2018 16:27:39 5: 1 Object(s) returned... [FETCH]
5/22/2018 16:27:39 5: [object Object]
5/22/2018 16:27:39 5: {"metaData":[{"name":"'EXECUTINGISSUE,CHECKDBMS_SQL.EXECUTERIGHTS'"}]}
5/22/2018 16:28:18 6: LIBQUERY with Callback: 
5/22/2018 16:28:18 6: BEGIN PKREQUESTMANAGER.CALLQUERY(6,'SCH0000001','lnevels','{HEINENS_CUSTOM_PROD}', '{AO1244272,AO12442C,0,AO12442S,05/20/2018,05/26/2018,lnevels,1,4,5,6,7,8,9,10,11,12,14,15,16,17,18,19,20,21,22,41,42,43,44}','{HN}', :cursor); END;
5/22/2018 16:28:18 6: 1 Object(s) returned... [FETCH]
5/22/2018 16:28:18 6: [object Object]
5/22/2018 16:28:18 6: {"metaData":[{"name":"'EXECUTINGISSUE,CHECKDBMS_SQL.EXECUTERIGHTS'"}]}
5/22/2018 16:28:51 7: LIBQUERY with Callback: 
5/22/2018 16:28:51 7: BEGIN PKREQUESTMANAGER.CALLQUERY(7,'SCH0000001','lnevels','{HEINENS_CUSTOM_PROD}', '{AO1244272,AO12442C,0,AO12442S,05/20/2018,05/26/2018,lnevels,1,4,5,6,7,8,9,10,11,12,14,15,16,17,18,19,20,21,22,41,42,43,44}','{HN}', :cursor); END;
5/22/2018 16:28:51 7: 1 Object(s) returned... [FETCH]
5/22/2018 16:28:51 7: [object Object]
5/22/2018 16:28:51 7: {"metaData":[{"name":"'EXECUTINGISSUE,CHECKDBMS_SQL.EXECUTERIGHTS'"}]}
