7/19/2017 21:44:21 1: LIBQUERY with Callback: 
7/19/2017 21:44:21 1: Path request:/api/authentification/
7/19/2017 21:44:21 1: Path header:undefined
7/19/2017 21:44:21 1: Path query:{}
7/19/2017 21:44:21 1: BEGIN PKREQUESTMANAGER.CALLQUERY(1,'ADM0000001','abe','{}', '{abe,abe}','{}', :cursor); END;
7/19/2017 21:44:21 1: 1 Object(s) returned... [FETCH]
7/19/2017 21:44:21 1: [object Object]
7/19/2017 21:44:21 2: LIBQUERY with Callback: 
7/19/2017 21:44:21 2: Path request:/api/user/
7/19/2017 21:44:21 2: Path header:undefined
7/19/2017 21:44:21 2: Path query:{"USER_NAME":"abe"}
7/19/2017 21:44:21 2: BEGIN PKREQUESTMANAGER.CALLQUERY(2,'CLI0000002','abe','{}', '{abe}','{}', :cursor); END;
7/19/2017 21:44:21 3: LIBQUERY with Callback: 
7/19/2017 21:44:21 3: Path request:/api/environment/
7/19/2017 21:44:21 3: Path header:undefined
7/19/2017 21:44:21 3: Path query:{"USER_NAME":"abe"}
7/19/2017 21:44:21 3: BEGIN PKREQUESTMANAGER.CALLQUERY(3,'CLI0000003','abe','{}', '{abe}','{}', :cursor); END;
7/19/2017 21:44:21 3: 1 Object(s) returned... [FETCH]
7/19/2017 21:44:21 3: [object Object]
7/19/2017 21:44:21 3: 6 Object(s) returned... [FETCH]
7/19/2017 21:44:21 3: [object Object],[object Object],[object Object],[object Object],[object Object],[object Object]
7/19/2017 21:44:21 4: LIBQUERY with Callback: 
7/19/2017 21:44:21 4: Path request:/api/labels/
7/19/2017 21:44:21 4: Path header:undefined
7/19/2017 21:44:21 4: Path query:{}
7/19/2017 21:44:21 4: BEGIN PKREQUESTMANAGER.CALLQUERY(4,'LAB0000001','abe','{undefined}', '{undefined}','{HN}', :cursor); END;
7/19/2017 21:44:21 4: 36 Object(s) returned... [FETCH]
7/19/2017 21:44:21 4: [object Object],[object Object],[object Object],[object Object],[object Object],[object Object],[object Object],[object Object],[object Object],[object Object],[object Object],[object Object],[object Object],[object Object],[object Object],[object Object],[object Object],[object Object],[object Object],[object Object],[object Object],[object Object],[object Object],[object Object],[object Object],[object Object],[object Object],[object Object],[object Object],[object Object],[object Object],[object Object],[object Object],[object Object],[object Object],[object Object]
7/19/2017 21:46:38 1: LIBQUERY with Callback: 
7/19/2017 21:46:38 1: Path request:/api/authentification/
7/19/2017 21:46:38 1: Path header:undefined
7/19/2017 21:46:38 1: Path query:{}
7/19/2017 21:46:38 1: BEGIN PKREQUESTMANAGER.CALLQUERY(1,'ADM0000001','abe','{}', '{abe,abe}','{}', :cursor); END;
7/19/2017 21:46:38 1: 1 Object(s) returned... [FETCH]
7/19/2017 21:46:38 1: [object Object]
7/19/2017 21:46:38 2: LIBQUERY with Callback: 
7/19/2017 21:46:38 2: Path request:/api/user/
7/19/2017 21:46:38 2: Path header:undefined
7/19/2017 21:46:38 2: Path query:{"USER_NAME":"abe"}
7/19/2017 21:46:38 2: BEGIN PKREQUESTMANAGER.CALLQUERY(2,'CLI0000002','abe','{}', '{abe}','{}', :cursor); END;
7/19/2017 21:46:38 3: LIBQUERY with Callback: 
7/19/2017 21:46:38 3: Path request:/api/environment/
7/19/2017 21:46:38 3: Path header:undefined
7/19/2017 21:46:38 3: Path query:{"USER_NAME":"abe"}
7/19/2017 21:46:38 3: BEGIN PKREQUESTMANAGER.CALLQUERY(3,'CLI0000003','abe','{}', '{abe}','{}', :cursor); END;
7/19/2017 21:46:38 3: 1 Object(s) returned... [FETCH]
7/19/2017 21:46:38 3: [object Object]
7/19/2017 21:46:38 3: 6 Object(s) returned... [FETCH]
7/19/2017 21:46:38 3: [object Object],[object Object],[object Object],[object Object],[object Object],[object Object]
7/19/2017 21:46:38 4: LIBQUERY with Callback: 
7/19/2017 21:46:38 4: Path request:/api/labels/
7/19/2017 21:46:38 4: Path header:undefined
7/19/2017 21:46:38 4: Path query:{}
7/19/2017 21:46:38 4: BEGIN PKREQUESTMANAGER.CALLQUERY(4,'LAB0000001','abe','{undefined}', '{undefined}','{}', :cursor); END;
7/19/2017 21:46:38 4: 36 Object(s) returned... [FETCH]
7/19/2017 21:46:38 4: [object Object],[object Object],[object Object],[object Object],[object Object],[object Object],[object Object],[object Object],[object Object],[object Object],[object Object],[object Object],[object Object],[object Object],[object Object],[object Object],[object Object],[object Object],[object Object],[object Object],[object Object],[object Object],[object Object],[object Object],[object Object],[object Object],[object Object],[object Object],[object Object],[object Object],[object Object],[object Object],[object Object],[object Object],[object Object],[object Object]
7/19/2017 21:48:46 5: LIBQUERY with Callback: 
7/19/2017 21:48:46 5: Path request:/api/authentification/
7/19/2017 21:48:46 5: Path header:undefined
7/19/2017 21:48:46 5: Path query:{}
7/19/2017 21:48:46 5: BEGIN PKREQUESTMANAGER.CALLQUERY(5,'ADM0000001','abe','{}', '{abe,abe}','{}', :cursor); END;
7/19/2017 21:48:46 5: 1 Object(s) returned... [FETCH]
7/19/2017 21:48:46 5: [object Object]
7/19/2017 21:48:46 6: LIBQUERY with Callback: 
7/19/2017 21:48:46 6: Path request:/api/user/
7/19/2017 21:48:46 6: Path header:undefined
7/19/2017 21:48:46 6: Path query:{"USER_NAME":"abe"}
7/19/2017 21:48:46 6: BEGIN PKREQUESTMANAGER.CALLQUERY(6,'CLI0000002','abe','{}', '{abe}','{}', :cursor); END;
7/19/2017 21:48:46 7: LIBQUERY with Callback: 
7/19/2017 21:48:46 7: Path request:/api/environment/
7/19/2017 21:48:46 7: Path header:undefined
7/19/2017 21:48:46 7: Path query:{"USER_NAME":"abe"}
7/19/2017 21:48:46 7: BEGIN PKREQUESTMANAGER.CALLQUERY(7,'CLI0000003','abe','{}', '{abe}','{}', :cursor); END;
7/19/2017 21:48:47 7: 6 Object(s) returned... [FETCH]
7/19/2017 21:48:47 7: [object Object],[object Object],[object Object],[object Object],[object Object],[object Object]
7/19/2017 21:48:47 7: 1 Object(s) returned... [FETCH]
7/19/2017 21:48:47 7: [object Object]
7/19/2017 21:48:47 8: LIBQUERY with Callback: 
7/19/2017 21:48:47 8: Path request:/api/labels/
7/19/2017 21:48:47 8: Path header:undefined
7/19/2017 21:48:47 8: Path query:{}
7/19/2017 21:48:47 8: BEGIN PKREQUESTMANAGER.CALLQUERY(8,'LAB0000001','abe','{undefined}', '{undefined}','{HN}', :cursor); END;
7/19/2017 21:48:47 8: 36 Object(s) returned... [FETCH]
7/19/2017 21:48:47 8: [object Object],[object Object],[object Object],[object Object],[object Object],[object Object],[object Object],[object Object],[object Object],[object Object],[object Object],[object Object],[object Object],[object Object],[object Object],[object Object],[object Object],[object Object],[object Object],[object Object],[object Object],[object Object],[object Object],[object Object],[object Object],[object Object],[object Object],[object Object],[object Object],[object Object],[object Object],[object Object],[object Object],[object Object],[object Object],[object Object]
7/19/2017 21:50:11 9: LIBQUERY with Callback: 
7/19/2017 21:50:11 9: Path request:/api/authentification/
7/19/2017 21:50:11 9: Path header:undefined
7/19/2017 21:50:11 9: Path query:{}
7/19/2017 21:50:11 9: BEGIN PKREQUESTMANAGER.CALLQUERY(9,'ADM0000001','abe','{}', '{abe,abe}','{}', :cursor); END;
7/19/2017 21:50:11 9: 1 Object(s) returned... [FETCH]
7/19/2017 21:50:11 9: [object Object]
7/19/2017 21:50:11 10: LIBQUERY with Callback: 
7/19/2017 21:50:11 10: Path request:/api/user/
7/19/2017 21:50:11 10: Path header:undefined
7/19/2017 21:50:11 10: Path query:{"USER_NAME":"abe"}
7/19/2017 21:50:11 10: BEGIN PKREQUESTMANAGER.CALLQUERY(10,'CLI0000002','abe','{}', '{abe}','{}', :cursor); END;
7/19/2017 21:50:11 11: LIBQUERY with Callback: 
7/19/2017 21:50:11 11: Path request:/api/environment/
7/19/2017 21:50:11 11: Path header:undefined
7/19/2017 21:50:11 11: Path query:{"USER_NAME":"abe"}
7/19/2017 21:50:11 11: BEGIN PKREQUESTMANAGER.CALLQUERY(11,'CLI0000003','abe','{}', '{abe}','{}', :cursor); END;
7/19/2017 21:50:11 11: 1 Object(s) returned... [FETCH]
7/19/2017 21:50:11 11: [object Object]
7/19/2017 21:50:11 11: 6 Object(s) returned... [FETCH]
7/19/2017 21:50:11 11: [object Object],[object Object],[object Object],[object Object],[object Object],[object Object]
7/19/2017 21:50:11 12: LIBQUERY with Callback: 
7/19/2017 21:50:11 12: Path request:/api/labels/
7/19/2017 21:50:11 12: Path header:undefined
7/19/2017 21:50:11 12: Path query:{}
7/19/2017 21:50:11 12: BEGIN PKREQUESTMANAGER.CALLQUERY(12,'LAB0000001','abe','{undefined}', '{undefined}','{}', :cursor); END;
7/19/2017 21:50:11 12: 36 Object(s) returned... [FETCH]
7/19/2017 21:50:11 12: [object Object],[object Object],[object Object],[object Object],[object Object],[object Object],[object Object],[object Object],[object Object],[object Object],[object Object],[object Object],[object Object],[object Object],[object Object],[object Object],[object Object],[object Object],[object Object],[object Object],[object Object],[object Object],[object Object],[object Object],[object Object],[object Object],[object Object],[object Object],[object Object],[object Object],[object Object],[object Object],[object Object],[object Object],[object Object],[object Object]
7/19/2017 21:50:56 13: LIBQUERY with Callback: 
7/19/2017 21:50:56 13: Path request:/api/authentification/
7/19/2017 21:50:56 13: Path header:undefined
7/19/2017 21:50:56 13: Path query:{}
7/19/2017 21:50:56 13: BEGIN PKREQUESTMANAGER.CALLQUERY(13,'ADM0000001','abe','{}', '{abe,abe}','{}', :cursor); END;
7/19/2017 21:50:57 13: 1 Object(s) returned... [FETCH]
7/19/2017 21:50:57 13: [object Object]
7/19/2017 21:50:57 14: LIBQUERY with Callback: 
7/19/2017 21:50:57 14: Path request:/api/user/
7/19/2017 21:50:57 14: Path header:undefined
7/19/2017 21:50:57 14: Path query:{"USER_NAME":"abe"}
7/19/2017 21:50:57 14: BEGIN PKREQUESTMANAGER.CALLQUERY(14,'CLI0000002','abe','{}', '{abe}','{}', :cursor); END;
7/19/2017 21:50:57 15: LIBQUERY with Callback: 
7/19/2017 21:50:57 15: Path request:/api/environment/
7/19/2017 21:50:57 15: Path header:undefined
7/19/2017 21:50:57 15: Path query:{"USER_NAME":"abe"}
7/19/2017 21:50:57 15: BEGIN PKREQUESTMANAGER.CALLQUERY(15,'CLI0000003','abe','{}', '{abe}','{}', :cursor); END;
7/19/2017 21:50:57 15: 1 Object(s) returned... [FETCH]
7/19/2017 21:50:57 15: [object Object]
7/19/2017 21:50:57 15: 6 Object(s) returned... [FETCH]
7/19/2017 21:50:57 15: [object Object],[object Object],[object Object],[object Object],[object Object],[object Object]
7/19/2017 21:50:57 16: LIBQUERY with Callback: 
7/19/2017 21:50:57 16: Path request:/api/labels/
7/19/2017 21:50:57 16: Path header:undefined
7/19/2017 21:50:57 16: Path query:{}
7/19/2017 21:50:57 16: BEGIN PKREQUESTMANAGER.CALLQUERY(16,'LAB0000001','abe','{undefined}', '{undefined}','{HN}', :cursor); END;
7/19/2017 21:50:57 16: 36 Object(s) returned... [FETCH]
7/19/2017 21:50:57 16: [object Object],[object Object],[object Object],[object Object],[object Object],[object Object],[object Object],[object Object],[object Object],[object Object],[object Object],[object Object],[object Object],[object Object],[object Object],[object Object],[object Object],[object Object],[object Object],[object Object],[object Object],[object Object],[object Object],[object Object],[object Object],[object Object],[object Object],[object Object],[object Object],[object Object],[object Object],[object Object],[object Object],[object Object],[object Object],[object Object]
7/19/2017 21:51:50 17: LIBQUERY with Callback: 
7/19/2017 21:51:50 17: Path request:/api/authentification/
7/19/2017 21:51:50 17: Path header:undefined
7/19/2017 21:51:50 17: Path query:{}
7/19/2017 21:51:50 17: BEGIN PKREQUESTMANAGER.CALLQUERY(17,'ADM0000001','abe','{}', '{abe,abe}','{}', :cursor); END;
7/19/2017 21:51:50 17: 1 Object(s) returned... [FETCH]
7/19/2017 21:51:50 17: [object Object]
7/19/2017 21:51:50 18: LIBQUERY with Callback: 
7/19/2017 21:51:50 18: Path request:/api/user/
7/19/2017 21:51:50 18: Path header:undefined
7/19/2017 21:51:50 18: Path query:{"USER_NAME":"abe"}
7/19/2017 21:51:50 18: BEGIN PKREQUESTMANAGER.CALLQUERY(18,'CLI0000002','abe','{}', '{abe}','{}', :cursor); END;
7/19/2017 21:51:50 19: LIBQUERY with Callback: 
7/19/2017 21:51:50 19: Path request:/api/environment/
7/19/2017 21:51:50 19: Path header:undefined
7/19/2017 21:51:50 19: Path query:{"USER_NAME":"abe"}
7/19/2017 21:51:50 19: BEGIN PKREQUESTMANAGER.CALLQUERY(19,'CLI0000003','abe','{}', '{abe}','{}', :cursor); END;
7/19/2017 21:51:50 19: 1 Object(s) returned... [FETCH]
7/19/2017 21:51:50 19: [object Object]
7/19/2017 21:51:50 19: 6 Object(s) returned... [FETCH]
7/19/2017 21:51:50 19: [object Object],[object Object],[object Object],[object Object],[object Object],[object Object]
7/19/2017 21:51:50 20: LIBQUERY with Callback: 
7/19/2017 21:51:50 20: Path request:/api/labels/
7/19/2017 21:51:50 20: Path header:undefined
7/19/2017 21:51:50 20: Path query:{}
7/19/2017 21:51:50 20: BEGIN PKREQUESTMANAGER.CALLQUERY(20,'LAB0000001','abe','{undefined}', '{undefined}','{HN}', :cursor); END;
7/19/2017 21:51:50 20: 36 Object(s) returned... [FETCH]
7/19/2017 21:51:50 20: [object Object],[object Object],[object Object],[object Object],[object Object],[object Object],[object Object],[object Object],[object Object],[object Object],[object Object],[object Object],[object Object],[object Object],[object Object],[object Object],[object Object],[object Object],[object Object],[object Object],[object Object],[object Object],[object Object],[object Object],[object Object],[object Object],[object Object],[object Object],[object Object],[object Object],[object Object],[object Object],[object Object],[object Object],[object Object],[object Object]
7/19/2017 21:52:36 21: LIBQUERY with Callback: 
7/19/2017 21:52:36 21: Path request:/api/authentification/
7/19/2017 21:52:36 21: Path header:undefined
7/19/2017 21:52:36 21: Path query:{}
7/19/2017 21:52:36 21: BEGIN PKREQUESTMANAGER.CALLQUERY(21,'ADM0000001','abe','{}', '{abe,abe}','{}', :cursor); END;
7/19/2017 21:52:36 21: 1 Object(s) returned... [FETCH]
7/19/2017 21:52:36 21: [object Object]
7/19/2017 21:52:36 22: LIBQUERY with Callback: 
7/19/2017 21:52:36 22: Path request:/api/user/
7/19/2017 21:52:36 22: Path header:undefined
7/19/2017 21:52:36 22: Path query:{"USER_NAME":"abe"}
7/19/2017 21:52:36 22: BEGIN PKREQUESTMANAGER.CALLQUERY(22,'CLI0000002','abe','{}', '{abe}','{}', :cursor); END;
7/19/2017 21:52:36 23: LIBQUERY with Callback: 
7/19/2017 21:52:36 23: Path request:/api/environment/
7/19/2017 21:52:36 23: Path header:undefined
7/19/2017 21:52:36 23: Path query:{"USER_NAME":"abe"}
7/19/2017 21:52:36 23: BEGIN PKREQUESTMANAGER.CALLQUERY(23,'CLI0000003','abe','{}', '{abe}','{}', :cursor); END;
7/19/2017 21:52:36 23: 1 Object(s) returned... [FETCH]
7/19/2017 21:52:36 23: [object Object]
7/19/2017 21:52:36 23: 6 Object(s) returned... [FETCH]
7/19/2017 21:52:36 23: [object Object],[object Object],[object Object],[object Object],[object Object],[object Object]
7/19/2017 21:52:37 24: LIBQUERY with Callback: 
7/19/2017 21:52:37 24: Path request:/api/labels/
7/19/2017 21:52:37 24: Path header:undefined
7/19/2017 21:52:37 24: Path query:{}
7/19/2017 21:52:37 24: BEGIN PKREQUESTMANAGER.CALLQUERY(24,'LAB0000001','abe','{undefined}', '{undefined}','{HN}', :cursor); END;
7/19/2017 21:52:37 24: 36 Object(s) returned... [FETCH]
7/19/2017 21:52:37 24: [object Object],[object Object],[object Object],[object Object],[object Object],[object Object],[object Object],[object Object],[object Object],[object Object],[object Object],[object Object],[object Object],[object Object],[object Object],[object Object],[object Object],[object Object],[object Object],[object Object],[object Object],[object Object],[object Object],[object Object],[object Object],[object Object],[object Object],[object Object],[object Object],[object Object],[object Object],[object Object],[object Object],[object Object],[object Object],[object Object]
7/19/2017 21:54:53 25: LIBQUERY with Callback: 
7/19/2017 21:54:53 25: Path request:/api/authentification/
7/19/2017 21:54:53 25: Path header:undefined
7/19/2017 21:54:53 25: Path query:{}
7/19/2017 21:54:53 25: BEGIN PKREQUESTMANAGER.CALLQUERY(25,'ADM0000001','abe','{}', '{abe,abe}','{}', :cursor); END;
7/19/2017 21:54:53 25: 1 Object(s) returned... [FETCH]
7/19/2017 21:54:53 25: [object Object]
7/19/2017 21:54:53 26: LIBQUERY with Callback: 
7/19/2017 21:54:53 26: Path request:/api/user/
7/19/2017 21:54:53 26: Path header:undefined
7/19/2017 21:54:53 26: Path query:{"USER_NAME":"abe"}
7/19/2017 21:54:53 26: BEGIN PKREQUESTMANAGER.CALLQUERY(26,'CLI0000002','abe','{}', '{abe}','{}', :cursor); END;
7/19/2017 21:54:53 27: LIBQUERY with Callback: 
7/19/2017 21:54:53 27: Path request:/api/environment/
7/19/2017 21:54:53 27: Path header:undefined
7/19/2017 21:54:53 27: Path query:{"USER_NAME":"abe"}
7/19/2017 21:54:53 27: BEGIN PKREQUESTMANAGER.CALLQUERY(27,'CLI0000003','abe','{}', '{abe}','{}', :cursor); END;
7/19/2017 21:54:53 27: 6 Object(s) returned... [FETCH]
7/19/2017 21:54:53 27: [object Object],[object Object],[object Object],[object Object],[object Object],[object Object]
7/19/2017 21:54:53 27: 1 Object(s) returned... [FETCH]
7/19/2017 21:54:53 27: [object Object]
7/19/2017 21:54:54 28: LIBQUERY with Callback: 
7/19/2017 21:54:54 28: Path request:/api/labels/
7/19/2017 21:54:54 28: Path header:undefined
7/19/2017 21:54:54 28: Path query:{}
7/19/2017 21:54:54 28: BEGIN PKREQUESTMANAGER.CALLQUERY(28,'LAB0000001','abe','{undefined}', '{undefined}','{}', :cursor); END;
7/19/2017 21:54:54 28: 36 Object(s) returned... [FETCH]
7/19/2017 21:54:54 28: [object Object],[object Object],[object Object],[object Object],[object Object],[object Object],[object Object],[object Object],[object Object],[object Object],[object Object],[object Object],[object Object],[object Object],[object Object],[object Object],[object Object],[object Object],[object Object],[object Object],[object Object],[object Object],[object Object],[object Object],[object Object],[object Object],[object Object],[object Object],[object Object],[object Object],[object Object],[object Object],[object Object],[object Object],[object Object],[object Object]
7/19/2017 21:56:4 29: LIBQUERY with Callback: 
7/19/2017 21:56:4 29: Path request:/api/authentification/
7/19/2017 21:56:4 29: Path header:undefined
7/19/2017 21:56:4 29: Path query:{}
7/19/2017 21:56:4 29: BEGIN PKREQUESTMANAGER.CALLQUERY(29,'ADM0000001','abe','{}', '{abe,abe}','{}', :cursor); END;
7/19/2017 21:56:4 29: 1 Object(s) returned... [FETCH]
7/19/2017 21:56:4 29: [object Object]
7/19/2017 21:56:4 30: LIBQUERY with Callback: 
7/19/2017 21:56:4 30: Path request:/api/user/
7/19/2017 21:56:4 30: Path header:undefined
7/19/2017 21:56:4 30: Path query:{"USER_NAME":"abe"}
7/19/2017 21:56:4 30: BEGIN PKREQUESTMANAGER.CALLQUERY(30,'CLI0000002','abe','{}', '{abe}','{}', :cursor); END;
7/19/2017 21:56:4 31: LIBQUERY with Callback: 
7/19/2017 21:56:4 31: Path request:/api/environment/
7/19/2017 21:56:4 31: Path header:undefined
7/19/2017 21:56:4 31: Path query:{"USER_NAME":"abe"}
7/19/2017 21:56:4 31: BEGIN PKREQUESTMANAGER.CALLQUERY(31,'CLI0000003','abe','{}', '{abe}','{}', :cursor); END;
7/19/2017 21:56:4 31: 1 Object(s) returned... [FETCH]
7/19/2017 21:56:4 31: [object Object]
7/19/2017 21:56:4 31: 6 Object(s) returned... [FETCH]
7/19/2017 21:56:4 31: [object Object],[object Object],[object Object],[object Object],[object Object],[object Object]
7/19/2017 21:56:4 32: LIBQUERY with Callback: 
7/19/2017 21:56:4 32: Path request:/api/labels/
7/19/2017 21:56:4 32: Path header:undefined
7/19/2017 21:56:4 32: Path query:{}
7/19/2017 21:56:4 32: BEGIN PKREQUESTMANAGER.CALLQUERY(32,'LAB0000001','abe','{undefined}', '{undefined}','{HN}', :cursor); END;
7/19/2017 21:56:4 32: 36 Object(s) returned... [FETCH]
7/19/2017 21:56:4 32: [object Object],[object Object],[object Object],[object Object],[object Object],[object Object],[object Object],[object Object],[object Object],[object Object],[object Object],[object Object],[object Object],[object Object],[object Object],[object Object],[object Object],[object Object],[object Object],[object Object],[object Object],[object Object],[object Object],[object Object],[object Object],[object Object],[object Object],[object Object],[object Object],[object Object],[object Object],[object Object],[object Object],[object Object],[object Object],[object Object]
7/19/2017 21:57:10 33: LIBQUERY with Callback: 
7/19/2017 21:57:10 33: Path request:/api/authentification/
7/19/2017 21:57:10 33: Path header:undefined
7/19/2017 21:57:10 33: Path query:{}
7/19/2017 21:57:10 33: BEGIN PKREQUESTMANAGER.CALLQUERY(33,'ADM0000001','abe','{}', '{abe,abe}','{}', :cursor); END;
7/19/2017 21:57:10 33: 1 Object(s) returned... [FETCH]
7/19/2017 21:57:10 33: [object Object]
7/19/2017 21:57:10 34: LIBQUERY with Callback: 
7/19/2017 21:57:10 34: Path request:/api/user/
7/19/2017 21:57:10 34: Path header:undefined
7/19/2017 21:57:10 34: Path query:{"USER_NAME":"abe"}
7/19/2017 21:57:10 34: BEGIN PKREQUESTMANAGER.CALLQUERY(34,'CLI0000002','abe','{}', '{abe}','{}', :cursor); END;
7/19/2017 21:57:10 35: LIBQUERY with Callback: 
7/19/2017 21:57:10 35: Path request:/api/environment/
7/19/2017 21:57:10 35: Path header:undefined
7/19/2017 21:57:10 35: Path query:{"USER_NAME":"abe"}
7/19/2017 21:57:10 35: BEGIN PKREQUESTMANAGER.CALLQUERY(35,'CLI0000003','abe','{}', '{abe}','{}', :cursor); END;
7/19/2017 21:57:10 35: 1 Object(s) returned... [FETCH]
7/19/2017 21:57:10 35: [object Object]
7/19/2017 21:57:10 35: 6 Object(s) returned... [FETCH]
7/19/2017 21:57:10 35: [object Object],[object Object],[object Object],[object Object],[object Object],[object Object]
7/19/2017 21:57:10 36: LIBQUERY with Callback: 
7/19/2017 21:57:10 36: Path request:/api/labels/
7/19/2017 21:57:10 36: Path header:undefined
7/19/2017 21:57:10 36: Path query:{}
7/19/2017 21:57:10 36: BEGIN PKREQUESTMANAGER.CALLQUERY(36,'LAB0000001','abe','{undefined}', '{undefined}','{}', :cursor); END;
7/19/2017 21:57:10 36: 36 Object(s) returned... [FETCH]
7/19/2017 21:57:10 36: [object Object],[object Object],[object Object],[object Object],[object Object],[object Object],[object Object],[object Object],[object Object],[object Object],[object Object],[object Object],[object Object],[object Object],[object Object],[object Object],[object Object],[object Object],[object Object],[object Object],[object Object],[object Object],[object Object],[object Object],[object Object],[object Object],[object Object],[object Object],[object Object],[object Object],[object Object],[object Object],[object Object],[object Object],[object Object],[object Object]
7/19/2017 21:58:19 37: LIBQUERY with Callback: 
7/19/2017 21:58:19 37: Path request:/api/authentification/
7/19/2017 21:58:19 37: Path header:undefined
7/19/2017 21:58:19 37: Path query:{}
7/19/2017 21:58:19 37: BEGIN PKREQUESTMANAGER.CALLQUERY(37,'ADM0000001','abe','{}', '{abe,abe}','{}', :cursor); END;
7/19/2017 21:58:20 37: 1 Object(s) returned... [FETCH]
7/19/2017 21:58:20 37: [object Object]
7/19/2017 21:58:20 38: LIBQUERY with Callback: 
7/19/2017 21:58:20 38: Path request:/api/user/
7/19/2017 21:58:20 38: Path header:undefined
7/19/2017 21:58:20 38: Path query:{"USER_NAME":"abe"}
7/19/2017 21:58:20 38: BEGIN PKREQUESTMANAGER.CALLQUERY(38,'CLI0000002','abe','{}', '{abe}','{}', :cursor); END;
7/19/2017 21:58:20 39: LIBQUERY with Callback: 
7/19/2017 21:58:20 39: Path request:/api/environment/
7/19/2017 21:58:20 39: Path header:undefined
7/19/2017 21:58:20 39: Path query:{"USER_NAME":"abe"}
7/19/2017 21:58:20 39: BEGIN PKREQUESTMANAGER.CALLQUERY(39,'CLI0000003','abe','{}', '{abe}','{}', :cursor); END;
7/19/2017 21:58:20 39: 1 Object(s) returned... [FETCH]
7/19/2017 21:58:20 39: [object Object]
7/19/2017 21:58:20 39: 6 Object(s) returned... [FETCH]
7/19/2017 21:58:20 39: [object Object],[object Object],[object Object],[object Object],[object Object],[object Object]
7/19/2017 21:58:20 40: LIBQUERY with Callback: 
7/19/2017 21:58:20 40: Path request:/api/labels/
7/19/2017 21:58:20 40: Path header:undefined
7/19/2017 21:58:20 40: Path query:{}
7/19/2017 21:58:20 40: BEGIN PKREQUESTMANAGER.CALLQUERY(40,'LAB0000001','abe','{undefined}', '{undefined}','{}', :cursor); END;
7/19/2017 21:58:20 40: 36 Object(s) returned... [FETCH]
7/19/2017 21:58:20 40: [object Object],[object Object],[object Object],[object Object],[object Object],[object Object],[object Object],[object Object],[object Object],[object Object],[object Object],[object Object],[object Object],[object Object],[object Object],[object Object],[object Object],[object Object],[object Object],[object Object],[object Object],[object Object],[object Object],[object Object],[object Object],[object Object],[object Object],[object Object],[object Object],[object Object],[object Object],[object Object],[object Object],[object Object],[object Object],[object Object]
7/19/2017 21:59:7 41: LIBQUERY with Callback: 
7/19/2017 21:59:7 41: Path request:/api/authentification/
7/19/2017 21:59:7 41: Path header:undefined
7/19/2017 21:59:7 41: Path query:{}
7/19/2017 21:59:7 41: BEGIN PKREQUESTMANAGER.CALLQUERY(41,'ADM0000001','abe','{}', '{abe,abe}','{}', :cursor); END;
7/19/2017 21:59:8 41: 1 Object(s) returned... [FETCH]
7/19/2017 21:59:8 41: [object Object]
7/19/2017 21:59:8 42: LIBQUERY with Callback: 
7/19/2017 21:59:8 42: Path request:/api/user/
7/19/2017 21:59:8 42: Path header:undefined
7/19/2017 21:59:8 42: Path query:{"USER_NAME":"abe"}
7/19/2017 21:59:8 42: BEGIN PKREQUESTMANAGER.CALLQUERY(42,'CLI0000002','abe','{}', '{abe}','{}', :cursor); END;
7/19/2017 21:59:8 43: LIBQUERY with Callback: 
7/19/2017 21:59:8 43: Path request:/api/environment/
7/19/2017 21:59:8 43: Path header:undefined
7/19/2017 21:59:8 43: Path query:{"USER_NAME":"abe"}
7/19/2017 21:59:8 43: BEGIN PKREQUESTMANAGER.CALLQUERY(43,'CLI0000003','abe','{}', '{abe}','{}', :cursor); END;
7/19/2017 21:59:8 43: 1 Object(s) returned... [FETCH]
7/19/2017 21:59:8 43: [object Object]
7/19/2017 21:59:8 43: 6 Object(s) returned... [FETCH]
7/19/2017 21:59:8 43: [object Object],[object Object],[object Object],[object Object],[object Object],[object Object]
7/19/2017 21:59:8 44: LIBQUERY with Callback: 
7/19/2017 21:59:8 44: Path request:/api/labels/
7/19/2017 21:59:8 44: Path header:undefined
7/19/2017 21:59:8 44: Path query:{}
7/19/2017 21:59:8 44: BEGIN PKREQUESTMANAGER.CALLQUERY(44,'LAB0000001','abe','{undefined}', '{undefined}','{}', :cursor); END;
7/19/2017 21:59:8 44: 36 Object(s) returned... [FETCH]
7/19/2017 21:59:8 44: [object Object],[object Object],[object Object],[object Object],[object Object],[object Object],[object Object],[object Object],[object Object],[object Object],[object Object],[object Object],[object Object],[object Object],[object Object],[object Object],[object Object],[object Object],[object Object],[object Object],[object Object],[object Object],[object Object],[object Object],[object Object],[object Object],[object Object],[object Object],[object Object],[object Object],[object Object],[object Object],[object Object],[object Object],[object Object],[object Object]
7/19/2017 22:4:56 45: LIBQUERY with Callback: 
7/19/2017 22:4:56 45: Path request:/api/authentification/
7/19/2017 22:4:56 45: Path header:undefined
7/19/2017 22:4:56 45: Path query:{}
7/19/2017 22:4:56 45: BEGIN PKREQUESTMANAGER.CALLQUERY(45,'ADM0000001','abe','{}', '{abe,abe}','{}', :cursor); END;
7/19/2017 22:4:56 45: 1 Object(s) returned... [FETCH]
7/19/2017 22:4:56 45: [object Object]
7/19/2017 22:4:56 46: LIBQUERY with Callback: 
7/19/2017 22:4:56 46: Path request:/api/user/
7/19/2017 22:4:56 46: Path header:undefined
7/19/2017 22:4:56 46: Path query:{"USER_NAME":"abe"}
7/19/2017 22:4:56 46: BEGIN PKREQUESTMANAGER.CALLQUERY(46,'CLI0000002','abe','{}', '{abe}','{}', :cursor); END;
7/19/2017 22:4:56 47: LIBQUERY with Callback: 
7/19/2017 22:4:56 47: Path request:/api/environment/
7/19/2017 22:4:56 47: Path header:undefined
7/19/2017 22:4:56 47: Path query:{"USER_NAME":"abe"}
7/19/2017 22:4:56 47: BEGIN PKREQUESTMANAGER.CALLQUERY(47,'CLI0000003','abe','{}', '{abe}','{}', :cursor); END;
7/19/2017 22:4:56 47: 6 Object(s) returned... [FETCH]
7/19/2017 22:4:56 47: [object Object],[object Object],[object Object],[object Object],[object Object],[object Object]
7/19/2017 22:4:56 47: 1 Object(s) returned... [FETCH]
7/19/2017 22:4:56 47: [object Object]
7/19/2017 22:4:56 48: LIBQUERY with Callback: 
7/19/2017 22:4:56 48: Path request:/api/labels/
7/19/2017 22:4:56 48: Path header:undefined
7/19/2017 22:4:56 48: Path query:{}
7/19/2017 22:4:56 48: BEGIN PKREQUESTMANAGER.CALLQUERY(48,'LAB0000001','abe','{undefined}', '{undefined}','{HN}', :cursor); END;
7/19/2017 22:4:56 48: 36 Object(s) returned... [FETCH]
7/19/2017 22:4:56 48: [object Object],[object Object],[object Object],[object Object],[object Object],[object Object],[object Object],[object Object],[object Object],[object Object],[object Object],[object Object],[object Object],[object Object],[object Object],[object Object],[object Object],[object Object],[object Object],[object Object],[object Object],[object Object],[object Object],[object Object],[object Object],[object Object],[object Object],[object Object],[object Object],[object Object],[object Object],[object Object],[object Object],[object Object],[object Object],[object Object]
7/19/2017 22:6:40 49: LIBQUERY with Callback: 
7/19/2017 22:6:40 49: Path request:/api/authentification/
7/19/2017 22:6:40 49: Path header:undefined
7/19/2017 22:6:40 49: Path query:{}
7/19/2017 22:6:40 49: BEGIN PKREQUESTMANAGER.CALLQUERY(49,'ADM0000001','abe','{}', '{abe,abe}','{}', :cursor); END;
7/19/2017 22:6:40 49: 1 Object(s) returned... [FETCH]
7/19/2017 22:6:40 49: [object Object]
7/19/2017 22:6:40 50: LIBQUERY with Callback: 
7/19/2017 22:6:40 50: Path request:/api/user/
7/19/2017 22:6:40 50: Path header:undefined
7/19/2017 22:6:40 50: Path query:{"USER_NAME":"abe"}
7/19/2017 22:6:40 50: BEGIN PKREQUESTMANAGER.CALLQUERY(50,'CLI0000002','abe','{}', '{abe}','{}', :cursor); END;
7/19/2017 22:6:40 51: LIBQUERY with Callback: 
7/19/2017 22:6:40 51: Path request:/api/environment/
7/19/2017 22:6:40 51: Path header:undefined
7/19/2017 22:6:40 51: Path query:{"USER_NAME":"abe"}
7/19/2017 22:6:40 51: BEGIN PKREQUESTMANAGER.CALLQUERY(51,'CLI0000003','abe','{}', '{abe}','{}', :cursor); END;
7/19/2017 22:6:40 51: 1 Object(s) returned... [FETCH]
7/19/2017 22:6:40 51: [object Object]
7/19/2017 22:6:40 51: 6 Object(s) returned... [FETCH]
7/19/2017 22:6:40 51: [object Object],[object Object],[object Object],[object Object],[object Object],[object Object]
7/19/2017 22:6:40 52: LIBQUERY with Callback: 
7/19/2017 22:6:40 52: Path request:/api/labels/
7/19/2017 22:6:40 52: Path header:undefined
7/19/2017 22:6:40 52: Path query:{}
7/19/2017 22:6:40 52: BEGIN PKREQUESTMANAGER.CALLQUERY(52,'LAB0000001','abe','{undefined}', '{undefined}','{HN}', :cursor); END;
7/19/2017 22:6:40 52: 36 Object(s) returned... [FETCH]
7/19/2017 22:6:40 52: [object Object],[object Object],[object Object],[object Object],[object Object],[object Object],[object Object],[object Object],[object Object],[object Object],[object Object],[object Object],[object Object],[object Object],[object Object],[object Object],[object Object],[object Object],[object Object],[object Object],[object Object],[object Object],[object Object],[object Object],[object Object],[object Object],[object Object],[object Object],[object Object],[object Object],[object Object],[object Object],[object Object],[object Object],[object Object],[object Object]
7/19/2017 22:8:30 53: LIBQUERY with Callback: 
7/19/2017 22:8:30 53: Path request:/api/authentification/
7/19/2017 22:8:30 53: Path header:undefined
7/19/2017 22:8:30 53: Path query:{}
7/19/2017 22:8:30 53: BEGIN PKREQUESTMANAGER.CALLQUERY(53,'ADM0000001','abe','{}', '{abe,abe}','{}', :cursor); END;
7/19/2017 22:8:30 53: 1 Object(s) returned... [FETCH]
7/19/2017 22:8:30 53: [object Object]
7/19/2017 22:8:30 54: LIBQUERY with Callback: 
7/19/2017 22:8:30 54: Path request:/api/user/
7/19/2017 22:8:30 54: Path header:undefined
7/19/2017 22:8:30 54: Path query:{"USER_NAME":"abe"}
7/19/2017 22:8:30 54: BEGIN PKREQUESTMANAGER.CALLQUERY(54,'CLI0000002','abe','{}', '{abe}','{}', :cursor); END;
7/19/2017 22:8:30 55: LIBQUERY with Callback: 
7/19/2017 22:8:30 55: Path request:/api/environment/
7/19/2017 22:8:30 55: Path header:undefined
7/19/2017 22:8:30 55: Path query:{"USER_NAME":"abe"}
7/19/2017 22:8:30 55: BEGIN PKREQUESTMANAGER.CALLQUERY(55,'CLI0000003','abe','{}', '{abe}','{}', :cursor); END;
7/19/2017 22:8:30 55: 1 Object(s) returned... [FETCH]
7/19/2017 22:8:30 55: [object Object]
7/19/2017 22:8:30 55: 6 Object(s) returned... [FETCH]
7/19/2017 22:8:30 55: [object Object],[object Object],[object Object],[object Object],[object Object],[object Object]
7/19/2017 22:8:30 56: LIBQUERY with Callback: 
7/19/2017 22:8:30 56: Path request:/api/labels/
7/19/2017 22:8:30 56: Path header:undefined
7/19/2017 22:8:30 56: Path query:{}
7/19/2017 22:8:30 56: BEGIN PKREQUESTMANAGER.CALLQUERY(56,'LAB0000001','abe','{undefined}', '{undefined}','{HN}', :cursor); END;
7/19/2017 22:8:31 56: 36 Object(s) returned... [FETCH]
7/19/2017 22:8:31 56: [object Object],[object Object],[object Object],[object Object],[object Object],[object Object],[object Object],[object Object],[object Object],[object Object],[object Object],[object Object],[object Object],[object Object],[object Object],[object Object],[object Object],[object Object],[object Object],[object Object],[object Object],[object Object],[object Object],[object Object],[object Object],[object Object],[object Object],[object Object],[object Object],[object Object],[object Object],[object Object],[object Object],[object Object],[object Object],[object Object]
7/19/2017 22:9:59 57: LIBQUERY with Callback: 
7/19/2017 22:9:59 57: Path request:/api/authentification/
7/19/2017 22:9:59 57: Path header:undefined
7/19/2017 22:9:59 57: Path query:{}
7/19/2017 22:9:59 57: BEGIN PKREQUESTMANAGER.CALLQUERY(57,'ADM0000001','abe','{}', '{abe,abe}','{}', :cursor); END;
7/19/2017 22:9:59 57: 1 Object(s) returned... [FETCH]
7/19/2017 22:9:59 57: [object Object]
7/19/2017 22:9:59 58: LIBQUERY with Callback: 
7/19/2017 22:9:59 58: Path request:/api/user/
7/19/2017 22:9:59 58: Path header:undefined
7/19/2017 22:9:59 58: Path query:{"USER_NAME":"abe"}
7/19/2017 22:9:59 58: BEGIN PKREQUESTMANAGER.CALLQUERY(58,'CLI0000002','abe','{}', '{abe}','{}', :cursor); END;
7/19/2017 22:9:59 59: LIBQUERY with Callback: 
7/19/2017 22:9:59 59: Path request:/api/environment/
7/19/2017 22:9:59 59: Path header:undefined
7/19/2017 22:9:59 59: Path query:{"USER_NAME":"abe"}
7/19/2017 22:9:59 59: BEGIN PKREQUESTMANAGER.CALLQUERY(59,'CLI0000003','abe','{}', '{abe}','{}', :cursor); END;
7/19/2017 22:9:59 59: 1 Object(s) returned... [FETCH]
7/19/2017 22:9:59 59: [object Object]
7/19/2017 22:9:59 59: 6 Object(s) returned... [FETCH]
7/19/2017 22:9:59 59: [object Object],[object Object],[object Object],[object Object],[object Object],[object Object]
7/19/2017 22:9:59 60: LIBQUERY with Callback: 
7/19/2017 22:9:59 60: Path request:/api/labels/
7/19/2017 22:9:59 60: Path header:undefined
7/19/2017 22:9:59 60: Path query:{}
7/19/2017 22:9:59 60: BEGIN PKREQUESTMANAGER.CALLQUERY(60,'LAB0000001','abe','{undefined}', '{undefined}','{HN}', :cursor); END;
7/19/2017 22:10:0 60: 36 Object(s) returned... [FETCH]
7/19/2017 22:10:0 60: [object Object],[object Object],[object Object],[object Object],[object Object],[object Object],[object Object],[object Object],[object Object],[object Object],[object Object],[object Object],[object Object],[object Object],[object Object],[object Object],[object Object],[object Object],[object Object],[object Object],[object Object],[object Object],[object Object],[object Object],[object Object],[object Object],[object Object],[object Object],[object Object],[object Object],[object Object],[object Object],[object Object],[object Object],[object Object],[object Object]
7/19/2017 22:11:14 61: LIBQUERY with Callback: 
7/19/2017 22:11:14 61: Path request:/api/authentification/
7/19/2017 22:11:14 61: Path header:undefined
7/19/2017 22:11:14 61: Path query:{}
7/19/2017 22:11:14 61: BEGIN PKREQUESTMANAGER.CALLQUERY(61,'ADM0000001','abe','{}', '{abe,abe}','{}', :cursor); END;
7/19/2017 22:11:14 61: 1 Object(s) returned... [FETCH]
7/19/2017 22:11:14 61: [object Object]
7/19/2017 22:11:14 62: LIBQUERY with Callback: 
7/19/2017 22:11:14 62: Path request:/api/user/
7/19/2017 22:11:14 62: Path header:undefined
7/19/2017 22:11:14 62: Path query:{"USER_NAME":"abe"}
7/19/2017 22:11:14 62: BEGIN PKREQUESTMANAGER.CALLQUERY(62,'CLI0000002','abe','{}', '{abe}','{}', :cursor); END;
7/19/2017 22:11:14 63: LIBQUERY with Callback: 
7/19/2017 22:11:14 63: Path request:/api/environment/
7/19/2017 22:11:14 63: Path header:undefined
7/19/2017 22:11:14 63: Path query:{"USER_NAME":"abe"}
7/19/2017 22:11:14 63: BEGIN PKREQUESTMANAGER.CALLQUERY(63,'CLI0000003','abe','{}', '{abe}','{}', :cursor); END;
7/19/2017 22:11:14 63: 1 Object(s) returned... [FETCH]
7/19/2017 22:11:14 63: [object Object]
7/19/2017 22:11:14 63: 6 Object(s) returned... [FETCH]
7/19/2017 22:11:14 63: [object Object],[object Object],[object Object],[object Object],[object Object],[object Object]
7/19/2017 22:11:14 64: LIBQUERY with Callback: 
7/19/2017 22:11:14 64: Path request:/api/labels/
7/19/2017 22:11:14 64: Path header:undefined
7/19/2017 22:11:14 64: Path query:{}
7/19/2017 22:11:14 64: BEGIN PKREQUESTMANAGER.CALLQUERY(64,'LAB0000001','abe','{undefined}', '{undefined}','{HN}', :cursor); END;
7/19/2017 22:11:14 64: 36 Object(s) returned... [FETCH]
7/19/2017 22:11:14 64: [object Object],[object Object],[object Object],[object Object],[object Object],[object Object],[object Object],[object Object],[object Object],[object Object],[object Object],[object Object],[object Object],[object Object],[object Object],[object Object],[object Object],[object Object],[object Object],[object Object],[object Object],[object Object],[object Object],[object Object],[object Object],[object Object],[object Object],[object Object],[object Object],[object Object],[object Object],[object Object],[object Object],[object Object],[object Object],[object Object]
7/19/2017 22:12:46 65: LIBQUERY with Callback: 
7/19/2017 22:12:46 65: Path request:/api/authentification/
7/19/2017 22:12:46 65: Path header:undefined
7/19/2017 22:12:46 65: Path query:{}
7/19/2017 22:12:46 65: BEGIN PKREQUESTMANAGER.CALLQUERY(65,'ADM0000001','abe','{}', '{abe,abe}','{}', :cursor); END;
7/19/2017 22:12:46 65: 1 Object(s) returned... [FETCH]
7/19/2017 22:12:46 65: [object Object]
7/19/2017 22:12:46 66: LIBQUERY with Callback: 
7/19/2017 22:12:46 66: Path request:/api/user/
7/19/2017 22:12:46 66: Path header:undefined
7/19/2017 22:12:46 66: Path query:{"USER_NAME":"abe"}
7/19/2017 22:12:46 66: BEGIN PKREQUESTMANAGER.CALLQUERY(66,'CLI0000002','abe','{}', '{abe}','{}', :cursor); END;
7/19/2017 22:12:46 67: LIBQUERY with Callback: 
7/19/2017 22:12:46 67: Path request:/api/environment/
7/19/2017 22:12:46 67: Path header:undefined
7/19/2017 22:12:46 67: Path query:{"USER_NAME":"abe"}
7/19/2017 22:12:46 67: BEGIN PKREQUESTMANAGER.CALLQUERY(67,'CLI0000003','abe','{}', '{abe}','{}', :cursor); END;
7/19/2017 22:12:46 67: 1 Object(s) returned... [FETCH]
7/19/2017 22:12:46 67: [object Object]
7/19/2017 22:12:46 67: 6 Object(s) returned... [FETCH]
7/19/2017 22:12:46 67: [object Object],[object Object],[object Object],[object Object],[object Object],[object Object]
7/19/2017 22:12:46 68: LIBQUERY with Callback: 
7/19/2017 22:12:46 68: Path request:/api/labels/
7/19/2017 22:12:46 68: Path header:undefined
7/19/2017 22:12:46 68: Path query:{}
7/19/2017 22:12:46 68: BEGIN PKREQUESTMANAGER.CALLQUERY(68,'LAB0000001','abe','{undefined}', '{undefined}','{}', :cursor); END;
7/19/2017 22:12:46 68: 36 Object(s) returned... [FETCH]
7/19/2017 22:12:46 68: [object Object],[object Object],[object Object],[object Object],[object Object],[object Object],[object Object],[object Object],[object Object],[object Object],[object Object],[object Object],[object Object],[object Object],[object Object],[object Object],[object Object],[object Object],[object Object],[object Object],[object Object],[object Object],[object Object],[object Object],[object Object],[object Object],[object Object],[object Object],[object Object],[object Object],[object Object],[object Object],[object Object],[object Object],[object Object],[object Object]
7/19/2017 22:14:16 69: LIBQUERY with Callback: 
7/19/2017 22:14:16 69: Path request:/api/authentification/
7/19/2017 22:14:16 69: Path header:undefined
7/19/2017 22:14:16 69: Path query:{}
7/19/2017 22:14:16 69: BEGIN PKREQUESTMANAGER.CALLQUERY(69,'ADM0000001','abe','{}', '{abe,abe}','{}', :cursor); END;
7/19/2017 22:14:16 69: 1 Object(s) returned... [FETCH]
7/19/2017 22:14:16 69: [object Object]
7/19/2017 22:14:16 70: LIBQUERY with Callback: 
7/19/2017 22:14:16 70: Path request:/api/user/
7/19/2017 22:14:16 70: Path header:undefined
7/19/2017 22:14:16 70: Path query:{"USER_NAME":"abe"}
7/19/2017 22:14:16 70: BEGIN PKREQUESTMANAGER.CALLQUERY(70,'CLI0000002','abe','{}', '{abe}','{}', :cursor); END;
7/19/2017 22:14:16 71: LIBQUERY with Callback: 
7/19/2017 22:14:16 71: Path request:/api/environment/
7/19/2017 22:14:16 71: Path header:undefined
7/19/2017 22:14:16 71: Path query:{"USER_NAME":"abe"}
7/19/2017 22:14:16 71: BEGIN PKREQUESTMANAGER.CALLQUERY(71,'CLI0000003','abe','{}', '{abe}','{}', :cursor); END;
7/19/2017 22:14:16 71: 1 Object(s) returned... [FETCH]
7/19/2017 22:14:16 71: [object Object]
7/19/2017 22:14:16 71: 6 Object(s) returned... [FETCH]
7/19/2017 22:14:16 71: [object Object],[object Object],[object Object],[object Object],[object Object],[object Object]
7/19/2017 22:14:17 72: LIBQUERY with Callback: 
7/19/2017 22:14:17 72: Path request:/api/labels/
7/19/2017 22:14:17 72: Path header:undefined
7/19/2017 22:14:17 72: Path query:{}
7/19/2017 22:14:17 72: BEGIN PKREQUESTMANAGER.CALLQUERY(72,'LAB0000001','abe','{undefined}', '{undefined}','{}', :cursor); END;
7/19/2017 22:14:17 72: 36 Object(s) returned... [FETCH]
7/19/2017 22:14:17 72: [object Object],[object Object],[object Object],[object Object],[object Object],[object Object],[object Object],[object Object],[object Object],[object Object],[object Object],[object Object],[object Object],[object Object],[object Object],[object Object],[object Object],[object Object],[object Object],[object Object],[object Object],[object Object],[object Object],[object Object],[object Object],[object Object],[object Object],[object Object],[object Object],[object Object],[object Object],[object Object],[object Object],[object Object],[object Object],[object Object]
7/19/2017 22:29:51 73: LIBQUERY with Callback: 
7/19/2017 22:29:51 73: Path request:/api/authentification/
7/19/2017 22:29:51 73: Path header:undefined
7/19/2017 22:29:51 73: Path query:{}
7/19/2017 22:29:51 73: BEGIN PKREQUESTMANAGER.CALLQUERY(73,'ADM0000001','abe','{}', '{abe,abe}','{}', :cursor); END;
7/19/2017 22:29:51 73: 1 Object(s) returned... [FETCH]
7/19/2017 22:29:51 73: [object Object]
7/19/2017 22:29:52 74: LIBQUERY with Callback: 
7/19/2017 22:29:52 74: Path request:/api/environment/
7/19/2017 22:29:52 74: Path header:undefined
7/19/2017 22:29:52 74: Path query:{"USER_NAME":"abe"}
7/19/2017 22:29:52 74: BEGIN PKREQUESTMANAGER.CALLQUERY(74,'CLI0000003','abe','{}', '{abe}','{}', :cursor); END;
7/19/2017 22:29:52 75: LIBQUERY with Callback: 
7/19/2017 22:29:52 75: Path request:/api/user/
7/19/2017 22:29:52 75: Path header:undefined
7/19/2017 22:29:52 75: Path query:{"USER_NAME":"abe"}
7/19/2017 22:29:52 75: BEGIN PKREQUESTMANAGER.CALLQUERY(75,'CLI0000002','abe','{}', '{abe}','{}', :cursor); END;
7/19/2017 22:29:52 75: 6 Object(s) returned... [FETCH]
7/19/2017 22:29:52 75: [object Object],[object Object],[object Object],[object Object],[object Object],[object Object]
7/19/2017 22:29:52 75: 1 Object(s) returned... [FETCH]
7/19/2017 22:29:52 75: [object Object]
7/19/2017 22:29:52 76: LIBQUERY with Callback: 
7/19/2017 22:29:52 76: Path request:/api/labels/
7/19/2017 22:29:52 76: Path header:undefined
7/19/2017 22:29:52 76: Path query:{}
7/19/2017 22:29:52 76: BEGIN PKREQUESTMANAGER.CALLQUERY(76,'LAB0000001','abe','{undefined}', '{undefined}','{HN}', :cursor); END;
7/19/2017 22:29:52 76: 36 Object(s) returned... [FETCH]
7/19/2017 22:29:52 76: [object Object],[object Object],[object Object],[object Object],[object Object],[object Object],[object Object],[object Object],[object Object],[object Object],[object Object],[object Object],[object Object],[object Object],[object Object],[object Object],[object Object],[object Object],[object Object],[object Object],[object Object],[object Object],[object Object],[object Object],[object Object],[object Object],[object Object],[object Object],[object Object],[object Object],[object Object],[object Object],[object Object],[object Object],[object Object],[object Object]
7/19/2017 22:32:26 77: LIBQUERY with Callback: 
7/19/2017 22:32:26 77: Path request:/api/authentification/
7/19/2017 22:32:26 77: Path header:undefined
7/19/2017 22:32:26 77: Path query:{}
7/19/2017 22:32:26 77: BEGIN PKREQUESTMANAGER.CALLQUERY(77,'ADM0000001','abe','{}', '{abe,abe}','{}', :cursor); END;
7/19/2017 22:32:26 77: 1 Object(s) returned... [FETCH]
7/19/2017 22:32:26 77: [object Object]
7/19/2017 22:32:26 78: LIBQUERY with Callback: 
7/19/2017 22:32:26 78: Path request:/api/user/
7/19/2017 22:32:26 78: Path header:undefined
7/19/2017 22:32:26 78: Path query:{"USER_NAME":"abe"}
7/19/2017 22:32:26 78: BEGIN PKREQUESTMANAGER.CALLQUERY(78,'CLI0000002','abe','{}', '{abe}','{}', :cursor); END;
7/19/2017 22:32:26 79: LIBQUERY with Callback: 
7/19/2017 22:32:26 79: Path request:/api/environment/
7/19/2017 22:32:26 79: Path header:undefined
7/19/2017 22:32:26 79: Path query:{"USER_NAME":"abe"}
7/19/2017 22:32:26 79: BEGIN PKREQUESTMANAGER.CALLQUERY(79,'CLI0000003','abe','{}', '{abe}','{}', :cursor); END;
7/19/2017 22:32:26 79: 1 Object(s) returned... [FETCH]
7/19/2017 22:32:26 79: [object Object]
7/19/2017 22:32:26 79: 6 Object(s) returned... [FETCH]
7/19/2017 22:32:26 79: [object Object],[object Object],[object Object],[object Object],[object Object],[object Object]
7/19/2017 22:32:26 80: LIBQUERY with Callback: 
7/19/2017 22:32:26 80: Path request:/api/labels/
7/19/2017 22:32:26 80: Path header:undefined
7/19/2017 22:32:26 80: Path query:{}
7/19/2017 22:32:26 80: BEGIN PKREQUESTMANAGER.CALLQUERY(80,'LAB0000001','abe','{undefined}', '{undefined}','{}', :cursor); END;
7/19/2017 22:32:26 80: 36 Object(s) returned... [FETCH]
7/19/2017 22:32:26 80: [object Object],[object Object],[object Object],[object Object],[object Object],[object Object],[object Object],[object Object],[object Object],[object Object],[object Object],[object Object],[object Object],[object Object],[object Object],[object Object],[object Object],[object Object],[object Object],[object Object],[object Object],[object Object],[object Object],[object Object],[object Object],[object Object],[object Object],[object Object],[object Object],[object Object],[object Object],[object Object],[object Object],[object Object],[object Object],[object Object]
7/19/2017 22:34:29 81: LIBQUERY with Callback: 
7/19/2017 22:34:29 81: Path request:/api/authentification/
7/19/2017 22:34:29 81: Path header:undefined
7/19/2017 22:34:29 81: Path query:{}
7/19/2017 22:34:29 81: BEGIN PKREQUESTMANAGER.CALLQUERY(81,'ADM0000001','abe','{}', '{abe,abe}','{}', :cursor); END;
7/19/2017 22:34:29 81: 1 Object(s) returned... [FETCH]
7/19/2017 22:34:29 81: [object Object]
7/19/2017 22:34:29 82: LIBQUERY with Callback: 
7/19/2017 22:34:29 82: Path request:/api/user/
7/19/2017 22:34:29 82: Path header:undefined
7/19/2017 22:34:29 82: Path query:{"USER_NAME":"abe"}
7/19/2017 22:34:29 82: BEGIN PKREQUESTMANAGER.CALLQUERY(82,'CLI0000002','abe','{}', '{abe}','{}', :cursor); END;
7/19/2017 22:34:29 83: LIBQUERY with Callback: 
7/19/2017 22:34:29 83: Path request:/api/environment/
7/19/2017 22:34:29 83: Path header:undefined
7/19/2017 22:34:29 83: Path query:{"USER_NAME":"abe"}
7/19/2017 22:34:29 83: BEGIN PKREQUESTMANAGER.CALLQUERY(83,'CLI0000003','abe','{}', '{abe}','{}', :cursor); END;
7/19/2017 22:34:29 83: 1 Object(s) returned... [FETCH]
7/19/2017 22:34:29 83: [object Object]
7/19/2017 22:34:29 83: 6 Object(s) returned... [FETCH]
7/19/2017 22:34:29 83: [object Object],[object Object],[object Object],[object Object],[object Object],[object Object]
7/19/2017 22:34:30 84: LIBQUERY with Callback: 
7/19/2017 22:34:30 84: Path request:/api/labels/
7/19/2017 22:34:30 84: Path header:undefined
7/19/2017 22:34:30 84: Path query:{}
7/19/2017 22:34:30 84: BEGIN PKREQUESTMANAGER.CALLQUERY(84,'LAB0000001','abe','{undefined}', '{undefined}','{}', :cursor); END;
7/19/2017 22:34:30 84: 36 Object(s) returned... [FETCH]
7/19/2017 22:34:30 84: [object Object],[object Object],[object Object],[object Object],[object Object],[object Object],[object Object],[object Object],[object Object],[object Object],[object Object],[object Object],[object Object],[object Object],[object Object],[object Object],[object Object],[object Object],[object Object],[object Object],[object Object],[object Object],[object Object],[object Object],[object Object],[object Object],[object Object],[object Object],[object Object],[object Object],[object Object],[object Object],[object Object],[object Object],[object Object],[object Object]
7/19/2017 22:38:44 85: LIBQUERY with Callback: 
7/19/2017 22:38:44 85: Path request:/api/authentification/
7/19/2017 22:38:44 85: Path header:undefined
7/19/2017 22:38:44 85: Path query:{}
7/19/2017 22:38:44 85: BEGIN PKREQUESTMANAGER.CALLQUERY(85,'ADM0000001','abe','{}', '{abe,abe}','{}', :cursor); END;
7/19/2017 22:38:44 85: 1 Object(s) returned... [FETCH]
7/19/2017 22:38:44 85: [object Object]
7/19/2017 22:38:44 86: LIBQUERY with Callback: 
7/19/2017 22:38:44 86: Path request:/api/user/
7/19/2017 22:38:44 86: Path header:undefined
7/19/2017 22:38:44 86: Path query:{"USER_NAME":"abe"}
7/19/2017 22:38:44 86: BEGIN PKREQUESTMANAGER.CALLQUERY(86,'CLI0000002','abe','{}', '{abe}','{}', :cursor); END;
7/19/2017 22:38:44 87: LIBQUERY with Callback: 
7/19/2017 22:38:44 87: Path request:/api/environment/
7/19/2017 22:38:44 87: Path header:undefined
7/19/2017 22:38:44 87: Path query:{"USER_NAME":"abe"}
7/19/2017 22:38:44 87: BEGIN PKREQUESTMANAGER.CALLQUERY(87,'CLI0000003','abe','{}', '{abe}','{}', :cursor); END;
7/19/2017 22:38:44 87: 1 Object(s) returned... [FETCH]
7/19/2017 22:38:44 87: [object Object]
7/19/2017 22:38:44 87: 6 Object(s) returned... [FETCH]
7/19/2017 22:38:44 87: [object Object],[object Object],[object Object],[object Object],[object Object],[object Object]
7/19/2017 22:38:44 88: LIBQUERY with Callback: 
7/19/2017 22:38:44 88: Path request:/api/labels/
7/19/2017 22:38:44 88: Path header:undefined
7/19/2017 22:38:44 88: Path query:{}
7/19/2017 22:38:44 88: BEGIN PKREQUESTMANAGER.CALLQUERY(88,'LAB0000001','abe','{undefined}', '{undefined}','{}', :cursor); END;
7/19/2017 22:38:44 88: 36 Object(s) returned... [FETCH]
7/19/2017 22:38:44 88: [object Object],[object Object],[object Object],[object Object],[object Object],[object Object],[object Object],[object Object],[object Object],[object Object],[object Object],[object Object],[object Object],[object Object],[object Object],[object Object],[object Object],[object Object],[object Object],[object Object],[object Object],[object Object],[object Object],[object Object],[object Object],[object Object],[object Object],[object Object],[object Object],[object Object],[object Object],[object Object],[object Object],[object Object],[object Object],[object Object]
7/19/2017 22:39:55 89: LIBQUERY with Callback: 
7/19/2017 22:39:55 89: Path request:/api/authentification/
7/19/2017 22:39:55 89: Path header:undefined
7/19/2017 22:39:55 89: Path query:{}
7/19/2017 22:39:55 89: BEGIN PKREQUESTMANAGER.CALLQUERY(89,'ADM0000001','abe','{}', '{abe,abe}','{}', :cursor); END;
7/19/2017 22:39:55 89: 1 Object(s) returned... [FETCH]
7/19/2017 22:39:55 89: [object Object]
7/19/2017 22:39:55 90: LIBQUERY with Callback: 
7/19/2017 22:39:55 90: Path request:/api/user/
7/19/2017 22:39:55 90: Path header:undefined
7/19/2017 22:39:55 90: Path query:{"USER_NAME":"abe"}
7/19/2017 22:39:55 90: BEGIN PKREQUESTMANAGER.CALLQUERY(90,'CLI0000002','abe','{}', '{abe}','{}', :cursor); END;
7/19/2017 22:39:55 91: LIBQUERY with Callback: 
7/19/2017 22:39:55 91: Path request:/api/environment/
7/19/2017 22:39:55 91: Path header:undefined
7/19/2017 22:39:55 91: Path query:{"USER_NAME":"abe"}
7/19/2017 22:39:55 91: BEGIN PKREQUESTMANAGER.CALLQUERY(91,'CLI0000003','abe','{}', '{abe}','{}', :cursor); END;
7/19/2017 22:39:55 91: 6 Object(s) returned... [FETCH]
7/19/2017 22:39:55 91: [object Object],[object Object],[object Object],[object Object],[object Object],[object Object]
7/19/2017 22:39:55 91: 1 Object(s) returned... [FETCH]
7/19/2017 22:39:55 91: [object Object]
7/19/2017 22:39:55 92: LIBQUERY with Callback: 
7/19/2017 22:39:55 92: Path request:/api/labels/
7/19/2017 22:39:55 92: Path header:undefined
7/19/2017 22:39:55 92: Path query:{}
7/19/2017 22:39:55 92: BEGIN PKREQUESTMANAGER.CALLQUERY(92,'LAB0000001','abe','{undefined}', '{undefined}','{}', :cursor); END;
7/19/2017 22:39:55 92: 36 Object(s) returned... [FETCH]
7/19/2017 22:39:55 92: [object Object],[object Object],[object Object],[object Object],[object Object],[object Object],[object Object],[object Object],[object Object],[object Object],[object Object],[object Object],[object Object],[object Object],[object Object],[object Object],[object Object],[object Object],[object Object],[object Object],[object Object],[object Object],[object Object],[object Object],[object Object],[object Object],[object Object],[object Object],[object Object],[object Object],[object Object],[object Object],[object Object],[object Object],[object Object],[object Object]
