7/1/2020 15:52:4 [emorris] 378: "BEGIN PKREQUESTMANAGER.CALLQUERY(378,'ADM0000001','emorris','{}', '{emorris,chambers27}','{}', :cursor); END;"
7/1/2020 15:52:5 [emorris] 378: "[{\"USERID\":\"emorris\",\"USERFNAME\":\"Eileen\",\"USERLNAME\":\"Morris\",\"USEREMAIL\":\"emorris@heinens.com\",\"USERMOBILE\":null}]"
7/1/2020 15:52:5 [emorris] 378: "1 Object(s) returned... [FETCH]"
7/1/2020 15:52:5 [emorris] 379: "BEGIN PKREQUESTMANAGER.CALLQUERY(379,'CLI0000002','emorris','{}', '{emorris}','{}', :cursor); END;"
7/1/2020 15:52:5 [emorris] 380: "BEGIN PKREQUESTMANAGER.CALLQUERY(380,'CLI0000003','emorris','{}', '{emorris}','{}', :cursor); END;"
7/1/2020 15:52:5 [emorris] 379: "[{\"USERID\":\"emorris\",\"USERCORPID\":2,\"USERPASS\":\"Y2hhbWJlcnMyNw==\",\"USERAUTH\":null,\"USERLANG\":\"us_US\",\"USERPROF\":null,\"USERAPPLI\":3,\"USERFNAME\":\"Eileen\",\"USERLNAME\":\"Morris\",\"USEREMAIL\":\"emorris@heinens.com\",\"USERMOBILE\":null,\"USERTEAM\":null,\"USERACTIVE\":1,\"USERDCRE\":\"2018-04-15T04:00:00.000Z\",\"USERDMAJ\":\"2018-04-15T04:00:00.000Z\",\"USERUTIL\":\"admin\",\"USERTYPE\":2}]"
7/1/2020 15:52:5 [emorris] 379: "1 Object(s) returned... [FETCH]"
7/1/2020 15:52:5 [emorris] 380: "[{\"LEVEL\":\"CORPORATE\",\"ENVID\":1,\"ENVCORPID\":2,\"CORPSDESC\":\"Heinen's\",\"ENVCODE\":\"CENTRAL_UAT\",\"ENVTYPE\":4,\"ENVACTIVE\":1,\"ENVSDESC\":\"User Acceptance\",\"ENVLDESC\":\"Heinen's Central UAT environement\",\"ENVDBTYPE\":1,\"ENVIP\":\"10.200.14.232\",\"ENVPORT\":1521,\"ENVUSER\":\"hntcen\",\"ENVPASSWORD\":\"Heinen123!\",\"ENVSOURCE\":\"test\",\"ENVDBLINK\":\"HEINENS_CEN_UAT\",\"ENVDEFAULT\":0,\"ENVDCRE\":\"2017-03-21T04:00:00.000Z\",\"ENVDMAJ\":\"2017-03-21T04:00:00.000Z\",\"ENVUTIL\":\"abe\",\"ENVVERSION\":1,\"ENVDEFLANG\":\"HN\",\"CORPPIC\":\"./assets/pictures/corporate/heinens.jpg\",\"ENVVARINITSH\":\". /home/hntcen/env/envCEN\",\"ENVTITLECOLOR\":\"yellow\",\"ENVTITLE\":\"Inventory Control Room (Acceptance)\"},{\"LEVEL\":\"CORPORATE\",\"ENVID\":2,\"ENVCORPID\":2,\"CORPSDESC\":\"Heinen's\",\"ENVCODE\":\"STOCK_UAT\",\"ENVTYPE\":4,\"ENVACTIVE\":1,\"ENVSDESC\":\"Heinen's Stock UAT\",\"ENVLDESC\":\"Heinen's Stock UAT environement\",\"ENVDBTYPE\":1,\"ENVIP\":\"10.200.14.232\",\"ENVPORT\":1521,\"ENVUSER\":\"hntstk\",\"ENVPASSWORD\":\"Heinen123!\",\"ENVSOURCE\":\"test\",\"ENVDBLINK\":\"HEINENS_STK_UAT\",\"ENVDEFAULT\":0,\"ENVDCRE\":\"2017-03-21T04:00:00.000Z\",\"ENVDMAJ\":\"2017-03-21T04:00:00.000Z\",\"ENVUTIL\":\"abe\",\"ENVVERSION\":2,\"ENVDEFLANG\":\"HN\",\"CORPPIC\":\"./assets/pictures/corporate/heinens.jpg\",\"ENVVARINITSH\":\". /home/hntstk/env/envSTK\",\"ENVTITLECOLOR\":\"yellow\",\"ENVTITLE\":\"Inventory Control Room (Acceptance)\"},{\"LEVEL\":\"USER\",\"ENVID\":1,\"ENVCORPID\":2,\"CORPSDESC\":\"Heinen's\",\"ENVCODE\":\"CENTRAL_UAT\",\"ENVTYPE\":4,\"ENVACTIVE\":1,\"ENVSDESC\":\"User Acceptance\",\"ENVLDESC\":\"Heinen's Central UAT environement\",\"ENVDBTYPE\":1,\"ENVIP\":\"10.200.14.232\",\"ENVPORT\":1521,\"ENVUSER\":\"hntcen\",\"ENVPASSWORD\":\"Heinen123!\",\"ENVSOURCE\":\"test\",\"ENVDBLINK\":\"HEINENS_CEN_UAT\",\"ENVDEFAULT\":0,\"ENVDCRE\":\"2017-03-21T04:00:00.000Z\",\"ENVDMAJ\":\"2017-03-21T04:00:00.000Z\",\"ENVUTIL\":\"abe\",\"ENVVERSION\":1,\"ENVDEFLANG\":\"HN\",\"CORPPIC\":\"./assets/pictures/corporate/heinens.jpg\",\"ENVVARINITSH\":\". /home/hntcen/env/envCEN\",\"ENVTITLECOLOR\":\"yellow\",\"ENVTITLE\":\"Inventory Control Room (Acceptance)\"},{\"LEVEL\":\"CORPORATE\",\"ENVID\":3,\"ENVCORPID\":2,\"CORPSDESC\":\"Heinen's\",\"ENVCODE\":\"HN_CENTRAL_PROD\",\"ENVTYPE\":7,\"ENVACTIVE\":1,\"ENVSDESC\":\"Production\",\"ENVLDESC\":\"Heinen's Custom PROD environement\",\"ENVDBTYPE\":1,\"ENVIP\":\"10.200.14.231\",\"ENVPORT\":1521,\"ENVUSER\":\"hnpcen\",\"ENVPASSWORD\":\"Heinen123!\",\"ENVSOURCE\":\"central\",\"ENVDBLINK\":\"HEINENS_CUSTOM_PROD\",\"ENVDEFAULT\":1,\"ENVDCRE\":\"2017-04-22T04:00:00.000Z\",\"ENVDMAJ\":\"2017-03-21T04:00:00.000Z\",\"ENVUTIL\":\"abe\",\"ENVVERSION\":1,\"ENVDEFLANG\":\"HN\",\"CORPPIC\":\"./assets/pictures/corporate/heinens.jpg\",\"ENVVARINITSH\":\". /home/hnpcen/env/envCEN\",\"ENVTITLECOLOR\":\"white\",\"ENVTITLE\":\"Inventory Control Room\"},{\"LEVEL\":\"CORPORATE\",\"ENVID\":4,\"ENVCORPID\":2,\"CORPSDESC\":\"Heinen's\",\"ENVCODE\":\"HN_STOCK_PROD\",\"ENVTYPE\":7,\"ENVACTIVE\":1,\"ENVSDESC\":\"Production Warehouse\",\"ENVLDESC\":\"Heinen's Warehouse PROD environement\",\"ENVDBTYPE\":1,\"ENVIP\":\"10.200.14.231\",\"ENVPORT\":1521,\"ENVUSER\":\"hnpstk\",\"ENVPASSWORD\":\"Heinen123!\",\"ENVSOURCE\":\"central\",\"ENVDBLINK\":\"HEINENS_CUSTOM_PROD\",\"ENVDEFAULT\":1,\"ENVDCRE\":\"2020-01-02T04:00:00.000Z\",\"ENVDMAJ\":\"2020-01-02T04:00:00.000Z\",\"ENVUTIL\":\"abe\",\"ENVVERSION\":1,\"ENVDEFLANG\":\"HN\",\"CORPPIC\":\"./assets/pictures/corporate/heinens.jpg\",\"ENVVARINITSH\":\". /home/hnpsk/env/envSTK\",\"ENVTITLECOLOR\":\"white\",\"ENVTITLE\":\"Inventory Control Room\"},{\"LEVEL\":\"USER\",\"ENVID\":3,\"ENVCORPID\":2,\"CORPSDESC\":\"Heinen's\",\"ENVCODE\":\"HN_CENTRAL_PROD\",\"ENVTYPE\":7,\"ENVACTIVE\":1,\"ENVSDESC\":\"Production\",\"ENVLDESC\":\"Heinen's Custom PROD environement\",\"ENVDBTYPE\":1,\"ENVIP\":\"10.200.14.231\",\"ENVPORT\":1521,\"ENVUSER\":\"hnpcen\",\"ENVPASSWORD\":\"Heinen123!\",\"ENVSOURCE\":\"central\",\"ENVDBLINK\":\"HEINENS_CUSTOM_PROD\",\"ENVDEFAULT\":1,\"ENVDCRE\":\"2017-04-22T04:00:00.000Z\",\"ENVDMAJ\":\"2017-03-21T04:00:00.000Z\",\"ENVUTIL\":\"abe\",\"ENVVERSION\":1,\"ENVDEFLANG\":\"HN\",\"CORPPIC\":\"./assets/pictures/corporate/heinens.jpg\",\"ENVVARINITSH\":\". /home/hnpcen/env/envCEN\",\"ENVTITLECOLOR\":\"white\",\"ENVTITLE\":\"Inventory Control Room\"}]"
7/1/2020 15:52:5 [emorris] 380: "6 Object(s) returned... [FETCH]"
7/1/2020 15:52:5 [emorris] 381: "BEGIN PKREQUESTMANAGER.CALLQUERY(381,'WDG0000001','emorris','{HEINENS_CUSTOM_PROD}', '{emorris,-1}','{HN}', :cursor); END;"
7/1/2020 15:52:5 [emorris] 382: "BEGIN PKREQUESTMANAGER.CALLQUERY(382,'SCR0000001','emorris','{HEINENS_CUSTOM_PROD}', '{SCR0000000001,emorris}','{HN}', :cursor); END;"
7/1/2020 15:52:5 [emorris] 382: "[{\"SCREENID\":\"SCR0000000001\",\"SCREENINFO\":\"<div><i class=\\\"bbs-keywords\\\">What is it : </i>Dashboard section is your <b>Home</b> tracking process. It simplifies and regroup data visualization.\\n                          As many as needed dashboard widget trackers can be enabled.\\n</div>\\n<div><i class=\\\"bbs-keywords\\\">Tracking type : </i>There are 3 types of data visualization: \\n        <li><b>Table </b> display with export to file option.</li> \\n        <li><b>Chart </b> with by type line, bar, radar, polar, pie, scatter, combined type </li> \\n        <li><b>Message & Alert </b> with color criticality such as successful, soft warning, hard warning.</li> \\n</div>\"}]"
7/1/2020 15:52:5 [emorris] 382: "1 Object(s) returned... [FETCH]"
7/1/2020 15:52:5 [emorris] 381: "46 Object(s) returned... [FETCH]"
7/1/2020 15:52:5 [emorris] 383: "BEGIN PKREQUESTMANAGER.CALLQUERY(383,'WDG1000000','emorris','{HEINENS_CUSTOM_PROD}', '{WDG0000000014,null}','{HN}', :cursor); END;"
7/1/2020 15:52:5 [emorris] 384: "BEGIN PKREQUESTMANAGER.CALLQUERY(384,'WDG1000000','emorris','{HEINENS_CUSTOM_PROD}', '{WDG0000000015,null}','{HN}', :cursor); END;"
7/1/2020 15:52:5 [emorris] 385: "./repository/downloads/dashboard/INV0000001_HEINENS_CUSTOM_PROD.json File(s) returned... [FETCH]"
7/1/2020 15:52:5 [emorris] 386: "BEGIN PKREQUESTMANAGER.CALLQUERY(386,'WDG1000000','emorris','{HEINENS_CUSTOM_PROD}', '{WDG0000000013,null}','{HN}', :cursor); END;"
7/1/2020 15:52:5 [emorris] 387: "BEGIN PKREQUESTMANAGER.CALLQUERY(387,'WDG1000000','emorris','{HEINENS_CUSTOM_PROD}', '{WDG0000000017,1020100000000}','{HN}', :cursor); END;"
7/1/2020 15:52:5 [emorris] 388: "BEGIN PKREQUESTMANAGER.CALLQUERY(388,'WDG1000000','emorris','{HEINENS_CUSTOM_PROD}', '{WDG0000000017,1030010000000}','{HN}', :cursor); END;"
7/1/2020 15:52:5 [emorris] 389: "BEGIN PKREQUESTMANAGER.CALLQUERY(389,'WDG1000000','emorris','{HEINENS_CUSTOM_PROD}', '{WDG0000000010,null}','{HN}', :cursor); END;"
7/1/2020 15:52:6 [emorris] 389: "638 Object(s) returned... [FETCH]"
7/1/2020 15:52:6 [emorris] 390: "BEGIN PKREQUESTMANAGER.CALLQUERY(390,'WDG1000000','emorris','{HEINENS_CUSTOM_PROD}', '{WDG0000000016,1020100000000}','{HN}', :cursor); END;"
7/1/2020 15:52:6 [emorris] 386: "[{\"TYPE\":\"success\",\"MESSAGE\":\"No store deliveries blocked in inbound receipts (INTDEREC/WDETREC).\",\"RECEIPT_DATE\":\"07/01/2020\"}]"
7/1/2020 15:52:6 [emorris] 386: "1 Object(s) returned... [FETCH]"
7/1/2020 15:52:6 [emorris] 391: "BEGIN PKREQUESTMANAGER.CALLQUERY(391,'WDG1000000','emorris','{HEINENS_CUSTOM_PROD}', '{WDG0000000016,1030010000000}','{HN}', :cursor); END;"
7/1/2020 15:52:8 [emorris] 391: "1936 Object(s) returned... [FETCH]"
7/1/2020 15:52:8 [emorris] 390: "1936 Object(s) returned... [FETCH]"
7/1/2020 15:52:8 [emorris] 392: "BEGIN PKREQUESTMANAGER.CALLQUERY(392,'WDG1000000','emorris','{HEINENS_CUSTOM_PROD}', '{WDG0000000018,null}','{HN}', :cursor); END;"
7/1/2020 15:52:8 [emorris] 384: "33 Object(s) returned... [FETCH]"
7/1/2020 15:52:13 [emorris] 383: "40 Object(s) returned... [FETCH]"
7/1/2020 15:52:26 [emorris] 393: "BEGIN PKREQUESTMANAGER.CALLQUERY(393,'SCR0000001','emorris','{HEINENS_CUSTOM_PROD}', '{SCR0000000003,emorris}','{HN}', :cursor); END;"
7/1/2020 15:52:26 [emorris] 393: "[{\"SCREENID\":\"SCR0000000003\",\"SCREENINFO\":\"<div><i class=\\\"bbs-keywords\\\">What is it : </i>Supplier schedule give you the capability to review and maintain the already defined supplier schedule \\nfor a given supplier code or part of his description and the period to be reconsidered.\\n</div>\\n<div><i class=\\\"bbs-keywords\\\">Business case example :</i>Adjust the supplier delivery calendar due to holiday or temporary schedule change</div>\\n<div><i class=\\\"bbs-keywords\\\">Mechanism : </i>Tool is capturing the actual defined supplier schedule for the given period in order to gather\\nfundamental service information (commercial contrat, address chain, service contract, schedule (order day & time, delivery day & time), store associated to the schedule \\n</div> \\n<div><i class=\\\"bbs-keywords\\\">Scenario : </i>\\n     <li><b class=\\\"bbs-keywords-scenario\\\">Not finding the supplier: </b>That means for the given period, there is no actual supplier schedule. To resolve that, extend the period in the search panel. You will be able to readjust the end period once you get to the detail adjustment section.\\n     </li>'\\n</div>\"}]"
7/1/2020 15:52:26 [emorris] 393: "1 Object(s) returned... [FETCH]"
7/1/2020 15:52:33 [emorris] 392: "[]"
7/1/2020 15:52:33 [emorris] 392: "0 Object(s) returned... [FETCH]"
7/1/2020 15:53:20 [emorris] 387: "1936 Object(s) returned... [FETCH]"
7/1/2020 15:54:5 [emorris] 409: "BEGIN PKREQUESTMANAGER.CALLQUERY(409,'SUP0000002','emorris','{HEINENS_CUSTOM_PROD}', '{06966,07/05/2020,07/15/2020}','{HN}', :cursor); END;"
7/1/2020 15:54:6 [emorris] 409: "168 Object(s) returned... [FETCH]"
7/1/2020 15:55:6 [emorris] 388: "1936 Object(s) returned... [FETCH]"
7/1/2020 15:55:33 [emorris] 425: "BEGIN PKREQUESTMANAGER.CALLQUERY(425,'SCH0000001','emorris','{HEINENS_CUSTOM_PROD}', '{06966,06966CC,0,06966SC,07/05/2020,07/15/2020,emorris,1,4,5,6,7,8,9,10,11,12,14,15,16,17,18,19,20,21,22,41,42,43,44,99952}','{HN}', :cursor); END;"
7/1/2020 15:55:34 [emorris] 425: "[{\"'ALTERED'\":\"altered\"}]"
7/1/2020 15:55:34 [emorris] 425: "1 Object(s) returned... [FETCH]"
7/1/2020 15:55:34 [emorris] 426: "BEGIN PKREQUESTMANAGER.CALLQUERY(426,'SCH0000002','emorris','{HEINENS_CUSTOM_PROD}', '{06966,06966CC,0,06966SC,07/05/2020,0810,07/07/2020,0600,emorris,1,4,5,6,7,8,9,10,11,12,14,15,16,17,18,19,20,21,22,41,42,43,44,99952}','{HN}', :cursor); END;"
7/1/2020 15:55:34 [emorris] 427: "BEGIN PKREQUESTMANAGER.CALLQUERY(427,'SCH0000002','emorris','{HEINENS_CUSTOM_PROD}', '{06966,06966CC,0,06966SC,07/08/2020,0810,07/09/2020,0600,emorris,1,4,5,6,7,8,9,10,11,12,14,15,16,17,18,19,20,21,22,41,42,43,44,99952}','{HN}', :cursor); END;"
7/1/2020 15:55:34 [emorris] 428: "BEGIN PKREQUESTMANAGER.CALLQUERY(428,'SCH0000002','emorris','{HEINENS_CUSTOM_PROD}', '{06966,06966CC,0,06966SC,07/10/2020,0810,07/11/2020,0600,emorris,1,4,5,6,7,8,9,10,11,12,14,15,16,17,18,19,20,21,22,41,42,43,44,99952}','{HN}', :cursor); END;"
7/1/2020 15:55:34 [emorris] 429: "BEGIN PKREQUESTMANAGER.CALLQUERY(429,'SCH0000002','emorris','{HEINENS_CUSTOM_PROD}', '{06966,06966CC,0,06966SC,07/14/2020,0810,07/15/2020,0600,emorris,1,4,5,6,7,8,9,10,11,12,14,15,16,17,18,19,20,21,22,41,42,43,44,99952}','{HN}', :cursor); END;"
7/1/2020 15:55:34 [emorris] 430: "BEGIN PKREQUESTMANAGER.CALLQUERY(430,'SCH0000002','emorris','{HEINENS_CUSTOM_PROD}', '{06966,06966CC,0,06966SC,07/11/2020,0810,07/13/2020,0600,emorris,1,4,5,6,7,8,9,10,11,12,14,15,16,17,18,19,20,21,22,41,42,43,44,99952}','{HN}', :cursor); END;"
7/1/2020 15:55:34 [emorris] 426: "[{\"'ALTERED'\":\"altered\"}]"
7/1/2020 15:55:34 [emorris] 426: "1 Object(s) returned... [FETCH]"
7/1/2020 15:55:34 [emorris] 427: "[{\"'ALTERED'\":\"altered\"}]"
7/1/2020 15:55:34 [emorris] 427: "1 Object(s) returned... [FETCH]"
7/1/2020 15:55:34 [emorris] 429: "[{\"'ALTERED'\":\"altered\"}]"
7/1/2020 15:55:34 [emorris] 429: "1 Object(s) returned... [FETCH]"
7/1/2020 15:55:34 [emorris] 428: "[{\"'ALTERED'\":\"altered\"}]"
7/1/2020 15:55:34 [emorris] 428: "1 Object(s) returned... [FETCH]"
7/1/2020 15:55:34 [emorris] 430: "[{\"'ALTERED'\":\"altered\"}]"
7/1/2020 15:55:34 [emorris] 430: "1 Object(s) returned... [FETCH]"
