7/1/2020 11:14:17 [pwirth] 47: "BEGIN PKREQUESTMANAGER.CALLQUERY(47,'ADM0000001','pwirth','{}', '{pwirth,heinens}','{}', :cursor); END;"
7/1/2020 11:14:18 [pwirth] 47: "[{\"USERID\":\"pwirth\",\"USERFNAME\":\"Paul\",\"USERLNAME\":\"Wirth\",\"USEREMAIL\":\"pwirth@heinens.com\",\"USERMOBILE\":null}]"
7/1/2020 11:14:18 [pwirth] 47: "1 Object(s) returned... [FETCH]"
7/1/2020 11:14:18 [pwirth] 48: "BEGIN PKREQUESTMANAGER.CALLQUERY(48,'CLI0000002','pwirth','{}', '{pwirth}','{}', :cursor); END;"
7/1/2020 11:14:18 [pwirth] 48: "[{\"USERID\":\"pwirth\",\"USERCORPID\":2,\"USERPASS\":\"aGVpbmVucw==\",\"USERAUTH\":null,\"USERLANG\":\"us_US\",\"USERPROF\":null,\"USERAPPLI\":3,\"USERFNAME\":\"Paul\",\"USERLNAME\":\"Wirth\",\"USEREMAIL\":\"pwirth@heinens.com\",\"USERMOBILE\":null,\"USERTEAM\":null,\"USERACTIVE\":1,\"USERDCRE\":\"2019-11-24T04:00:00.000Z\",\"USERDMAJ\":\"2019-11-24T04:00:00.000Z\",\"USERUTIL\":\"admin\",\"USERTYPE\":2}]"
7/1/2020 11:14:18 [pwirth] 48: "1 Object(s) returned... [FETCH]"
7/1/2020 11:14:18 [pwirth] 49: "BEGIN PKREQUESTMANAGER.CALLQUERY(49,'CLI0000003','pwirth','{}', '{pwirth}','{}', :cursor); END;"
7/1/2020 11:14:18 [pwirth] 49: "[{\"LEVEL\":\"CORPORATE\",\"ENVID\":1,\"ENVCORPID\":2,\"CORPSDESC\":\"Heinen's\",\"ENVCODE\":\"CENTRAL_UAT\",\"ENVTYPE\":4,\"ENVACTIVE\":1,\"ENVSDESC\":\"User Acceptance\",\"ENVLDESC\":\"Heinen's Central UAT environement\",\"ENVDBTYPE\":1,\"ENVIP\":\"10.200.14.232\",\"ENVPORT\":1521,\"ENVUSER\":\"hntcen\",\"ENVPASSWORD\":\"Heinen123!\",\"ENVSOURCE\":\"test\",\"ENVDBLINK\":\"HEINENS_CEN_UAT\",\"ENVDEFAULT\":0,\"ENVDCRE\":\"2017-03-21T04:00:00.000Z\",\"ENVDMAJ\":\"2017-03-21T04:00:00.000Z\",\"ENVUTIL\":\"abe\",\"ENVVERSION\":1,\"ENVDEFLANG\":\"HN\",\"CORPPIC\":\"./assets/pictures/corporate/heinens.jpg\",\"ENVVARINITSH\":\". /home/hntcen/env/envCEN\",\"ENVTITLECOLOR\":\"yellow\",\"ENVTITLE\":\"Inventory Control Room (Acceptance)\"},{\"LEVEL\":\"CORPORATE\",\"ENVID\":2,\"ENVCORPID\":2,\"CORPSDESC\":\"Heinen's\",\"ENVCODE\":\"STOCK_UAT\",\"ENVTYPE\":4,\"ENVACTIVE\":1,\"ENVSDESC\":\"Heinen's Stock UAT\",\"ENVLDESC\":\"Heinen's Stock UAT environement\",\"ENVDBTYPE\":1,\"ENVIP\":\"10.200.14.232\",\"ENVPORT\":1521,\"ENVUSER\":\"hntstk\",\"ENVPASSWORD\":\"Heinen123!\",\"ENVSOURCE\":\"test\",\"ENVDBLINK\":\"HEINENS_STK_UAT\",\"ENVDEFAULT\":0,\"ENVDCRE\":\"2017-03-21T04:00:00.000Z\",\"ENVDMAJ\":\"2017-03-21T04:00:00.000Z\",\"ENVUTIL\":\"abe\",\"ENVVERSION\":2,\"ENVDEFLANG\":\"HN\",\"CORPPIC\":\"./assets/pictures/corporate/heinens.jpg\",\"ENVVARINITSH\":\". /home/hntstk/env/envSTK\",\"ENVTITLECOLOR\":\"yellow\",\"ENVTITLE\":\"Inventory Control Room (Acceptance)\"},{\"LEVEL\":\"USER\",\"ENVID\":1,\"ENVCORPID\":2,\"CORPSDESC\":\"Heinen's\",\"ENVCODE\":\"CENTRAL_UAT\",\"ENVTYPE\":4,\"ENVACTIVE\":1,\"ENVSDESC\":\"User Acceptance\",\"ENVLDESC\":\"Heinen's Central UAT environement\",\"ENVDBTYPE\":1,\"ENVIP\":\"10.200.14.232\",\"ENVPORT\":1521,\"ENVUSER\":\"hntcen\",\"ENVPASSWORD\":\"Heinen123!\",\"ENVSOURCE\":\"test\",\"ENVDBLINK\":\"HEINENS_CEN_UAT\",\"ENVDEFAULT\":0,\"ENVDCRE\":\"2017-03-21T04:00:00.000Z\",\"ENVDMAJ\":\"2017-03-21T04:00:00.000Z\",\"ENVUTIL\":\"abe\",\"ENVVERSION\":1,\"ENVDEFLANG\":\"HN\",\"CORPPIC\":\"./assets/pictures/corporate/heinens.jpg\",\"ENVVARINITSH\":\". /home/hntcen/env/envCEN\",\"ENVTITLECOLOR\":\"yellow\",\"ENVTITLE\":\"Inventory Control Room (Acceptance)\"},{\"LEVEL\":\"CORPORATE\",\"ENVID\":3,\"ENVCORPID\":2,\"CORPSDESC\":\"Heinen's\",\"ENVCODE\":\"HN_CENTRAL_PROD\",\"ENVTYPE\":7,\"ENVACTIVE\":1,\"ENVSDESC\":\"Production\",\"ENVLDESC\":\"Heinen's Custom PROD environement\",\"ENVDBTYPE\":1,\"ENVIP\":\"10.200.14.231\",\"ENVPORT\":1521,\"ENVUSER\":\"hnpcen\",\"ENVPASSWORD\":\"Heinen123!\",\"ENVSOURCE\":\"central\",\"ENVDBLINK\":\"HEINENS_CUSTOM_PROD\",\"ENVDEFAULT\":1,\"ENVDCRE\":\"2017-04-22T04:00:00.000Z\",\"ENVDMAJ\":\"2017-03-21T04:00:00.000Z\",\"ENVUTIL\":\"abe\",\"ENVVERSION\":1,\"ENVDEFLANG\":\"HN\",\"CORPPIC\":\"./assets/pictures/corporate/heinens.jpg\",\"ENVVARINITSH\":\". /home/hnpcen/env/envCEN\",\"ENVTITLECOLOR\":\"white\",\"ENVTITLE\":\"Inventory Control Room\"},{\"LEVEL\":\"CORPORATE\",\"ENVID\":4,\"ENVCORPID\":2,\"CORPSDESC\":\"Heinen's\",\"ENVCODE\":\"HN_STOCK_PROD\",\"ENVTYPE\":7,\"ENVACTIVE\":1,\"ENVSDESC\":\"Production Warehouse\",\"ENVLDESC\":\"Heinen's Warehouse PROD environement\",\"ENVDBTYPE\":1,\"ENVIP\":\"10.200.14.231\",\"ENVPORT\":1521,\"ENVUSER\":\"hnpstk\",\"ENVPASSWORD\":\"Heinen123!\",\"ENVSOURCE\":\"central\",\"ENVDBLINK\":\"HEINENS_CUSTOM_PROD\",\"ENVDEFAULT\":1,\"ENVDCRE\":\"2020-01-02T04:00:00.000Z\",\"ENVDMAJ\":\"2020-01-02T04:00:00.000Z\",\"ENVUTIL\":\"abe\",\"ENVVERSION\":1,\"ENVDEFLANG\":\"HN\",\"CORPPIC\":\"./assets/pictures/corporate/heinens.jpg\",\"ENVVARINITSH\":\". /home/hnpsk/env/envSTK\",\"ENVTITLECOLOR\":\"white\",\"ENVTITLE\":\"Inventory Control Room\"},{\"LEVEL\":\"USER\",\"ENVID\":3,\"ENVCORPID\":2,\"CORPSDESC\":\"Heinen's\",\"ENVCODE\":\"HN_CENTRAL_PROD\",\"ENVTYPE\":7,\"ENVACTIVE\":1,\"ENVSDESC\":\"Production\",\"ENVLDESC\":\"Heinen's Custom PROD environement\",\"ENVDBTYPE\":1,\"ENVIP\":\"10.200.14.231\",\"ENVPORT\":1521,\"ENVUSER\":\"hnpcen\",\"ENVPASSWORD\":\"Heinen123!\",\"ENVSOURCE\":\"central\",\"ENVDBLINK\":\"HEINENS_CUSTOM_PROD\",\"ENVDEFAULT\":1,\"ENVDCRE\":\"2017-04-22T04:00:00.000Z\",\"ENVDMAJ\":\"2017-03-21T04:00:00.000Z\",\"ENVUTIL\":\"abe\",\"ENVVERSION\":1,\"ENVDEFLANG\":\"HN\",\"CORPPIC\":\"./assets/pictures/corporate/heinens.jpg\",\"ENVVARINITSH\":\". /home/hnpcen/env/envCEN\",\"ENVTITLECOLOR\":\"white\",\"ENVTITLE\":\"Inventory Control Room\"}]"
7/1/2020 11:14:18 [pwirth] 49: "6 Object(s) returned... [FETCH]"
7/1/2020 11:14:18 [pwirth] 50: "BEGIN PKREQUESTMANAGER.CALLQUERY(50,'WDG0000001','pwirth','{HEINENS_CUSTOM_PROD}', '{pwirth,-1}','{HN}', :cursor); END;"
7/1/2020 11:14:18 [pwirth] 51: "BEGIN PKREQUESTMANAGER.CALLQUERY(51,'SCR0000001','pwirth','{HEINENS_CUSTOM_PROD}', '{SCR0000000001,pwirth}','{HN}', :cursor); END;"
7/1/2020 11:14:18 [pwirth] 51: "[{\"SCREENID\":\"SCR0000000001\",\"SCREENINFO\":\"<div><i class=\\\"bbs-keywords\\\">What is it : </i>Dashboard section is your <b>Home</b> tracking process. It simplifies and regroup data visualization.\\n                          As many as needed dashboard widget trackers can be enabled.\\n</div>\\n<div><i class=\\\"bbs-keywords\\\">Tracking type : </i>There are 3 types of data visualization: \\n        <li><b>Table </b> display with export to file option.</li> \\n        <li><b>Chart </b> with by type line, bar, radar, polar, pie, scatter, combined type </li> \\n        <li><b>Message & Alert </b> with color criticality such as successful, soft warning, hard warning.</li> \\n</div>\"}]"
7/1/2020 11:14:18 [pwirth] 51: "1 Object(s) returned... [FETCH]"
7/1/2020 11:14:18 [pwirth] 50: "46 Object(s) returned... [FETCH]"
7/1/2020 11:14:19 [pwirth] 52: "./repository/downloads/dashboard/INV0000001_HEINENS_CUSTOM_PROD.json File(s) returned... [FETCH]"
7/1/2020 11:14:19 [pwirth] 53: "BEGIN PKREQUESTMANAGER.CALLQUERY(53,'WDG1000000','pwirth','{HEINENS_CUSTOM_PROD}', '{WDG0000000014,null}','{HN}', :cursor); END;"
7/1/2020 11:14:19 [pwirth] 54: "BEGIN PKREQUESTMANAGER.CALLQUERY(54,'WDG1000000','pwirth','{HEINENS_CUSTOM_PROD}', '{WDG0000000013,null}','{HN}', :cursor); END;"
7/1/2020 11:14:19 [pwirth] 55: "BEGIN PKREQUESTMANAGER.CALLQUERY(55,'WDG1000000','pwirth','{HEINENS_CUSTOM_PROD}', '{WDG0000000010,null}','{HN}', :cursor); END;"
7/1/2020 11:14:19 [pwirth] 56: "BEGIN PKREQUESTMANAGER.CALLQUERY(56,'WDG1000000','pwirth','{HEINENS_CUSTOM_PROD}', '{WDG0000000015,null}','{HN}', :cursor); END;"
7/1/2020 11:14:19 [pwirth] 57: "BEGIN PKREQUESTMANAGER.CALLQUERY(57,'WDG1000000','pwirth','{HEINENS_CUSTOM_PROD}', '{WDG0000000016,1020100000000}','{HN}', :cursor); END;"
7/1/2020 11:14:19 [pwirth] 55: "638 Object(s) returned... [FETCH]"
7/1/2020 11:14:19 [pwirth] 58: "BEGIN PKREQUESTMANAGER.CALLQUERY(58,'WDG1000000','pwirth','{HEINENS_CUSTOM_PROD}', '{WDG0000000017,1020100000000}','{HN}', :cursor); END;"
7/1/2020 11:14:19 [pwirth] 59: "BEGIN PKREQUESTMANAGER.CALLQUERY(59,'WDG1000000','pwirth','{HEINENS_CUSTOM_PROD}', '{WDG0000000016,1030010000000}','{HN}', :cursor); END;"
7/1/2020 11:14:20 [pwirth] 60: "BEGIN PKREQUESTMANAGER.CALLQUERY(60,'SCR0000001','pwirth','{HEINENS_CUSTOM_PROD}', '{undefined,pwirth}','{HN}', :cursor); END;"
7/1/2020 11:14:21 [pwirth] 60: "[]"
7/1/2020 11:14:21 [pwirth] 60: "0 Object(s) returned... [FETCH]"
7/1/2020 11:14:21 [pwirth] 54: "[{\"TYPE\":\"success\",\"MESSAGE\":\"No store deliveries blocked in inbound receipts (INTDEREC/WDETREC).\",\"RECEIPT_DATE\":\"07/01/2020\"}]"
7/1/2020 11:14:21 [pwirth] 54: "1 Object(s) returned... [FETCH]"
7/1/2020 11:14:22 [pwirth] 57: "1936 Object(s) returned... [FETCH]"
7/1/2020 11:14:22 [pwirth] 59: "1936 Object(s) returned... [FETCH]"
7/1/2020 11:14:24 [pwirth] 61: "BEGIN PKREQUESTMANAGER.CALLQUERY(61,'SCR0000001','pwirth','{HEINENS_CUSTOM_PROD}', '{SCR0000000003,pwirth}','{HN}', :cursor); END;"
7/1/2020 11:14:24 [pwirth] 61: "[{\"SCREENID\":\"SCR0000000003\",\"SCREENINFO\":\"<div><i class=\\\"bbs-keywords\\\">What is it : </i>Supplier schedule give you the capability to review and maintain the already defined supplier schedule \\nfor a given supplier code or part of his description and the period to be reconsidered.\\n</div>\\n<div><i class=\\\"bbs-keywords\\\">Business case example :</i>Adjust the supplier delivery calendar due to holiday or temporary schedule change</div>\\n<div><i class=\\\"bbs-keywords\\\">Mechanism : </i>Tool is capturing the actual defined supplier schedule for the given period in order to gather\\nfundamental service information (commercial contrat, address chain, service contract, schedule (order day & time, delivery day & time), store associated to the schedule \\n</div> \\n<div><i class=\\\"bbs-keywords\\\">Scenario : </i>\\n     <li><b class=\\\"bbs-keywords-scenario\\\">Not finding the supplier: </b>That means for the given period, there is no actual supplier schedule. To resolve that, extend the period in the search panel. You will be able to readjust the end period once you get to the detail adjustment section.\\n     </li>'\\n</div>\"}]"
7/1/2020 11:14:24 [pwirth] 61: "1 Object(s) returned... [FETCH]"
7/1/2020 11:14:26 [pwirth] 56: "32 Object(s) returned... [FETCH]"
7/1/2020 11:15:17 [pwirth] 58: "1936 Object(s) returned... [FETCH]"
7/1/2020 11:15:31 [pwirth] 53: "40 Object(s) returned... [FETCH]"
7/1/2020 11:15:34 [pwirth] 62: "BEGIN PKREQUESTMANAGER.CALLQUERY(62,'SUP0000002','pwirth','{HEINENS_CUSTOM_PROD}', '{AO0759072,07/02/2020,07/11/2020}','{HN}', :cursor); END;"
7/1/2020 11:15:35 [pwirth] 62: "69 Object(s) returned... [FETCH]"
7/1/2020 11:23:11 [pwirth] 63: "BEGIN PKREQUESTMANAGER.CALLQUERY(63,'SUP0000002','pwirth','{HEINENS_CUSTOM_PROD}', '{AO1233972,07/02/2020,07/11/2020}','{HN}', :cursor); END;"
7/1/2020 11:23:11 [pwirth] 63: "92 Object(s) returned... [FETCH]"
7/1/2020 11:25:20 [pwirth] 64: "BEGIN PKREQUESTMANAGER.CALLQUERY(64,'SCH0000001','pwirth','{HEINENS_CUSTOM_PROD}', '{AO1233972,AO12339C,0,AO12339S,07/02/2020,07/11/2020,pwirth,1,4,5,6,7,8,9,10,11,12,14,15,16,17,18,19,20,21,22,41,42,43,44}','{HN}', :cursor); END;"
7/1/2020 11:25:20 [pwirth] 64: "[{\"'ALTERED'\":\"altered\"}]"
7/1/2020 11:25:20 [pwirth] 64: "1 Object(s) returned... [FETCH]"
7/1/2020 11:25:20 [pwirth] 65: "BEGIN PKREQUESTMANAGER.CALLQUERY(65,'SCH0000002','pwirth','{HEINENS_CUSTOM_PROD}', '{AO1233972,AO12339C,0,AO12339S,07/02/2020,1010,07/08/2020,0600,pwirth,1,4,5,6,7,8,9,10,11,12,14,15,16,17,18,19,20,21,22,41,42,43,44}','{HN}', :cursor); END;"
7/1/2020 11:25:20 [pwirth] 66: "BEGIN PKREQUESTMANAGER.CALLQUERY(66,'SCH0000002','pwirth','{HEINENS_CUSTOM_PROD}', '{AO1233972,AO12339C,0,AO12339S,07/08/2020,1010,07/14/2020,0600,pwirth,1,4,5,6,7,8,9,10,11,12,14,15,16,17,18,19,20,21,22,41,42,43,44}','{HN}', :cursor); END;"
7/1/2020 11:25:20 [pwirth] 67: "BEGIN PKREQUESTMANAGER.CALLQUERY(67,'SCH0000002','pwirth','{HEINENS_CUSTOM_PROD}', '{AO1233972,AO12339C,0,AO12339S,07/10/2020,1010,07/16/2020,0600,pwirth,1,4,5,6,7,8,9,10,11,12,14,15,16,17,18,19,20,21,22,41,42,43,44}','{HN}', :cursor); END;"
7/1/2020 11:25:20 [pwirth] 68: "BEGIN PKREQUESTMANAGER.CALLQUERY(68,'SCH0000002','pwirth','{HEINENS_CUSTOM_PROD}', '{AO1233972,AO12339C,0,AO12339S,07/07/2020,1010,07/11/2020,0600,pwirth,1,4,5,6,7,8,9,10,11,12,14,15,16,17,18,19,20,21,22,41,42,43,44}','{HN}', :cursor); END;"
7/1/2020 11:25:20 [pwirth] 65: "[{\"'ALTERED'\":\"altered\"}]"
7/1/2020 11:25:20 [pwirth] 65: "1 Object(s) returned... [FETCH]"
7/1/2020 11:25:20 [pwirth] 67: "[{\"'ALTERED'\":\"altered\"}]"
7/1/2020 11:25:20 [pwirth] 67: "1 Object(s) returned... [FETCH]"
7/1/2020 11:25:20 [pwirth] 68: "[{\"'ALTERED'\":\"altered\"}]"
7/1/2020 11:25:20 [pwirth] 68: "1 Object(s) returned... [FETCH]"
7/1/2020 11:25:20 [pwirth] 66: "[{\"'ALTERED'\":\"altered\"}]"
7/1/2020 11:25:20 [pwirth] 66: "1 Object(s) returned... [FETCH]"
7/1/2020 12:28:11 [pwirth] 69: "BEGIN PKREQUESTMANAGER.CALLQUERY(69,'SUP0000002','pwirth','{HEINENS_CUSTOM_PROD}', '{AO0204172,07/02/2020,07/11/2020}','{HN}', :cursor); END;"
7/1/2020 12:28:11 [pwirth] 69: "23 Object(s) returned... [FETCH]"
7/1/2020 12:29:42 [pwirth] 70: "BEGIN PKREQUESTMANAGER.CALLQUERY(70,'SUP0000002','pwirth','{HEINENS_CUSTOM_PROD}', '{AO0857772,07/02/2020,07/11/2020}','{HN}', :cursor); END;"
7/1/2020 12:29:43 [pwirth] 70: "23 Object(s) returned... [FETCH]"
7/1/2020 12:31:43 [pwirth] 71: "BEGIN PKREQUESTMANAGER.CALLQUERY(71,'SUP0000002','pwirth','{HEINENS_CUSTOM_PROD}', '{AO0825672,07/02/2020,07/11/2020}','{HN}', :cursor); END;"
7/1/2020 12:31:44 [pwirth] 71: "23 Object(s) returned... [FETCH]"
7/1/2020 12:32:47 [pwirth] 72: "BEGIN PKREQUESTMANAGER.CALLQUERY(72,'SUP0000002','pwirth','{HEINENS_CUSTOM_PROD}', '{AO1244272,07/02/2020,07/11/2020}','{HN}', :cursor); END;"
7/1/2020 12:32:47 [pwirth] 72: "46 Object(s) returned... [FETCH]"
7/1/2020 12:33:48 [pwirth] 73: "BEGIN PKREQUESTMANAGER.CALLQUERY(73,'SCH0000001','pwirth','{HEINENS_CUSTOM_PROD}', '{AO1244272,AO12442C,0,AO12442S,07/02/2020,07/11/2020,pwirth,1,4,5,6,7,8,9,10,11,12,14,15,16,17,18,19,20,21,22,41,42,43,44}','{HN}', :cursor); END;"
7/1/2020 12:33:49 [pwirth] 73: "[{\"'ALTERED'\":\"altered\"}]"
7/1/2020 12:33:49 [pwirth] 73: "1 Object(s) returned... [FETCH]"
7/1/2020 12:33:49 [pwirth] 74: "BEGIN PKREQUESTMANAGER.CALLQUERY(74,'SCH0000002','pwirth','{HEINENS_CUSTOM_PROD}', '{AO1244272,AO12442C,0,AO12442S,07/09/2020,1010,07/17/2020,0600,pwirth,1,4,5,6,7,8,9,10,11,12,14,15,16,17,18,19,20,21,22,41,42,43,44}','{HN}', :cursor); END;"
7/1/2020 12:33:49 [pwirth] 74: "[{\"'ALTERED'\":\"altered\"}]"
7/1/2020 12:33:49 [pwirth] 74: "1 Object(s) returned... [FETCH]"
7/1/2020 12:34:46 [pwirth] 75: "BEGIN PKREQUESTMANAGER.CALLQUERY(75,'SUP0000002','pwirth','{HEINENS_CUSTOM_PROD}', '{AO0180272,07/02/2020,07/11/2020}','{HN}', :cursor); END;"
7/1/2020 12:34:47 [pwirth] 75: "23 Object(s) returned... [FETCH]"
7/1/2020 12:35:43 [pwirth] 76: "BEGIN PKREQUESTMANAGER.CALLQUERY(76,'SUP0000002','pwirth','{HEINENS_CUSTOM_PROD}', '{AO1542572,07/02/2020,07/11/2020}','{HN}', :cursor); END;"
7/1/2020 12:35:43 [pwirth] 76: "23 Object(s) returned... [FETCH]"
7/1/2020 12:42:2 [pwirth] 77: "BEGIN PKREQUESTMANAGER.CALLQUERY(77,'SUP0000002','pwirth','{HEINENS_CUSTOM_PROD}', '{AO1531972,07/02/2020,07/11/2020}','{HN}', :cursor); END;"
7/1/2020 12:42:3 [pwirth] 77: "23 Object(s) returned... [FETCH]"
7/1/2020 12:42:58 [pwirth] 78: "BEGIN PKREQUESTMANAGER.CALLQUERY(78,'SUP0000002','pwirth','{HEINENS_CUSTOM_PROD}', '{AO1573572,07/02/2020,07/11/2020}','{HN}', :cursor); END;"
7/1/2020 12:42:58 [pwirth] 78: "23 Object(s) returned... [FETCH]"
7/1/2020 12:43:31 [pwirth] 79: "BEGIN PKREQUESTMANAGER.CALLQUERY(79,'SUP0000002','pwirth','{HEINENS_CUSTOM_PROD}', '{AO1468572,07/02/2020,07/11/2020}','{HN}', :cursor); END;"
7/1/2020 12:43:31 [pwirth] 79: "23 Object(s) returned... [FETCH]"
7/1/2020 12:44:45 [pwirth] 80: "BEGIN PKREQUESTMANAGER.CALLQUERY(80,'SUP0000002','pwirth','{HEINENS_CUSTOM_PROD}', '{AO1606572,07/02/2020,07/11/2020}','{HN}', :cursor); END;"
7/1/2020 12:44:45 [pwirth] 80: "46 Object(s) returned... [FETCH]"
7/1/2020 12:45:28 [pwirth] 81: "BEGIN PKREQUESTMANAGER.CALLQUERY(81,'SUP0000002','pwirth','{HEINENS_CUSTOM_PROD}', '{AO0759072,07/02/2020,07/11/2020}','{HN}', :cursor); END;"
7/1/2020 12:45:28 [pwirth] 81: "69 Object(s) returned... [FETCH]"
7/1/2020 12:46:40 [pwirth] 82: "BEGIN PKREQUESTMANAGER.CALLQUERY(82,'SCH0000001','pwirth','{HEINENS_CUSTOM_PROD}', '{AO0759072,AO07590C,0,AO07590S,07/02/2020,07/11/2020,pwirth,1,4,5,6,7,8,9,10,11,12,14,15,16,17,18,19,20,21,22,41,42,43,44}','{HN}', :cursor); END;"
7/1/2020 12:46:40 [pwirth] 82: "[{\"'ALTERED'\":\"altered\"}]"
7/1/2020 12:46:40 [pwirth] 82: "1 Object(s) returned... [FETCH]"
7/1/2020 12:46:40 [pwirth] 83: "BEGIN PKREQUESTMANAGER.CALLQUERY(83,'SCH0000002','pwirth','{HEINENS_CUSTOM_PROD}', '{AO0759072,AO07590C,0,AO07590S,07/07/2020,1010,07/14/2020,0600,pwirth,1,4,5,6,7,8,9,10,11,12,14,15,16,17,18,19,20,21,22,41,42,43,44}','{HN}', :cursor); END;"
7/1/2020 12:46:40 [pwirth] 84: "BEGIN PKREQUESTMANAGER.CALLQUERY(84,'SCH0000002','pwirth','{HEINENS_CUSTOM_PROD}', '{AO0759072,AO07590C,0,AO07590S,07/09/2020,1010,07/17/2020,0600,pwirth,1,4,5,6,7,8,9,10,11,12,14,15,16,17,18,19,20,21,22,41,42,43,44}','{HN}', :cursor); END;"
7/1/2020 12:46:40 [pwirth] 83: "[{\"'ALTERED'\":\"altered\"}]"
7/1/2020 12:46:40 [pwirth] 83: "1 Object(s) returned... [FETCH]"
7/1/2020 12:46:41 [pwirth] 84: "[{\"'ALTERED'\":\"altered\"}]"
7/1/2020 12:46:41 [pwirth] 84: "1 Object(s) returned... [FETCH]"
7/1/2020 12:46:54 [pwirth] 85: "BEGIN PKREQUESTMANAGER.CALLQUERY(85,'SUP0000002','pwirth','{HEINENS_CUSTOM_PROD}', '{AO0759072,07/02/2020,07/11/2020}','{HN}', :cursor); END;"
7/1/2020 12:46:54 [pwirth] 85: "46 Object(s) returned... [FETCH]"
7/1/2020 12:47:32 [pwirth] 86: "BEGIN PKREQUESTMANAGER.CALLQUERY(86,'SUP0000002','pwirth','{HEINENS_CUSTOM_PROD}', '{AO0748172,07/02/2020,07/11/2020}','{HN}', :cursor); END;"
7/1/2020 12:47:32 [pwirth] 86: "23 Object(s) returned... [FETCH]"
7/1/2020 12:48:47 [pwirth] 87: "BEGIN PKREQUESTMANAGER.CALLQUERY(87,'SUP0000002','pwirth','{HEINENS_CUSTOM_PROD}', '{AO1587872,07/02/2020,07/11/2020}','{HN}', :cursor); END;"
7/1/2020 12:48:47 [pwirth] 87: "46 Object(s) returned... [FETCH]"
7/1/2020 12:50:8 [pwirth] 88: "BEGIN PKREQUESTMANAGER.CALLQUERY(88,'SUP0000002','pwirth','{HEINENS_CUSTOM_PROD}', '{AO1239872,07/02/2020,07/11/2020}','{HN}', :cursor); END;"
7/1/2020 12:50:8 [pwirth] 88: "46 Object(s) returned... [FETCH]"
7/1/2020 12:51:11 [pwirth] 89: "BEGIN PKREQUESTMANAGER.CALLQUERY(89,'SUP0000002','pwirth','{HEINENS_CUSTOM_PROD}', '{AO1619272,07/02/2020,07/11/2020}','{HN}', :cursor); END;"
7/1/2020 12:51:12 [pwirth] 89: "23 Object(s) returned... [FETCH]"
7/1/2020 12:52:11 [pwirth] 90: "BEGIN PKREQUESTMANAGER.CALLQUERY(90,'SUP0000002','pwirth','{HEINENS_CUSTOM_PROD}', '{AO1282772,07/02/2020,07/11/2020}','{HN}', :cursor); END;"
7/1/2020 12:52:12 [pwirth] 90: "23 Object(s) returned... [FETCH]"
7/1/2020 12:52:45 [pwirth] 91: "BEGIN PKREQUESTMANAGER.CALLQUERY(91,'SUP0000002','pwirth','{HEINENS_CUSTOM_PROD}', '{AO0704872,07/02/2020,07/11/2020}','{HN}', :cursor); END;"
7/1/2020 12:52:45 [pwirth] 91: "69 Object(s) returned... [FETCH]"
7/1/2020 12:55:20 [pwirth] 92: "BEGIN PKREQUESTMANAGER.CALLQUERY(92,'SUP0000002','pwirth','{HEINENS_CUSTOM_PROD}', '{AO0765672,07/02/2020,07/11/2020}','{HN}', :cursor); END;"
7/1/2020 12:55:21 [pwirth] 92: "69 Object(s) returned... [FETCH]"
7/1/2020 12:57:21 [pwirth] 93: "BEGIN PKREQUESTMANAGER.CALLQUERY(93,'SUP0000002','pwirth','{HEINENS_CUSTOM_PROD}', '{AO1247272,07/02/2020,07/11/2020}','{HN}', :cursor); END;"
7/1/2020 12:57:21 [pwirth] 93: "46 Object(s) returned... [FETCH]"
7/1/2020 13:0:11 [pwirth] 94: "BEGIN PKREQUESTMANAGER.CALLQUERY(94,'SUP0000002','pwirth','{HEINENS_CUSTOM_PROD}', '{AO0618272,07/02/2020,07/11/2020}','{HN}', :cursor); END;"
7/1/2020 13:0:11 [pwirth] 94: "23 Object(s) returned... [FETCH]"
7/1/2020 13:0:51 [pwirth] 95: "BEGIN PKREQUESTMANAGER.CALLQUERY(95,'SUP0000002','pwirth','{HEINENS_CUSTOM_PROD}', '{AO1387572,07/02/2020,07/11/2020}','{HN}', :cursor); END;"
7/1/2020 13:0:51 [pwirth] 95: "46 Object(s) returned... [FETCH]"
7/1/2020 13:1:59 [pwirth] 96: "BEGIN PKREQUESTMANAGER.CALLQUERY(96,'SUP0000002','pwirth','{HEINENS_CUSTOM_PROD}', '{AO0588472,07/02/2020,07/11/2020}','{HN}', :cursor); END;"
7/1/2020 13:1:59 [pwirth] 96: "23 Object(s) returned... [FETCH]"
7/1/2020 13:2:42 [pwirth] 97: "BEGIN PKREQUESTMANAGER.CALLQUERY(97,'SUP0000002','pwirth','{HEINENS_CUSTOM_PROD}', '{AO1466572,07/02/2020,07/11/2020}','{HN}', :cursor); END;"
7/1/2020 13:2:43 [pwirth] 97: "23 Object(s) returned... [FETCH]"
7/1/2020 13:3:12 [pwirth] 98: "BEGIN PKREQUESTMANAGER.CALLQUERY(98,'SUP0000002','pwirth','{HEINENS_CUSTOM_PROD}', '{AO1601472,07/02/2020,07/11/2020}','{HN}', :cursor); END;"
7/1/2020 13:3:12 [pwirth] 98: "69 Object(s) returned... [FETCH]"
7/1/2020 13:4:55 [pwirth] 99: "BEGIN PKREQUESTMANAGER.CALLQUERY(99,'SCH0000001','pwirth','{HEINENS_CUSTOM_PROD}', '{AO1601472,AO16014C,0,AO16014S,07/02/2020,07/11/2020,pwirth,1,4,5,6,7,8,9,10,11,12,14,15,16,17,18,19,20,21,22,41,42,43,44}','{HN}', :cursor); END;"
7/1/2020 13:4:55 [pwirth] 99: "[{\"'ALTERED'\":\"altered\"}]"
7/1/2020 13:4:55 [pwirth] 99: "1 Object(s) returned... [FETCH]"
7/1/2020 13:4:55 [pwirth] 100: "BEGIN PKREQUESTMANAGER.CALLQUERY(100,'SCH0000002','pwirth','{HEINENS_CUSTOM_PROD}', '{AO1601472,AO16014C,0,AO16014S,07/03/2020,1010,07/11/2020,0200,pwirth,1,4,5,6,7,8,9,10,11,12,14,15,16,17,18,19,20,21,22,41,42,43,44}','{HN}', :cursor); END;"
7/1/2020 13:4:56 [pwirth] 101: "BEGIN PKREQUESTMANAGER.CALLQUERY(101,'SCH0000002','pwirth','{HEINENS_CUSTOM_PROD}', '{AO1601472,AO16014C,0,AO16014S,07/07/2020,1010,07/14/2020,0200,pwirth,1,4,5,6,7,8,9,10,11,12,14,15,16,17,18,19,20,21,22,41,42,43,44}','{HN}', :cursor); END;"
7/1/2020 13:4:56 [pwirth] 102: "BEGIN PKREQUESTMANAGER.CALLQUERY(102,'SCH0000002','pwirth','{HEINENS_CUSTOM_PROD}', '{AO1601472,AO16014C,0,AO16014S,07/10/2020,1010,07/17/2020,0200,pwirth,1,4,5,6,7,8,9,10,11,12,14,15,16,17,18,19,20,21,22,41,42,43,44}','{HN}', :cursor); END;"
7/1/2020 13:4:56 [pwirth] 100: "[{\"'ALTERED'\":\"altered\"}]"
7/1/2020 13:4:56 [pwirth] 100: "1 Object(s) returned... [FETCH]"
7/1/2020 13:4:56 [pwirth] 101: "[{\"'ALTERED'\":\"altered\"}]"
7/1/2020 13:4:56 [pwirth] 101: "1 Object(s) returned... [FETCH]"
7/1/2020 13:4:56 [pwirth] 102: "[{\"'ALTERED'\":\"altered\"}]"
7/1/2020 13:4:56 [pwirth] 102: "1 Object(s) returned... [FETCH]"
7/1/2020 13:5:58 [pwirth] 103: "BEGIN PKREQUESTMANAGER.CALLQUERY(103,'SUP0000002','pwirth','{HEINENS_CUSTOM_PROD}', '{AO1628072,07/02/2020,07/11/2020}','{HN}', :cursor); END;"
7/1/2020 13:5:59 [pwirth] 103: "46 Object(s) returned... [FETCH]"
7/1/2020 13:9:19 [pwirth] 104: "BEGIN PKREQUESTMANAGER.CALLQUERY(104,'SUP0000002','pwirth','{HEINENS_CUSTOM_PROD}', '{AO1583872,07/02/2020,07/11/2020}','{HN}', :cursor); END;"
7/1/2020 13:9:19 [pwirth] 104: "23 Object(s) returned... [FETCH]"
7/1/2020 13:9:42 [pwirth] 105: "BEGIN PKREQUESTMANAGER.CALLQUERY(105,'SUP0000002','pwirth','{HEINENS_CUSTOM_PROD}', '{AO1434172,07/02/2020,07/11/2020}','{HN}', :cursor); END;"
7/1/2020 13:9:42 [pwirth] 105: "46 Object(s) returned... [FETCH]"
7/1/2020 13:12:46 [pwirth] 106: "BEGIN PKREQUESTMANAGER.CALLQUERY(106,'SUP0000002','pwirth','{HEINENS_CUSTOM_PROD}', '{AO1601472,07/02/2020,07/11/2020}','{HN}', :cursor); END;"
7/1/2020 13:12:46 [pwirth] 106: "69 Object(s) returned... [FETCH]"
7/1/2020 13:13:15 [pwirth] 107: "BEGIN PKREQUESTMANAGER.CALLQUERY(107,'SCH0000001','pwirth','{HEINENS_CUSTOM_PROD}', '{AO1601472,AO16014C,0,AO16014S,07/02/2020,07/11/2020,pwirth,1,4,5,6,7,8,9,10,11,12,14,15,16,17,18,19,20,21,22,41,42,43,44}','{HN}', :cursor); END;"
7/1/2020 13:13:15 [pwirth] 107: "[{\"'ALTERED'\":\"altered\"}]"
7/1/2020 13:13:15 [pwirth] 107: "1 Object(s) returned... [FETCH]"
7/1/2020 13:13:15 [pwirth] 108: "BEGIN PKREQUESTMANAGER.CALLQUERY(108,'SCH0000002','pwirth','{HEINENS_CUSTOM_PROD}', '{AO1601472,AO16014C,0,AO16014S,07/07/2020,1010,07/14/2020,0200,pwirth,1,4,5,6,7,8,9,10,11,12,14,15,16,17,18,19,20,21,22,41,42,43,44}','{HN}', :cursor); END;"
7/1/2020 13:13:15 [pwirth] 109: "BEGIN PKREQUESTMANAGER.CALLQUERY(109,'SCH0000002','pwirth','{HEINENS_CUSTOM_PROD}', '{AO1601472,AO16014C,0,AO16014S,07/10/2020,1010,07/17/2020,0200,pwirth,1,4,5,6,7,8,9,10,11,12,14,15,16,17,18,19,20,21,22,41,42,43,44}','{HN}', :cursor); END;"
7/1/2020 13:13:15 [pwirth] 110: "BEGIN PKREQUESTMANAGER.CALLQUERY(110,'SCH0000002','pwirth','{HEINENS_CUSTOM_PROD}', '{AO1601472,AO16014C,0,AO16014S,07/02/2020,1010,07/10/2020,0200,pwirth,1,4,5,6,7,8,9,10,11,12,14,15,16,17,18,19,20,21,22,41,42,43,44}','{HN}', :cursor); END;"
7/1/2020 13:13:15 [pwirth] 109: "[{\"'ALTERED'\":\"altered\"}]"
7/1/2020 13:13:15 [pwirth] 109: "1 Object(s) returned... [FETCH]"
7/1/2020 13:13:15 [pwirth] 110: "[{\"'ALTERED'\":\"altered\"}]"
7/1/2020 13:13:15 [pwirth] 110: "1 Object(s) returned... [FETCH]"
7/1/2020 13:13:15 [pwirth] 108: "[{\"'ALTERED'\":\"altered\"}]"
7/1/2020 13:13:15 [pwirth] 108: "1 Object(s) returned... [FETCH]"
7/1/2020 13:13:52 [pwirth] 111: "BEGIN PKREQUESTMANAGER.CALLQUERY(111,'SUP0000002','pwirth','{HEINENS_CUSTOM_PROD}', '{AO1247272,07/02/2020,07/11/2020}','{HN}', :cursor); END;"
7/1/2020 13:13:53 [pwirth] 111: "46 Object(s) returned... [FETCH]"
