3/23/2019 22:28:28 1: LIBQUERY with Callback: 
3/23/2019 22:28:28 1: BEGIN PKREQUESTMANAGER.CALLQUERY(1,'ADM0000001','abe','{}', '{abe,abe}','{}', :cursor); END;
3/23/2019 22:28:28 1: 1 Object(s) returned... [FETCH]
3/23/2019 22:28:28 1: [object Object]
3/23/2019 22:28:28 1: {"metaData":[{"name":"USERID"},{"name":"USERFNAME"},{"name":"USERLNAME"},{"name":"USEREMAIL"},{"name":"USERMOBILE"}]}
3/23/2019 22:28:28 2: LIBQUERY with Callback: 
3/23/2019 22:28:28 2: BEGIN PKREQUESTMANAGER.CALLQUERY(2,'CLI0000002','abe','{}', '{abe}','{}', :cursor); END;
3/23/2019 22:28:28 3: LIBQUERY with Callback: 
3/23/2019 22:28:28 3: BEGIN PKREQUESTMANAGER.CALLQUERY(3,'CLI0000003','abe','{}', '{abe}','{}', :cursor); END;
3/23/2019 22:28:29 3: 1 Object(s) returned... [FETCH]
3/23/2019 22:28:29 3: [object Object]
3/23/2019 22:28:29 3: 5 Object(s) returned... [FETCH]
3/23/2019 22:28:29 3: [object Object],[object Object],[object Object],[object Object],[object Object]
3/23/2019 22:28:29 3: {"metaData":[{"name":"USERID"},{"name":"USERCORPID"},{"name":"USERPASS"},{"name":"USERAUTH"},{"name":"USERLANG"},{"name":"USERPROF"},{"name":"USERAPPLI"},{"name":"USERFNAME"},{"name":"USERLNAME"},{"name":"USEREMAIL"},{"name":"USERMOBILE"},{"name":"USERTEAM"},{"name":"USERACTIVE"},{"name":"USERDCRE"},{"name":"USERDMAJ"},{"name":"USERUTIL"},{"name":"USERTYPE"}]}
3/23/2019 22:28:29 3: {"metaData":[{"name":"LEVEL"},{"name":"ENVID"},{"name":"ENVCORPID"},{"name":"CORPSDESC"},{"name":"ENVCODE"},{"name":"ENVTYPE"},{"name":"ENVACTIVE"},{"name":"ENVSDESC"},{"name":"ENVLDESC"},{"name":"ENVDBTYPE"},{"name":"ENVIP"},{"name":"ENVPORT"},{"name":"ENVUSER"},{"name":"ENVPASSWORD"},{"name":"ENVSOURCE"},{"name":"ENVDBLINK"},{"name":"ENVDEFAULT"},{"name":"ENVDCRE"},{"name":"ENVDMAJ"},{"name":"ENVUTIL"},{"name":"ENVVERSION"},{"name":"ENVDEFLANG"},{"name":"CORPPIC"},{"name":"ENVVARINITSH"},{"name":"ENVTITLECOLOR"},{"name":"ENVTITLE"}]}
3/23/2019 23:3:2 4: LIBQUERY with Callback: 
3/23/2019 23:3:2 4: BEGIN PKREQUESTMANAGER.CALLQUERY(4,'ADM0000001','abe','{}', '{abe,abe}','{}', :cursor); END;
3/23/2019 23:3:39 4: 1 Object(s) returned... [FETCH]
3/23/2019 23:3:39 4: [object Object]
3/23/2019 23:3:39 4: {"metaData":[{"name":"USERID"},{"name":"USERFNAME"},{"name":"USERLNAME"},{"name":"USEREMAIL"},{"name":"USERMOBILE"}]}
3/23/2019 23:3:39 5: LIBQUERY with Callback: 
3/23/2019 23:3:39 5: BEGIN PKREQUESTMANAGER.CALLQUERY(5,'CLI0000003','abe','{}', '{abe}','{}', :cursor); END;
3/23/2019 23:3:39 6: LIBQUERY with Callback: 
3/23/2019 23:3:39 6: BEGIN PKREQUESTMANAGER.CALLQUERY(6,'CLI0000002','abe','{}', '{abe}','{}', :cursor); END;
3/23/2019 23:3:39 6: 5 Object(s) returned... [FETCH]
3/23/2019 23:3:39 6: [object Object],[object Object],[object Object],[object Object],[object Object]
3/23/2019 23:3:39 6: {"metaData":[{"name":"LEVEL"},{"name":"ENVID"},{"name":"ENVCORPID"},{"name":"CORPSDESC"},{"name":"ENVCODE"},{"name":"ENVTYPE"},{"name":"ENVACTIVE"},{"name":"ENVSDESC"},{"name":"ENVLDESC"},{"name":"ENVDBTYPE"},{"name":"ENVIP"},{"name":"ENVPORT"},{"name":"ENVUSER"},{"name":"ENVPASSWORD"},{"name":"ENVSOURCE"},{"name":"ENVDBLINK"},{"name":"ENVDEFAULT"},{"name":"ENVDCRE"},{"name":"ENVDMAJ"},{"name":"ENVUTIL"},{"name":"ENVVERSION"},{"name":"ENVDEFLANG"},{"name":"CORPPIC"},{"name":"ENVVARINITSH"},{"name":"ENVTITLECOLOR"},{"name":"ENVTITLE"}]}
3/23/2019 23:3:41 6: 1 Object(s) returned... [FETCH]
3/23/2019 23:3:41 6: [object Object]
3/23/2019 23:3:41 6: {"metaData":[{"name":"USERID"},{"name":"USERCORPID"},{"name":"USERPASS"},{"name":"USERAUTH"},{"name":"USERLANG"},{"name":"USERPROF"},{"name":"USERAPPLI"},{"name":"USERFNAME"},{"name":"USERLNAME"},{"name":"USEREMAIL"},{"name":"USERMOBILE"},{"name":"USERTEAM"},{"name":"USERACTIVE"},{"name":"USERDCRE"},{"name":"USERDMAJ"},{"name":"USERUTIL"},{"name":"USERTYPE"}]}
