4/22/2017 9:37:0 1: LIBQUERY with Callback: 
4/22/2017 9:37:0 1: Path request:/api/authentification/
4/22/2017 9:37:0 1: Path header:undefined
4/22/2017 9:37:0 1: Path query:{}
4/22/2017 9:37:0 1: BEGIN PKREQUESTMANAGER.CALLQUERY(1,'ADM0000001','abe','{}', '{abe,}','{}', :cursor); END;
4/22/2017 9:37:0 1: 0 Object(s) returned... [FETCH] :)
4/22/2017 9:37:5 2: LIBQUERY with Callback: 
4/22/2017 9:37:5 2: Path request:/api/authentification/
4/22/2017 9:37:5 2: Path header:undefined
4/22/2017 9:37:5 2: Path query:{}
4/22/2017 9:37:5 2: BEGIN PKREQUESTMANAGER.CALLQUERY(2,'ADM0000001','abe','{}', '{abe,abe}','{}', :cursor); END;
4/22/2017 9:37:5 2: 1 Object(s) returned... [FETCH]
4/22/2017 9:37:5 2: [object Object]
4/22/2017 9:37:5 3: LIBQUERY with Callback: 
4/22/2017 9:37:5 3: Path request:/api/user/
4/22/2017 9:37:5 3: Path header:undefined
4/22/2017 9:37:5 3: Path query:{"USER_NAME":"abe"}
4/22/2017 9:37:5 3: BEGIN PKREQUESTMANAGER.CALLQUERY(3,'CLI0000002','abe','{}', '{abe}','{}', :cursor); END;
4/22/2017 9:37:5 4: LIBQUERY with Callback: 
4/22/2017 9:37:5 4: Path request:/api/environment/
4/22/2017 9:37:5 4: Path header:undefined
4/22/2017 9:37:5 4: Path query:{"USER_NAME":"abe"}
4/22/2017 9:37:5 4: BEGIN PKREQUESTMANAGER.CALLQUERY(4,'CLI0000003','abe','{}', '{abe}','{}', :cursor); END;
4/22/2017 9:37:5 4: 1 Object(s) returned... [FETCH]
4/22/2017 9:37:5 4: [object Object]
4/22/2017 9:37:5 4: 2 Object(s) returned... [FETCH]
4/22/2017 9:37:5 4: [object Object],[object Object]
4/22/2017 9:38:42 5: LIBQUERY with Callback: 
4/22/2017 9:38:42 5: Path request:/api/counting/2/
4/22/2017 9:38:42 5: Path header:undefined
4/22/2017 9:38:42 5: Path query:{}
4/22/2017 9:38:42 5: BEGIN PKREQUESTMANAGER.CALLQUERY(5,'CNT0000002','abe','{HEINENS_CEN_UAT}', '{undefined}','{HN}', :cursor); END;
4/22/2017 9:40:35 6: LIBQUERY with Callback: 
4/22/2017 9:40:35 6: Path request:/api/user/
4/22/2017 9:40:35 6: Path header:undefined
4/22/2017 9:40:35 6: Path query:{"USER_NAME":"abe"}
4/22/2017 9:40:35 6: BEGIN PKREQUESTMANAGER.CALLQUERY(6,'CLI0000002','abe','{}', '{abe}','{}', :cursor); END;
4/22/2017 9:40:35 7: LIBQUERY with Callback: 
4/22/2017 9:40:35 7: Path request:/api/environment/
4/22/2017 9:40:35 7: Path header:undefined
4/22/2017 9:40:35 7: Path query:{"USER_NAME":"abe"}
4/22/2017 9:40:35 7: BEGIN PKREQUESTMANAGER.CALLQUERY(7,'CLI0000003','abe','{}', '{abe}','{}', :cursor); END;
4/22/2017 9:40:35 7: 1 Object(s) returned... [FETCH]
4/22/2017 9:40:35 7: [object Object]
4/22/2017 9:40:35 7: 2 Object(s) returned... [FETCH]
4/22/2017 9:40:35 7: [object Object],[object Object]
4/22/2017 9:40:37 8: LIBQUERY with Callback: 
4/22/2017 9:40:37 8: Path request:/api/counting/2/
4/22/2017 9:40:37 8: Path header:undefined
4/22/2017 9:40:37 8: Path query:{}
4/22/2017 9:40:37 8: BEGIN PKREQUESTMANAGER.CALLQUERY(8,'CNT0000002','abe','{HEINENS_CEN_UAT}', '{undefined}','{HN}', :cursor); END;
4/22/2017 9:43:40 9: LIBQUERY with Callback: 
4/22/2017 9:43:40 9: Path request:/api/user/
4/22/2017 9:43:40 9: Path header:undefined
4/22/2017 9:43:40 9: Path query:{"USER_NAME":"abe"}
4/22/2017 9:43:40 9: BEGIN PKREQUESTMANAGER.CALLQUERY(9,'CLI0000002','abe','{}', '{abe}','{}', :cursor); END;
4/22/2017 9:43:40 10: LIBQUERY with Callback: 
4/22/2017 9:43:40 10: Path request:/api/environment/
4/22/2017 9:43:40 10: Path header:undefined
4/22/2017 9:43:40 10: Path query:{"USER_NAME":"abe"}
4/22/2017 9:43:40 10: BEGIN PKREQUESTMANAGER.CALLQUERY(10,'CLI0000003','abe','{}', '{abe}','{}', :cursor); END;
4/22/2017 9:43:40 10: 1 Object(s) returned... [FETCH]
4/22/2017 9:43:40 10: [object Object]
4/22/2017 9:43:40 10: 2 Object(s) returned... [FETCH]
4/22/2017 9:43:40 10: [object Object],[object Object]
4/22/2017 9:44:2 11: LIBQUERY with Callback: 
4/22/2017 9:44:2 11: Path request:/api/user/
4/22/2017 9:44:2 11: Path header:undefined
4/22/2017 9:44:2 11: Path query:{"USER_NAME":"abe"}
4/22/2017 9:44:2 11: BEGIN PKREQUESTMANAGER.CALLQUERY(11,'CLI0000002','abe','{}', '{abe}','{}', :cursor); END;
4/22/2017 9:44:2 12: LIBQUERY with Callback: 
4/22/2017 9:44:2 12: Path request:/api/environment/
4/22/2017 9:44:2 12: Path header:undefined
4/22/2017 9:44:2 12: Path query:{"USER_NAME":"abe"}
4/22/2017 9:44:2 12: BEGIN PKREQUESTMANAGER.CALLQUERY(12,'CLI0000003','abe','{}', '{abe}','{}', :cursor); END;
4/22/2017 9:44:2 12: 1 Object(s) returned... [FETCH]
4/22/2017 9:44:2 12: [object Object]
4/22/2017 9:44:2 12: 2 Object(s) returned... [FETCH]
4/22/2017 9:44:2 12: [object Object],[object Object]
4/22/2017 9:44:10 13: LIBQUERY with Callback: 
4/22/2017 9:44:10 13: Path request:/api/counting/2/
4/22/2017 9:44:10 13: Path header:undefined
4/22/2017 9:44:10 13: Path query:{"PARAM":"-1"}
4/22/2017 9:44:10 13: BEGIN PKREQUESTMANAGER.CALLQUERY(13,'CNT0000002','abe','{HEINENS_CEN_UAT}', '{-1}','{HN}', :cursor); END;
4/22/2017 9:45:35 14: LIBQUERY with Callback: 
4/22/2017 9:45:35 14: Path request:/api/user/
4/22/2017 9:45:35 14: Path header:undefined
4/22/2017 9:45:35 14: Path query:{"USER_NAME":"abe"}
4/22/2017 9:45:35 14: BEGIN PKREQUESTMANAGER.CALLQUERY(14,'CLI0000002','abe','{}', '{abe}','{}', :cursor); END;
4/22/2017 9:45:35 15: LIBQUERY with Callback: 
4/22/2017 9:45:35 15: Path request:/api/environment/
4/22/2017 9:45:35 15: Path header:undefined
4/22/2017 9:45:35 15: Path query:{"USER_NAME":"abe"}
4/22/2017 9:45:35 15: BEGIN PKREQUESTMANAGER.CALLQUERY(15,'CLI0000003','abe','{}', '{abe}','{}', :cursor); END;
4/22/2017 9:45:35 15: 1 Object(s) returned... [FETCH]
4/22/2017 9:45:35 15: [object Object]
4/22/2017 9:45:35 15: 2 Object(s) returned... [FETCH]
4/22/2017 9:45:35 15: [object Object],[object Object]
4/22/2017 9:45:47 16: LIBQUERY with Callback: 
4/22/2017 9:45:47 16: Path request:/api/counting/2/
4/22/2017 9:45:47 16: Path header:undefined
4/22/2017 9:45:47 16: Path query:{}
4/22/2017 9:45:47 16: BEGIN PKREQUESTMANAGER.CALLQUERY(16,'CNT0000002','abe','{HEINENS_CEN_UAT}', '{undefined}','{HN}', :cursor); END;
4/22/2017 9:45:50 16: 11 Object(s) returned... [FETCH]
4/22/2017 9:45:50 16: [object Object],[object Object],[object Object],[object Object],[object Object],[object Object],[object Object],[object Object],[object Object],[object Object],[object Object]
4/22/2017 9:46:0 17: LIBQUERY with Callback: 
4/22/2017 9:46:0 17: Path request:/api/counting/3/
4/22/2017 9:46:0 17: Path header:undefined
4/22/2017 9:46:0 17: Path query:{"PARAM":["04/18/2017","6"]}
4/22/2017 9:46:0 17: BEGIN PKREQUESTMANAGER.CALLQUERY(17,'CNT0000003','abe','{HEINENS_CEN_UAT}', '{04/18/2017,6}','{HN}', :cursor); END;
4/22/2017 9:46:0 18: LIBQUERY with Callback: 
4/22/2017 9:46:0 18: Path request:/api/counting/4/
4/22/2017 9:46:0 18: Path header:undefined
4/22/2017 9:46:0 18: Path query:{"PARAM":["04/18/2017","6"]}
4/22/2017 9:46:0 18: BEGIN PKREQUESTMANAGER.CALLQUERY(18,'CNT0000004','abe','{HEINENS_CEN_UAT}', '{04/18/2017,6}','{HN}', :cursor); END;
4/22/2017 9:46:0 19: LIBQUERY with Callback: 
4/22/2017 9:46:0 19: Path request:/api/process/
4/22/2017 9:46:0 19: Path header:undefined
4/22/2017 9:46:0 19: Path query:{"PARAM":["04/18/2017","pssti12p","10 6"]}
4/22/2017 9:46:0 19: BEGIN PKREQUESTMANAGER.CALLQUERY(19,'BTH0000001','abe','{HEINENS_CEN_UAT}', '{04/18/2017,pssti12p,10 6}','{HN}', :cursor); END;
4/22/2017 9:46:2 19: 6 Object(s) returned... [FETCH]
4/22/2017 9:46:2 19: [object Object],[object Object],[object Object],[object Object],[object Object],[object Object]
4/22/2017 9:46:4 19: 1 Object(s) returned... [FETCH]
4/22/2017 9:46:4 19: [object Object]
4/22/2017 9:46:6 19: 1 Object(s) returned... [FETCH]
4/22/2017 9:46:6 19: [object Object]
4/22/2017 9:52:26 20: LIBQUERY with Callback: 
4/22/2017 9:52:26 20: Path request:/api/user/
4/22/2017 9:52:26 20: Path header:undefined
4/22/2017 9:52:26 20: Path query:{"USER_NAME":"abe"}
4/22/2017 9:52:26 20: BEGIN PKREQUESTMANAGER.CALLQUERY(20,'CLI0000002','abe','{}', '{abe}','{}', :cursor); END;
4/22/2017 9:52:26 21: LIBQUERY with Callback: 
4/22/2017 9:52:26 21: Path request:/api/environment/
4/22/2017 9:52:26 21: Path header:undefined
4/22/2017 9:52:26 21: Path query:{"USER_NAME":"abe"}
4/22/2017 9:52:26 21: BEGIN PKREQUESTMANAGER.CALLQUERY(21,'CLI0000003','abe','{}', '{abe}','{}', :cursor); END;
4/22/2017 9:52:26 21: 1 Object(s) returned... [FETCH]
4/22/2017 9:52:26 21: [object Object]
4/22/2017 9:52:26 21: 2 Object(s) returned... [FETCH]
4/22/2017 9:52:26 21: [object Object],[object Object]
4/22/2017 9:52:46 22: LIBQUERY with Callback: 
4/22/2017 9:52:46 22: Path request:/api/user/
4/22/2017 9:52:46 22: Path header:undefined
4/22/2017 9:52:46 22: Path query:{"USER_NAME":"abe"}
4/22/2017 9:52:46 22: BEGIN PKREQUESTMANAGER.CALLQUERY(22,'CLI0000002','abe','{}', '{abe}','{}', :cursor); END;
4/22/2017 9:52:46 23: LIBQUERY with Callback: 
4/22/2017 9:52:46 23: Path request:/api/environment/
4/22/2017 9:52:46 23: Path header:undefined
4/22/2017 9:52:46 23: Path query:{"USER_NAME":"abe"}
4/22/2017 9:52:46 23: BEGIN PKREQUESTMANAGER.CALLQUERY(23,'CLI0000003','abe','{}', '{abe}','{}', :cursor); END;
4/22/2017 9:52:46 23: 1 Object(s) returned... [FETCH]
4/22/2017 9:52:46 23: [object Object]
4/22/2017 9:52:46 23: 2 Object(s) returned... [FETCH]
4/22/2017 9:52:46 23: [object Object],[object Object]
4/22/2017 9:54:21 24: LIBQUERY with Callback: 
4/22/2017 9:54:21 24: Path request:/api/user/
4/22/2017 9:54:21 24: Path header:undefined
4/22/2017 9:54:21 24: Path query:{"USER_NAME":"abe"}
4/22/2017 9:54:21 24: BEGIN PKREQUESTMANAGER.CALLQUERY(24,'CLI0000002','abe','{}', '{abe}','{}', :cursor); END;
4/22/2017 9:54:22 25: LIBQUERY with Callback: 
4/22/2017 9:54:22 25: Path request:/api/environment/
4/22/2017 9:54:22 25: Path header:undefined
4/22/2017 9:54:22 25: Path query:{"USER_NAME":"abe"}
4/22/2017 9:54:22 25: BEGIN PKREQUESTMANAGER.CALLQUERY(25,'CLI0000003','abe','{}', '{abe}','{}', :cursor); END;
4/22/2017 9:54:22 25: 1 Object(s) returned... [FETCH]
4/22/2017 9:54:22 25: [object Object]
4/22/2017 9:54:22 25: 2 Object(s) returned... [FETCH]
4/22/2017 9:54:22 25: [object Object],[object Object]
4/22/2017 9:54:59 26: LIBQUERY with Callback: 
4/22/2017 9:54:59 26: Path request:/api/user/
4/22/2017 9:54:59 26: Path header:undefined
4/22/2017 9:54:59 26: Path query:{"USER_NAME":"abe"}
4/22/2017 9:54:59 26: BEGIN PKREQUESTMANAGER.CALLQUERY(26,'CLI0000002','abe','{}', '{abe}','{}', :cursor); END;
4/22/2017 9:54:59 27: LIBQUERY with Callback: 
4/22/2017 9:54:59 27: Path request:/api/environment/
4/22/2017 9:54:59 27: Path header:undefined
4/22/2017 9:54:59 27: Path query:{"USER_NAME":"abe"}
4/22/2017 9:54:59 27: BEGIN PKREQUESTMANAGER.CALLQUERY(27,'CLI0000003','abe','{}', '{abe}','{}', :cursor); END;
4/22/2017 9:54:59 27: 1 Object(s) returned... [FETCH]
4/22/2017 9:54:59 27: [object Object]
4/22/2017 9:54:59 27: 2 Object(s) returned... [FETCH]
4/22/2017 9:54:59 27: [object Object],[object Object]
4/22/2017 9:59:29 28: LIBQUERY with Callback: 
4/22/2017 9:59:29 28: Path request:/api/user/
4/22/2017 9:59:29 28: Path header:undefined
4/22/2017 9:59:29 28: Path query:{"USER_NAME":"abe"}
4/22/2017 9:59:29 28: BEGIN PKREQUESTMANAGER.CALLQUERY(28,'CLI0000002','abe','{}', '{abe}','{}', :cursor); END;
4/22/2017 9:59:29 29: LIBQUERY with Callback: 
4/22/2017 9:59:29 29: Path request:/api/environment/
4/22/2017 9:59:29 29: Path header:undefined
4/22/2017 9:59:29 29: Path query:{"USER_NAME":"abe"}
4/22/2017 9:59:29 29: BEGIN PKREQUESTMANAGER.CALLQUERY(29,'CLI0000003','abe','{}', '{abe}','{}', :cursor); END;
4/22/2017 9:59:29 29: 1 Object(s) returned... [FETCH]
4/22/2017 9:59:29 29: [object Object]
4/22/2017 9:59:29 29: 2 Object(s) returned... [FETCH]
4/22/2017 9:59:29 29: [object Object],[object Object]
4/22/2017 9:59:52 30: LIBQUERY with Callback: 
4/22/2017 9:59:52 30: Path request:/api/user/
4/22/2017 9:59:52 30: Path header:undefined
4/22/2017 9:59:52 30: Path query:{"USER_NAME":"abe"}
4/22/2017 9:59:52 30: BEGIN PKREQUESTMANAGER.CALLQUERY(30,'CLI0000002','abe','{}', '{abe}','{}', :cursor); END;
4/22/2017 9:59:52 30: 1 Object(s) returned... [FETCH]
4/22/2017 9:59:52 30: [object Object]
4/22/2017 9:59:52 31: LIBQUERY with Callback: 
4/22/2017 9:59:52 31: Path request:/api/environment/
4/22/2017 9:59:52 31: Path header:undefined
4/22/2017 9:59:52 31: Path query:{"USER_NAME":"abe"}
4/22/2017 9:59:52 31: BEGIN PKREQUESTMANAGER.CALLQUERY(31,'CLI0000003','abe','{}', '{abe}','{}', :cursor); END;
4/22/2017 9:59:52 31: 2 Object(s) returned... [FETCH]
4/22/2017 9:59:52 31: [object Object],[object Object]
4/22/2017 9:59:54 32: LIBQUERY with Callback: 
4/22/2017 9:59:54 32: Path request:/api/counting/2/
4/22/2017 9:59:54 32: Path header:undefined
4/22/2017 9:59:54 32: Path query:{}
4/22/2017 9:59:54 32: BEGIN PKREQUESTMANAGER.CALLQUERY(32,'CNT0000002','abe','{HEINENS_CEN_UAT}', '{undefined}','{HN}', :cursor); END;
4/22/2017 9:59:57 32: 11 Object(s) returned... [FETCH]
4/22/2017 9:59:57 32: [object Object],[object Object],[object Object],[object Object],[object Object],[object Object],[object Object],[object Object],[object Object],[object Object],[object Object]
4/22/2017 10:0:1 33: LIBQUERY with Callback: 
4/22/2017 10:0:1 33: Path request:/api/counting/3/
4/22/2017 10:0:1 33: Path header:undefined
4/22/2017 10:0:1 33: Path query:{"PARAM":["04/18/2017","6"]}
4/22/2017 10:0:1 33: BEGIN PKREQUESTMANAGER.CALLQUERY(33,'CNT0000003','abe','{HEINENS_CEN_UAT}', '{04/18/2017,6}','{HN}', :cursor); END;
4/22/2017 10:0:1 34: LIBQUERY with Callback: 
4/22/2017 10:0:1 34: Path request:/api/counting/4/
4/22/2017 10:0:1 34: Path header:undefined
4/22/2017 10:0:1 34: Path query:{"PARAM":["04/18/2017","6"]}
4/22/2017 10:0:1 34: BEGIN PKREQUESTMANAGER.CALLQUERY(34,'CNT0000004','abe','{HEINENS_CEN_UAT}', '{04/18/2017,6}','{HN}', :cursor); END;
4/22/2017 10:0:1 35: LIBQUERY with Callback: 
4/22/2017 10:0:1 35: Path request:/api/process/
4/22/2017 10:0:1 35: Path header:undefined
4/22/2017 10:0:1 35: Path query:{"PARAM":["04/18/2017","pssti12p","10 6"]}
4/22/2017 10:0:1 35: BEGIN PKREQUESTMANAGER.CALLQUERY(35,'BTH0000001','abe','{HEINENS_CEN_UAT}', '{04/18/2017,pssti12p,10 6}','{HN}', :cursor); END;
4/22/2017 10:0:3 35: 1 Object(s) returned... [FETCH]
4/22/2017 10:0:3 35: [object Object]
4/22/2017 10:0:4 35: 6 Object(s) returned... [FETCH]
4/22/2017 10:0:4 35: [object Object],[object Object],[object Object],[object Object],[object Object],[object Object]
4/22/2017 10:0:5 35: 1 Object(s) returned... [FETCH]
4/22/2017 10:0:5 35: [object Object]
4/22/2017 10:1:49 36: LIBQUERY with Callback: 
4/22/2017 10:1:49 36: Path request:/api/user/
4/22/2017 10:1:49 36: Path header:undefined
4/22/2017 10:1:49 36: Path query:{"USER_NAME":"abe"}
4/22/2017 10:1:49 36: BEGIN PKREQUESTMANAGER.CALLQUERY(36,'CLI0000002','abe','{}', '{abe}','{}', :cursor); END;
4/22/2017 10:1:49 37: LIBQUERY with Callback: 
4/22/2017 10:1:49 37: Path request:/api/environment/
4/22/2017 10:1:49 37: Path header:undefined
4/22/2017 10:1:49 37: Path query:{"USER_NAME":"abe"}
4/22/2017 10:1:49 37: BEGIN PKREQUESTMANAGER.CALLQUERY(37,'CLI0000003','abe','{}', '{abe}','{}', :cursor); END;
4/22/2017 10:1:49 37: 1 Object(s) returned... [FETCH]
4/22/2017 10:1:49 37: [object Object]
4/22/2017 10:1:49 37: 2 Object(s) returned... [FETCH]
4/22/2017 10:1:49 37: [object Object],[object Object]
4/22/2017 10:1:51 38: LIBQUERY with Callback: 
4/22/2017 10:1:51 38: Path request:/api/counting/2/
4/22/2017 10:1:51 38: Path header:undefined
4/22/2017 10:1:51 38: Path query:{}
4/22/2017 10:1:51 38: BEGIN PKREQUESTMANAGER.CALLQUERY(38,'CNT0000002','abe','{HEINENS_CEN_UAT}', '{undefined}','{HN}', :cursor); END;
4/22/2017 10:1:53 38: 11 Object(s) returned... [FETCH]
4/22/2017 10:1:53 38: [object Object],[object Object],[object Object],[object Object],[object Object],[object Object],[object Object],[object Object],[object Object],[object Object],[object Object]
4/22/2017 10:1:55 39: LIBQUERY with Callback: 
4/22/2017 10:1:55 39: Path request:/api/counting/3/
4/22/2017 10:1:55 39: Path header:undefined
4/22/2017 10:1:55 39: Path query:{"PARAM":["04/18/2017","6"]}
4/22/2017 10:1:55 39: BEGIN PKREQUESTMANAGER.CALLQUERY(39,'CNT0000003','abe','{HEINENS_CEN_UAT}', '{04/18/2017,6}','{HN}', :cursor); END;
4/22/2017 10:1:55 40: LIBQUERY with Callback: 
4/22/2017 10:1:55 40: Path request:/api/counting/4/
4/22/2017 10:1:55 40: Path header:undefined
4/22/2017 10:1:55 40: Path query:{"PARAM":["04/18/2017","6"]}
4/22/2017 10:1:55 40: BEGIN PKREQUESTMANAGER.CALLQUERY(40,'CNT0000004','abe','{HEINENS_CEN_UAT}', '{04/18/2017,6}','{HN}', :cursor); END;
4/22/2017 10:1:55 41: LIBQUERY with Callback: 
4/22/2017 10:1:55 41: Path request:/api/process/
4/22/2017 10:1:55 41: Path header:undefined
4/22/2017 10:1:55 41: Path query:{"PARAM":["04/18/2017","pssti12p","10 6"]}
4/22/2017 10:1:55 41: BEGIN PKREQUESTMANAGER.CALLQUERY(41,'BTH0000001','abe','{HEINENS_CEN_UAT}', '{04/18/2017,pssti12p,10 6}','{HN}', :cursor); END;
4/22/2017 10:1:57 41: 1 Object(s) returned... [FETCH]
4/22/2017 10:1:57 41: [object Object]
4/22/2017 10:1:58 41: 1 Object(s) returned... [FETCH]
4/22/2017 10:1:58 41: [object Object]
4/22/2017 10:2:0 41: 6 Object(s) returned... [FETCH]
4/22/2017 10:2:0 41: [object Object],[object Object],[object Object],[object Object],[object Object],[object Object]
4/22/2017 10:3:48 42: LIBQUERY with Callback: 
4/22/2017 10:3:48 42: Path request:/api/user/
4/22/2017 10:3:48 42: Path header:undefined
4/22/2017 10:3:48 42: Path query:{"USER_NAME":"abe"}
4/22/2017 10:3:48 42: BEGIN PKREQUESTMANAGER.CALLQUERY(42,'CLI0000002','abe','{}', '{abe}','{}', :cursor); END;
4/22/2017 10:3:48 43: LIBQUERY with Callback: 
4/22/2017 10:3:48 43: Path request:/api/environment/
4/22/2017 10:3:48 43: Path header:undefined
4/22/2017 10:3:48 43: Path query:{"USER_NAME":"abe"}
4/22/2017 10:3:48 43: BEGIN PKREQUESTMANAGER.CALLQUERY(43,'CLI0000003','abe','{}', '{abe}','{}', :cursor); END;
4/22/2017 10:3:48 43: 1 Object(s) returned... [FETCH]
4/22/2017 10:3:48 43: [object Object]
4/22/2017 10:3:48 43: 2 Object(s) returned... [FETCH]
4/22/2017 10:3:48 43: [object Object],[object Object]
4/22/2017 10:4:43 44: LIBQUERY with Callback: 
4/22/2017 10:4:43 44: Path request:/api/user/
4/22/2017 10:4:43 44: Path header:undefined
4/22/2017 10:4:43 44: Path query:{"USER_NAME":"abe"}
4/22/2017 10:4:43 44: BEGIN PKREQUESTMANAGER.CALLQUERY(44,'CLI0000002','abe','{}', '{abe}','{}', :cursor); END;
4/22/2017 10:4:43 45: LIBQUERY with Callback: 
4/22/2017 10:4:43 45: Path request:/api/environment/
4/22/2017 10:4:43 45: Path header:undefined
4/22/2017 10:4:43 45: Path query:{"USER_NAME":"abe"}
4/22/2017 10:4:43 45: BEGIN PKREQUESTMANAGER.CALLQUERY(45,'CLI0000003','abe','{}', '{abe}','{}', :cursor); END;
4/22/2017 10:4:43 45: 1 Object(s) returned... [FETCH]
4/22/2017 10:4:43 45: [object Object]
4/22/2017 10:4:43 45: 2 Object(s) returned... [FETCH]
4/22/2017 10:4:43 45: [object Object],[object Object]
4/22/2017 10:5:32 46: LIBQUERY with Callback: 
4/22/2017 10:5:32 46: Path request:/api/user/
4/22/2017 10:5:32 46: Path header:undefined
4/22/2017 10:5:32 46: Path query:{"USER_NAME":"abe"}
4/22/2017 10:5:32 46: BEGIN PKREQUESTMANAGER.CALLQUERY(46,'CLI0000002','abe','{}', '{abe}','{}', :cursor); END;
4/22/2017 10:5:32 47: LIBQUERY with Callback: 
4/22/2017 10:5:32 47: Path request:/api/environment/
4/22/2017 10:5:32 47: Path header:undefined
4/22/2017 10:5:32 47: Path query:{"USER_NAME":"abe"}
4/22/2017 10:5:32 47: BEGIN PKREQUESTMANAGER.CALLQUERY(47,'CLI0000003','abe','{}', '{abe}','{}', :cursor); END;
4/22/2017 10:5:32 47: 1 Object(s) returned... [FETCH]
4/22/2017 10:5:32 47: [object Object]
4/22/2017 10:5:32 47: 2 Object(s) returned... [FETCH]
4/22/2017 10:5:32 47: [object Object],[object Object]
4/22/2017 10:5:35 48: LIBQUERY with Callback: 
4/22/2017 10:5:35 48: Path request:/api/counting/2/
4/22/2017 10:5:35 48: Path header:undefined
4/22/2017 10:5:35 48: Path query:{}
4/22/2017 10:5:35 48: BEGIN PKREQUESTMANAGER.CALLQUERY(48,'CNT0000002','abe','{HEINENS_CEN_UAT}', '{undefined}','{HN}', :cursor); END;
4/22/2017 10:5:37 48: 11 Object(s) returned... [FETCH]
4/22/2017 10:5:37 48: [object Object],[object Object],[object Object],[object Object],[object Object],[object Object],[object Object],[object Object],[object Object],[object Object],[object Object]
4/22/2017 10:5:39 49: LIBQUERY with Callback: 
4/22/2017 10:5:39 49: Path request:/api/counting/3/
4/22/2017 10:5:39 49: Path header:undefined
4/22/2017 10:5:39 49: Path query:{"PARAM":["04/18/2017","6"]}
4/22/2017 10:5:39 49: BEGIN PKREQUESTMANAGER.CALLQUERY(49,'CNT0000003','abe','{HEINENS_CEN_UAT}', '{04/18/2017,6}','{HN}', :cursor); END;
4/22/2017 10:5:39 50: LIBQUERY with Callback: 
4/22/2017 10:5:39 50: Path request:/api/counting/4/
4/22/2017 10:5:39 50: Path header:undefined
4/22/2017 10:5:39 50: Path query:{"PARAM":["04/18/2017","6"]}
4/22/2017 10:5:39 50: BEGIN PKREQUESTMANAGER.CALLQUERY(50,'CNT0000004','abe','{HEINENS_CEN_UAT}', '{04/18/2017,6}','{HN}', :cursor); END;
4/22/2017 10:5:39 51: LIBQUERY with Callback: 
4/22/2017 10:5:39 51: Path request:/api/process/
4/22/2017 10:5:39 51: Path header:undefined
4/22/2017 10:5:39 51: Path query:{"PARAM":["04/18/2017","pssti12p","10 6"]}
4/22/2017 10:5:39 51: BEGIN PKREQUESTMANAGER.CALLQUERY(51,'BTH0000001','abe','{HEINENS_CEN_UAT}', '{04/18/2017,pssti12p,10 6}','{HN}', :cursor); END;
4/22/2017 10:5:41 51: 1 Object(s) returned... [FETCH]
4/22/2017 10:5:41 51: [object Object]
4/22/2017 10:5:41 51: 1 Object(s) returned... [FETCH]
4/22/2017 10:5:41 51: [object Object]
4/22/2017 10:5:42 51: 6 Object(s) returned... [FETCH]
4/22/2017 10:5:42 51: [object Object],[object Object],[object Object],[object Object],[object Object],[object Object]
4/22/2017 10:6:34 52: LIBQUERY with Callback: 
4/22/2017 10:6:34 52: Path request:/api/user/
4/22/2017 10:6:34 52: Path header:undefined
4/22/2017 10:6:34 52: Path query:{"USER_NAME":"abe"}
4/22/2017 10:6:34 52: BEGIN PKREQUESTMANAGER.CALLQUERY(52,'CLI0000002','abe','{}', '{abe}','{}', :cursor); END;
4/22/2017 10:6:34 53: LIBQUERY with Callback: 
4/22/2017 10:6:34 53: Path request:/api/environment/
4/22/2017 10:6:34 53: Path header:undefined
4/22/2017 10:6:34 53: Path query:{"USER_NAME":"abe"}
4/22/2017 10:6:34 53: BEGIN PKREQUESTMANAGER.CALLQUERY(53,'CLI0000003','abe','{}', '{abe}','{}', :cursor); END;
4/22/2017 10:6:34 53: 1 Object(s) returned... [FETCH]
4/22/2017 10:6:34 53: [object Object]
4/22/2017 10:6:34 53: 2 Object(s) returned... [FETCH]
4/22/2017 10:6:34 53: [object Object],[object Object]
4/22/2017 10:7:2 54: LIBQUERY with Callback: 
4/22/2017 10:7:2 54: Path request:/api/user/
4/22/2017 10:7:2 54: Path header:undefined
4/22/2017 10:7:2 54: Path query:{"USER_NAME":"abe"}
4/22/2017 10:7:2 54: BEGIN PKREQUESTMANAGER.CALLQUERY(54,'CLI0000002','abe','{}', '{abe}','{}', :cursor); END;
4/22/2017 10:7:2 55: LIBQUERY with Callback: 
4/22/2017 10:7:2 55: Path request:/api/environment/
4/22/2017 10:7:2 55: Path header:undefined
4/22/2017 10:7:2 55: Path query:{"USER_NAME":"abe"}
4/22/2017 10:7:2 55: BEGIN PKREQUESTMANAGER.CALLQUERY(55,'CLI0000003','abe','{}', '{abe}','{}', :cursor); END;
4/22/2017 10:7:2 55: 1 Object(s) returned... [FETCH]
4/22/2017 10:7:2 55: [object Object]
4/22/2017 10:7:2 55: 2 Object(s) returned... [FETCH]
4/22/2017 10:7:2 55: [object Object],[object Object]
4/22/2017 10:7:4 56: LIBQUERY with Callback: 
4/22/2017 10:7:4 56: Path request:/api/counting/2/
4/22/2017 10:7:4 56: Path header:undefined
4/22/2017 10:7:4 56: Path query:{}
4/22/2017 10:7:4 56: BEGIN PKREQUESTMANAGER.CALLQUERY(56,'CNT0000002','abe','{HEINENS_CEN_UAT}', '{undefined}','{HN}', :cursor); END;
4/22/2017 10:7:7 56: 11 Object(s) returned... [FETCH]
4/22/2017 10:7:7 56: [object Object],[object Object],[object Object],[object Object],[object Object],[object Object],[object Object],[object Object],[object Object],[object Object],[object Object]
4/22/2017 10:7:8 57: LIBQUERY with Callback: 
4/22/2017 10:7:8 57: Path request:/api/counting/3/
4/22/2017 10:7:8 57: Path header:undefined
4/22/2017 10:7:8 57: Path query:{"PARAM":["04/18/2017","6"]}
4/22/2017 10:7:8 57: BEGIN PKREQUESTMANAGER.CALLQUERY(57,'CNT0000003','abe','{HEINENS_CEN_UAT}', '{04/18/2017,6}','{HN}', :cursor); END;
4/22/2017 10:7:8 58: LIBQUERY with Callback: 
4/22/2017 10:7:8 58: Path request:/api/counting/4/
4/22/2017 10:7:8 58: Path header:undefined
4/22/2017 10:7:8 58: Path query:{"PARAM":["04/18/2017","6"]}
4/22/2017 10:7:8 58: BEGIN PKREQUESTMANAGER.CALLQUERY(58,'CNT0000004','abe','{HEINENS_CEN_UAT}', '{04/18/2017,6}','{HN}', :cursor); END;
4/22/2017 10:7:8 59: LIBQUERY with Callback: 
4/22/2017 10:7:8 59: Path request:/api/process/
4/22/2017 10:7:8 59: Path header:undefined
4/22/2017 10:7:8 59: Path query:{"PARAM":["04/18/2017","pssti12p","10 6"]}
4/22/2017 10:7:8 59: BEGIN PKREQUESTMANAGER.CALLQUERY(59,'BTH0000001','abe','{HEINENS_CEN_UAT}', '{04/18/2017,pssti12p,10 6}','{HN}', :cursor); END;
4/22/2017 10:7:10 59: 1 Object(s) returned... [FETCH]
4/22/2017 10:7:10 59: [object Object]
4/22/2017 10:7:10 59: 6 Object(s) returned... [FETCH]
4/22/2017 10:7:10 59: [object Object],[object Object],[object Object],[object Object],[object Object],[object Object]
4/22/2017 10:7:11 59: 1 Object(s) returned... [FETCH]
4/22/2017 10:7:11 59: [object Object]
4/22/2017 10:10:43 60: LIBQUERY with Callback: 
4/22/2017 10:10:43 60: Path request:/api/user/
4/22/2017 10:10:43 60: Path header:undefined
4/22/2017 10:10:43 60: Path query:{"USER_NAME":"abe"}
4/22/2017 10:10:43 60: BEGIN PKREQUESTMANAGER.CALLQUERY(60,'CLI0000002','abe','{}', '{abe}','{}', :cursor); END;
4/22/2017 10:10:43 61: LIBQUERY with Callback: 
4/22/2017 10:10:43 61: Path request:/api/environment/
4/22/2017 10:10:43 61: Path header:undefined
4/22/2017 10:10:43 61: Path query:{"USER_NAME":"abe"}
4/22/2017 10:10:43 61: BEGIN PKREQUESTMANAGER.CALLQUERY(61,'CLI0000003','abe','{}', '{abe}','{}', :cursor); END;
4/22/2017 10:10:43 61: 1 Object(s) returned... [FETCH]
4/22/2017 10:10:43 61: [object Object]
4/22/2017 10:10:43 61: 2 Object(s) returned... [FETCH]
4/22/2017 10:10:43 61: [object Object],[object Object]
4/22/2017 10:10:44 62: LIBQUERY with Callback: 
4/22/2017 10:10:44 62: Path request:/api/counting/2/
4/22/2017 10:10:44 62: Path header:undefined
4/22/2017 10:10:44 62: Path query:{}
4/22/2017 10:10:44 62: BEGIN PKREQUESTMANAGER.CALLQUERY(62,'CNT0000002','abe','{HEINENS_CEN_UAT}', '{undefined}','{HN}', :cursor); END;
4/22/2017 10:10:46 62: 11 Object(s) returned... [FETCH]
4/22/2017 10:10:46 62: [object Object],[object Object],[object Object],[object Object],[object Object],[object Object],[object Object],[object Object],[object Object],[object Object],[object Object]
4/22/2017 10:10:48 63: LIBQUERY with Callback: 
4/22/2017 10:10:48 63: Path request:/api/counting/3/
4/22/2017 10:10:48 63: Path header:undefined
4/22/2017 10:10:48 63: Path query:{"PARAM":["04/18/2017","6"]}
4/22/2017 10:10:48 63: BEGIN PKREQUESTMANAGER.CALLQUERY(63,'CNT0000003','abe','{HEINENS_CEN_UAT}', '{04/18/2017,6}','{HN}', :cursor); END;
4/22/2017 10:10:48 64: LIBQUERY with Callback: 
4/22/2017 10:10:48 64: Path request:/api/counting/4/
4/22/2017 10:10:48 64: Path header:undefined
4/22/2017 10:10:48 64: Path query:{"PARAM":["04/18/2017","6"]}
4/22/2017 10:10:48 64: BEGIN PKREQUESTMANAGER.CALLQUERY(64,'CNT0000004','abe','{HEINENS_CEN_UAT}', '{04/18/2017,6}','{HN}', :cursor); END;
4/22/2017 10:10:50 64: 1 Object(s) returned... [FETCH]
4/22/2017 10:10:50 64: [object Object]
4/22/2017 10:10:50 65: LIBQUERY with Callback: 
4/22/2017 10:10:50 65: Path request:/api/process/
4/22/2017 10:10:50 65: Path header:undefined
4/22/2017 10:10:50 65: Path query:{"PARAM":["2017-04-20T04:00:00.000Z","pssti12p","10 6"]}
4/22/2017 10:10:50 65: BEGIN PKREQUESTMANAGER.CALLQUERY(65,'BTH0000001','abe','{HEINENS_CEN_UAT}', '{2017-04-20T04:00:00.000Z,pssti12p,10 6}','{HN}', :cursor); END;
4/22/2017 10:11:6 66: LIBQUERY with Callback: 
4/22/2017 10:11:6 66: Path request:/api/counting/2/
4/22/2017 10:11:6 66: Path header:undefined
4/22/2017 10:11:6 66: Path query:{}
4/22/2017 10:11:6 66: BEGIN PKREQUESTMANAGER.CALLQUERY(66,'CNT0000002','abe','{HEINENS_CEN_UAT}', '{undefined}','{HN}', :cursor); END;
4/22/2017 10:11:25 1: LIBQUERY with Callback: 
4/22/2017 10:11:25 1: Path request:/api/counting/2/
4/22/2017 10:11:25 1: Path header:undefined
4/22/2017 10:11:25 1: Path query:{}
4/22/2017 10:11:25 1: BEGIN PKREQUESTMANAGER.CALLQUERY(1,'CNT0000002','abe','{HEINENS_CEN_UAT}', '{undefined}','{HN}', :cursor); END;
4/22/2017 10:11:29 1: 11 Object(s) returned... [FETCH]
4/22/2017 10:11:29 1: [object Object],[object Object],[object Object],[object Object],[object Object],[object Object],[object Object],[object Object],[object Object],[object Object],[object Object]
4/22/2017 10:11:32 2: LIBQUERY with Callback: 
4/22/2017 10:11:32 2: Path request:/api/counting/3/
4/22/2017 10:11:32 2: Path header:undefined
4/22/2017 10:11:32 2: Path query:{"PARAM":["04/18/2017","6"]}
4/22/2017 10:11:32 2: BEGIN PKREQUESTMANAGER.CALLQUERY(2,'CNT0000003','abe','{HEINENS_CEN_UAT}', '{04/18/2017,6}','{HN}', :cursor); END;
4/22/2017 10:11:32 3: LIBQUERY with Callback: 
4/22/2017 10:11:32 3: Path request:/api/counting/4/
4/22/2017 10:11:32 3: Path header:undefined
4/22/2017 10:11:32 3: Path query:{"PARAM":["04/18/2017","6"]}
4/22/2017 10:11:32 3: BEGIN PKREQUESTMANAGER.CALLQUERY(3,'CNT0000004','abe','{HEINENS_CEN_UAT}', '{04/18/2017,6}','{HN}', :cursor); END;
4/22/2017 10:11:34 3: 6 Object(s) returned... [FETCH]
4/22/2017 10:11:34 3: [object Object],[object Object],[object Object],[object Object],[object Object],[object Object]
4/22/2017 10:11:34 3: 1 Object(s) returned... [FETCH]
4/22/2017 10:11:34 3: [object Object]
4/22/2017 10:11:34 4: LIBQUERY with Callback: 
4/22/2017 10:11:34 4: Path request:/api/process/
4/22/2017 10:11:34 4: Path header:undefined
4/22/2017 10:11:34 4: Path query:{"PARAM":["2017-04-20T04:00:00.000Z","pssti12p","10 6"]}
4/22/2017 10:11:34 4: BEGIN PKREQUESTMANAGER.CALLQUERY(4,'BTH0000001','abe','{HEINENS_CEN_UAT}', '{2017-04-20T04:00:00.000Z,pssti12p,10 6}','{HN}', :cursor); END;
4/22/2017 10:12:18 5: LIBQUERY with Callback: 
4/22/2017 10:12:18 5: Path request:/api/counting/3/
4/22/2017 10:12:18 5: Path header:undefined
4/22/2017 10:12:18 5: Path query:{"PARAM":["04/18/2017","6"]}
4/22/2017 10:12:18 5: BEGIN PKREQUESTMANAGER.CALLQUERY(5,'CNT0000003','abe','{HEINENS_CEN_UAT}', '{04/18/2017,6}','{HN}', :cursor); END;
4/22/2017 10:12:18 6: LIBQUERY with Callback: 
4/22/2017 10:12:18 6: Path request:/api/counting/4/
4/22/2017 10:12:18 6: Path header:undefined
4/22/2017 10:12:18 6: Path query:{"PARAM":["04/18/2017","6"]}
4/22/2017 10:12:18 6: BEGIN PKREQUESTMANAGER.CALLQUERY(6,'CNT0000004','abe','{HEINENS_CEN_UAT}', '{04/18/2017,6}','{HN}', :cursor); END;
4/22/2017 10:12:21 6: 6 Object(s) returned... [FETCH]
4/22/2017 10:12:21 6: [object Object],[object Object],[object Object],[object Object],[object Object],[object Object]
4/22/2017 10:12:21 6: 1 Object(s) returned... [FETCH]
4/22/2017 10:12:21 6: [object Object]
4/22/2017 10:12:21 7: LIBQUERY with Callback: 
4/22/2017 10:12:21 7: Path request:/api/process/
4/22/2017 10:12:21 7: Path header:undefined
4/22/2017 10:12:21 7: Path query:{"PARAM":["2017-04-20T04:00:00.000Z","pssti12p","10 6"]}
4/22/2017 10:12:21 7: BEGIN PKREQUESTMANAGER.CALLQUERY(7,'BTH0000001','abe','{HEINENS_CEN_UAT}', '{2017-04-20T04:00:00.000Z,pssti12p,10 6}','{HN}', :cursor); END;
4/22/2017 10:13:20 8: LIBQUERY with Callback: 
4/22/2017 10:13:20 8: Path request:/api/user/
4/22/2017 10:13:20 8: Path header:undefined
4/22/2017 10:13:20 8: Path query:{"USER_NAME":"abe"}
4/22/2017 10:13:20 8: BEGIN PKREQUESTMANAGER.CALLQUERY(8,'CLI0000002','abe','{}', '{abe}','{}', :cursor); END;
4/22/2017 10:13:20 9: LIBQUERY with Callback: 
4/22/2017 10:13:20 9: Path request:/api/environment/
4/22/2017 10:13:20 9: Path header:undefined
4/22/2017 10:13:20 9: Path query:{"USER_NAME":"abe"}
4/22/2017 10:13:20 9: BEGIN PKREQUESTMANAGER.CALLQUERY(9,'CLI0000003','abe','{}', '{abe}','{}', :cursor); END;
4/22/2017 10:13:20 9: 1 Object(s) returned... [FETCH]
4/22/2017 10:13:20 9: [object Object]
4/22/2017 10:13:20 9: 2 Object(s) returned... [FETCH]
4/22/2017 10:13:20 9: [object Object],[object Object]
4/22/2017 10:13:25 10: LIBQUERY with Callback: 
4/22/2017 10:13:25 10: Path request:/api/counting/2/
4/22/2017 10:13:25 10: Path header:undefined
4/22/2017 10:13:25 10: Path query:{}
4/22/2017 10:13:25 10: BEGIN PKREQUESTMANAGER.CALLQUERY(10,'CNT0000002','abe','{HEINENS_CEN_UAT}', '{undefined}','{HN}', :cursor); END;
4/22/2017 10:13:28 10: 11 Object(s) returned... [FETCH]
4/22/2017 10:13:28 10: [object Object],[object Object],[object Object],[object Object],[object Object],[object Object],[object Object],[object Object],[object Object],[object Object],[object Object]
4/22/2017 10:13:32 11: LIBQUERY with Callback: 
4/22/2017 10:13:32 11: Path request:/api/counting/3/
4/22/2017 10:13:32 11: Path header:undefined
4/22/2017 10:13:32 11: Path query:{"PARAM":["04/18/2017","6"]}
4/22/2017 10:13:32 11: BEGIN PKREQUESTMANAGER.CALLQUERY(11,'CNT0000003','abe','{HEINENS_CEN_UAT}', '{04/18/2017,6}','{HN}', :cursor); END;
4/22/2017 10:13:32 12: LIBQUERY with Callback: 
4/22/2017 10:13:32 12: Path request:/api/counting/4/
4/22/2017 10:13:32 12: Path header:undefined
4/22/2017 10:13:32 12: Path query:{"PARAM":["04/18/2017","6"]}
4/22/2017 10:13:32 12: BEGIN PKREQUESTMANAGER.CALLQUERY(12,'CNT0000004','abe','{HEINENS_CEN_UAT}', '{04/18/2017,6}','{HN}', :cursor); END;
4/22/2017 10:13:34 12: 6 Object(s) returned... [FETCH]
4/22/2017 10:13:34 12: [object Object],[object Object],[object Object],[object Object],[object Object],[object Object]
4/22/2017 10:13:36 12: 1 Object(s) returned... [FETCH]
4/22/2017 10:13:36 12: [object Object]
4/22/2017 10:13:36 13: LIBQUERY with Callback: 
4/22/2017 10:13:36 13: Path request:/api/process/
4/22/2017 10:13:36 13: Path header:undefined
4/22/2017 10:13:36 13: Path query:{"PARAM":["2017-04-20T04:00:00.000Z","pssti12p","10 6"]}
4/22/2017 10:13:36 13: BEGIN PKREQUESTMANAGER.CALLQUERY(13,'BTH0000001','abe','{HEINENS_CEN_UAT}', '{2017-04-20T04:00:00.000Z,pssti12p,10 6}','{HN}', :cursor); END;
4/22/2017 10:16:30 1: LIBQUERY with Callback: 
4/22/2017 10:16:30 1: Path request:/api/counting/3/
4/22/2017 10:16:30 1: Path header:undefined
4/22/2017 10:16:30 1: Path query:{"PARAM":["04/18/2017","6"]}
4/22/2017 10:16:30 1: BEGIN PKREQUESTMANAGER.CALLQUERY(1,'CNT0000003','abe','{HEINENS_CEN_UAT}', '{04/18/2017,6}','{HN}', :cursor); END;
4/22/2017 10:16:30 2: LIBQUERY with Callback: 
4/22/2017 10:16:30 2: Path request:/api/counting/4/
4/22/2017 10:16:30 2: Path header:undefined
4/22/2017 10:16:30 2: Path query:{"PARAM":["04/18/2017","6"]}
4/22/2017 10:16:30 2: BEGIN PKREQUESTMANAGER.CALLQUERY(2,'CNT0000004','abe','{HEINENS_CEN_UAT}', '{04/18/2017,6}','{HN}', :cursor); END;
4/22/2017 10:16:33 2: 6 Object(s) returned... [FETCH]
4/22/2017 10:16:33 2: [object Object],[object Object],[object Object],[object Object],[object Object],[object Object]
4/22/2017 10:16:34 2: 1 Object(s) returned... [FETCH]
4/22/2017 10:16:34 2: [object Object]
4/22/2017 10:16:34 3: LIBQUERY with Callback: 
4/22/2017 10:16:34 3: Path request:/api/process/
4/22/2017 10:16:34 3: Path header:undefined
4/22/2017 10:16:34 3: Path query:{"PARAM":["2017-04-20T04:00:00.000Z","pssti12p","10 6"]}
4/22/2017 10:16:34 3: BEGIN PKREQUESTMANAGER.CALLQUERY(3,'BTH0000001','abe','{HEINENS_CEN_UAT}', '{2017-04-20T04:00:00.000Z,pssti12p,10 6}','{HN}', :cursor); END;
4/22/2017 10:18:24 4: LIBQUERY with Callback: 
4/22/2017 10:18:24 4: Path request:/api/user/
4/22/2017 10:18:24 4: Path header:undefined
4/22/2017 10:18:24 4: Path query:{"USER_NAME":"abe"}
4/22/2017 10:18:24 4: BEGIN PKREQUESTMANAGER.CALLQUERY(4,'CLI0000002','abe','{}', '{abe}','{}', :cursor); END;
4/22/2017 10:18:24 5: LIBQUERY with Callback: 
4/22/2017 10:18:24 5: Path request:/api/environment/
4/22/2017 10:18:24 5: Path header:undefined
4/22/2017 10:18:24 5: Path query:{"USER_NAME":"abe"}
4/22/2017 10:18:24 5: BEGIN PKREQUESTMANAGER.CALLQUERY(5,'CLI0000003','abe','{}', '{abe}','{}', :cursor); END;
4/22/2017 10:18:24 5: 1 Object(s) returned... [FETCH]
4/22/2017 10:18:24 5: [object Object]
4/22/2017 10:18:24 5: 2 Object(s) returned... [FETCH]
4/22/2017 10:18:24 5: [object Object],[object Object]
4/22/2017 10:19:23 6: LIBQUERY with Callback: 
4/22/2017 10:19:23 6: Path request:/api/user/
4/22/2017 10:19:23 6: Path header:undefined
4/22/2017 10:19:23 6: Path query:{"USER_NAME":"abe"}
4/22/2017 10:19:23 6: BEGIN PKREQUESTMANAGER.CALLQUERY(6,'CLI0000002','abe','{}', '{abe}','{}', :cursor); END;
4/22/2017 10:19:23 7: LIBQUERY with Callback: 
4/22/2017 10:19:23 7: Path request:/api/environment/
4/22/2017 10:19:23 7: Path header:undefined
4/22/2017 10:19:23 7: Path query:{"USER_NAME":"abe"}
4/22/2017 10:19:23 7: BEGIN PKREQUESTMANAGER.CALLQUERY(7,'CLI0000003','abe','{}', '{abe}','{}', :cursor); END;
4/22/2017 10:19:23 7: 1 Object(s) returned... [FETCH]
4/22/2017 10:19:23 7: [object Object]
4/22/2017 10:19:23 7: 2 Object(s) returned... [FETCH]
4/22/2017 10:19:23 7: [object Object],[object Object]
4/22/2017 10:19:54 8: LIBQUERY with Callback: 
4/22/2017 10:19:54 8: Path request:/api/user/
4/22/2017 10:19:54 8: Path header:undefined
4/22/2017 10:19:54 8: Path query:{"USER_NAME":"abe"}
4/22/2017 10:19:54 8: BEGIN PKREQUESTMANAGER.CALLQUERY(8,'CLI0000002','abe','{}', '{abe}','{}', :cursor); END;
4/22/2017 10:19:54 9: LIBQUERY with Callback: 
4/22/2017 10:19:54 9: Path request:/api/environment/
4/22/2017 10:19:54 9: Path header:undefined
4/22/2017 10:19:54 9: Path query:{"USER_NAME":"abe"}
4/22/2017 10:19:54 9: BEGIN PKREQUESTMANAGER.CALLQUERY(9,'CLI0000003','abe','{}', '{abe}','{}', :cursor); END;
4/22/2017 10:19:54 9: 1 Object(s) returned... [FETCH]
4/22/2017 10:19:54 9: [object Object]
4/22/2017 10:19:54 9: 2 Object(s) returned... [FETCH]
4/22/2017 10:19:54 9: [object Object],[object Object]
4/22/2017 10:19:56 10: LIBQUERY with Callback: 
4/22/2017 10:19:56 10: Path request:/api/counting/2/
4/22/2017 10:19:56 10: Path header:undefined
4/22/2017 10:19:56 10: Path query:{}
4/22/2017 10:19:56 10: BEGIN PKREQUESTMANAGER.CALLQUERY(10,'CNT0000002','abe','{HEINENS_CEN_UAT}', '{undefined}','{HN}', :cursor); END;
4/22/2017 10:19:59 10: 11 Object(s) returned... [FETCH]
4/22/2017 10:19:59 10: [object Object],[object Object],[object Object],[object Object],[object Object],[object Object],[object Object],[object Object],[object Object],[object Object],[object Object]
4/22/2017 10:20:4 11: LIBQUERY with Callback: 
4/22/2017 10:20:4 11: Path request:/api/counting/3/
4/22/2017 10:20:4 11: Path header:undefined
4/22/2017 10:20:4 11: Path query:{"PARAM":["04/18/2017","6"]}
4/22/2017 10:20:4 11: BEGIN PKREQUESTMANAGER.CALLQUERY(11,'CNT0000003','abe','{HEINENS_CEN_UAT}', '{04/18/2017,6}','{HN}', :cursor); END;
4/22/2017 10:20:4 12: LIBQUERY with Callback: 
4/22/2017 10:20:4 12: Path request:/api/counting/4/
4/22/2017 10:20:4 12: Path header:undefined
4/22/2017 10:20:4 12: Path query:{"PARAM":["04/18/2017","6"]}
4/22/2017 10:20:4 12: BEGIN PKREQUESTMANAGER.CALLQUERY(12,'CNT0000004','abe','{HEINENS_CEN_UAT}', '{04/18/2017,6}','{HN}', :cursor); END;
4/22/2017 10:20:6 12: 1 Object(s) returned... [FETCH]
4/22/2017 10:20:6 12: [object Object]
4/22/2017 10:20:6 13: LIBQUERY with Callback: 
4/22/2017 10:20:6 13: Path request:/api/process/
4/22/2017 10:20:6 13: Path header:undefined
4/22/2017 10:20:6 13: Path query:{"PARAM":["04/20/2017","pssti12p","10 6"]}
4/22/2017 10:20:6 13: BEGIN PKREQUESTMANAGER.CALLQUERY(13,'BTH0000001','abe','{HEINENS_CEN_UAT}', '{04/20/2017,pssti12p,10 6}','{HN}', :cursor); END;
4/22/2017 10:20:10 13: 6 Object(s) returned... [FETCH]
4/22/2017 10:20:10 13: [object Object],[object Object],[object Object],[object Object],[object Object],[object Object]
4/22/2017 10:20:16 13: 0 Object(s) returned... [FETCH] :)
4/22/2017 10:23:16 14: LIBQUERY with Callback: 
4/22/2017 10:23:16 14: Path request:/api/user/
4/22/2017 10:23:16 14: Path header:undefined
4/22/2017 10:23:16 14: Path query:{"USER_NAME":"abe"}
4/22/2017 10:23:16 14: BEGIN PKREQUESTMANAGER.CALLQUERY(14,'CLI0000002','abe','{}', '{abe}','{}', :cursor); END;
4/22/2017 10:23:16 15: LIBQUERY with Callback: 
4/22/2017 10:23:16 15: Path request:/api/environment/
4/22/2017 10:23:16 15: Path header:undefined
4/22/2017 10:23:16 15: Path query:{"USER_NAME":"abe"}
4/22/2017 10:23:16 15: BEGIN PKREQUESTMANAGER.CALLQUERY(15,'CLI0000003','abe','{}', '{abe}','{}', :cursor); END;
4/22/2017 10:23:16 15: 1 Object(s) returned... [FETCH]
4/22/2017 10:23:16 15: [object Object]
4/22/2017 10:23:16 15: 2 Object(s) returned... [FETCH]
4/22/2017 10:23:16 15: [object Object],[object Object]
4/22/2017 10:23:39 16: LIBQUERY with Callback: 
4/22/2017 10:23:39 16: Path request:/api/user/
4/22/2017 10:23:39 16: Path header:undefined
4/22/2017 10:23:39 16: Path query:{"USER_NAME":"abe"}
4/22/2017 10:23:39 16: BEGIN PKREQUESTMANAGER.CALLQUERY(16,'CLI0000002','abe','{}', '{abe}','{}', :cursor); END;
4/22/2017 10:23:39 17: LIBQUERY with Callback: 
4/22/2017 10:23:39 17: Path request:/api/environment/
4/22/2017 10:23:39 17: Path header:undefined
4/22/2017 10:23:39 17: Path query:{"USER_NAME":"abe"}
4/22/2017 10:23:39 17: BEGIN PKREQUESTMANAGER.CALLQUERY(17,'CLI0000003','abe','{}', '{abe}','{}', :cursor); END;
4/22/2017 10:23:39 17: 1 Object(s) returned... [FETCH]
4/22/2017 10:23:39 17: [object Object]
4/22/2017 10:23:39 17: 2 Object(s) returned... [FETCH]
4/22/2017 10:23:39 17: [object Object],[object Object]
4/22/2017 10:24:56 18: LIBQUERY with Callback: 
4/22/2017 10:24:56 18: Path request:/api/counting/2/
4/22/2017 10:24:56 18: Path header:undefined
4/22/2017 10:24:56 18: Path query:{}
4/22/2017 10:24:56 18: BEGIN PKREQUESTMANAGER.CALLQUERY(18,'CNT0000002','abe','{HEINENS_CEN_UAT}', '{undefined}','{HN}', :cursor); END;
4/22/2017 10:24:59 18: 11 Object(s) returned... [FETCH]
4/22/2017 10:24:59 18: [object Object],[object Object],[object Object],[object Object],[object Object],[object Object],[object Object],[object Object],[object Object],[object Object],[object Object]
4/22/2017 10:25:2 19: LIBQUERY with Callback: 
4/22/2017 10:25:2 19: Path request:/api/counting/3/
4/22/2017 10:25:2 19: Path header:undefined
4/22/2017 10:25:2 19: Path query:{"PARAM":["04/18/2017","6"]}
4/22/2017 10:25:2 19: BEGIN PKREQUESTMANAGER.CALLQUERY(19,'CNT0000003','abe','{HEINENS_CEN_UAT}', '{04/18/2017,6}','{HN}', :cursor); END;
4/22/2017 10:25:2 20: LIBQUERY with Callback: 
4/22/2017 10:25:2 20: Path request:/api/counting/4/
4/22/2017 10:25:2 20: Path header:undefined
4/22/2017 10:25:2 20: Path query:{"PARAM":["04/18/2017","6"]}
4/22/2017 10:25:2 20: BEGIN PKREQUESTMANAGER.CALLQUERY(20,'CNT0000004','abe','{HEINENS_CEN_UAT}', '{04/18/2017,6}','{HN}', :cursor); END;
4/22/2017 10:25:4 20: 6 Object(s) returned... [FETCH]
4/22/2017 10:25:4 20: [object Object],[object Object],[object Object],[object Object],[object Object],[object Object]
4/22/2017 10:25:4 20: 1 Object(s) returned... [FETCH]
4/22/2017 10:25:4 20: [object Object]
4/22/2017 10:25:4 21: LIBQUERY with Callback: 
4/22/2017 10:25:4 21: Path request:/api/process/
4/22/2017 10:25:4 21: Path header:undefined
4/22/2017 10:25:4 21: Path query:{"PARAM":["04/18/2017","pssti12p","10 6"]}
4/22/2017 10:25:4 21: BEGIN PKREQUESTMANAGER.CALLQUERY(21,'BTH0000001','abe','{HEINENS_CEN_UAT}', '{04/18/2017,pssti12p,10 6}','{HN}', :cursor); END;
4/22/2017 10:25:7 21: 1 Object(s) returned... [FETCH]
4/22/2017 10:25:7 21: [object Object]
4/22/2017 10:28:16 22: LIBQUERY with Callback: 
4/22/2017 10:28:16 22: Path request:/api/counting/2/
4/22/2017 10:28:16 22: Path header:undefined
4/22/2017 10:28:16 22: Path query:{}
4/22/2017 10:28:16 22: BEGIN PKREQUESTMANAGER.CALLQUERY(22,'CNT0000002','abe','{HEINENS_CEN_UAT}', '{undefined}','{HN}', :cursor); END;
4/22/2017 10:28:18 22: 11 Object(s) returned... [FETCH]
4/22/2017 10:28:18 22: [object Object],[object Object],[object Object],[object Object],[object Object],[object Object],[object Object],[object Object],[object Object],[object Object],[object Object]
4/22/2017 10:28:21 23: LIBQUERY with Callback: 
4/22/2017 10:28:21 23: Path request:/api/counting/3/
4/22/2017 10:28:21 23: Path header:undefined
4/22/2017 10:28:21 23: Path query:{"PARAM":["04/18/2017","6"]}
4/22/2017 10:28:21 23: BEGIN PKREQUESTMANAGER.CALLQUERY(23,'CNT0000003','abe','{HEINENS_CEN_UAT}', '{04/18/2017,6}','{HN}', :cursor); END;
4/22/2017 10:28:21 24: LIBQUERY with Callback: 
4/22/2017 10:28:21 24: Path request:/api/counting/4/
4/22/2017 10:28:21 24: Path header:undefined
4/22/2017 10:28:21 24: Path query:{"PARAM":["04/18/2017","6"]}
4/22/2017 10:28:21 24: BEGIN PKREQUESTMANAGER.CALLQUERY(24,'CNT0000004','abe','{HEINENS_CEN_UAT}', '{04/18/2017,6}','{HN}', :cursor); END;
4/22/2017 10:28:24 24: 6 Object(s) returned... [FETCH]
4/22/2017 10:28:24 24: [object Object],[object Object],[object Object],[object Object],[object Object],[object Object]
4/22/2017 10:28:24 24: 1 Object(s) returned... [FETCH]
4/22/2017 10:28:24 24: [object Object]
4/22/2017 10:28:24 25: LIBQUERY with Callback: 
4/22/2017 10:28:24 25: Path request:/api/process/
4/22/2017 10:28:24 25: Path header:undefined
4/22/2017 10:28:24 25: Path query:{"PARAM":["04/18/2017","pssti12p","10 6"]}
4/22/2017 10:28:24 25: BEGIN PKREQUESTMANAGER.CALLQUERY(25,'BTH0000001','abe','{HEINENS_CEN_UAT}', '{04/18/2017,pssti12p,10 6}','{HN}', :cursor); END;
4/22/2017 10:28:27 25: 1 Object(s) returned... [FETCH]
4/22/2017 10:28:27 25: [object Object]
4/22/2017 10:31:6 26: LIBQUERY with Callback: 
4/22/2017 10:31:6 26: Path request:/api/user/
4/22/2017 10:31:6 26: Path header:undefined
4/22/2017 10:31:6 26: Path query:{"USER_NAME":"abe"}
4/22/2017 10:31:6 26: BEGIN PKREQUESTMANAGER.CALLQUERY(26,'CLI0000002','abe','{}', '{abe}','{}', :cursor); END;
4/22/2017 10:31:6 27: LIBQUERY with Callback: 
4/22/2017 10:31:6 27: Path request:/api/environment/
4/22/2017 10:31:6 27: Path header:undefined
4/22/2017 10:31:6 27: Path query:{"USER_NAME":"abe"}
4/22/2017 10:31:6 27: BEGIN PKREQUESTMANAGER.CALLQUERY(27,'CLI0000003','abe','{}', '{abe}','{}', :cursor); END;
4/22/2017 10:31:6 27: 1 Object(s) returned... [FETCH]
4/22/2017 10:31:6 27: [object Object]
4/22/2017 10:31:6 27: 2 Object(s) returned... [FETCH]
4/22/2017 10:31:6 27: [object Object],[object Object]
4/22/2017 10:31:9 28: LIBQUERY with Callback: 
4/22/2017 10:31:9 28: Path request:/api/counting/2/
4/22/2017 10:31:9 28: Path header:undefined
4/22/2017 10:31:9 28: Path query:{}
4/22/2017 10:31:9 28: BEGIN PKREQUESTMANAGER.CALLQUERY(28,'CNT0000002','abe','{HEINENS_CEN_UAT}', '{undefined}','{HN}', :cursor); END;
4/22/2017 10:31:11 28: 11 Object(s) returned... [FETCH]
4/22/2017 10:31:11 28: [object Object],[object Object],[object Object],[object Object],[object Object],[object Object],[object Object],[object Object],[object Object],[object Object],[object Object]
4/22/2017 10:31:13 29: LIBQUERY with Callback: 
4/22/2017 10:31:13 29: Path request:/api/counting/3/
4/22/2017 10:31:13 29: Path header:undefined
4/22/2017 10:31:13 29: Path query:{"PARAM":["04/18/2017","6"]}
4/22/2017 10:31:13 29: BEGIN PKREQUESTMANAGER.CALLQUERY(29,'CNT0000003','abe','{HEINENS_CEN_UAT}', '{04/18/2017,6}','{HN}', :cursor); END;
4/22/2017 10:31:13 30: LIBQUERY with Callback: 
4/22/2017 10:31:13 30: Path request:/api/counting/4/
4/22/2017 10:31:13 30: Path header:undefined
4/22/2017 10:31:13 30: Path query:{"PARAM":["04/18/2017","6"]}
4/22/2017 10:31:13 30: BEGIN PKREQUESTMANAGER.CALLQUERY(30,'CNT0000004','abe','{HEINENS_CEN_UAT}', '{04/18/2017,6}','{HN}', :cursor); END;
4/22/2017 10:31:16 30: 6 Object(s) returned... [FETCH]
4/22/2017 10:31:16 30: [object Object],[object Object],[object Object],[object Object],[object Object],[object Object]
4/22/2017 10:31:17 30: 1 Object(s) returned... [FETCH]
4/22/2017 10:31:17 30: [object Object]
4/22/2017 10:31:17 31: LIBQUERY with Callback: 
4/22/2017 10:31:17 31: Path request:/api/process/
4/22/2017 10:31:17 31: Path header:undefined
4/22/2017 10:31:17 31: Path query:{"PARAM":["04/18/2017","pssti12p","10 6"]}
4/22/2017 10:31:17 31: BEGIN PKREQUESTMANAGER.CALLQUERY(31,'BTH0000001','abe','{HEINENS_CEN_UAT}', '{04/18/2017,pssti12p,10 6}','{HN}', :cursor); END;
4/22/2017 10:31:19 31: 1 Object(s) returned... [FETCH]
4/22/2017 10:31:19 31: [object Object]
4/22/2017 10:34:9 32: LIBQUERY with Callback: 
4/22/2017 10:34:9 32: Path request:/api/user/
4/22/2017 10:34:9 32: Path header:undefined
4/22/2017 10:34:9 32: Path query:{"USER_NAME":"abe"}
4/22/2017 10:34:9 32: BEGIN PKREQUESTMANAGER.CALLQUERY(32,'CLI0000002','abe','{}', '{abe}','{}', :cursor); END;
4/22/2017 10:34:9 33: LIBQUERY with Callback: 
4/22/2017 10:34:9 33: Path request:/api/environment/
4/22/2017 10:34:9 33: Path header:undefined
4/22/2017 10:34:9 33: Path query:{"USER_NAME":"abe"}
4/22/2017 10:34:9 33: BEGIN PKREQUESTMANAGER.CALLQUERY(33,'CLI0000003','abe','{}', '{abe}','{}', :cursor); END;
4/22/2017 10:34:9 33: 2 Object(s) returned... [FETCH]
4/22/2017 10:34:9 33: [object Object],[object Object]
4/22/2017 10:34:9 33: 1 Object(s) returned... [FETCH]
4/22/2017 10:34:9 33: [object Object]
4/22/2017 10:37:37 34: LIBQUERY with Callback: 
4/22/2017 10:37:37 34: Path request:/api/user/
4/22/2017 10:37:37 34: Path header:undefined
4/22/2017 10:37:37 34: Path query:{"USER_NAME":"abe"}
4/22/2017 10:37:37 34: BEGIN PKREQUESTMANAGER.CALLQUERY(34,'CLI0000002','abe','{}', '{abe}','{}', :cursor); END;
4/22/2017 10:37:37 35: LIBQUERY with Callback: 
4/22/2017 10:37:37 35: Path request:/api/environment/
4/22/2017 10:37:37 35: Path header:undefined
4/22/2017 10:37:37 35: Path query:{"USER_NAME":"abe"}
4/22/2017 10:37:37 35: BEGIN PKREQUESTMANAGER.CALLQUERY(35,'CLI0000003','abe','{}', '{abe}','{}', :cursor); END;
4/22/2017 10:37:37 35: 1 Object(s) returned... [FETCH]
4/22/2017 10:37:37 35: [object Object]
4/22/2017 10:37:37 35: 2 Object(s) returned... [FETCH]
4/22/2017 10:37:37 35: [object Object],[object Object]
4/22/2017 10:37:44 36: LIBQUERY with Callback: 
4/22/2017 10:37:44 36: Path request:/api/counting/2/
4/22/2017 10:37:44 36: Path header:undefined
4/22/2017 10:37:44 36: Path query:{}
4/22/2017 10:37:44 36: BEGIN PKREQUESTMANAGER.CALLQUERY(36,'CNT0000002','abe','{HEINENS_CEN_UAT}', '{undefined}','{HN}', :cursor); END;
4/22/2017 10:37:49 36: 11 Object(s) returned... [FETCH]
4/22/2017 10:37:49 36: [object Object],[object Object],[object Object],[object Object],[object Object],[object Object],[object Object],[object Object],[object Object],[object Object],[object Object]
4/22/2017 10:37:51 37: LIBQUERY with Callback: 
4/22/2017 10:37:51 37: Path request:/api/counting/3/
4/22/2017 10:37:51 37: Path header:undefined
4/22/2017 10:37:51 37: Path query:{"PARAM":["04/18/2017","6"]}
4/22/2017 10:37:51 37: BEGIN PKREQUESTMANAGER.CALLQUERY(37,'CNT0000003','abe','{HEINENS_CEN_UAT}', '{04/18/2017,6}','{HN}', :cursor); END;
4/22/2017 10:37:51 38: LIBQUERY with Callback: 
4/22/2017 10:37:51 38: Path request:/api/counting/4/
4/22/2017 10:37:51 38: Path header:undefined
4/22/2017 10:37:51 38: Path query:{"PARAM":["04/18/2017","6"]}
4/22/2017 10:37:51 38: BEGIN PKREQUESTMANAGER.CALLQUERY(38,'CNT0000004','abe','{HEINENS_CEN_UAT}', '{04/18/2017,6}','{HN}', :cursor); END;
4/22/2017 10:37:53 38: 1 Object(s) returned... [FETCH]
4/22/2017 10:37:53 38: [object Object]
4/22/2017 10:37:53 39: LIBQUERY with Callback: 
4/22/2017 10:37:53 39: Path request:/api/process/
4/22/2017 10:37:53 39: Path header:undefined
4/22/2017 10:37:53 39: Path query:{"PARAM":["04/18/2017","pssti12p","10 6"]}
4/22/2017 10:37:53 39: BEGIN PKREQUESTMANAGER.CALLQUERY(39,'BTH0000001','abe','{HEINENS_CEN_UAT}', '{04/18/2017,pssti12p,10 6}','{HN}', :cursor); END;
4/22/2017 10:37:54 39: 6 Object(s) returned... [FETCH]
4/22/2017 10:37:54 39: [object Object],[object Object],[object Object],[object Object],[object Object],[object Object]
4/22/2017 10:37:56 39: 1 Object(s) returned... [FETCH]
4/22/2017 10:37:56 39: [object Object]
4/22/2017 10:40:1 40: LIBQUERY with Callback: 
4/22/2017 10:40:1 40: Path request:/api/user/
4/22/2017 10:40:1 40: Path header:undefined
4/22/2017 10:40:1 40: Path query:{"USER_NAME":"abe"}
4/22/2017 10:40:1 40: BEGIN PKREQUESTMANAGER.CALLQUERY(40,'CLI0000002','abe','{}', '{abe}','{}', :cursor); END;
4/22/2017 10:40:1 41: LIBQUERY with Callback: 
4/22/2017 10:40:1 41: Path request:/api/environment/
4/22/2017 10:40:1 41: Path header:undefined
4/22/2017 10:40:1 41: Path query:{"USER_NAME":"abe"}
4/22/2017 10:40:1 41: BEGIN PKREQUESTMANAGER.CALLQUERY(41,'CLI0000003','abe','{}', '{abe}','{}', :cursor); END;
4/22/2017 10:40:1 41: 1 Object(s) returned... [FETCH]
4/22/2017 10:40:1 41: [object Object]
4/22/2017 10:40:1 41: 2 Object(s) returned... [FETCH]
4/22/2017 10:40:1 41: [object Object],[object Object]
4/22/2017 10:40:5 42: LIBQUERY with Callback: 
4/22/2017 10:40:5 42: Path request:/api/counting/2/
4/22/2017 10:40:5 42: Path header:undefined
4/22/2017 10:40:5 42: Path query:{}
4/22/2017 10:40:5 42: BEGIN PKREQUESTMANAGER.CALLQUERY(42,'CNT0000002','abe','{HEINENS_CEN_UAT}', '{undefined}','{HN}', :cursor); END;
4/22/2017 10:40:7 42: 11 Object(s) returned... [FETCH]
4/22/2017 10:40:7 42: [object Object],[object Object],[object Object],[object Object],[object Object],[object Object],[object Object],[object Object],[object Object],[object Object],[object Object]
4/22/2017 10:40:9 43: LIBQUERY with Callback: 
4/22/2017 10:40:9 43: Path request:/api/counting/3/
4/22/2017 10:40:9 43: Path header:undefined
4/22/2017 10:40:9 43: Path query:{"PARAM":["04/18/2017","6"]}
4/22/2017 10:40:9 43: BEGIN PKREQUESTMANAGER.CALLQUERY(43,'CNT0000003','abe','{HEINENS_CEN_UAT}', '{04/18/2017,6}','{HN}', :cursor); END;
4/22/2017 10:40:9 44: LIBQUERY with Callback: 
4/22/2017 10:40:9 44: Path request:/api/counting/4/
4/22/2017 10:40:9 44: Path header:undefined
4/22/2017 10:40:9 44: Path query:{"PARAM":["04/18/2017","6"]}
4/22/2017 10:40:9 44: BEGIN PKREQUESTMANAGER.CALLQUERY(44,'CNT0000004','abe','{HEINENS_CEN_UAT}', '{04/18/2017,6}','{HN}', :cursor); END;
4/22/2017 10:40:12 44: 6 Object(s) returned... [FETCH]
4/22/2017 10:40:12 44: [object Object],[object Object],[object Object],[object Object],[object Object],[object Object]
4/22/2017 10:40:12 44: 1 Object(s) returned... [FETCH]
4/22/2017 10:40:12 44: [object Object]
4/22/2017 10:40:12 45: LIBQUERY with Callback: 
4/22/2017 10:40:12 45: Path request:/api/process/
4/22/2017 10:40:12 45: Path header:undefined
4/22/2017 10:40:12 45: Path query:{"PARAM":["04/18/2017","pssti12p","10 6"]}
4/22/2017 10:40:12 45: BEGIN PKREQUESTMANAGER.CALLQUERY(45,'BTH0000001','abe','{HEINENS_CEN_UAT}', '{04/18/2017,pssti12p,10 6}','{HN}', :cursor); END;
4/22/2017 10:40:14 45: 1 Object(s) returned... [FETCH]
4/22/2017 10:40:14 45: [object Object]
4/22/2017 10:42:33 46: LIBQUERY with Callback: 
4/22/2017 10:42:33 46: Path request:/api/user/
4/22/2017 10:42:33 46: Path header:undefined
4/22/2017 10:42:33 46: Path query:{"USER_NAME":"abe"}
4/22/2017 10:42:33 46: BEGIN PKREQUESTMANAGER.CALLQUERY(46,'CLI0000002','abe','{}', '{abe}','{}', :cursor); END;
4/22/2017 10:42:33 47: LIBQUERY with Callback: 
4/22/2017 10:42:33 47: Path request:/api/environment/
4/22/2017 10:42:33 47: Path header:undefined
4/22/2017 10:42:33 47: Path query:{"USER_NAME":"abe"}
4/22/2017 10:42:33 47: BEGIN PKREQUESTMANAGER.CALLQUERY(47,'CLI0000003','abe','{}', '{abe}','{}', :cursor); END;
4/22/2017 10:42:33 47: 1 Object(s) returned... [FETCH]
4/22/2017 10:42:33 47: [object Object]
4/22/2017 10:42:33 47: 2 Object(s) returned... [FETCH]
4/22/2017 10:42:33 47: [object Object],[object Object]
4/22/2017 10:42:52 48: LIBQUERY with Callback: 
4/22/2017 10:42:52 48: Path request:/api/counting/2/
4/22/2017 10:42:52 48: Path header:undefined
4/22/2017 10:42:52 48: Path query:{}
4/22/2017 10:42:52 48: BEGIN PKREQUESTMANAGER.CALLQUERY(48,'CNT0000002','abe','{HEINENS_CEN_UAT}', '{undefined}','{HN}', :cursor); END;
4/22/2017 10:42:54 48: 11 Object(s) returned... [FETCH]
4/22/2017 10:42:54 48: [object Object],[object Object],[object Object],[object Object],[object Object],[object Object],[object Object],[object Object],[object Object],[object Object],[object Object]
4/22/2017 10:42:56 49: LIBQUERY with Callback: 
4/22/2017 10:42:56 49: Path request:/api/counting/3/
4/22/2017 10:42:56 49: Path header:undefined
4/22/2017 10:42:56 49: Path query:{"PARAM":["04/18/2017","6"]}
4/22/2017 10:42:56 49: BEGIN PKREQUESTMANAGER.CALLQUERY(49,'CNT0000003','abe','{HEINENS_CEN_UAT}', '{04/18/2017,6}','{HN}', :cursor); END;
4/22/2017 10:42:56 50: LIBQUERY with Callback: 
4/22/2017 10:42:56 50: Path request:/api/counting/4/
4/22/2017 10:42:56 50: Path header:undefined
4/22/2017 10:42:56 50: Path query:{"PARAM":["04/18/2017","6"]}
4/22/2017 10:42:56 50: BEGIN PKREQUESTMANAGER.CALLQUERY(50,'CNT0000004','abe','{HEINENS_CEN_UAT}', '{04/18/2017,6}','{HN}', :cursor); END;
4/22/2017 10:42:58 50: 1 Object(s) returned... [FETCH]
4/22/2017 10:42:58 50: [object Object]
4/22/2017 10:42:58 51: LIBQUERY with Callback: 
4/22/2017 10:42:58 51: Path request:/api/process/
4/22/2017 10:42:58 51: Path header:undefined
4/22/2017 10:42:58 51: Path query:{"PARAM":["04/18/2017","pssti12p","10 6"]}
4/22/2017 10:42:58 51: BEGIN PKREQUESTMANAGER.CALLQUERY(51,'BTH0000001','abe','{HEINENS_CEN_UAT}', '{04/18/2017,pssti12p,10 6}','{HN}', :cursor); END;
4/22/2017 10:42:59 51: 6 Object(s) returned... [FETCH]
4/22/2017 10:42:59 51: [object Object],[object Object],[object Object],[object Object],[object Object],[object Object]
4/22/2017 10:43:1 51: 1 Object(s) returned... [FETCH]
4/22/2017 10:43:1 51: [object Object]
4/22/2017 10:55:13 52: LIBQUERY with Callback: 
4/22/2017 10:55:13 52: Path request:/api/user/
4/22/2017 10:55:13 52: Path header:undefined
4/22/2017 10:55:13 52: Path query:{"USER_NAME":"abe"}
4/22/2017 10:55:13 52: BEGIN PKREQUESTMANAGER.CALLQUERY(52,'CLI0000002','abe','{}', '{abe}','{}', :cursor); END;
4/22/2017 10:55:13 53: LIBQUERY with Callback: 
4/22/2017 10:55:13 53: Path request:/api/environment/
4/22/2017 10:55:13 53: Path header:undefined
4/22/2017 10:55:13 53: Path query:{"USER_NAME":"abe"}
4/22/2017 10:55:13 53: BEGIN PKREQUESTMANAGER.CALLQUERY(53,'CLI0000003','abe','{}', '{abe}','{}', :cursor); END;
4/22/2017 10:55:13 53: 2 Object(s) returned... [FETCH]
4/22/2017 10:55:13 53: [object Object],[object Object]
4/22/2017 10:55:13 53: 1 Object(s) returned... [FETCH]
4/22/2017 10:55:13 53: [object Object]
4/22/2017 10:55:51 54: LIBQUERY with Callback: 
4/22/2017 10:55:51 54: Path request:/api/user/
4/22/2017 10:55:51 54: Path header:undefined
4/22/2017 10:55:51 54: Path query:{"USER_NAME":"abe"}
4/22/2017 10:55:51 54: BEGIN PKREQUESTMANAGER.CALLQUERY(54,'CLI0000002','abe','{}', '{abe}','{}', :cursor); END;
4/22/2017 10:55:51 55: LIBQUERY with Callback: 
4/22/2017 10:55:51 55: Path request:/api/environment/
4/22/2017 10:55:51 55: Path header:undefined
4/22/2017 10:55:51 55: Path query:{"USER_NAME":"abe"}
4/22/2017 10:55:51 55: BEGIN PKREQUESTMANAGER.CALLQUERY(55,'CLI0000003','abe','{}', '{abe}','{}', :cursor); END;
4/22/2017 10:55:51 55: 1 Object(s) returned... [FETCH]
4/22/2017 10:55:51 55: [object Object]
4/22/2017 10:55:51 55: 2 Object(s) returned... [FETCH]
4/22/2017 10:55:51 55: [object Object],[object Object]
4/22/2017 11:2:0 56: LIBQUERY with Callback: 
4/22/2017 11:2:0 56: Path request:/api/user/
4/22/2017 11:2:0 56: Path header:undefined
4/22/2017 11:2:0 56: Path query:{"USER_NAME":"abe"}
4/22/2017 11:2:0 56: BEGIN PKREQUESTMANAGER.CALLQUERY(56,'CLI0000002','abe','{}', '{abe}','{}', :cursor); END;
4/22/2017 11:2:0 57: LIBQUERY with Callback: 
4/22/2017 11:2:0 57: Path request:/api/environment/
4/22/2017 11:2:0 57: Path header:undefined
4/22/2017 11:2:0 57: Path query:{"USER_NAME":"abe"}
4/22/2017 11:2:0 57: BEGIN PKREQUESTMANAGER.CALLQUERY(57,'CLI0000003','abe','{}', '{abe}','{}', :cursor); END;
4/22/2017 11:2:23 58: LIBQUERY with Callback: 
4/22/2017 11:2:23 58: Path request:/api/user/
4/22/2017 11:2:23 58: Path header:undefined
4/22/2017 11:2:23 58: Path query:{"USER_NAME":"abe"}
4/22/2017 11:2:23 58: BEGIN PKREQUESTMANAGER.CALLQUERY(58,'CLI0000002','abe','{}', '{abe}','{}', :cursor); END;
4/22/2017 11:2:23 59: LIBQUERY with Callback: 
4/22/2017 11:2:23 59: Path request:/api/environment/
4/22/2017 11:2:23 59: Path header:undefined
4/22/2017 11:2:23 59: Path query:{"USER_NAME":"abe"}
4/22/2017 11:2:23 59: BEGIN PKREQUESTMANAGER.CALLQUERY(59,'CLI0000003','abe','{}', '{abe}','{}', :cursor); END;
4/22/2017 11:2:23 59: 1 Object(s) returned... [FETCH]
4/22/2017 11:2:23 59: [object Object]
4/22/2017 11:2:23 59: 2 Object(s) returned... [FETCH]
4/22/2017 11:2:23 59: [object Object],[object Object]
4/22/2017 11:2:25 60: LIBQUERY with Callback: 
4/22/2017 11:2:25 60: Path request:/api/counting/2/
4/22/2017 11:2:25 60: Path header:undefined
4/22/2017 11:2:25 60: Path query:{}
4/22/2017 11:2:25 60: BEGIN PKREQUESTMANAGER.CALLQUERY(60,'CNT0000002','abe','{HEINENS_CEN_UAT}', '{undefined}','{HN}', :cursor); END;
4/22/2017 11:2:27 60: 11 Object(s) returned... [FETCH]
4/22/2017 11:2:27 60: [object Object],[object Object],[object Object],[object Object],[object Object],[object Object],[object Object],[object Object],[object Object],[object Object],[object Object]
4/22/2017 11:2:30 61: LIBQUERY with Callback: 
4/22/2017 11:2:30 61: Path request:/api/counting/3/
4/22/2017 11:2:30 61: Path header:undefined
4/22/2017 11:2:30 61: Path query:{"PARAM":["04/18/2017","6"]}
4/22/2017 11:2:30 61: BEGIN PKREQUESTMANAGER.CALLQUERY(61,'CNT0000003','abe','{HEINENS_CEN_UAT}', '{04/18/2017,6}','{HN}', :cursor); END;
4/22/2017 11:2:30 62: LIBQUERY with Callback: 
4/22/2017 11:2:30 62: Path request:/api/counting/4/
4/22/2017 11:2:30 62: Path header:undefined
4/22/2017 11:2:30 62: Path query:{"PARAM":["04/18/2017","6"]}
4/22/2017 11:2:30 62: BEGIN PKREQUESTMANAGER.CALLQUERY(62,'CNT0000004','abe','{HEINENS_CEN_UAT}', '{04/18/2017,6}','{HN}', :cursor); END;
4/22/2017 11:3:10 1: LIBQUERY with Callback: 
4/22/2017 11:3:10 1: Path request:/api/counting/3/
4/22/2017 11:3:10 1: Path header:undefined
4/22/2017 11:3:10 1: Path query:{"PARAM":["04/18/2017","6"]}
4/22/2017 11:3:10 1: BEGIN PKREQUESTMANAGER.CALLQUERY(1,'CNT0000003','abe','{HEINENS_CEN_UAT}', '{04/18/2017,6}','{HN}', :cursor); END;
4/22/2017 11:3:10 2: LIBQUERY with Callback: 
4/22/2017 11:3:10 2: Path request:/api/counting/4/
4/22/2017 11:3:10 2: Path header:undefined
4/22/2017 11:3:10 2: Path query:{"PARAM":["04/18/2017","6"]}
4/22/2017 11:3:10 2: BEGIN PKREQUESTMANAGER.CALLQUERY(2,'CNT0000004','abe','{HEINENS_CEN_UAT}', '{04/18/2017,6}','{HN}', :cursor); END;
4/22/2017 11:3:13 2: 6 Object(s) returned... [FETCH]
4/22/2017 11:3:13 2: [object Object],[object Object],[object Object],[object Object],[object Object],[object Object]
4/22/2017 11:3:13 2: 1 Object(s) returned... [FETCH]
4/22/2017 11:3:13 2: [object Object]
4/22/2017 11:3:13 3: LIBQUERY with Callback: 
4/22/2017 11:3:13 3: Path request:/api/process/
4/22/2017 11:3:13 3: Path header:undefined
4/22/2017 11:3:13 3: Path query:{"PARAM":["04/18/2017","pssti12p","10 6"]}
4/22/2017 11:3:13 3: BEGIN PKREQUESTMANAGER.CALLQUERY(3,'BTH0000001','abe','{HEINENS_CEN_UAT}', '{04/18/2017,pssti12p,10 6}','{HN}', :cursor); END;
4/22/2017 11:3:15 3: 1 Object(s) returned... [FETCH]
4/22/2017 11:3:15 3: [object Object]
4/22/2017 11:5:58 4: LIBQUERY with Callback: 
4/22/2017 11:5:58 4: Path request:/api/user/
4/22/2017 11:5:58 4: Path header:undefined
4/22/2017 11:5:58 4: Path query:{"USER_NAME":"abe"}
4/22/2017 11:5:58 4: BEGIN PKREQUESTMANAGER.CALLQUERY(4,'CLI0000002','abe','{}', '{abe}','{}', :cursor); END;
4/22/2017 11:5:58 5: LIBQUERY with Callback: 
4/22/2017 11:5:58 5: Path request:/api/environment/
4/22/2017 11:5:58 5: Path header:undefined
4/22/2017 11:5:58 5: Path query:{"USER_NAME":"abe"}
4/22/2017 11:5:58 5: BEGIN PKREQUESTMANAGER.CALLQUERY(5,'CLI0000003','abe','{}', '{abe}','{}', :cursor); END;
4/22/2017 11:5:58 5: 1 Object(s) returned... [FETCH]
4/22/2017 11:5:58 5: [object Object]
4/22/2017 11:5:58 5: 2 Object(s) returned... [FETCH]
4/22/2017 11:5:58 5: [object Object],[object Object]
4/22/2017 11:6:1 6: LIBQUERY with Callback: 
4/22/2017 11:6:1 6: Path request:/api/counting/2/
4/22/2017 11:6:1 6: Path header:undefined
4/22/2017 11:6:1 6: Path query:{}
4/22/2017 11:6:1 6: BEGIN PKREQUESTMANAGER.CALLQUERY(6,'CNT0000002','abe','{HEINENS_CEN_UAT}', '{undefined}','{HN}', :cursor); END;
4/22/2017 11:6:3 6: 11 Object(s) returned... [FETCH]
4/22/2017 11:6:3 6: [object Object],[object Object],[object Object],[object Object],[object Object],[object Object],[object Object],[object Object],[object Object],[object Object],[object Object]
4/22/2017 11:6:12 7: LIBQUERY with Callback: 
4/22/2017 11:6:12 7: Path request:/api/counting/3/
4/22/2017 11:6:12 7: Path header:undefined
4/22/2017 11:6:12 7: Path query:{"PARAM":["04/18/2017","6"]}
4/22/2017 11:6:12 7: BEGIN PKREQUESTMANAGER.CALLQUERY(7,'CNT0000003','abe','{HEINENS_CEN_UAT}', '{04/18/2017,6}','{HN}', :cursor); END;
4/22/2017 11:6:12 8: LIBQUERY with Callback: 
4/22/2017 11:6:12 8: Path request:/api/counting/4/
4/22/2017 11:6:12 8: Path header:undefined
4/22/2017 11:6:12 8: Path query:{"PARAM":["04/18/2017","6"]}
4/22/2017 11:6:12 8: BEGIN PKREQUESTMANAGER.CALLQUERY(8,'CNT0000004','abe','{HEINENS_CEN_UAT}', '{04/18/2017,6}','{HN}', :cursor); END;
4/22/2017 11:6:14 8: 6 Object(s) returned... [FETCH]
4/22/2017 11:6:14 8: [object Object],[object Object],[object Object],[object Object],[object Object],[object Object]
4/22/2017 11:6:14 8: 1 Object(s) returned... [FETCH]
4/22/2017 11:6:14 8: [object Object]
4/22/2017 11:6:14 9: LIBQUERY with Callback: 
4/22/2017 11:6:14 9: Path request:/api/process/
4/22/2017 11:6:14 9: Path header:undefined
4/22/2017 11:6:14 9: Path query:{"PARAM":["04/18/2017","pssti12p","10 6"]}
4/22/2017 11:6:14 9: BEGIN PKREQUESTMANAGER.CALLQUERY(9,'BTH0000001','abe','{HEINENS_CEN_UAT}', '{04/18/2017,pssti12p,10 6}','{HN}', :cursor); END;
4/22/2017 11:6:17 9: 1 Object(s) returned... [FETCH]
4/22/2017 11:6:17 9: [object Object]
4/22/2017 11:9:52 10: LIBQUERY with Callback: 
4/22/2017 11:9:52 10: Path request:/api/user/
4/22/2017 11:9:52 10: Path header:undefined
4/22/2017 11:9:52 10: Path query:{"USER_NAME":"abe"}
4/22/2017 11:9:52 10: BEGIN PKREQUESTMANAGER.CALLQUERY(10,'CLI0000002','abe','{}', '{abe}','{}', :cursor); END;
4/22/2017 11:9:52 11: LIBQUERY with Callback: 
4/22/2017 11:9:52 11: Path request:/api/environment/
4/22/2017 11:9:52 11: Path header:undefined
4/22/2017 11:9:52 11: Path query:{"USER_NAME":"abe"}
4/22/2017 11:9:52 11: BEGIN PKREQUESTMANAGER.CALLQUERY(11,'CLI0000003','abe','{}', '{abe}','{}', :cursor); END;
4/22/2017 11:9:52 11: 1 Object(s) returned... [FETCH]
4/22/2017 11:9:52 11: [object Object]
4/22/2017 11:9:52 11: 2 Object(s) returned... [FETCH]
4/22/2017 11:9:52 11: [object Object],[object Object]
4/22/2017 11:9:59 12: LIBQUERY with Callback: 
4/22/2017 11:9:59 12: Path request:/api/counting/2/
4/22/2017 11:9:59 12: Path header:undefined
4/22/2017 11:9:59 12: Path query:{}
4/22/2017 11:9:59 12: BEGIN PKREQUESTMANAGER.CALLQUERY(12,'CNT0000002','abe','{HEINENS_CEN_UAT}', '{undefined}','{HN}', :cursor); END;
4/22/2017 11:10:1 12: 11 Object(s) returned... [FETCH]
4/22/2017 11:10:1 12: [object Object],[object Object],[object Object],[object Object],[object Object],[object Object],[object Object],[object Object],[object Object],[object Object],[object Object]
4/22/2017 11:10:5 13: LIBQUERY with Callback: 
4/22/2017 11:10:5 13: Path request:/api/counting/3/
4/22/2017 11:10:5 13: Path header:undefined
4/22/2017 11:10:5 13: Path query:{"PARAM":["04/18/2017","6"]}
4/22/2017 11:10:5 13: BEGIN PKREQUESTMANAGER.CALLQUERY(13,'CNT0000003','abe','{HEINENS_CEN_UAT}', '{04/18/2017,6}','{HN}', :cursor); END;
4/22/2017 11:10:5 14: LIBQUERY with Callback: 
4/22/2017 11:10:5 14: Path request:/api/counting/4/
4/22/2017 11:10:5 14: Path header:undefined
4/22/2017 11:10:5 14: Path query:{"PARAM":["04/18/2017","6"]}
4/22/2017 11:10:5 14: BEGIN PKREQUESTMANAGER.CALLQUERY(14,'CNT0000004','abe','{HEINENS_CEN_UAT}', '{04/18/2017,6}','{HN}', :cursor); END;
4/22/2017 11:10:7 14: 6 Object(s) returned... [FETCH]
4/22/2017 11:10:7 14: [object Object],[object Object],[object Object],[object Object],[object Object],[object Object]
4/22/2017 11:10:9 14: 1 Object(s) returned... [FETCH]
4/22/2017 11:10:9 14: [object Object]
4/22/2017 11:10:9 15: LIBQUERY with Callback: 
4/22/2017 11:10:9 15: Path request:/api/process/
4/22/2017 11:10:9 15: Path header:undefined
4/22/2017 11:10:9 15: Path query:{"PARAM":["04/18/2017","pssti12p","10 6"]}
4/22/2017 11:10:9 15: BEGIN PKREQUESTMANAGER.CALLQUERY(15,'BTH0000001','abe','{HEINENS_CEN_UAT}', '{04/18/2017,pssti12p,10 6}','{HN}', :cursor); END;
4/22/2017 11:10:11 15: 1 Object(s) returned... [FETCH]
4/22/2017 11:10:11 15: [object Object]
4/22/2017 11:22:7 1: LIBQUERY with Callback: 
4/22/2017 11:22:7 1: Path request:/api/authentification/
4/22/2017 11:22:7 1: Path header:undefined
4/22/2017 11:22:7 1: Path query:{}
4/22/2017 11:22:7 1: BEGIN PKREQUESTMANAGER.CALLQUERY(1,'ADM0000001','abe','{}', '{abe,abe}','{}', :cursor); END;
4/22/2017 11:22:7 1: 1 Object(s) returned... [FETCH]
4/22/2017 11:22:7 1: [object Object]
4/22/2017 11:22:8 2: LIBQUERY with Callback: 
4/22/2017 11:22:8 2: Path request:/api/user/
4/22/2017 11:22:8 2: Path header:undefined
4/22/2017 11:22:8 2: Path query:{"USER_NAME":"abe"}
4/22/2017 11:22:8 2: BEGIN PKREQUESTMANAGER.CALLQUERY(2,'CLI0000002','abe','{}', '{abe}','{}', :cursor); END;
4/22/2017 11:22:8 3: LIBQUERY with Callback: 
4/22/2017 11:22:8 3: Path request:/api/environment/
4/22/2017 11:22:8 3: Path header:undefined
4/22/2017 11:22:8 3: Path query:{"USER_NAME":"abe"}
4/22/2017 11:22:8 3: BEGIN PKREQUESTMANAGER.CALLQUERY(3,'CLI0000003','abe','{}', '{abe}','{}', :cursor); END;
4/22/2017 11:22:8 3: 1 Object(s) returned... [FETCH]
4/22/2017 11:22:8 3: [object Object]
4/22/2017 11:22:8 3: 3 Object(s) returned... [FETCH]
4/22/2017 11:22:8 3: [object Object],[object Object],[object Object]
4/22/2017 11:22:11 4: LIBQUERY with Callback: 
4/22/2017 11:22:11 4: Path request:/api/counting/2/
4/22/2017 11:22:11 4: Path header:undefined
4/22/2017 11:22:11 4: Path query:{}
4/22/2017 11:22:11 4: BEGIN PKREQUESTMANAGER.CALLQUERY(4,'CNT0000002','abe','{HEINENS_CUSTOM_PROD}', '{undefined}','{HN}', :cursor); END;
4/22/2017 11:22:13 4: 9 Object(s) returned... [FETCH]
4/22/2017 11:22:13 4: [object Object],[object Object],[object Object],[object Object],[object Object],[object Object],[object Object],[object Object],[object Object]
4/22/2017 11:37:47 5: LIBQUERY with Callback: 
4/22/2017 11:37:47 5: Path request:/api/counting/2/
4/22/2017 11:37:47 5: Path header:undefined
4/22/2017 11:37:47 5: Path query:{}
4/22/2017 11:37:47 5: BEGIN PKREQUESTMANAGER.CALLQUERY(5,'CNT0000002','abe','{HEINENS_CUSTOM_PROD}', '{undefined}','{HN}', :cursor); END;
4/22/2017 11:37:50 5: 9 Object(s) returned... [FETCH]
4/22/2017 11:37:50 5: [object Object],[object Object],[object Object],[object Object],[object Object],[object Object],[object Object],[object Object],[object Object]
4/22/2017 11:37:53 6: LIBQUERY with Callback: 
4/22/2017 11:37:53 6: Path request:/api/counting/3/
4/22/2017 11:37:53 6: Path header:undefined
4/22/2017 11:37:53 6: Path query:{"PARAM":["04/18/2017","6"]}
4/22/2017 11:37:53 6: BEGIN PKREQUESTMANAGER.CALLQUERY(6,'CNT0000003','abe','{HEINENS_CUSTOM_PROD}', '{04/18/2017,6}','{HN}', :cursor); END;
4/22/2017 11:37:53 7: LIBQUERY with Callback: 
4/22/2017 11:37:53 7: Path request:/api/counting/4/
4/22/2017 11:37:53 7: Path header:undefined
4/22/2017 11:37:53 7: Path query:{"PARAM":["04/18/2017","6"]}
4/22/2017 11:37:53 7: BEGIN PKREQUESTMANAGER.CALLQUERY(7,'CNT0000004','abe','{HEINENS_CUSTOM_PROD}', '{04/18/2017,6}','{HN}', :cursor); END;
4/22/2017 11:37:56 7: 2 Object(s) returned... [FETCH]
4/22/2017 11:37:56 7: [object Object],[object Object]
4/22/2017 11:37:56 8: LIBQUERY with Callback: 
4/22/2017 11:37:56 8: Path request:/api/process/
4/22/2017 11:37:56 8: Path header:undefined
4/22/2017 11:37:56 8: Path query:{"PARAM":["04/18/2017","pssti12p","10 6"]}
4/22/2017 11:37:56 8: BEGIN PKREQUESTMANAGER.CALLQUERY(8,'BTH0000001','abe','{HEINENS_CUSTOM_PROD}', '{04/18/2017,pssti12p,10 6}','{HN}', :cursor); END;
4/22/2017 11:37:59 8: 0 Object(s) returned... [FETCH] :)
4/22/2017 11:38:8 8: 2 Object(s) returned... [FETCH]
4/22/2017 11:38:8 8: [object Object],[object Object]
