11/9/2020 5:0:4 [crontab] 1: "BEGIN PKREQUESTMANAGER.CALLQUERY(1,'CRON000001','crontab','{}', '{}','{}', :cursor); END;"
11/9/2020 5:0:4 [crontab] 1: "25 Object(s) returned... [FETCH]"
11/9/2020 5:0:4 [crontab] CRON: "Cron Job DAILY_WHS_SSCC_NO_UBD is now scheduled using cron setup : */5 * * * *"
11/9/2020 5:0:4 [crontab] CRON: "Cron Job WEEKLY_STORE_NO_SALES is now scheduled using cron setup : 5 6 * * 1"
11/9/2020 5:0:4 [crontab] CRON: "Cron Job EXP_WHS_INVALID_PICKING is now scheduled using cron setup : 5 9 * * *"
11/9/2020 5:0:4 [crontab] CRON: "Cron Job DAILY_STORE_SHORTED is now scheduled using cron setup : 5 7 * * *"
11/9/2020 5:0:5 [crontab] CRON: "Cron Job DAILY_STORE_BLOCKED_RECEIPT is now scheduled using cron setup : 5 7 * * *"
11/9/2020 5:0:5 [crontab] CRON: "Cron Job WEEKLY_STORE_NO_SALES_ADMIN is now scheduled using cron setup : 5 7 * * 1"
11/9/2020 5:0:5 [crontab] CRON: "Cron Job WEEKLY_EDI_invoice_WEEKLY is now scheduled using cron setup : 1 19 * * 7"
11/9/2020 5:0:5 [crontab] CRON: "Cron Job ONGOING_EDI_invoice_SCAN is not active. Activation date on Tue Jan 12 2049 00:00:00 GMT-0500 (Eastern Standard Time)"
11/9/2020 5:0:5 [crontab] CRON: "Cron Job CGO_ALERT is not active. Activation date on Tue Jan 12 2049 00:00:00 GMT-0500 (Eastern Standard Time)"
11/9/2020 5:0:5 [crontab] CRON: "Cron Job DAILY_CAO_Negative_Inventory_1130AM is now scheduled using cron setup : 30 11 * * *"
11/9/2020 5:0:5 [crontab] CRON: "Cron Job DAILY_CAO_Negative_Inventory_0530AM is not active. Activation date on Tue Jan 12 2049 00:00:00 GMT-0500 (Eastern Standard Time)"
11/9/2020 5:0:5 [crontab] CRON: "Cron Job DAILY_CAO_Order_Recap is now scheduled using cron setup : 30 11 * * *"
11/9/2020 5:0:5 [crontab] CRON: "Cron Job DAILY_Store_Sales is now scheduled using cron setup : 5 8 * * *"
11/9/2020 5:0:5 [crontab] CRON: "Cron Job DAILY_CAO_Store_Sales is now scheduled using cron setup : 5 8 * * *"
11/9/2020 5:0:5 [crontab] CRON: "Cron Job WEEKLY_Store_shrink is now scheduled using cron setup : 5 19 * * 7"
11/9/2020 5:0:5 [crontab] CRON: "Cron Job WEEKLY_CAO_Store_shrink is now scheduled using cron setup : 5 19 * * 7"
11/9/2020 5:0:5 [crontab] CRON: "Cron Job DAILY_BUYER_Pushout is not active. Activation date on Tue Jan 12 2049 00:00:00 GMT-0500 (Eastern Standard Time)"
11/9/2020 5:0:5 [crontab] CRON: "Cron Job DAILY_EDI_BLANK_REF is now scheduled using cron setup : 5 7 * * *"
11/9/2020 5:0:5 [crontab] CRON: "Cron Job ICR_MAINTENANCE is now scheduled using cron setup : 5 3 * * *"
11/9/2020 5:0:5 [crontab] CRON: "Cron Job VIEW_REFRESH_DAILY is now scheduled using cron setup : 5 8 * * *"
11/9/2020 5:0:5 [crontab] CRON: "Cron Job VIEW_REFRESH_HOURLY is now scheduled using cron setup : 5 11 * * *"
11/9/2020 5:0:5 [crontab] CRON: "Cron Job DAILY_WHS_CUT is now scheduled using cron setup : 5 7 * * *"
11/9/2020 5:0:5 [crontab] CRON: "Cron Job DAILY_WHS_UBD is now scheduled using cron setup : 5 8 * * *"
11/9/2020 5:0:5 [crontab] CRON: "Cron Job DAILY_WHS_NEG_UBD is now scheduled using cron setup : 0 2 * * *"
11/9/2020 5:0:5 [crontab] CRON: "Cron Job WEEKLY_STORE_NO_SALES_CAPTURE_ADMIN is now scheduled using cron setup : 5 6 * * 1"
