11/9/2020 9:51:44 [lnevels] 8: "BEGIN PKREQUESTMANAGER.CALLQUERY(8,'ADM0000001','lnevels','{}', '{lnevels,lnevels}','{}', :cursor); END;"
11/9/2020 9:51:44 [lnevels] 8: "[{\"USERID\":\"lnevels\",\"USERFNAME\":\"Lakiesha\",\"USERLNAME\":\"Nevels\",\"USEREMAIL\":\"lnevels@heinens.com\",\"USERMOBILE\":null}]"
11/9/2020 9:51:44 [lnevels] 8: "1 Object(s) returned... [FETCH]"
11/9/2020 9:51:45 [lnevels] 9: "BEGIN PKREQUESTMANAGER.CALLQUERY(9,'CLI0000002','lnevels','{}', '{lnevels}','{}', :cursor); END;"
11/9/2020 9:51:45 [lnevels] 10: "BEGIN PKREQUESTMANAGER.CALLQUERY(10,'CLI0000003','lnevels','{}', '{lnevels}','{}', :cursor); END;"
11/9/2020 9:51:45 [lnevels] 9: "[{\"USERID\":\"lnevels\",\"USERCORPID\":2,\"USERPASS\":\"bG5ldmVscw==\",\"USERAUTH\":null,\"USERLANG\":\"us_US\",\"USERPROF\":null,\"USERAPPLI\":3,\"USERFNAME\":\"Lakiesha\",\"USERLNAME\":\"Nevels\",\"USEREMAIL\":\"lnevels@heinens.com\",\"USERMOBILE\":null,\"USERTEAM\":null,\"USERACTIVE\":1,\"USERDCRE\":\"2018-04-15T05:00:00.000Z\",\"USERDMAJ\":\"2018-04-15T05:00:00.000Z\",\"USERUTIL\":\"admin\",\"USERTYPE\":2}]"
11/9/2020 9:51:45 [lnevels] 9: "1 Object(s) returned... [FETCH]"
11/9/2020 9:51:45 [lnevels] 10: "[{\"LEVEL\":\"CORPORATE\",\"ENVID\":1,\"ENVCORPID\":2,\"CORPSDESC\":\"Heinen's\",\"ENVCODE\":\"CENTRAL_UAT\",\"ENVTYPE\":4,\"ENVACTIVE\":1,\"ENVSDESC\":\"User Acceptance\",\"ENVLDESC\":\"Heinen's Central UAT environement\",\"ENVDBTYPE\":1,\"ENVIP\":\"10.200.14.232\",\"ENVPORT\":1521,\"ENVUSER\":\"hntcen\",\"ENVPASSWORD\":\"Heinen123!\",\"ENVSOURCE\":\"test\",\"ENVDBLINK\":\"HEINENS_CEN_UAT\",\"ENVDEFAULT\":0,\"ENVDCRE\":\"2017-03-21T05:00:00.000Z\",\"ENVDMAJ\":\"2017-03-21T05:00:00.000Z\",\"ENVUTIL\":\"abe\",\"ENVVERSION\":1,\"ENVDEFLANG\":\"HN\",\"CORPPIC\":\"./assets/pictures/corporate/heinens.jpg\",\"ENVVARINITSH\":\". /home/hntcen/env/envCEN\",\"ENVTITLECOLOR\":\"yellow\",\"ENVTITLE\":\"Inventory Control Room (Acceptance)\"},{\"LEVEL\":\"CORPORATE\",\"ENVID\":2,\"ENVCORPID\":2,\"CORPSDESC\":\"Heinen's\",\"ENVCODE\":\"STOCK_UAT\",\"ENVTYPE\":4,\"ENVACTIVE\":1,\"ENVSDESC\":\"Heinen's Stock UAT\",\"ENVLDESC\":\"Heinen's Stock UAT environement\",\"ENVDBTYPE\":1,\"ENVIP\":\"10.200.14.232\",\"ENVPORT\":1521,\"ENVUSER\":\"hntstk\",\"ENVPASSWORD\":\"Heinen123!\",\"ENVSOURCE\":\"test\",\"ENVDBLINK\":\"HEINENS_STK_UAT\",\"ENVDEFAULT\":0,\"ENVDCRE\":\"2017-03-21T05:00:00.000Z\",\"ENVDMAJ\":\"2017-03-21T05:00:00.000Z\",\"ENVUTIL\":\"abe\",\"ENVVERSION\":2,\"ENVDEFLANG\":\"HN\",\"CORPPIC\":\"./assets/pictures/corporate/heinens.jpg\",\"ENVVARINITSH\":\". /home/hntstk/env/envSTK\",\"ENVTITLECOLOR\":\"yellow\",\"ENVTITLE\":\"Inventory Control Room (Acceptance)\"},{\"LEVEL\":\"USER\",\"ENVID\":1,\"ENVCORPID\":2,\"CORPSDESC\":\"Heinen's\",\"ENVCODE\":\"CENTRAL_UAT\",\"ENVTYPE\":4,\"ENVACTIVE\":1,\"ENVSDESC\":\"User Acceptance\",\"ENVLDESC\":\"Heinen's Central UAT environement\",\"ENVDBTYPE\":1,\"ENVIP\":\"10.200.14.232\",\"ENVPORT\":1521,\"ENVUSER\":\"hntcen\",\"ENVPASSWORD\":\"Heinen123!\",\"ENVSOURCE\":\"test\",\"ENVDBLINK\":\"HEINENS_CEN_UAT\",\"ENVDEFAULT\":0,\"ENVDCRE\":\"2017-03-21T05:00:00.000Z\",\"ENVDMAJ\":\"2017-03-21T05:00:00.000Z\",\"ENVUTIL\":\"abe\",\"ENVVERSION\":1,\"ENVDEFLANG\":\"HN\",\"CORPPIC\":\"./assets/pictures/corporate/heinens.jpg\",\"ENVVARINITSH\":\". /home/hntcen/env/envCEN\",\"ENVTITLECOLOR\":\"yellow\",\"ENVTITLE\":\"Inventory Control Room (Acceptance)\"},{\"LEVEL\":\"CORPORATE\",\"ENVID\":3,\"ENVCORPID\":2,\"CORPSDESC\":\"Heinen's\",\"ENVCODE\":\"HN_CENTRAL_PROD\",\"ENVTYPE\":7,\"ENVACTIVE\":1,\"ENVSDESC\":\"Production\",\"ENVLDESC\":\"Heinen's Custom PROD environement\",\"ENVDBTYPE\":1,\"ENVIP\":\"10.200.14.231\",\"ENVPORT\":1521,\"ENVUSER\":\"hnpcen\",\"ENVPASSWORD\":\"Heinen123!\",\"ENVSOURCE\":\"central\",\"ENVDBLINK\":\"HEINENS_CUSTOM_PROD\",\"ENVDEFAULT\":1,\"ENVDCRE\":\"2017-04-22T05:00:00.000Z\",\"ENVDMAJ\":\"2017-03-21T05:00:00.000Z\",\"ENVUTIL\":\"abe\",\"ENVVERSION\":1,\"ENVDEFLANG\":\"HN\",\"CORPPIC\":\"./assets/pictures/corporate/heinens.jpg\",\"ENVVARINITSH\":\". /home/hnpcen/env/envCEN\",\"ENVTITLECOLOR\":\"white\",\"ENVTITLE\":\"Inventory Control Room\"},{\"LEVEL\":\"CORPORATE\",\"ENVID\":4,\"ENVCORPID\":2,\"CORPSDESC\":\"Heinen's\",\"ENVCODE\":\"HN_STOCK_PROD\",\"ENVTYPE\":7,\"ENVACTIVE\":1,\"ENVSDESC\":\"Production Warehouse\",\"ENVLDESC\":\"Heinen's Warehouse PROD environement\",\"ENVDBTYPE\":1,\"ENVIP\":\"10.200.14.231\",\"ENVPORT\":1521,\"ENVUSER\":\"hnpstk\",\"ENVPASSWORD\":\"Heinen123!\",\"ENVSOURCE\":\"central\",\"ENVDBLINK\":\"HEINENS_CUSTOM_PROD\",\"ENVDEFAULT\":1,\"ENVDCRE\":\"2020-01-02T05:00:00.000Z\",\"ENVDMAJ\":\"2020-01-02T05:00:00.000Z\",\"ENVUTIL\":\"abe\",\"ENVVERSION\":1,\"ENVDEFLANG\":\"HN\",\"CORPPIC\":\"./assets/pictures/corporate/heinens.jpg\",\"ENVVARINITSH\":\". /home/hnpsk/env/envSTK\",\"ENVTITLECOLOR\":\"white\",\"ENVTITLE\":\"Inventory Control Room\"},{\"LEVEL\":\"USER\",\"ENVID\":3,\"ENVCORPID\":2,\"CORPSDESC\":\"Heinen's\",\"ENVCODE\":\"HN_CENTRAL_PROD\",\"ENVTYPE\":7,\"ENVACTIVE\":1,\"ENVSDESC\":\"Production\",\"ENVLDESC\":\"Heinen's Custom PROD environement\",\"ENVDBTYPE\":1,\"ENVIP\":\"10.200.14.231\",\"ENVPORT\":1521,\"ENVUSER\":\"hnpcen\",\"ENVPASSWORD\":\"Heinen123!\",\"ENVSOURCE\":\"central\",\"ENVDBLINK\":\"HEINENS_CUSTOM_PROD\",\"ENVDEFAULT\":1,\"ENVDCRE\":\"2017-04-22T05:00:00.000Z\",\"ENVDMAJ\":\"2017-03-21T05:00:00.000Z\",\"ENVUTIL\":\"abe\",\"ENVVERSION\":1,\"ENVDEFLANG\":\"HN\",\"CORPPIC\":\"./assets/pictures/corporate/heinens.jpg\",\"ENVVARINITSH\":\". /home/hnpcen/env/envCEN\",\"ENVTITLECOLOR\":\"white\",\"ENVTITLE\":\"Inventory Control Room\"}]"
11/9/2020 9:51:45 [lnevels] 10: "6 Object(s) returned... [FETCH]"
11/9/2020 9:51:45 [lnevels] 11: "BEGIN PKREQUESTMANAGER.CALLQUERY(11,'WDG0000001','lnevels','{HEINENS_CUSTOM_PROD}', '{lnevels,-1}','{HN}', :cursor); END;"
11/9/2020 9:51:45 [lnevels] 12: "BEGIN PKREQUESTMANAGER.CALLQUERY(12,'SCR0000001','lnevels','{HEINENS_CUSTOM_PROD}', '{SCR0000000001,lnevels}','{HN}', :cursor); END;"
11/9/2020 9:51:45 [lnevels] 12: "[{\"SCREENID\":\"SCR0000000001\",\"SCREENINFO\":\"<div><i class=\\\"bbs-keywords\\\">What is it : </i>Dashboard section is your <b>Home</b> tracking process. It simplifies and regroup data visualization.\\n                          As many as needed dashboard widget trackers can be enabled.\\n</div>\\n<div><i class=\\\"bbs-keywords\\\">Tracking type : </i>There are 3 types of data visualization: \\n        <li><b>Table </b> display with export to file option.</li> \\n        <li><b>Chart </b> with by type line, bar, radar, polar, pie, scatter, combined type </li> \\n        <li><b>Message & Alert </b> with color criticality such as successful, soft warning, hard warning.</li> \\n</div>\"}]"
11/9/2020 9:51:45 [lnevels] 12: "1 Object(s) returned... [FETCH]"
11/9/2020 9:51:45 [lnevels] 11: "[{\"WIDID\":\"WDG0000000001\",\"WIDBEHAVIOR\":1,\"WIDTABLE\":1,\"WIDRSS\":0,\"WIDCHART\":0,\"WIDINFO\":0,\"WIDWIDTH\":20,\"WIDHEIGHT\":6,\"WIDX\":0,\"WIDY\":0,\"WIDPARAM\":null,\"WIDROWS\":10,\"UWPDCRE\":\"2020-06-06T10:10:08.000Z\",\"UWPDMAJ\":\"2020-06-06T10:10:08.000Z\",\"UWPUTIL\":\"admin\",\"WIDSNAP\":1,\"WIDSNAPFILE\":\"./repository/downloads/dashboard/INV0000001_HEINENS_CUSTOM_PROD.json\",\"LWQMWIDID\":null,\"LWQCWIDID\":null,\"LWQMFIELD\":null,\"LWQCFIELD\":null,\"LWQDCRE\":null,\"LWQDMAJ\":null,\"LWQUTIL\":null,\"WRSID\":\"WDG0000000001\",\"WRSFIELD\":\"WHS\",\"WRSHEADER\":\"Site code\",\"WRSPOSITION\":1,\"WRSDCRE\":\"2018-03-12T05:00:00.000Z\",\"WRSDMAJ\":\"2018-03-12T05:00:00.000Z\",\"WRSUTIL\":\"abe\",\"WIDNAME\":\"Sleeping Inventory (Warehouse)\",\"WIDDESC\":\"Sleeping Inventory (Warehouse)\",\"WIDCHARTX\":null,\"WIDCHARTDATA\":null,\"WIDCHARTLEGEND\":null,\"WIDCOLLAPSE\":\"collapse\",\"WIDCHARTLEGENDINFO\":null,\"WIDCHARTNBSET\":null,\"WIDCHARTTYPE\":null,\"WIDCHARTUNIT\":null},{\"WIDID\":\"WDG0000000001\",\"WIDBEHAVIOR\":1,\"WIDTABLE\":1,\"WIDRSS\":0,\"WIDCHART\":0,\"WIDINFO\":0,\"WIDWIDTH\":20,\"WIDHEIGHT\":6,\"WIDX\":0,\"WIDY\":0,\"WIDPARAM\":null,\"WIDROWS\":10,\"UWPDCRE\":\"2020-06-06T10:10:08.000Z\",\"UWPDMAJ\":\"2020-06-06T10:10:08.000Z\",\"UWPUTIL\":\"admin\",\"WIDSNAP\":1,\"WIDSNAPFILE\":\"./repository/downloads/dashboard/INV0000001_HEINENS_CUSTOM_PROD.json\",\"LWQMWIDID\":null,\"LWQCWIDID\":null,\"LWQMFIELD\":null,\"LWQCFIELD\":null,\"LWQDCRE\":null,\"LWQDMAJ\":null,\"LWQUTIL\":null,\"WRSID\":\"WDG0000000001\",\"WRSFIELD\":\"WHSLIB\",\"WRSHEADER\":\"Desc.\",\"WRSPOSITION\":2,\"WRSDCRE\":\"2018-03-12T05:00:00.000Z\",\"WRSDMAJ\":\"2018-03-12T05:00:00.000Z\",\"WRSUTIL\":\"abe\",\"WIDNAME\":\"Sleeping Inventory (Warehouse)\",\"WIDDESC\":\"Sleeping Inventory (Warehouse)\",\"WIDCHARTX\":null,\"WIDCHARTDATA\":null,\"WIDCHARTLEGEND\":null,\"WIDCOLLAPSE\":\"collapse\",\"WIDCHARTLEGENDINFO\":null,\"WIDCHARTNBSET\":null,\"WIDCHARTTYPE\":null,\"WIDCHARTUNIT\":null},{\"WIDID\":\"WDG0000000001\",\"WIDBEHAVIOR\":1,\"WIDTABLE\":1,\"WIDRSS\":0,\"WIDCHART\":0,\"WIDINFO\":0,\"WIDWIDTH\":20,\"WIDHEIGHT\":6,\"WIDX\":0,\"WIDY\":0,\"WIDPARAM\":null,\"WIDROWS\":10,\"UWPDCRE\":\"2020-06-06T10:10:08.000Z\",\"UWPDMAJ\":\"2020-06-06T10:10:08.000Z\",\"UWPUTIL\":\"admin\",\"WIDSNAP\":1,\"WIDSNAPFILE\":\"./repository/downloads/dashboard/INV0000001_HEINENS_CUSTOM_PROD.json\",\"LWQMWIDID\":null,\"LWQCWIDID\":null,\"LWQMFIELD\":null,\"LWQCFIELD\":null,\"LWQDCRE\":null,\"LWQDMAJ\":null,\"LWQUTIL\":null,\"WRSID\":\"WDG0000000001\",\"WRSFIELD\":\"ITEMCODE\",\"WRSHEADER\":\"Item code\",\"WRSPOSITION\":3,\"WRSDCRE\":\"2018-03-12T05:00:00.000Z\",\"WRSDMAJ\":\"2018-03-12T05:00:00.000Z\",\"WRSUTIL\":\"abe\",\"WIDNAME\":\"Sleeping Inventory (Warehouse)\",\"WIDDESC\":\"Sleeping Inventory (Warehouse)\",\"WIDCHARTX\":null,\"WIDCHARTDATA\":null,\"WIDCHARTLEGEND\":null,\"WIDCOLLAPSE\":\"collapse\",\"WIDCHARTLEGENDINFO\":null,\"WIDCHARTNBSET\":null,\"WIDCHARTTYPE\":null,\"WIDCHARTUNIT\":null},{\"WIDID\":\"WDG0000000001\",\"WIDBEHAVIOR\":1,\"WIDTABLE\":1,\"WIDRSS\":0,\"WIDCHART\":0,\"WIDINFO\":0,\"WIDWIDTH\":20,\"WIDHEIGHT\":6,\"WIDX\":0,\"WIDY\":0,\"WIDPARAM\":null,\"WIDROWS\":10,\"UWPDCRE\":\"2020-06-06T10:10:08.000Z\",\"UWPDMAJ\":\"2020-06-06T10:10:08.000Z\",\"UWPUTIL\":\"admin\",\"WIDSNAP\":1,\"WIDSNAPFILE\":\"./repository/downloads/dashboard/INV0000001_HEINENS_CUSTOM_PROD.json\",\"LWQMWIDID\":null,\"LWQCWIDID\":null,\"LWQMFIELD\":null,\"LWQCFIELD\":null,\"LWQDCRE\":null,\"LWQDMAJ\":null,\"LWQUTIL\":null,\"WRSID\":\"WDG0000000001\",\"WRSFIELD\":\"LVCODE\",\"WRSHEADER\":\"LV code\",\"WRSPOSITION\":4,\"WRSDCRE\":\"2018-03-12T05:00:00.000Z\",\"WRSDMAJ\":\"2018-03-12T05:00:00.000Z\",\"WRSUTIL\":\"abe\",\"WIDNAME\":\"Sleeping Inventory (Warehouse)\",\"WIDDESC\":\"Sleeping Inventory (Warehouse)\",\"WIDCHARTX\":null,\"WIDCHARTDATA\":null,\"WIDCHARTLEGEND\":null,\"WIDCOLLAPSE\":\"collapse\",\"WIDCHARTLEGENDINFO\":null,\"WIDCHARTNBSET\":null,\"WIDCHARTTYPE\":null,\"WIDCHARTUNIT\":null},{\"WIDID\":\"WDG0000000001\",\"WIDBEHAVIOR\":1,\"WIDTABLE\":1,\"WIDRSS\":0,\"WIDCHART\":0,\"WIDINFO\":0,\"WIDWIDTH\":20,\"WIDHEIGHT\":6,\"WIDX\":0,\"WIDY\":0,\"WIDPARAM\":null,\"WIDROWS\":10,\"UWPDCRE\":\"2020-06-06T10:10:08.000Z\",\"UWPDMAJ\":\"2020-06-06T10:10:08.000Z\",\"UWPUTIL\":\"admin\",\"WIDSNAP\":1,\"WIDSNAPFILE\":\"./repository/downloads/dashboard/INV0000001_HEINENS_CUSTOM_PROD.json\",\"LWQMWIDID\":null,\"LWQCWIDID\":null,\"LWQMFIELD\":null,\"LWQCFIELD\":null,\"LWQDCRE\":null,\"LWQDMAJ\":null,\"LWQUTIL\":null,\"WRSID\":\"WDG0000000001\",\"WRSFIELD\":\"DESCVL\",\"WRSHEADER\":\"LV desc.\",\"WRSPOSITION\":5,\"WRSDCRE\":\"2018-03-12T05:00:00.000Z\",\"WRSDMAJ\":\"2018-03-12T05:00:00.000Z\",\"WRSUTIL\":\"abe\",\"WIDNAME\":\"Sleeping Inventory (Warehouse)\",\"WIDDESC\":\"Sleeping Inventory (Warehouse)\",\"WIDCHARTX\":null,\"WIDCHARTDATA\":null,\"WIDCHARTLEGEND\":null,\"WIDCOLLAPSE\":\"collapse\",\"WIDCHARTLEGENDINFO\":null,\"WIDCHARTNBSET\":null,\"WIDCHARTTYPE\":null,\"WIDCHARTUNIT\":null},{\"WIDID\":\"WDG0000000001\",\"WIDBEHAVIOR\":1,\"WIDTABLE\":1,\"WIDRSS\":0,\"WIDCHART\":0,\"WIDINFO\":0,\"WIDWIDTH\":20,\"WIDHEIGHT\":6,\"WIDX\":0,\"WIDY\":0,\"WIDPARAM\":null,\"WIDROWS\":10,\"UWPDCRE\":\"2020-06-06T10:10:08.000Z\",\"UWPDMAJ\":\"2020-06-06T10:10:08.000Z\",\"UWPUTIL\":\"admin\",\"WIDSNAP\":1,\"WIDSNAPFILE\":\"./repository/downloads/dashboard/INV0000001_HEINENS_CUSTOM_PROD.json\",\"LWQMWIDID\":null,\"LWQCWIDID\":null,\"LWQMFIELD\":null,\"LWQCFIELD\":null,\"LWQDCRE\":null,\"LWQDMAJ\":null,\"LWQUTIL\":null,\"WRSID\":\"WDG0000000001\",\"WRSFIELD\":\"INVENTORY\",\"WRSHEADER\":\"Inventory\",\"WRSPOSITION\":6,\"WRSDCRE\":\"2018-03-12T05:00:00.000Z\",\"WRSDMAJ\":\"2018-03-12T05:00:00.000Z\",\"WRSUTIL\":\"abe\",\"WIDNAME\":\"Sleeping Inventory (Warehouse)\",\"WIDDESC\":\"Sleeping Inventory (Warehouse)\",\"WIDCHARTX\":null,\"WIDCHARTDATA\":null,\"WIDCHARTLEGEND\":null,\"WIDCOLLAPSE\":\"collapse\",\"WIDCHARTLEGENDINFO\":null,\"WIDCHARTNBSET\":null,\"WIDCHARTTYPE\":null,\"WIDCHARTUNIT\":null},{\"WIDID\":\"WDG0000000001\",\"WIDBEHAVIOR\":1,\"WIDTABLE\":1,\"WIDRSS\":0,\"WIDCHART\":0,\"WIDINFO\":0,\"WIDWIDTH\":20,\"WIDHEIGHT\":6,\"WIDX\":0,\"WIDY\":0,\"WIDPARAM\":null,\"WIDROWS\":10,\"UWPDCRE\":\"2020-06-06T10:10:08.000Z\",\"UWPDMAJ\":\"2020-06-06T10:10:08.000Z\",\"UWPUTIL\":\"admin\",\"WIDSNAP\":1,\"WIDSNAPFILE\":\"./repository/downloads/dashboard/INV0000001_HEINENS_CUSTOM_PROD.json\",\"LWQMWIDID\":null,\"LWQCWIDID\":null,\"LWQMFIELD\":null,\"LWQCFIELD\":null,\"LWQDCRE\":null,\"LWQDMAJ\":null,\"LWQUTIL\":null,\"WRSID\":\"WDG0000000001\",\"WRSFIELD\":\"LASTMVT\",\"WRSHEADER\":\"Last Store mvt.\",\"WRSPOSITION\":7,\"WRSDCRE\":\"2018-03-12T05:00:00.000Z\",\"WRSDMAJ\":\"2018-03-12T05:00:00.000Z\",\"WRSUTIL\":\"abe\",\"WIDNAME\":\"Sleeping Inventory (Warehouse)\",\"WIDDESC\":\"Sleeping Inventory (Warehouse)\",\"WIDCHARTX\":null,\"WIDCHARTDATA\":null,\"WIDCHARTLEGEND\":null,\"WIDCOLLAPSE\":\"collapse\",\"WIDCHARTLEGENDINFO\":null,\"WIDCHARTNBSET\":null,\"WIDCHARTTYPE\":null,\"WIDCHARTUNIT\":null},{\"WIDID\":\"WDG0000000001\",\"WIDBEHAVIOR\":1,\"WIDTABLE\":1,\"WIDRSS\":0,\"WIDCHART\":0,\"WIDINFO\":0,\"WIDWIDTH\":20,\"WIDHEIGHT\":6,\"WIDX\":0,\"WIDY\":0,\"WIDPARAM\":null,\"WIDROWS\":10,\"UWPDCRE\":\"2020-06-06T10:10:08.000Z\",\"UWPDMAJ\":\"2020-06-06T10:10:08.000Z\",\"UWPUTIL\":\"admin\",\"WIDSNAP\":1,\"WIDSNAPFILE\":\"./repository/downloads/dashboard/INV0000001_HEINENS_CUSTOM_PROD.json\",\"LWQMWIDID\":null,\"LWQCWIDID\":null,\"LWQMFIELD\":null,\"LWQCFIELD\":null,\"LWQDCRE\":null,\"LWQDMAJ\":null,\"LWQUTIL\":null,\"WRSID\":\"WDG0000000001\",\"WRSFIELD\":\"LASTRECEIVING\",\"WRSHEADER\":\"Last receiving\",\"WRSPOSITION\":8,\"WRSDCRE\":\"2018-03-12T05:00:00.000Z\",\"WRSDMAJ\":\"2018-03-12T05:00:00.000Z\",\"WRSUTIL\":\"abe\",\"WIDNAME\":\"Sleeping Inventory (Warehouse)\",\"WIDDESC\":\"Sleeping Inventory (Warehouse)\",\"WIDCHARTX\":null,\"WIDCHARTDATA\":null,\"WIDCHARTLEGEND\":null,\"WIDCOLLAPSE\":\"collapse\",\"WIDCHARTLEGENDINFO\":null,\"WIDCHARTNBSET\":null,\"WIDCHARTTYPE\":null,\"WIDCHARTUNIT\":null},{\"WIDID\":\"WDG0000000001\",\"WIDBEHAVIOR\":1,\"WIDTABLE\":1,\"WIDRSS\":0,\"WIDCHART\":0,\"WIDINFO\":0,\"WIDWIDTH\":20,\"WIDHEIGHT\":6,\"WIDX\":0,\"WIDY\":0,\"WIDPARAM\":null,\"WIDROWS\":10,\"UWPDCRE\":\"2020-06-06T10:10:08.000Z\",\"UWPDMAJ\":\"2020-06-06T10:10:08.000Z\",\"UWPUTIL\":\"admin\",\"WIDSNAP\":1,\"WIDSNAPFILE\":\"./repository/downloads/dashboard/INV0000001_HEINENS_CUSTOM_PROD.json\",\"LWQMWIDID\":null,\"LWQCWIDID\":null,\"LWQMFIELD\":null,\"LWQCFIELD\":null,\"LWQDCRE\":null,\"LWQDMAJ\":null,\"LWQUTIL\":null,\"WRSID\":\"WDG0000000001\",\"WRSFIELD\":\"LASTSHIPMENT\",\"WRSHEADER\":\"Last shipment\",\"WRSPOSITION\":9,\"WRSDCRE\":\"2018-03-12T05:00:00.000Z\",\"WRSDMAJ\":\"2018-03-12T05:00:00.000Z\",\"WRSUTIL\":\"abe\",\"WIDNAME\":\"Sleeping Inventory (Warehouse)\",\"WIDDESC\":\"Sleeping Inventory (Warehouse)\",\"WIDCHARTX\":null,\"WIDCHARTDATA\":null,\"WIDCHARTLEGEND\":null,\"WIDCOLLAPSE\":\"collapse\",\"WIDCHARTLEGENDINFO\":null,\"WIDCHARTNBSET\":null,\"WIDCHARTTYPE\":null,\"WIDCHARTUNIT\":null}]"
11/9/2020 9:51:45 [lnevels] 11: "9 Object(s) returned... [FETCH]"
11/9/2020 9:51:45 [lnevels] 13: "./repository/downloads/dashboard/INV0000001_HEINENS_CUSTOM_PROD.json File(s) returned... [FETCH]"
11/9/2020 16:34:57 [lnevels] 301: "BEGIN PKREQUESTMANAGER.CALLQUERY(301,'SCR0000001','lnevels','{HEINENS_CUSTOM_PROD}', '{SCR0000000003,lnevels}','{HN}', :cursor); END;"
11/9/2020 16:34:57 [lnevels] 301: "[{\"SCREENID\":\"SCR0000000003\",\"SCREENINFO\":\"<div><i class=\\\"bbs-keywords\\\">What is it : </i>Supplier schedule give you the capability to review and maintain the already defined supplier schedule \\nfor a given supplier code or part of his description and the period to be reconsidered.\\n</div>\\n<div><i class=\\\"bbs-keywords\\\">Business case example :</i>Adjust the supplier delivery calendar due to holiday or temporary schedule change</div>\\n<div><i class=\\\"bbs-keywords\\\">Mechanism : </i>Tool is capturing the actual defined supplier schedule for the given period in order to gather\\nfundamental service information (commercial contrat, address chain, service contract, schedule (order day & time, delivery day & time), store associated to the schedule \\n</div> \\n<div><i class=\\\"bbs-keywords\\\">Scenario : </i>\\n     <li><b class=\\\"bbs-keywords-scenario\\\">Not finding the supplier: </b>That means for the given period, there is no actual supplier schedule. To resolve that, extend the period in the search panel. You will be able to readjust the end period once you get to the detail adjustment section.\\n     </li>'\\n</div>\"}]"
11/9/2020 16:34:57 [lnevels] 301: "1 Object(s) returned... [FETCH]"
11/9/2020 16:35:19 [lnevels] 302: "BEGIN PKREQUESTMANAGER.CALLQUERY(302,'SUP0000002','lnevels','{HEINENS_CUSTOM_PROD}', '{H091070,11/23/2020,11/30/2020}','{HN}', :cursor); END;"
11/9/2020 16:35:20 [lnevels] 302: "140 Object(s) returned... [FETCH]"
11/9/2020 16:50:38 [lnevels] 303: "BEGIN PKREQUESTMANAGER.CALLQUERY(303,'SCH0000001','lnevels','{HEINENS_CUSTOM_PROD}', '{H091070,H091070C,0,H091070S,11/23/2020,11/30/2020,lnevels,1,4,5,6,7,8,9,10,11,12,14,15,16,17,18,19,20,21,22,41,42,43,44,99918,99951,99952,99953,99960}','{HN}', :cursor); END;"
11/9/2020 16:50:39 [lnevels] 303: "[{\"'ALTERED'\":\"altered\"}]"
11/9/2020 16:50:39 [lnevels] 303: "1 Object(s) returned... [FETCH]"
11/9/2020 16:50:39 [lnevels] 304: "BEGIN PKREQUESTMANAGER.CALLQUERY(304,'SCH0000002','lnevels','{HEINENS_CUSTOM_PROD}', '{H091070,H091070C,0,H091070S,11/23/2020,2110,11/24/2020,0800,lnevels,1,4,5,6,7,8,9,10,11,12,14,15,16,17,18,19,20,21,22,41,42,43,44,99918,99951,99952,99953,99960}','{HN}', :cursor); END;"
11/9/2020 16:50:39 [lnevels] 305: "BEGIN PKREQUESTMANAGER.CALLQUERY(305,'SCH0000002','lnevels','{HEINENS_CUSTOM_PROD}', '{H091070,H091070C,0,H091070S,11/27/2020,2110,11/28/2020,0800,lnevels,1,4,5,6,7,8,9,10,11,12,14,15,16,17,18,19,20,21,22,41,42,43,44,99918,99951,99952,99953,99960}','{HN}', :cursor); END;"
11/9/2020 16:50:39 [lnevels] 306: "BEGIN PKREQUESTMANAGER.CALLQUERY(306,'SCH0000002','lnevels','{HEINENS_CUSTOM_PROD}', '{H091070,H091070C,0,H091070S,11/24/2020,2110,11/25/2020,0800,lnevels,1,4,5,6,7,8,9,10,11,12,14,15,16,17,18,19,20,21,22,41,42,43,44,99918,99951,99952,99953,99960}','{HN}', :cursor); END;"
11/9/2020 16:50:39 [lnevels] 307: "BEGIN PKREQUESTMANAGER.CALLQUERY(307,'SCH0000002','lnevels','{HEINENS_CUSTOM_PROD}', '{H091070,H091070C,0,H091070S,11/29/2020,2110,11/30/2020,0800,lnevels,1,4,5,6,7,8,9,10,11,12,14,15,16,17,18,19,20,21,22,41,42,43,44,99918,99951,99952,99953,99960}','{HN}', :cursor); END;"
11/9/2020 16:50:39 [lnevels] 304: "[{\"'ALTERED'\":\"altered\"}]"
11/9/2020 16:50:39 [lnevels] 304: "1 Object(s) returned... [FETCH]"
11/9/2020 16:50:40 [lnevels] 307: "[{\"'ALTERED'\":\"altered\"}]"
11/9/2020 16:50:40 [lnevels] 307: "1 Object(s) returned... [FETCH]"
11/9/2020 16:50:40 [lnevels] 305: "[{\"'ALTERED'\":\"altered\"}]"
11/9/2020 16:50:40 [lnevels] 305: "1 Object(s) returned... [FETCH]"
11/9/2020 16:50:40 [lnevels] 306: "[{\"'ALTERED'\":\"altered\"}]"
11/9/2020 16:50:40 [lnevels] 306: "1 Object(s) returned... [FETCH]"
11/9/2020 16:51:55 [lnevels] 308: "BEGIN PKREQUESTMANAGER.CALLQUERY(308,'SUP0000002','lnevels','{HEINENS_CUSTOM_PROD}', '{H091071,11/23/2020,11/30/2020}','{HN}', :cursor); END;"
11/9/2020 16:51:56 [lnevels] 308: "135 Object(s) returned... [FETCH]"
11/9/2020 16:52:19 [lnevels] 309: "BEGIN PKREQUESTMANAGER.CALLQUERY(309,'SCH0000001','lnevels','{HEINENS_CUSTOM_PROD}', '{H091071,H091071C,0,H091071S,11/23/2020,11/30/2020,lnevels,1,4,5,6,7,8,9,10,11,12,14,15,16,17,18,19,20,21,22,41,42,43,44,99918,99951,99952,99953}','{HN}', :cursor); END;"
11/9/2020 16:52:19 [lnevels] 309: "[{\"'ALTERED'\":\"altered\"}]"
11/9/2020 16:52:19 [lnevels] 309: "1 Object(s) returned... [FETCH]"
11/9/2020 16:52:19 [lnevels] 310: "BEGIN PKREQUESTMANAGER.CALLQUERY(310,'SCH0000002','lnevels','{HEINENS_CUSTOM_PROD}', '{H091071,H091071C,0,H091071S,11/23/2020,2110,11/24/2020,0800,lnevels,1,4,5,6,7,8,9,10,11,12,14,15,16,17,18,19,20,21,22,41,42,43,44,99918,99951,99952,99953}','{HN}', :cursor); END;"
11/9/2020 16:52:19 [lnevels] 311: "BEGIN PKREQUESTMANAGER.CALLQUERY(311,'SCH0000002','lnevels','{HEINENS_CUSTOM_PROD}', '{H091071,H091071C,0,H091071S,11/27/2020,2110,11/28/2020,0800,lnevels,1,4,5,6,7,8,9,10,11,12,14,15,16,17,18,19,20,21,22,41,42,43,44,99918,99951,99952,99953}','{HN}', :cursor); END;"
11/9/2020 16:52:19 [lnevels] 312: "BEGIN PKREQUESTMANAGER.CALLQUERY(312,'SCH0000002','lnevels','{HEINENS_CUSTOM_PROD}', '{H091071,H091071C,0,H091071S,11/24/2020,2110,11/25/2020,0800,lnevels,1,4,5,6,7,8,9,10,11,12,14,15,16,17,18,19,20,21,22,41,42,43,44,99918,99951,99952,99953}','{HN}', :cursor); END;"
11/9/2020 16:52:19 [lnevels] 313: "BEGIN PKREQUESTMANAGER.CALLQUERY(313,'SCH0000002','lnevels','{HEINENS_CUSTOM_PROD}', '{H091071,H091071C,0,H091071S,11/29/2020,2110,11/30/2020,0800,lnevels,1,4,5,6,7,8,9,10,11,12,14,15,16,17,18,19,20,21,22,41,42,43,44,99918,99951,99952,99953}','{HN}', :cursor); END;"
11/9/2020 16:52:20 [lnevels] 310: "[{\"'ALTERED'\":\"altered\"}]"
11/9/2020 16:52:20 [lnevels] 310: "1 Object(s) returned... [FETCH]"
11/9/2020 16:52:20 [lnevels] 311: "[{\"'ALTERED'\":\"altered\"}]"
11/9/2020 16:52:20 [lnevels] 311: "1 Object(s) returned... [FETCH]"
11/9/2020 16:52:20 [lnevels] 313: "[{\"'ALTERED'\":\"altered\"}]"
11/9/2020 16:52:20 [lnevels] 313: "1 Object(s) returned... [FETCH]"
11/9/2020 16:52:20 [lnevels] 312: "[{\"'ALTERED'\":\"altered\"}]"
11/9/2020 16:52:20 [lnevels] 312: "1 Object(s) returned... [FETCH]"
11/9/2020 16:57:48 [lnevels] 314: "BEGIN PKREQUESTMANAGER.CALLQUERY(314,'SUP0000002','lnevels','{HEINENS_CUSTOM_PROD}', '{08065,11/23/2020,11/30/2020}','{HN}', :cursor); END;"
11/9/2020 16:57:48 [lnevels] 314: "265 Object(s) returned... [FETCH]"
11/9/2020 16:58:36 [lnevels] 315: "BEGIN PKREQUESTMANAGER.CALLQUERY(315,'SCH0000001','lnevels','{HEINENS_CUSTOM_PROD}', '{08065,08065CC,0,08065SC,11/23/2020,11/30/2020,lnevels,1,4,5,6,7,8,9,10,11,12,14,15,16,17,18,19,20,21,22,41,42,43,44}','{HN}', :cursor); END;"
11/9/2020 16:58:36 [lnevels] 315: "[{\"'ALTERED'\":\"altered\"}]"
11/9/2020 16:58:36 [lnevels] 315: "1 Object(s) returned... [FETCH]"
11/9/2020 16:58:36 [lnevels] 316: "BEGIN PKREQUESTMANAGER.CALLQUERY(316,'SCH0000002','lnevels','{HEINENS_CUSTOM_PROD}', '{08065,08065CC,0,08065SC,11/23/2020,1010,11/24/2020,0600,lnevels,1,4,5,6,7,8,9,10,11,12,14,15,16,17,18,19,20,21,22,41,42,43,44}','{HN}', :cursor); END;"
11/9/2020 16:58:36 [lnevels] 317: "BEGIN PKREQUESTMANAGER.CALLQUERY(317,'SCH0000002','lnevels','{HEINENS_CUSTOM_PROD}', '{08065,08065CC,0,08065SC,11/30/2020,1010,12/01/2020,0600,lnevels,1,4,5,6,7,8,9,10,11,12,14,15,16,17,18,19,20,21,22,41,42,43,44}','{HN}', :cursor); END;"
11/9/2020 16:58:36 [lnevels] 318: "BEGIN PKREQUESTMANAGER.CALLQUERY(318,'SCH0000002','lnevels','{HEINENS_CUSTOM_PROD}', '{08065,08065CC,0,08065SC,11/24/2020,2110,11/26/2020,0600,lnevels,1,4,5,6,7,8,9,10,11,12,14,15,16,17,18,19,20,21,22,41,42,43,44}','{HN}', :cursor); END;"
11/9/2020 16:58:36 [lnevels] 319: "BEGIN PKREQUESTMANAGER.CALLQUERY(319,'SCH0000002','lnevels','{HEINENS_CUSTOM_PROD}', '{08065,08065CC,0,08065SC,11/27/2020,1010,11/28/2020,0600,lnevels,1,4,5,6,7,8,9,10,11,12,14,15,16,17,18,19,20,21,22,41,42,43,44}','{HN}', :cursor); END;"
11/9/2020 16:58:36 [lnevels] 320: "BEGIN PKREQUESTMANAGER.CALLQUERY(320,'SCH0000002','lnevels','{HEINENS_CUSTOM_PROD}', '{08065,08065CC,0,08065SC,11/26/2020,2110,11/28/2020,0600,lnevels,1,4,5,6,7,8,9,10,11,12,14,15,16,17,18,19,20,21,22,41,42,43,44}','{HN}', :cursor); END;"
11/9/2020 16:58:36 [lnevels] 321: "BEGIN PKREQUESTMANAGER.CALLQUERY(321,'SCH0000002','lnevels','{HEINENS_CUSTOM_PROD}', '{08065,08065CC,0,08065SC,11/29/2020,2110,12/01/2020,0600,lnevels,1,4,5,6,7,8,9,10,11,12,14,15,16,17,18,19,20,21,22,41,42,43,44}','{HN}', :cursor); END;"
11/9/2020 16:58:36 [lnevels] 316: "[{\"'ALTERED'\":\"altered\"}]"
11/9/2020 16:58:36 [lnevels] 316: "1 Object(s) returned... [FETCH]"
11/9/2020 16:58:36 [lnevels] 317: "[{\"'ALTERED'\":\"altered\"}]"
11/9/2020 16:58:36 [lnevels] 317: "1 Object(s) returned... [FETCH]"
11/9/2020 16:58:36 [lnevels] 318: "[{\"'ALTERED'\":\"altered\"}]"
11/9/2020 16:58:36 [lnevels] 318: "1 Object(s) returned... [FETCH]"
11/9/2020 16:58:36 [lnevels] 319: "[{\"'ALTERED'\":\"altered\"}]"
11/9/2020 16:58:36 [lnevels] 319: "1 Object(s) returned... [FETCH]"
11/9/2020 16:58:36 [lnevels] 320: "[{\"'ALTERED'\":\"altered\"}]"
11/9/2020 16:58:36 [lnevels] 320: "1 Object(s) returned... [FETCH]"
11/9/2020 16:58:36 [lnevels] 321: "[{\"'ALTERED'\":\"altered\"}]"
11/9/2020 16:58:36 [lnevels] 321: "1 Object(s) returned... [FETCH]"
11/9/2020 16:59:3 [lnevels] 322: "BEGIN PKREQUESTMANAGER.CALLQUERY(322,'SCH0000001','lnevels','{HEINENS_CUSTOM_PROD}', '{08065,08065CC,0,08065SC,11/23/2020,11/30/2020,lnevels,1,4,5,6,7,8,9,10,11,12,14,15,16,17,18,19,20,21,22,41,42,43,44}','{HN}', :cursor); END;"
11/9/2020 16:59:4 [lnevels] 322: "[{\"'ALTERED'\":\"altered\"}]"
11/9/2020 16:59:4 [lnevels] 322: "1 Object(s) returned... [FETCH]"
11/9/2020 16:59:4 [lnevels] 323: "BEGIN PKREQUESTMANAGER.CALLQUERY(323,'SCH0000002','lnevels','{HEINENS_CUSTOM_PROD}', '{08065,08065CC,0,08065SC,11/23/2020,1010,11/24/2020,0600,lnevels,1,4,5,6,7,8,9,10,11,12,14,15,16,17,18,19,20,21,22,41,42,43,44}','{HN}', :cursor); END;"
11/9/2020 16:59:4 [lnevels] 324: "BEGIN PKREQUESTMANAGER.CALLQUERY(324,'SCH0000002','lnevels','{HEINENS_CUSTOM_PROD}', '{08065,08065CC,0,08065SC,11/24/2020,2110,11/26/2020,0600,lnevels,1,4,5,6,7,8,9,10,11,12,14,15,16,17,18,19,20,21,22,41,42,43,44}','{HN}', :cursor); END;"
11/9/2020 16:59:4 [lnevels] 325: "BEGIN PKREQUESTMANAGER.CALLQUERY(325,'SCH0000002','lnevels','{HEINENS_CUSTOM_PROD}', '{08065,08065CC,0,08065SC,11/27/2020,1010,11/28/2020,0600,lnevels,1,4,5,6,7,8,9,10,11,12,14,15,16,17,18,19,20,21,22,41,42,43,44}','{HN}', :cursor); END;"
11/9/2020 16:59:4 [lnevels] 326: "BEGIN PKREQUESTMANAGER.CALLQUERY(326,'SCH0000002','lnevels','{HEINENS_CUSTOM_PROD}', '{08065,08065CC,0,08065SC,11/29/2020,2110,12/01/2020,0600,lnevels,1,4,5,6,7,8,9,10,11,12,14,15,16,17,18,19,20,21,22,41,42,43,44}','{HN}', :cursor); END;"
11/9/2020 16:59:4 [lnevels] 327: "BEGIN PKREQUESTMANAGER.CALLQUERY(327,'SCH0000002','lnevels','{HEINENS_CUSTOM_PROD}', '{08065,08065CC,0,08065SC,11/30/2020,1010,12/01/2020,0600,lnevels,1,4,5,6,7,8,9,10,11,12,14,15,16,17,18,19,20,21,22,41,42,43,44}','{HN}', :cursor); END;"
11/9/2020 16:59:4 [lnevels] 323: "[{\"'ALTERED'\":\"altered\"}]"
11/9/2020 16:59:4 [lnevels] 323: "1 Object(s) returned... [FETCH]"
11/9/2020 16:59:4 [lnevels] 325: "[{\"'ALTERED'\":\"altered\"}]"
11/9/2020 16:59:4 [lnevels] 325: "1 Object(s) returned... [FETCH]"
11/9/2020 16:59:4 [lnevels] 324: "[{\"'ALTERED'\":\"altered\"}]"
11/9/2020 16:59:4 [lnevels] 324: "1 Object(s) returned... [FETCH]"
11/9/2020 16:59:4 [lnevels] 326: "[{\"'ALTERED'\":\"altered\"}]"
11/9/2020 16:59:4 [lnevels] 326: "1 Object(s) returned... [FETCH]"
11/9/2020 16:59:4 [lnevels] 327: "[{\"'ALTERED'\":\"altered\"}]"
11/9/2020 16:59:4 [lnevels] 327: "1 Object(s) returned... [FETCH]"
11/9/2020 17:0:24 [lnevels] 328: "BEGIN PKREQUESTMANAGER.CALLQUERY(328,'SCH0000001','lnevels','{HEINENS_CUSTOM_PROD}', '{08065,08065CC,0,08065SC,11/23/2020,11/30/2020,lnevels,1,4,5,6,7,8,9,10,11,12,14,15,16,17,18,19,20,21,22,41,42,43,44}','{HN}', :cursor); END;"
11/9/2020 17:0:24 [lnevels] 328: "[{\"'ALTERED'\":\"altered\"}]"
11/9/2020 17:0:24 [lnevels] 328: "1 Object(s) returned... [FETCH]"
11/9/2020 17:0:24 [lnevels] 329: "BEGIN PKREQUESTMANAGER.CALLQUERY(329,'SCH0000002','lnevels','{HEINENS_CUSTOM_PROD}', '{08065,08065CC,0,08065SC,11/23/2020,1010,11/24/2020,0600,lnevels,1,4,5,6,7,8,9,10,11,12,14,15,16,17,18,19,20,21,22,41,42,43,44}','{HN}', :cursor); END;"
11/9/2020 17:0:24 [lnevels] 330: "BEGIN PKREQUESTMANAGER.CALLQUERY(330,'SCH0000002','lnevels','{HEINENS_CUSTOM_PROD}', '{08065,08065CC,0,08065SC,11/24/2020,2110,11/26/2020,0600,lnevels,1,4,5,6,7,8,9,10,11,12,14,15,16,17,18,19,20,21,22,41,42,43,44}','{HN}', :cursor); END;"
11/9/2020 17:0:24 [lnevels] 331: "BEGIN PKREQUESTMANAGER.CALLQUERY(331,'SCH0000002','lnevels','{HEINENS_CUSTOM_PROD}', '{08065,08065CC,0,08065SC,11/26/2020,2110,11/28/2020,0600,lnevels,1,4,5,6,7,8,9,10,11,12,14,15,16,17,18,19,20,21,22,41,42,43,44}','{HN}', :cursor); END;"
11/9/2020 17:0:24 [lnevels] 332: "BEGIN PKREQUESTMANAGER.CALLQUERY(332,'SCH0000002','lnevels','{HEINENS_CUSTOM_PROD}', '{08065,08065CC,0,08065SC,11/27/2020,1010,11/28/2020,0600,lnevels,1,4,5,6,7,8,9,10,11,12,14,15,16,17,18,19,20,21,22,41,42,43,44}','{HN}', :cursor); END;"
11/9/2020 17:0:24 [lnevels] 333: "BEGIN PKREQUESTMANAGER.CALLQUERY(333,'SCH0000002','lnevels','{HEINENS_CUSTOM_PROD}', '{08065,08065CC,0,08065SC,11/29/2020,2110,12/01/2020,0600,lnevels,1,4,5,6,7,8,9,10,11,12,14,15,16,17,18,19,20,21,22,41,42,43,44}','{HN}', :cursor); END;"
11/9/2020 17:0:24 [lnevels] 334: "BEGIN PKREQUESTMANAGER.CALLQUERY(334,'SCH0000002','lnevels','{HEINENS_CUSTOM_PROD}', '{08065,08065CC,0,08065SC,11/30/2020,1010,12/01/2020,0600,lnevels,1,4,5,6,7,8,9,10,11,12,14,15,16,17,18,19,20,21,22,41,42,43,44}','{HN}', :cursor); END;"
11/9/2020 17:0:24 [lnevels] 329: "[{\"'ALTERED'\":\"altered\"}]"
11/9/2020 17:0:24 [lnevels] 329: "1 Object(s) returned... [FETCH]"
11/9/2020 17:0:25 [lnevels] 331: "[{\"'ALTERED'\":\"altered\"}]"
11/9/2020 17:0:25 [lnevels] 331: "1 Object(s) returned... [FETCH]"
11/9/2020 17:0:25 [lnevels] 332: "[{\"'ALTERED'\":\"altered\"}]"
11/9/2020 17:0:25 [lnevels] 332: "1 Object(s) returned... [FETCH]"
11/9/2020 17:0:25 [lnevels] 333: "[{\"'ALTERED'\":\"altered\"}]"
11/9/2020 17:0:25 [lnevels] 333: "1 Object(s) returned... [FETCH]"
11/9/2020 17:0:25 [lnevels] 330: "[{\"'ALTERED'\":\"altered\"}]"
11/9/2020 17:0:25 [lnevels] 330: "1 Object(s) returned... [FETCH]"
11/9/2020 17:0:25 [lnevels] 334: "[{\"'ALTERED'\":\"altered\"}]"
11/9/2020 17:0:25 [lnevels] 334: "1 Object(s) returned... [FETCH]"
11/9/2020 17:2:56 [lnevels] 335: "BEGIN PKREQUESTMANAGER.CALLQUERY(335,'SCH0000001','lnevels','{HEINENS_CUSTOM_PROD}', '{08065,08065CC,0,08065SC,11/23/2020,11/30/2020,lnevels,1,4,5,6,7,8,9,10,11,12,14,15,16,17,18,19,20,21,22,41,42,43,44}','{HN}', :cursor); END;"
11/9/2020 17:2:56 [lnevels] 335: "[{\"'ALTERED'\":\"altered\"}]"
11/9/2020 17:2:56 [lnevels] 335: "1 Object(s) returned... [FETCH]"
11/9/2020 17:2:56 [lnevels] 336: "BEGIN PKREQUESTMANAGER.CALLQUERY(336,'SCH0000002','lnevels','{HEINENS_CUSTOM_PROD}', '{08065,08065CC,0,08065SC,11/23/2020,1010,11/24/2020,0600,lnevels,1,4,5,6,7,8,9,10,11,12,14,15,16,17,18,19,20,21,22,41,42,43,44}','{HN}', :cursor); END;"
11/9/2020 17:2:56 [lnevels] 337: "BEGIN PKREQUESTMANAGER.CALLQUERY(337,'SCH0000002','lnevels','{HEINENS_CUSTOM_PROD}', '{08065,08065CC,0,08065SC,11/26/2020,2110,11/28/2020,0600,lnevels,1,4,5,6,7,8,9,10,11,12,14,15,16,17,18,19,20,21,22,41,42,43,44}','{HN}', :cursor); END;"
11/9/2020 17:2:56 [lnevels] 338: "BEGIN PKREQUESTMANAGER.CALLQUERY(338,'SCH0000002','lnevels','{HEINENS_CUSTOM_PROD}', '{08065,08065CC,0,08065SC,11/27/2020,1010,11/28/2020,0600,lnevels,1,4,5,6,7,8,9,10,11,12,14,15,16,17,18,19,20,21,22,41,42,43,44}','{HN}', :cursor); END;"
11/9/2020 17:2:56 [lnevels] 339: "BEGIN PKREQUESTMANAGER.CALLQUERY(339,'SCH0000002','lnevels','{HEINENS_CUSTOM_PROD}', '{08065,08065CC,0,08065SC,11/30/2020,1010,12/01/2020,0600,lnevels,1,4,5,6,7,8,9,10,11,12,14,15,16,17,18,19,20,21,22,41,42,43,44}','{HN}', :cursor); END;"
11/9/2020 17:2:56 [lnevels] 340: "BEGIN PKREQUESTMANAGER.CALLQUERY(340,'SCH0000002','lnevels','{HEINENS_CUSTOM_PROD}', '{08065,08065CC,0,08065SC,11/29/2020,2110,12/01/2020,0600,lnevels,1,4,5,6,7,8,9,10,11,12,14,15,16,17,18,19,20,21,22,41,42,43,44}','{HN}', :cursor); END;"
11/9/2020 17:2:56 [lnevels] 336: "[{\"'ALTERED'\":\"altered\"}]"
11/9/2020 17:2:56 [lnevels] 336: "1 Object(s) returned... [FETCH]"
11/9/2020 17:2:56 [lnevels] 337: "[{\"'ALTERED'\":\"altered\"}]"
11/9/2020 17:2:56 [lnevels] 337: "1 Object(s) returned... [FETCH]"
11/9/2020 17:2:56 [lnevels] 339: "[{\"'ALTERED'\":\"altered\"}]"
11/9/2020 17:2:56 [lnevels] 339: "1 Object(s) returned... [FETCH]"
11/9/2020 17:2:56 [lnevels] 338: "[{\"'ALTERED'\":\"altered\"}]"
11/9/2020 17:2:56 [lnevels] 338: "1 Object(s) returned... [FETCH]"
11/9/2020 17:2:56 [lnevels] 340: "[{\"'ALTERED'\":\"altered\"}]"
11/9/2020 17:2:56 [lnevels] 340: "1 Object(s) returned... [FETCH]"
11/9/2020 17:11:40 [lnevels] 341: "BEGIN PKREQUESTMANAGER.CALLQUERY(341,'SUP0000002','lnevels','{HEINENS_CUSTOM_PROD}', '{08065,11/23/2020,11/30/2020}','{HN}', :cursor); END;"
11/9/2020 17:11:40 [lnevels] 341: "242 Object(s) returned... [FETCH]"
11/9/2020 17:12:21 [lnevels] 342: "BEGIN PKREQUESTMANAGER.CALLQUERY(342,'SCH0000001','lnevels','{HEINENS_CUSTOM_PROD}', '{08065,08065CCB,0,08065SCB,11/23/2020,11/30/2020,lnevels,1,4,5,6,7,8,9,10,11,12,14,15,16,17,18,19,20,21,22,41,42,43,44}','{HN}', :cursor); END;"
11/9/2020 17:12:22 [lnevels] 342: "[{\"'ALTERED'\":\"altered\"}]"
11/9/2020 17:12:22 [lnevels] 342: "1 Object(s) returned... [FETCH]"
11/9/2020 17:12:22 [lnevels] 343: "BEGIN PKREQUESTMANAGER.CALLQUERY(343,'SCH0000002','lnevels','{HEINENS_CUSTOM_PROD}', '{08065,08065CCB,0,08065SCB,11/23/2020,0810,11/24/2020,0000,lnevels,1,4,5,6,7,8,9,10,11,12,14,15,16,17,18,19,20,21,22,41,42,43,44}','{HN}', :cursor); END;"
11/9/2020 17:12:22 [lnevels] 344: "BEGIN PKREQUESTMANAGER.CALLQUERY(344,'SCH0000002','lnevels','{HEINENS_CUSTOM_PROD}', '{08065,08065CCB,0,08065SCB,11/27/2020,0810,11/28/2020,0000,lnevels,1,4,5,6,7,8,9,10,11,12,14,15,16,17,18,19,20,21,22,41,42,43,44}','{HN}', :cursor); END;"
11/9/2020 17:12:22 [lnevels] 345: "BEGIN PKREQUESTMANAGER.CALLQUERY(345,'SCH0000002','lnevels','{HEINENS_CUSTOM_PROD}', '{08065,08065CCB,0,08065SCB,11/30/2020,0810,12/01/2020,0000,lnevels,1,4,5,6,7,8,9,10,11,12,14,15,16,17,18,19,20,21,22,41,42,43,44}','{HN}', :cursor); END;"
11/9/2020 17:12:22 [lnevels] 343: "[{\"'ALTERED'\":\"altered\"}]"
11/9/2020 17:12:22 [lnevels] 343: "1 Object(s) returned... [FETCH]"
11/9/2020 17:12:22 [lnevels] 345: "[{\"'ALTERED'\":\"altered\"}]"
11/9/2020 17:12:22 [lnevels] 345: "1 Object(s) returned... [FETCH]"
11/9/2020 17:12:22 [lnevels] 344: "[{\"'ALTERED'\":\"altered\"}]"
11/9/2020 17:12:22 [lnevels] 344: "1 Object(s) returned... [FETCH]"
