11/9/2020 9:42:21 [mgarry] 1: "BEGIN PKREQUESTMANAGER.CALLQUERY(1,'ADM0000001','mgarry','{}', '{mgarry,heinens}','{}', :cursor); END;"
11/9/2020 9:42:21 [mgarry] 1: "[]"
11/9/2020 9:42:21 [mgarry] 1: "0 Object(s) returned... [FETCH]"
11/9/2020 9:42:31 [mgarry] 2: "BEGIN PKREQUESTMANAGER.CALLQUERY(2,'ADM0000001','mgarry','{}', '{mgarry,Heinens}','{}', :cursor); END;"
11/9/2020 9:42:31 [mgarry] 2: "[]"
11/9/2020 9:42:31 [mgarry] 2: "0 Object(s) returned... [FETCH]"
11/9/2020 9:42:39 [mgarry] 3: "BEGIN PKREQUESTMANAGER.CALLQUERY(3,'ADM0000001','mgarry','{}', '{mgarry,mg152186mg}','{}', :cursor); END;"
11/9/2020 9:42:39 [mgarry] 3: "[]"
11/9/2020 9:42:39 [mgarry] 3: "0 Object(s) returned... [FETCH]"
11/9/2020 9:42:47 [mgarry] 4: "BEGIN PKREQUESTMANAGER.CALLQUERY(4,'ADM0000001','mgarry','{}', '{mgarry,Heinens}','{}', :cursor); END;"
11/9/2020 9:42:47 [mgarry] 4: "[]"
11/9/2020 9:42:47 [mgarry] 4: "0 Object(s) returned... [FETCH]"
11/9/2020 9:43:24 [mgarry] 5: "BEGIN PKREQUESTMANAGER.CALLQUERY(5,'ADM0000001','mgarry','{}', '{mgarry,heinens}','{}', :cursor); END;"
11/9/2020 9:43:24 [mgarry] 5: "[]"
11/9/2020 9:43:24 [mgarry] 5: "0 Object(s) returned... [FETCH]"
11/9/2020 9:43:27 [mgarry] 6: "BEGIN PKREQUESTMANAGER.CALLQUERY(6,'ADM0000001','mgarry','{}', '{mgarry,heinnes}','{}', :cursor); END;"
11/9/2020 9:43:28 [mgarry] 6: "[]"
11/9/2020 9:43:28 [mgarry] 6: "0 Object(s) returned... [FETCH]"
11/9/2020 9:45:29 [mgarry] 7: "BEGIN PKREQUESTMANAGER.CALLQUERY(7,'ADM0000001','mgarry','{}', '{mgarry,heinnes}','{}', :cursor); END;"
11/9/2020 9:45:29 [mgarry] 7: "[]"
11/9/2020 9:45:29 [mgarry] 7: "0 Object(s) returned... [FETCH]"
11/9/2020 10:8:13 [mgarry] 22: "BEGIN PKREQUESTMANAGER.CALLQUERY(22,'ADM0000001','mgarry','{}', '{mgarry,heinens}','{}', :cursor); END;"
11/9/2020 10:8:13 [mgarry] 22: "[]"
11/9/2020 10:8:13 [mgarry] 22: "0 Object(s) returned... [FETCH]"
11/9/2020 10:9:25 [mgarry] 23: "BEGIN PKREQUESTMANAGER.CALLQUERY(23,'ADM0000001','mgarry','{}', '{mgarry,heinens}','{}', :cursor); END;"
11/9/2020 10:9:25 [mgarry] 23: "[]"
11/9/2020 10:9:25 [mgarry] 23: "0 Object(s) returned... [FETCH]"
11/9/2020 10:16:29 [mgarry] 26: "BEGIN PKREQUESTMANAGER.CALLQUERY(26,'ADM0000001','mgarry','{}', '{mgarry,Heinens}','{}', :cursor); END;"
11/9/2020 10:16:29 [mgarry] 26: "[{\"USERID\":\"mgarry\",\"USERFNAME\":\"Michele\",\"USERLNAME\":\"Garry\",\"USEREMAIL\":\"mgarry@heinens.com\",\"USERMOBILE\":null}]"
11/9/2020 10:16:29 [mgarry] 26: "1 Object(s) returned... [FETCH]"
11/9/2020 10:16:29 [mgarry] 27: "BEGIN PKREQUESTMANAGER.CALLQUERY(27,'CLI0000002','mgarry','{}', '{mgarry}','{}', :cursor); END;"
11/9/2020 10:16:30 [mgarry] 27: "[{\"USERID\":\"mgarry\",\"USERCORPID\":2,\"USERPASS\":\"SGVpbmVucw==\",\"USERAUTH\":null,\"USERLANG\":\"us_US\",\"USERPROF\":null,\"USERAPPLI\":3,\"USERFNAME\":\"Michele\",\"USERLNAME\":\"Garry\",\"USEREMAIL\":\"mgarry@heinens.com\",\"USERMOBILE\":null,\"USERTEAM\":null,\"USERACTIVE\":1,\"USERDCRE\":\"2020-11-09T05:00:00.000Z\",\"USERDMAJ\":\"2020-11-09T05:00:00.000Z\",\"USERUTIL\":\"admin\",\"USERTYPE\":2}]"
11/9/2020 10:16:30 [mgarry] 27: "1 Object(s) returned... [FETCH]"
11/9/2020 10:16:30 [mgarry] 28: "BEGIN PKREQUESTMANAGER.CALLQUERY(28,'CLI0000003','mgarry','{}', '{mgarry}','{}', :cursor); END;"
11/9/2020 10:16:30 [mgarry] 28: "[{\"LEVEL\":\"CORPORATE\",\"ENVID\":1,\"ENVCORPID\":2,\"CORPSDESC\":\"Heinen's\",\"ENVCODE\":\"CENTRAL_UAT\",\"ENVTYPE\":4,\"ENVACTIVE\":1,\"ENVSDESC\":\"User Acceptance\",\"ENVLDESC\":\"Heinen's Central UAT environement\",\"ENVDBTYPE\":1,\"ENVIP\":\"10.200.14.232\",\"ENVPORT\":1521,\"ENVUSER\":\"hntcen\",\"ENVPASSWORD\":\"Heinen123!\",\"ENVSOURCE\":\"test\",\"ENVDBLINK\":\"HEINENS_CEN_UAT\",\"ENVDEFAULT\":0,\"ENVDCRE\":\"2017-03-21T05:00:00.000Z\",\"ENVDMAJ\":\"2017-03-21T05:00:00.000Z\",\"ENVUTIL\":\"abe\",\"ENVVERSION\":1,\"ENVDEFLANG\":\"HN\",\"CORPPIC\":\"./assets/pictures/corporate/heinens.jpg\",\"ENVVARINITSH\":\". /home/hntcen/env/envCEN\",\"ENVTITLECOLOR\":\"yellow\",\"ENVTITLE\":\"Inventory Control Room (Acceptance)\"},{\"LEVEL\":\"CORPORATE\",\"ENVID\":2,\"ENVCORPID\":2,\"CORPSDESC\":\"Heinen's\",\"ENVCODE\":\"STOCK_UAT\",\"ENVTYPE\":4,\"ENVACTIVE\":1,\"ENVSDESC\":\"Heinen's Stock UAT\",\"ENVLDESC\":\"Heinen's Stock UAT environement\",\"ENVDBTYPE\":1,\"ENVIP\":\"10.200.14.232\",\"ENVPORT\":1521,\"ENVUSER\":\"hntstk\",\"ENVPASSWORD\":\"Heinen123!\",\"ENVSOURCE\":\"test\",\"ENVDBLINK\":\"HEINENS_STK_UAT\",\"ENVDEFAULT\":0,\"ENVDCRE\":\"2017-03-21T05:00:00.000Z\",\"ENVDMAJ\":\"2017-03-21T05:00:00.000Z\",\"ENVUTIL\":\"abe\",\"ENVVERSION\":2,\"ENVDEFLANG\":\"HN\",\"CORPPIC\":\"./assets/pictures/corporate/heinens.jpg\",\"ENVVARINITSH\":\". /home/hntstk/env/envSTK\",\"ENVTITLECOLOR\":\"yellow\",\"ENVTITLE\":\"Inventory Control Room (Acceptance)\"},{\"LEVEL\":\"USER\",\"ENVID\":1,\"ENVCORPID\":2,\"CORPSDESC\":\"Heinen's\",\"ENVCODE\":\"CENTRAL_UAT\",\"ENVTYPE\":4,\"ENVACTIVE\":1,\"ENVSDESC\":\"User Acceptance\",\"ENVLDESC\":\"Heinen's Central UAT environement\",\"ENVDBTYPE\":1,\"ENVIP\":\"10.200.14.232\",\"ENVPORT\":1521,\"ENVUSER\":\"hntcen\",\"ENVPASSWORD\":\"Heinen123!\",\"ENVSOURCE\":\"test\",\"ENVDBLINK\":\"HEINENS_CEN_UAT\",\"ENVDEFAULT\":0,\"ENVDCRE\":\"2017-03-21T05:00:00.000Z\",\"ENVDMAJ\":\"2017-03-21T05:00:00.000Z\",\"ENVUTIL\":\"abe\",\"ENVVERSION\":1,\"ENVDEFLANG\":\"HN\",\"CORPPIC\":\"./assets/pictures/corporate/heinens.jpg\",\"ENVVARINITSH\":\". /home/hntcen/env/envCEN\",\"ENVTITLECOLOR\":\"yellow\",\"ENVTITLE\":\"Inventory Control Room (Acceptance)\"},{\"LEVEL\":\"CORPORATE\",\"ENVID\":3,\"ENVCORPID\":2,\"CORPSDESC\":\"Heinen's\",\"ENVCODE\":\"HN_CENTRAL_PROD\",\"ENVTYPE\":7,\"ENVACTIVE\":1,\"ENVSDESC\":\"Production\",\"ENVLDESC\":\"Heinen's Custom PROD environement\",\"ENVDBTYPE\":1,\"ENVIP\":\"10.200.14.231\",\"ENVPORT\":1521,\"ENVUSER\":\"hnpcen\",\"ENVPASSWORD\":\"Heinen123!\",\"ENVSOURCE\":\"central\",\"ENVDBLINK\":\"HEINENS_CUSTOM_PROD\",\"ENVDEFAULT\":1,\"ENVDCRE\":\"2017-04-22T05:00:00.000Z\",\"ENVDMAJ\":\"2017-03-21T05:00:00.000Z\",\"ENVUTIL\":\"abe\",\"ENVVERSION\":1,\"ENVDEFLANG\":\"HN\",\"CORPPIC\":\"./assets/pictures/corporate/heinens.jpg\",\"ENVVARINITSH\":\". /home/hnpcen/env/envCEN\",\"ENVTITLECOLOR\":\"white\",\"ENVTITLE\":\"Inventory Control Room\"},{\"LEVEL\":\"CORPORATE\",\"ENVID\":4,\"ENVCORPID\":2,\"CORPSDESC\":\"Heinen's\",\"ENVCODE\":\"HN_STOCK_PROD\",\"ENVTYPE\":7,\"ENVACTIVE\":1,\"ENVSDESC\":\"Production Warehouse\",\"ENVLDESC\":\"Heinen's Warehouse PROD environement\",\"ENVDBTYPE\":1,\"ENVIP\":\"10.200.14.231\",\"ENVPORT\":1521,\"ENVUSER\":\"hnpstk\",\"ENVPASSWORD\":\"Heinen123!\",\"ENVSOURCE\":\"central\",\"ENVDBLINK\":\"HEINENS_CUSTOM_PROD\",\"ENVDEFAULT\":1,\"ENVDCRE\":\"2020-01-02T05:00:00.000Z\",\"ENVDMAJ\":\"2020-01-02T05:00:00.000Z\",\"ENVUTIL\":\"abe\",\"ENVVERSION\":1,\"ENVDEFLANG\":\"HN\",\"CORPPIC\":\"./assets/pictures/corporate/heinens.jpg\",\"ENVVARINITSH\":\". /home/hnpsk/env/envSTK\",\"ENVTITLECOLOR\":\"white\",\"ENVTITLE\":\"Inventory Control Room\"},{\"LEVEL\":\"USER\",\"ENVID\":3,\"ENVCORPID\":2,\"CORPSDESC\":\"Heinen's\",\"ENVCODE\":\"HN_CENTRAL_PROD\",\"ENVTYPE\":7,\"ENVACTIVE\":1,\"ENVSDESC\":\"Production\",\"ENVLDESC\":\"Heinen's Custom PROD environement\",\"ENVDBTYPE\":1,\"ENVIP\":\"10.200.14.231\",\"ENVPORT\":1521,\"ENVUSER\":\"hnpcen\",\"ENVPASSWORD\":\"Heinen123!\",\"ENVSOURCE\":\"central\",\"ENVDBLINK\":\"HEINENS_CUSTOM_PROD\",\"ENVDEFAULT\":1,\"ENVDCRE\":\"2017-04-22T05:00:00.000Z\",\"ENVDMAJ\":\"2017-03-21T05:00:00.000Z\",\"ENVUTIL\":\"abe\",\"ENVVERSION\":1,\"ENVDEFLANG\":\"HN\",\"CORPPIC\":\"./assets/pictures/corporate/heinens.jpg\",\"ENVVARINITSH\":\". /home/hnpcen/env/envCEN\",\"ENVTITLECOLOR\":\"white\",\"ENVTITLE\":\"Inventory Control Room\"}]"
11/9/2020 10:16:30 [mgarry] 28: "6 Object(s) returned... [FETCH]"
11/9/2020 10:16:30 [mgarry] 29: "BEGIN PKREQUESTMANAGER.CALLQUERY(29,'WDG0000001','mgarry','{HEINENS_CUSTOM_PROD}', '{mgarry,-1}','{HN}', :cursor); END;"
11/9/2020 10:16:30 [mgarry] 30: "BEGIN PKREQUESTMANAGER.CALLQUERY(30,'SCR0000001','mgarry','{HEINENS_CUSTOM_PROD}', '{SCR0000000001,mgarry}','{HN}', :cursor); END;"
11/9/2020 10:16:30 [mgarry] 30: "[{\"SCREENID\":\"SCR0000000001\",\"SCREENINFO\":\"<div><i class=\\\"bbs-keywords\\\">What is it : </i>Dashboard section is your <b>Home</b> tracking process. It simplifies and regroup data visualization.\\n                          As many as needed dashboard widget trackers can be enabled.\\n</div>\\n<div><i class=\\\"bbs-keywords\\\">Tracking type : </i>There are 3 types of data visualization: \\n        <li><b>Table </b> display with export to file option.</li> \\n        <li><b>Chart </b> with by type line, bar, radar, polar, pie, scatter, combined type </li> \\n        <li><b>Message & Alert </b> with color criticality such as successful, soft warning, hard warning.</li> \\n</div>\"}]"
11/9/2020 10:16:30 [mgarry] 30: "1 Object(s) returned... [FETCH]"
11/9/2020 10:16:30 [mgarry] 29: "46 Object(s) returned... [FETCH]"
11/9/2020 10:16:31 [mgarry] 31: "BEGIN PKREQUESTMANAGER.CALLQUERY(31,'WDG1000000','mgarry','{HEINENS_CUSTOM_PROD}', '{WDG0000000014,null}','{HN}', :cursor); END;"
11/9/2020 10:16:31 [mgarry] 32: "./repository/downloads/dashboard/INV0000001_HEINENS_CUSTOM_PROD.json File(s) returned... [FETCH]"
11/9/2020 10:16:31 [mgarry] 33: "BEGIN PKREQUESTMANAGER.CALLQUERY(33,'WDG1000000','mgarry','{HEINENS_CUSTOM_PROD}', '{WDG0000000015,null}','{HN}', :cursor); END;"
11/9/2020 10:16:31 [mgarry] 34: "BEGIN PKREQUESTMANAGER.CALLQUERY(34,'WDG1000000','mgarry','{HEINENS_CUSTOM_PROD}', '{WDG0000000013,null}','{HN}', :cursor); END;"
11/9/2020 10:16:31 [mgarry] 35: "BEGIN PKREQUESTMANAGER.CALLQUERY(35,'WDG1000000','mgarry','{HEINENS_CUSTOM_PROD}', '{WDG0000000017,1020100000000}','{HN}', :cursor); END;"
11/9/2020 10:16:31 [mgarry] 36: "BEGIN PKREQUESTMANAGER.CALLQUERY(36,'WDG1000000','mgarry','{HEINENS_CUSTOM_PROD}', '{WDG0000000016,1030010000000}','{HN}', :cursor); END;"
11/9/2020 10:16:31 [mgarry] 37: "BEGIN PKREQUESTMANAGER.CALLQUERY(37,'WDG1000000','mgarry','{HEINENS_CUSTOM_PROD}', '{WDG0000000010,null}','{HN}', :cursor); END;"
11/9/2020 10:16:31 [mgarry] 37: "620 Object(s) returned... [FETCH]"
11/9/2020 10:16:32 [mgarry] 38: "BEGIN PKREQUESTMANAGER.CALLQUERY(38,'WDG1000000','mgarry','{HEINENS_CUSTOM_PROD}', '{WDG0000000016,1020100000000}','{HN}', :cursor); END;"
11/9/2020 10:16:34 [mgarry] 34: "[{\"TYPE\":\"success\",\"MESSAGE\":\"No store deliveries blocked in inbound receipts (INTDEREC/WDETREC).\",\"RECEIPT_DATE\":\"11/09/2020\"}]"
11/9/2020 10:16:34 [mgarry] 34: "1 Object(s) returned... [FETCH]"
11/9/2020 10:16:34 [mgarry] 39: "BEGIN PKREQUESTMANAGER.CALLQUERY(39,'WDG1000000','mgarry','{HEINENS_CUSTOM_PROD}', '{WDG0000000017,1030010000000}','{HN}', :cursor); END;"
11/9/2020 10:16:37 [mgarry] 36: "2299 Object(s) returned... [FETCH]"
11/9/2020 10:16:37 [mgarry] 38: "2299 Object(s) returned... [FETCH]"
11/9/2020 10:16:38 [mgarry] 33: "74 Object(s) returned... [FETCH]"
11/9/2020 10:16:38 [mgarry] 40: "BEGIN PKREQUESTMANAGER.CALLQUERY(40,'WDG1000000','mgarry','{HEINENS_CUSTOM_PROD}', '{WDG0000000018,null}','{HN}', :cursor); END;"
11/9/2020 10:17:8 [mgarry] 40: "[]"
11/9/2020 10:17:8 [mgarry] 40: "0 Object(s) returned... [FETCH]"
11/9/2020 10:17:49 [mgarry] 31: "30 Object(s) returned... [FETCH]"
11/9/2020 10:18:44 [mgarry] 35: "2299 Object(s) returned... [FETCH]"
11/9/2020 10:21:58 [mgarry] 39: "2299 Object(s) returned... [FETCH]"
11/9/2020 10:24:33 [mgarry] 57: "BEGIN PKREQUESTMANAGER.CALLQUERY(57,'ADM0000001','mgarry','{}', '{mgarry,heinens}','{}', :cursor); END;"
11/9/2020 10:24:33 [mgarry] 57: "[]"
11/9/2020 10:24:33 [mgarry] 57: "0 Object(s) returned... [FETCH]"
11/9/2020 10:24:57 [mgarry] 58: "BEGIN PKREQUESTMANAGER.CALLQUERY(58,'ADM0000001','mgarry','{}', '{mgarry,Heinens}','{}', :cursor); END;"
11/9/2020 10:24:57 [mgarry] 58: "[{\"USERID\":\"mgarry\",\"USERFNAME\":\"Michele\",\"USERLNAME\":\"Garry\",\"USEREMAIL\":\"mgarry@heinens.com\",\"USERMOBILE\":null}]"
11/9/2020 10:24:57 [mgarry] 58: "1 Object(s) returned... [FETCH]"
11/9/2020 10:24:57 [mgarry] 59: "BEGIN PKREQUESTMANAGER.CALLQUERY(59,'CLI0000002','mgarry','{}', '{mgarry}','{}', :cursor); END;"
11/9/2020 10:24:57 [mgarry] 60: "BEGIN PKREQUESTMANAGER.CALLQUERY(60,'CLI0000003','mgarry','{}', '{mgarry}','{}', :cursor); END;"
11/9/2020 10:24:57 [mgarry] 59: "[{\"USERID\":\"mgarry\",\"USERCORPID\":2,\"USERPASS\":\"SGVpbmVucw==\",\"USERAUTH\":null,\"USERLANG\":\"us_US\",\"USERPROF\":null,\"USERAPPLI\":3,\"USERFNAME\":\"Michele\",\"USERLNAME\":\"Garry\",\"USEREMAIL\":\"mgarry@heinens.com\",\"USERMOBILE\":null,\"USERTEAM\":null,\"USERACTIVE\":1,\"USERDCRE\":\"2020-11-09T05:00:00.000Z\",\"USERDMAJ\":\"2020-11-09T05:00:00.000Z\",\"USERUTIL\":\"admin\",\"USERTYPE\":2}]"
11/9/2020 10:24:57 [mgarry] 59: "1 Object(s) returned... [FETCH]"
11/9/2020 10:24:57 [mgarry] 60: "[{\"LEVEL\":\"CORPORATE\",\"ENVID\":1,\"ENVCORPID\":2,\"CORPSDESC\":\"Heinen's\",\"ENVCODE\":\"CENTRAL_UAT\",\"ENVTYPE\":4,\"ENVACTIVE\":1,\"ENVSDESC\":\"User Acceptance\",\"ENVLDESC\":\"Heinen's Central UAT environement\",\"ENVDBTYPE\":1,\"ENVIP\":\"10.200.14.232\",\"ENVPORT\":1521,\"ENVUSER\":\"hntcen\",\"ENVPASSWORD\":\"Heinen123!\",\"ENVSOURCE\":\"test\",\"ENVDBLINK\":\"HEINENS_CEN_UAT\",\"ENVDEFAULT\":0,\"ENVDCRE\":\"2017-03-21T05:00:00.000Z\",\"ENVDMAJ\":\"2017-03-21T05:00:00.000Z\",\"ENVUTIL\":\"abe\",\"ENVVERSION\":1,\"ENVDEFLANG\":\"HN\",\"CORPPIC\":\"./assets/pictures/corporate/heinens.jpg\",\"ENVVARINITSH\":\". /home/hntcen/env/envCEN\",\"ENVTITLECOLOR\":\"yellow\",\"ENVTITLE\":\"Inventory Control Room (Acceptance)\"},{\"LEVEL\":\"CORPORATE\",\"ENVID\":2,\"ENVCORPID\":2,\"CORPSDESC\":\"Heinen's\",\"ENVCODE\":\"STOCK_UAT\",\"ENVTYPE\":4,\"ENVACTIVE\":1,\"ENVSDESC\":\"Heinen's Stock UAT\",\"ENVLDESC\":\"Heinen's Stock UAT environement\",\"ENVDBTYPE\":1,\"ENVIP\":\"10.200.14.232\",\"ENVPORT\":1521,\"ENVUSER\":\"hntstk\",\"ENVPASSWORD\":\"Heinen123!\",\"ENVSOURCE\":\"test\",\"ENVDBLINK\":\"HEINENS_STK_UAT\",\"ENVDEFAULT\":0,\"ENVDCRE\":\"2017-03-21T05:00:00.000Z\",\"ENVDMAJ\":\"2017-03-21T05:00:00.000Z\",\"ENVUTIL\":\"abe\",\"ENVVERSION\":2,\"ENVDEFLANG\":\"HN\",\"CORPPIC\":\"./assets/pictures/corporate/heinens.jpg\",\"ENVVARINITSH\":\". /home/hntstk/env/envSTK\",\"ENVTITLECOLOR\":\"yellow\",\"ENVTITLE\":\"Inventory Control Room (Acceptance)\"},{\"LEVEL\":\"USER\",\"ENVID\":1,\"ENVCORPID\":2,\"CORPSDESC\":\"Heinen's\",\"ENVCODE\":\"CENTRAL_UAT\",\"ENVTYPE\":4,\"ENVACTIVE\":1,\"ENVSDESC\":\"User Acceptance\",\"ENVLDESC\":\"Heinen's Central UAT environement\",\"ENVDBTYPE\":1,\"ENVIP\":\"10.200.14.232\",\"ENVPORT\":1521,\"ENVUSER\":\"hntcen\",\"ENVPASSWORD\":\"Heinen123!\",\"ENVSOURCE\":\"test\",\"ENVDBLINK\":\"HEINENS_CEN_UAT\",\"ENVDEFAULT\":0,\"ENVDCRE\":\"2017-03-21T05:00:00.000Z\",\"ENVDMAJ\":\"2017-03-21T05:00:00.000Z\",\"ENVUTIL\":\"abe\",\"ENVVERSION\":1,\"ENVDEFLANG\":\"HN\",\"CORPPIC\":\"./assets/pictures/corporate/heinens.jpg\",\"ENVVARINITSH\":\". /home/hntcen/env/envCEN\",\"ENVTITLECOLOR\":\"yellow\",\"ENVTITLE\":\"Inventory Control Room (Acceptance)\"},{\"LEVEL\":\"CORPORATE\",\"ENVID\":3,\"ENVCORPID\":2,\"CORPSDESC\":\"Heinen's\",\"ENVCODE\":\"HN_CENTRAL_PROD\",\"ENVTYPE\":7,\"ENVACTIVE\":1,\"ENVSDESC\":\"Production\",\"ENVLDESC\":\"Heinen's Custom PROD environement\",\"ENVDBTYPE\":1,\"ENVIP\":\"10.200.14.231\",\"ENVPORT\":1521,\"ENVUSER\":\"hnpcen\",\"ENVPASSWORD\":\"Heinen123!\",\"ENVSOURCE\":\"central\",\"ENVDBLINK\":\"HEINENS_CUSTOM_PROD\",\"ENVDEFAULT\":1,\"ENVDCRE\":\"2017-04-22T05:00:00.000Z\",\"ENVDMAJ\":\"2017-03-21T05:00:00.000Z\",\"ENVUTIL\":\"abe\",\"ENVVERSION\":1,\"ENVDEFLANG\":\"HN\",\"CORPPIC\":\"./assets/pictures/corporate/heinens.jpg\",\"ENVVARINITSH\":\". /home/hnpcen/env/envCEN\",\"ENVTITLECOLOR\":\"white\",\"ENVTITLE\":\"Inventory Control Room\"},{\"LEVEL\":\"CORPORATE\",\"ENVID\":4,\"ENVCORPID\":2,\"CORPSDESC\":\"Heinen's\",\"ENVCODE\":\"HN_STOCK_PROD\",\"ENVTYPE\":7,\"ENVACTIVE\":1,\"ENVSDESC\":\"Production Warehouse\",\"ENVLDESC\":\"Heinen's Warehouse PROD environement\",\"ENVDBTYPE\":1,\"ENVIP\":\"10.200.14.231\",\"ENVPORT\":1521,\"ENVUSER\":\"hnpstk\",\"ENVPASSWORD\":\"Heinen123!\",\"ENVSOURCE\":\"central\",\"ENVDBLINK\":\"HEINENS_CUSTOM_PROD\",\"ENVDEFAULT\":1,\"ENVDCRE\":\"2020-01-02T05:00:00.000Z\",\"ENVDMAJ\":\"2020-01-02T05:00:00.000Z\",\"ENVUTIL\":\"abe\",\"ENVVERSION\":1,\"ENVDEFLANG\":\"HN\",\"CORPPIC\":\"./assets/pictures/corporate/heinens.jpg\",\"ENVVARINITSH\":\". /home/hnpsk/env/envSTK\",\"ENVTITLECOLOR\":\"white\",\"ENVTITLE\":\"Inventory Control Room\"},{\"LEVEL\":\"USER\",\"ENVID\":3,\"ENVCORPID\":2,\"CORPSDESC\":\"Heinen's\",\"ENVCODE\":\"HN_CENTRAL_PROD\",\"ENVTYPE\":7,\"ENVACTIVE\":1,\"ENVSDESC\":\"Production\",\"ENVLDESC\":\"Heinen's Custom PROD environement\",\"ENVDBTYPE\":1,\"ENVIP\":\"10.200.14.231\",\"ENVPORT\":1521,\"ENVUSER\":\"hnpcen\",\"ENVPASSWORD\":\"Heinen123!\",\"ENVSOURCE\":\"central\",\"ENVDBLINK\":\"HEINENS_CUSTOM_PROD\",\"ENVDEFAULT\":1,\"ENVDCRE\":\"2017-04-22T05:00:00.000Z\",\"ENVDMAJ\":\"2017-03-21T05:00:00.000Z\",\"ENVUTIL\":\"abe\",\"ENVVERSION\":1,\"ENVDEFLANG\":\"HN\",\"CORPPIC\":\"./assets/pictures/corporate/heinens.jpg\",\"ENVVARINITSH\":\". /home/hnpcen/env/envCEN\",\"ENVTITLECOLOR\":\"white\",\"ENVTITLE\":\"Inventory Control Room\"}]"
11/9/2020 10:24:57 [mgarry] 60: "6 Object(s) returned... [FETCH]"
11/9/2020 10:24:57 [mgarry] 61: "BEGIN PKREQUESTMANAGER.CALLQUERY(61,'SCR0000001','mgarry','{HEINENS_CUSTOM_PROD}', '{SCR0000000001,mgarry}','{HN}', :cursor); END;"
11/9/2020 10:24:57 [mgarry] 62: "BEGIN PKREQUESTMANAGER.CALLQUERY(62,'WDG0000001','mgarry','{HEINENS_CUSTOM_PROD}', '{mgarry,-1}','{HN}', :cursor); END;"
11/9/2020 10:24:57 [mgarry] 61: "[{\"SCREENID\":\"SCR0000000001\",\"SCREENINFO\":\"<div><i class=\\\"bbs-keywords\\\">What is it : </i>Dashboard section is your <b>Home</b> tracking process. It simplifies and regroup data visualization.\\n                          As many as needed dashboard widget trackers can be enabled.\\n</div>\\n<div><i class=\\\"bbs-keywords\\\">Tracking type : </i>There are 3 types of data visualization: \\n        <li><b>Table </b> display with export to file option.</li> \\n        <li><b>Chart </b> with by type line, bar, radar, polar, pie, scatter, combined type </li> \\n        <li><b>Message & Alert </b> with color criticality such as successful, soft warning, hard warning.</li> \\n</div>\"}]"
11/9/2020 10:24:57 [mgarry] 61: "1 Object(s) returned... [FETCH]"
11/9/2020 10:24:57 [mgarry] 62: "46 Object(s) returned... [FETCH]"
11/9/2020 10:24:58 [mgarry] 63: "./repository/downloads/dashboard/INV0000001_HEINENS_CUSTOM_PROD.json File(s) returned... [FETCH]"
11/9/2020 10:24:58 [mgarry] 64: "BEGIN PKREQUESTMANAGER.CALLQUERY(64,'WDG1000000','mgarry','{HEINENS_CUSTOM_PROD}', '{WDG0000000014,null}','{HN}', :cursor); END;"
11/9/2020 10:24:58 [mgarry] 65: "BEGIN PKREQUESTMANAGER.CALLQUERY(65,'WDG1000000','mgarry','{HEINENS_CUSTOM_PROD}', '{WDG0000000013,null}','{HN}', :cursor); END;"
11/9/2020 10:24:58 [mgarry] 66: "BEGIN PKREQUESTMANAGER.CALLQUERY(66,'WDG1000000','mgarry','{HEINENS_CUSTOM_PROD}', '{WDG0000000015,null}','{HN}', :cursor); END;"
11/9/2020 10:24:58 [mgarry] 67: "BEGIN PKREQUESTMANAGER.CALLQUERY(67,'WDG1000000','mgarry','{HEINENS_CUSTOM_PROD}', '{WDG0000000010,null}','{HN}', :cursor); END;"
11/9/2020 10:24:58 [mgarry] 68: "BEGIN PKREQUESTMANAGER.CALLQUERY(68,'WDG1000000','mgarry','{HEINENS_CUSTOM_PROD}', '{WDG0000000016,1020100000000}','{HN}', :cursor); END;"
11/9/2020 10:24:58 [mgarry] 69: "BEGIN PKREQUESTMANAGER.CALLQUERY(69,'WDG1000000','mgarry','{HEINENS_CUSTOM_PROD}', '{WDG0000000017,1020100000000}','{HN}', :cursor); END;"
11/9/2020 10:24:58 [mgarry] 67: "620 Object(s) returned... [FETCH]"
11/9/2020 10:24:58 [mgarry] 70: "BEGIN PKREQUESTMANAGER.CALLQUERY(70,'WDG1000000','mgarry','{HEINENS_CUSTOM_PROD}', '{WDG0000000016,1030010000000}','{HN}', :cursor); END;"
11/9/2020 10:24:58 [mgarry] 65: "[{\"TYPE\":\"success\",\"MESSAGE\":\"No store deliveries blocked in inbound receipts (INTDEREC/WDETREC).\",\"RECEIPT_DATE\":\"11/09/2020\"}]"
11/9/2020 10:24:58 [mgarry] 65: "1 Object(s) returned... [FETCH]"
11/9/2020 10:24:58 [mgarry] 71: "BEGIN PKREQUESTMANAGER.CALLQUERY(71,'WDG1000000','mgarry','{HEINENS_CUSTOM_PROD}', '{WDG0000000017,1030010000000}','{HN}', :cursor); END;"
11/9/2020 10:25:0 [mgarry] 68: "2299 Object(s) returned... [FETCH]"
11/9/2020 10:25:0 [mgarry] 66: "74 Object(s) returned... [FETCH]"
11/9/2020 10:25:0 [mgarry] 72: "BEGIN PKREQUESTMANAGER.CALLQUERY(72,'WDG1000000','mgarry','{HEINENS_CUSTOM_PROD}', '{WDG0000000018,null}','{HN}', :cursor); END;"
11/9/2020 10:25:0 [mgarry] 70: "2299 Object(s) returned... [FETCH]"
11/9/2020 10:25:1 [mgarry] 72: "[]"
11/9/2020 10:25:1 [mgarry] 72: "0 Object(s) returned... [FETCH]"
11/9/2020 10:25:3 [mgarry] 64: "30 Object(s) returned... [FETCH]"
11/9/2020 10:25:16 [mgarry] 73: "BEGIN PKREQUESTMANAGER.CALLQUERY(73,'SCR0000001','mgarry','{HEINENS_CUSTOM_PROD}', '{SCR0000000003,mgarry}','{HN}', :cursor); END;"
11/9/2020 10:25:16 [mgarry] 73: "[{\"SCREENID\":\"SCR0000000003\",\"SCREENINFO\":\"<div><i class=\\\"bbs-keywords\\\">What is it : </i>Supplier schedule give you the capability to review and maintain the already defined supplier schedule \\nfor a given supplier code or part of his description and the period to be reconsidered.\\n</div>\\n<div><i class=\\\"bbs-keywords\\\">Business case example :</i>Adjust the supplier delivery calendar due to holiday or temporary schedule change</div>\\n<div><i class=\\\"bbs-keywords\\\">Mechanism : </i>Tool is capturing the actual defined supplier schedule for the given period in order to gather\\nfundamental service information (commercial contrat, address chain, service contract, schedule (order day & time, delivery day & time), store associated to the schedule \\n</div> \\n<div><i class=\\\"bbs-keywords\\\">Scenario : </i>\\n     <li><b class=\\\"bbs-keywords-scenario\\\">Not finding the supplier: </b>That means for the given period, there is no actual supplier schedule. To resolve that, extend the period in the search panel. You will be able to readjust the end period once you get to the detail adjustment section.\\n     </li>'\\n</div>\"}]"
11/9/2020 10:25:16 [mgarry] 73: "1 Object(s) returned... [FETCH]"
11/9/2020 10:26:44 [mgarry] 74: "BEGIN PKREQUESTMANAGER.CALLQUERY(74,'SUP0000002','mgarry','{HEINENS_CUSTOM_PROD}', '{AO1240373,11/10/2020,11/23/2020}','{HN}', :cursor); END;"
11/9/2020 10:26:44 [mgarry] 74: "100 Object(s) returned... [FETCH]"
11/9/2020 10:27:8 [mgarry] 69: "2299 Object(s) returned... [FETCH]"
11/9/2020 10:30:18 [mgarry] 71: "2299 Object(s) returned... [FETCH]"
11/9/2020 10:55:55 [mgarry] 81: "BEGIN PKREQUESTMANAGER.CALLQUERY(81,'SCH0000001','mgarry','{HEINENS_CUSTOM_PROD}', '{AO1240373,AO12403C,0,AO12403S,11/10/2020,11/23/2020,mgarry,1,4,5,6,7,8,9,10,11,12,14,15,16,17,18,19,20,21,22,41,42,43,44,99953}','{HN}', :cursor); END;"
11/9/2020 10:55:55 [mgarry] 81: "[{\"'ALTERED'\":\"altered\"}]"
11/9/2020 10:55:55 [mgarry] 81: "1 Object(s) returned... [FETCH]"
11/9/2020 10:55:56 [mgarry] 82: "BEGIN PKREQUESTMANAGER.CALLQUERY(82,'SCH0000002','mgarry','{HEINENS_CUSTOM_PROD}', '{AO1240373,AO12403C,0,AO12403S,11/12/2020,1010,11/18/2020,1400,mgarry,1,4,5,6,7,8,9,10,11,12,14,15,16,17,18,19,20,21,22,41,42,43,44,99953}','{HN}', :cursor); END;"
11/9/2020 10:55:56 [mgarry] 83: "BEGIN PKREQUESTMANAGER.CALLQUERY(83,'SCH0000002','mgarry','{HEINENS_CUSTOM_PROD}', '{AO1240373,AO12403C,0,AO12403S,11/23/2020,1010,11/29/2020,1400,mgarry,1,4,5,6,7,8,9,10,11,12,14,15,16,17,18,19,20,21,22,41,42,43,44,99953}','{HN}', :cursor); END;"
11/9/2020 10:55:56 [mgarry] 82: "[{\"'ALTERED'\":\"altered\"}]"
11/9/2020 10:55:56 [mgarry] 82: "1 Object(s) returned... [FETCH]"
11/9/2020 10:55:56 [mgarry] 83: "[{\"'ALTERED'\":\"altered\"}]"
11/9/2020 10:55:56 [mgarry] 83: "1 Object(s) returned... [FETCH]"
11/9/2020 11:34:27 [mgarry] 84: "BEGIN PKREQUESTMANAGER.CALLQUERY(84,'SUP0000002','mgarry','{HEINENS_CUSTOM_PROD}', '{06966,11/10/2020,11/23/2020}','{HN}', :cursor); END;"
11/9/2020 11:34:28 [mgarry] 84: "192 Object(s) returned... [FETCH]"
11/9/2020 11:43:57 [mgarry] 85: "BEGIN PKREQUESTMANAGER.CALLQUERY(85,'SCH0000001','mgarry','{HEINENS_CUSTOM_PROD}', '{06966,06966CC,0,06966SC,11/10/2020,11/23/2020,mgarry,1,4,5,6,7,8,9,10,11,12,14,15,16,17,18,19,20,21,22,41,42,43,44,99952}','{HN}', :cursor); END;"
11/9/2020 11:43:57 [mgarry] 85: "[{\"'ALTERED'\":\"altered\"}]"
11/9/2020 11:43:57 [mgarry] 85: "1 Object(s) returned... [FETCH]"
11/9/2020 11:43:57 [mgarry] 86: "BEGIN PKREQUESTMANAGER.CALLQUERY(86,'SCH0000002','mgarry','{HEINENS_CUSTOM_PROD}', '{06966,06966CC,0,06966SC,11/10/2020,0810,11/11/2020,0600,mgarry,1,4,5,6,7,8,9,10,11,12,14,15,16,17,18,19,20,21,22,41,42,43,44,99952}','{HN}', :cursor); END;"
11/9/2020 11:43:57 [mgarry] 87: "BEGIN PKREQUESTMANAGER.CALLQUERY(87,'SCH0000002','mgarry','{HEINENS_CUSTOM_PROD}', '{06966,06966CC,0,06966SC,11/12/2020,0810,11/13/2020,0600,mgarry,1,4,5,6,7,8,9,10,11,12,14,15,16,17,18,19,20,21,22,41,42,43,44,99952}','{HN}', :cursor); END;"
11/9/2020 11:43:57 [mgarry] 88: "BEGIN PKREQUESTMANAGER.CALLQUERY(88,'SCH0000002','mgarry','{HEINENS_CUSTOM_PROD}', '{06966,06966CC,0,06966SC,11/16/2020,0810,11/18/2020,0600,mgarry,1,4,5,6,7,8,9,10,11,12,14,15,16,17,18,19,20,21,22,41,42,43,44,99952}','{HN}', :cursor); END;"
11/9/2020 11:43:57 [mgarry] 89: "BEGIN PKREQUESTMANAGER.CALLQUERY(89,'SCH0000002','mgarry','{HEINENS_CUSTOM_PROD}', '{06966,06966CC,0,06966SC,11/18/2020,0810,11/20/2020,0600,mgarry,1,4,5,6,7,8,9,10,11,12,14,15,16,17,18,19,20,21,22,41,42,43,44,99952}','{HN}', :cursor); END;"
11/9/2020 11:43:57 [mgarry] 90: "BEGIN PKREQUESTMANAGER.CALLQUERY(90,'SCH0000002','mgarry','{HEINENS_CUSTOM_PROD}', '{06966,06966CC,0,06966SC,11/14/2020,0810,11/16/2020,0600,mgarry,1,4,5,6,7,8,9,10,11,12,14,15,16,17,18,19,20,21,22,41,42,43,44,99952}','{HN}', :cursor); END;"
11/9/2020 11:43:57 [mgarry] 91: "BEGIN PKREQUESTMANAGER.CALLQUERY(91,'SCH0000002','mgarry','{HEINENS_CUSTOM_PROD}', '{06966,06966CC,0,06966SC,11/21/2020,0810,11/23/2020,0600,mgarry,1,4,5,6,7,8,9,10,11,12,14,15,16,17,18,19,20,21,22,41,42,43,44,99952}','{HN}', :cursor); END;"
11/9/2020 11:43:57 [mgarry] 86: "[{\"'ALTERED'\":\"altered\"}]"
11/9/2020 11:43:57 [mgarry] 86: "1 Object(s) returned... [FETCH]"
11/9/2020 11:43:57 [mgarry] 87: "[{\"'ALTERED'\":\"altered\"}]"
11/9/2020 11:43:57 [mgarry] 87: "1 Object(s) returned... [FETCH]"
11/9/2020 11:43:57 [mgarry] 91: "[{\"'ALTERED'\":\"altered\"}]"
11/9/2020 11:43:57 [mgarry] 91: "1 Object(s) returned... [FETCH]"
11/9/2020 11:43:57 [mgarry] 90: "[{\"'ALTERED'\":\"altered\"}]"
11/9/2020 11:43:57 [mgarry] 90: "1 Object(s) returned... [FETCH]"
11/9/2020 11:43:57 [mgarry] 89: "[{\"'ALTERED'\":\"altered\"}]"
11/9/2020 11:43:57 [mgarry] 89: "1 Object(s) returned... [FETCH]"
11/9/2020 11:43:57 [mgarry] 88: "[{\"'ALTERED'\":\"altered\"}]"
11/9/2020 11:43:57 [mgarry] 88: "1 Object(s) returned... [FETCH]"
11/9/2020 11:44:13 [mgarry] 92: "BEGIN PKREQUESTMANAGER.CALLQUERY(92,'SUP0000002','mgarry','{HEINENS_CUSTOM_PROD}', '{06966,11/10/2020,11/25/2020}','{HN}', :cursor); END;"
11/9/2020 11:44:14 [mgarry] 92: "240 Object(s) returned... [FETCH]"
11/9/2020 11:44:47 [mgarry] 93: "BEGIN PKREQUESTMANAGER.CALLQUERY(93,'SCH0000001','mgarry','{HEINENS_CUSTOM_PROD}', '{06966,06966CC,0,06966SC,11/10/2020,11/25/2020,mgarry,1,4,5,6,7,8,9,10,11,12,14,15,16,17,18,19,20,21,22,41,42,43,44,99952}','{HN}', :cursor); END;"
11/9/2020 11:44:47 [mgarry] 93: "[{\"'ALTERED'\":\"altered\"}]"
11/9/2020 11:44:47 [mgarry] 93: "1 Object(s) returned... [FETCH]"
11/9/2020 11:44:47 [mgarry] 94: "BEGIN PKREQUESTMANAGER.CALLQUERY(94,'SCH0000002','mgarry','{HEINENS_CUSTOM_PROD}', '{06966,06966CC,0,06966SC,11/10/2020,0810,11/11/2020,0600,mgarry,1,4,5,6,7,8,9,10,11,12,14,15,16,17,18,19,20,21,22,41,42,43,44,99952}','{HN}', :cursor); END;"
11/9/2020 11:44:47 [mgarry] 95: "BEGIN PKREQUESTMANAGER.CALLQUERY(95,'SCH0000002','mgarry','{HEINENS_CUSTOM_PROD}', '{06966,06966CC,0,06966SC,11/12/2020,0810,11/13/2020,0600,mgarry,1,4,5,6,7,8,9,10,11,12,14,15,16,17,18,19,20,21,22,41,42,43,44,99952}','{HN}', :cursor); END;"
11/9/2020 11:44:47 [mgarry] 96: "BEGIN PKREQUESTMANAGER.CALLQUERY(96,'SCH0000002','mgarry','{HEINENS_CUSTOM_PROD}', '{06966,06966CC,0,06966SC,11/14/2020,0810,11/16/2020,0600,mgarry,1,4,5,6,7,8,9,10,11,12,14,15,16,17,18,19,20,21,22,41,42,43,44,99952}','{HN}', :cursor); END;"
11/9/2020 11:44:47 [mgarry] 97: "BEGIN PKREQUESTMANAGER.CALLQUERY(97,'SCH0000002','mgarry','{HEINENS_CUSTOM_PROD}', '{06966,06966CC,0,06966SC,11/16/2020,0810,11/18/2020,0600,mgarry,1,4,5,6,7,8,9,10,11,12,14,15,16,17,18,19,20,21,22,41,42,43,44,99952}','{HN}', :cursor); END;"
11/9/2020 11:44:47 [mgarry] 98: "BEGIN PKREQUESTMANAGER.CALLQUERY(98,'SCH0000002','mgarry','{HEINENS_CUSTOM_PROD}', '{06966,06966CC,0,06966SC,11/18/2020,0810,11/20/2020,0600,mgarry,1,4,5,6,7,8,9,10,11,12,14,15,16,17,18,19,20,21,22,41,42,43,44,99952}','{HN}', :cursor); END;"
11/9/2020 11:44:47 [mgarry] 99: "BEGIN PKREQUESTMANAGER.CALLQUERY(99,'SCH0000002','mgarry','{HEINENS_CUSTOM_PROD}', '{06966,06966CC,0,06966SC,11/21/2020,0810,11/23/2020,0600,mgarry,1,4,5,6,7,8,9,10,11,12,14,15,16,17,18,19,20,21,22,41,42,43,44,99952}','{HN}', :cursor); END;"
11/9/2020 11:44:47 [mgarry] 94: "[{\"'ALTERED'\":\"altered\"}]"
11/9/2020 11:44:47 [mgarry] 94: "1 Object(s) returned... [FETCH]"
11/9/2020 11:44:47 [mgarry] 96: "[{\"'ALTERED'\":\"altered\"}]"
11/9/2020 11:44:47 [mgarry] 96: "1 Object(s) returned... [FETCH]"
11/9/2020 11:44:47 [mgarry] 97: "[{\"'ALTERED'\":\"altered\"}]"
11/9/2020 11:44:47 [mgarry] 97: "1 Object(s) returned... [FETCH]"
11/9/2020 11:44:47 [mgarry] 98: "[{\"'ALTERED'\":\"altered\"}]"
11/9/2020 11:44:47 [mgarry] 98: "1 Object(s) returned... [FETCH]"
11/9/2020 11:44:47 [mgarry] 95: "[{\"'ALTERED'\":\"altered\"}]"
11/9/2020 11:44:47 [mgarry] 95: "1 Object(s) returned... [FETCH]"
11/9/2020 11:44:47 [mgarry] 99: "[{\"'ALTERED'\":\"altered\"}]"
11/9/2020 11:44:47 [mgarry] 99: "1 Object(s) returned... [FETCH]"
11/9/2020 11:44:47 [mgarry] 100: "BEGIN PKREQUESTMANAGER.CALLQUERY(100,'SCH0000002','mgarry','{HEINENS_CUSTOM_PROD}', '{06966,06966CC,0,06966SC,11/23/2020,0810,11/25/2020,0600,mgarry,1,4,5,6,7,8,9,10,11,12,14,15,16,17,18,19,20,21,22,41,42,43,44,99952}','{HN}', :cursor); END;"
11/9/2020 11:44:47 [mgarry] 101: "BEGIN PKREQUESTMANAGER.CALLQUERY(101,'SCH0000002','mgarry','{HEINENS_CUSTOM_PROD}', '{06966,06966CC,0,06966SC,11/25/2020,0810,11/27/2020,0600,mgarry,1,4,5,6,7,8,9,10,11,12,14,15,16,17,18,19,20,21,22,41,42,43,44,99952}','{HN}', :cursor); END;"
11/9/2020 11:44:47 [mgarry] 100: "[{\"'ALTERED'\":\"altered\"}]"
11/9/2020 11:44:47 [mgarry] 100: "1 Object(s) returned... [FETCH]"
11/9/2020 11:44:47 [mgarry] 101: "[{\"'ALTERED'\":\"altered\"}]"
11/9/2020 11:44:47 [mgarry] 101: "1 Object(s) returned... [FETCH]"
11/9/2020 12:40:22 [mgarry] 102: "BEGIN PKREQUESTMANAGER.CALLQUERY(102,'SUP0000002','mgarry','{HEINENS_CUSTOM_PROD}', '{00869,11/10/2020,11/25/2020}','{HN}', :cursor); END;"
11/9/2020 12:40:22 [mgarry] 102: "416 Object(s) returned... [FETCH]"
11/9/2020 12:43:58 [mgarry] 103: "BEGIN PKREQUESTMANAGER.CALLQUERY(103,'SCH0000001','mgarry','{HEINENS_CUSTOM_PROD}', '{00869,00869CC,0,00869SC,11/10/2020,11/25/2020,mgarry,1,4,5,6,7,8,9,10,11,12,14,15,16,17,18,19,20,21,22,41,42,43,44}','{HN}', :cursor); END;"
11/9/2020 12:43:59 [mgarry] 103: "[{\"'ALTERED'\":\"altered\"}]"
11/9/2020 12:43:59 [mgarry] 103: "1 Object(s) returned... [FETCH]"
11/9/2020 12:43:59 [mgarry] 104: "BEGIN PKREQUESTMANAGER.CALLQUERY(104,'SCH0000002','mgarry','{HEINENS_CUSTOM_PROD}', '{00869,00869CC,0,00869SC,11/11/2020,0810,11/12/2020,0600,mgarry,1,4,5,6,7,8,9,10,11,12,14,15,16,17,18,19,20,21,22,41,42,43,44}','{HN}', :cursor); END;"
11/9/2020 12:43:59 [mgarry] 105: "BEGIN PKREQUESTMANAGER.CALLQUERY(105,'SCH0000002','mgarry','{HEINENS_CUSTOM_PROD}', '{00869,00869CC,0,00869SC,11/12/2020,0810,11/13/2020,0600,mgarry,1,4,5,6,7,8,9,10,11,12,14,15,16,17,18,19,20,21,22,41,42,43,44}','{HN}', :cursor); END;"
11/9/2020 12:43:59 [mgarry] 106: "BEGIN PKREQUESTMANAGER.CALLQUERY(106,'SCH0000002','mgarry','{HEINENS_CUSTOM_PROD}', '{00869,00869CC,0,00869SC,11/13/2020,0810,11/14/2020,0600,mgarry,1,4,5,6,7,8,9,10,11,12,14,15,16,17,18,19,20,21,22,41,42,43,44}','{HN}', :cursor); END;"
11/9/2020 12:43:59 [mgarry] 107: "BEGIN PKREQUESTMANAGER.CALLQUERY(107,'SCH0000002','mgarry','{HEINENS_CUSTOM_PROD}', '{00869,00869CC,0,00869SC,11/18/2020,0810,11/19/2020,0600,mgarry,1,4,5,6,7,8,9,10,11,12,14,15,16,17,18,19,20,21,22,41,42,43,44}','{HN}', :cursor); END;"
11/9/2020 12:43:59 [mgarry] 108: "BEGIN PKREQUESTMANAGER.CALLQUERY(108,'SCH0000002','mgarry','{HEINENS_CUSTOM_PROD}', '{00869,00869CC,0,00869SC,11/19/2020,0810,11/20/2020,0600,mgarry,1,4,5,6,7,8,9,10,11,12,14,15,16,17,18,19,20,21,22,41,42,43,44}','{HN}', :cursor); END;"
11/9/2020 12:43:59 [mgarry] 109: "BEGIN PKREQUESTMANAGER.CALLQUERY(109,'SCH0000002','mgarry','{HEINENS_CUSTOM_PROD}', '{00869,00869CC,0,00869SC,11/20/2020,0810,11/21/2020,0600,mgarry,1,4,5,6,7,8,9,10,11,12,14,15,16,17,18,19,20,21,22,41,42,43,44}','{HN}', :cursor); END;"
11/9/2020 12:43:59 [mgarry] 105: "[{\"'ALTERED'\":\"altered\"}]"
11/9/2020 12:43:59 [mgarry] 105: "1 Object(s) returned... [FETCH]"
11/9/2020 12:43:59 [mgarry] 106: "[{\"'ALTERED'\":\"altered\"}]"
11/9/2020 12:43:59 [mgarry] 106: "1 Object(s) returned... [FETCH]"
11/9/2020 12:43:59 [mgarry] 104: "[{\"'ALTERED'\":\"altered\"}]"
11/9/2020 12:43:59 [mgarry] 104: "1 Object(s) returned... [FETCH]"
11/9/2020 12:43:59 [mgarry] 107: "[{\"'ALTERED'\":\"altered\"}]"
11/9/2020 12:43:59 [mgarry] 107: "1 Object(s) returned... [FETCH]"
11/9/2020 12:43:59 [mgarry] 108: "[{\"'ALTERED'\":\"altered\"}]"
11/9/2020 12:43:59 [mgarry] 108: "1 Object(s) returned... [FETCH]"
11/9/2020 12:43:59 [mgarry] 109: "[{\"'ALTERED'\":\"altered\"}]"
11/9/2020 12:43:59 [mgarry] 109: "1 Object(s) returned... [FETCH]"
11/9/2020 12:43:59 [mgarry] 110: "BEGIN PKREQUESTMANAGER.CALLQUERY(110,'SCH0000002','mgarry','{HEINENS_CUSTOM_PROD}', '{00869,00869CC,0,00869SC,11/16/2020,0810,11/17/2020,0600,mgarry,1,4,5,6,7,8,9,10,11,12,14,15,16,17,18,19,20,21,22,41,42,43,44}','{HN}', :cursor); END;"
11/9/2020 12:43:59 [mgarry] 111: "BEGIN PKREQUESTMANAGER.CALLQUERY(111,'SCH0000002','mgarry','{HEINENS_CUSTOM_PROD}', '{00869,00869CC,0,00869SC,11/23/2020,0810,11/24/2020,0600,mgarry,1,4,5,6,7,8,9,10,11,12,14,15,16,17,18,19,20,21,22,41,42,43,44}','{HN}', :cursor); END;"
11/9/2020 12:43:59 [mgarry] 112: "BEGIN PKREQUESTMANAGER.CALLQUERY(112,'SCH0000002','mgarry','{HEINENS_CUSTOM_PROD}', '{00869,00869CC,0,00869SC,11/24/2020,0810,11/25/2020,0600,mgarry,1,4,5,6,7,8,9,10,11,12,14,15,16,17,18,19,20,21,22,41,42,43,44}','{HN}', :cursor); END;"
11/9/2020 12:43:59 [mgarry] 113: "BEGIN PKREQUESTMANAGER.CALLQUERY(113,'SCH0000002','mgarry','{HEINENS_CUSTOM_PROD}', '{00869,00869CC,0,00869SC,11/25/2020,0810,11/27/2020,0600,mgarry,1,4,5,6,7,8,9,10,11,12,14,15,16,17,18,19,20,21,22,41,42,43,44}','{HN}', :cursor); END;"
11/9/2020 12:43:59 [mgarry] 111: "[{\"'ALTERED'\":\"altered\"}]"
11/9/2020 12:43:59 [mgarry] 111: "1 Object(s) returned... [FETCH]"
11/9/2020 12:43:59 [mgarry] 112: "[{\"'ALTERED'\":\"altered\"}]"
11/9/2020 12:43:59 [mgarry] 112: "1 Object(s) returned... [FETCH]"
11/9/2020 12:43:59 [mgarry] 110: "[{\"'ALTERED'\":\"altered\"}]"
11/9/2020 12:43:59 [mgarry] 110: "1 Object(s) returned... [FETCH]"
11/9/2020 12:43:59 [mgarry] 113: "[{\"'ALTERED'\":\"altered\"}]"
11/9/2020 12:43:59 [mgarry] 113: "1 Object(s) returned... [FETCH]"
11/9/2020 12:44:10 [mgarry] 114: "BEGIN PKREQUESTMANAGER.CALLQUERY(114,'SUP0000002','mgarry','{HEINENS_CUSTOM_PROD}', '{00869,11/10/2020,11/25/2020}','{HN}', :cursor); END;"
11/9/2020 12:44:11 [mgarry] 114: "439 Object(s) returned... [FETCH]"
11/9/2020 12:44:41 [mgarry] 115: "BEGIN PKREQUESTMANAGER.CALLQUERY(115,'SCH0000001','mgarry','{HEINENS_CUSTOM_PROD}', '{00869,00869CE,0,00869SE,11/10/2020,11/25/2020,mgarry,1,4,5,6,7,8,9,10,11,12,14,15,16,17,18,19,20,21,22,41,42,43,44}','{HN}', :cursor); END;"
11/9/2020 12:44:42 [mgarry] 115: "[{\"'ALTERED'\":\"altered\"}]"
11/9/2020 12:44:42 [mgarry] 115: "1 Object(s) returned... [FETCH]"
11/9/2020 12:44:42 [mgarry] 116: "BEGIN PKREQUESTMANAGER.CALLQUERY(116,'SCH0000002','mgarry','{HEINENS_CUSTOM_PROD}', '{00869,00869CE,0,00869SE,11/11/2020,0810,11/12/2020,0000,mgarry,1,4,5,6,7,8,9,10,11,12,14,15,16,17,18,19,20,21,22,41,42,43,44}','{HN}', :cursor); END;"
11/9/2020 12:44:42 [mgarry] 117: "BEGIN PKREQUESTMANAGER.CALLQUERY(117,'SCH0000002','mgarry','{HEINENS_CUSTOM_PROD}', '{00869,00869CE,0,00869SE,11/12/2020,0810,11/13/2020,0000,mgarry,1,4,5,6,7,8,9,10,11,12,14,15,16,17,18,19,20,21,22,41,42,43,44}','{HN}', :cursor); END;"
11/9/2020 12:44:42 [mgarry] 118: "BEGIN PKREQUESTMANAGER.CALLQUERY(118,'SCH0000002','mgarry','{HEINENS_CUSTOM_PROD}', '{00869,00869CE,0,00869SE,11/13/2020,0810,11/14/2020,0000,mgarry,1,4,5,6,7,8,9,10,11,12,14,15,16,17,18,19,20,21,22,41,42,43,44}','{HN}', :cursor); END;"
11/9/2020 12:44:42 [mgarry] 119: "BEGIN PKREQUESTMANAGER.CALLQUERY(119,'SCH0000002','mgarry','{HEINENS_CUSTOM_PROD}', '{00869,00869CE,0,00869SE,11/16/2020,0810,11/17/2020,0000,mgarry,1,4,5,6,7,8,9,10,11,12,14,15,16,17,18,19,20,21,22,41,42,43,44}','{HN}', :cursor); END;"
11/9/2020 12:44:42 [mgarry] 120: "BEGIN PKREQUESTMANAGER.CALLQUERY(120,'SCH0000002','mgarry','{HEINENS_CUSTOM_PROD}', '{00869,00869CE,0,00869SE,11/18/2020,0810,11/19/2020,0000,mgarry,1,4,5,6,7,8,9,10,11,12,14,15,16,17,18,19,20,21,22,41,42,43,44}','{HN}', :cursor); END;"
11/9/2020 12:44:42 [mgarry] 121: "BEGIN PKREQUESTMANAGER.CALLQUERY(121,'SCH0000002','mgarry','{HEINENS_CUSTOM_PROD}', '{00869,00869CE,0,00869SE,11/19/2020,0810,11/20/2020,0000,mgarry,1,4,5,6,7,8,9,10,11,12,14,15,16,17,18,19,20,21,22,41,42,43,44}','{HN}', :cursor); END;"
11/9/2020 12:44:42 [mgarry] 117: "[{\"'ALTERED'\":\"altered\"}]"
11/9/2020 12:44:42 [mgarry] 117: "1 Object(s) returned... [FETCH]"
11/9/2020 12:44:42 [mgarry] 118: "[{\"'ALTERED'\":\"altered\"}]"
11/9/2020 12:44:42 [mgarry] 118: "1 Object(s) returned... [FETCH]"
11/9/2020 12:44:42 [mgarry] 116: "[{\"'ALTERED'\":\"altered\"}]"
11/9/2020 12:44:42 [mgarry] 116: "1 Object(s) returned... [FETCH]"
11/9/2020 12:44:42 [mgarry] 119: "[{\"'ALTERED'\":\"altered\"}]"
11/9/2020 12:44:42 [mgarry] 119: "1 Object(s) returned... [FETCH]"
11/9/2020 12:44:42 [mgarry] 121: "[{\"'ALTERED'\":\"altered\"}]"
11/9/2020 12:44:42 [mgarry] 121: "1 Object(s) returned... [FETCH]"
11/9/2020 12:44:42 [mgarry] 120: "[{\"'ALTERED'\":\"altered\"}]"
11/9/2020 12:44:42 [mgarry] 120: "1 Object(s) returned... [FETCH]"
11/9/2020 12:44:42 [mgarry] 122: "BEGIN PKREQUESTMANAGER.CALLQUERY(122,'SCH0000002','mgarry','{HEINENS_CUSTOM_PROD}', '{00869,00869CE,0,00869SE,11/20/2020,0810,11/21/2020,0000,mgarry,1,4,5,6,7,8,9,10,11,12,14,15,16,17,18,19,20,21,22,41,42,43,44}','{HN}', :cursor); END;"
11/9/2020 12:44:42 [mgarry] 123: "BEGIN PKREQUESTMANAGER.CALLQUERY(123,'SCH0000002','mgarry','{HEINENS_CUSTOM_PROD}', '{00869,00869CE,0,00869SE,11/23/2020,0810,11/24/2020,0000,mgarry,1,4,5,6,7,8,9,10,11,12,14,15,16,17,18,19,20,21,22,41,42,43,44}','{HN}', :cursor); END;"
11/9/2020 12:44:42 [mgarry] 124: "BEGIN PKREQUESTMANAGER.CALLQUERY(124,'SCH0000002','mgarry','{HEINENS_CUSTOM_PROD}', '{00869,00869CE,0,00869SE,11/24/2020,0810,11/25/2020,0000,mgarry,1,4,5,6,7,8,9,10,11,12,14,15,16,17,18,19,20,21,22,41,42,43,44}','{HN}', :cursor); END;"
11/9/2020 12:44:42 [mgarry] 125: "BEGIN PKREQUESTMANAGER.CALLQUERY(125,'SCH0000002','mgarry','{HEINENS_CUSTOM_PROD}', '{00869,00869CE,0,00869SE,11/25/2020,0810,11/27/2020,0000,mgarry,1,4,5,6,7,8,9,10,11,12,14,15,16,17,18,19,20,21,22,41,42,43,44}','{HN}', :cursor); END;"
11/9/2020 12:44:42 [mgarry] 123: "[{\"'ALTERED'\":\"altered\"}]"
11/9/2020 12:44:42 [mgarry] 123: "1 Object(s) returned... [FETCH]"
11/9/2020 12:44:42 [mgarry] 124: "[{\"'ALTERED'\":\"altered\"}]"
11/9/2020 12:44:42 [mgarry] 124: "1 Object(s) returned... [FETCH]"
11/9/2020 12:44:42 [mgarry] 122: "[{\"'ALTERED'\":\"altered\"}]"
11/9/2020 12:44:42 [mgarry] 122: "1 Object(s) returned... [FETCH]"
11/9/2020 12:44:42 [mgarry] 125: "[{\"'ALTERED'\":\"altered\"}]"
11/9/2020 12:44:42 [mgarry] 125: "1 Object(s) returned... [FETCH]"
11/9/2020 12:45:41 [mgarry] 126: "BEGIN PKREQUESTMANAGER.CALLQUERY(126,'SUP0000002','mgarry','{HEINENS_CUSTOM_PROD}', '{00869,11/10/2020,11/25/2020}','{HN}', :cursor); END;"
11/9/2020 12:45:41 [mgarry] 126: "462 Object(s) returned... [FETCH]"
11/9/2020 14:28:22 [mgarry] 156: "BEGIN PKREQUESTMANAGER.CALLQUERY(156,'ADM0000001','mgarry','{}', '{mgarry,Heinens}','{}', :cursor); END;"
11/9/2020 14:28:22 [mgarry] 156: "[{\"USERID\":\"mgarry\",\"USERFNAME\":\"Michele\",\"USERLNAME\":\"Garry\",\"USEREMAIL\":\"mgarry@heinens.com\",\"USERMOBILE\":null}]"
11/9/2020 14:28:22 [mgarry] 156: "1 Object(s) returned... [FETCH]"
11/9/2020 14:28:22 [mgarry] 157: "BEGIN PKREQUESTMANAGER.CALLQUERY(157,'CLI0000002','mgarry','{}', '{mgarry}','{}', :cursor); END;"
11/9/2020 14:28:22 [mgarry] 158: "BEGIN PKREQUESTMANAGER.CALLQUERY(158,'CLI0000003','mgarry','{}', '{mgarry}','{}', :cursor); END;"
11/9/2020 14:28:22 [mgarry] 157: "[{\"USERID\":\"mgarry\",\"USERCORPID\":2,\"USERPASS\":\"SGVpbmVucw==\",\"USERAUTH\":null,\"USERLANG\":\"us_US\",\"USERPROF\":null,\"USERAPPLI\":3,\"USERFNAME\":\"Michele\",\"USERLNAME\":\"Garry\",\"USEREMAIL\":\"mgarry@heinens.com\",\"USERMOBILE\":null,\"USERTEAM\":null,\"USERACTIVE\":1,\"USERDCRE\":\"2020-11-09T05:00:00.000Z\",\"USERDMAJ\":\"2020-11-09T05:00:00.000Z\",\"USERUTIL\":\"admin\",\"USERTYPE\":2}]"
11/9/2020 14:28:22 [mgarry] 157: "1 Object(s) returned... [FETCH]"
11/9/2020 14:28:23 [mgarry] 158: "[{\"LEVEL\":\"CORPORATE\",\"ENVID\":1,\"ENVCORPID\":2,\"CORPSDESC\":\"Heinen's\",\"ENVCODE\":\"CENTRAL_UAT\",\"ENVTYPE\":4,\"ENVACTIVE\":1,\"ENVSDESC\":\"User Acceptance\",\"ENVLDESC\":\"Heinen's Central UAT environement\",\"ENVDBTYPE\":1,\"ENVIP\":\"10.200.14.232\",\"ENVPORT\":1521,\"ENVUSER\":\"hntcen\",\"ENVPASSWORD\":\"Heinen123!\",\"ENVSOURCE\":\"test\",\"ENVDBLINK\":\"HEINENS_CEN_UAT\",\"ENVDEFAULT\":0,\"ENVDCRE\":\"2017-03-21T05:00:00.000Z\",\"ENVDMAJ\":\"2017-03-21T05:00:00.000Z\",\"ENVUTIL\":\"abe\",\"ENVVERSION\":1,\"ENVDEFLANG\":\"HN\",\"CORPPIC\":\"./assets/pictures/corporate/heinens.jpg\",\"ENVVARINITSH\":\". /home/hntcen/env/envCEN\",\"ENVTITLECOLOR\":\"yellow\",\"ENVTITLE\":\"Inventory Control Room (Acceptance)\"},{\"LEVEL\":\"CORPORATE\",\"ENVID\":2,\"ENVCORPID\":2,\"CORPSDESC\":\"Heinen's\",\"ENVCODE\":\"STOCK_UAT\",\"ENVTYPE\":4,\"ENVACTIVE\":1,\"ENVSDESC\":\"Heinen's Stock UAT\",\"ENVLDESC\":\"Heinen's Stock UAT environement\",\"ENVDBTYPE\":1,\"ENVIP\":\"10.200.14.232\",\"ENVPORT\":1521,\"ENVUSER\":\"hntstk\",\"ENVPASSWORD\":\"Heinen123!\",\"ENVSOURCE\":\"test\",\"ENVDBLINK\":\"HEINENS_STK_UAT\",\"ENVDEFAULT\":0,\"ENVDCRE\":\"2017-03-21T05:00:00.000Z\",\"ENVDMAJ\":\"2017-03-21T05:00:00.000Z\",\"ENVUTIL\":\"abe\",\"ENVVERSION\":2,\"ENVDEFLANG\":\"HN\",\"CORPPIC\":\"./assets/pictures/corporate/heinens.jpg\",\"ENVVARINITSH\":\". /home/hntstk/env/envSTK\",\"ENVTITLECOLOR\":\"yellow\",\"ENVTITLE\":\"Inventory Control Room (Acceptance)\"},{\"LEVEL\":\"USER\",\"ENVID\":1,\"ENVCORPID\":2,\"CORPSDESC\":\"Heinen's\",\"ENVCODE\":\"CENTRAL_UAT\",\"ENVTYPE\":4,\"ENVACTIVE\":1,\"ENVSDESC\":\"User Acceptance\",\"ENVLDESC\":\"Heinen's Central UAT environement\",\"ENVDBTYPE\":1,\"ENVIP\":\"10.200.14.232\",\"ENVPORT\":1521,\"ENVUSER\":\"hntcen\",\"ENVPASSWORD\":\"Heinen123!\",\"ENVSOURCE\":\"test\",\"ENVDBLINK\":\"HEINENS_CEN_UAT\",\"ENVDEFAULT\":0,\"ENVDCRE\":\"2017-03-21T05:00:00.000Z\",\"ENVDMAJ\":\"2017-03-21T05:00:00.000Z\",\"ENVUTIL\":\"abe\",\"ENVVERSION\":1,\"ENVDEFLANG\":\"HN\",\"CORPPIC\":\"./assets/pictures/corporate/heinens.jpg\",\"ENVVARINITSH\":\". /home/hntcen/env/envCEN\",\"ENVTITLECOLOR\":\"yellow\",\"ENVTITLE\":\"Inventory Control Room (Acceptance)\"},{\"LEVEL\":\"CORPORATE\",\"ENVID\":3,\"ENVCORPID\":2,\"CORPSDESC\":\"Heinen's\",\"ENVCODE\":\"HN_CENTRAL_PROD\",\"ENVTYPE\":7,\"ENVACTIVE\":1,\"ENVSDESC\":\"Production\",\"ENVLDESC\":\"Heinen's Custom PROD environement\",\"ENVDBTYPE\":1,\"ENVIP\":\"10.200.14.231\",\"ENVPORT\":1521,\"ENVUSER\":\"hnpcen\",\"ENVPASSWORD\":\"Heinen123!\",\"ENVSOURCE\":\"central\",\"ENVDBLINK\":\"HEINENS_CUSTOM_PROD\",\"ENVDEFAULT\":1,\"ENVDCRE\":\"2017-04-22T05:00:00.000Z\",\"ENVDMAJ\":\"2017-03-21T05:00:00.000Z\",\"ENVUTIL\":\"abe\",\"ENVVERSION\":1,\"ENVDEFLANG\":\"HN\",\"CORPPIC\":\"./assets/pictures/corporate/heinens.jpg\",\"ENVVARINITSH\":\". /home/hnpcen/env/envCEN\",\"ENVTITLECOLOR\":\"white\",\"ENVTITLE\":\"Inventory Control Room\"},{\"LEVEL\":\"CORPORATE\",\"ENVID\":4,\"ENVCORPID\":2,\"CORPSDESC\":\"Heinen's\",\"ENVCODE\":\"HN_STOCK_PROD\",\"ENVTYPE\":7,\"ENVACTIVE\":1,\"ENVSDESC\":\"Production Warehouse\",\"ENVLDESC\":\"Heinen's Warehouse PROD environement\",\"ENVDBTYPE\":1,\"ENVIP\":\"10.200.14.231\",\"ENVPORT\":1521,\"ENVUSER\":\"hnpstk\",\"ENVPASSWORD\":\"Heinen123!\",\"ENVSOURCE\":\"central\",\"ENVDBLINK\":\"HEINENS_CUSTOM_PROD\",\"ENVDEFAULT\":1,\"ENVDCRE\":\"2020-01-02T05:00:00.000Z\",\"ENVDMAJ\":\"2020-01-02T05:00:00.000Z\",\"ENVUTIL\":\"abe\",\"ENVVERSION\":1,\"ENVDEFLANG\":\"HN\",\"CORPPIC\":\"./assets/pictures/corporate/heinens.jpg\",\"ENVVARINITSH\":\". /home/hnpsk/env/envSTK\",\"ENVTITLECOLOR\":\"white\",\"ENVTITLE\":\"Inventory Control Room\"},{\"LEVEL\":\"USER\",\"ENVID\":3,\"ENVCORPID\":2,\"CORPSDESC\":\"Heinen's\",\"ENVCODE\":\"HN_CENTRAL_PROD\",\"ENVTYPE\":7,\"ENVACTIVE\":1,\"ENVSDESC\":\"Production\",\"ENVLDESC\":\"Heinen's Custom PROD environement\",\"ENVDBTYPE\":1,\"ENVIP\":\"10.200.14.231\",\"ENVPORT\":1521,\"ENVUSER\":\"hnpcen\",\"ENVPASSWORD\":\"Heinen123!\",\"ENVSOURCE\":\"central\",\"ENVDBLINK\":\"HEINENS_CUSTOM_PROD\",\"ENVDEFAULT\":1,\"ENVDCRE\":\"2017-04-22T05:00:00.000Z\",\"ENVDMAJ\":\"2017-03-21T05:00:00.000Z\",\"ENVUTIL\":\"abe\",\"ENVVERSION\":1,\"ENVDEFLANG\":\"HN\",\"CORPPIC\":\"./assets/pictures/corporate/heinens.jpg\",\"ENVVARINITSH\":\". /home/hnpcen/env/envCEN\",\"ENVTITLECOLOR\":\"white\",\"ENVTITLE\":\"Inventory Control Room\"}]"
11/9/2020 14:28:23 [mgarry] 158: "6 Object(s) returned... [FETCH]"
11/9/2020 14:28:23 [mgarry] 159: "BEGIN PKREQUESTMANAGER.CALLQUERY(159,'WDG0000001','mgarry','{HEINENS_CUSTOM_PROD}', '{mgarry,-1}','{HN}', :cursor); END;"
11/9/2020 14:28:23 [mgarry] 160: "BEGIN PKREQUESTMANAGER.CALLQUERY(160,'SCR0000001','mgarry','{HEINENS_CUSTOM_PROD}', '{SCR0000000001,mgarry}','{HN}', :cursor); END;"
11/9/2020 14:28:23 [mgarry] 160: "[{\"SCREENID\":\"SCR0000000001\",\"SCREENINFO\":\"<div><i class=\\\"bbs-keywords\\\">What is it : </i>Dashboard section is your <b>Home</b> tracking process. It simplifies and regroup data visualization.\\n                          As many as needed dashboard widget trackers can be enabled.\\n</div>\\n<div><i class=\\\"bbs-keywords\\\">Tracking type : </i>There are 3 types of data visualization: \\n        <li><b>Table </b> display with export to file option.</li> \\n        <li><b>Chart </b> with by type line, bar, radar, polar, pie, scatter, combined type </li> \\n        <li><b>Message & Alert </b> with color criticality such as successful, soft warning, hard warning.</li> \\n</div>\"}]"
11/9/2020 14:28:23 [mgarry] 160: "1 Object(s) returned... [FETCH]"
11/9/2020 14:28:23 [mgarry] 159: "46 Object(s) returned... [FETCH]"
11/9/2020 14:28:23 [mgarry] 161: "./repository/downloads/dashboard/INV0000001_HEINENS_CUSTOM_PROD.json File(s) returned... [FETCH]"
11/9/2020 14:28:23 [mgarry] 162: "BEGIN PKREQUESTMANAGER.CALLQUERY(162,'WDG1000000','mgarry','{HEINENS_CUSTOM_PROD}', '{WDG0000000014,null}','{HN}', :cursor); END;"
11/9/2020 14:28:23 [mgarry] 163: "BEGIN PKREQUESTMANAGER.CALLQUERY(163,'WDG1000000','mgarry','{HEINENS_CUSTOM_PROD}', '{WDG0000000017,1020100000000}','{HN}', :cursor); END;"
11/9/2020 14:28:23 [mgarry] 164: "BEGIN PKREQUESTMANAGER.CALLQUERY(164,'WDG1000000','mgarry','{HEINENS_CUSTOM_PROD}', '{WDG0000000015,null}','{HN}', :cursor); END;"
11/9/2020 14:28:23 [mgarry] 165: "BEGIN PKREQUESTMANAGER.CALLQUERY(165,'WDG1000000','mgarry','{HEINENS_CUSTOM_PROD}', '{WDG0000000013,null}','{HN}', :cursor); END;"
11/9/2020 14:28:23 [mgarry] 166: "BEGIN PKREQUESTMANAGER.CALLQUERY(166,'WDG1000000','mgarry','{HEINENS_CUSTOM_PROD}', '{WDG0000000010,null}','{HN}', :cursor); END;"
11/9/2020 14:28:23 [mgarry] 167: "BEGIN PKREQUESTMANAGER.CALLQUERY(167,'WDG1000000','mgarry','{HEINENS_CUSTOM_PROD}', '{WDG0000000016,1030010000000}','{HN}', :cursor); END;"
11/9/2020 14:28:23 [mgarry] 166: "620 Object(s) returned... [FETCH]"
11/9/2020 14:28:24 [mgarry] 168: "BEGIN PKREQUESTMANAGER.CALLQUERY(168,'WDG1000000','mgarry','{HEINENS_CUSTOM_PROD}', '{WDG0000000016,1020100000000}','{HN}', :cursor); END;"
11/9/2020 14:28:28 [mgarry] 165: "[{\"TYPE\":\"success\",\"MESSAGE\":\"No store deliveries blocked in inbound receipts (INTDEREC/WDETREC).\",\"RECEIPT_DATE\":\"11/09/2020\"}]"
11/9/2020 14:28:28 [mgarry] 165: "1 Object(s) returned... [FETCH]"
11/9/2020 14:28:28 [mgarry] 169: "BEGIN PKREQUESTMANAGER.CALLQUERY(169,'WDG1000000','mgarry','{HEINENS_CUSTOM_PROD}', '{WDG0000000017,1030010000000}','{HN}', :cursor); END;"
11/9/2020 14:28:30 [mgarry] 167: "2299 Object(s) returned... [FETCH]"
11/9/2020 14:28:30 [mgarry] 168: "2299 Object(s) returned... [FETCH]"
11/9/2020 14:28:31 [mgarry] 170: "BEGIN PKREQUESTMANAGER.CALLQUERY(170,'WDG1000000','mgarry','{HEINENS_CUSTOM_PROD}', '{WDG0000000018,null}','{HN}', :cursor); END;"
11/9/2020 14:28:33 [mgarry] 164: "74 Object(s) returned... [FETCH]"
11/9/2020 14:28:39 [mgarry] 171: "BEGIN PKREQUESTMANAGER.CALLQUERY(171,'SCR0000001','mgarry','{HEINENS_CUSTOM_PROD}', '{SCR0000000003,mgarry}','{HN}', :cursor); END;"
11/9/2020 14:28:39 [mgarry] 171: "[{\"SCREENID\":\"SCR0000000003\",\"SCREENINFO\":\"<div><i class=\\\"bbs-keywords\\\">What is it : </i>Supplier schedule give you the capability to review and maintain the already defined supplier schedule \\nfor a given supplier code or part of his description and the period to be reconsidered.\\n</div>\\n<div><i class=\\\"bbs-keywords\\\">Business case example :</i>Adjust the supplier delivery calendar due to holiday or temporary schedule change</div>\\n<div><i class=\\\"bbs-keywords\\\">Mechanism : </i>Tool is capturing the actual defined supplier schedule for the given period in order to gather\\nfundamental service information (commercial contrat, address chain, service contract, schedule (order day & time, delivery day & time), store associated to the schedule \\n</div> \\n<div><i class=\\\"bbs-keywords\\\">Scenario : </i>\\n     <li><b class=\\\"bbs-keywords-scenario\\\">Not finding the supplier: </b>That means for the given period, there is no actual supplier schedule. To resolve that, extend the period in the search panel. You will be able to readjust the end period once you get to the detail adjustment section.\\n     </li>'\\n</div>\"}]"
11/9/2020 14:28:39 [mgarry] 171: "1 Object(s) returned... [FETCH]"
11/9/2020 14:29:4 [mgarry] 170: "[]"
11/9/2020 14:29:4 [mgarry] 170: "0 Object(s) returned... [FETCH]"
11/9/2020 14:29:46 [mgarry] 162: "30 Object(s) returned... [FETCH]"
11/9/2020 14:30:36 [mgarry] 163: "2299 Object(s) returned... [FETCH]"
11/9/2020 14:33:50 [mgarry] 169: "2299 Object(s) returned... [FETCH]"
11/9/2020 14:43:22 [mgarry] 173: "BEGIN PKREQUESTMANAGER.CALLQUERY(173,'SUP0000002','mgarry','{HEINENS_CUSTOM_PROD}', '{AO0771872,11/10/2020,11/27/2020}','{HN}', :cursor); END;"
11/9/2020 14:43:23 [mgarry] 173: "299 Object(s) returned... [FETCH]"
11/9/2020 14:45:29 [mgarry] 174: "BEGIN PKREQUESTMANAGER.CALLQUERY(174,'SCH0000001','mgarry','{HEINENS_CUSTOM_PROD}', '{AO0771872,AO07718,0,AO07718,11/10/2020,11/27/2020,mgarry,1,4,5,6,7,8,9,10,11,12,14,15,16,17,18,19,20,21,22,41,42,43,44}','{HN}', :cursor); END;"
11/9/2020 14:45:29 [mgarry] 174: "[{\"'ALTERED'\":\"altered\"}]"
11/9/2020 14:45:29 [mgarry] 174: "1 Object(s) returned... [FETCH]"
11/9/2020 14:45:29 [mgarry] 175: "BEGIN PKREQUESTMANAGER.CALLQUERY(175,'SCH0000002','mgarry','{HEINENS_CUSTOM_PROD}', '{AO0771872,AO07718,0,AO07718,11/12/2020,1010,11/13/2020,0000,mgarry,1,4,5,6,7,8,9,10,11,12,14,15,16,17,18,19,20,21,22,41,42,43,44}','{HN}', :cursor); END;"
11/9/2020 14:45:29 [mgarry] 176: "BEGIN PKREQUESTMANAGER.CALLQUERY(176,'SCH0000002','mgarry','{HEINENS_CUSTOM_PROD}', '{AO0771872,AO07718,0,AO07718,11/25/2020,1010,11/26/2020,0000,mgarry,1,4,5,6,7,8,9,10,11,12,14,15,16,17,18,19,20,21,22,41,42,43,44}','{HN}', :cursor); END;"
11/9/2020 14:45:29 [mgarry] 177: "BEGIN PKREQUESTMANAGER.CALLQUERY(177,'SCH0000002','mgarry','{HEINENS_CUSTOM_PROD}', '{AO0771872,AO07718,0,AO07718,11/16/2020,1010,11/17/2020,0000,mgarry,1,4,5,6,7,8,9,10,11,12,14,15,16,17,18,19,20,21,22,41,42,43,44}','{HN}', :cursor); END;"
11/9/2020 14:45:29 [mgarry] 178: "BEGIN PKREQUESTMANAGER.CALLQUERY(178,'SCH0000002','mgarry','{HEINENS_CUSTOM_PROD}', '{AO0771872,AO07718,0,AO07718,11/23/2020,1010,11/24/2020,0000,mgarry,1,4,5,6,7,8,9,10,11,12,14,15,16,17,18,19,20,21,22,41,42,43,44}','{HN}', :cursor); END;"
11/9/2020 14:45:29 [mgarry] 179: "BEGIN PKREQUESTMANAGER.CALLQUERY(179,'SCH0000002','mgarry','{HEINENS_CUSTOM_PROD}', '{AO0771872,AO07718,0,AO07718,11/19/2020,1010,11/20/2020,0000,mgarry,1,4,5,6,7,8,9,10,11,12,14,15,16,17,18,19,20,21,22,41,42,43,44}','{HN}', :cursor); END;"
11/9/2020 14:45:29 [mgarry] 180: "BEGIN PKREQUESTMANAGER.CALLQUERY(180,'SCH0000002','mgarry','{HEINENS_CUSTOM_PROD}', '{AO0771872,AO07718,0,AO07718,11/27/2020,1010,11/28/2020,0000,mgarry,1,4,5,6,7,8,9,10,11,12,14,15,16,17,18,19,20,21,22,41,42,43,44}','{HN}', :cursor); END;"
11/9/2020 14:45:29 [mgarry] 175: "[{\"'ALTERED'\":\"altered\"}]"
11/9/2020 14:45:29 [mgarry] 175: "1 Object(s) returned... [FETCH]"
11/9/2020 14:45:29 [mgarry] 176: "[{\"'ALTERED'\":\"altered\"}]"
11/9/2020 14:45:29 [mgarry] 176: "1 Object(s) returned... [FETCH]"
11/9/2020 14:45:29 [mgarry] 178: "[{\"'ALTERED'\":\"altered\"}]"
11/9/2020 14:45:29 [mgarry] 178: "1 Object(s) returned... [FETCH]"
11/9/2020 14:45:29 [mgarry] 177: "[{\"'ALTERED'\":\"altered\"}]"
11/9/2020 14:45:29 [mgarry] 177: "1 Object(s) returned... [FETCH]"
11/9/2020 14:45:29 [mgarry] 179: "[{\"'ALTERED'\":\"altered\"}]"
11/9/2020 14:45:29 [mgarry] 179: "1 Object(s) returned... [FETCH]"
11/9/2020 14:45:30 [mgarry] 180: "[{\"'ALTERED'\":\"altered\"}]"
11/9/2020 14:45:30 [mgarry] 180: "1 Object(s) returned... [FETCH]"
11/9/2020 14:58:38 [mgarry] 192: "BEGIN PKREQUESTMANAGER.CALLQUERY(192,'SUP0000002','mgarry','{HEINENS_CUSTOM_PROD}', '{H091070,11/10/2020,11/27/2020}','{HN}', :cursor); END;"
11/9/2020 14:58:38 [mgarry] 192: "364 Object(s) returned... [FETCH]"
11/9/2020 14:59:31 [mgarry] 193: "BEGIN PKREQUESTMANAGER.CALLQUERY(193,'SCH0000001','mgarry','{HEINENS_CUSTOM_PROD}', '{H091070,H091070C,0,H091070S,11/10/2020,11/27/2020,mgarry,1,4,5,6,7,8,9,10,11,12,14,15,16,17,18,19,20,21,22,41,42,43,44,99918,99951,99952,99953,99960}','{HN}', :cursor); END;"
11/9/2020 14:59:32 [mgarry] 193: "[{\"'ALTERED'\":\"altered\"}]"
11/9/2020 14:59:32 [mgarry] 193: "1 Object(s) returned... [FETCH]"
11/9/2020 14:59:32 [mgarry] 194: "BEGIN PKREQUESTMANAGER.CALLQUERY(194,'SCH0000002','mgarry','{HEINENS_CUSTOM_PROD}', '{H091070,H091070C,0,H091070S,11/10/2020,2110,11/11/2020,0800,mgarry,1,4,5,6,7,8,9,10,11,12,14,15,16,17,18,19,20,21,22,41,42,43,44,99918,99951,99952,99953,99960}','{HN}', :cursor); END;"
11/9/2020 14:59:32 [mgarry] 195: "BEGIN PKREQUESTMANAGER.CALLQUERY(195,'SCH0000002','mgarry','{HEINENS_CUSTOM_PROD}', '{H091070,H091070C,0,H091070S,11/11/2020,2110,11/12/2020,0800,mgarry,1,4,5,6,7,8,9,10,11,12,14,15,16,17,18,19,20,21,22,41,42,43,44,99918,99951,99952,99953,99960}','{HN}', :cursor); END;"
11/9/2020 14:59:32 [mgarry] 196: "BEGIN PKREQUESTMANAGER.CALLQUERY(196,'SCH0000002','mgarry','{HEINENS_CUSTOM_PROD}', '{H091070,H091070C,0,H091070S,11/17/2020,2110,11/18/2020,0800,mgarry,1,4,5,6,7,8,9,10,11,12,14,15,16,17,18,19,20,21,22,41,42,43,44,99918,99951,99952,99953,99960}','{HN}', :cursor); END;"
11/9/2020 14:59:32 [mgarry] 197: "BEGIN PKREQUESTMANAGER.CALLQUERY(197,'SCH0000002','mgarry','{HEINENS_CUSTOM_PROD}', '{H091070,H091070C,0,H091070S,11/12/2020,2110,11/13/2020,0800,mgarry,1,4,5,6,7,8,9,10,11,12,14,15,16,17,18,19,20,21,22,41,42,43,44,99918,99951,99952,99953,99960}','{HN}', :cursor); END;"
11/9/2020 14:59:32 [mgarry] 198: "BEGIN PKREQUESTMANAGER.CALLQUERY(198,'SCH0000002','mgarry','{HEINENS_CUSTOM_PROD}', '{H091070,H091070C,0,H091070S,11/13/2020,2110,11/14/2020,0800,mgarry,1,4,5,6,7,8,9,10,11,12,14,15,16,17,18,19,20,21,22,41,42,43,44,99918,99951,99952,99953,99960}','{HN}', :cursor); END;"
11/9/2020 14:59:32 [mgarry] 199: "BEGIN PKREQUESTMANAGER.CALLQUERY(199,'SCH0000002','mgarry','{HEINENS_CUSTOM_PROD}', '{H091070,H091070C,0,H091070S,11/15/2020,2110,11/16/2020,0800,mgarry,1,4,5,6,7,8,9,10,11,12,14,15,16,17,18,19,20,21,22,41,42,43,44,99918,99951,99952,99953,99960}','{HN}', :cursor); END;"
11/9/2020 14:59:32 [mgarry] 195: "[{\"'ALTERED'\":\"altered\"}]"
11/9/2020 14:59:32 [mgarry] 195: "1 Object(s) returned... [FETCH]"
11/9/2020 14:59:32 [mgarry] 198: "[{\"'ALTERED'\":\"altered\"}]"
11/9/2020 14:59:32 [mgarry] 198: "1 Object(s) returned... [FETCH]"
11/9/2020 14:59:32 [mgarry] 196: "[{\"'ALTERED'\":\"altered\"}]"
11/9/2020 14:59:32 [mgarry] 196: "1 Object(s) returned... [FETCH]"
11/9/2020 14:59:32 [mgarry] 197: "[{\"'ALTERED'\":\"altered\"}]"
11/9/2020 14:59:32 [mgarry] 197: "1 Object(s) returned... [FETCH]"
11/9/2020 14:59:32 [mgarry] 194: "[{\"'ALTERED'\":\"altered\"}]"
11/9/2020 14:59:32 [mgarry] 194: "1 Object(s) returned... [FETCH]"
11/9/2020 14:59:32 [mgarry] 200: "BEGIN PKREQUESTMANAGER.CALLQUERY(200,'SCH0000002','mgarry','{HEINENS_CUSTOM_PROD}', '{H091070,H091070C,0,H091070S,11/18/2020,2110,11/19/2020,0800,mgarry,1,4,5,6,7,8,9,10,11,12,14,15,16,17,18,19,20,21,22,41,42,43,44,99918,99951,99952,99953,99960}','{HN}', :cursor); END;"
11/9/2020 14:59:32 [mgarry] 199: "[{\"'ALTERED'\":\"altered\"}]"
11/9/2020 14:59:32 [mgarry] 199: "1 Object(s) returned... [FETCH]"
11/9/2020 14:59:32 [mgarry] 201: "BEGIN PKREQUESTMANAGER.CALLQUERY(201,'SCH0000002','mgarry','{HEINENS_CUSTOM_PROD}', '{H091070,H091070C,0,H091070S,11/20/2020,2110,11/21/2020,0800,mgarry,1,4,5,6,7,8,9,10,11,12,14,15,16,17,18,19,20,21,22,41,42,43,44,99918,99951,99952,99953,99960}','{HN}', :cursor); END;"
11/9/2020 14:59:32 [mgarry] 202: "BEGIN PKREQUESTMANAGER.CALLQUERY(202,'SCH0000002','mgarry','{HEINENS_CUSTOM_PROD}', '{H091070,H091070C,0,H091070S,11/25/2020,2110,11/27/2020,0800,mgarry,1,4,5,6,7,8,9,10,11,12,14,15,16,17,18,19,20,21,22,41,42,43,44,99918,99951,99952,99953,99960}','{HN}', :cursor); END;"
11/9/2020 14:59:32 [mgarry] 203: "BEGIN PKREQUESTMANAGER.CALLQUERY(203,'SCH0000002','mgarry','{HEINENS_CUSTOM_PROD}', '{H091070,H091070C,0,H091070S,11/23/2020,2110,11/24/2020,0800,mgarry,1,4,5,6,7,8,9,10,11,12,14,15,16,17,18,19,20,21,22,41,42,43,44,99918,99951,99952,99953,99960}','{HN}', :cursor); END;"
11/9/2020 14:59:32 [mgarry] 204: "BEGIN PKREQUESTMANAGER.CALLQUERY(204,'SCH0000002','mgarry','{HEINENS_CUSTOM_PROD}', '{H091070,H091070C,0,H091070S,11/19/2020,2110,11/20/2020,0800,mgarry,1,4,5,6,7,8,9,10,11,12,14,15,16,17,18,19,20,21,22,41,42,43,44,99918,99951,99952,99953,99960}','{HN}', :cursor); END;"
11/9/2020 14:59:32 [mgarry] 205: "BEGIN PKREQUESTMANAGER.CALLQUERY(205,'SCH0000002','mgarry','{HEINENS_CUSTOM_PROD}', '{H091070,H091070C,0,H091070S,11/22/2020,2110,11/23/2020,0800,mgarry,1,4,5,6,7,8,9,10,11,12,14,15,16,17,18,19,20,21,22,41,42,43,44,99918,99951,99952,99953,99960}','{HN}', :cursor); END;"
11/9/2020 14:59:33 [mgarry] 200: "[{\"'ALTERED'\":\"altered\"}]"
11/9/2020 14:59:33 [mgarry] 200: "1 Object(s) returned... [FETCH]"
11/9/2020 14:59:33 [mgarry] 201: "[{\"'ALTERED'\":\"altered\"}]"
11/9/2020 14:59:33 [mgarry] 201: "1 Object(s) returned... [FETCH]"
11/9/2020 14:59:33 [mgarry] 203: "[{\"'ALTERED'\":\"altered\"}]"
11/9/2020 14:59:33 [mgarry] 203: "1 Object(s) returned... [FETCH]"
11/9/2020 14:59:33 [mgarry] 202: "[{\"'ALTERED'\":\"altered\"}]"
11/9/2020 14:59:33 [mgarry] 202: "1 Object(s) returned... [FETCH]"
11/9/2020 14:59:33 [mgarry] 206: "BEGIN PKREQUESTMANAGER.CALLQUERY(206,'SCH0000002','mgarry','{HEINENS_CUSTOM_PROD}', '{H091070,H091070C,0,H091070S,11/24/2020,2110,11/25/2020,0800,mgarry,1,4,5,6,7,8,9,10,11,12,14,15,16,17,18,19,20,21,22,41,42,43,44,99918,99951,99952,99953,99960}','{HN}', :cursor); END;"
11/9/2020 14:59:33 [mgarry] 204: "[{\"'ALTERED'\":\"altered\"}]"
11/9/2020 14:59:33 [mgarry] 204: "1 Object(s) returned... [FETCH]"
11/9/2020 14:59:33 [mgarry] 205: "[{\"'ALTERED'\":\"altered\"}]"
11/9/2020 14:59:33 [mgarry] 205: "1 Object(s) returned... [FETCH]"
11/9/2020 14:59:33 [mgarry] 207: "BEGIN PKREQUESTMANAGER.CALLQUERY(207,'SCH0000002','mgarry','{HEINENS_CUSTOM_PROD}', '{H091070,H091070C,0,H091070S,11/27/2020,2110,11/28/2020,0800,mgarry,1,4,5,6,7,8,9,10,11,12,14,15,16,17,18,19,20,21,22,41,42,43,44,99918,99951,99952,99953,99960}','{HN}', :cursor); END;"
11/9/2020 14:59:33 [mgarry] 206: "[{\"'ALTERED'\":\"altered\"}]"
11/9/2020 14:59:33 [mgarry] 206: "1 Object(s) returned... [FETCH]"
11/9/2020 14:59:33 [mgarry] 207: "[{\"'ALTERED'\":\"altered\"}]"
11/9/2020 14:59:33 [mgarry] 207: "1 Object(s) returned... [FETCH]"
11/9/2020 15:0:17 [mgarry] 208: "BEGIN PKREQUESTMANAGER.CALLQUERY(208,'SUP0000002','mgarry','{HEINENS_CUSTOM_PROD}', '{H091071,11/10/2020,11/27/2020}','{HN}', :cursor); END;"
11/9/2020 15:0:17 [mgarry] 208: "351 Object(s) returned... [FETCH]"
11/9/2020 15:0:36 [mgarry] 209: "BEGIN PKREQUESTMANAGER.CALLQUERY(209,'SCH0000001','mgarry','{HEINENS_CUSTOM_PROD}', '{H091071,H091071C,0,H091071S,11/10/2020,11/27/2020,mgarry,1,4,5,6,7,8,9,10,11,12,14,15,16,17,18,19,20,21,22,41,42,43,44,99918,99951,99952,99953}','{HN}', :cursor); END;"
11/9/2020 15:0:37 [mgarry] 209: "[{\"'ALTERED'\":\"altered\"}]"
11/9/2020 15:0:37 [mgarry] 209: "1 Object(s) returned... [FETCH]"
11/9/2020 15:0:37 [mgarry] 210: "BEGIN PKREQUESTMANAGER.CALLQUERY(210,'SCH0000002','mgarry','{HEINENS_CUSTOM_PROD}', '{H091071,H091071C,0,H091071S,11/10/2020,2110,11/11/2020,0800,mgarry,1,4,5,6,7,8,9,10,11,12,14,15,16,17,18,19,20,21,22,41,42,43,44,99918,99951,99952,99953}','{HN}', :cursor); END;"
11/9/2020 15:0:37 [mgarry] 211: "BEGIN PKREQUESTMANAGER.CALLQUERY(211,'SCH0000002','mgarry','{HEINENS_CUSTOM_PROD}', '{H091071,H091071C,0,H091071S,11/18/2020,2110,11/19/2020,0800,mgarry,1,4,5,6,7,8,9,10,11,12,14,15,16,17,18,19,20,21,22,41,42,43,44,99918,99951,99952,99953}','{HN}', :cursor); END;"
11/9/2020 15:0:37 [mgarry] 212: "BEGIN PKREQUESTMANAGER.CALLQUERY(212,'SCH0000002','mgarry','{HEINENS_CUSTOM_PROD}', '{H091071,H091071C,0,H091071S,11/12/2020,2110,11/13/2020,0800,mgarry,1,4,5,6,7,8,9,10,11,12,14,15,16,17,18,19,20,21,22,41,42,43,44,99918,99951,99952,99953}','{HN}', :cursor); END;"
11/9/2020 15:0:37 [mgarry] 213: "BEGIN PKREQUESTMANAGER.CALLQUERY(213,'SCH0000002','mgarry','{HEINENS_CUSTOM_PROD}', '{H091071,H091071C,0,H091071S,11/11/2020,2110,11/12/2020,0800,mgarry,1,4,5,6,7,8,9,10,11,12,14,15,16,17,18,19,20,21,22,41,42,43,44,99918,99951,99952,99953}','{HN}', :cursor); END;"
11/9/2020 15:0:37 [mgarry] 214: "BEGIN PKREQUESTMANAGER.CALLQUERY(214,'SCH0000002','mgarry','{HEINENS_CUSTOM_PROD}', '{H091071,H091071C,0,H091071S,11/15/2020,2110,11/16/2020,0800,mgarry,1,4,5,6,7,8,9,10,11,12,14,15,16,17,18,19,20,21,22,41,42,43,44,99918,99951,99952,99953}','{HN}', :cursor); END;"
11/9/2020 15:0:38 [mgarry] 215: "BEGIN PKREQUESTMANAGER.CALLQUERY(215,'SCH0000002','mgarry','{HEINENS_CUSTOM_PROD}', '{H091071,H091071C,0,H091071S,11/13/2020,2110,11/14/2020,0800,mgarry,1,4,5,6,7,8,9,10,11,12,14,15,16,17,18,19,20,21,22,41,42,43,44,99918,99951,99952,99953}','{HN}', :cursor); END;"
11/9/2020 15:0:38 [mgarry] 212: "[{\"'ALTERED'\":\"altered\"}]"
11/9/2020 15:0:38 [mgarry] 212: "1 Object(s) returned... [FETCH]"
11/9/2020 15:0:38 [mgarry] 213: "[{\"'ALTERED'\":\"altered\"}]"
11/9/2020 15:0:38 [mgarry] 213: "1 Object(s) returned... [FETCH]"
11/9/2020 15:0:38 [mgarry] 210: "[{\"'ALTERED'\":\"altered\"}]"
11/9/2020 15:0:38 [mgarry] 210: "1 Object(s) returned... [FETCH]"
11/9/2020 15:0:38 [mgarry] 211: "[{\"'ALTERED'\":\"altered\"}]"
11/9/2020 15:0:38 [mgarry] 211: "1 Object(s) returned... [FETCH]"
11/9/2020 15:0:38 [mgarry] 214: "[{\"'ALTERED'\":\"altered\"}]"
11/9/2020 15:0:38 [mgarry] 214: "1 Object(s) returned... [FETCH]"
11/9/2020 15:0:38 [mgarry] 216: "BEGIN PKREQUESTMANAGER.CALLQUERY(216,'SCH0000002','mgarry','{HEINENS_CUSTOM_PROD}', '{H091071,H091071C,0,H091071S,11/17/2020,2110,11/18/2020,0800,mgarry,1,4,5,6,7,8,9,10,11,12,14,15,16,17,18,19,20,21,22,41,42,43,44,99918,99951,99952,99953}','{HN}', :cursor); END;"
11/9/2020 15:0:38 [mgarry] 217: "BEGIN PKREQUESTMANAGER.CALLQUERY(217,'SCH0000002','mgarry','{HEINENS_CUSTOM_PROD}', '{H091071,H091071C,0,H091071S,11/19/2020,2110,11/20/2020,0800,mgarry,1,4,5,6,7,8,9,10,11,12,14,15,16,17,18,19,20,21,22,41,42,43,44,99918,99951,99952,99953}','{HN}', :cursor); END;"
11/9/2020 15:0:38 [mgarry] 218: "BEGIN PKREQUESTMANAGER.CALLQUERY(218,'SCH0000002','mgarry','{HEINENS_CUSTOM_PROD}', '{H091071,H091071C,0,H091071S,11/24/2020,2110,11/25/2020,0800,mgarry,1,4,5,6,7,8,9,10,11,12,14,15,16,17,18,19,20,21,22,41,42,43,44,99918,99951,99952,99953}','{HN}', :cursor); END;"
11/9/2020 15:0:38 [mgarry] 215: "[{\"'ALTERED'\":\"altered\"}]"
11/9/2020 15:0:38 [mgarry] 215: "1 Object(s) returned... [FETCH]"
11/9/2020 15:0:38 [mgarry] 219: "BEGIN PKREQUESTMANAGER.CALLQUERY(219,'SCH0000002','mgarry','{HEINENS_CUSTOM_PROD}', '{H091071,H091071C,0,H091071S,11/23/2020,2110,11/24/2020,0800,mgarry,1,4,5,6,7,8,9,10,11,12,14,15,16,17,18,19,20,21,22,41,42,43,44,99918,99951,99952,99953}','{HN}', :cursor); END;"
11/9/2020 15:0:38 [mgarry] 220: "BEGIN PKREQUESTMANAGER.CALLQUERY(220,'SCH0000002','mgarry','{HEINENS_CUSTOM_PROD}', '{H091071,H091071C,0,H091071S,11/20/2020,2110,11/21/2020,0800,mgarry,1,4,5,6,7,8,9,10,11,12,14,15,16,17,18,19,20,21,22,41,42,43,44,99918,99951,99952,99953}','{HN}', :cursor); END;"
11/9/2020 15:0:38 [mgarry] 221: "BEGIN PKREQUESTMANAGER.CALLQUERY(221,'SCH0000002','mgarry','{HEINENS_CUSTOM_PROD}', '{H091071,H091071C,0,H091071S,11/25/2020,2110,11/27/2020,0800,mgarry,1,4,5,6,7,8,9,10,11,12,14,15,16,17,18,19,20,21,22,41,42,43,44,99918,99951,99952,99953}','{HN}', :cursor); END;"
11/9/2020 15:0:38 [mgarry] 216: "[{\"'ALTERED'\":\"altered\"}]"
11/9/2020 15:0:38 [mgarry] 216: "1 Object(s) returned... [FETCH]"
11/9/2020 15:0:38 [mgarry] 218: "[{\"'ALTERED'\":\"altered\"}]"
11/9/2020 15:0:38 [mgarry] 218: "1 Object(s) returned... [FETCH]"
11/9/2020 15:0:38 [mgarry] 220: "[{\"'ALTERED'\":\"altered\"}]"
11/9/2020 15:0:38 [mgarry] 220: "1 Object(s) returned... [FETCH]"
11/9/2020 15:0:38 [mgarry] 217: "[{\"'ALTERED'\":\"altered\"}]"
11/9/2020 15:0:38 [mgarry] 217: "1 Object(s) returned... [FETCH]"
11/9/2020 15:0:38 [mgarry] 219: "[{\"'ALTERED'\":\"altered\"}]"
11/9/2020 15:0:38 [mgarry] 219: "1 Object(s) returned... [FETCH]"
11/9/2020 15:0:38 [mgarry] 222: "BEGIN PKREQUESTMANAGER.CALLQUERY(222,'SCH0000002','mgarry','{HEINENS_CUSTOM_PROD}', '{H091071,H091071C,0,H091071S,11/22/2020,2110,11/23/2020,0800,mgarry,1,4,5,6,7,8,9,10,11,12,14,15,16,17,18,19,20,21,22,41,42,43,44,99918,99951,99952,99953}','{HN}', :cursor); END;"
11/9/2020 15:0:38 [mgarry] 221: "[{\"'ALTERED'\":\"altered\"}]"
11/9/2020 15:0:38 [mgarry] 221: "1 Object(s) returned... [FETCH]"
11/9/2020 15:0:38 [mgarry] 223: "BEGIN PKREQUESTMANAGER.CALLQUERY(223,'SCH0000002','mgarry','{HEINENS_CUSTOM_PROD}', '{H091071,H091071C,0,H091071S,11/27/2020,2110,11/28/2020,0800,mgarry,1,4,5,6,7,8,9,10,11,12,14,15,16,17,18,19,20,21,22,41,42,43,44,99918,99951,99952,99953}','{HN}', :cursor); END;"
11/9/2020 15:0:38 [mgarry] 222: "[{\"'ALTERED'\":\"altered\"}]"
11/9/2020 15:0:38 [mgarry] 222: "1 Object(s) returned... [FETCH]"
11/9/2020 15:0:38 [mgarry] 223: "[{\"'ALTERED'\":\"altered\"}]"
11/9/2020 15:0:38 [mgarry] 223: "1 Object(s) returned... [FETCH]"
11/9/2020 15:9:43 [mgarry] 239: "BEGIN PKREQUESTMANAGER.CALLQUERY(239,'SUP0000002','mgarry','{HEINENS_CUSTOM_PROD}', '{14859,11/10/2020,11/27/2020}','{HN}', :cursor); END;"
11/9/2020 15:9:43 [mgarry] 239: "442 Object(s) returned... [FETCH]"
11/9/2020 15:17:21 [mgarry] 240: "BEGIN PKREQUESTMANAGER.CALLQUERY(240,'SUP0000002','mgarry','{HEINENS_CUSTOM_PROD}', '{AO0204972,11/10/2020,11/27/2020}','{HN}', :cursor); END;"
11/9/2020 15:17:22 [mgarry] 240: "46 Object(s) returned... [FETCH]"
11/9/2020 15:18:44 [mgarry] 241: "BEGIN PKREQUESTMANAGER.CALLQUERY(241,'SCH0000001','mgarry','{HEINENS_CUSTOM_PROD}', '{AO0204972,AO02049C,0,AO02049S,11/10/2020,11/27/2020,mgarry,1,4,5,6,7,8,9,10,11,12,14,15,16,17,18,19,20,21,22,41,42,43,44}','{HN}', :cursor); END;"
11/9/2020 15:18:44 [mgarry] 241: "[{\"'ALTERED'\":\"altered\"}]"
11/9/2020 15:18:44 [mgarry] 241: "1 Object(s) returned... [FETCH]"
11/9/2020 15:18:44 [mgarry] 242: "BEGIN PKREQUESTMANAGER.CALLQUERY(242,'SCH0000002','mgarry','{HEINENS_CUSTOM_PROD}', '{AO0204972,AO02049C,0,AO02049S,11/12/2020,1010,11/16/2020,0600,mgarry,1,4,5,6,7,8,9,10,11,12,14,15,16,17,18,19,20,21,22,41,42,43,44}','{HN}', :cursor); END;"
11/9/2020 15:18:44 [mgarry] 243: "BEGIN PKREQUESTMANAGER.CALLQUERY(243,'SCH0000002','mgarry','{HEINENS_CUSTOM_PROD}', '{AO0204972,AO02049C,0,AO02049S,11/19/2020,1010,11/23/2020,0600,mgarry,1,4,5,6,7,8,9,10,11,12,14,15,16,17,18,19,20,21,22,41,42,43,44}','{HN}', :cursor); END;"
11/9/2020 15:18:44 [mgarry] 244: "BEGIN PKREQUESTMANAGER.CALLQUERY(244,'SCH0000002','mgarry','{HEINENS_CUSTOM_PROD}', '{AO0204972,AO02049C,0,AO02049S,11/25/2020,1010,11/29/2020,0600,mgarry,1,4,5,6,7,8,9,10,11,12,14,15,16,17,18,19,20,21,22,41,42,43,44}','{HN}', :cursor); END;"
11/9/2020 15:18:44 [mgarry] 242: "[{\"'ALTERED'\":\"altered\"}]"
11/9/2020 15:18:44 [mgarry] 242: "1 Object(s) returned... [FETCH]"
11/9/2020 15:18:44 [mgarry] 244: "[{\"'ALTERED'\":\"altered\"}]"
11/9/2020 15:18:44 [mgarry] 244: "1 Object(s) returned... [FETCH]"
11/9/2020 15:18:44 [mgarry] 243: "[{\"'ALTERED'\":\"altered\"}]"
11/9/2020 15:18:44 [mgarry] 243: "1 Object(s) returned... [FETCH]"
11/9/2020 15:29:44 [mgarry] 253: "BEGIN PKREQUESTMANAGER.CALLQUERY(253,'SUP0000002','mgarry','{HEINENS_CUSTOM_PROD}', '{H090061,11/10/2020,11/27/2020}','{HN}', :cursor); END;"
11/9/2020 15:29:45 [mgarry] 253: "364 Object(s) returned... [FETCH]"
11/9/2020 15:30:19 [mgarry] 254: "BEGIN PKREQUESTMANAGER.CALLQUERY(254,'SCH0000001','mgarry','{HEINENS_CUSTOM_PROD}', '{H090061,H090061C,0,H090061S,11/10/2020,11/27/2020,mgarry,1,4,6,8,9,11,12,14,15,16,17,18,19,20,21,22,41,42,43,44,99918,99951,99952,99953,99960}','{HN}', :cursor); END;"
11/9/2020 15:30:20 [mgarry] 254: "[{\"'ALTERED'\":\"altered\"}]"
11/9/2020 15:30:20 [mgarry] 254: "1 Object(s) returned... [FETCH]"
11/9/2020 15:30:20 [mgarry] 255: "BEGIN PKREQUESTMANAGER.CALLQUERY(255,'SCH0000002','mgarry','{HEINENS_CUSTOM_PROD}', '{H090061,H090061C,0,H090061S,11/10/2020,0015,11/10/2020,0600,mgarry,1,4,6,8,9,11,12,14,15,16,17,18,19,20,21,22,41,42,43,44,99918,99951,99952,99953,99960}','{HN}', :cursor); END;"
11/9/2020 15:30:20 [mgarry] 256: "BEGIN PKREQUESTMANAGER.CALLQUERY(256,'SCH0000002','mgarry','{HEINENS_CUSTOM_PROD}', '{H090061,H090061C,0,H090061S,11/17/2020,0015,11/17/2020,0600,mgarry,1,4,6,8,9,11,12,14,15,16,17,18,19,20,21,22,41,42,43,44,99918,99951,99952,99953,99960}','{HN}', :cursor); END;"
11/9/2020 15:30:20 [mgarry] 257: "BEGIN PKREQUESTMANAGER.CALLQUERY(257,'SCH0000002','mgarry','{HEINENS_CUSTOM_PROD}', '{H090061,H090061C,0,H090061S,11/11/2020,0015,11/11/2020,0600,mgarry,1,4,6,8,9,11,12,14,15,16,17,18,19,20,21,22,41,42,43,44,99918,99951,99952,99953,99960}','{HN}', :cursor); END;"
11/9/2020 15:30:20 [mgarry] 258: "BEGIN PKREQUESTMANAGER.CALLQUERY(258,'SCH0000002','mgarry','{HEINENS_CUSTOM_PROD}', '{H090061,H090061C,0,H090061S,11/18/2020,0015,11/18/2020,0600,mgarry,1,4,6,8,9,11,12,14,15,16,17,18,19,20,21,22,41,42,43,44,99918,99951,99952,99953,99960}','{HN}', :cursor); END;"
11/9/2020 15:30:20 [mgarry] 259: "BEGIN PKREQUESTMANAGER.CALLQUERY(259,'SCH0000002','mgarry','{HEINENS_CUSTOM_PROD}', '{H090061,H090061C,0,H090061S,11/13/2020,0015,11/13/2020,0600,mgarry,1,4,6,8,9,11,12,14,15,16,17,18,19,20,21,22,41,42,43,44,99918,99951,99952,99953,99960}','{HN}', :cursor); END;"
11/9/2020 15:30:20 [mgarry] 260: "BEGIN PKREQUESTMANAGER.CALLQUERY(260,'SCH0000002','mgarry','{HEINENS_CUSTOM_PROD}', '{H090061,H090061C,0,H090061S,11/14/2020,0015,11/14/2020,0600,mgarry,1,4,6,8,9,11,12,14,15,16,17,18,19,20,21,22,41,42,43,44,99918,99951,99952,99953,99960}','{HN}', :cursor); END;"
11/9/2020 15:30:20 [mgarry] 255: "[{\"'ALTERED'\":\"altered\"}]"
11/9/2020 15:30:20 [mgarry] 255: "1 Object(s) returned... [FETCH]"
11/9/2020 15:30:20 [mgarry] 261: "BEGIN PKREQUESTMANAGER.CALLQUERY(261,'SCH0000002','mgarry','{HEINENS_CUSTOM_PROD}', '{H090061,H090061C,0,H090061S,11/16/2020,0015,11/16/2020,0600,mgarry,1,4,6,8,9,11,12,14,15,16,17,18,19,20,21,22,41,42,43,44,99918,99951,99952,99953,99960}','{HN}', :cursor); END;"
11/9/2020 15:30:20 [mgarry] 259: "[{\"'ALTERED'\":\"altered\"}]"
11/9/2020 15:30:20 [mgarry] 259: "1 Object(s) returned... [FETCH]"
11/9/2020 15:30:20 [mgarry] 258: "[{\"'ALTERED'\":\"altered\"}]"
11/9/2020 15:30:20 [mgarry] 258: "1 Object(s) returned... [FETCH]"
11/9/2020 15:30:20 [mgarry] 257: "[{\"'ALTERED'\":\"altered\"}]"
11/9/2020 15:30:20 [mgarry] 257: "1 Object(s) returned... [FETCH]"
11/9/2020 15:30:20 [mgarry] 256: "[{\"'ALTERED'\":\"altered\"}]"
11/9/2020 15:30:20 [mgarry] 256: "1 Object(s) returned... [FETCH]"
11/9/2020 15:30:20 [mgarry] 262: "BEGIN PKREQUESTMANAGER.CALLQUERY(262,'SCH0000002','mgarry','{HEINENS_CUSTOM_PROD}', '{H090061,H090061C,0,H090061S,11/20/2020,0015,11/20/2020,0600,mgarry,1,4,6,8,9,11,12,14,15,16,17,18,19,20,21,22,41,42,43,44,99918,99951,99952,99953,99960}','{HN}', :cursor); END;"
11/9/2020 15:30:20 [mgarry] 263: "BEGIN PKREQUESTMANAGER.CALLQUERY(263,'SCH0000002','mgarry','{HEINENS_CUSTOM_PROD}', '{H090061,H090061C,0,H090061S,11/21/2020,0015,11/21/2020,0600,mgarry,1,4,6,8,9,11,12,14,15,16,17,18,19,20,21,22,41,42,43,44,99918,99951,99952,99953,99960}','{HN}', :cursor); END;"
11/9/2020 15:30:20 [mgarry] 260: "[{\"'ALTERED'\":\"altered\"}]"
11/9/2020 15:30:20 [mgarry] 260: "1 Object(s) returned... [FETCH]"
11/9/2020 15:30:20 [mgarry] 261: "[{\"'ALTERED'\":\"altered\"}]"
11/9/2020 15:30:20 [mgarry] 261: "1 Object(s) returned... [FETCH]"
11/9/2020 15:30:20 [mgarry] 264: "BEGIN PKREQUESTMANAGER.CALLQUERY(264,'SCH0000002','mgarry','{HEINENS_CUSTOM_PROD}', '{H090061,H090061C,0,H090061S,11/24/2020,0015,11/24/2020,0600,mgarry,1,4,6,8,9,11,12,14,15,16,17,18,19,20,21,22,41,42,43,44,99918,99951,99952,99953,99960}','{HN}', :cursor); END;"
11/9/2020 15:30:20 [mgarry] 265: "BEGIN PKREQUESTMANAGER.CALLQUERY(265,'SCH0000002','mgarry','{HEINENS_CUSTOM_PROD}', '{H090061,H090061C,0,H090061S,11/23/2020,0015,11/23/2020,0600,mgarry,1,4,6,8,9,11,12,14,15,16,17,18,19,20,21,22,41,42,43,44,99918,99951,99952,99953,99960}','{HN}', :cursor); END;"
11/9/2020 15:30:20 [mgarry] 266: "BEGIN PKREQUESTMANAGER.CALLQUERY(266,'SCH0000002','mgarry','{HEINENS_CUSTOM_PROD}', '{H090061,H090061C,0,H090061S,11/25/2020,0015,11/25/2020,0600,mgarry,1,4,6,8,9,11,12,14,15,16,17,18,19,20,21,22,41,42,43,44,99918,99951,99952,99953,99960}','{HN}', :cursor); END;"
11/9/2020 15:30:20 [mgarry] 262: "[{\"'ALTERED'\":\"altered\"}]"
11/9/2020 15:30:20 [mgarry] 262: "1 Object(s) returned... [FETCH]"
11/9/2020 15:30:20 [mgarry] 263: "[{\"'ALTERED'\":\"altered\"}]"
11/9/2020 15:30:20 [mgarry] 263: "1 Object(s) returned... [FETCH]"
11/9/2020 15:30:21 [mgarry] 266: "[{\"'ALTERED'\":\"altered\"}]"
11/9/2020 15:30:21 [mgarry] 266: "1 Object(s) returned... [FETCH]"
11/9/2020 15:30:21 [mgarry] 265: "[{\"'ALTERED'\":\"altered\"}]"
11/9/2020 15:30:21 [mgarry] 265: "1 Object(s) returned... [FETCH]"
11/9/2020 15:30:21 [mgarry] 264: "[{\"'ALTERED'\":\"altered\"}]"
11/9/2020 15:30:21 [mgarry] 264: "1 Object(s) returned... [FETCH]"
11/9/2020 15:55:40 [mgarry] 272: "BEGIN PKREQUESTMANAGER.CALLQUERY(272,'SUP0000002','mgarry','{HEINENS_CUSTOM_PROD}', '{06966,11/10/2020,11/27/2020}','{HN}', :cursor); END;"
11/9/2020 15:55:41 [mgarry] 272: "240 Object(s) returned... [FETCH]"
11/9/2020 15:59:36 [mgarry] 274: "BEGIN PKREQUESTMANAGER.CALLQUERY(274,'SCH0000001','mgarry','{HEINENS_CUSTOM_PROD}', '{06966,06966CC,0,06966SC,11/10/2020,11/27/2020,mgarry,1,4,5,6,7,8,9,10,11,12,14,15,16,17,18,19,20,21,22,41,42,43,44,99952}','{HN}', :cursor); END;"
11/9/2020 15:59:37 [mgarry] 274: "[{\"'ALTERED'\":\"altered\"}]"
11/9/2020 15:59:37 [mgarry] 274: "1 Object(s) returned... [FETCH]"
11/9/2020 15:59:37 [mgarry] 275: "BEGIN PKREQUESTMANAGER.CALLQUERY(275,'SCH0000002','mgarry','{HEINENS_CUSTOM_PROD}', '{06966,06966CC,0,06966SC,11/10/2020,0810,11/11/2020,0600,mgarry,1,4,5,6,7,8,9,10,11,12,14,15,16,17,18,19,20,21,22,41,42,43,44,99952}','{HN}', :cursor); END;"
11/9/2020 15:59:37 [mgarry] 276: "BEGIN PKREQUESTMANAGER.CALLQUERY(276,'SCH0000002','mgarry','{HEINENS_CUSTOM_PROD}', '{06966,06966CC,0,06966SC,11/12/2020,0810,11/13/2020,0600,mgarry,1,4,5,6,7,8,9,10,11,12,14,15,16,17,18,19,20,21,22,41,42,43,44,99952}','{HN}', :cursor); END;"
11/9/2020 15:59:37 [mgarry] 277: "BEGIN PKREQUESTMANAGER.CALLQUERY(277,'SCH0000002','mgarry','{HEINENS_CUSTOM_PROD}', '{06966,06966CC,0,06966SC,11/19/2020,0810,11/20/2020,0600,mgarry,1,4,5,6,7,8,9,10,11,12,14,15,16,17,18,19,20,21,22,41,42,43,44,99952}','{HN}', :cursor); END;"
11/9/2020 15:59:37 [mgarry] 278: "BEGIN PKREQUESTMANAGER.CALLQUERY(278,'SCH0000002','mgarry','{HEINENS_CUSTOM_PROD}', '{06966,06966CC,0,06966SC,11/14/2020,0810,11/16/2020,0600,mgarry,1,4,5,6,7,8,9,10,11,12,14,15,16,17,18,19,20,21,22,41,42,43,44,99952}','{HN}', :cursor); END;"
11/9/2020 15:59:37 [mgarry] 279: "BEGIN PKREQUESTMANAGER.CALLQUERY(279,'SCH0000002','mgarry','{HEINENS_CUSTOM_PROD}', '{06966,06966CC,0,06966SC,11/17/2020,0810,11/18/2020,0600,mgarry,1,4,5,6,7,8,9,10,11,12,14,15,16,17,18,19,20,21,22,41,42,43,44,99952}','{HN}', :cursor); END;"
11/9/2020 15:59:37 [mgarry] 280: "BEGIN PKREQUESTMANAGER.CALLQUERY(280,'SCH0000002','mgarry','{HEINENS_CUSTOM_PROD}', '{06966,06966CC,0,06966SC,11/21/2020,0810,11/23/2020,0600,mgarry,1,4,5,6,7,8,9,10,11,12,14,15,16,17,18,19,20,21,22,41,42,43,44,99952}','{HN}', :cursor); END;"
11/9/2020 15:59:37 [mgarry] 275: "[{\"'ALTERED'\":\"altered\"}]"
11/9/2020 15:59:37 [mgarry] 275: "1 Object(s) returned... [FETCH]"
11/9/2020 15:59:37 [mgarry] 276: "[{\"'ALTERED'\":\"altered\"}]"
11/9/2020 15:59:37 [mgarry] 276: "1 Object(s) returned... [FETCH]"
11/9/2020 15:59:37 [mgarry] 277: "[{\"'ALTERED'\":\"altered\"}]"
11/9/2020 15:59:37 [mgarry] 277: "1 Object(s) returned... [FETCH]"
11/9/2020 15:59:37 [mgarry] 279: "[{\"'ALTERED'\":\"altered\"}]"
11/9/2020 15:59:37 [mgarry] 279: "1 Object(s) returned... [FETCH]"
11/9/2020 15:59:37 [mgarry] 278: "[{\"'ALTERED'\":\"altered\"}]"
11/9/2020 15:59:37 [mgarry] 278: "1 Object(s) returned... [FETCH]"
11/9/2020 15:59:37 [mgarry] 282: "BEGIN PKREQUESTMANAGER.CALLQUERY(282,'SCH0000002','mgarry','{HEINENS_CUSTOM_PROD}', '{06966,06966CC,0,06966SC,11/24/2020,0810,11/25/2020,0600,mgarry,1,4,5,6,7,8,9,10,11,12,14,15,16,17,18,19,20,21,22,41,42,43,44,99952}','{HN}', :cursor); END;"
11/9/2020 15:59:37 [mgarry] 283: "BEGIN PKREQUESTMANAGER.CALLQUERY(283,'SCH0000002','mgarry','{HEINENS_CUSTOM_PROD}', '{06966,06966CC,0,06966SC,11/27/2020,0810,11/28/2020,0600,mgarry,1,4,5,6,7,8,9,10,11,12,14,15,16,17,18,19,20,21,22,41,42,43,44,99952}','{HN}', :cursor); END;"
11/9/2020 15:59:37 [mgarry] 280: "[{\"'ALTERED'\":\"altered\"}]"
11/9/2020 15:59:37 [mgarry] 280: "1 Object(s) returned... [FETCH]"
11/9/2020 15:59:37 [mgarry] 282: "[{\"'ALTERED'\":\"altered\"}]"
11/9/2020 15:59:37 [mgarry] 282: "1 Object(s) returned... [FETCH]"
11/9/2020 15:59:37 [mgarry] 283: "[{\"'ALTERED'\":\"altered\"}]"
11/9/2020 15:59:37 [mgarry] 283: "1 Object(s) returned... [FETCH]"
11/9/2020 16:17:52 [mgarry] 287: "BEGIN PKREQUESTMANAGER.CALLQUERY(287,'SUP0000002','mgarry','{HEINENS_CUSTOM_PROD}', '{H090061,11/10/2020,11/27/2020}','{HN}', :cursor); END;"
11/9/2020 16:17:53 [mgarry] 287: "339 Object(s) returned... [FETCH]"
11/9/2020 16:19:50 [mgarry] 288: "BEGIN PKREQUESTMANAGER.CALLQUERY(288,'SCH0000001','mgarry','{HEINENS_CUSTOM_PROD}', '{H090061,H090061C,0,H090061S,11/10/2020,11/27/2020,mgarry,5,7,10}','{HN}', :cursor); END;"
11/9/2020 16:19:50 [mgarry] 288: "[{\"'ALTERED'\":\"altered\"}]"
11/9/2020 16:19:50 [mgarry] 288: "1 Object(s) returned... [FETCH]"
11/9/2020 16:19:50 [mgarry] 289: "BEGIN PKREQUESTMANAGER.CALLQUERY(289,'SCH0000002','mgarry','{HEINENS_CUSTOM_PROD}', '{H090061,H090061C,0,H090061S,11/10/2020,0015,11/10/2020,0830,mgarry,5,7,10}','{HN}', :cursor); END;"
11/9/2020 16:19:50 [mgarry] 290: "BEGIN PKREQUESTMANAGER.CALLQUERY(290,'SCH0000002','mgarry','{HEINENS_CUSTOM_PROD}', '{H090061,H090061C,0,H090061S,11/14/2020,0015,11/14/2020,0830,mgarry,5,7,10}','{HN}', :cursor); END;"
11/9/2020 16:19:50 [mgarry] 291: "BEGIN PKREQUESTMANAGER.CALLQUERY(291,'SCH0000002','mgarry','{HEINENS_CUSTOM_PROD}', '{H090061,H090061C,0,H090061S,11/16/2020,0015,11/16/2020,0830,mgarry,5,7,10}','{HN}', :cursor); END;"
11/9/2020 16:19:50 [mgarry] 292: "BEGIN PKREQUESTMANAGER.CALLQUERY(292,'SCH0000002','mgarry','{HEINENS_CUSTOM_PROD}', '{H090061,H090061C,0,H090061S,11/17/2020,0015,11/17/2020,0830,mgarry,5,7,10}','{HN}', :cursor); END;"
11/9/2020 16:19:50 [mgarry] 293: "BEGIN PKREQUESTMANAGER.CALLQUERY(293,'SCH0000002','mgarry','{HEINENS_CUSTOM_PROD}', '{H090061,H090061C,0,H090061S,11/13/2020,0015,11/13/2020,0830,mgarry,5,7,10}','{HN}', :cursor); END;"
11/9/2020 16:19:50 [mgarry] 294: "BEGIN PKREQUESTMANAGER.CALLQUERY(294,'SCH0000002','mgarry','{HEINENS_CUSTOM_PROD}', '{H090061,H090061C,0,H090061S,11/11/2020,0015,11/11/2020,0830,mgarry,5,7,10}','{HN}', :cursor); END;"
11/9/2020 16:19:50 [mgarry] 289: "[{\"'ALTERED'\":\"altered\"}]"
11/9/2020 16:19:50 [mgarry] 289: "1 Object(s) returned... [FETCH]"
11/9/2020 16:19:50 [mgarry] 291: "[{\"'ALTERED'\":\"altered\"}]"
11/9/2020 16:19:50 [mgarry] 291: "1 Object(s) returned... [FETCH]"
11/9/2020 16:19:50 [mgarry] 292: "[{\"'ALTERED'\":\"altered\"}]"
11/9/2020 16:19:50 [mgarry] 292: "1 Object(s) returned... [FETCH]"
11/9/2020 16:19:50 [mgarry] 290: "[{\"'ALTERED'\":\"altered\"}]"
11/9/2020 16:19:50 [mgarry] 290: "1 Object(s) returned... [FETCH]"
11/9/2020 16:19:50 [mgarry] 293: "[{\"'ALTERED'\":\"altered\"}]"
11/9/2020 16:19:50 [mgarry] 293: "1 Object(s) returned... [FETCH]"
11/9/2020 16:19:50 [mgarry] 294: "[{\"'ALTERED'\":\"altered\"}]"
11/9/2020 16:19:50 [mgarry] 294: "1 Object(s) returned... [FETCH]"
11/9/2020 16:19:50 [mgarry] 295: "BEGIN PKREQUESTMANAGER.CALLQUERY(295,'SCH0000002','mgarry','{HEINENS_CUSTOM_PROD}', '{H090061,H090061C,0,H090061S,11/18/2020,0015,11/18/2020,0830,mgarry,5,7,10}','{HN}', :cursor); END;"
11/9/2020 16:19:50 [mgarry] 296: "BEGIN PKREQUESTMANAGER.CALLQUERY(296,'SCH0000002','mgarry','{HEINENS_CUSTOM_PROD}', '{H090061,H090061C,0,H090061S,11/20/2020,0015,11/20/2020,0830,mgarry,5,7,10}','{HN}', :cursor); END;"
11/9/2020 16:19:51 [mgarry] 297: "BEGIN PKREQUESTMANAGER.CALLQUERY(297,'SCH0000002','mgarry','{HEINENS_CUSTOM_PROD}', '{H090061,H090061C,0,H090061S,11/21/2020,0015,11/21/2020,0830,mgarry,5,7,10}','{HN}', :cursor); END;"
11/9/2020 16:19:51 [mgarry] 298: "BEGIN PKREQUESTMANAGER.CALLQUERY(298,'SCH0000002','mgarry','{HEINENS_CUSTOM_PROD}', '{H090061,H090061C,0,H090061S,11/23/2020,0015,11/23/2020,0830,mgarry,5,7,10}','{HN}', :cursor); END;"
11/9/2020 16:19:51 [mgarry] 299: "BEGIN PKREQUESTMANAGER.CALLQUERY(299,'SCH0000002','mgarry','{HEINENS_CUSTOM_PROD}', '{H090061,H090061C,0,H090061S,11/24/2020,0015,11/24/2020,0830,mgarry,5,7,10}','{HN}', :cursor); END;"
11/9/2020 16:19:51 [mgarry] 300: "BEGIN PKREQUESTMANAGER.CALLQUERY(300,'SCH0000002','mgarry','{HEINENS_CUSTOM_PROD}', '{H090061,H090061C,0,H090061S,11/25/2020,0015,11/25/2020,0830,mgarry,5,7,10}','{HN}', :cursor); END;"
11/9/2020 16:19:51 [mgarry] 296: "[{\"'ALTERED'\":\"altered\"}]"
11/9/2020 16:19:51 [mgarry] 296: "1 Object(s) returned... [FETCH]"
11/9/2020 16:19:51 [mgarry] 297: "[{\"'ALTERED'\":\"altered\"}]"
11/9/2020 16:19:51 [mgarry] 297: "1 Object(s) returned... [FETCH]"
11/9/2020 16:19:51 [mgarry] 295: "[{\"'ALTERED'\":\"altered\"}]"
11/9/2020 16:19:51 [mgarry] 295: "1 Object(s) returned... [FETCH]"
11/9/2020 16:19:51 [mgarry] 298: "[{\"'ALTERED'\":\"altered\"}]"
11/9/2020 16:19:51 [mgarry] 298: "1 Object(s) returned... [FETCH]"
11/9/2020 16:19:51 [mgarry] 299: "[{\"'ALTERED'\":\"altered\"}]"
11/9/2020 16:19:51 [mgarry] 299: "1 Object(s) returned... [FETCH]"
11/9/2020 16:19:51 [mgarry] 300: "[{\"'ALTERED'\":\"altered\"}]"
11/9/2020 16:19:51 [mgarry] 300: "1 Object(s) returned... [FETCH]"
