11/9/2020 10:7:1 [pwirth] 14: "BEGIN PKREQUESTMANAGER.CALLQUERY(14,'ADM0000001','pwirth','{}', '{pwirth,heinens}','{}', :cursor); END;"
11/9/2020 10:7:1 [pwirth] 14: "[{\"USERID\":\"pwirth\",\"USERFNAME\":\"Paul\",\"USERLNAME\":\"Wirth\",\"USEREMAIL\":\"pwirth@heinens.com\",\"USERMOBILE\":null}]"
11/9/2020 10:7:1 [pwirth] 14: "1 Object(s) returned... [FETCH]"
11/9/2020 10:7:1 [pwirth] 15: "BEGIN PKREQUESTMANAGER.CALLQUERY(15,'CLI0000002','pwirth','{}', '{pwirth}','{}', :cursor); END;"
11/9/2020 10:7:2 [pwirth] 15: "[{\"USERID\":\"pwirth\",\"USERCORPID\":2,\"USERPASS\":\"aGVpbmVucw==\",\"USERAUTH\":null,\"USERLANG\":\"us_US\",\"USERPROF\":null,\"USERAPPLI\":3,\"USERFNAME\":\"Paul\",\"USERLNAME\":\"Wirth\",\"USEREMAIL\":\"pwirth@heinens.com\",\"USERMOBILE\":null,\"USERTEAM\":null,\"USERACTIVE\":1,\"USERDCRE\":\"2019-11-24T05:00:00.000Z\",\"USERDMAJ\":\"2019-11-24T05:00:00.000Z\",\"USERUTIL\":\"admin\",\"USERTYPE\":2}]"
11/9/2020 10:7:2 [pwirth] 15: "1 Object(s) returned... [FETCH]"
11/9/2020 10:7:2 [pwirth] 16: "BEGIN PKREQUESTMANAGER.CALLQUERY(16,'CLI0000003','pwirth','{}', '{pwirth}','{}', :cursor); END;"
11/9/2020 10:7:2 [pwirth] 16: "[{\"LEVEL\":\"CORPORATE\",\"ENVID\":1,\"ENVCORPID\":2,\"CORPSDESC\":\"Heinen's\",\"ENVCODE\":\"CENTRAL_UAT\",\"ENVTYPE\":4,\"ENVACTIVE\":1,\"ENVSDESC\":\"User Acceptance\",\"ENVLDESC\":\"Heinen's Central UAT environement\",\"ENVDBTYPE\":1,\"ENVIP\":\"10.200.14.232\",\"ENVPORT\":1521,\"ENVUSER\":\"hntcen\",\"ENVPASSWORD\":\"Heinen123!\",\"ENVSOURCE\":\"test\",\"ENVDBLINK\":\"HEINENS_CEN_UAT\",\"ENVDEFAULT\":0,\"ENVDCRE\":\"2017-03-21T05:00:00.000Z\",\"ENVDMAJ\":\"2017-03-21T05:00:00.000Z\",\"ENVUTIL\":\"abe\",\"ENVVERSION\":1,\"ENVDEFLANG\":\"HN\",\"CORPPIC\":\"./assets/pictures/corporate/heinens.jpg\",\"ENVVARINITSH\":\". /home/hntcen/env/envCEN\",\"ENVTITLECOLOR\":\"yellow\",\"ENVTITLE\":\"Inventory Control Room (Acceptance)\"},{\"LEVEL\":\"CORPORATE\",\"ENVID\":2,\"ENVCORPID\":2,\"CORPSDESC\":\"Heinen's\",\"ENVCODE\":\"STOCK_UAT\",\"ENVTYPE\":4,\"ENVACTIVE\":1,\"ENVSDESC\":\"Heinen's Stock UAT\",\"ENVLDESC\":\"Heinen's Stock UAT environement\",\"ENVDBTYPE\":1,\"ENVIP\":\"10.200.14.232\",\"ENVPORT\":1521,\"ENVUSER\":\"hntstk\",\"ENVPASSWORD\":\"Heinen123!\",\"ENVSOURCE\":\"test\",\"ENVDBLINK\":\"HEINENS_STK_UAT\",\"ENVDEFAULT\":0,\"ENVDCRE\":\"2017-03-21T05:00:00.000Z\",\"ENVDMAJ\":\"2017-03-21T05:00:00.000Z\",\"ENVUTIL\":\"abe\",\"ENVVERSION\":2,\"ENVDEFLANG\":\"HN\",\"CORPPIC\":\"./assets/pictures/corporate/heinens.jpg\",\"ENVVARINITSH\":\". /home/hntstk/env/envSTK\",\"ENVTITLECOLOR\":\"yellow\",\"ENVTITLE\":\"Inventory Control Room (Acceptance)\"},{\"LEVEL\":\"USER\",\"ENVID\":1,\"ENVCORPID\":2,\"CORPSDESC\":\"Heinen's\",\"ENVCODE\":\"CENTRAL_UAT\",\"ENVTYPE\":4,\"ENVACTIVE\":1,\"ENVSDESC\":\"User Acceptance\",\"ENVLDESC\":\"Heinen's Central UAT environement\",\"ENVDBTYPE\":1,\"ENVIP\":\"10.200.14.232\",\"ENVPORT\":1521,\"ENVUSER\":\"hntcen\",\"ENVPASSWORD\":\"Heinen123!\",\"ENVSOURCE\":\"test\",\"ENVDBLINK\":\"HEINENS_CEN_UAT\",\"ENVDEFAULT\":0,\"ENVDCRE\":\"2017-03-21T05:00:00.000Z\",\"ENVDMAJ\":\"2017-03-21T05:00:00.000Z\",\"ENVUTIL\":\"abe\",\"ENVVERSION\":1,\"ENVDEFLANG\":\"HN\",\"CORPPIC\":\"./assets/pictures/corporate/heinens.jpg\",\"ENVVARINITSH\":\". /home/hntcen/env/envCEN\",\"ENVTITLECOLOR\":\"yellow\",\"ENVTITLE\":\"Inventory Control Room (Acceptance)\"},{\"LEVEL\":\"CORPORATE\",\"ENVID\":3,\"ENVCORPID\":2,\"CORPSDESC\":\"Heinen's\",\"ENVCODE\":\"HN_CENTRAL_PROD\",\"ENVTYPE\":7,\"ENVACTIVE\":1,\"ENVSDESC\":\"Production\",\"ENVLDESC\":\"Heinen's Custom PROD environement\",\"ENVDBTYPE\":1,\"ENVIP\":\"10.200.14.231\",\"ENVPORT\":1521,\"ENVUSER\":\"hnpcen\",\"ENVPASSWORD\":\"Heinen123!\",\"ENVSOURCE\":\"central\",\"ENVDBLINK\":\"HEINENS_CUSTOM_PROD\",\"ENVDEFAULT\":1,\"ENVDCRE\":\"2017-04-22T05:00:00.000Z\",\"ENVDMAJ\":\"2017-03-21T05:00:00.000Z\",\"ENVUTIL\":\"abe\",\"ENVVERSION\":1,\"ENVDEFLANG\":\"HN\",\"CORPPIC\":\"./assets/pictures/corporate/heinens.jpg\",\"ENVVARINITSH\":\". /home/hnpcen/env/envCEN\",\"ENVTITLECOLOR\":\"white\",\"ENVTITLE\":\"Inventory Control Room\"},{\"LEVEL\":\"CORPORATE\",\"ENVID\":4,\"ENVCORPID\":2,\"CORPSDESC\":\"Heinen's\",\"ENVCODE\":\"HN_STOCK_PROD\",\"ENVTYPE\":7,\"ENVACTIVE\":1,\"ENVSDESC\":\"Production Warehouse\",\"ENVLDESC\":\"Heinen's Warehouse PROD environement\",\"ENVDBTYPE\":1,\"ENVIP\":\"10.200.14.231\",\"ENVPORT\":1521,\"ENVUSER\":\"hnpstk\",\"ENVPASSWORD\":\"Heinen123!\",\"ENVSOURCE\":\"central\",\"ENVDBLINK\":\"HEINENS_CUSTOM_PROD\",\"ENVDEFAULT\":1,\"ENVDCRE\":\"2020-01-02T05:00:00.000Z\",\"ENVDMAJ\":\"2020-01-02T05:00:00.000Z\",\"ENVUTIL\":\"abe\",\"ENVVERSION\":1,\"ENVDEFLANG\":\"HN\",\"CORPPIC\":\"./assets/pictures/corporate/heinens.jpg\",\"ENVVARINITSH\":\". /home/hnpsk/env/envSTK\",\"ENVTITLECOLOR\":\"white\",\"ENVTITLE\":\"Inventory Control Room\"},{\"LEVEL\":\"USER\",\"ENVID\":3,\"ENVCORPID\":2,\"CORPSDESC\":\"Heinen's\",\"ENVCODE\":\"HN_CENTRAL_PROD\",\"ENVTYPE\":7,\"ENVACTIVE\":1,\"ENVSDESC\":\"Production\",\"ENVLDESC\":\"Heinen's Custom PROD environement\",\"ENVDBTYPE\":1,\"ENVIP\":\"10.200.14.231\",\"ENVPORT\":1521,\"ENVUSER\":\"hnpcen\",\"ENVPASSWORD\":\"Heinen123!\",\"ENVSOURCE\":\"central\",\"ENVDBLINK\":\"HEINENS_CUSTOM_PROD\",\"ENVDEFAULT\":1,\"ENVDCRE\":\"2017-04-22T05:00:00.000Z\",\"ENVDMAJ\":\"2017-03-21T05:00:00.000Z\",\"ENVUTIL\":\"abe\",\"ENVVERSION\":1,\"ENVDEFLANG\":\"HN\",\"CORPPIC\":\"./assets/pictures/corporate/heinens.jpg\",\"ENVVARINITSH\":\". /home/hnpcen/env/envCEN\",\"ENVTITLECOLOR\":\"white\",\"ENVTITLE\":\"Inventory Control Room\"}]"
11/9/2020 10:7:2 [pwirth] 16: "6 Object(s) returned... [FETCH]"
11/9/2020 10:7:2 [pwirth] 17: "BEGIN PKREQUESTMANAGER.CALLQUERY(17,'WDG0000001','pwirth','{HEINENS_CUSTOM_PROD}', '{pwirth,-1}','{HN}', :cursor); END;"
11/9/2020 10:7:2 [pwirth] 18: "BEGIN PKREQUESTMANAGER.CALLQUERY(18,'SCR0000001','pwirth','{HEINENS_CUSTOM_PROD}', '{SCR0000000001,pwirth}','{HN}', :cursor); END;"
11/9/2020 10:7:2 [pwirth] 18: "[{\"SCREENID\":\"SCR0000000001\",\"SCREENINFO\":\"<div><i class=\\\"bbs-keywords\\\">What is it : </i>Dashboard section is your <b>Home</b> tracking process. It simplifies and regroup data visualization.\\n                          As many as needed dashboard widget trackers can be enabled.\\n</div>\\n<div><i class=\\\"bbs-keywords\\\">Tracking type : </i>There are 3 types of data visualization: \\n        <li><b>Table </b> display with export to file option.</li> \\n        <li><b>Chart </b> with by type line, bar, radar, polar, pie, scatter, combined type </li> \\n        <li><b>Message & Alert </b> with color criticality such as successful, soft warning, hard warning.</li> \\n</div>\"}]"
11/9/2020 10:7:2 [pwirth] 18: "1 Object(s) returned... [FETCH]"
11/9/2020 10:7:2 [pwirth] 17: "[{\"WIDID\":\"WDG0000000001\",\"WIDBEHAVIOR\":1,\"WIDTABLE\":1,\"WIDRSS\":0,\"WIDCHART\":0,\"WIDINFO\":0,\"WIDWIDTH\":20,\"WIDHEIGHT\":6,\"WIDX\":0,\"WIDY\":0,\"WIDPARAM\":null,\"WIDROWS\":10,\"UWPDCRE\":\"2020-06-06T10:10:08.000Z\",\"UWPDMAJ\":\"2020-06-06T10:10:08.000Z\",\"UWPUTIL\":\"admin\",\"WIDSNAP\":1,\"WIDSNAPFILE\":\"./repository/downloads/dashboard/INV0000001_HEINENS_CUSTOM_PROD.json\",\"LWQMWIDID\":null,\"LWQCWIDID\":null,\"LWQMFIELD\":null,\"LWQCFIELD\":null,\"LWQDCRE\":null,\"LWQDMAJ\":null,\"LWQUTIL\":null,\"WRSID\":\"WDG0000000001\",\"WRSFIELD\":\"WHS\",\"WRSHEADER\":\"Site code\",\"WRSPOSITION\":1,\"WRSDCRE\":\"2018-03-12T05:00:00.000Z\",\"WRSDMAJ\":\"2018-03-12T05:00:00.000Z\",\"WRSUTIL\":\"abe\",\"WIDNAME\":\"Sleeping Inventory (Warehouse)\",\"WIDDESC\":\"Sleeping Inventory (Warehouse)\",\"WIDCHARTX\":null,\"WIDCHARTDATA\":null,\"WIDCHARTLEGEND\":null,\"WIDCOLLAPSE\":\"collapse\",\"WIDCHARTLEGENDINFO\":null,\"WIDCHARTNBSET\":null,\"WIDCHARTTYPE\":null,\"WIDCHARTUNIT\":null},{\"WIDID\":\"WDG0000000001\",\"WIDBEHAVIOR\":1,\"WIDTABLE\":1,\"WIDRSS\":0,\"WIDCHART\":0,\"WIDINFO\":0,\"WIDWIDTH\":20,\"WIDHEIGHT\":6,\"WIDX\":0,\"WIDY\":0,\"WIDPARAM\":null,\"WIDROWS\":10,\"UWPDCRE\":\"2020-06-06T10:10:08.000Z\",\"UWPDMAJ\":\"2020-06-06T10:10:08.000Z\",\"UWPUTIL\":\"admin\",\"WIDSNAP\":1,\"WIDSNAPFILE\":\"./repository/downloads/dashboard/INV0000001_HEINENS_CUSTOM_PROD.json\",\"LWQMWIDID\":null,\"LWQCWIDID\":null,\"LWQMFIELD\":null,\"LWQCFIELD\":null,\"LWQDCRE\":null,\"LWQDMAJ\":null,\"LWQUTIL\":null,\"WRSID\":\"WDG0000000001\",\"WRSFIELD\":\"WHSLIB\",\"WRSHEADER\":\"Desc.\",\"WRSPOSITION\":2,\"WRSDCRE\":\"2018-03-12T05:00:00.000Z\",\"WRSDMAJ\":\"2018-03-12T05:00:00.000Z\",\"WRSUTIL\":\"abe\",\"WIDNAME\":\"Sleeping Inventory (Warehouse)\",\"WIDDESC\":\"Sleeping Inventory (Warehouse)\",\"WIDCHARTX\":null,\"WIDCHARTDATA\":null,\"WIDCHARTLEGEND\":null,\"WIDCOLLAPSE\":\"collapse\",\"WIDCHARTLEGENDINFO\":null,\"WIDCHARTNBSET\":null,\"WIDCHARTTYPE\":null,\"WIDCHARTUNIT\":null},{\"WIDID\":\"WDG0000000001\",\"WIDBEHAVIOR\":1,\"WIDTABLE\":1,\"WIDRSS\":0,\"WIDCHART\":0,\"WIDINFO\":0,\"WIDWIDTH\":20,\"WIDHEIGHT\":6,\"WIDX\":0,\"WIDY\":0,\"WIDPARAM\":null,\"WIDROWS\":10,\"UWPDCRE\":\"2020-06-06T10:10:08.000Z\",\"UWPDMAJ\":\"2020-06-06T10:10:08.000Z\",\"UWPUTIL\":\"admin\",\"WIDSNAP\":1,\"WIDSNAPFILE\":\"./repository/downloads/dashboard/INV0000001_HEINENS_CUSTOM_PROD.json\",\"LWQMWIDID\":null,\"LWQCWIDID\":null,\"LWQMFIELD\":null,\"LWQCFIELD\":null,\"LWQDCRE\":null,\"LWQDMAJ\":null,\"LWQUTIL\":null,\"WRSID\":\"WDG0000000001\",\"WRSFIELD\":\"ITEMCODE\",\"WRSHEADER\":\"Item code\",\"WRSPOSITION\":3,\"WRSDCRE\":\"2018-03-12T05:00:00.000Z\",\"WRSDMAJ\":\"2018-03-12T05:00:00.000Z\",\"WRSUTIL\":\"abe\",\"WIDNAME\":\"Sleeping Inventory (Warehouse)\",\"WIDDESC\":\"Sleeping Inventory (Warehouse)\",\"WIDCHARTX\":null,\"WIDCHARTDATA\":null,\"WIDCHARTLEGEND\":null,\"WIDCOLLAPSE\":\"collapse\",\"WIDCHARTLEGENDINFO\":null,\"WIDCHARTNBSET\":null,\"WIDCHARTTYPE\":null,\"WIDCHARTUNIT\":null},{\"WIDID\":\"WDG0000000001\",\"WIDBEHAVIOR\":1,\"WIDTABLE\":1,\"WIDRSS\":0,\"WIDCHART\":0,\"WIDINFO\":0,\"WIDWIDTH\":20,\"WIDHEIGHT\":6,\"WIDX\":0,\"WIDY\":0,\"WIDPARAM\":null,\"WIDROWS\":10,\"UWPDCRE\":\"2020-06-06T10:10:08.000Z\",\"UWPDMAJ\":\"2020-06-06T10:10:08.000Z\",\"UWPUTIL\":\"admin\",\"WIDSNAP\":1,\"WIDSNAPFILE\":\"./repository/downloads/dashboard/INV0000001_HEINENS_CUSTOM_PROD.json\",\"LWQMWIDID\":null,\"LWQCWIDID\":null,\"LWQMFIELD\":null,\"LWQCFIELD\":null,\"LWQDCRE\":null,\"LWQDMAJ\":null,\"LWQUTIL\":null,\"WRSID\":\"WDG0000000001\",\"WRSFIELD\":\"LVCODE\",\"WRSHEADER\":\"LV code\",\"WRSPOSITION\":4,\"WRSDCRE\":\"2018-03-12T05:00:00.000Z\",\"WRSDMAJ\":\"2018-03-12T05:00:00.000Z\",\"WRSUTIL\":\"abe\",\"WIDNAME\":\"Sleeping Inventory (Warehouse)\",\"WIDDESC\":\"Sleeping Inventory (Warehouse)\",\"WIDCHARTX\":null,\"WIDCHARTDATA\":null,\"WIDCHARTLEGEND\":null,\"WIDCOLLAPSE\":\"collapse\",\"WIDCHARTLEGENDINFO\":null,\"WIDCHARTNBSET\":null,\"WIDCHARTTYPE\":null,\"WIDCHARTUNIT\":null},{\"WIDID\":\"WDG0000000001\",\"WIDBEHAVIOR\":1,\"WIDTABLE\":1,\"WIDRSS\":0,\"WIDCHART\":0,\"WIDINFO\":0,\"WIDWIDTH\":20,\"WIDHEIGHT\":6,\"WIDX\":0,\"WIDY\":0,\"WIDPARAM\":null,\"WIDROWS\":10,\"UWPDCRE\":\"2020-06-06T10:10:08.000Z\",\"UWPDMAJ\":\"2020-06-06T10:10:08.000Z\",\"UWPUTIL\":\"admin\",\"WIDSNAP\":1,\"WIDSNAPFILE\":\"./repository/downloads/dashboard/INV0000001_HEINENS_CUSTOM_PROD.json\",\"LWQMWIDID\":null,\"LWQCWIDID\":null,\"LWQMFIELD\":null,\"LWQCFIELD\":null,\"LWQDCRE\":null,\"LWQDMAJ\":null,\"LWQUTIL\":null,\"WRSID\":\"WDG0000000001\",\"WRSFIELD\":\"DESCVL\",\"WRSHEADER\":\"LV desc.\",\"WRSPOSITION\":5,\"WRSDCRE\":\"2018-03-12T05:00:00.000Z\",\"WRSDMAJ\":\"2018-03-12T05:00:00.000Z\",\"WRSUTIL\":\"abe\",\"WIDNAME\":\"Sleeping Inventory (Warehouse)\",\"WIDDESC\":\"Sleeping Inventory (Warehouse)\",\"WIDCHARTX\":null,\"WIDCHARTDATA\":null,\"WIDCHARTLEGEND\":null,\"WIDCOLLAPSE\":\"collapse\",\"WIDCHARTLEGENDINFO\":null,\"WIDCHARTNBSET\":null,\"WIDCHARTTYPE\":null,\"WIDCHARTUNIT\":null},{\"WIDID\":\"WDG0000000001\",\"WIDBEHAVIOR\":1,\"WIDTABLE\":1,\"WIDRSS\":0,\"WIDCHART\":0,\"WIDINFO\":0,\"WIDWIDTH\":20,\"WIDHEIGHT\":6,\"WIDX\":0,\"WIDY\":0,\"WIDPARAM\":null,\"WIDROWS\":10,\"UWPDCRE\":\"2020-06-06T10:10:08.000Z\",\"UWPDMAJ\":\"2020-06-06T10:10:08.000Z\",\"UWPUTIL\":\"admin\",\"WIDSNAP\":1,\"WIDSNAPFILE\":\"./repository/downloads/dashboard/INV0000001_HEINENS_CUSTOM_PROD.json\",\"LWQMWIDID\":null,\"LWQCWIDID\":null,\"LWQMFIELD\":null,\"LWQCFIELD\":null,\"LWQDCRE\":null,\"LWQDMAJ\":null,\"LWQUTIL\":null,\"WRSID\":\"WDG0000000001\",\"WRSFIELD\":\"INVENTORY\",\"WRSHEADER\":\"Inventory\",\"WRSPOSITION\":6,\"WRSDCRE\":\"2018-03-12T05:00:00.000Z\",\"WRSDMAJ\":\"2018-03-12T05:00:00.000Z\",\"WRSUTIL\":\"abe\",\"WIDNAME\":\"Sleeping Inventory (Warehouse)\",\"WIDDESC\":\"Sleeping Inventory (Warehouse)\",\"WIDCHARTX\":null,\"WIDCHARTDATA\":null,\"WIDCHARTLEGEND\":null,\"WIDCOLLAPSE\":\"collapse\",\"WIDCHARTLEGENDINFO\":null,\"WIDCHARTNBSET\":null,\"WIDCHARTTYPE\":null,\"WIDCHARTUNIT\":null},{\"WIDID\":\"WDG0000000001\",\"WIDBEHAVIOR\":1,\"WIDTABLE\":1,\"WIDRSS\":0,\"WIDCHART\":0,\"WIDINFO\":0,\"WIDWIDTH\":20,\"WIDHEIGHT\":6,\"WIDX\":0,\"WIDY\":0,\"WIDPARAM\":null,\"WIDROWS\":10,\"UWPDCRE\":\"2020-06-06T10:10:08.000Z\",\"UWPDMAJ\":\"2020-06-06T10:10:08.000Z\",\"UWPUTIL\":\"admin\",\"WIDSNAP\":1,\"WIDSNAPFILE\":\"./repository/downloads/dashboard/INV0000001_HEINENS_CUSTOM_PROD.json\",\"LWQMWIDID\":null,\"LWQCWIDID\":null,\"LWQMFIELD\":null,\"LWQCFIELD\":null,\"LWQDCRE\":null,\"LWQDMAJ\":null,\"LWQUTIL\":null,\"WRSID\":\"WDG0000000001\",\"WRSFIELD\":\"LASTMVT\",\"WRSHEADER\":\"Last Store mvt.\",\"WRSPOSITION\":7,\"WRSDCRE\":\"2018-03-12T05:00:00.000Z\",\"WRSDMAJ\":\"2018-03-12T05:00:00.000Z\",\"WRSUTIL\":\"abe\",\"WIDNAME\":\"Sleeping Inventory (Warehouse)\",\"WIDDESC\":\"Sleeping Inventory (Warehouse)\",\"WIDCHARTX\":null,\"WIDCHARTDATA\":null,\"WIDCHARTLEGEND\":null,\"WIDCOLLAPSE\":\"collapse\",\"WIDCHARTLEGENDINFO\":null,\"WIDCHARTNBSET\":null,\"WIDCHARTTYPE\":null,\"WIDCHARTUNIT\":null},{\"WIDID\":\"WDG0000000001\",\"WIDBEHAVIOR\":1,\"WIDTABLE\":1,\"WIDRSS\":0,\"WIDCHART\":0,\"WIDINFO\":0,\"WIDWIDTH\":20,\"WIDHEIGHT\":6,\"WIDX\":0,\"WIDY\":0,\"WIDPARAM\":null,\"WIDROWS\":10,\"UWPDCRE\":\"2020-06-06T10:10:08.000Z\",\"UWPDMAJ\":\"2020-06-06T10:10:08.000Z\",\"UWPUTIL\":\"admin\",\"WIDSNAP\":1,\"WIDSNAPFILE\":\"./repository/downloads/dashboard/INV0000001_HEINENS_CUSTOM_PROD.json\",\"LWQMWIDID\":null,\"LWQCWIDID\":null,\"LWQMFIELD\":null,\"LWQCFIELD\":null,\"LWQDCRE\":null,\"LWQDMAJ\":null,\"LWQUTIL\":null,\"WRSID\":\"WDG0000000001\",\"WRSFIELD\":\"LASTRECEIVING\",\"WRSHEADER\":\"Last receiving\",\"WRSPOSITION\":8,\"WRSDCRE\":\"2018-03-12T05:00:00.000Z\",\"WRSDMAJ\":\"2018-03-12T05:00:00.000Z\",\"WRSUTIL\":\"abe\",\"WIDNAME\":\"Sleeping Inventory (Warehouse)\",\"WIDDESC\":\"Sleeping Inventory (Warehouse)\",\"WIDCHARTX\":null,\"WIDCHARTDATA\":null,\"WIDCHARTLEGEND\":null,\"WIDCOLLAPSE\":\"collapse\",\"WIDCHARTLEGENDINFO\":null,\"WIDCHARTNBSET\":null,\"WIDCHARTTYPE\":null,\"WIDCHARTUNIT\":null},{\"WIDID\":\"WDG0000000001\",\"WIDBEHAVIOR\":1,\"WIDTABLE\":1,\"WIDRSS\":0,\"WIDCHART\":0,\"WIDINFO\":0,\"WIDWIDTH\":20,\"WIDHEIGHT\":6,\"WIDX\":0,\"WIDY\":0,\"WIDPARAM\":null,\"WIDROWS\":10,\"UWPDCRE\":\"2020-06-06T10:10:08.000Z\",\"UWPDMAJ\":\"2020-06-06T10:10:08.000Z\",\"UWPUTIL\":\"admin\",\"WIDSNAP\":1,\"WIDSNAPFILE\":\"./repository/downloads/dashboard/INV0000001_HEINENS_CUSTOM_PROD.json\",\"LWQMWIDID\":null,\"LWQCWIDID\":null,\"LWQMFIELD\":null,\"LWQCFIELD\":null,\"LWQDCRE\":null,\"LWQDMAJ\":null,\"LWQUTIL\":null,\"WRSID\":\"WDG0000000001\",\"WRSFIELD\":\"LASTSHIPMENT\",\"WRSHEADER\":\"Last shipment\",\"WRSPOSITION\":9,\"WRSDCRE\":\"2018-03-12T05:00:00.000Z\",\"WRSDMAJ\":\"2018-03-12T05:00:00.000Z\",\"WRSUTIL\":\"abe\",\"WIDNAME\":\"Sleeping Inventory (Warehouse)\",\"WIDDESC\":\"Sleeping Inventory (Warehouse)\",\"WIDCHARTX\":null,\"WIDCHARTDATA\":null,\"WIDCHARTLEGEND\":null,\"WIDCOLLAPSE\":\"collapse\",\"WIDCHARTLEGENDINFO\":null,\"WIDCHARTNBSET\":null,\"WIDCHARTTYPE\":null,\"WIDCHARTUNIT\":null}]"
11/9/2020 10:7:2 [pwirth] 17: "9 Object(s) returned... [FETCH]"
11/9/2020 10:7:2 [pwirth] 19: "./repository/downloads/dashboard/INV0000001_HEINENS_CUSTOM_PROD.json File(s) returned... [FETCH]"
11/9/2020 10:7:7 [pwirth] 20: "BEGIN PKREQUESTMANAGER.CALLQUERY(20,'SCR0000001','pwirth','{HEINENS_CUSTOM_PROD}', '{SCR0000000003,pwirth}','{HN}', :cursor); END;"
11/9/2020 10:7:7 [pwirth] 20: "[{\"SCREENID\":\"SCR0000000003\",\"SCREENINFO\":\"<div><i class=\\\"bbs-keywords\\\">What is it : </i>Supplier schedule give you the capability to review and maintain the already defined supplier schedule \\nfor a given supplier code or part of his description and the period to be reconsidered.\\n</div>\\n<div><i class=\\\"bbs-keywords\\\">Business case example :</i>Adjust the supplier delivery calendar due to holiday or temporary schedule change</div>\\n<div><i class=\\\"bbs-keywords\\\">Mechanism : </i>Tool is capturing the actual defined supplier schedule for the given period in order to gather\\nfundamental service information (commercial contrat, address chain, service contract, schedule (order day & time, delivery day & time), store associated to the schedule \\n</div> \\n<div><i class=\\\"bbs-keywords\\\">Scenario : </i>\\n     <li><b class=\\\"bbs-keywords-scenario\\\">Not finding the supplier: </b>That means for the given period, there is no actual supplier schedule. To resolve that, extend the period in the search panel. You will be able to readjust the end period once you get to the detail adjustment section.\\n     </li>'\\n</div>\"}]"
11/9/2020 10:7:7 [pwirth] 20: "1 Object(s) returned... [FETCH]"
11/9/2020 10:7:57 [pwirth] 21: "BEGIN PKREQUESTMANAGER.CALLQUERY(21,'SUP0000002','pwirth','{HEINENS_CUSTOM_PROD}', '{14717,11/15/2020,11/28/2020}','{HN}', :cursor); END;"
11/9/2020 10:7:57 [pwirth] 21: "46 Object(s) returned... [FETCH]"
11/9/2020 10:15:1 [pwirth] 24: "BEGIN PKREQUESTMANAGER.CALLQUERY(24,'SUP0000002','pwirth','{HEINENS_CUSTOM_PROD}', '{06190,11/15/2020,11/28/2020}','{HN}', :cursor); END;"
11/9/2020 10:15:1 [pwirth] 24: "207 Object(s) returned... [FETCH]"
11/9/2020 10:15:49 [pwirth] 25: "BEGIN PKREQUESTMANAGER.CALLQUERY(25,'SUP0000002','pwirth','{HEINENS_CUSTOM_PROD}', '{06190,11/15/2020,11/21/2020}','{HN}', :cursor); END;"
11/9/2020 10:15:49 [pwirth] 25: "115 Object(s) returned... [FETCH]"
11/9/2020 10:17:8 [pwirth] 41: "BEGIN PKREQUESTMANAGER.CALLQUERY(41,'SCH0000001','pwirth','{HEINENS_CUSTOM_PROD}', '{06190,06190CC,0,06190SC,11/15/2020,11/21/2020,pwirth,1,4,5,6,7,8,9,10,11,12,14,15,16,17,18,19,20,21,22,41,42,43,44}','{HN}', :cursor); END;"
11/9/2020 10:17:9 [pwirth] 41: "[{\"'ALTERED'\":\"altered\"}]"
11/9/2020 10:17:9 [pwirth] 41: "1 Object(s) returned... [FETCH]"
11/9/2020 10:17:9 [pwirth] 42: "BEGIN PKREQUESTMANAGER.CALLQUERY(42,'SCH0000002','pwirth','{HEINENS_CUSTOM_PROD}', '{06190,06190CC,0,06190SC,11/16/2020,1010,11/17/2020,0700,pwirth,1,4,5,6,7,8,9,10,11,12,14,15,16,17,18,19,20,21,22,41,42,43,44}','{HN}', :cursor); END;"
11/9/2020 10:17:9 [pwirth] 43: "BEGIN PKREQUESTMANAGER.CALLQUERY(43,'SCH0000002','pwirth','{HEINENS_CUSTOM_PROD}', '{06190,06190CC,0,06190SC,11/19/2020,1010,11/20/2020,0700,pwirth,1,4,5,6,7,8,9,10,11,12,14,15,16,17,18,19,20,21,22,41,42,43,44}','{HN}', :cursor); END;"
11/9/2020 10:17:9 [pwirth] 42: "[{\"'ALTERED'\":\"altered\"}]"
11/9/2020 10:17:9 [pwirth] 42: "1 Object(s) returned... [FETCH]"
11/9/2020 10:17:9 [pwirth] 43: "[{\"'ALTERED'\":\"altered\"}]"
11/9/2020 10:17:9 [pwirth] 43: "1 Object(s) returned... [FETCH]"
11/9/2020 10:17:24 [pwirth] 44: "BEGIN PKREQUESTMANAGER.CALLQUERY(44,'SUP0000002','pwirth','{HEINENS_CUSTOM_PROD}', '{06190,11/22/2020,11/28/2020}','{HN}', :cursor); END;"
11/9/2020 10:17:24 [pwirth] 44: "92 Object(s) returned... [FETCH]"
11/9/2020 10:18:53 [pwirth] 45: "BEGIN PKREQUESTMANAGER.CALLQUERY(45,'SCH0000001','pwirth','{HEINENS_CUSTOM_PROD}', '{06190,06190CC,0,06190SC,11/22/2020,11/28/2020,pwirth,1}','{HN}', :cursor); END;"
11/9/2020 10:18:53 [pwirth] 46: "BEGIN PKREQUESTMANAGER.CALLQUERY(46,'SCH0000001','pwirth','{HEINENS_CUSTOM_PROD}', '{06190,06190CC,0,06190SC,11/22/2020,11/28/2020,pwirth,4,5,6,7,8,9,10,11,12,14,15,16,17,18,19,20,21,22,41,42,43,44}','{HN}', :cursor); END;"
11/9/2020 10:18:54 [pwirth] 45: "[{\"'ALTERED'\":\"altered\"}]"
11/9/2020 10:18:54 [pwirth] 45: "1 Object(s) returned... [FETCH]"
11/9/2020 10:18:54 [pwirth] 46: "[{\"'ALTERED'\":\"altered\"}]"
11/9/2020 10:18:54 [pwirth] 46: "1 Object(s) returned... [FETCH]"
11/9/2020 10:18:54 [pwirth] 47: "BEGIN PKREQUESTMANAGER.CALLQUERY(47,'SCH0000002','pwirth','{HEINENS_CUSTOM_PROD}', '{06190,06190CC,0,06190SC,11/23/2020,1010,11/24/2020,0700,pwirth,1}','{HN}', :cursor); END;"
11/9/2020 10:18:54 [pwirth] 48: "BEGIN PKREQUESTMANAGER.CALLQUERY(48,'SCH0000002','pwirth','{HEINENS_CUSTOM_PROD}', '{06190,06190CC,0,06190SC,11/27/2020,1010,11/30/2020,0700,pwirth,1}','{HN}', :cursor); END;"
11/9/2020 10:18:54 [pwirth] 49: "BEGIN PKREQUESTMANAGER.CALLQUERY(49,'SCH0000002','pwirth','{HEINENS_CUSTOM_PROD}', '{06190,06190CC,0,06190SC,11/23/2020,1010,11/24/2020,0700,pwirth,4,5,6,7,8,9,10,11,12,14,15,16,17,18,19,20,21,22,41,42,43,44}','{HN}', :cursor); END;"
11/9/2020 10:18:54 [pwirth] 50: "BEGIN PKREQUESTMANAGER.CALLQUERY(50,'SCH0000002','pwirth','{HEINENS_CUSTOM_PROD}', '{06190,06190CC,0,06190SC,11/27/2020,1010,11/30/2020,0700,pwirth,4,5,6,7,8,9,10,11,12,14,15,16,17,18,19,20,21,22,41,42,43,44}','{HN}', :cursor); END;"
11/9/2020 10:18:54 [pwirth] 47: "[{\"'ALTERED'\":\"altered\"}]"
11/9/2020 10:18:54 [pwirth] 47: "1 Object(s) returned... [FETCH]"
11/9/2020 10:18:54 [pwirth] 48: "[{\"'ALTERED'\":\"altered\"}]"
11/9/2020 10:18:54 [pwirth] 48: "1 Object(s) returned... [FETCH]"
11/9/2020 10:18:54 [pwirth] 50: "[{\"'ALTERED'\":\"altered\"}]"
11/9/2020 10:18:54 [pwirth] 50: "1 Object(s) returned... [FETCH]"
11/9/2020 10:18:54 [pwirth] 49: "[{\"'ALTERED'\":\"altered\"}]"
11/9/2020 10:18:54 [pwirth] 49: "1 Object(s) returned... [FETCH]"
11/9/2020 10:19:7 [pwirth] 51: "BEGIN PKREQUESTMANAGER.CALLQUERY(51,'SCH0000001','pwirth','{HEINENS_CUSTOM_PROD}', '{06190,06190CC,0,06190SC,11/22/2020,11/28/2020,pwirth,1}','{HN}', :cursor); END;"
11/9/2020 10:19:7 [pwirth] 52: "BEGIN PKREQUESTMANAGER.CALLQUERY(52,'SCH0000001','pwirth','{HEINENS_CUSTOM_PROD}', '{06190,06190CC,0,06190SC,11/22/2020,11/28/2020,pwirth,4,5,6,7,8,9,10,11,12,14,15,16,17,18,19,20,21,22,41,42,43,44}','{HN}', :cursor); END;"
11/9/2020 10:19:7 [pwirth] 51: "[{\"'ALTERED'\":\"altered\"}]"
11/9/2020 10:19:7 [pwirth] 51: "1 Object(s) returned... [FETCH]"
11/9/2020 10:19:7 [pwirth] 52: "[{\"'ALTERED'\":\"altered\"}]"
11/9/2020 10:19:7 [pwirth] 52: "1 Object(s) returned... [FETCH]"
11/9/2020 10:19:7 [pwirth] 53: "BEGIN PKREQUESTMANAGER.CALLQUERY(53,'SCH0000002','pwirth','{HEINENS_CUSTOM_PROD}', '{06190,06190CC,0,06190SC,11/23/2020,1010,11/24/2020,0700,pwirth,1}','{HN}', :cursor); END;"
11/9/2020 10:19:7 [pwirth] 54: "BEGIN PKREQUESTMANAGER.CALLQUERY(54,'SCH0000002','pwirth','{HEINENS_CUSTOM_PROD}', '{06190,06190CC,0,06190SC,11/27/2020,1010,11/30/2020,0700,pwirth,1}','{HN}', :cursor); END;"
11/9/2020 10:19:7 [pwirth] 55: "BEGIN PKREQUESTMANAGER.CALLQUERY(55,'SCH0000002','pwirth','{HEINENS_CUSTOM_PROD}', '{06190,06190CC,0,06190SC,11/23/2020,1010,11/24/2020,0700,pwirth,4,5,6,7,8,9,10,11,12,14,15,16,17,18,19,20,21,22,41,42,43,44}','{HN}', :cursor); END;"
11/9/2020 10:19:7 [pwirth] 56: "BEGIN PKREQUESTMANAGER.CALLQUERY(56,'SCH0000002','pwirth','{HEINENS_CUSTOM_PROD}', '{06190,06190CC,0,06190SC,11/27/2020,1010,11/30/2020,0700,pwirth,4,5,6,7,8,9,10,11,12,14,15,16,17,18,19,20,21,22,41,42,43,44}','{HN}', :cursor); END;"
11/9/2020 10:19:7 [pwirth] 53: "[{\"'ALTERED'\":\"altered\"}]"
11/9/2020 10:19:7 [pwirth] 53: "1 Object(s) returned... [FETCH]"
11/9/2020 10:19:7 [pwirth] 54: "[{\"'ALTERED'\":\"altered\"}]"
11/9/2020 10:19:7 [pwirth] 54: "1 Object(s) returned... [FETCH]"
11/9/2020 10:19:7 [pwirth] 55: "[{\"'ALTERED'\":\"altered\"}]"
11/9/2020 10:19:7 [pwirth] 55: "1 Object(s) returned... [FETCH]"
11/9/2020 10:19:7 [pwirth] 56: "[{\"'ALTERED'\":\"altered\"}]"
11/9/2020 10:19:7 [pwirth] 56: "1 Object(s) returned... [FETCH]"
11/9/2020 10:52:1 [pwirth] 75: "BEGIN PKREQUESTMANAGER.CALLQUERY(75,'SCH0000001','pwirth','{HEINENS_CUSTOM_PROD}', '{06190,06190CC,0,06190SC,11/22/2020,11/28/2020,pwirth,1}','{HN}', :cursor); END;"
11/9/2020 10:52:1 [pwirth] 76: "BEGIN PKREQUESTMANAGER.CALLQUERY(76,'SCH0000001','pwirth','{HEINENS_CUSTOM_PROD}', '{06190,06190CC,0,06190SC,11/22/2020,11/28/2020,pwirth,4,5,6,7,8,9,10,11,12,14,15,16,17,18,19,20,21,22,41,42,43,44}','{HN}', :cursor); END;"
11/9/2020 10:52:1 [pwirth] 75: "[{\"'ALTERED'\":\"altered\"}]"
11/9/2020 10:52:1 [pwirth] 75: "1 Object(s) returned... [FETCH]"
11/9/2020 10:52:1 [pwirth] 77: "BEGIN PKREQUESTMANAGER.CALLQUERY(77,'SCH0000002','pwirth','{HEINENS_CUSTOM_PROD}', '{06190,06190CC,0,06190SC,11/23/2020,1010,11/24/2020,0700,pwirth,1}','{HN}', :cursor); END;"
11/9/2020 10:52:1 [pwirth] 78: "BEGIN PKREQUESTMANAGER.CALLQUERY(78,'SCH0000002','pwirth','{HEINENS_CUSTOM_PROD}', '{06190,06190CC,0,06190SC,11/27/2020,1010,11/30/2020,0700,pwirth,1}','{HN}', :cursor); END;"
11/9/2020 10:52:1 [pwirth] 79: "BEGIN PKREQUESTMANAGER.CALLQUERY(79,'SCH0000002','pwirth','{HEINENS_CUSTOM_PROD}', '{06190,06190CC,0,06190SC,11/23/2020,1010,11/24/2020,0700,pwirth,4,5,6,7,8,9,10,11,12,14,15,16,17,18,19,20,21,22,41,42,43,44}','{HN}', :cursor); END;"
11/9/2020 10:52:1 [pwirth] 80: "BEGIN PKREQUESTMANAGER.CALLQUERY(80,'SCH0000002','pwirth','{HEINENS_CUSTOM_PROD}', '{06190,06190CC,0,06190SC,11/27/2020,1010,11/30/2020,0700,pwirth,4,5,6,7,8,9,10,11,12,14,15,16,17,18,19,20,21,22,41,42,43,44}','{HN}', :cursor); END;"
11/9/2020 10:52:1 [pwirth] 77: "[{\"'ALTERED'\":\"altered\"}]"
11/9/2020 10:52:1 [pwirth] 77: "1 Object(s) returned... [FETCH]"
11/9/2020 10:52:1 [pwirth] 79: "[{\"'ALTERED'\":\"altered\"}]"
11/9/2020 10:52:1 [pwirth] 79: "1 Object(s) returned... [FETCH]"
11/9/2020 10:52:1 [pwirth] 78: "[{\"'ALTERED'\":\"altered\"}]"
11/9/2020 10:52:1 [pwirth] 78: "1 Object(s) returned... [FETCH]"
11/9/2020 10:52:1 [pwirth] 76: "[{\"'ALTERED'\":\"altered\"}]"
11/9/2020 10:52:1 [pwirth] 76: "1 Object(s) returned... [FETCH]"
11/9/2020 10:52:1 [pwirth] 80: "[{\"'ALTERED'\":\"altered\"}]"
11/9/2020 10:52:1 [pwirth] 80: "1 Object(s) returned... [FETCH]"
11/9/2020 12:59:32 [pwirth] 127: "BEGIN PKREQUESTMANAGER.CALLQUERY(127,'SUP0000002','pwirth','{HEINENS_CUSTOM_PROD}', '{06373,11/15/2020,11/21/2020}','{HN}', :cursor); END;"
11/9/2020 12:59:32 [pwirth] 127: "104 Object(s) returned... [FETCH]"
11/9/2020 13:1:31 [pwirth] 128: "BEGIN PKREQUESTMANAGER.CALLQUERY(128,'SUP0000002','pwirth','{HEINENS_CUSTOM_PROD}', '{06373,11/22/2020,11/28/2020}','{HN}', :cursor); END;"
11/9/2020 13:1:31 [pwirth] 128: "104 Object(s) returned... [FETCH]"
11/9/2020 13:4:27 [pwirth] 129: "BEGIN PKREQUESTMANAGER.CALLQUERY(129,'SCH0000001','pwirth','{HEINENS_CUSTOM_PROD}', '{06373,06373CC,0,06373SC,11/22/2020,11/28/2020,pwirth,1,4,5,6,7,8,9,10,11,12,14,15,16,17,18,19,20,21,22,41,42,43,44}','{HN}', :cursor); END;"
11/9/2020 13:4:27 [pwirth] 129: "[{\"'ALTERED'\":\"altered\"}]"
11/9/2020 13:4:27 [pwirth] 129: "1 Object(s) returned... [FETCH]"
11/9/2020 13:4:27 [pwirth] 130: "BEGIN PKREQUESTMANAGER.CALLQUERY(130,'SCH0000002','pwirth','{HEINENS_CUSTOM_PROD}', '{06373,06373CC,0,06373SC,11/22/2020,2110,11/24/2020,0730,pwirth,1,4,5,6,7,8,9,10,11,12,14,15,16,17,18,19,20,21,22,41,42,43,44}','{HN}', :cursor); END;"
11/9/2020 13:4:28 [pwirth] 131: "BEGIN PKREQUESTMANAGER.CALLQUERY(131,'SCH0000002','pwirth','{HEINENS_CUSTOM_PROD}', '{06373,06373CC,0,06373SC,11/24/2020,1010,11/26/2020,0730,pwirth,1,4,5,6,7,8,9,10,11,12,14,15,16,17,18,19,20,21,22,41,42,43,44}','{HN}', :cursor); END;"
11/9/2020 13:4:28 [pwirth] 132: "BEGIN PKREQUESTMANAGER.CALLQUERY(132,'SCH0000002','pwirth','{HEINENS_CUSTOM_PROD}', '{06373,06373CC,0,06373SC,11/25/2020,1010,12/01/2020,1010,pwirth,1,4,5,6,7,8,9,10,11,12,14,15,16,17,18,19,20,21,22,41,42,43,44}','{HN}', :cursor); END;"
11/9/2020 13:4:28 [pwirth] 133: "BEGIN PKREQUESTMANAGER.CALLQUERY(133,'SCH0000002','pwirth','{HEINENS_CUSTOM_PROD}', '{06373,06373CC,0,06373SC,11/27/2020,1010,12/01/2020,0730,pwirth,1,4,5,6,7,8,9,10,11,12,14,15,16,17,18,19,20,21,22,41,42,43,44}','{HN}', :cursor); END;"
11/9/2020 13:4:28 [pwirth] 130: "[{\"'ALTERED'\":\"altered\"}]"
11/9/2020 13:4:28 [pwirth] 130: "1 Object(s) returned... [FETCH]"
11/9/2020 13:4:28 [pwirth] 132: "[{\"'ALTERED'\":\"altered\"}]"
11/9/2020 13:4:28 [pwirth] 132: "1 Object(s) returned... [FETCH]"
11/9/2020 13:4:28 [pwirth] 131: "[{\"'ALTERED'\":\"altered\"}]"
11/9/2020 13:4:28 [pwirth] 131: "1 Object(s) returned... [FETCH]"
11/9/2020 13:4:28 [pwirth] 133: "[{\"'ALTERED'\":\"altered\"}]"
11/9/2020 13:4:28 [pwirth] 133: "1 Object(s) returned... [FETCH]"
11/9/2020 13:13:12 [pwirth] 134: "BEGIN PKREQUESTMANAGER.CALLQUERY(134,'SUP0000002','pwirth','{HEINENS_CUSTOM_PROD}', '{06966,11/15/2020,11/21/2020}','{HN}', :cursor); END;"
11/9/2020 13:13:12 [pwirth] 134: "96 Object(s) returned... [FETCH]"
11/9/2020 13:17:32 [pwirth] 135: "BEGIN PKREQUESTMANAGER.CALLQUERY(135,'SUP0000002','pwirth','{HEINENS_CUSTOM_PROD}', '{06373,11/22/2020,11/28/2020}','{HN}', :cursor); END;"
11/9/2020 13:17:32 [pwirth] 135: "104 Object(s) returned... [FETCH]"
11/9/2020 13:18:19 [pwirth] 136: "BEGIN PKREQUESTMANAGER.CALLQUERY(136,'SCH0000001','pwirth','{HEINENS_CUSTOM_PROD}', '{06373,06373CC,0,06373SC,11/22/2020,11/28/2020,pwirth,1,4,5,6,7,8,9,10,11,12,14,15,16,17,18,19,20,21,22,41,42,43,44}','{HN}', :cursor); END;"
11/9/2020 13:18:19 [pwirth] 136: "[{\"'ALTERED'\":\"altered\"}]"
11/9/2020 13:18:19 [pwirth] 136: "1 Object(s) returned... [FETCH]"
11/9/2020 13:18:19 [pwirth] 137: "BEGIN PKREQUESTMANAGER.CALLQUERY(137,'SCH0000002','pwirth','{HEINENS_CUSTOM_PROD}', '{06373,06373CC,0,06373SC,11/22/2020,2110,11/24/2020,0730,pwirth,1,4,5,6,7,8,9,10,11,12,14,15,16,17,18,19,20,21,22,41,42,43,44}','{HN}', :cursor); END;"
11/9/2020 13:18:19 [pwirth] 138: "BEGIN PKREQUESTMANAGER.CALLQUERY(138,'SCH0000002','pwirth','{HEINENS_CUSTOM_PROD}', '{06373,06373CC,0,06373SC,11/24/2020,1010,11/26/2020,0730,pwirth,1,4,5,6,7,8,9,10,11,12,14,15,16,17,18,19,20,21,22,41,42,43,44}','{HN}', :cursor); END;"
11/9/2020 13:18:19 [pwirth] 139: "BEGIN PKREQUESTMANAGER.CALLQUERY(139,'SCH0000002','pwirth','{HEINENS_CUSTOM_PROD}', '{06373,06373CC,0,06373SC,11/25/2020,1010,12/01/2020,1010,pwirth,1,4,5,6,7,8,9,10,11,12,14,15,16,17,18,19,20,21,22,41,42,43,44}','{HN}', :cursor); END;"
11/9/2020 13:18:20 [pwirth] 137: "[{\"'ALTERED'\":\"altered\"}]"
11/9/2020 13:18:20 [pwirth] 137: "1 Object(s) returned... [FETCH]"
11/9/2020 13:18:20 [pwirth] 138: "[{\"'ALTERED'\":\"altered\"}]"
11/9/2020 13:18:20 [pwirth] 138: "1 Object(s) returned... [FETCH]"
11/9/2020 13:18:20 [pwirth] 139: "[{\"'ALTERED'\":\"altered\"}]"
11/9/2020 13:18:20 [pwirth] 139: "1 Object(s) returned... [FETCH]"
11/9/2020 14:6:33 [pwirth] 140: "BEGIN PKREQUESTMANAGER.CALLQUERY(140,'SCH0000001','pwirth','{HEINENS_CUSTOM_PROD}', '{06373,06373CC,0,06373SC,11/22/2020,11/28/2020,pwirth,1,4,5,6,7,8,9,10,11,12,14,15,16,17,18,19,20,21,22,41,42,43,44}','{HN}', :cursor); END;"
11/9/2020 14:6:34 [pwirth] 140: "[{\"'ALTERED'\":\"altered\"}]"
11/9/2020 14:6:34 [pwirth] 140: "1 Object(s) returned... [FETCH]"
11/9/2020 14:6:34 [pwirth] 141: "BEGIN PKREQUESTMANAGER.CALLQUERY(141,'SCH0000002','pwirth','{HEINENS_CUSTOM_PROD}', '{06373,06373CC,0,06373SC,11/22/2020,2110,11/24/2020,0730,pwirth,1,4,5,6,7,8,9,10,11,12,14,15,16,17,18,19,20,21,22,41,42,43,44}','{HN}', :cursor); END;"
11/9/2020 14:6:34 [pwirth] 142: "BEGIN PKREQUESTMANAGER.CALLQUERY(142,'SCH0000002','pwirth','{HEINENS_CUSTOM_PROD}', '{06373,06373CC,0,06373SC,11/24/2020,1010,11/26/2020,0730,pwirth,1,4,5,6,7,8,9,10,11,12,14,15,16,17,18,19,20,21,22,41,42,43,44}','{HN}', :cursor); END;"
11/9/2020 14:6:34 [pwirth] 143: "BEGIN PKREQUESTMANAGER.CALLQUERY(143,'SCH0000002','pwirth','{HEINENS_CUSTOM_PROD}', '{06373,06373CC,0,06373SC,11/25/2020,1010,12/01/2020,1010,pwirth,1,4,5,6,7,8,9,10,11,12,14,15,16,17,18,19,20,21,22,41,42,43,44}','{HN}', :cursor); END;"
11/9/2020 14:6:34 [pwirth] 141: "[{\"'ALTERED'\":\"altered\"}]"
11/9/2020 14:6:34 [pwirth] 141: "1 Object(s) returned... [FETCH]"
11/9/2020 14:6:34 [pwirth] 143: "[{\"'ALTERED'\":\"altered\"}]"
11/9/2020 14:6:34 [pwirth] 143: "1 Object(s) returned... [FETCH]"
11/9/2020 14:6:34 [pwirth] 142: "[{\"'ALTERED'\":\"altered\"}]"
11/9/2020 14:6:34 [pwirth] 142: "1 Object(s) returned... [FETCH]"
11/9/2020 14:7:30 [pwirth] 144: "BEGIN PKREQUESTMANAGER.CALLQUERY(144,'SUP0000002','pwirth','{HEINENS_CUSTOM_PROD}', '{06998,11/15/2020,11/21/2020}','{HN}', :cursor); END;"
11/9/2020 14:7:30 [pwirth] 144: "69 Object(s) returned... [FETCH]"
11/9/2020 14:11:16 [pwirth] 145: "BEGIN PKREQUESTMANAGER.CALLQUERY(145,'SCH0000001','pwirth','{HEINENS_CUSTOM_PROD}', '{06998,06998CC,0,06998SC,11/15/2020,11/21/2020,pwirth,1,4,5,6,7,8,9,10,11,12,14,15,16,17,18,19,20,21,22,41,42,43,44}','{HN}', :cursor); END;"
11/9/2020 14:11:17 [pwirth] 145: "[{\"'ALTERED'\":\"altered\"}]"
11/9/2020 14:11:17 [pwirth] 145: "1 Object(s) returned... [FETCH]"
11/9/2020 14:11:17 [pwirth] 146: "BEGIN PKREQUESTMANAGER.CALLQUERY(146,'SCH0000002','pwirth','{HEINENS_CUSTOM_PROD}', '{06998,06998CC,0,06998SC,11/17/2020,1010,11/18/2020,0000,pwirth,1,4,5,6,7,8,9,10,11,12,14,15,16,17,18,19,20,21,22,41,42,43,44}','{HN}', :cursor); END;"
11/9/2020 14:11:17 [pwirth] 147: "BEGIN PKREQUESTMANAGER.CALLQUERY(147,'SCH0000002','pwirth','{HEINENS_CUSTOM_PROD}', '{06998,06998CC,0,06998SC,11/21/2020,1010,11/23/2020,0000,pwirth,1,4,5,6,7,8,9,10,11,12,14,15,16,17,18,19,20,21,22,41,42,43,44}','{HN}', :cursor); END;"
11/9/2020 14:11:17 [pwirth] 148: "BEGIN PKREQUESTMANAGER.CALLQUERY(148,'SCH0000002','pwirth','{HEINENS_CUSTOM_PROD}', '{06998,06998CC,0,06998SC,11/19/2020,1010,11/20/2020,0000,pwirth,1,4,5,6,7,8,9,10,11,12,14,15,16,17,18,19,20,21,22,41,42,43,44}','{HN}', :cursor); END;"
11/9/2020 14:11:17 [pwirth] 146: "[{\"'ALTERED'\":\"altered\"}]"
11/9/2020 14:11:17 [pwirth] 146: "1 Object(s) returned... [FETCH]"
11/9/2020 14:11:17 [pwirth] 147: "[{\"'ALTERED'\":\"altered\"}]"
11/9/2020 14:11:17 [pwirth] 147: "1 Object(s) returned... [FETCH]"
11/9/2020 14:11:17 [pwirth] 148: "[{\"'ALTERED'\":\"altered\"}]"
11/9/2020 14:11:17 [pwirth] 148: "1 Object(s) returned... [FETCH]"
11/9/2020 14:11:53 [pwirth] 149: "BEGIN PKREQUESTMANAGER.CALLQUERY(149,'SUP0000002','pwirth','{HEINENS_CUSTOM_PROD}', '{06998,11/22/2020,11/28/2020}','{HN}', :cursor); END;"
11/9/2020 14:11:53 [pwirth] 149: "69 Object(s) returned... [FETCH]"
11/9/2020 14:26:41 [pwirth] 150: "BEGIN PKREQUESTMANAGER.CALLQUERY(150,'SUP0000002','pwirth','{HEINENS_CUSTOM_PROD}', '{06998,11/15/2020,11/21/2020}','{HN}', :cursor); END;"
11/9/2020 14:26:41 [pwirth] 150: "69 Object(s) returned... [FETCH]"
11/9/2020 14:26:55 [pwirth] 151: "BEGIN PKREQUESTMANAGER.CALLQUERY(151,'SUP0000002','pwirth','{HEINENS_CUSTOM_PROD}', '{06998,11/22/2020,11/28/2020}','{HN}', :cursor); END;"
11/9/2020 14:26:56 [pwirth] 151: "69 Object(s) returned... [FETCH]"
11/9/2020 14:27:32 [pwirth] 152: "BEGIN PKREQUESTMANAGER.CALLQUERY(152,'SCH0000001','pwirth','{HEINENS_CUSTOM_PROD}', '{06998,06998CC,0,06998SC,11/22/2020,11/28/2020,pwirth,1,4,5,6,7,8,9,10,11,12,14,15,16,17,18,19,20,21,22,41,42,43,44}','{HN}', :cursor); END;"
11/9/2020 14:27:32 [pwirth] 152: "[{\"'ALTERED'\":\"altered\"}]"
11/9/2020 14:27:32 [pwirth] 152: "1 Object(s) returned... [FETCH]"
11/9/2020 14:27:32 [pwirth] 153: "BEGIN PKREQUESTMANAGER.CALLQUERY(153,'SCH0000002','pwirth','{HEINENS_CUSTOM_PROD}', '{06998,06998CC,0,06998SC,11/24/2020,1010,11/25/2020,0000,pwirth,1,4,5,6,7,8,9,10,11,12,14,15,16,17,18,19,20,21,22,41,42,43,44}','{HN}', :cursor); END;"
11/9/2020 14:27:32 [pwirth] 154: "BEGIN PKREQUESTMANAGER.CALLQUERY(154,'SCH0000002','pwirth','{HEINENS_CUSTOM_PROD}', '{06998,06998CC,0,06998SC,11/25/2020,1010,11/27/2020,0000,pwirth,1,4,5,6,7,8,9,10,11,12,14,15,16,17,18,19,20,21,22,41,42,43,44}','{HN}', :cursor); END;"
11/9/2020 14:27:32 [pwirth] 155: "BEGIN PKREQUESTMANAGER.CALLQUERY(155,'SCH0000002','pwirth','{HEINENS_CUSTOM_PROD}', '{06998,06998CC,0,06998SC,11/28/2020,1010,11/30/2020,0000,pwirth,1,4,5,6,7,8,9,10,11,12,14,15,16,17,18,19,20,21,22,41,42,43,44}','{HN}', :cursor); END;"
11/9/2020 14:27:32 [pwirth] 153: "[{\"'ALTERED'\":\"altered\"}]"
11/9/2020 14:27:32 [pwirth] 153: "1 Object(s) returned... [FETCH]"
11/9/2020 14:27:32 [pwirth] 154: "[{\"'ALTERED'\":\"altered\"}]"
11/9/2020 14:27:32 [pwirth] 154: "1 Object(s) returned... [FETCH]"
11/9/2020 14:27:32 [pwirth] 155: "[{\"'ALTERED'\":\"altered\"}]"
11/9/2020 14:27:32 [pwirth] 155: "1 Object(s) returned... [FETCH]"
11/9/2020 14:29:4 [pwirth] 172: "BEGIN PKREQUESTMANAGER.CALLQUERY(172,'SUP0000002','pwirth','{HEINENS_CUSTOM_PROD}', '{00257,11/15/2020,11/21/2020}','{HN}', :cursor); END;"
11/9/2020 14:29:4 [pwirth] 172: "50 Object(s) returned... [FETCH]"
11/9/2020 14:47:38 [pwirth] 181: "BEGIN PKREQUESTMANAGER.CALLQUERY(181,'SUP0000002','pwirth','{HEINENS_CUSTOM_PROD}', '{00257,11/15/2020,11/21/2020}','{HN}', :cursor); END;"
11/9/2020 14:47:38 [pwirth] 181: "50 Object(s) returned... [FETCH]"
11/9/2020 14:48:14 [pwirth] 182: "BEGIN PKREQUESTMANAGER.CALLQUERY(182,'SUP0000002','pwirth','{HEINENS_CUSTOM_PROD}', '{00257,11/29/2020,12/05/2020}','{HN}', :cursor); END;"
11/9/2020 14:48:15 [pwirth] 182: "50 Object(s) returned... [FETCH]"
11/9/2020 14:49:37 [pwirth] 183: "BEGIN PKREQUESTMANAGER.CALLQUERY(183,'SUP0000002','pwirth','{HEINENS_CUSTOM_PROD}', '{00257,11/22/2020,11/28/2020}','{HN}', :cursor); END;"
11/9/2020 14:49:37 [pwirth] 183: "50 Object(s) returned... [FETCH]"
11/9/2020 14:50:44 [pwirth] 184: "BEGIN PKREQUESTMANAGER.CALLQUERY(184,'SUP0000002','pwirth','{HEINENS_CUSTOM_PROD}', '{00257,11/15/2020,11/21/2020}','{HN}', :cursor); END;"
11/9/2020 14:50:44 [pwirth] 184: "50 Object(s) returned... [FETCH]"
11/9/2020 14:52:16 [pwirth] 185: "BEGIN PKREQUESTMANAGER.CALLQUERY(185,'SCH0000001','pwirth','{HEINENS_CUSTOM_PROD}', '{00257,00257CCC,0,00257SCC,11/15/2020,11/21/2020,pwirth,1,4,5,6,7,8,9,10,11,12,14,15,16,17,18,19,20,21,22,41,42,43,44,99953}','{HN}', :cursor); END;"
11/9/2020 14:52:16 [pwirth] 186: "BEGIN PKREQUESTMANAGER.CALLQUERY(186,'SCH0000001','pwirth','{HEINENS_CUSTOM_PROD}', '{00257,00257CCC,0,00257SCC,11/15/2020,11/21/2020,pwirth,99918}','{HN}', :cursor); END;"
11/9/2020 14:52:16 [pwirth] 186: "[{\"'ALTERED'\":\"altered\"}]"
11/9/2020 14:52:16 [pwirth] 186: "1 Object(s) returned... [FETCH]"
11/9/2020 14:52:17 [pwirth] 185: "[{\"'ALTERED'\":\"altered\"}]"
11/9/2020 14:52:17 [pwirth] 185: "1 Object(s) returned... [FETCH]"
11/9/2020 14:52:17 [pwirth] 187: "BEGIN PKREQUESTMANAGER.CALLQUERY(187,'SCH0000002','pwirth','{HEINENS_CUSTOM_PROD}', '{00257,00257CCC,0,00257SCC,11/16/2020,0810,11/21/2020,0600,pwirth,1,4,5,6,7,8,9,10,11,12,14,15,16,17,18,19,20,21,22,41,42,43,44,99953}','{HN}', :cursor); END;"
11/9/2020 14:52:17 [pwirth] 188: "BEGIN PKREQUESTMANAGER.CALLQUERY(188,'SCH0000002','pwirth','{HEINENS_CUSTOM_PROD}', '{00257,00257CCC,0,00257SCC,11/16/2020,1010,11/21/2020,0600,pwirth,99918}','{HN}', :cursor); END;"
11/9/2020 14:52:17 [pwirth] 189: "BEGIN PKREQUESTMANAGER.CALLQUERY(189,'SCH0000002','pwirth','{HEINENS_CUSTOM_PROD}', '{00257,00257CCC,0,00257SCC,11/18/2020,810,11/25/2020,0600,pwirth,1,4,5,6,7,8,9,10,11,12,14,15,16,17,18,19,20,21,22,41,42,43,44,99953}','{HN}', :cursor); END;"
11/9/2020 14:52:17 [pwirth] 187: "[{\"'ALTERED'\":\"altered\"}]"
11/9/2020 14:52:17 [pwirth] 187: "1 Object(s) returned... [FETCH]"
11/9/2020 14:52:17 [pwirth] 188: "[{\"'ALTERED'\":\"altered\"}]"
11/9/2020 14:52:17 [pwirth] 188: "1 Object(s) returned... [FETCH]"
11/9/2020 14:52:17 [pwirth] 189: "[{\"'ALTERED'\":\"altered\"}]"
11/9/2020 14:52:17 [pwirth] 189: "1 Object(s) returned... [FETCH]"
11/9/2020 14:53:48 [pwirth] 190: "BEGIN PKREQUESTMANAGER.CALLQUERY(190,'SUP0000002','pwirth','{HEINENS_CUSTOM_PROD}', '{13201,11/15/2020,11/21/2020}','{HN}', :cursor); END;"
11/9/2020 14:53:48 [pwirth] 190: "47 Object(s) returned... [FETCH]"
11/9/2020 14:57:48 [pwirth] 191: "BEGIN PKREQUESTMANAGER.CALLQUERY(191,'SUP0000002','pwirth','{HEINENS_CUSTOM_PROD}', '{13201,11/15/2020,11/28/2020}','{HN}', :cursor); END;"
11/9/2020 14:57:49 [pwirth] 191: "94 Object(s) returned... [FETCH]"
11/9/2020 15:0:58 [pwirth] 224: "BEGIN PKREQUESTMANAGER.CALLQUERY(224,'SCH0000001','pwirth','{HEINENS_CUSTOM_PROD}', '{13201,13201CC,0,13201SC,11/15/2020,11/28/2020,pwirth,1,4,5,6,7,8,9,10,11,12,14,15,16,17,18,19,20,21,22,41,42,43,44}','{HN}', :cursor); END;"
11/9/2020 15:0:58 [pwirth] 224: "[{\"'ALTERED'\":\"altered\"}]"
11/9/2020 15:0:58 [pwirth] 224: "1 Object(s) returned... [FETCH]"
11/9/2020 15:0:59 [pwirth] 225: "BEGIN PKREQUESTMANAGER.CALLQUERY(225,'SCH0000002','pwirth','{HEINENS_CUSTOM_PROD}', '{13201,13201CC,0,13201SC,11/15/2020,0810,11/20/2020,0600,pwirth,1,4,5,6,7,8,9,10,11,12,14,15,16,17,18,19,20,21,22,41,42,43,44}','{HN}', :cursor); END;"
11/9/2020 15:0:59 [pwirth] 226: "BEGIN PKREQUESTMANAGER.CALLQUERY(226,'SCH0000002','pwirth','{HEINENS_CUSTOM_PROD}', '{13201,13201CC,0,13201SC,11/20/2020,0810,11/27/2020,0600,pwirth,1,4,5,6,7,8,9,10,11,12,14,15,16,17,18,19,20,21,22,41,42,43,44}','{HN}', :cursor); END;"
11/9/2020 15:0:59 [pwirth] 225: "[{\"'ALTERED'\":\"altered\"}]"
11/9/2020 15:0:59 [pwirth] 225: "1 Object(s) returned... [FETCH]"
11/9/2020 15:0:59 [pwirth] 226: "[{\"'ALTERED'\":\"altered\"}]"
11/9/2020 15:0:59 [pwirth] 226: "1 Object(s) returned... [FETCH]"
11/9/2020 15:8:16 [pwirth] 227: "BEGIN PKREQUESTMANAGER.CALLQUERY(227,'SUP0000002','pwirth','{HEINENS_CUSTOM_PROD}', '{06190,11/15/2020,11/28/2020}','{HN}', :cursor); END;"
11/9/2020 15:8:16 [pwirth] 227: "92 Object(s) returned... [FETCH]"
11/9/2020 15:8:31 [pwirth] 228: "BEGIN PKREQUESTMANAGER.CALLQUERY(228,'SCH0000001','pwirth','{HEINENS_CUSTOM_PROD}', '{06190,06190CC,0,06190SC,11/15/2020,11/28/2020,pwirth,1,4,5,6,7,8,9,10,11,12,14,15,16,17,18,19,20,21,22,41,42,43,44}','{HN}', :cursor); END;"
11/9/2020 15:8:31 [pwirth] 228: "[{\"'ALTERED'\":\"altered\"}]"
11/9/2020 15:8:31 [pwirth] 228: "1 Object(s) returned... [FETCH]"
11/9/2020 15:8:32 [pwirth] 229: "BEGIN PKREQUESTMANAGER.CALLQUERY(229,'SCH0000002','pwirth','{HEINENS_CUSTOM_PROD}', '{06190,06190CC,0,06190SC,11/16/2020,1010,11/18/2020,0700,pwirth,1,4,5,6,7,8,9,10,11,12,14,15,16,17,18,19,20,21,22,41,42,43,44}','{HN}', :cursor); END;"
11/9/2020 15:8:32 [pwirth] 230: "BEGIN PKREQUESTMANAGER.CALLQUERY(230,'SCH0000002','pwirth','{HEINENS_CUSTOM_PROD}', '{06190,06190CC,0,06190SC,11/27/2020,1010,11/30/2020,0700,pwirth,1,4,5,6,7,8,9,10,11,12,14,15,16,17,18,19,20,21,22,41,42,43,44}','{HN}', :cursor); END;"
11/9/2020 15:8:32 [pwirth] 231: "BEGIN PKREQUESTMANAGER.CALLQUERY(231,'SCH0000002','pwirth','{HEINENS_CUSTOM_PROD}', '{06190,06190CC,0,06190SC,11/23/2020,1010,11/24/2020,0700,pwirth,1,4,5,6,7,8,9,10,11,12,14,15,16,17,18,19,20,21,22,41,42,43,44}','{HN}', :cursor); END;"
11/9/2020 15:8:32 [pwirth] 232: "BEGIN PKREQUESTMANAGER.CALLQUERY(232,'SCH0000002','pwirth','{HEINENS_CUSTOM_PROD}', '{06190,06190CC,0,06190SC,11/19/2020,1010,11/20/2020,0700,pwirth,1,4,5,6,7,8,9,10,11,12,14,15,16,17,18,19,20,21,22,41,42,43,44}','{HN}', :cursor); END;"
11/9/2020 15:8:32 [pwirth] 229: "[{\"'ALTERED'\":\"altered\"}]"
11/9/2020 15:8:32 [pwirth] 229: "1 Object(s) returned... [FETCH]"
11/9/2020 15:8:32 [pwirth] 230: "[{\"'ALTERED'\":\"altered\"}]"
11/9/2020 15:8:32 [pwirth] 230: "1 Object(s) returned... [FETCH]"
11/9/2020 15:8:32 [pwirth] 231: "[{\"'ALTERED'\":\"altered\"}]"
11/9/2020 15:8:32 [pwirth] 231: "1 Object(s) returned... [FETCH]"
11/9/2020 15:8:32 [pwirth] 232: "[{\"'ALTERED'\":\"altered\"}]"
11/9/2020 15:8:32 [pwirth] 232: "1 Object(s) returned... [FETCH]"
11/9/2020 15:8:57 [pwirth] 233: "BEGIN PKREQUESTMANAGER.CALLQUERY(233,'SCH0000001','pwirth','{HEINENS_CUSTOM_PROD}', '{06190,06190CC,0,06190SC,11/15/2020,11/28/2020,pwirth,1,4,5,6,7,8,9,10,11,12,14,15,16,17,18,19,20,21,22,41,42,43,44}','{HN}', :cursor); END;"
11/9/2020 15:8:57 [pwirth] 233: "[{\"'ALTERED'\":\"altered\"}]"
11/9/2020 15:8:57 [pwirth] 233: "1 Object(s) returned... [FETCH]"
11/9/2020 15:8:57 [pwirth] 234: "BEGIN PKREQUESTMANAGER.CALLQUERY(234,'SCH0000002','pwirth','{HEINENS_CUSTOM_PROD}', '{06190,06190CC,0,06190SC,11/16/2020,1010,11/18/2020,0700,pwirth,1,4,5,6,7,8,9,10,11,12,14,15,16,17,18,19,20,21,22,41,42,43,44}','{HN}', :cursor); END;"
11/9/2020 15:8:57 [pwirth] 235: "BEGIN PKREQUESTMANAGER.CALLQUERY(235,'SCH0000002','pwirth','{HEINENS_CUSTOM_PROD}', '{06190,06190CC,0,06190SC,11/19/2020,1010,11/20/2020,0700,pwirth,1,4,5,6,7,8,9,10,11,12,14,15,16,17,18,19,20,21,22,41,42,43,44}','{HN}', :cursor); END;"
11/9/2020 15:8:57 [pwirth] 236: "BEGIN PKREQUESTMANAGER.CALLQUERY(236,'SCH0000002','pwirth','{HEINENS_CUSTOM_PROD}', '{06190,06190CC,0,06190SC,11/27/2020,1010,11/30/2020,0700,pwirth,1,4,5,6,7,8,9,10,11,12,14,15,16,17,18,19,20,21,22,41,42,43,44}','{HN}', :cursor); END;"
11/9/2020 15:8:57 [pwirth] 234: "[{\"'ALTERED'\":\"altered\"}]"
11/9/2020 15:8:57 [pwirth] 234: "1 Object(s) returned... [FETCH]"
11/9/2020 15:8:57 [pwirth] 237: "BEGIN PKREQUESTMANAGER.CALLQUERY(237,'SCH0000002','pwirth','{HEINENS_CUSTOM_PROD}', '{06190,06190CC,0,06190SC,11/23/2020,1010,11/25/2020,0700,pwirth,1,4,5,6,7,8,9,10,11,12,14,15,16,17,18,19,20,21,22,41,42,43,44}','{HN}', :cursor); END;"
11/9/2020 15:8:57 [pwirth] 235: "[{\"'ALTERED'\":\"altered\"}]"
11/9/2020 15:8:57 [pwirth] 235: "1 Object(s) returned... [FETCH]"
11/9/2020 15:8:57 [pwirth] 236: "[{\"'ALTERED'\":\"altered\"}]"
11/9/2020 15:8:57 [pwirth] 236: "1 Object(s) returned... [FETCH]"
11/9/2020 15:8:57 [pwirth] 237: "[{\"'ALTERED'\":\"altered\"}]"
11/9/2020 15:8:57 [pwirth] 237: "1 Object(s) returned... [FETCH]"
11/9/2020 15:9:36 [pwirth] 238: "BEGIN PKREQUESTMANAGER.CALLQUERY(238,'SUP0000002','pwirth','{HEINENS_CUSTOM_PROD}', '{06373,11/15/2020,11/28/2020}','{HN}', :cursor); END;"
11/9/2020 15:9:37 [pwirth] 238: "185 Object(s) returned... [FETCH]"
11/9/2020 15:25:44 [pwirth] 245: "BEGIN PKREQUESTMANAGER.CALLQUERY(245,'SCH0000001','pwirth','{HEINENS_CUSTOM_PROD}', '{06373,06373CC,0,06373SC,11/15/2020,11/28/2020,pwirth,1,4,5,6,7,8,9,10,11,12,14,15,16,17,18,19,20,21,22,41,42,43,44}','{HN}', :cursor); END;"
11/9/2020 15:25:45 [pwirth] 245: "[{\"'ALTERED'\":\"altered\"}]"
11/9/2020 15:25:45 [pwirth] 245: "1 Object(s) returned... [FETCH]"
11/9/2020 15:25:45 [pwirth] 246: "BEGIN PKREQUESTMANAGER.CALLQUERY(246,'SCH0000002','pwirth','{HEINENS_CUSTOM_PROD}', '{06373,06373CC,0,06373SC,11/15/2020,2110,11/17/2020,0730,pwirth,1,4,5,6,7,8,9,10,11,12,14,15,16,17,18,19,20,21,22,41,42,43,44}','{HN}', :cursor); END;"
11/9/2020 15:25:45 [pwirth] 247: "BEGIN PKREQUESTMANAGER.CALLQUERY(247,'SCH0000002','pwirth','{HEINENS_CUSTOM_PROD}', '{06373,06373CC,0,06373SC,11/24/2020,1010,11/28/2020,0730,pwirth,1,4,5,6,7,8,9,10,11,12,14,15,16,17,18,19,20,21,22,41,42,43,44}','{HN}', :cursor); END;"
11/9/2020 15:25:45 [pwirth] 248: "BEGIN PKREQUESTMANAGER.CALLQUERY(248,'SCH0000002','pwirth','{HEINENS_CUSTOM_PROD}', '{06373,06373CC,0,06373SC,11/19/2020,1010,11/21/2020,0730,pwirth,1,4,5,6,7,8,9,10,11,12,14,15,16,17,18,19,20,21,22,41,42,43,44}','{HN}', :cursor); END;"
11/9/2020 15:25:45 [pwirth] 249: "BEGIN PKREQUESTMANAGER.CALLQUERY(249,'SCH0000002','pwirth','{HEINENS_CUSTOM_PROD}', '{06373,06373CC,0,06373SC,11/20/2020,1010,11/24/2020,0730,pwirth,1,4,5,6,7,8,9,10,11,12,14,15,16,17,18,19,20,21,22,41,42,43,44}','{HN}', :cursor); END;"
11/9/2020 15:25:45 [pwirth] 250: "BEGIN PKREQUESTMANAGER.CALLQUERY(250,'SCH0000002','pwirth','{HEINENS_CUSTOM_PROD}', '{06373,06373CC,0,06373SC,11/17/2020,1010,11/19/2020,0730,pwirth,1,4,5,6,7,8,9,10,11,12,14,15,16,17,18,19,20,21,22,41,42,43,44}','{HN}', :cursor); END;"
11/9/2020 15:25:45 [pwirth] 251: "BEGIN PKREQUESTMANAGER.CALLQUERY(251,'SCH0000002','pwirth','{HEINENS_CUSTOM_PROD}', '{06373,06373CC,0,06373SC,11/22/2020,2110,11/24/2020,0730,pwirth,1,4,5,6,7,8,9,10,11,12,14,15,16,17,18,19,20,21,22,41,42,43,44}','{HN}', :cursor); END;"
11/9/2020 15:25:45 [pwirth] 246: "[{\"'ALTERED'\":\"altered\"}]"
11/9/2020 15:25:45 [pwirth] 246: "1 Object(s) returned... [FETCH]"
11/9/2020 15:25:45 [pwirth] 249: "[{\"'ALTERED'\":\"altered\"}]"
11/9/2020 15:25:45 [pwirth] 249: "1 Object(s) returned... [FETCH]"
11/9/2020 15:25:45 [pwirth] 247: "[{\"'ALTERED'\":\"altered\"}]"
11/9/2020 15:25:45 [pwirth] 247: "1 Object(s) returned... [FETCH]"
11/9/2020 15:25:45 [pwirth] 248: "[{\"'ALTERED'\":\"altered\"}]"
11/9/2020 15:25:45 [pwirth] 248: "1 Object(s) returned... [FETCH]"
11/9/2020 15:25:45 [pwirth] 252: "BEGIN PKREQUESTMANAGER.CALLQUERY(252,'SCH0000002','pwirth','{HEINENS_CUSTOM_PROD}', '{06373,06373CC,0,06373SC,11/25/2020,1010,12/01/2020,1010,pwirth,1,4,5,6,7,8,9,10,11,12,14,15,16,17,18,19,20,21,22,41,42,43,44}','{HN}', :cursor); END;"
11/9/2020 15:25:45 [pwirth] 250: "[{\"'ALTERED'\":\"altered\"}]"
11/9/2020 15:25:45 [pwirth] 250: "1 Object(s) returned... [FETCH]"
11/9/2020 15:25:45 [pwirth] 251: "[{\"'ALTERED'\":\"altered\"}]"
11/9/2020 15:25:45 [pwirth] 251: "1 Object(s) returned... [FETCH]"
11/9/2020 15:25:45 [pwirth] 252: "[{\"'ALTERED'\":\"altered\"}]"
11/9/2020 15:25:45 [pwirth] 252: "1 Object(s) returned... [FETCH]"
11/9/2020 15:32:32 [pwirth] 267: "BEGIN PKREQUESTMANAGER.CALLQUERY(267,'SUP0000002','pwirth','{HEINENS_CUSTOM_PROD}', '{00257,11/15/2020,11/28/2020}','{HN}', :cursor); END;"
11/9/2020 15:32:32 [pwirth] 267: "124 Object(s) returned... [FETCH]"
11/9/2020 15:32:58 [pwirth] 268: "BEGIN PKREQUESTMANAGER.CALLQUERY(268,'SCH0000001','pwirth','{HEINENS_CUSTOM_PROD}', '{00257,00257CCC,0,00257SCC,11/15/2020,11/28/2020,pwirth,1,4,5,6,7,8,9,10,11,12,14,15,16,17,18,19,20,21,22,41,42,43,44,99953}','{HN}', :cursor); END;"
11/9/2020 15:32:59 [pwirth] 268: "[{\"'ALTERED'\":\"altered\"}]"
11/9/2020 15:32:59 [pwirth] 268: "1 Object(s) returned... [FETCH]"
11/9/2020 15:32:59 [pwirth] 269: "BEGIN PKREQUESTMANAGER.CALLQUERY(269,'SCH0000002','pwirth','{HEINENS_CUSTOM_PROD}', '{00257,00257CCC,0,00257SCC,11/16/2020,0810,11/21/2020,0600,pwirth,1,4,5,6,7,8,9,10,11,12,14,15,16,17,18,19,20,21,22,41,42,43,44,99953}','{HN}', :cursor); END;"
11/9/2020 15:32:59 [pwirth] 269: "[{\"'ALTERED'\":\"altered\"}]"
11/9/2020 15:32:59 [pwirth] 269: "1 Object(s) returned... [FETCH]"
11/9/2020 15:32:59 [pwirth] 270: "BEGIN PKREQUESTMANAGER.CALLQUERY(270,'SCH0000002','pwirth','{HEINENS_CUSTOM_PROD}', '{00257,00257CCC,0,00257SCC,11/23/2020,0810,11/28/2020,0600,pwirth,1,4,5,6,7,8,9,10,11,12,14,15,16,17,18,19,20,21,22,41,42,43,44,99953}','{HN}', :cursor); END;"
11/9/2020 15:32:59 [pwirth] 271: "BEGIN PKREQUESTMANAGER.CALLQUERY(271,'SCH0000002','pwirth','{HEINENS_CUSTOM_PROD}', '{00257,00257CCC,0,00257SCC,11/18/2020,0810,11/25/2020,0600,pwirth,1,4,5,6,7,8,9,10,11,12,14,15,16,17,18,19,20,21,22,41,42,43,44,99953}','{HN}', :cursor); END;"
11/9/2020 15:32:59 [pwirth] 270: "[{\"'ALTERED'\":\"altered\"}]"
11/9/2020 15:32:59 [pwirth] 270: "1 Object(s) returned... [FETCH]"
11/9/2020 15:32:59 [pwirth] 271: "[{\"'ALTERED'\":\"altered\"}]"
11/9/2020 15:32:59 [pwirth] 271: "1 Object(s) returned... [FETCH]"
11/9/2020 15:58:9 [pwirth] 273: "BEGIN PKREQUESTMANAGER.CALLQUERY(273,'SUP0000002','pwirth','{HEINENS_CUSTOM_PROD}', '{13457,11/15/2020,11/28/2020}','{HN}', :cursor); END;"
11/9/2020 15:58:9 [pwirth] 273: "92 Object(s) returned... [FETCH]"
11/9/2020 15:59:37 [pwirth] 281: "BEGIN PKREQUESTMANAGER.CALLQUERY(281,'SCH0000001','pwirth','{HEINENS_CUSTOM_PROD}', '{13457,13457CC,0,13457SC,11/15/2020,11/28/2020,pwirth,1,4,5,6,7,8,9,10,11,12,14,15,16,17,18,19,20,21,22,41,42,43,44}','{HN}', :cursor); END;"
11/9/2020 15:59:37 [pwirth] 281: "[{\"'ALTERED'\":\"altered\"}]"
11/9/2020 15:59:37 [pwirth] 281: "1 Object(s) returned... [FETCH]"
11/9/2020 15:59:38 [pwirth] 284: "BEGIN PKREQUESTMANAGER.CALLQUERY(284,'SCH0000002','pwirth','{HEINENS_CUSTOM_PROD}', '{13457,13457CC,0,13457SC,11/17/2020,1610,11/19/2020,0000,pwirth,1,4,5,6,7,8,9,10,11,12,14,15,16,17,18,19,20,21,22,41,42,43,44}','{HN}', :cursor); END;"
11/9/2020 15:59:38 [pwirth] 285: "BEGIN PKREQUESTMANAGER.CALLQUERY(285,'SCH0000002','pwirth','{HEINENS_CUSTOM_PROD}', '{13457,13457CC,0,13457SC,11/27/2020,1610,11/30/2020,0000,pwirth,1,4,5,6,7,8,9,10,11,12,14,15,16,17,18,19,20,21,22,41,42,43,44}','{HN}', :cursor); END;"
11/9/2020 15:59:38 [pwirth] 286: "BEGIN PKREQUESTMANAGER.CALLQUERY(286,'SCH0000002','pwirth','{HEINENS_CUSTOM_PROD}', '{13457,13457CC,0,13457SC,11/20/2020,1610,11/23/2020,0000,pwirth,1,4,5,6,7,8,9,10,11,12,14,15,16,17,18,19,20,21,22,41,42,43,44}','{HN}', :cursor); END;"
11/9/2020 15:59:38 [pwirth] 284: "[{\"'ALTERED'\":\"altered\"}]"
11/9/2020 15:59:38 [pwirth] 284: "1 Object(s) returned... [FETCH]"
11/9/2020 15:59:38 [pwirth] 285: "[{\"'ALTERED'\":\"altered\"}]"
11/9/2020 15:59:38 [pwirth] 285: "1 Object(s) returned... [FETCH]"
11/9/2020 15:59:38 [pwirth] 286: "[{\"'ALTERED'\":\"altered\"}]"
11/9/2020 15:59:38 [pwirth] 286: "1 Object(s) returned... [FETCH]"
