4/28/2017 11:59:3 1: LIBQUERY with Callback: 
4/28/2017 11:59:3 1: Path request:/api/authentification/
4/28/2017 11:59:3 1: Path header:undefined
4/28/2017 11:59:3 1: Path query:{}
4/28/2017 11:59:3 1: BEGIN PKREQUESTMANAGER.CALLQUERY(1,'ADM0000001','abe','{}', '{abe,abe}','{}', :cursor); END;
4/28/2017 11:59:3 1: 1 Object(s) returned... [FETCH]
4/28/2017 11:59:3 1: [object Object]
4/28/2017 11:59:3 2: LIBQUERY with Callback: 
4/28/2017 11:59:3 2: Path request:/api/user/
4/28/2017 11:59:3 2: Path header:undefined
4/28/2017 11:59:3 2: Path query:{"USER_NAME":"abe"}
4/28/2017 11:59:3 2: BEGIN PKREQUESTMANAGER.CALLQUERY(2,'CLI0000002','abe','{}', '{abe}','{}', :cursor); END;
4/28/2017 11:59:3 3: LIBQUERY with Callback: 
4/28/2017 11:59:3 3: Path request:/api/environment/
4/28/2017 11:59:3 3: Path header:undefined
4/28/2017 11:59:3 3: Path query:{"USER_NAME":"abe"}
4/28/2017 11:59:3 3: BEGIN PKREQUESTMANAGER.CALLQUERY(3,'CLI0000003','abe','{}', '{abe}','{}', :cursor); END;
4/28/2017 11:59:3 3: 1 Object(s) returned... [FETCH]
4/28/2017 11:59:3 3: [object Object]
4/28/2017 11:59:3 3: 6 Object(s) returned... [FETCH]
4/28/2017 11:59:3 3: [object Object],[object Object],[object Object],[object Object],[object Object],[object Object]
4/28/2017 12:2:37 4: LIBQUERY with Callback: 
4/28/2017 12:2:37 4: Path request:/api/authentification/
4/28/2017 12:2:37 4: Path header:undefined
4/28/2017 12:2:37 4: Path query:{}
4/28/2017 12:2:37 4: BEGIN PKREQUESTMANAGER.CALLQUERY(4,'ADM0000001','abe','{}', '{abe,abe}','{}', :cursor); END;
4/28/2017 12:2:37 4: 1 Object(s) returned... [FETCH]
4/28/2017 12:2:37 4: [object Object]
4/28/2017 12:2:37 5: LIBQUERY with Callback: 
4/28/2017 12:2:37 5: Path request:/api/user/
4/28/2017 12:2:37 5: Path header:undefined
4/28/2017 12:2:37 5: Path query:{"USER_NAME":"abe"}
4/28/2017 12:2:37 5: BEGIN PKREQUESTMANAGER.CALLQUERY(5,'CLI0000002','abe','{}', '{abe}','{}', :cursor); END;
4/28/2017 12:2:37 6: LIBQUERY with Callback: 
4/28/2017 12:2:37 6: Path request:/api/environment/
4/28/2017 12:2:37 6: Path header:undefined
4/28/2017 12:2:37 6: Path query:{"USER_NAME":"abe"}
4/28/2017 12:2:37 6: BEGIN PKREQUESTMANAGER.CALLQUERY(6,'CLI0000003','abe','{}', '{abe}','{}', :cursor); END;
4/28/2017 12:2:37 6: 1 Object(s) returned... [FETCH]
4/28/2017 12:2:37 6: [object Object]
4/28/2017 12:2:37 6: 6 Object(s) returned... [FETCH]
4/28/2017 12:2:37 6: [object Object],[object Object],[object Object],[object Object],[object Object],[object Object]
4/28/2017 17:39:12 7: LIBQUERY with Callback: 
4/28/2017 17:39:12 7: Path request:/api/authentification/
4/28/2017 17:39:12 7: Path header:undefined
4/28/2017 17:39:12 7: Path query:{}
4/28/2017 17:39:12 7: BEGIN PKREQUESTMANAGER.CALLQUERY(7,'ADM0000001','abe','{}', '{abe,abe}','{}', :cursor); END;
4/28/2017 17:39:12 7: 1 Object(s) returned... [FETCH]
4/28/2017 17:39:12 7: [object Object]
4/28/2017 17:39:13 8: LIBQUERY with Callback: 
4/28/2017 17:39:13 8: Path request:/api/user/
4/28/2017 17:39:13 8: Path header:undefined
4/28/2017 17:39:13 8: Path query:{"USER_NAME":"abe"}
4/28/2017 17:39:13 8: BEGIN PKREQUESTMANAGER.CALLQUERY(8,'CLI0000002','abe','{}', '{abe}','{}', :cursor); END;
4/28/2017 17:39:13 9: LIBQUERY with Callback: 
4/28/2017 17:39:13 9: Path request:/api/environment/
4/28/2017 17:39:13 9: Path header:undefined
4/28/2017 17:39:13 9: Path query:{"USER_NAME":"abe"}
4/28/2017 17:39:13 9: BEGIN PKREQUESTMANAGER.CALLQUERY(9,'CLI0000003','abe','{}', '{abe}','{}', :cursor); END;
4/28/2017 17:39:13 9: 1 Object(s) returned... [FETCH]
4/28/2017 17:39:13 9: [object Object]
4/28/2017 17:39:13 9: 6 Object(s) returned... [FETCH]
4/28/2017 17:39:13 9: [object Object],[object Object],[object Object],[object Object],[object Object],[object Object]
4/28/2017 17:49:12 10: LIBQUERY with Callback: 
4/28/2017 17:49:12 10: Path request:/api/authentification/
4/28/2017 17:49:12 10: Path header:undefined
4/28/2017 17:49:12 10: Path query:{}
4/28/2017 17:49:12 10: BEGIN PKREQUESTMANAGER.CALLQUERY(10,'ADM0000001','abe','{}', '{abe,abe}','{}', :cursor); END;
4/28/2017 17:49:12 10: 1 Object(s) returned... [FETCH]
4/28/2017 17:49:12 10: [object Object]
4/28/2017 17:49:12 11: LIBQUERY with Callback: 
4/28/2017 17:49:12 11: Path request:/api/user/
4/28/2017 17:49:12 11: Path header:undefined
4/28/2017 17:49:12 11: Path query:{"USER_NAME":"abe"}
4/28/2017 17:49:12 11: BEGIN PKREQUESTMANAGER.CALLQUERY(11,'CLI0000002','abe','{}', '{abe}','{}', :cursor); END;
4/28/2017 17:49:12 12: LIBQUERY with Callback: 
4/28/2017 17:49:12 12: Path request:/api/environment/
4/28/2017 17:49:12 12: Path header:undefined
4/28/2017 17:49:12 12: Path query:{"USER_NAME":"abe"}
4/28/2017 17:49:12 12: BEGIN PKREQUESTMANAGER.CALLQUERY(12,'CLI0000003','abe','{}', '{abe}','{}', :cursor); END;
4/28/2017 17:49:12 12: 1 Object(s) returned... [FETCH]
4/28/2017 17:49:12 12: [object Object]
4/28/2017 17:49:13 12: 6 Object(s) returned... [FETCH]
4/28/2017 17:49:13 12: [object Object],[object Object],[object Object],[object Object],[object Object],[object Object]
4/28/2017 17:50:23 13: LIBQUERY with Callback: 
4/28/2017 17:50:23 13: Path request:/api/authentification/
4/28/2017 17:50:23 13: Path header:undefined
4/28/2017 17:50:23 13: Path query:{}
4/28/2017 17:50:23 13: BEGIN PKREQUESTMANAGER.CALLQUERY(13,'ADM0000001','abe','{}', '{abe,abe}','{}', :cursor); END;
4/28/2017 17:50:23 13: 1 Object(s) returned... [FETCH]
4/28/2017 17:50:23 13: [object Object]
4/28/2017 17:50:23 14: LIBQUERY with Callback: 
4/28/2017 17:50:23 14: Path request:/api/user/
4/28/2017 17:50:23 14: Path header:undefined
4/28/2017 17:50:23 14: Path query:{"USER_NAME":"abe"}
4/28/2017 17:50:23 14: BEGIN PKREQUESTMANAGER.CALLQUERY(14,'CLI0000002','abe','{}', '{abe}','{}', :cursor); END;
4/28/2017 17:50:23 15: LIBQUERY with Callback: 
4/28/2017 17:50:23 15: Path request:/api/environment/
4/28/2017 17:50:23 15: Path header:undefined
4/28/2017 17:50:23 15: Path query:{"USER_NAME":"abe"}
4/28/2017 17:50:23 15: BEGIN PKREQUESTMANAGER.CALLQUERY(15,'CLI0000003','abe','{}', '{abe}','{}', :cursor); END;
4/28/2017 17:50:23 15: 1 Object(s) returned... [FETCH]
4/28/2017 17:50:23 15: [object Object]
4/28/2017 17:50:23 15: 6 Object(s) returned... [FETCH]
4/28/2017 17:50:23 15: [object Object],[object Object],[object Object],[object Object],[object Object],[object Object]
4/28/2017 17:54:27 16: LIBQUERY with Callback: 
4/28/2017 17:54:27 16: Path request:/api/authentification/
4/28/2017 17:54:27 16: Path header:undefined
4/28/2017 17:54:27 16: Path query:{}
4/28/2017 17:54:27 16: BEGIN PKREQUESTMANAGER.CALLQUERY(16,'ADM0000001','abe','{}', '{abe,abe}','{}', :cursor); END;
4/28/2017 17:54:27 16: 1 Object(s) returned... [FETCH]
4/28/2017 17:54:27 16: [object Object]
4/28/2017 17:54:27 17: LIBQUERY with Callback: 
4/28/2017 17:54:27 17: Path request:/api/user/
4/28/2017 17:54:27 17: Path header:undefined
4/28/2017 17:54:27 17: Path query:{"USER_NAME":"abe"}
4/28/2017 17:54:27 17: BEGIN PKREQUESTMANAGER.CALLQUERY(17,'CLI0000002','abe','{}', '{abe}','{}', :cursor); END;
4/28/2017 17:54:27 18: LIBQUERY with Callback: 
4/28/2017 17:54:27 18: Path request:/api/environment/
4/28/2017 17:54:27 18: Path header:undefined
4/28/2017 17:54:27 18: Path query:{"USER_NAME":"abe"}
4/28/2017 17:54:27 18: BEGIN PKREQUESTMANAGER.CALLQUERY(18,'CLI0000003','abe','{}', '{abe}','{}', :cursor); END;
4/28/2017 17:54:27 18: 1 Object(s) returned... [FETCH]
4/28/2017 17:54:27 18: [object Object]
4/28/2017 17:54:27 18: 6 Object(s) returned... [FETCH]
4/28/2017 17:54:27 18: [object Object],[object Object],[object Object],[object Object],[object Object],[object Object]
4/28/2017 17:56:33 19: LIBQUERY with Callback: 
4/28/2017 17:56:33 19: Path request:/api/user/
4/28/2017 17:56:33 19: Path header:undefined
4/28/2017 17:56:33 19: Path query:{"USER_NAME":"abe"}
4/28/2017 17:56:33 19: BEGIN PKREQUESTMANAGER.CALLQUERY(19,'CLI0000002','abe','{}', '{abe}','{}', :cursor); END;
4/28/2017 17:56:33 20: LIBQUERY with Callback: 
4/28/2017 17:56:33 20: Path request:/api/environment/
4/28/2017 17:56:33 20: Path header:undefined
4/28/2017 17:56:33 20: Path query:{"USER_NAME":"abe"}
4/28/2017 17:56:33 20: BEGIN PKREQUESTMANAGER.CALLQUERY(20,'CLI0000003','abe','{}', '{abe}','{}', :cursor); END;
4/28/2017 17:56:33 20: 1 Object(s) returned... [FETCH]
4/28/2017 17:56:33 20: [object Object]
4/28/2017 17:56:33 20: 6 Object(s) returned... [FETCH]
4/28/2017 17:56:33 20: [object Object],[object Object],[object Object],[object Object],[object Object],[object Object]
4/28/2017 17:56:43 21: LIBQUERY with Callback: 
4/28/2017 17:56:43 21: Path request:/api/user/
4/28/2017 17:56:43 21: Path header:undefined
4/28/2017 17:56:43 21: Path query:{"USER_NAME":"abe"}
4/28/2017 17:56:43 21: BEGIN PKREQUESTMANAGER.CALLQUERY(21,'CLI0000002','abe','{}', '{abe}','{}', :cursor); END;
4/28/2017 17:56:43 22: LIBQUERY with Callback: 
4/28/2017 17:56:43 22: Path request:/api/environment/
4/28/2017 17:56:43 22: Path header:undefined
4/28/2017 17:56:43 22: Path query:{"USER_NAME":"abe"}
4/28/2017 17:56:43 22: BEGIN PKREQUESTMANAGER.CALLQUERY(22,'CLI0000003','abe','{}', '{abe}','{}', :cursor); END;
4/28/2017 17:56:43 22: 1 Object(s) returned... [FETCH]
4/28/2017 17:56:43 22: [object Object]
4/28/2017 17:56:43 22: 6 Object(s) returned... [FETCH]
4/28/2017 17:56:43 22: [object Object],[object Object],[object Object],[object Object],[object Object],[object Object]
4/28/2017 17:57:31 23: LIBQUERY with Callback: 
4/28/2017 17:57:31 23: Path request:/api/search/
4/28/2017 17:57:31 23: Path header:undefined
4/28/2017 17:57:31 23: Path query:{"PARAM":["111770"]}
4/28/2017 17:57:31 23: BEGIN PKREQUESTMANAGER.CALLQUERY(23,'CLI0000001','abe','{HEINENS_CUSTOM_PROD}', '{111770}','{HN}', :cursor); END;
4/28/2017 17:57:47 23: 2 Object(s) returned... [FETCH]
4/28/2017 17:57:47 23: [object Object],[object Object]
4/28/2017 17:58:2 24: LIBQUERY with Callback: 
4/28/2017 17:58:2 24: Path request:/api/item/
4/28/2017 17:58:2 24: Path header:undefined
4/28/2017 17:58:2 24: Path query:{"PARAM":"18841"}
4/28/2017 17:58:2 24: BEGIN PKREQUESTMANAGER.CALLQUERY(24,'ART0000001','abe','{HEINENS_CUSTOM_PROD}', '{18841}','{HN}', :cursor); END;
4/28/2017 17:58:2 25: LIBQUERY with Callback: 
4/28/2017 17:58:2 25: Path request:/api/itemcost/
4/28/2017 17:58:2 25: Path header:undefined
4/28/2017 17:58:2 25: Path query:{"PARAM":"18841"}
4/28/2017 17:58:2 25: BEGIN PKREQUESTMANAGER.CALLQUERY(25,'ART0000002','abe','{HEINENS_CUSTOM_PROD}', '{18841}','{HN}', :cursor); END;
4/28/2017 17:58:2 26: LIBQUERY with Callback: 
4/28/2017 17:58:2 26: Path request:/api/itemretail/
4/28/2017 17:58:2 26: Path header:undefined
4/28/2017 17:58:2 26: Path query:{"PARAM":"18841"}
4/28/2017 17:58:2 26: BEGIN PKREQUESTMANAGER.CALLQUERY(26,'ART0000003','abe','{HEINENS_CUSTOM_PROD}', '{18841}','{HN}', :cursor); END;
4/28/2017 17:58:2 27: LIBQUERY with Callback: 
4/28/2017 17:58:2 27: Path request:/api/iteminventory/
4/28/2017 17:58:2 27: Path header:undefined
4/28/2017 17:58:2 27: Path query:{"PARAM":"18841"}
4/28/2017 17:58:2 27: BEGIN PKREQUESTMANAGER.CALLQUERY(27,'ART0000005','abe','{HEINENS_CUSTOM_PROD}', '{18841}','{HN}', :cursor); END;
4/28/2017 17:58:2 28: LIBQUERY with Callback: 
4/28/2017 17:58:2 28: Path request:/api/itemsubstitution/
4/28/2017 17:58:2 28: Path header:undefined
4/28/2017 17:58:2 28: Path query:{"PARAM":"18841"}
4/28/2017 17:58:2 28: BEGIN PKREQUESTMANAGER.CALLQUERY(28,'ART0000004','abe','{HEINENS_CUSTOM_PROD}', '{18841}','{HN}', :cursor); END;
4/28/2017 17:58:8 28: 4 Object(s) returned... [FETCH]
4/28/2017 17:58:8 28: [object Object],[object Object],[object Object],[object Object]
4/28/2017 17:58:8 28: 7 Object(s) returned... [FETCH]
4/28/2017 17:58:8 28: [object Object],[object Object],[object Object],[object Object],[object Object],[object Object],[object Object]
4/28/2017 17:58:9 28: 35 Object(s) returned... [FETCH]
4/28/2017 17:58:9 28: [object Object],[object Object],[object Object],[object Object],[object Object],[object Object],[object Object],[object Object],[object Object],[object Object],[object Object],[object Object],[object Object],[object Object],[object Object],[object Object],[object Object],[object Object],[object Object],[object Object],[object Object],[object Object],[object Object],[object Object],[object Object],[object Object],[object Object],[object Object],[object Object],[object Object],[object Object],[object Object],[object Object],[object Object],[object Object]
4/28/2017 17:58:10 28: 3 Object(s) returned... [FETCH]
4/28/2017 17:58:10 28: [object Object],[object Object],[object Object]
4/28/2017 17:58:13 28: 0 Object(s) returned... [FETCH] :)
4/28/2017 17:59:6 29: LIBQUERY with Callback: 
4/28/2017 17:59:6 29: Path request:/api/counting/2/
4/28/2017 17:59:6 29: Path header:undefined
4/28/2017 17:59:6 29: Path query:{}
4/28/2017 17:59:6 29: BEGIN PKREQUESTMANAGER.CALLQUERY(29,'CNT0000002','abe','{HEINENS_CUSTOM_PROD}', '{undefined}','{HN}', :cursor); END;
4/28/2017 17:59:9 29: 12 Object(s) returned... [FETCH]
4/28/2017 17:59:9 29: [object Object],[object Object],[object Object],[object Object],[object Object],[object Object],[object Object],[object Object],[object Object],[object Object],[object Object],[object Object]
4/28/2017 17:59:32 30: LIBQUERY with Callback: 
4/28/2017 17:59:32 30: Path request:/api/counting/3/
4/28/2017 17:59:32 30: Path header:undefined
4/28/2017 17:59:32 30: Path query:{"PARAM":["04/24/2017","20","2017042320_PICS.csv"]}
4/28/2017 17:59:32 30: BEGIN PKREQUESTMANAGER.CALLQUERY(30,'CNT0000003','abe','{HEINENS_CUSTOM_PROD}', '{04/24/2017,20,2017042320_PICS.csv}','{HN}', :cursor); END;
4/28/2017 17:59:32 31: LIBQUERY with Callback: 
4/28/2017 17:59:32 31: Path request:/api/counting/4/
4/28/2017 17:59:32 31: Path header:undefined
4/28/2017 17:59:32 31: Path query:{"PARAM":["04/24/2017","20","2017042320_PICS.csv"]}
4/28/2017 17:59:32 31: BEGIN PKREQUESTMANAGER.CALLQUERY(31,'CNT0000004','abe','{HEINENS_CUSTOM_PROD}', '{04/24/2017,20,2017042320_PICS.csv}','{HN}', :cursor); END;
4/28/2017 17:59:35 31: 2 Object(s) returned... [FETCH]
4/28/2017 17:59:35 31: [object Object],[object Object]
4/28/2017 17:59:35 32: LIBQUERY with Callback: 
4/28/2017 17:59:35 32: Path request:/api/counting/5/
4/28/2017 17:59:35 32: Path header:undefined
4/28/2017 17:59:35 32: Path query:{"PARAM":["04/24/2017","20","2017042320_PICS.csv"]}
4/28/2017 17:59:35 32: BEGIN PKREQUESTMANAGER.CALLQUERY(32,'CNT0000005','abe','{HEINENS_CUSTOM_PROD}', '{04/24/2017,20,2017042320_PICS.csv}','{HN}', :cursor); END;
4/28/2017 17:59:35 33: LIBQUERY with Callback: 
4/28/2017 17:59:35 33: Path request:/api/counting/6/
4/28/2017 17:59:35 33: Path header:undefined
4/28/2017 17:59:35 33: Path query:{"PARAM":["04/24/2017","20","2017042320_PICS.csv"]}
4/28/2017 17:59:35 33: BEGIN PKREQUESTMANAGER.CALLQUERY(33,'CNT0000006','abe','{HEINENS_CUSTOM_PROD}', '{04/24/2017,20,2017042320_PICS.csv}','{HN}', :cursor); END;
4/28/2017 17:59:35 33: 6 Object(s) returned... [FETCH]
4/28/2017 17:59:35 33: [object Object],[object Object],[object Object],[object Object],[object Object],[object Object]
4/28/2017 17:59:36 34: LIBQUERY with Callback: 
4/28/2017 17:59:36 34: Path request:/api/process/
4/28/2017 17:59:36 34: Path header:undefined
4/28/2017 17:59:36 34: Path query:{"PARAM":["04/24/2017","pssti12p","10 20"]}
4/28/2017 17:59:36 34: BEGIN PKREQUESTMANAGER.CALLQUERY(34,'BTH0000001','abe','{HEINENS_CUSTOM_PROD}', '{04/24/2017,pssti12p,10 20}','{HN}', :cursor); END;
4/28/2017 17:59:38 34: 398 Object(s) returned... [FETCH]
4/28/2017 17:59:38 34: [object Object],[object Object],[object Object],[object Object],[object Object],[object Object],[object Object],[object Object],[object Object],[object Object],[object Object],[object Object],[object Object],[object Object],[object Object],[object Object],[object Object],[object Object],[object Object],[object Object],[object Object],[object Object],[object Object],[object Object],[object Object],[object Object],[object Object],[object Object],[object Object],[object Object],[object Object],[object Object],[object Object],[object Object],[object Object],[object Object],[object Object],[object Object],[object Object],[object Object],[object Object],[object Object],[object Object],[object Object],[object Object],[object Object],[object Object],[object Object],[object Object],[object Object],[object Object],[object Object],[object Object],[object Object],[object Object],[object Object],[object Object],[object Object],[object Object],[object Object],[object Object],[object Object],[object Object],[object Object],[object Object],[object Object],[object Object],[object Object],[object Object],[object Object],[object Object],[object Object],[object Object],[object Object],[object Object],[object Object],[object Object],[object Object],[object Object],[object Object],[object Object],[object Object],[object Object],[object Object],[object Object],[object Object],[object Object],[object Object],[object Object],[object Object],[object Object],[object Object],[object Object],[object Object],[object Object],[object Object],[object Object],[object Object],[object Object],[object Object],[object Object],[object Object],[object Object],[object Object],[object Object],[object Object],[object Object],[object Object],[object Object],[object Object],[object Object],[object Object],[object Object],[object Object],[object Object],[object Object],[object Object],[object Object],[object Object],[object Object],[object Object],[object Object],[object Object],[object Object],[object Object],[object Object],[object Object],[object Object],[object Object],[object Object],[object Object],[object Object],[object Object],[object Object],[object Object],[object Object],[object Object],[object Object],[object Object],[object Object],[object Object],[object Object],[object Object],[object Object],[object Object],[object Object],[object Object],[object Object],[object Object],[object Object],[object Object],[object Object],[object Object],[object Object],[object Object],[object Object],[object Object],[object Object],[object Object],[object Object],[object Object],[object Object],[object Object],[object Object],[object Object],[object Object],[object Object],[object Object],[object Object],[object Object],[object Object],[object Object],[object Object],[object Object],[object Object],[object Object],[object Object],[object Object],[object Object],[object Object],[object Object],[object Object],[object Object],[object Object],[object Object],[object Object],[object Object],[object Object],[object Object],[object Object],[object Object],[object Object],[object Object],[object Object],[object Object],[object Object],[object Object],[object Object],[object Object],[object Object],[object Object],[object Object],[object Object],[object Object],[object Object],[object Object],[object Object],[object Object],[object Object],[object Object],[object Object],[object Object],[object Object],[object Object],[object Object],[object Object],[object Object],[object Object],[object Object],[object Object],[object Object],[object Object],[object Object],[object Object],[object Object],[object Object],[object Object],[object Object],[object Object],[object Object],[object Object],[object Object],[object Object],[object Object],[object Object],[object Object],[object Object],[object Object],[object Object],[object Object],[object Object],[object Object],[object Object],[object Object],[object Object],[object Object],[object Object],[object Object],[object Object],[object Object],[object Object],[object Object],[object Object],[object Object],[object Object],[object Object],[object Object],[object Object],[object Object],[object Object],[object Object],[object Object],[object Object],[object Object],[object Object],[object Object],[object Object],[object Object],[object Object],[object Object],[object Object],[object Object],[object Object],[object Object],[object Object],[object Object],[object Object],[object Object],[object Object],[object Object],[object Object],[object Object],[object Object],[object Object],[object Object],[object Object],[object Object],[object Object],[object Object],[object Object],[object Object],[object Object],[object Object],[object Object],[object Object],[object Object],[object Object],[object Object],[object Object],[object Object],[object Object],[object Object],[object Object],[object Object],[object Object],[object Object],[object Object],[object Object],[object Object],[object Object],[object Object],[object Object],[object Object],[object Object],[object Object],[object Object],[object Object],[object Object],[object Object],[object Object],[object Object],[object Object],[object Object],[object Object],[object Object],[object Object],[object Object],[object Object],[object Object],[object Object],[object Object],[object Object],[object Object],[object Object],[object Object],[object Object],[object Object],[object Object],[object Object],[object Object],[object Object],[object Object],[object Object],[object Object],[object Object],[object Object],[object Object],[object Object],[object Object],[object Object],[object Object],[object Object],[object Object],[object Object],[object Object],[object Object],[object Object],[object Object],[object Object],[object Object],[object Object],[object Object],[object Object],[object Object],[object Object],[object Object],[object Object],[object Object],[object Object],[object Object],[object Object],[object Object],[object Object],[object Object],[object Object],[object Object],[object Object],[object Object],[object Object],[object Object],[object Object],[object Object],[object Object],[object Object],[object Object],[object Object],[object Object],[object Object],[object Object],[object Object],[object Object],[object Object],[object Object],[object Object],[object Object],[object Object],[object Object],[object Object]
4/28/2017 17:59:48 34: 2 Object(s) returned... [FETCH]
4/28/2017 17:59:48 34: [object Object],[object Object]
4/28/2017 17:59:54 34: 86 Object(s) returned... [FETCH]
4/28/2017 17:59:54 34: [object Object],[object Object],[object Object],[object Object],[object Object],[object Object],[object Object],[object Object],[object Object],[object Object],[object Object],[object Object],[object Object],[object Object],[object Object],[object Object],[object Object],[object Object],[object Object],[object Object],[object Object],[object Object],[object Object],[object Object],[object Object],[object Object],[object Object],[object Object],[object Object],[object Object],[object Object],[object Object],[object Object],[object Object],[object Object],[object Object],[object Object],[object Object],[object Object],[object Object],[object Object],[object Object],[object Object],[object Object],[object Object],[object Object],[object Object],[object Object],[object Object],[object Object],[object Object],[object Object],[object Object],[object Object],[object Object],[object Object],[object Object],[object Object],[object Object],[object Object],[object Object],[object Object],[object Object],[object Object],[object Object],[object Object],[object Object],[object Object],[object Object],[object Object],[object Object],[object Object],[object Object],[object Object],[object Object],[object Object],[object Object],[object Object],[object Object],[object Object],[object Object],[object Object],[object Object],[object Object],[object Object],[object Object]
4/28/2017 18:0:21 35: LIBQUERY with Callback: 
4/28/2017 18:0:21 35: Path request:/api/counting/3/
4/28/2017 18:0:21 35: Path header:undefined
4/28/2017 18:0:21 35: Path query:{"PARAM":["04/24/2017","20","2017042320_PICS.csv"]}
4/28/2017 18:0:21 35: BEGIN PKREQUESTMANAGER.CALLQUERY(35,'CNT0000003','abe','{HEINENS_CEN_UAT}', '{04/24/2017,20,2017042320_PICS.csv}','{HN}', :cursor); END;
4/28/2017 18:0:21 36: LIBQUERY with Callback: 
4/28/2017 18:0:21 36: Path request:/api/counting/4/
4/28/2017 18:0:21 36: Path header:undefined
4/28/2017 18:0:21 36: Path query:{"PARAM":["04/24/2017","20","2017042320_PICS.csv"]}
4/28/2017 18:0:21 36: BEGIN PKREQUESTMANAGER.CALLQUERY(36,'CNT0000004','abe','{HEINENS_CEN_UAT}', '{04/24/2017,20,2017042320_PICS.csv}','{HN}', :cursor); END;
4/28/2017 18:0:24 36: 0 Object(s) returned... [FETCH] :)
4/28/2017 18:0:24 36: 0 Object(s) returned... [FETCH] :)
4/28/2017 18:0:24 37: LIBQUERY with Callback: 
4/28/2017 18:0:24 37: Path request:/api/process/
4/28/2017 18:0:24 37: Path header:undefined
4/28/2017 18:0:24 37: Path query:{"PARAM":["04/24/2017","pssti12p","10 20"]}
4/28/2017 18:0:24 37: BEGIN PKREQUESTMANAGER.CALLQUERY(37,'BTH0000001','abe','{HEINENS_CEN_UAT}', '{04/24/2017,pssti12p,10 20}','{HN}', :cursor); END;
4/28/2017 18:0:24 38: LIBQUERY with Callback: 
4/28/2017 18:0:24 38: Path request:/api/counting/5/
4/28/2017 18:0:24 38: Path header:undefined
4/28/2017 18:0:24 38: Path query:{"PARAM":["04/24/2017","20","2017042320_PICS.csv"]}
4/28/2017 18:0:24 38: BEGIN PKREQUESTMANAGER.CALLQUERY(38,'CNT0000005','abe','{HEINENS_CEN_UAT}', '{04/24/2017,20,2017042320_PICS.csv}','{HN}', :cursor); END;
4/28/2017 18:0:24 39: LIBQUERY with Callback: 
4/28/2017 18:0:24 39: Path request:/api/counting/6/
4/28/2017 18:0:24 39: Path header:undefined
4/28/2017 18:0:24 39: Path query:{"PARAM":["04/24/2017","20","2017042320_PICS.csv"]}
4/28/2017 18:0:24 39: BEGIN PKREQUESTMANAGER.CALLQUERY(39,'CNT0000006','abe','{HEINENS_CEN_UAT}', '{04/24/2017,20,2017042320_PICS.csv}','{HN}', :cursor); END;
4/28/2017 18:0:26 39: 0 Object(s) returned... [FETCH] :)
4/28/2017 18:0:27 40: LIBQUERY with Callback: 
4/28/2017 18:0:27 40: Path request:/api/counting/2/
4/28/2017 18:0:27 40: Path header:undefined
4/28/2017 18:0:27 40: Path query:{}
4/28/2017 18:0:27 40: BEGIN PKREQUESTMANAGER.CALLQUERY(40,'CNT0000002','abe','{HEINENS_CEN_UAT}', '{undefined}','{HN}', :cursor); END;
4/28/2017 18:0:30 40: 21 Object(s) returned... [FETCH]
4/28/2017 18:0:30 40: [object Object],[object Object],[object Object],[object Object],[object Object],[object Object],[object Object],[object Object],[object Object],[object Object],[object Object],[object Object],[object Object],[object Object],[object Object],[object Object],[object Object],[object Object],[object Object],[object Object],[object Object]
4/28/2017 18:0:36 41: LIBQUERY with Callback: 
4/28/2017 18:0:36 41: Path request:/api/counting/3/
4/28/2017 18:0:36 41: Path header:undefined
4/28/2017 18:0:36 41: Path query:{"PARAM":["04/27/2017","14","picsoct2016.csv"]}
4/28/2017 18:0:36 41: BEGIN PKREQUESTMANAGER.CALLQUERY(41,'CNT0000003','abe','{HEINENS_CEN_UAT}', '{04/27/2017,14,picsoct2016.csv}','{HN}', :cursor); END;
4/28/2017 18:0:36 42: LIBQUERY with Callback: 
4/28/2017 18:0:36 42: Path request:/api/counting/4/
4/28/2017 18:0:36 42: Path header:undefined
4/28/2017 18:0:36 42: Path query:{"PARAM":["04/27/2017","14","picsoct2016.csv"]}
4/28/2017 18:0:36 42: BEGIN PKREQUESTMANAGER.CALLQUERY(42,'CNT0000004','abe','{HEINENS_CEN_UAT}', '{04/27/2017,14,picsoct2016.csv}','{HN}', :cursor); END;
4/28/2017 18:0:36 40: 0 Object(s) returned... [FETCH] :)
4/28/2017 18:0:39 42: 2 Object(s) returned... [FETCH]
4/28/2017 18:0:39 42: [object Object],[object Object]
4/28/2017 18:0:39 43: LIBQUERY with Callback: 
4/28/2017 18:0:39 43: Path request:/api/process/
4/28/2017 18:0:39 43: Path header:undefined
4/28/2017 18:0:39 43: Path query:{"PARAM":["04/27/2017","pssti12p","10 14"]}
4/28/2017 18:0:39 43: BEGIN PKREQUESTMANAGER.CALLQUERY(43,'BTH0000001','abe','{HEINENS_CEN_UAT}', '{04/27/2017,pssti12p,10 14}','{HN}', :cursor); END;
4/28/2017 18:0:39 44: LIBQUERY with Callback: 
4/28/2017 18:0:39 44: Path request:/api/counting/5/
4/28/2017 18:0:39 44: Path header:undefined
4/28/2017 18:0:39 44: Path query:{"PARAM":["04/27/2017","14","picsoct2016.csv"]}
4/28/2017 18:0:39 44: BEGIN PKREQUESTMANAGER.CALLQUERY(44,'CNT0000005','abe','{HEINENS_CEN_UAT}', '{04/27/2017,14,picsoct2016.csv}','{HN}', :cursor); END;
4/28/2017 18:0:39 45: LIBQUERY with Callback: 
4/28/2017 18:0:39 45: Path request:/api/counting/6/
4/28/2017 18:0:39 45: Path header:undefined
4/28/2017 18:0:39 45: Path query:{"PARAM":["04/27/2017","14","picsoct2016.csv"]}
4/28/2017 18:0:39 45: BEGIN PKREQUESTMANAGER.CALLQUERY(45,'CNT0000006','abe','{HEINENS_CEN_UAT}', '{04/27/2017,14,picsoct2016.csv}','{HN}', :cursor); END;
4/28/2017 18:0:39 42: 6 Object(s) returned... [FETCH]
4/28/2017 18:0:39 42: [object Object],[object Object],[object Object],[object Object],[object Object],[object Object]
4/28/2017 18:0:47 45: 0 Object(s) returned... [FETCH] :)
4/28/2017 18:0:48 45: 1713 Object(s) returned... [FETCH]
4/28/2017 18:0:48 45: [object Object],[object Object],[object Object],[object Object],[object Object],[object Object],[object Object],[object Object],[object Object],[object Object],[object Object],[object Object],[object Object],[object Object],[object Object],[object Object],[object Object],[object Object],[object Object],[object Object],[object Object],[object Object],[object Object],[object Object],[object Object],[object Object],[object Object],[object Object],[object Object],[object Object],[object Object],[object Object],[object Object],[object Object],[object Object],[object Object],[object Object],[object Object],[object Object],[object Object],[object Object],[object Object],[object Object],[object Object],[object Object],[object Object],[object Object],[object Object],[object Object],[object Object],[object Object],[object Object],[object Object],[object Object],[object Object],[object Object],[object Object],[object Object],[object Object],[object Object],[object Object],[object Object],[object Object],[object Object],[object Object],[object Object],[object Object],[object Object],[object Object],[object Object],[object Object],[object Object],[object Object],[object Object],[object Object],[object Object],[object Object],[object Object],[object Object],[object Object],[object Object],[object Object],[object Object],[object Object],[object Object],[object Object],[object Object],[object Object],[object Object],[object Object],[object Object],[object Object],[object Object],[object Object],[object Object],[object Object],[object Object],[object Object],[object Object],[object Object],[object Object],[object Object],[object Object],[object Object],[object Object],[object Object],[object Object],[object Object],[object Object],[object Object],[object Object],[object Object],[object Object],[object Object],[object Object],[object Object],[object Object],[object Object],[object Object],[object Object],[object Object],[object Object],[object Object],[object Object],[object Object],[object Object],[object Object],[object Object],[object Object],[object Object],[object Object],[object Object],[object Object],[object Object],[object Object],[object Object],[object Object],[object Object],[object Object],[object Object],[object Object],[object Object],[object Object],[object Object],[object Object],[object Object],[object Object],[object Object],[object Object],[object Object],[object Object],[object Object],[object Object],[object Object],[object Object],[object Object],[object Object],[object Object],[object Object],[object Object],[object Object],[object Object],[object Object],[object Object],[object Object],[object Object],[object Object],[object Object],[object Object],[object Object],[object Object],[object Object],[object Object],[object Object],[object Object],[object Object],[object Object],[object Object],[object Object],[object Object],[object Object],[object Object],[object Object],[object Object],[object Object],[object Object],[object Object],[object Object],[object Object],[object Object],[object Object],[object Object],[object Object],[object Object],[object Object],[object Object],[object Object],[object Object],[object Object],[object Object],[object Object],[object Object],[object Object],[object Object],[object Object],[object Object],[object Object],[object Object],[object Object],[object Object],[object Object],[object Object],[object Object],[object Object],[object Object],[object Object],[object Object],[object Object],[object Object],[object Object],[object Object],[object Object],[object Object],[object Object],[object Object],[object Object],[object Object],[object Object],[object Object],[object Object],[object Object],[object Object],[object Object],[object Object],[object Object],[object Object],[object Object],[object Object],[object Object],[object Object],[object Object],[object Object],[object Object],[object Object],[object Object],[object Object],[object Object],[object Object],[object Object],[object Object],[object Object],[object Object],[object Object],[object Object],[object Object],[object Object],[object Object],[object Object],[object Object],[object Object],[object Object],[object Object],[object Object],[object Object],[object Object],[object Object],[object Object],[object Object],[object Object],[object Object],[object Object],[object Object],[object Object],[object Object],[object Object],[object Object],[object Object],[object Object],[object Object],[object Object],[object Object],[object Object],[object Object],[object Object],[object Object],[object Object],[object Object],[object Object],[object Object],[object Object],[object Object],[object Object],[object Object],[object Object],[object Object],[object Object],[object Object],[object Object],[object Object],[object Object],[object Object],[object Object],[object Object],[object Object],[object Object],[object Object],[object Object],[object Object],[object Object],[object Object],[object Object],[object Object],[object Object],[object Object],[object Object],[object Object],[object Object],[object Object],[object Object],[object Object],[object Object],[object Object],[object Object],[object Object],[object Object],[object Object],[object Object],[object Object],[object Object],[object Object],[object Object],[object Object],[object Object],[object Object],[object Object],[object Object],[object Object],[object Object],[object Object],[object Object],[object Object],[object Object],[object Object],[object Object],[object Object],[object Object],[object Object],[object Object],[object Object],[object Object],[object Object],[object Object],[object Object],[object Object],[object Object],[object Object],[object Object],[object Object],[object Object],[object Object],[object Object],[object Object],[object Object],[object Object],[object Object],[object Object],[object Object],[object Object],[object Object],[object Object],[object Object],[object Object],[object Object],[object Object],[object Object],[object Object],[object Object],[object Object],[object Object],[object Object],[object Object],[object Object],[object Object],[object Object],[object Object],[object Object],[object Object],[object Object],[object Object],[object Object],[object Object],[object Object],[object Object],[object Object],[object Object],[object Object],[object Object],[object Object],[object Object],[object Object],[object Object],[object Object],[object Object],[object Object],[object Object],[object Object],[object Object],[object Object],[object Object],[object Object],[object Object],[object Object],[object Object],[object Object],[object Object],[object Object],[object Object],[object Object],[object Object],[object Object],[object Object],[object Object],[object Object],[object Object],[object Object],[object Object],[object Object],[object Object],[object Object],[object Object],[object Object],[object Object],[object Object],[object Object],[object Object],[object Object],[object Object],[object Object],[object Object],[object Object],[object Object],[object Object],[object Object],[object Object],[object Object],[object Object],[object Object],[object Object],[object Object],[object Object],[object Object],[object Object],[object Object],[object Object],[object Object],[object Object],[object Object],[object Object],[object Object],[object Object],[object Object],[object Object],[object Object],[object Object],[object Object],[object Object],[object Object],[object Object],[object Object],[object Object],[object Object],[object Object],[object Object],[object Object],[object Object],[object Object],[object Object],[object Object],[object Object],[object Object],[object Object],[object Object],[object Object],[object Object],[object Object],[object Object],[object Object],[object Object],[object Object],[object Object],[object Object],[object Object],[object Object],[object Object],[object Object],[object Object],[object Object],[object Object],[object Object],[object Object],[object Object],[object Object],[object Object],[object Object],[object Object],[object Object],[object Object],[object Object],[object Object],[object Object],[object Object],[object Object],[object Object],[object Object],[object Object],[object Object],[object Object],[object Object],[object Object],[object Object],[object Object],[object Object],[object Object],[object Object],[object Object],[object Object],[object Object],[object Object],[object Object],[object Object],[object Object],[object Object],[object Object],[object Object],[object Object],[object Object],[object Object],[object Object],[object Object],[object Object],[object Object],[object Object],[object Object],[object Object],[object Object],[object Object],[object Object],[object Object],[object Object],[object Object],[object Object],[object Object],[object Object],[object Object],[object Object],[object Object],[object Object],[object Object],[object Object],[object Object],[object Object],[object Object],[object Object],[object Object],[object Object],[object Object],[object Object],[object Object],[object Object],[object Object],[object Object],[object Object],[object Object],[object Object],[object Object],[object Object],[object Object],[object Object],[object Object],[object Object],[object Object],[object Object],[object Object],[object Object],[object Object],[object Object],[object Object],[object Object],[object Object],[object Object],[object Object],[object Object],[object Object],[object Object],[object Object],[object Object],[object Object],[object Object],[object Object],[object Object],[object Object],[object Object],[object Object],[object Object],[object Object],[object Object],[object Object],[object Object],[object Object],[object Object],[object Object],[object Object],[object Object],[object Object],[object Object],[object Object],[object Object],[object Object],[object Object],[object Object],[object Object],[object Object],[object Object],[object Object],[object Object],[object Object],[object Object],[object Object],[object Object],[object Object],[object Object],[object Object],[object Object],[object Object],[object Object],[object Object],[object Object],[object Object],[object Object],[object Object],[object Object],[object Object],[object Object],[object Object],[object Object],[object Object],[object Object],[object Object],[object Object],[object Object],[object Object],[object Object],[object Object],[object Object],[object Object],[object Object],[object Object],[object Object],[object Object],[object Object],[object Object],[object Object],[object Object],[object Object],[object Object],[object Object],[object Object],[object Object],[object Object],[object Object],[object Object],[object Object],[object Object],[object Object],[object Object],[object Object],[object Object],[object Object],[object Object],[object Object],[object Object],[object Object],[object Object],[object Object],[object Object],[object Object],[object Object],[object Object],[object Object],[object Object],[object Object],[object Object],[object Object],[object Object],[object Object],[object Object],[object Object],[object Object],[object Object],[object Object],[object Object],[object Object],[object Object],[object Object],[object Object],[object Object],[object Object],[object Object],[object Object],[object Object],[object Object],[object Object],[object Object],[object Object],[object Object],[object Object],[object Object],[object Object],[object Object],[object Object],[object Object],[object Object],[object Object],[object Object],[object Object],[object Object],[object Object],[object Object],[object Object],[object Object],[object Object],[object Object],[object Object],[object Object],[object Object],[object Object],[object Object],[object Object],[object Object],[object Object],[object Object],[object Object],[object Object],[object Object],[object Object],[object Object],[object Object],[object Object],[object Object],[object Object],[object Object],[object Object],[object Object],[object Object],[object Object],[object Object],[object Object],[object Object],[object Object],[object Object],[object Object],[object Object],[object Object],[object Object],[object Object],[object Object],[object Object],[object Object],[object Object],[object Object],[object Object],[object Object],[object Object],[object Object],[object Object],[object Object],[object Object],[object Object],[object Object],[object Object],[object Object],[object Object],[object Object],[object Object],[object Object],[object Object],[object Object],[object Object],[object Object],[object Object],[object Object],[object Object],[object Object],[object Object],[object Object],[object Object],[object Object],[object Object],[object Object],[object Object],[object Object],[object Object],[object Object],[object Object],[object Object],[object Object],[object Object],[object Object],[object Object],[object Object],[object Object],[object Object],[object Object],[object Object],[object Object],[object Object],[object Object],[object Object],[object Object],[object Object],[object Object],[object Object],[object Object],[object Object],[object Object],[object Object],[object Object],[object Object],[object Object],[object Object],[object Object],[object Object],[object Object],[object Object],[object Object],[object Object],[object Object],[object Object],[object Object],[object Object],[object Object],[object Object],[object Object],[object Object],[object Object],[object Object],[object Object],[object Object],[object Object],[object Object],[object Object],[object Object],[object Object],[object Object],[object Object],[object Object],[object Object],[object Object],[object Object],[object Object],[object Object],[object Object],[object Object],[object Object],[object Object],[object Object],[object Object],[object Object],[object Object],[object Object],[object Object],[object Object],[object Object],[object Object],[object Object],[object Object],[object Object],[object Object],[object Object],[object Object],[object Object],[object Object],[object Object],[object Object],[object Object],[object Object],[object Object],[object Object],[object Object],[object Object],[object Object],[object Object],[object Object],[object Object],[object Object],[object Object],[object Object],[object Object],[object Object],[object Object],[object Object],[object Object],[object Object],[object Object],[object Object],[object Object],[object Object],[object Object],[object Object],[object Object],[object Object],[object Object],[object Object],[object Object],[object Object],[object Object],[object Object],[object Object],[object Object],[object Object],[object Object],[object Object],[object Object],[object Object],[object Object],[object Object],[object Object],[object Object],[object Object],[object Object],[object Object],[object Object],[object Object],[object Object],[object Object],[object Object],[object Object],[object Object],[object Object],[object Object],[object Object],[object Object],[object Object],[object Object],[object Object],[object Object],[object Object],[object Object],[object Object],[object Object],[object Object],[object Object],[object Object],[object Object],[object Object],[object Object],[object Object],[object Object],[object Object],[object Object],[object Object],[object Object],[object Object],[object Object],[object Object],[object Object],[object Object],[object Object],[object Object],[object Object],[object Object],[object Object],[object Object],[object Object],[object Object],[object Object],[object Object],[object Object],[object Object],[object Object],[object Object],[object Object],[object Object],[object Object],[object Object],[object Object],[object Object],[object Object],[object Object],[object Object],[object Object],[object Object],[object Object],[object Object],[object Object],[object Object],[object Object],[object Object],[object Object],[object Object],[object Object],[object Object],[object Object],[object Object],[object Object],[object Object],[object Object],[object Object],[object Object],[object Object],[object Object],[object Object],[object Object],[object Object],[object Object],[object Object],[object Object],[object Object],[object Object],[object Object],[object Object],[object Object],[object Object],[object Object],[object Object],[object Object],[object Object],[object Object],[object Object],[object Object],[object Object],[object Object],[object Object],[object Object],[object Object],[object Object],[object Object],[object Object],[object Object],[object Object],[object Object],[object Object],[object Object],[object Object],[object Object],[object Object],[object Object],[object Object],[object Object],[object Object],[object Object],[object Object],[object Object],[object Object],[object Object],[object Object],[object Object],[object Object],[object Object],[object Object],[object Object],[object Object],[object Object],[object Object],[object Object],[object Object],[object Object],[object Object],[object Object],[object Object],[object Object],[object Object],[object Object],[object Object],[object Object],[object Object],[object Object],[object Object],[object Object],[object Object],[object Object],[object Object],[object Object],[object Object],[object Object],[object Object],[object Object],[object Object],[object Object],[object Object],[object Object],[object Object],[object Object],[object Object],[object Object],[object Object],[object Object],[object Object],[object Object],[object Object],[object Object],[object Object],[object Object],[object Object],[object Object],[object Object],[object Object],[object Object],[object Object],[object Object],[object Object],[object Object],[object Object],[object Object],[object Object],[object Object],[object Object],[object Object],[object Object],[object Object],[object Object],[object Object],[object Object],[object Object],[object Object],[object Object],[object Object],[object Object],[object Object],[object Object],[object Object],[object Object],[object Object],[object Object],[object Object],[object Object],[object Object],[object Object],[object Object],[object Object],[object Object],[object Object],[object Object],[object Object],[object Object],[object Object],[object Object],[object Object],[object Object],[object Object],[object Object],[object Object],[object Object],[object Object],[object Object],[object Object],[object Object],[object Object],[object Object],[object Object],[object Object],[object Object],[object Object],[object Object],[object Object],[object Object],[object Object],[object Object],[object Object],[object Object],[object Object],[object Object],[object Object],[object Object],[object Object],[object Object],[object Object],[object Object],[object Object],[object Object],[object Object],[object Object],[object Object],[object Object],[object Object],[object Object],[object Object],[object Object],[object Object],[object Object],[object Object],[object Object],[object Object],[object Object],[object Object],[object Object],[object Object],[object Object],[object Object],[object Object],[object Object],[object Object],[object Object],[object Object],[object Object],[object Object],[object Object],[object Object],[object Object],[object Object],[object Object],[object Object],[object Object],[object Object],[object Object],[object Object],[object Object],[object Object],[object Object],[object Object],[object Object],[object Object],[object Object],[object Object],[object Object],[object Object],[object Object],[object Object],[object Object],[object Object],[object Object],[object Object],[object Object],[object Object],[object Object],[object Object],[object Object],[object Object],[object Object],[object Object],[object Object],[object Object],[object Object],[object Object],[object Object],[object Object],[object Object],[object Object],[object Object],[object Object],[object Object],[object Object],[object Object],[object Object],[object Object],[object Object],[object Object],[object Object],[object Object],[object Object],[object Object],[object Object],[object Object],[object Object],[object Object],[object Object],[object Object],[object Object],[object Object],[object Object],[object Object],[object Object],[object Object],[object Object],[object Object],[object Object],[object Object],[object Object],[object Object],[object Object],[object Object],[object Object],[object Object],[object Object],[object Object],[object Object],[object Object],[object Object],[object Object],[object Object],[object Object],[object Object],[object Object],[object Object],[object Object],[object Object],[object Object],[object Object],[object Object],[object Object],[object Object],[object Object],[object Object],[object Object],[object Object],[object Object],[object Object],[object Object],[object Object],[object Object],[object Object],[object Object],[object Object],[object Object],[object Object],[object Object],[object Object],[object Object],[object Object],[object Object],[object Object],[object Object],[object Object],[object Object],[object Object],[object Object],[object Object],[object Object],[object Object],[object Object],[object Object],[object Object],[object Object],[object Object],[object Object],[object Object],[object Object],[object Object],[object Object],[object Object],[object Object],[object Object],[object Object],[object Object],[object Object],[object Object],[object Object],[object Object],[object Object],[object Object],[object Object],[object Object],[object Object],[object Object],[object Object],[object Object],[object Object],[object Object],[object Object],[object Object],[object Object],[object Object],[object Object],[object Object],[object Object],[object Object],[object Object],[object Object],[object Object],[object Object],[object Object],[object Object],[object Object],[object Object],[object Object],[object Object],[object Object],[object Object],[object Object],[object Object],[object Object],[object Object],[object Object],[object Object],[object Object],[object Object],[object Object],[object Object],[object Object],[object Object],[object Object],[object Object],[object Object],[object Object],[object Object],[object Object],[object Object],[object Object],[object Object],[object Object],[object Object],[object Object],[object Object],[object Object],[object Object],[object Object],[object Object],[object Object],[object Object],[object Object],[object Object],[object Object],[object Object],[object Object],[object Object],[object Object],[object Object],[object Object],[object Object],[object Object],[object Object],[object Object],[object Object],[object Object],[object Object],[object Object],[object Object],[object Object],[object Object],[object Object],[object Object],[object Object],[object Object],[object Object],[object Object],[object Object],[object Object],[object Object],[object Object],[object Object],[object Object],[object Object],[object Object],[object Object],[object Object],[object Object],[object Object],[object Object],[object Object],[object Object],[object Object],[object Object],[object Object],[object Object],[object Object],[object Object],[object Object],[object Object],[object Object],[object Object],[object Object],[object Object],[object Object],[object Object],[object Object],[object Object],[object Object],[object Object],[object Object],[object Object],[object Object],[object Object],[object Object],[object Object],[object Object],[object Object],[object Object],[object Object],[object Object],[object Object],[object Object],[object Object],[object Object],[object Object],[object Object],[object Object],[object Object],[object Object],[object Object],[object Object],[object Object],[object Object],[object Object],[object Object],[object Object],[object Object],[object Object],[object Object],[object Object],[object Object],[object Object],[object Object],[object Object],[object Object],[object Object],[object Object],[object Object],[object Object],[object Object],[object Object],[object Object],[object Object],[object Object],[object Object],[object Object],[object Object],[object Object],[object Object],[object Object],[object Object],[object Object],[object Object],[object Object],[object Object],[object Object],[object Object],[object Object],[object Object],[object Object],[object Object],[object Object],[object Object],[object Object],[object Object],[object Object],[object Object],[object Object],[object Object],[object Object],[object Object],[object Object],[object Object],[object Object],[object Object],[object Object],[object Object],[object Object],[object Object],[object Object],[object Object],[object Object],[object Object],[object Object],[object Object],[object Object],[object Object],[object Object],[object Object],[object Object],[object Object],[object Object],[object Object],[object Object],[object Object],[object Object],[object Object],[object Object],[object Object],[object Object],[object Object],[object Object],[object Object],[object Object],[object Object],[object Object],[object Object],[object Object],[object Object],[object Object],[object Object],[object Object],[object Object],[object Object],[object Object],[object Object],[object Object],[object Object],[object Object],[object Object],[object Object],[object Object],[object Object],[object Object],[object Object],[object Object],[object Object],[object Object],[object Object],[object Object],[object Object],[object Object],[object Object],[object Object],[object Object],[object Object],[object Object],[object Object],[object Object],[object Object],[object Object],[object Object],[object Object],[object Object],[object Object],[object Object],[object Object],[object Object],[object Object],[object Object],[object Object],[object Object],[object Object],[object Object],[object Object],[object Object],[object Object],[object Object],[object Object],[object Object],[object Object],[object Object],[object Object],[object Object],[object Object],[object Object],[object Object],[object Object],[object Object],[object Object],[object Object],[object Object],[object Object],[object Object],[object Object],[object Object],[object Object],[object Object],[object Object],[object Object],[object Object],[object Object],[object Object],[object Object],[object Object],[object Object],[object Object],[object Object],[object Object],[object Object],[object Object],[object Object],[object Object],[object Object],[object Object],[object Object],[object Object],[object Object],[object Object],[object Object],[object Object],[object Object],[object Object],[object Object],[object Object],[object Object],[object Object],[object Object],[object Object],[object Object],[object Object],[object Object],[object Object],[object Object],[object Object],[object Object],[object Object],[object Object],[object Object],[object Object],[object Object],[object Object],[object Object],[object Object],[object Object],[object Object],[object Object],[object Object],[object Object],[object Object],[object Object],[object Object],[object Object],[object Object],[object Object],[object Object],[object Object],[object Object],[object Object],[object Object],[object Object],[object Object],[object Object],[object Object]
4/28/2017 18:0:50 45: 0 Object(s) returned... [FETCH] :)
4/28/2017 18:1:11 40: 0 Object(s) returned... [FETCH] :)
4/28/2017 18:28:50 49: LIBQUERY with Callback: 
4/28/2017 18:28:50 49: Path request:/api/authentification/
4/28/2017 18:28:50 49: Path header:undefined
4/28/2017 18:28:50 49: Path query:{}
4/28/2017 18:28:50 49: BEGIN PKREQUESTMANAGER.CALLQUERY(49,'ADM0000001','abe','{}', '{abe,abe}','{}', :cursor); END;
4/28/2017 18:28:50 49: 1 Object(s) returned... [FETCH]
4/28/2017 18:28:50 49: [object Object]
4/28/2017 18:28:51 50: LIBQUERY with Callback: 
4/28/2017 18:28:51 50: Path request:/api/user/
4/28/2017 18:28:51 50: Path header:undefined
4/28/2017 18:28:51 50: Path query:{"USER_NAME":"abe"}
4/28/2017 18:28:51 50: BEGIN PKREQUESTMANAGER.CALLQUERY(50,'CLI0000002','abe','{}', '{abe}','{}', :cursor); END;
4/28/2017 18:28:51 51: LIBQUERY with Callback: 
4/28/2017 18:28:51 51: Path request:/api/environment/
4/28/2017 18:28:51 51: Path header:undefined
4/28/2017 18:28:51 51: Path query:{"USER_NAME":"abe"}
4/28/2017 18:28:51 51: BEGIN PKREQUESTMANAGER.CALLQUERY(51,'CLI0000003','abe','{}', '{abe}','{}', :cursor); END;
4/28/2017 18:28:51 51: 1 Object(s) returned... [FETCH]
4/28/2017 18:28:51 51: [object Object]
4/28/2017 18:28:51 51: 6 Object(s) returned... [FETCH]
4/28/2017 18:28:51 51: [object Object],[object Object],[object Object],[object Object],[object Object],[object Object]
4/28/2017 18:36:15 52: LIBQUERY with Callback: 
4/28/2017 18:36:15 52: Path request:/api/user/
4/28/2017 18:36:15 52: Path header:undefined
4/28/2017 18:36:15 52: Path query:{"USER_NAME":"abe"}
4/28/2017 18:36:15 52: BEGIN PKREQUESTMANAGER.CALLQUERY(52,'CLI0000002','abe','{}', '{abe}','{}', :cursor); END;
4/28/2017 18:36:15 53: LIBQUERY with Callback: 
4/28/2017 18:36:15 53: Path request:/api/environment/
4/28/2017 18:36:15 53: Path header:undefined
4/28/2017 18:36:15 53: Path query:{"USER_NAME":"abe"}
4/28/2017 18:36:15 53: BEGIN PKREQUESTMANAGER.CALLQUERY(53,'CLI0000003','abe','{}', '{abe}','{}', :cursor); END;
4/28/2017 18:36:15 53: 1 Object(s) returned... [FETCH]
4/28/2017 18:36:15 53: [object Object]
4/28/2017 18:36:15 53: 6 Object(s) returned... [FETCH]
4/28/2017 18:36:15 53: [object Object],[object Object],[object Object],[object Object],[object Object],[object Object]
4/28/2017 18:37:1 54: LIBQUERY with Callback: 
4/28/2017 18:37:1 54: Path request:/api/authentification/
4/28/2017 18:37:1 54: Path header:undefined
4/28/2017 18:37:1 54: Path query:{}
4/28/2017 18:37:1 54: BEGIN PKREQUESTMANAGER.CALLQUERY(54,'ADM0000001','abe','{}', '{abe,abe}','{}', :cursor); END;
4/28/2017 18:37:1 55: LIBQUERY with Callback: 
4/28/2017 18:37:1 55: Path request:/api/authentification/
4/28/2017 18:37:1 55: Path header:undefined
4/28/2017 18:37:1 55: Path query:{}
4/28/2017 18:37:1 55: BEGIN PKREQUESTMANAGER.CALLQUERY(55,'ADM0000001','abe','{}', '{abe,abe}','{}', :cursor); END;
4/28/2017 18:37:1 55: 1 Object(s) returned... [FETCH]
4/28/2017 18:37:1 55: [object Object]
4/28/2017 18:37:1 55: 1 Object(s) returned... [FETCH]
4/28/2017 18:37:1 55: [object Object]
4/28/2017 18:37:1 56: LIBQUERY with Callback: 
4/28/2017 18:37:1 56: Path request:/api/user/
4/28/2017 18:37:1 56: Path header:undefined
4/28/2017 18:37:1 56: Path query:{"USER_NAME":"abe"}
4/28/2017 18:37:1 56: BEGIN PKREQUESTMANAGER.CALLQUERY(56,'CLI0000002','abe','{}', '{abe}','{}', :cursor); END;
4/28/2017 18:37:1 57: LIBQUERY with Callback: 
4/28/2017 18:37:1 57: Path request:/api/environment/
4/28/2017 18:37:1 57: Path header:undefined
4/28/2017 18:37:1 57: Path query:{"USER_NAME":"abe"}
4/28/2017 18:37:1 57: BEGIN PKREQUESTMANAGER.CALLQUERY(57,'CLI0000003','abe','{}', '{abe}','{}', :cursor); END;
4/28/2017 18:37:1 57: 1 Object(s) returned... [FETCH]
4/28/2017 18:37:1 57: [object Object]
4/28/2017 18:37:1 57: 6 Object(s) returned... [FETCH]
4/28/2017 18:37:1 57: [object Object],[object Object],[object Object],[object Object],[object Object],[object Object]
4/28/2017 19:2:2 58: LIBQUERY with Callback: 
4/28/2017 19:2:2 58: Path request:/api/user/
4/28/2017 19:2:2 58: Path header:undefined
4/28/2017 19:2:2 58: Path query:{"USER_NAME":"abe"}
4/28/2017 19:2:2 58: BEGIN PKREQUESTMANAGER.CALLQUERY(58,'CLI0000002','abe','{}', '{abe}','{}', :cursor); END;
4/28/2017 19:2:2 59: LIBQUERY with Callback: 
4/28/2017 19:2:2 59: Path request:/api/environment/
4/28/2017 19:2:2 59: Path header:undefined
4/28/2017 19:2:2 59: Path query:{"USER_NAME":"abe"}
4/28/2017 19:2:2 59: BEGIN PKREQUESTMANAGER.CALLQUERY(59,'CLI0000003','abe','{}', '{abe}','{}', :cursor); END;
4/28/2017 19:2:2 59: 6 Object(s) returned... [FETCH]
4/28/2017 19:2:2 59: [object Object],[object Object],[object Object],[object Object],[object Object],[object Object]
4/28/2017 19:2:5 59: 1 Object(s) returned... [FETCH]
4/28/2017 19:2:5 59: [object Object]
4/28/2017 19:2:35 60: LIBQUERY with Callback: 
4/28/2017 19:2:35 60: Path request:/api/user/
4/28/2017 19:2:35 60: Path header:undefined
4/28/2017 19:2:35 60: Path query:{"USER_NAME":"abe"}
4/28/2017 19:2:35 60: BEGIN PKREQUESTMANAGER.CALLQUERY(60,'CLI0000002','abe','{}', '{abe}','{}', :cursor); END;
4/28/2017 19:2:35 61: LIBQUERY with Callback: 
4/28/2017 19:2:35 61: Path request:/api/environment/
4/28/2017 19:2:35 61: Path header:undefined
4/28/2017 19:2:35 61: Path query:{"USER_NAME":"abe"}
4/28/2017 19:2:35 61: BEGIN PKREQUESTMANAGER.CALLQUERY(61,'CLI0000003','abe','{}', '{abe}','{}', :cursor); END;
4/28/2017 19:2:35 61: 1 Object(s) returned... [FETCH]
4/28/2017 19:2:35 61: [object Object]
4/28/2017 19:2:35 61: 6 Object(s) returned... [FETCH]
4/28/2017 19:2:35 61: [object Object],[object Object],[object Object],[object Object],[object Object],[object Object]
4/28/2017 19:2:54 62: LIBQUERY with Callback: 
4/28/2017 19:2:54 62: Path request:/api/user/
4/28/2017 19:2:54 62: Path header:undefined
4/28/2017 19:2:54 62: Path query:{"USER_NAME":"abe"}
4/28/2017 19:2:54 62: BEGIN PKREQUESTMANAGER.CALLQUERY(62,'CLI0000002','abe','{}', '{abe}','{}', :cursor); END;
4/28/2017 19:2:54 63: LIBQUERY with Callback: 
4/28/2017 19:2:54 63: Path request:/api/environment/
4/28/2017 19:2:54 63: Path header:undefined
4/28/2017 19:2:54 63: Path query:{"USER_NAME":"abe"}
4/28/2017 19:2:54 63: BEGIN PKREQUESTMANAGER.CALLQUERY(63,'CLI0000003','abe','{}', '{abe}','{}', :cursor); END;
4/28/2017 19:2:54 63: 1 Object(s) returned... [FETCH]
4/28/2017 19:2:54 63: [object Object]
4/28/2017 19:2:54 63: 6 Object(s) returned... [FETCH]
4/28/2017 19:2:54 63: [object Object],[object Object],[object Object],[object Object],[object Object],[object Object]
4/28/2017 19:3:18 64: LIBQUERY with Callback: 
4/28/2017 19:3:18 64: Path request:/api/user/
4/28/2017 19:3:18 64: Path header:undefined
4/28/2017 19:3:18 64: Path query:{"USER_NAME":"abe"}
4/28/2017 19:3:18 64: BEGIN PKREQUESTMANAGER.CALLQUERY(64,'CLI0000002','abe','{}', '{abe}','{}', :cursor); END;
4/28/2017 19:3:18 65: LIBQUERY with Callback: 
4/28/2017 19:3:18 65: Path request:/api/environment/
4/28/2017 19:3:18 65: Path header:undefined
4/28/2017 19:3:18 65: Path query:{"USER_NAME":"abe"}
4/28/2017 19:3:18 65: BEGIN PKREQUESTMANAGER.CALLQUERY(65,'CLI0000003','abe','{}', '{abe}','{}', :cursor); END;
4/28/2017 19:3:18 65: 1 Object(s) returned... [FETCH]
4/28/2017 19:3:18 65: [object Object]
4/28/2017 19:3:18 65: 6 Object(s) returned... [FETCH]
4/28/2017 19:3:18 65: [object Object],[object Object],[object Object],[object Object],[object Object],[object Object]
