4/28/2017 18:6:24 46: LIBQUERY with Callback: 
4/28/2017 18:6:24 46: Path request:/api/authentification/
4/28/2017 18:6:24 46: Path header:undefined
4/28/2017 18:6:24 46: Path query:{}
4/28/2017 18:6:24 46: BEGIN PKREQUESTMANAGER.CALLQUERY(46,'ADM0000001','admin','{}', '{admin,admin}','{}', :cursor); END;
4/28/2017 18:6:24 46: 1 Object(s) returned... [FETCH]
4/28/2017 18:6:24 46: [object Object]
4/28/2017 18:6:24 47: LIBQUERY with Callback: 
4/28/2017 18:6:24 47: Path request:/api/user/
4/28/2017 18:6:24 47: Path header:undefined
4/28/2017 18:6:24 47: Path query:{"USER_NAME":"admin"}
4/28/2017 18:6:24 47: BEGIN PKREQUESTMANAGER.CALLQUERY(47,'CLI0000002','admin','{}', '{admin}','{}', :cursor); END;
4/28/2017 18:6:24 48: LIBQUERY with Callback: 
4/28/2017 18:6:24 48: Path request:/api/environment/
4/28/2017 18:6:24 48: Path header:undefined
4/28/2017 18:6:24 48: Path query:{"USER_NAME":"admin"}
4/28/2017 18:6:24 48: BEGIN PKREQUESTMANAGER.CALLQUERY(48,'CLI0000003','admin','{}', '{admin}','{}', :cursor); END;
4/28/2017 18:6:24 48: 1 Object(s) returned... [FETCH]
4/28/2017 18:6:24 48: [object Object]
4/28/2017 18:6:24 48: 3 Object(s) returned... [FETCH]
4/28/2017 18:6:24 48: [object Object],[object Object],[object Object]
4/28/2017 20:5:29 3: LIBQUERY with Callback: 
4/28/2017 20:5:29 3: Path request:/api/authentification/
4/28/2017 20:5:29 3: Path header:undefined
4/28/2017 20:5:29 3: Path query:{}
4/28/2017 20:5:29 3: BEGIN PKREQUESTMANAGER.CALLQUERY(3,'ADM0000001','admin','{}', '{admin,admin}','{}', :cursor); END;
4/28/2017 20:5:29 4: LIBQUERY with Callback: 
4/28/2017 20:5:29 4: Path request:/api/authentification/
4/28/2017 20:5:29 4: Path header:undefined
4/28/2017 20:5:29 4: Path query:{}
4/28/2017 20:5:29 4: BEGIN PKREQUESTMANAGER.CALLQUERY(4,'ADM0000001','admin','{}', '{admin,admin}','{}', :cursor); END;
4/28/2017 20:5:29 4: 1 Object(s) returned... [FETCH]
4/28/2017 20:5:29 4: [object Object]
4/28/2017 20:5:29 5: LIBQUERY with Callback: 
4/28/2017 20:5:29 5: Path request:/api/user/
4/28/2017 20:5:29 5: Path header:undefined
4/28/2017 20:5:29 5: Path query:{"USER_NAME":"admin"}
4/28/2017 20:5:29 5: BEGIN PKREQUESTMANAGER.CALLQUERY(5,'CLI0000002','admin','{}', '{admin}','{}', :cursor); END;
4/28/2017 20:5:29 6: LIBQUERY with Callback: 
4/28/2017 20:5:29 6: Path request:/api/environment/
4/28/2017 20:5:29 6: Path header:undefined
4/28/2017 20:5:29 6: Path query:{"USER_NAME":"admin"}
4/28/2017 20:5:29 6: BEGIN PKREQUESTMANAGER.CALLQUERY(6,'CLI0000003','admin','{}', '{admin}','{}', :cursor); END;
4/28/2017 20:5:30 6: 1 Object(s) returned... [FETCH]
4/28/2017 20:5:30 6: [object Object]
4/28/2017 20:5:30 6: 3 Object(s) returned... [FETCH]
4/28/2017 20:5:30 6: [object Object],[object Object],[object Object]
4/28/2017 20:5:32 6: 1 Object(s) returned... [FETCH]
4/28/2017 20:5:32 6: [object Object]
4/28/2017 20:8:11 7: LIBQUERY with Callback: 
4/28/2017 20:8:11 7: Path request:/api/user/
4/28/2017 20:8:11 7: Path header:undefined
4/28/2017 20:8:11 7: Path query:{"USER_NAME":"admin"}
4/28/2017 20:8:11 7: BEGIN PKREQUESTMANAGER.CALLQUERY(7,'CLI0000002','admin','{}', '{admin}','{}', :cursor); END;
4/28/2017 20:8:11 7: 1 Object(s) returned... [FETCH]
4/28/2017 20:8:11 7: [object Object]
4/28/2017 20:8:11 8: LIBQUERY with Callback: 
4/28/2017 20:8:11 8: Path request:/api/environment/
4/28/2017 20:8:11 8: Path header:undefined
4/28/2017 20:8:11 8: Path query:{"USER_NAME":"admin"}
4/28/2017 20:8:11 8: BEGIN PKREQUESTMANAGER.CALLQUERY(8,'CLI0000003','admin','{}', '{admin}','{}', :cursor); END;
4/28/2017 20:8:11 8: 3 Object(s) returned... [FETCH]
4/28/2017 20:8:11 8: [object Object],[object Object],[object Object]
4/28/2017 20:8:35 9: LIBQUERY with Callback: 
4/28/2017 20:8:35 9: Path request:/api/user/
4/28/2017 20:8:35 9: Path header:undefined
4/28/2017 20:8:35 9: Path query:{"USER_NAME":"admin"}
4/28/2017 20:8:35 9: BEGIN PKREQUESTMANAGER.CALLQUERY(9,'CLI0000002','admin','{}', '{admin}','{}', :cursor); END;
4/28/2017 20:8:35 9: 1 Object(s) returned... [FETCH]
4/28/2017 20:8:35 9: [object Object]
4/28/2017 20:8:35 10: LIBQUERY with Callback: 
4/28/2017 20:8:35 10: Path request:/api/environment/
4/28/2017 20:8:35 10: Path header:undefined
4/28/2017 20:8:35 10: Path query:{"USER_NAME":"admin"}
4/28/2017 20:8:35 10: BEGIN PKREQUESTMANAGER.CALLQUERY(10,'CLI0000003','admin','{}', '{admin}','{}', :cursor); END;
4/28/2017 20:8:35 10: 3 Object(s) returned... [FETCH]
4/28/2017 20:8:35 10: [object Object],[object Object],[object Object]
4/28/2017 20:9:53 11: LIBQUERY with Callback: 
4/28/2017 20:9:53 11: Path request:/api/user/
4/28/2017 20:9:53 11: Path header:undefined
4/28/2017 20:9:53 11: Path query:{"USER_NAME":"admin"}
4/28/2017 20:9:53 11: BEGIN PKREQUESTMANAGER.CALLQUERY(11,'CLI0000002','admin','{}', '{admin}','{}', :cursor); END;
4/28/2017 20:9:53 11: 1 Object(s) returned... [FETCH]
4/28/2017 20:9:53 11: [object Object]
4/28/2017 20:9:53 12: LIBQUERY with Callback: 
4/28/2017 20:9:53 12: Path request:/api/environment/
4/28/2017 20:9:53 12: Path header:undefined
4/28/2017 20:9:53 12: Path query:{"USER_NAME":"admin"}
4/28/2017 20:9:53 12: BEGIN PKREQUESTMANAGER.CALLQUERY(12,'CLI0000003','admin','{}', '{admin}','{}', :cursor); END;
4/28/2017 20:9:53 12: 3 Object(s) returned... [FETCH]
4/28/2017 20:9:53 12: [object Object],[object Object],[object Object]
4/28/2017 20:11:56 13: LIBQUERY with Callback: 
4/28/2017 20:11:56 13: Path request:/api/user/
4/28/2017 20:11:56 13: Path header:undefined
4/28/2017 20:11:56 13: Path query:{"USER_NAME":"admin"}
4/28/2017 20:11:56 13: BEGIN PKREQUESTMANAGER.CALLQUERY(13,'CLI0000002','admin','{}', '{admin}','{}', :cursor); END;
4/28/2017 20:11:56 13: 1 Object(s) returned... [FETCH]
4/28/2017 20:11:56 13: [object Object]
4/28/2017 20:11:56 14: LIBQUERY with Callback: 
4/28/2017 20:11:56 14: Path request:/api/environment/
4/28/2017 20:11:56 14: Path header:undefined
4/28/2017 20:11:56 14: Path query:{"USER_NAME":"admin"}
4/28/2017 20:11:56 14: BEGIN PKREQUESTMANAGER.CALLQUERY(14,'CLI0000003','admin','{}', '{admin}','{}', :cursor); END;
4/28/2017 20:11:56 14: 3 Object(s) returned... [FETCH]
4/28/2017 20:11:56 14: [object Object],[object Object],[object Object]
4/28/2017 20:12:53 15: LIBQUERY with Callback: 
4/28/2017 20:12:53 15: Path request:/api/authentification/
4/28/2017 20:12:53 15: Path header:undefined
4/28/2017 20:12:53 15: Path query:{}
4/28/2017 20:12:53 15: BEGIN PKREQUESTMANAGER.CALLQUERY(15,'ADM0000001','admin','{}', '{admin,admin}','{}', :cursor); END;
4/28/2017 20:12:53 16: LIBQUERY with Callback: 
4/28/2017 20:12:53 16: Path request:/api/authentification/
4/28/2017 20:12:53 16: Path header:undefined
4/28/2017 20:12:53 16: Path query:{}
4/28/2017 20:12:53 16: BEGIN PKREQUESTMANAGER.CALLQUERY(16,'ADM0000001','admin','{}', '{admin,admin}','{}', :cursor); END;
4/28/2017 20:12:53 16: 1 Object(s) returned... [FETCH]
4/28/2017 20:12:53 16: [object Object]
4/28/2017 20:12:53 17: LIBQUERY with Callback: 
4/28/2017 20:12:53 17: Path request:/api/user/
4/28/2017 20:12:53 17: Path header:undefined
4/28/2017 20:12:53 17: Path query:{"USER_NAME":"admin"}
4/28/2017 20:12:53 17: BEGIN PKREQUESTMANAGER.CALLQUERY(17,'CLI0000002','admin','{}', '{admin}','{}', :cursor); END;
4/28/2017 20:12:53 18: LIBQUERY with Callback: 
4/28/2017 20:12:53 18: Path request:/api/environment/
4/28/2017 20:12:53 18: Path header:undefined
4/28/2017 20:12:53 18: Path query:{"USER_NAME":"admin"}
4/28/2017 20:12:53 18: BEGIN PKREQUESTMANAGER.CALLQUERY(18,'CLI0000003','admin','{}', '{admin}','{}', :cursor); END;
4/28/2017 20:12:53 18: 1 Object(s) returned... [FETCH]
4/28/2017 20:12:53 18: [object Object]
4/28/2017 20:12:53 18: 1 Object(s) returned... [FETCH]
4/28/2017 20:12:53 18: [object Object]
4/28/2017 20:12:53 18: 3 Object(s) returned... [FETCH]
4/28/2017 20:12:53 18: [object Object],[object Object],[object Object]
