7/11/2019 8:42:9 1: BEGIN PKREQUESTMANAGER.CALLQUERY(1,'NOT0000001','abe','{HEINENS_CEN_UAT}', '{ASN0000000001}','{HN}', :cursor); END;
7/11/2019 8:42:11 1: [{"ALTID":"ASN0000000001","ALTQUERY":"ASN0000000001","ALTFILE":null,"ALTSUBJECT":"[ASN0000000001] Alert report","ALTCONTENT":"Duplicate ASN/EDI invoice received by Kleinschmeidt refrain the stores to process the whole batch id associated.","ALTEMAIL":"ahmed.benamrouche@bbsymphony.com","ALTMOBILE":"(678)9863021"}]
7/11/2019 8:42:11 1: 1 Object(s) returned... [FETCH]
7/11/2019 8:42:53 1: BEGIN PKREQUESTMANAGER.CALLQUERY(1,'NOT0000001','abe','{HEINENS_CEN_UAT}', '{ASN0000000001}','{HN}', :cursor); END;
7/11/2019 8:42:54 1: [{"ALTID":"ASN0000000001","ALTQUERY":"ASN0000000001","ALTFILE":null,"ALTSUBJECT":"[ASN0000000001] Alert report","ALTCONTENT":"Duplicate ASN/EDI invoice received by Kleinschmeidt refrain the stores to process the whole batch id associated.","ALTEMAIL":"ahmed.benamrouche@bbsymphony.com","ALTMOBILE":"(678)9863021"}]
7/11/2019 8:42:54 1: 1 Object(s) returned... [FETCH]
7/11/2019 8:43:19 1: BEGIN PKREQUESTMANAGER.CALLQUERY(1,'NOT0000001','abe','{HEINENS_CEN_UAT}', '{ASN0000000001}','{HN}', :cursor); END;
7/11/2019 8:43:20 1: [{"ALTID":"ASN0000000001","ALTQUERY":"ASN0000000001","ALTFILE":null,"ALTSUBJECT":"[ASN0000000001] Alert report","ALTCONTENT":"Duplicate ASN/EDI invoice received by Kleinschmeidt refrain the stores to process the whole batch id associated.","ALTEMAIL":"ahmed.benamrouche@bbsymphony.com","ALTMOBILE":"(678)9863021"}]
7/11/2019 8:43:20 1: 1 Object(s) returned... [FETCH]
7/11/2019 8:45:18 1: BEGIN PKREQUESTMANAGER.CALLQUERY(1,'NOT0000001','abe','{HEINENS_CEN_UAT}', '{ASN0000000001}','{HN}', :cursor); END;
7/11/2019 8:45:19 1: [{"ALTID":"ASN0000000001","ALTQUERY":"ASN0000000001","ALTFILE":"./EDI_ASN_Duplicate_Invoice_Weekly.json","ALTSUBJECT":"[ASN0000000001] Alert report","ALTCONTENT":"Duplicate ASN/EDI invoice received by Kleinschmeidt refrain the stores to process the whole batch id associated.","ALTEMAIL":"ahmed.benamrouche@bbsymphony.com","ALTMOBILE":"(678)9863021"}]
7/11/2019 8:45:19 1: 1 Object(s) returned... [FETCH]
7/11/2019 8:45:50 1: BEGIN PKREQUESTMANAGER.CALLQUERY(1,'NOT0000001','abe','{HEINENS_CEN_UAT}', '{ASN0000000001}','{HN}', :cursor); END;
7/11/2019 8:45:51 1: [{"ALTID":"ASN0000000001","ALTQUERY":"ASN0000000001","ALTFILE":"./EDI_ASN_Duplicate_Invoice_Weekly.json","ALTSUBJECT":"[ASN0000000001] Alert report","ALTCONTENT":"Duplicate ASN/EDI invoice received by Kleinschmeidt refrain the stores to process the whole batch id associated.","ALTEMAIL":"ahmed.benamrouche@bbsymphony.com","ALTMOBILE":"(678)9863021"}]
7/11/2019 8:45:51 1: 1 Object(s) returned... [FETCH]
7/11/2019 8:47:36 1: BEGIN PKREQUESTMANAGER.CALLQUERY(1,'NOT0000001','abe','{HEINENS_CEN_UAT}', '{ASN0000000001}','{HN}', :cursor); END;
7/11/2019 8:47:37 1: [{"ALTID":"ASN0000000001","ALTQUERY":"ASN0000000001","ALTFILE":"~/Workspace/controlRoom/trunk/controlRoom_server/server/server/alerts/EDI_ASN_Duplicate_Invoice_Weekly.json","ALTSUBJECT":"[ASN0000000001] Alert report","ALTCONTENT":"Duplicate ASN/EDI invoice received by Kleinschmeidt refrain the stores to process the whole batch id associated.","ALTEMAIL":"ahmed.benamrouche@bbsymphony.com","ALTMOBILE":"(678)9863021"}]
7/11/2019 8:47:37 1: 1 Object(s) returned... [FETCH]
7/11/2019 8:49:14 1: BEGIN PKREQUESTMANAGER.CALLQUERY(1,'NOT0000001','abe','{HEINENS_CEN_UAT}', '{ASN0000000001}','{HN}', :cursor); END;
7/11/2019 8:49:16 1: [{"ALTID":"ASN0000000001","ALTQUERY":"ASN0000000001","ALTFILE":"/Users/bbsymphony/Workspace/controlRoom/trunk/controlRoom_server/server/server/alerts/EDI_ASN_Duplicate_Invoice_Weekly.json","ALTSUBJECT":"[ASN0000000001] Alert report","ALTCONTENT":"Duplicate ASN/EDI invoice received by Kleinschmeidt refrain the stores to process the whole batch id associated.","ALTEMAIL":"ahmed.benamrouche@bbsymphony.com","ALTMOBILE":"(678)9863021"}]
7/11/2019 8:49:16 1: 1 Object(s) returned... [FETCH]
7/11/2019 8:50:59 1: BEGIN PKREQUESTMANAGER.CALLQUERY(1,'NOT0000001','abe','{HEINENS_CEN_UAT}', '{ASN0000000001}','{HN}', :cursor); END;
7/11/2019 8:51:1 1: [{"ALTID":"ASN0000000001","ALTQUERY":"ASN0000000001","ALTFILE":"/Users/bbsymphony/Workspace/controlRoom/trunk/controlRoom_server/server/alerts/EDI_ASN_Duplicate_Invoice_Weekly.json","ALTSUBJECT":"[ASN0000000001] Alert report","ALTCONTENT":"Duplicate ASN/EDI invoice received by Kleinschmeidt refrain the stores to process the whole batch id associated.","ALTEMAIL":"ahmed.benamrouche@bbsymphony.com","ALTMOBILE":"(678)9863021"}]
7/11/2019 8:51:1 1: 1 Object(s) returned... [FETCH]
7/11/2019 8:51:47 1: BEGIN PKREQUESTMANAGER.CALLQUERY(1,'NOT0000001','abe','{HEINENS_CEN_UAT}', '{ASN0000000001}','{HN}', :cursor); END;
7/11/2019 8:51:49 1: [{"ALTID":"ASN0000000001","ALTQUERY":"ASN0000000001","ALTFILE":"/Users/bbsymphony/Workspace/controlRoom/trunk/controlRoom_server/server/alerts/EDI_ASN_Duplicate_Invoice_Weekly.json","ALTSUBJECT":"[ASN0000000001] Alert report","ALTCONTENT":"Duplicate ASN/EDI invoice received by Kleinschmeidt refrain the stores to process the whole batch id associated.","ALTEMAIL":"ahmed.benamrouche@bbsymphony.com","ALTMOBILE":"(678)9863021"}]
7/11/2019 8:51:49 1: 1 Object(s) returned... [FETCH]
7/11/2019 8:52:3 1: BEGIN PKREQUESTMANAGER.CALLQUERY(1,'NOT0000001','abe','{HEINENS_CEN_UAT}', '{ASN0000000001}','{HN}', :cursor); END;
7/11/2019 8:52:5 1: [{"ALTID":"ASN0000000001","ALTQUERY":"ASN0000000001","ALTFILE":"/Users/bbsymphony/Workspace/controlRoom/trunk/controlRoom_server/server/alerts/EDI_ASN_Duplicate_Invoice_Weekly.json","ALTSUBJECT":"[ASN0000000001] Alert report","ALTCONTENT":"Duplicate ASN/EDI invoice received by Kleinschmeidt refrain the stores to process the whole batch id associated.","ALTEMAIL":"ahmed.benamrouche@bbsymphony.com","ALTMOBILE":"(678)9863021"}]
7/11/2019 8:52:5 1: 1 Object(s) returned... [FETCH]
7/11/2019 8:52:52 1: BEGIN PKREQUESTMANAGER.CALLQUERY(1,'NOT0000001','abe','{HEINENS_CEN_UAT}', '{ASN0000000001}','{HN}', :cursor); END;
7/11/2019 8:52:54 1: [{"ALTID":"ASN0000000001","ALTQUERY":"ASN0000000001","ALTFILE":"/Users/bbsymphony/Workspace/controlRoom/trunk/controlRoom_server/server/alerts/EDI_ASN_Duplicate_Invoice_Weekly.json","ALTSUBJECT":"[ASN0000000001] Alert report","ALTCONTENT":"Duplicate ASN/EDI invoice received by Kleinschmeidt refrain the stores to process the whole batch id associated.","ALTEMAIL":"ahmed.benamrouche@bbsymphony.com","ALTMOBILE":"(678)9863021"}]
7/11/2019 8:52:55 1: 1 Object(s) returned... [FETCH]
7/11/2019 8:55:20 1: BEGIN PKREQUESTMANAGER.CALLQUERY(1,'NOT0000001','abe','{HEINENS_CEN_UAT}', '{ASN0000000001}','{HN}', :cursor); END;
7/11/2019 8:55:22 1: [{"ALTID":"ASN0000000001","ALTQUERY":"ASN0000000001","ALTFILE":"/Users/bbsymphony/Workspace/controlRoom/trunk/controlRoom_server/server/alerts/EDI_ASN_Duplicate_Invoice_Weekly.json","ALTSUBJECT":"[ASN0000000001] Alert report","ALTCONTENT":"Duplicate ASN/EDI invoice received by Kleinschmeidt refrain the stores to process the whole batch id associated.","ALTEMAIL":"ahmed.benamrouche@bbsymphony.com","ALTMOBILE":"(678)9863021"}]
7/11/2019 8:55:22 1: 1 Object(s) returned... [FETCH]
7/11/2019 10:59:33 1: BEGIN PKREQUESTMANAGER.CALLQUERY(1,'NOT0000001','abe','{HEINENS_CEN_UAT}', '{ASN0000000001}','{HN}', :cursor); END;
7/11/2019 10:59:39 1: [{"ALTID":"ASN0000000001","ALTQUERY":"ASN0000000001","ALTFILE":"/Users/bbsymphony/Workspace/controlRoom/trunk/controlRoom_server/server/alerts/EDI_ASN_Duplicate_Invoice_Weekly.json","ALTSUBJECT":"[ASN0000000001] Alert report","ALTCONTENT":"Duplicate ASN/EDI invoice received by Kleinschmeidt refrain the stores to process the whole batch id associated.","ALTEMAIL":"ahmed.benamrouche@bbsymphony.com","ALTMOBILE":"(678)9863021"}]
7/11/2019 10:59:39 1: 1 Object(s) returned... [FETCH]
7/11/2019 11:5:29 1: BEGIN PKREQUESTMANAGER.CALLQUERY(1,'NOT0000001','abe','{HEINENS_CEN_UAT}', '{ASN0000000001}','{HN}', :cursor); END;
7/11/2019 11:5:31 1: [{"ALTID":"ASN0000000001","ALTQUERY":"ASN0000000001","ALTFILE":"/Users/bbsymphony/Workspace/controlRoom/trunk/controlRoom_server/server/alerts/EDI_ASN_Duplicate_Invoice_Weekly.json","ALTSUBJECT":"[ASN0000000001] Alert report","ALTCONTENT":"Duplicate ASN/EDI invoice received by Kleinschmeidt refrain the stores to process the whole batch id associated.","ALTEMAIL":"ahmed.benamrouche@bbsymphony.com","ALTMOBILE":"(678)9863021"}]
7/11/2019 11:5:31 1: 1 Object(s) returned... [FETCH]
7/11/2019 11:41:20 1: BEGIN PKREQUESTMANAGER.CALLQUERY(1,'NOT0000001','abe','{HEINENS_CEN_UAT}', '{ASN0000000001}','{HN}', :cursor); END;
7/11/2019 11:41:25 1: [{"ALTID":"ASN0000000001","ALTQUERY":"ASN0000000001","ALTFILE":"/Users/bbsymphony/Workspace/controlRoom/trunk/controlRoom_server/server/alerts/EDI_ASN_Duplicate_Invoice_Weekly.json","ALTSUBJECT":"[ASN0000000001] Alert report","ALTCONTENT":"Duplicate ASN/EDI invoice received by Kleinschmeidt refrain the stores to process the whole batch id associated.","ALTEMAIL":"ahmed.benamrouche@bbsymphony.com","ALTMOBILE":"(678)9863021"}]
7/11/2019 11:41:25 1: 1 Object(s) returned... [FETCH]
7/11/2019 11:43:30 1: BEGIN PKREQUESTMANAGER.CALLQUERY(1,'NOT0000001','abe','{HEINENS_CEN_UAT}', '{ASN0000000001}','{HN}', :cursor); END;
7/11/2019 11:43:34 1: [{"ALTID":"ASN0000000001","ALTQUERY":"ASN0000000001","ALTFILE":"/Users/bbsymphony/Workspace/controlRoom/trunk/controlRoom_server/server/alerts/EDI_ASN_Duplicate_Invoice_Weekly.json","ALTSUBJECT":"[ASN0000000001] Alert report","ALTCONTENT":"Duplicate ASN/EDI invoice received by Kleinschmeidt refrain the stores to process the whole batch id associated.","ALTEMAIL":"ahmed.benamrouche@bbsymphony.com","ALTMOBILE":"(678)9863021"}]
7/11/2019 11:43:34 1: 1 Object(s) returned... [FETCH]
7/11/2019 16:9:31 1: BEGIN PKREQUESTMANAGER.CALLQUERY(1,'NOT0000001','abe','{HEINENS_CEN_UAT}', '{ASN0000000001}','{HN}', :cursor); END;
7/11/2019 16:9:34 1: [{"ALTID":"ASN0000000001","ALTQUERY":"ASN0000000001","ALTFILE":"/Users/bbsymphony/Workspace/controlRoom/trunk/controlRoom_server/server/alerts/EDI_ASN_Duplicate_Invoice_Weekly.json","ALTSUBJECT":"[ASN0000000001] Alert report","ALTCONTENT":"Duplicate ASN/EDI invoice received by Kleinschmeidt refrain the stores to process the whole batch id associated.","ALTEMAIL":"ahmed.benamrouche@bbsymphony.com","ALTMOBILE":"(678)9863021"}]
7/11/2019 16:9:34 1: 1 Object(s) returned... [FETCH]
7/11/2019 16:11:26 1: BEGIN PKREQUESTMANAGER.CALLQUERY(1,'NOT0000001','abe','{HEINENS_CEN_UAT}', '{ASN0000000001}','{HN}', :cursor); END;
7/11/2019 16:11:32 1: [{"ALTID":"ASN0000000001","ALTQUERY":"ASN0000000001","ALTFILE":"/Users/bbsymphony/Workspace/controlRoom/trunk/controlRoom_server/server/alerts/EDI_ASN_Duplicate_Invoice_Weekly.json","ALTSUBJECT":"[ASN0000000001] Alert report","ALTCONTENT":"Duplicate ASN/EDI invoice received by Kleinschmeidt refrain the stores to process the whole batch id associated.","ALTEMAIL":"ahmed.benamrouche@bbsymphony.com","ALTMOBILE":"(678)9863021"}]
7/11/2019 16:11:32 1: 1 Object(s) returned... [FETCH]
7/11/2019 16:13:19 1: BEGIN PKREQUESTMANAGER.CALLQUERY(1,'NOT0000001','abe','{HEINENS_CEN_UAT}', '{ASN0000000001}','{HN}', :cursor); END;
7/11/2019 16:13:20 1: [{"ALTID":"ASN0000000001","ALTQUERY":"ASN0000000001","ALTFILE":"/Users/bbsymphony/Workspace/controlRoom/trunk/controlRoom_server/server/alerts/EDI_ASN_Duplicate_Invoice_Weekly.json","ALTSUBJECT":"[ASN0000000001] Alert report","ALTCONTENT":"Duplicate ASN/EDI invoice received by Kleinschmeidt refrain the stores to process the whole batch id associated.","ALTEMAIL":"ahmed.benamrouche@bbsymphony.com","ALTMOBILE":"(678)9863021"}]
7/11/2019 16:13:20 1: 1 Object(s) returned... [FETCH]
7/11/2019 16:15:3 1: BEGIN PKREQUESTMANAGER.CALLQUERY(1,'NOT0000001','abe','{HEINENS_CEN_UAT}', '{ASN0000000001}','{HN}', :cursor); END;
7/11/2019 16:15:4 1: [{"ALTID":"ASN0000000001","ALTQUERY":"ASN0000000001","ALTFILE":"/Users/bbsymphony/Workspace/controlRoom/trunk/controlRoom_server/server/alerts/EDI_ASN_Duplicate_Invoice_Weekly.json","ALTSUBJECT":"[ASN0000000001] Alert report","ALTCONTENT":"Duplicate ASN/EDI invoice received by Kleinschmeidt refrain the stores to process the whole batch id associated.","ALTEMAIL":"ahmed.benamrouche@bbsymphony.com","ALTMOBILE":"(678)9863021"}]
7/11/2019 16:15:4 1: 1 Object(s) returned... [FETCH]
7/11/2019 16:16:55 1: BEGIN PKREQUESTMANAGER.CALLQUERY(1,'NOT0000001','abe','{HEINENS_CEN_UAT}', '{ASN0000000001}','{HN}', :cursor); END;
7/11/2019 16:16:56 1: [{"ALTID":"ASN0000000001","ALTQUERY":"ASN0000000001","ALTFILE":"/Users/bbsymphony/Workspace/controlRoom/trunk/controlRoom_server/server/alerts/EDI_ASN_Duplicate_Invoice_Weekly.json","ALTSUBJECT":"[ASN0000000001] Alert report","ALTCONTENT":"Duplicate ASN/EDI invoice received by Kleinschmeidt refrain the stores to process the whole batch id associated.","ALTEMAIL":"ahmed.benamrouche@bbsymphony.com","ALTMOBILE":"(678)9863021"}]
7/11/2019 16:16:56 1: 1 Object(s) returned... [FETCH]
7/11/2019 16:16:56 2: BEGIN PKREQUESTMANAGER.EXECUTEQUERY(2,'SELECT 1 FROM DUAL','abe','{HEINENS_CEN_UAT}', '{}','{HN}', :cursor); END;
7/11/2019 16:20:25 3: BEGIN PKREQUESTMANAGER.CALLQUERY(3,'NOT0000001','abe','{HEINENS_CEN_UAT}', '{ASN0000000001}','{HN}', :cursor); END;
7/11/2019 16:20:28 3: [{"ALTID":"ASN0000000001","ALTQUERY":"ASN0000000001","ALTFILE":"/Users/bbsymphony/Workspace/controlRoom/trunk/controlRoom_server/server/alerts/EDI_ASN_Duplicate_Invoice_Weekly.json","ALTSUBJECT":"[ASN0000000001] Alert report","ALTCONTENT":"Duplicate ASN/EDI invoice received by Kleinschmeidt refrain the stores to process the whole batch id associated.","ALTEMAIL":"ahmed.benamrouche@bbsymphony.com","ALTMOBILE":"(678)9863021"}]
7/11/2019 16:20:28 3: 1 Object(s) returned... [FETCH]
7/11/2019 16:20:28 4: BEGIN PKREQUESTMANAGER.EXECUTEQUERY(4,'SELECT 1 FROM DUAL','abe','{HEINENS_CEN_UAT}', '{}','{HN}', :cursor); END;
7/11/2019 16:20:29 4: [{"'ALTERED'":"altered"}]
7/11/2019 16:20:29 4: 1 Object(s) returned... [FETCH]
7/11/2019 16:21:49 1: BEGIN PKREQUESTMANAGER.CALLQUERY(1,'NOT0000001','abe','{HEINENS_CEN_UAT}', '{ASN0000000001}','{HN}', :cursor); END;
7/11/2019 16:21:51 1: [{"ALTID":"ASN0000000001","ALTQUERY":"ASN0000000001","ALTFILE":"/Users/bbsymphony/Workspace/controlRoom/trunk/controlRoom_server/server/alerts/EDI_ASN_Duplicate_Invoice_Weekly.json","ALTSUBJECT":"[ASN0000000001] Alert report","ALTCONTENT":"Duplicate ASN/EDI invoice received by Kleinschmeidt refrain the stores to process the whole batch id associated.","ALTEMAIL":"ahmed.benamrouche@bbsymphony.com","ALTMOBILE":"(678)9863021"}]
7/11/2019 16:21:51 1: 1 Object(s) returned... [FETCH]
7/11/2019 16:21:51 2: BEGIN PKREQUESTMANAGER.EXECUTEQUERY(2,'SELECT 1 FROM DUAL','abe','{HEINENS_CEN_UAT}', '{}','{HN}', :cursor); END;
7/11/2019 16:21:52 2: [{"1":1}]
7/11/2019 16:21:52 2: 1 Object(s) returned... [FETCH]
7/11/2019 16:22:41 1: BEGIN PKREQUESTMANAGER.CALLQUERY(1,'NOT0000001','abe','{HEINENS_CEN_UAT}', '{ASN0000000001}','{HN}', :cursor); END;
7/11/2019 16:22:43 1: [{"ALTID":"ASN0000000001","ALTQUERY":"ASN0000000001","ALTFILE":"/Users/bbsymphony/Workspace/controlRoom/trunk/controlRoom_server/server/alerts/EDI_ASN_Duplicate_Invoice_Weekly.json","ALTSUBJECT":"[ASN0000000001] Alert report","ALTCONTENT":"Duplicate ASN/EDI invoice received by Kleinschmeidt refrain the stores to process the whole batch id associated.","ALTEMAIL":"ahmed.benamrouche@bbsymphony.com","ALTMOBILE":"(678)9863021"}]
7/11/2019 16:22:43 1: 1 Object(s) returned... [FETCH]
7/11/2019 16:22:43 2: BEGIN PKREQUESTMANAGER.EXECUTEQUERY(2,'SELECT 1 FROM DUAL','abe','{HEINENS_CEN_UAT}', '{}','{HN}', :cursor); END;
7/11/2019 16:22:44 2: [{"1":1}]
7/11/2019 16:22:44 2: 1 Object(s) returned... [FETCH]
