5/8/2019 1:39:5 33: LIBQUERY with Callback: 
5/8/2019 1:39:5 33: BEGIN PKREQUESTMANAGER.CALLQUERY(33,'ADM0000001','abe','{}', '{abe,abe}','{}', :cursor); END;
5/8/2019 1:39:8 33: 1 Object(s) returned... [FETCH]
5/8/2019 1:39:8 33: [object Object]
5/8/2019 1:39:8 33: {"metaData":[{"name":"USERID"},{"name":"USERFNAME"},{"name":"USERLNAME"},{"name":"USEREMAIL"},{"name":"USERMOBILE"}]}
5/8/2019 1:39:8 34: LIBQUERY with Callback: 
5/8/2019 1:39:8 34: BEGIN PKREQUESTMANAGER.CALLQUERY(34,'CLI0000002','abe','{}', '{abe}','{}', :cursor); END;
5/8/2019 1:39:8 35: LIBQUERY with Callback: 
5/8/2019 1:39:8 35: BEGIN PKREQUESTMANAGER.CALLQUERY(35,'CLI0000003','abe','{}', '{abe}','{}', :cursor); END;
5/8/2019 1:39:10 35: 1 Object(s) returned... [FETCH]
5/8/2019 1:39:10 35: [object Object]
5/8/2019 1:39:10 35: 6 Object(s) returned... [FETCH]
5/8/2019 1:39:10 35: [object Object],[object Object],[object Object],[object Object],[object Object],[object Object]
5/8/2019 1:39:10 35: {"metaData":[{"name":"USERID"},{"name":"USERCORPID"},{"name":"USERPASS"},{"name":"USERAUTH"},{"name":"USERLANG"},{"name":"USERPROF"},{"name":"USERAPPLI"},{"name":"USERFNAME"},{"name":"USERLNAME"},{"name":"USEREMAIL"},{"name":"USERMOBILE"},{"name":"USERTEAM"},{"name":"USERACTIVE"},{"name":"USERDCRE"},{"name":"USERDMAJ"},{"name":"USERUTIL"},{"name":"USERTYPE"}]}
5/8/2019 1:39:10 35: {"metaData":[{"name":"LEVEL"},{"name":"ENVID"},{"name":"ENVCORPID"},{"name":"ENVCODE"},{"name":"ENVTYPE"},{"name":"ENVACTIVE"},{"name":"ENVSDESC"},{"name":"ENVLDESC"},{"name":"ENVDBTYPE"},{"name":"ENVIP"},{"name":"ENVPORT"},{"name":"ENVUSER"},{"name":"ENVPASSWORD"},{"name":"ENVSOURCE"},{"name":"ENVDBLINK"},{"name":"ENVDEFAULT"},{"name":"ENVDCRE"},{"name":"ENVDMAJ"},{"name":"ENVUTIL"},{"name":"ENVVERSION"},{"name":"ENVDEFLANG"},{"name":"CORPPIC"},{"name":"ENVVARINITSH"}]}
5/8/2019 1:39:10 36: LIBQUERY with Callback: 
5/8/2019 1:39:10 36: BEGIN PKREQUESTMANAGER.CALLQUERY(36,'WDG0000001','abe','{HEINENS_CUSTOM_PROD}', '{abe,-1}','{HN}', :cursor); END;
5/8/2019 1:39:12 36: 0 Object(s) returned... [FETCH] :)
5/8/2019 1:39:12 36: {}
5/8/2019 1:39:12 37: LIBQUERY with Callback: 
5/8/2019 1:39:12 37: BEGIN PKREQUESTMANAGER.CALLQUERY(37,'WDG1000000','abe','{HEINENS_CUSTOM_PROD}', '{undefined}','{HN}', :cursor); END;
5/8/2019 1:41:12 38: LIBQUERY with Callback: 
5/8/2019 1:41:12 38: BEGIN PKREQUESTMANAGER.CALLQUERY(38,'WDG1000000','abe','{HEINENS_CUSTOM_PROD}', '{undefined}','{HN}', :cursor); END;
5/8/2019 3:4:16 39: LIBQUERY with Callback: 
5/8/2019 3:4:16 39: BEGIN PKREQUESTMANAGER.CALLQUERY(39,'ADM0000001','abe','{}', '{abe,abe}','{}', :cursor); END;
5/8/2019 3:4:18 39: 1 Object(s) returned... [FETCH]
5/8/2019 3:4:18 39: [object Object]
5/8/2019 3:4:18 39: {"metaData":[{"name":"USERID"},{"name":"USERFNAME"},{"name":"USERLNAME"},{"name":"USEREMAIL"},{"name":"USERMOBILE"}]}
5/8/2019 3:4:18 40: LIBQUERY with Callback: 
5/8/2019 3:4:18 40: BEGIN PKREQUESTMANAGER.CALLQUERY(40,'CLI0000002','abe','{}', '{abe}','{}', :cursor); END;
5/8/2019 3:4:18 41: LIBQUERY with Callback: 
5/8/2019 3:4:18 41: BEGIN PKREQUESTMANAGER.CALLQUERY(41,'CLI0000003','abe','{}', '{abe}','{}', :cursor); END;
5/8/2019 3:4:20 41: 1 Object(s) returned... [FETCH]
5/8/2019 3:4:20 41: [object Object]
5/8/2019 3:4:20 41: {"metaData":[{"name":"USERID"},{"name":"USERCORPID"},{"name":"USERPASS"},{"name":"USERAUTH"},{"name":"USERLANG"},{"name":"USERPROF"},{"name":"USERAPPLI"},{"name":"USERFNAME"},{"name":"USERLNAME"},{"name":"USEREMAIL"},{"name":"USERMOBILE"},{"name":"USERTEAM"},{"name":"USERACTIVE"},{"name":"USERDCRE"},{"name":"USERDMAJ"},{"name":"USERUTIL"},{"name":"USERTYPE"}]}
5/8/2019 3:4:21 41: 6 Object(s) returned... [FETCH]
5/8/2019 3:4:21 41: [object Object],[object Object],[object Object],[object Object],[object Object],[object Object]
5/8/2019 3:4:21 41: {"metaData":[{"name":"LEVEL"},{"name":"ENVID"},{"name":"ENVCORPID"},{"name":"ENVCODE"},{"name":"ENVTYPE"},{"name":"ENVACTIVE"},{"name":"ENVSDESC"},{"name":"ENVLDESC"},{"name":"ENVDBTYPE"},{"name":"ENVIP"},{"name":"ENVPORT"},{"name":"ENVUSER"},{"name":"ENVPASSWORD"},{"name":"ENVSOURCE"},{"name":"ENVDBLINK"},{"name":"ENVDEFAULT"},{"name":"ENVDCRE"},{"name":"ENVDMAJ"},{"name":"ENVUTIL"},{"name":"ENVVERSION"},{"name":"ENVDEFLANG"},{"name":"CORPPIC"},{"name":"ENVVARINITSH"}]}
5/8/2019 3:4:21 42: LIBQUERY with Callback: 
5/8/2019 3:4:21 42: BEGIN PKREQUESTMANAGER.CALLQUERY(42,'WDG0000001','abe','{HEINENS_CUSTOM_PROD}', '{abe,-1}','{HN}', :cursor); END;
5/8/2019 3:4:22 42: 0 Object(s) returned... [FETCH] :)
5/8/2019 3:4:22 42: {}
5/8/2019 3:4:23 43: LIBQUERY with Callback: 
5/8/2019 3:4:23 43: BEGIN PKREQUESTMANAGER.CALLQUERY(43,'WDG1000000','abe','{HEINENS_CUSTOM_PROD}', '{undefined}','{HN}', :cursor); END;
5/8/2019 3:6:23 44: LIBQUERY with Callback: 
5/8/2019 3:6:23 44: BEGIN PKREQUESTMANAGER.CALLQUERY(44,'WDG1000000','abe','{HEINENS_CUSTOM_PROD}', '{undefined}','{HN}', :cursor); END;
