5/6/2017 20:42:8 18: LIBQUERY with Callback: 
5/6/2017 20:42:8 18: Path request:/api/user/
5/6/2017 20:42:8 18: Path header:undefined
5/6/2017 20:42:8 18: Path query:{"USER_NAME":"abe"}
5/6/2017 20:42:8 18: BEGIN PKREQUESTMANAGER.CALLQUERY(18,'CLI0000002','abe','{}', '{abe}','{}', :cursor); END;
5/6/2017 20:42:8 19: LIBQUERY with Callback: 
5/6/2017 20:42:8 19: Path request:/api/environment/
5/6/2017 20:42:8 19: Path header:undefined
5/6/2017 20:42:8 19: Path query:{"USER_NAME":"abe"}
5/6/2017 20:42:8 19: BEGIN PKREQUESTMANAGER.CALLQUERY(19,'CLI0000003','abe','{}', '{abe}','{}', :cursor); END;
5/6/2017 20:42:14 20: LIBQUERY with Callback: 
5/6/2017 20:42:14 20: Path request:/api/authentification/
5/6/2017 20:42:14 20: Path header:undefined
5/6/2017 20:42:14 20: Path query:{}
5/6/2017 20:42:14 20: BEGIN PKREQUESTMANAGER.CALLQUERY(20,'ADM0000001','abe','{}', '{abe,abe}','{}', :cursor); END;
5/6/2017 20:42:18 21: LIBQUERY with Callback: 
5/6/2017 20:42:18 21: Path request:/api/authentification/
5/6/2017 20:42:18 21: Path header:undefined
5/6/2017 20:42:18 21: Path query:{}
5/6/2017 20:42:18 21: BEGIN PKREQUESTMANAGER.CALLQUERY(21,'ADM0000001','abe','{}', '{abe,abe}','{}', :cursor); END;
5/6/2017 20:44:8 22: LIBQUERY with Callback: 
5/6/2017 20:44:8 22: Path request:/api/user/
5/6/2017 20:44:8 22: Path header:undefined
5/6/2017 20:44:8 22: Path query:{"USER_NAME":"abe"}
5/6/2017 20:44:8 22: BEGIN PKREQUESTMANAGER.CALLQUERY(22,'CLI0000002','abe','{}', '{abe}','{}', :cursor); END;
5/6/2017 20:44:14 23: LIBQUERY with Callback: 
5/6/2017 20:44:14 23: Path request:/api/authentification/
5/6/2017 20:44:14 23: Path header:undefined
5/6/2017 20:44:14 23: Path query:{}
5/6/2017 20:44:14 23: BEGIN PKREQUESTMANAGER.CALLQUERY(23,'ADM0000001','abe','{}', '{abe,abe}','{}', :cursor); END;
