5/14/2019 2:24:38 8: LIBQUERY with Callback: 
5/14/2019 2:24:38 8: BEGIN PKREQUESTMANAGER.CALLQUERY(8,'ADM0000001','emorris','{}', '{emorris,chambers27}','{}', :cursor); END;
5/14/2019 2:24:40 8: 1 Object(s) returned... [FETCH]
5/14/2019 2:24:40 8: [object Object]
5/14/2019 2:24:40 8: {"metaData":[{"name":"USERID"},{"name":"USERFNAME"},{"name":"USERLNAME"},{"name":"USEREMAIL"},{"name":"USERMOBILE"}]}
5/14/2019 2:24:40 9: LIBQUERY with Callback: 
5/14/2019 2:24:40 9: BEGIN PKREQUESTMANAGER.CALLQUERY(9,'CLI0000002','emorris','{}', '{emorris}','{}', :cursor); END;
5/14/2019 2:24:40 10: LIBQUERY with Callback: 
5/14/2019 2:24:40 10: BEGIN PKREQUESTMANAGER.CALLQUERY(10,'CLI0000003','emorris','{}', '{emorris}','{}', :cursor); END;
5/14/2019 2:24:42 10: 1 Object(s) returned... [FETCH]
5/14/2019 2:24:42 10: [object Object]
5/14/2019 2:24:42 10: {"metaData":[{"name":"USERID"},{"name":"USERCORPID"},{"name":"USERPASS"},{"name":"USERAUTH"},{"name":"USERLANG"},{"name":"USERPROF"},{"name":"USERAPPLI"},{"name":"USERFNAME"},{"name":"USERLNAME"},{"name":"USEREMAIL"},{"name":"USERMOBILE"},{"name":"USERTEAM"},{"name":"USERACTIVE"},{"name":"USERDCRE"},{"name":"USERDMAJ"},{"name":"USERUTIL"},{"name":"USERTYPE"}]}
5/14/2019 2:24:42 10: 5 Object(s) returned... [FETCH]
5/14/2019 2:24:42 10: [object Object],[object Object],[object Object],[object Object],[object Object]
5/14/2019 2:24:42 10: {"metaData":[{"name":"LEVEL"},{"name":"ENVID"},{"name":"ENVCORPID"},{"name":"CORPSDESC"},{"name":"ENVCODE"},{"name":"ENVTYPE"},{"name":"ENVACTIVE"},{"name":"ENVSDESC"},{"name":"ENVLDESC"},{"name":"ENVDBTYPE"},{"name":"ENVIP"},{"name":"ENVPORT"},{"name":"ENVUSER"},{"name":"ENVPASSWORD"},{"name":"ENVSOURCE"},{"name":"ENVDBLINK"},{"name":"ENVDEFAULT"},{"name":"ENVDCRE"},{"name":"ENVDMAJ"},{"name":"ENVUTIL"},{"name":"ENVVERSION"},{"name":"ENVDEFLANG"},{"name":"CORPPIC"},{"name":"ENVVARINITSH"},{"name":"ENVTITLECOLOR"},{"name":"ENVTITLE"}]}
5/14/2019 2:24:44 11: LIBQUERY with Callback: 
5/14/2019 2:24:44 11: BEGIN PKREQUESTMANAGER.CALLQUERY(11,'WDG0000001','emorris','{HEINENS_CUSTOM_PROD}', '{emorris,-1}','{HN}', :cursor); END;
5/14/2019 2:24:46 11: 9 Object(s) returned... [FETCH]
5/14/2019 2:24:46 11: [object Object],[object Object],[object Object],[object Object],[object Object],[object Object],[object Object],[object Object],[object Object]
5/14/2019 2:24:46 11: {"metaData":[{"name":"WIDID"},{"name":"WIDBEHAVIOR"},{"name":"WIDTABLE"},{"name":"WIDRSS"},{"name":"WIDCHART"},{"name":"WIDINFO"},{"name":"WIDWIDTH"},{"name":"WIDHEIGHT"},{"name":"WIDX"},{"name":"WIDY"},{"name":"WIDROWS"},{"name":"UWPDCRE"},{"name":"UWPDMAJ"},{"name":"UWPUTIL"},{"name":"WIDSNAP"},{"name":"WIDSNAPFILE"},{"name":"LWQMWIDID"},{"name":"LWQCWIDID"},{"name":"LWQMFIELD"},{"name":"LWQCFIELD"},{"name":"LWQDCRE"},{"name":"LWQDMAJ"},{"name":"LWQUTIL"},{"name":"WRSID"},{"name":"WRSFIELD"},{"name":"WRSHEADER"},{"name":"WRSPOSITION"},{"name":"WRSDCRE"},{"name":"WRSDMAJ"},{"name":"WRSUTIL"},{"name":"WIDNAME"},{"name":"WIDDESC"}]}
5/14/2019 2:27:42 16: LIBQUERY with Callback: 
5/14/2019 2:27:42 16: BEGIN PKREQUESTMANAGER.CALLQUERY(16,'ADM0000001','emorris','{}', '{emorris,chambers27}','{}', :cursor); END;
5/14/2019 2:27:44 16: 1 Object(s) returned... [FETCH]
5/14/2019 2:27:44 16: [object Object]
5/14/2019 2:27:44 16: {"metaData":[{"name":"USERID"},{"name":"USERFNAME"},{"name":"USERLNAME"},{"name":"USEREMAIL"},{"name":"USERMOBILE"}]}
5/14/2019 2:27:44 17: LIBQUERY with Callback: 
5/14/2019 2:27:44 17: BEGIN PKREQUESTMANAGER.CALLQUERY(17,'CLI0000002','emorris','{}', '{emorris}','{}', :cursor); END;
5/14/2019 2:27:44 18: LIBQUERY with Callback: 
5/14/2019 2:27:44 18: BEGIN PKREQUESTMANAGER.CALLQUERY(18,'CLI0000003','emorris','{}', '{emorris}','{}', :cursor); END;
5/14/2019 2:27:46 18: 1 Object(s) returned... [FETCH]
5/14/2019 2:27:46 18: [object Object]
5/14/2019 2:27:50 18: 5 Object(s) returned... [FETCH]
5/14/2019 2:27:50 18: [object Object],[object Object],[object Object],[object Object],[object Object]
5/14/2019 2:27:50 18: {"metaData":[{"name":"USERID"},{"name":"USERCORPID"},{"name":"USERPASS"},{"name":"USERAUTH"},{"name":"USERLANG"},{"name":"USERPROF"},{"name":"USERAPPLI"},{"name":"USERFNAME"},{"name":"USERLNAME"},{"name":"USEREMAIL"},{"name":"USERMOBILE"},{"name":"USERTEAM"},{"name":"USERACTIVE"},{"name":"USERDCRE"},{"name":"USERDMAJ"},{"name":"USERUTIL"},{"name":"USERTYPE"}]}
5/14/2019 2:27:50 18: {"metaData":[{"name":"LEVEL"},{"name":"ENVID"},{"name":"ENVCORPID"},{"name":"CORPSDESC"},{"name":"ENVCODE"},{"name":"ENVTYPE"},{"name":"ENVACTIVE"},{"name":"ENVSDESC"},{"name":"ENVLDESC"},{"name":"ENVDBTYPE"},{"name":"ENVIP"},{"name":"ENVPORT"},{"name":"ENVUSER"},{"name":"ENVPASSWORD"},{"name":"ENVSOURCE"},{"name":"ENVDBLINK"},{"name":"ENVDEFAULT"},{"name":"ENVDCRE"},{"name":"ENVDMAJ"},{"name":"ENVUTIL"},{"name":"ENVVERSION"},{"name":"ENVDEFLANG"},{"name":"CORPPIC"},{"name":"ENVVARINITSH"},{"name":"ENVTITLECOLOR"},{"name":"ENVTITLE"}]}
5/14/2019 2:27:50 19: LIBQUERY with Callback: 
5/14/2019 2:27:50 19: BEGIN PKREQUESTMANAGER.CALLQUERY(19,'WDG0000001','emorris','{HEINENS_CUSTOM_PROD}', '{emorris,-1}','{HN}', :cursor); END;
5/14/2019 2:27:52 19: 9 Object(s) returned... [FETCH]
5/14/2019 2:27:52 19: [object Object],[object Object],[object Object],[object Object],[object Object],[object Object],[object Object],[object Object],[object Object]
5/14/2019 2:27:52 19: {"metaData":[{"name":"WIDID"},{"name":"WIDBEHAVIOR"},{"name":"WIDTABLE"},{"name":"WIDRSS"},{"name":"WIDCHART"},{"name":"WIDINFO"},{"name":"WIDWIDTH"},{"name":"WIDHEIGHT"},{"name":"WIDX"},{"name":"WIDY"},{"name":"WIDROWS"},{"name":"UWPDCRE"},{"name":"UWPDMAJ"},{"name":"UWPUTIL"},{"name":"WIDSNAP"},{"name":"WIDSNAPFILE"},{"name":"LWQMWIDID"},{"name":"LWQCWIDID"},{"name":"LWQMFIELD"},{"name":"LWQCFIELD"},{"name":"LWQDCRE"},{"name":"LWQDMAJ"},{"name":"LWQUTIL"},{"name":"WRSID"},{"name":"WRSFIELD"},{"name":"WRSHEADER"},{"name":"WRSPOSITION"},{"name":"WRSDCRE"},{"name":"WRSDMAJ"},{"name":"WRSUTIL"},{"name":"WIDNAME"},{"name":"WIDDESC"}]}
5/14/2019 2:29:50 20: LIBQUERY with Callback: 
5/14/2019 2:29:50 20: BEGIN PKREQUESTMANAGER.CALLQUERY(20,'ADM0000001','emorris','{}', '{emorris,chambers27}','{}', :cursor); END;
5/14/2019 2:29:54 20: 1 Object(s) returned... [FETCH]
5/14/2019 2:29:54 20: [object Object]
5/14/2019 2:29:54 20: {"metaData":[{"name":"USERID"},{"name":"USERFNAME"},{"name":"USERLNAME"},{"name":"USEREMAIL"},{"name":"USERMOBILE"}]}
5/14/2019 2:29:54 21: LIBQUERY with Callback: 
5/14/2019 2:29:54 21: BEGIN PKREQUESTMANAGER.CALLQUERY(21,'CLI0000003','emorris','{}', '{emorris}','{}', :cursor); END;
5/14/2019 2:29:54 22: LIBQUERY with Callback: 
5/14/2019 2:29:54 22: BEGIN PKREQUESTMANAGER.CALLQUERY(22,'CLI0000002','emorris','{}', '{emorris}','{}', :cursor); END;
5/14/2019 2:29:56 22: 5 Object(s) returned... [FETCH]
5/14/2019 2:29:56 22: [object Object],[object Object],[object Object],[object Object],[object Object]
5/14/2019 2:29:56 22: 1 Object(s) returned... [FETCH]
5/14/2019 2:29:56 22: [object Object]
5/14/2019 2:29:56 22: {"metaData":[{"name":"LEVEL"},{"name":"ENVID"},{"name":"ENVCORPID"},{"name":"CORPSDESC"},{"name":"ENVCODE"},{"name":"ENVTYPE"},{"name":"ENVACTIVE"},{"name":"ENVSDESC"},{"name":"ENVLDESC"},{"name":"ENVDBTYPE"},{"name":"ENVIP"},{"name":"ENVPORT"},{"name":"ENVUSER"},{"name":"ENVPASSWORD"},{"name":"ENVSOURCE"},{"name":"ENVDBLINK"},{"name":"ENVDEFAULT"},{"name":"ENVDCRE"},{"name":"ENVDMAJ"},{"name":"ENVUTIL"},{"name":"ENVVERSION"},{"name":"ENVDEFLANG"},{"name":"CORPPIC"},{"name":"ENVVARINITSH"},{"name":"ENVTITLECOLOR"},{"name":"ENVTITLE"}]}
5/14/2019 2:29:56 22: {"metaData":[{"name":"USERID"},{"name":"USERCORPID"},{"name":"USERPASS"},{"name":"USERAUTH"},{"name":"USERLANG"},{"name":"USERPROF"},{"name":"USERAPPLI"},{"name":"USERFNAME"},{"name":"USERLNAME"},{"name":"USEREMAIL"},{"name":"USERMOBILE"},{"name":"USERTEAM"},{"name":"USERACTIVE"},{"name":"USERDCRE"},{"name":"USERDMAJ"},{"name":"USERUTIL"},{"name":"USERTYPE"}]}
5/14/2019 2:29:56 23: LIBQUERY with Callback: 
5/14/2019 2:29:56 23: BEGIN PKREQUESTMANAGER.CALLQUERY(23,'WDG0000001','emorris','{HEINENS_CUSTOM_PROD}', '{emorris,-1}','{HN}', :cursor); END;
5/14/2019 2:29:58 23: 9 Object(s) returned... [FETCH]
5/14/2019 2:29:58 23: [object Object],[object Object],[object Object],[object Object],[object Object],[object Object],[object Object],[object Object],[object Object]
5/14/2019 2:29:58 23: {"metaData":[{"name":"WIDID"},{"name":"WIDBEHAVIOR"},{"name":"WIDTABLE"},{"name":"WIDRSS"},{"name":"WIDCHART"},{"name":"WIDINFO"},{"name":"WIDWIDTH"},{"name":"WIDHEIGHT"},{"name":"WIDX"},{"name":"WIDY"},{"name":"WIDROWS"},{"name":"UWPDCRE"},{"name":"UWPDMAJ"},{"name":"UWPUTIL"},{"name":"WIDSNAP"},{"name":"WIDSNAPFILE"},{"name":"LWQMWIDID"},{"name":"LWQCWIDID"},{"name":"LWQMFIELD"},{"name":"LWQCFIELD"},{"name":"LWQDCRE"},{"name":"LWQDMAJ"},{"name":"LWQUTIL"},{"name":"WRSID"},{"name":"WRSFIELD"},{"name":"WRSHEADER"},{"name":"WRSPOSITION"},{"name":"WRSDCRE"},{"name":"WRSDMAJ"},{"name":"WRSUTIL"},{"name":"WIDNAME"},{"name":"WIDDESC"}]}
5/14/2019 2:32:17 24: LIBQUERY with Callback: 
5/14/2019 2:32:17 24: BEGIN PKREQUESTMANAGER.CALLQUERY(24,'ADM0000001','emorris','{}', '{emorris,chambers27}','{}', :cursor); END;
5/14/2019 2:32:19 24: 1 Object(s) returned... [FETCH]
5/14/2019 2:32:19 24: [object Object]
5/14/2019 2:32:19 24: {"metaData":[{"name":"USERID"},{"name":"USERFNAME"},{"name":"USERLNAME"},{"name":"USEREMAIL"},{"name":"USERMOBILE"}]}
5/14/2019 2:32:19 25: LIBQUERY with Callback: 
5/14/2019 2:32:19 25: BEGIN PKREQUESTMANAGER.CALLQUERY(25,'CLI0000003','emorris','{}', '{emorris}','{}', :cursor); END;
5/14/2019 2:32:19 26: LIBQUERY with Callback: 
5/14/2019 2:32:19 26: BEGIN PKREQUESTMANAGER.CALLQUERY(26,'CLI0000002','emorris','{}', '{emorris}','{}', :cursor); END;
5/14/2019 2:32:21 26: 1 Object(s) returned... [FETCH]
5/14/2019 2:32:21 26: [object Object]
5/14/2019 2:32:21 26: 5 Object(s) returned... [FETCH]
5/14/2019 2:32:21 26: [object Object],[object Object],[object Object],[object Object],[object Object]
5/14/2019 2:32:21 26: {"metaData":[{"name":"USERID"},{"name":"USERCORPID"},{"name":"USERPASS"},{"name":"USERAUTH"},{"name":"USERLANG"},{"name":"USERPROF"},{"name":"USERAPPLI"},{"name":"USERFNAME"},{"name":"USERLNAME"},{"name":"USEREMAIL"},{"name":"USERMOBILE"},{"name":"USERTEAM"},{"name":"USERACTIVE"},{"name":"USERDCRE"},{"name":"USERDMAJ"},{"name":"USERUTIL"},{"name":"USERTYPE"}]}
5/14/2019 2:32:21 26: {"metaData":[{"name":"LEVEL"},{"name":"ENVID"},{"name":"ENVCORPID"},{"name":"CORPSDESC"},{"name":"ENVCODE"},{"name":"ENVTYPE"},{"name":"ENVACTIVE"},{"name":"ENVSDESC"},{"name":"ENVLDESC"},{"name":"ENVDBTYPE"},{"name":"ENVIP"},{"name":"ENVPORT"},{"name":"ENVUSER"},{"name":"ENVPASSWORD"},{"name":"ENVSOURCE"},{"name":"ENVDBLINK"},{"name":"ENVDEFAULT"},{"name":"ENVDCRE"},{"name":"ENVDMAJ"},{"name":"ENVUTIL"},{"name":"ENVVERSION"},{"name":"ENVDEFLANG"},{"name":"CORPPIC"},{"name":"ENVVARINITSH"},{"name":"ENVTITLECOLOR"},{"name":"ENVTITLE"}]}
5/14/2019 2:32:22 27: LIBQUERY with Callback: 
5/14/2019 2:32:22 27: BEGIN PKREQUESTMANAGER.CALLQUERY(27,'WDG0000001','emorris','{HEINENS_CUSTOM_PROD}', '{emorris,-1}','{HN}', :cursor); END;
5/14/2019 2:32:23 27: 9 Object(s) returned... [FETCH]
5/14/2019 2:32:23 27: [object Object],[object Object],[object Object],[object Object],[object Object],[object Object],[object Object],[object Object],[object Object]
5/14/2019 2:32:23 27: {"metaData":[{"name":"WIDID"},{"name":"WIDBEHAVIOR"},{"name":"WIDTABLE"},{"name":"WIDRSS"},{"name":"WIDCHART"},{"name":"WIDINFO"},{"name":"WIDWIDTH"},{"name":"WIDHEIGHT"},{"name":"WIDX"},{"name":"WIDY"},{"name":"WIDROWS"},{"name":"UWPDCRE"},{"name":"UWPDMAJ"},{"name":"UWPUTIL"},{"name":"WIDSNAP"},{"name":"WIDSNAPFILE"},{"name":"LWQMWIDID"},{"name":"LWQCWIDID"},{"name":"LWQMFIELD"},{"name":"LWQCFIELD"},{"name":"LWQDCRE"},{"name":"LWQDMAJ"},{"name":"LWQUTIL"},{"name":"WRSID"},{"name":"WRSFIELD"},{"name":"WRSHEADER"},{"name":"WRSPOSITION"},{"name":"WRSDCRE"},{"name":"WRSDMAJ"},{"name":"WRSUTIL"},{"name":"WIDNAME"},{"name":"WIDDESC"}]}
5/14/2019 2:39:33 28: LIBQUERY with Callback: 
5/14/2019 2:39:33 28: BEGIN PKREQUESTMANAGER.CALLQUERY(28,'ADM0000001','emorris','{}', '{emorris,chambers27}','{}', :cursor); END;
5/14/2019 2:39:37 28: 1 Object(s) returned... [FETCH]
5/14/2019 2:39:37 28: [object Object]
5/14/2019 2:39:37 28: {"metaData":[{"name":"USERID"},{"name":"USERFNAME"},{"name":"USERLNAME"},{"name":"USEREMAIL"},{"name":"USERMOBILE"}]}
5/14/2019 2:39:37 29: LIBQUERY with Callback: 
5/14/2019 2:39:37 29: BEGIN PKREQUESTMANAGER.CALLQUERY(29,'CLI0000002','emorris','{}', '{emorris}','{}', :cursor); END;
5/14/2019 2:39:37 30: LIBQUERY with Callback: 
5/14/2019 2:39:37 30: BEGIN PKREQUESTMANAGER.CALLQUERY(30,'CLI0000003','emorris','{}', '{emorris}','{}', :cursor); END;
5/14/2019 2:39:39 30: 1 Object(s) returned... [FETCH]
5/14/2019 2:39:39 30: [object Object]
5/14/2019 2:39:39 30: 5 Object(s) returned... [FETCH]
5/14/2019 2:39:39 30: [object Object],[object Object],[object Object],[object Object],[object Object]
5/14/2019 2:39:39 30: {"metaData":[{"name":"USERID"},{"name":"USERCORPID"},{"name":"USERPASS"},{"name":"USERAUTH"},{"name":"USERLANG"},{"name":"USERPROF"},{"name":"USERAPPLI"},{"name":"USERFNAME"},{"name":"USERLNAME"},{"name":"USEREMAIL"},{"name":"USERMOBILE"},{"name":"USERTEAM"},{"name":"USERACTIVE"},{"name":"USERDCRE"},{"name":"USERDMAJ"},{"name":"USERUTIL"},{"name":"USERTYPE"}]}
5/14/2019 2:39:39 30: {"metaData":[{"name":"LEVEL"},{"name":"ENVID"},{"name":"ENVCORPID"},{"name":"CORPSDESC"},{"name":"ENVCODE"},{"name":"ENVTYPE"},{"name":"ENVACTIVE"},{"name":"ENVSDESC"},{"name":"ENVLDESC"},{"name":"ENVDBTYPE"},{"name":"ENVIP"},{"name":"ENVPORT"},{"name":"ENVUSER"},{"name":"ENVPASSWORD"},{"name":"ENVSOURCE"},{"name":"ENVDBLINK"},{"name":"ENVDEFAULT"},{"name":"ENVDCRE"},{"name":"ENVDMAJ"},{"name":"ENVUTIL"},{"name":"ENVVERSION"},{"name":"ENVDEFLANG"},{"name":"CORPPIC"},{"name":"ENVVARINITSH"},{"name":"ENVTITLECOLOR"},{"name":"ENVTITLE"}]}
5/14/2019 2:39:39 31: LIBQUERY with Callback: 
5/14/2019 2:39:39 31: BEGIN PKREQUESTMANAGER.CALLQUERY(31,'WDG0000001','emorris','{HEINENS_CUSTOM_PROD}', '{emorris,-1}','{HN}', :cursor); END;
5/14/2019 2:39:42 31: 9 Object(s) returned... [FETCH]
5/14/2019 2:39:42 31: [object Object],[object Object],[object Object],[object Object],[object Object],[object Object],[object Object],[object Object],[object Object]
5/14/2019 2:39:42 31: {"metaData":[{"name":"WIDID"},{"name":"WIDBEHAVIOR"},{"name":"WIDTABLE"},{"name":"WIDRSS"},{"name":"WIDCHART"},{"name":"WIDINFO"},{"name":"WIDWIDTH"},{"name":"WIDHEIGHT"},{"name":"WIDX"},{"name":"WIDY"},{"name":"WIDROWS"},{"name":"UWPDCRE"},{"name":"UWPDMAJ"},{"name":"UWPUTIL"},{"name":"WIDSNAP"},{"name":"WIDSNAPFILE"},{"name":"LWQMWIDID"},{"name":"LWQCWIDID"},{"name":"LWQMFIELD"},{"name":"LWQCFIELD"},{"name":"LWQDCRE"},{"name":"LWQDMAJ"},{"name":"LWQUTIL"},{"name":"WRSID"},{"name":"WRSFIELD"},{"name":"WRSHEADER"},{"name":"WRSPOSITION"},{"name":"WRSDCRE"},{"name":"WRSDMAJ"},{"name":"WRSUTIL"},{"name":"WIDNAME"},{"name":"WIDDESC"}]}
5/14/2019 2:41:37 36: LIBQUERY with Callback: 
5/14/2019 2:41:37 36: BEGIN PKREQUESTMANAGER.CALLQUERY(36,'ADM0000001','emorris','{}', '{emorris,chambers27}','{}', :cursor); END;
5/14/2019 2:41:39 36: 1 Object(s) returned... [FETCH]
5/14/2019 2:41:39 36: [object Object]
5/14/2019 2:41:39 36: {"metaData":[{"name":"USERID"},{"name":"USERFNAME"},{"name":"USERLNAME"},{"name":"USEREMAIL"},{"name":"USERMOBILE"}]}
5/14/2019 2:41:39 37: LIBQUERY with Callback: 
5/14/2019 2:41:39 37: BEGIN PKREQUESTMANAGER.CALLQUERY(37,'CLI0000002','emorris','{}', '{emorris}','{}', :cursor); END;
5/14/2019 2:41:39 38: LIBQUERY with Callback: 
5/14/2019 2:41:39 38: BEGIN PKREQUESTMANAGER.CALLQUERY(38,'CLI0000003','emorris','{}', '{emorris}','{}', :cursor); END;
5/14/2019 2:41:41 38: 1 Object(s) returned... [FETCH]
5/14/2019 2:41:41 38: [object Object]
5/14/2019 2:41:41 38: {"metaData":[{"name":"USERID"},{"name":"USERCORPID"},{"name":"USERPASS"},{"name":"USERAUTH"},{"name":"USERLANG"},{"name":"USERPROF"},{"name":"USERAPPLI"},{"name":"USERFNAME"},{"name":"USERLNAME"},{"name":"USEREMAIL"},{"name":"USERMOBILE"},{"name":"USERTEAM"},{"name":"USERACTIVE"},{"name":"USERDCRE"},{"name":"USERDMAJ"},{"name":"USERUTIL"},{"name":"USERTYPE"}]}
5/14/2019 2:41:41 38: 5 Object(s) returned... [FETCH]
5/14/2019 2:41:41 38: [object Object],[object Object],[object Object],[object Object],[object Object]
5/14/2019 2:41:41 38: {"metaData":[{"name":"LEVEL"},{"name":"ENVID"},{"name":"ENVCORPID"},{"name":"CORPSDESC"},{"name":"ENVCODE"},{"name":"ENVTYPE"},{"name":"ENVACTIVE"},{"name":"ENVSDESC"},{"name":"ENVLDESC"},{"name":"ENVDBTYPE"},{"name":"ENVIP"},{"name":"ENVPORT"},{"name":"ENVUSER"},{"name":"ENVPASSWORD"},{"name":"ENVSOURCE"},{"name":"ENVDBLINK"},{"name":"ENVDEFAULT"},{"name":"ENVDCRE"},{"name":"ENVDMAJ"},{"name":"ENVUTIL"},{"name":"ENVVERSION"},{"name":"ENVDEFLANG"},{"name":"CORPPIC"},{"name":"ENVVARINITSH"},{"name":"ENVTITLECOLOR"},{"name":"ENVTITLE"}]}
5/14/2019 2:41:41 39: LIBQUERY with Callback: 
5/14/2019 2:41:41 39: BEGIN PKREQUESTMANAGER.CALLQUERY(39,'WDG0000001','emorris','{HEINENS_CUSTOM_PROD}', '{emorris,-1}','{HN}', :cursor); END;
5/14/2019 2:41:43 39: 9 Object(s) returned... [FETCH]
5/14/2019 2:41:43 39: [object Object],[object Object],[object Object],[object Object],[object Object],[object Object],[object Object],[object Object],[object Object]
5/14/2019 2:41:43 39: {"metaData":[{"name":"WIDID"},{"name":"WIDBEHAVIOR"},{"name":"WIDTABLE"},{"name":"WIDRSS"},{"name":"WIDCHART"},{"name":"WIDINFO"},{"name":"WIDWIDTH"},{"name":"WIDHEIGHT"},{"name":"WIDX"},{"name":"WIDY"},{"name":"WIDROWS"},{"name":"UWPDCRE"},{"name":"UWPDMAJ"},{"name":"UWPUTIL"},{"name":"WIDSNAP"},{"name":"WIDSNAPFILE"},{"name":"LWQMWIDID"},{"name":"LWQCWIDID"},{"name":"LWQMFIELD"},{"name":"LWQCFIELD"},{"name":"LWQDCRE"},{"name":"LWQDMAJ"},{"name":"LWQUTIL"},{"name":"WRSID"},{"name":"WRSFIELD"},{"name":"WRSHEADER"},{"name":"WRSPOSITION"},{"name":"WRSDCRE"},{"name":"WRSDMAJ"},{"name":"WRSUTIL"},{"name":"WIDNAME"},{"name":"WIDDESC"}]}
5/14/2019 2:42:15 40: LIBQUERY with Callback: 
5/14/2019 2:42:15 40: BEGIN PKREQUESTMANAGER.CALLQUERY(40,'SUP0000001','emorris','{HEINENS_CEN_UAT}', '{08065}','{HN}', :cursor); END;
5/14/2019 2:42:18 40: 92 Object(s) returned... [FETCH]
5/14/2019 2:42:18 40: [object Object],[object Object],[object Object],[object Object],[object Object],[object Object],[object Object],[object Object],[object Object],[object Object],[object Object],[object Object],[object Object],[object Object],[object Object],[object Object],[object Object],[object Object],[object Object],[object Object],[object Object],[object Object],[object Object],[object Object],[object Object],[object Object],[object Object],[object Object],[object Object],[object Object],[object Object],[object Object],[object Object],[object Object],[object Object],[object Object],[object Object],[object Object],[object Object],[object Object],[object Object],[object Object],[object Object],[object Object],[object Object],[object Object],[object Object],[object Object],[object Object],[object Object],[object Object],[object Object],[object Object],[object Object],[object Object],[object Object],[object Object],[object Object],[object Object],[object Object],[object Object],[object Object],[object Object],[object Object],[object Object],[object Object],[object Object],[object Object],[object Object],[object Object],[object Object],[object Object],[object Object],[object Object],[object Object],[object Object],[object Object],[object Object],[object Object],[object Object],[object Object],[object Object],[object Object],[object Object],[object Object],[object Object],[object Object],[object Object],[object Object],[object Object],[object Object],[object Object]
5/14/2019 2:42:18 40: {"metaData":[{"name":"LISCFIN"},{"name":"FOUCNUF"},{"name":"FOULIBL"},{"name":"FCSNUM"},{"name":"LISCSIN"},{"name":"LISCCIN"},{"name":"FCCNUM"},{"name":"LISNFILF"},{"name":"SOCSITE"},{"name":"SOCLMAG"},{"name":"LISNFILC"},{"name":"LISTLIV"},{"name":"LISCOMC"},{"name":"LISCOMR"},{"name":"LISCOMF"},{"name":"LISVCOM"},{"name":"LISTSLI"},{"name":"LISTSQP"},{"name":"LISTOP"},{"name":"LISAVAL"},{"name":"LISMARQ"},{"name":"LISREAP"},{"name":"LISUREAP"},{"name":"LISUREAP_LIB"},{"name":"LISCOMM"},{"name":"LISCDLU"},{"name":"LISCDMA"},{"name":"LISCDME"},{"name":"LISCDJE"},{"name":"LISCDVE"},{"name":"LISCDSA"},{"name":"LISCDDI"},{"name":"LISLILU"},{"name":"LISLIMA"},{"name":"LISLIME"},{"name":"LISLIJE"},{"name":"LISLIVE"},{"name":"LISLISA"},{"name":"LISLIDI"},{"name":"LISHRLU"},{"name":"LISHRMA"},{"name":"LISHRME"},{"name":"LISHRJE"},{"name":"LISHRVE"},{"name":"LISHRSA"},{"name":"LISHRDI"},{"name":"LISHLLU"},{"name":"LISHLMA"},{"name":"LISHLME"},{"name":"LISHLJE"},{"name":"LISHLVE"},{"name":"LISHLSA"},{"name":"LISHLDI"},{"name":"LISHRLU2"},{"name":"LISHRMA2"},{"name":"LISHRME2"},{"name":"LISHRJE2"},{"name":"LISHRVE2"},{"name":"LISHRSA2"},{"name":"LISHRDI2"},{"name":"LISHLLU2"},{"name":"LISHLMA2"},{"name":"LISHLME2"},{"name":"LISHLJE2"},{"name":"LISHLVE2"},{"name":"LISHLSA2"},{"name":"LISHLDI2"},{"name":"LISHRLU3"},{"name":"LISHRMA3"},{"name":"LISHRME3"},{"name":"LISHRJE3"},{"name":"LISHRVE3"},{"name":"LISHRSA3"},{"name":"LISHRDI3"},{"name":"LISHLLU3"},{"name":"LISHLMA3"},{"name":"LISHLME3"},{"name":"LISHLJE3"},{"name":"LISHLVE3"},{"name":"LISHLSA3"},{"name":"LISHLDI3"},{"name":"LISDDEB"},{"name":"LISDFIN"}]}
