5/14/2019 2:46:51 41: LIBQUERY with Callback: 
5/14/2019 2:46:51 41: BEGIN PKREQUESTMANAGER.CALLQUERY(41,'ADM0000001','lnevels','{}', '{lnevels,lnevels}','{}', :cursor); END;
5/14/2019 2:46:53 41: 1 Object(s) returned... [FETCH]
5/14/2019 2:46:53 41: [object Object]
5/14/2019 2:46:53 41: {"metaData":[{"name":"USERID"},{"name":"USERFNAME"},{"name":"USERLNAME"},{"name":"USEREMAIL"},{"name":"USERMOBILE"}]}
5/14/2019 2:46:54 42: LIBQUERY with Callback: 
5/14/2019 2:46:54 42: BEGIN PKREQUESTMANAGER.CALLQUERY(42,'CLI0000002','lnevels','{}', '{lnevels}','{}', :cursor); END;
5/14/2019 2:46:54 43: LIBQUERY with Callback: 
5/14/2019 2:46:54 43: BEGIN PKREQUESTMANAGER.CALLQUERY(43,'ADM0000001','lnevels','{}', '{lnevels,lnevels}','{}', :cursor); END;
5/14/2019 2:46:54 44: LIBQUERY with Callback: 
5/14/2019 2:46:54 44: BEGIN PKREQUESTMANAGER.CALLQUERY(44,'CLI0000003','lnevels','{}', '{lnevels}','{}', :cursor); END;
5/14/2019 2:46:55 44: 1 Object(s) returned... [FETCH]
5/14/2019 2:46:55 44: [object Object]
5/14/2019 2:46:55 44: {"metaData":[{"name":"USERID"},{"name":"USERCORPID"},{"name":"USERPASS"},{"name":"USERAUTH"},{"name":"USERLANG"},{"name":"USERPROF"},{"name":"USERAPPLI"},{"name":"USERFNAME"},{"name":"USERLNAME"},{"name":"USEREMAIL"},{"name":"USERMOBILE"},{"name":"USERTEAM"},{"name":"USERACTIVE"},{"name":"USERDCRE"},{"name":"USERDMAJ"},{"name":"USERUTIL"},{"name":"USERTYPE"}]}
5/14/2019 2:46:56 44: 1 Object(s) returned... [FETCH]
5/14/2019 2:46:56 44: [object Object]
5/14/2019 2:46:56 44: {"metaData":[{"name":"USERID"},{"name":"USERFNAME"},{"name":"USERLNAME"},{"name":"USEREMAIL"},{"name":"USERMOBILE"}]}
5/14/2019 2:46:56 45: LIBQUERY with Callback: 
5/14/2019 2:46:56 45: BEGIN PKREQUESTMANAGER.CALLQUERY(45,'CLI0000002','lnevels','{}', '{lnevels}','{}', :cursor); END;
5/14/2019 2:46:56 44: 5 Object(s) returned... [FETCH]
5/14/2019 2:46:56 44: [object Object],[object Object],[object Object],[object Object],[object Object]
5/14/2019 2:46:56 44: {"metaData":[{"name":"LEVEL"},{"name":"ENVID"},{"name":"ENVCORPID"},{"name":"CORPSDESC"},{"name":"ENVCODE"},{"name":"ENVTYPE"},{"name":"ENVACTIVE"},{"name":"ENVSDESC"},{"name":"ENVLDESC"},{"name":"ENVDBTYPE"},{"name":"ENVIP"},{"name":"ENVPORT"},{"name":"ENVUSER"},{"name":"ENVPASSWORD"},{"name":"ENVSOURCE"},{"name":"ENVDBLINK"},{"name":"ENVDEFAULT"},{"name":"ENVDCRE"},{"name":"ENVDMAJ"},{"name":"ENVUTIL"},{"name":"ENVVERSION"},{"name":"ENVDEFLANG"},{"name":"CORPPIC"},{"name":"ENVVARINITSH"},{"name":"ENVTITLECOLOR"},{"name":"ENVTITLE"}]}
5/14/2019 2:46:56 46: LIBQUERY with Callback: 
5/14/2019 2:46:56 46: BEGIN PKREQUESTMANAGER.CALLQUERY(46,'CLI0000003','lnevels','{}', '{lnevels}','{}', :cursor); END;
5/14/2019 2:46:56 47: LIBQUERY with Callback: 
5/14/2019 2:46:56 47: BEGIN PKREQUESTMANAGER.CALLQUERY(47,'WDG0000001','lnevels','{HEINENS_CUSTOM_PROD}', '{lnevels,-1}','{HN}', :cursor); END;
5/14/2019 2:46:57 47: 1 Object(s) returned... [FETCH]
5/14/2019 2:46:57 47: [object Object]
5/14/2019 2:46:57 47: {"metaData":[{"name":"USERID"},{"name":"USERCORPID"},{"name":"USERPASS"},{"name":"USERAUTH"},{"name":"USERLANG"},{"name":"USERPROF"},{"name":"USERAPPLI"},{"name":"USERFNAME"},{"name":"USERLNAME"},{"name":"USEREMAIL"},{"name":"USERMOBILE"},{"name":"USERTEAM"},{"name":"USERACTIVE"},{"name":"USERDCRE"},{"name":"USERDMAJ"},{"name":"USERUTIL"},{"name":"USERTYPE"}]}
5/14/2019 2:46:57 47: 5 Object(s) returned... [FETCH]
5/14/2019 2:46:57 47: [object Object],[object Object],[object Object],[object Object],[object Object]
5/14/2019 2:46:57 47: {"metaData":[{"name":"LEVEL"},{"name":"ENVID"},{"name":"ENVCORPID"},{"name":"CORPSDESC"},{"name":"ENVCODE"},{"name":"ENVTYPE"},{"name":"ENVACTIVE"},{"name":"ENVSDESC"},{"name":"ENVLDESC"},{"name":"ENVDBTYPE"},{"name":"ENVIP"},{"name":"ENVPORT"},{"name":"ENVUSER"},{"name":"ENVPASSWORD"},{"name":"ENVSOURCE"},{"name":"ENVDBLINK"},{"name":"ENVDEFAULT"},{"name":"ENVDCRE"},{"name":"ENVDMAJ"},{"name":"ENVUTIL"},{"name":"ENVVERSION"},{"name":"ENVDEFLANG"},{"name":"CORPPIC"},{"name":"ENVVARINITSH"},{"name":"ENVTITLECOLOR"},{"name":"ENVTITLE"}]}
5/14/2019 2:46:58 47: 9 Object(s) returned... [FETCH]
5/14/2019 2:46:58 47: [object Object],[object Object],[object Object],[object Object],[object Object],[object Object],[object Object],[object Object],[object Object]
5/14/2019 2:46:58 47: {"metaData":[{"name":"WIDID"},{"name":"WIDBEHAVIOR"},{"name":"WIDTABLE"},{"name":"WIDRSS"},{"name":"WIDCHART"},{"name":"WIDINFO"},{"name":"WIDWIDTH"},{"name":"WIDHEIGHT"},{"name":"WIDX"},{"name":"WIDY"},{"name":"WIDROWS"},{"name":"UWPDCRE"},{"name":"UWPDMAJ"},{"name":"UWPUTIL"},{"name":"WIDSNAP"},{"name":"WIDSNAPFILE"},{"name":"LWQMWIDID"},{"name":"LWQCWIDID"},{"name":"LWQMFIELD"},{"name":"LWQCFIELD"},{"name":"LWQDCRE"},{"name":"LWQDMAJ"},{"name":"LWQUTIL"},{"name":"WRSID"},{"name":"WRSFIELD"},{"name":"WRSHEADER"},{"name":"WRSPOSITION"},{"name":"WRSDCRE"},{"name":"WRSDMAJ"},{"name":"WRSUTIL"},{"name":"WIDNAME"},{"name":"WIDDESC"}]}
