6/7/2019 11:31:16 1: BEGIN PKREQUESTMANAGER.CALLQUERY(1,'STK0000001','abe','{HEINENS_CEN_UAT}', '{21}','{HN}', :cursor); END;
6/7/2019 11:32:10 1: BEGIN PKREQUESTMANAGER.CALLQUERY(1,'STK0000001','abe','{HEINENS_CEN_UAT}', '{21}','{HN}', :cursor); END;
6/7/2019 11:35:16 2: BEGIN PKREQUESTMANAGER.CALLQUERY(2,'STK0000001','abe','{HEINENS_CEN_UAT}', '{21}','{HN}', :cursor); END;
6/7/2019 11:35:19 2: [{"'EXECUTINGISSUE,CHECKDBMS_SQL.EXECUTERIGHTS.-907-ORA-00907:MISSINGRIGHTPARENTHESIS'":"Executing issue, check DBMS_SQL.EXECUTE rights. -907-ORA-00907: missing right parenthesis"}]
6/7/2019 11:35:19 2: 1 Object(s) returned... [FETCH]
6/7/2019 15:38:45 3: BEGIN PKREQUESTMANAGER.CALLQUERY(3,'STK0000001','abe','{HEINENS_CEN_UAT}', '{21}','{HN}', :cursor); END;
6/7/2019 15:39:4 3: [{"IMAGE_DATE":"2019-06-08T01:38:49.000Z","STOSITE":21,"SOCLMAG":"E. 9TH CLEVELAND","DEPT_ID":"1030000000000","DEPT_DESC":"GROCERY DEPARTMENT","SDEPT_ID":"1030020000000","SDEPT_DESC":"TAXABLE GROCERY SUB-DEPT ","CAT_ID":"1030020610000","CAT_DESC":"SOAPS","SCAT_ID":"1030020610378","SCAT_DESC":"BODY WASH","ITEMCODE":"947096","ITEM_DESC":"16 OZ JASON ALOE SATIN S","QTY":2,"TOTALCOST":9.21583566259428,"UNITCOST":4.607917831297139,"RETAIL":6.99,"MARGIN":"34.08","LASTMVTDATE":"2017-06-19T13:47:00.000Z","LASTMVT":"CORRECTION IN QTITY","LASTSALE":"2017-06-12T07:00:00.000Z","ORDERABLEUNTIL":"2049-12-31T07:00:00.000Z"}]
6/7/2019 15:39:4 3: 1 Object(s) returned... [FETCH]
6/7/2019 15:40:47 1: BEGIN PKREQUESTMANAGER.CALLQUERY(1,'STK0000001','abe','{HEINENS_CEN_UAT}', '{21}','{HN}', :cursor); END;
6/7/2019 15:41:3 1: [{"IMAGE_DATE":"2019-06-08T01:40:49.000Z","STOSITE":21,"SOCLMAG":"E. 9TH CLEVELAND","DEPT_ID":"1030000000000","DEPT_DESC":"GROCERY DEPARTMENT","SDEPT_ID":"1030020000000","SDEPT_DESC":"TAXABLE GROCERY SUB-DEPT ","CAT_ID":"1030020610000","CAT_DESC":"SOAPS","SCAT_ID":"1030020610378","SCAT_DESC":"BODY WASH","ITEMCODE":"947096","ITEM_DESC":"16 OZ JASON ALOE SATIN S","QTY":2,"TOTALCOST":9.21583566259428,"UNITCOST":4.607917831297139,"RETAIL":6.99,"MARGIN":"34.08","LASTMVTDATE":"2017-06-19T13:47:00.000Z","LASTMVT":"CORRECTION IN QTITY","LASTSALE":"2017-06-12T07:00:00.000Z","ORDERABLEUNTIL":"2049-12-31T07:00:00.000Z"}]
6/7/2019 15:41:3 1: 1 Object(s) returned... [FETCH]
6/7/2019 15:41:47 1: BEGIN PKREQUESTMANAGER.CALLQUERY(1,'STK0000001','abe','{HEINENS_CEN_UAT}', '{21}','{HN}', :cursor); END;
6/7/2019 15:42:4 1: [{"IMAGE_DATE":"2019-06-08T01:41:49.000Z","STOSITE":21,"SOCLMAG":"E. 9TH CLEVELAND","DEPT_ID":"1030000000000","DEPT_DESC":"GROCERY DEPARTMENT","SDEPT_ID":"1030020000000","SDEPT_DESC":"TAXABLE GROCERY SUB-DEPT ","CAT_ID":"1030020610000","CAT_DESC":"SOAPS","SCAT_ID":"1030020610378","SCAT_DESC":"BODY WASH","ITEMCODE":"947096","ITEM_DESC":"16 OZ JASON ALOE SATIN S","QTY":2,"TOTALCOST":9.21583566259428,"UNITCOST":4.607917831297139,"RETAIL":6.99,"MARGIN":"34.08","LASTMVTDATE":"2017-06-19T13:47:00.000Z","LASTMVT":"CORRECTION IN QTITY","LASTSALE":"2017-06-12T07:00:00.000Z","ORDERABLEUNTIL":"2049-12-31T07:00:00.000Z"}]
6/7/2019 15:42:4 1: 1 Object(s) returned... [FETCH]
6/7/2019 15:42:19 1: BEGIN PKREQUESTMANAGER.CALLQUERY(1,'STK0000001','abe','{HEINENS_CEN_UAT}', '{21}','{HN}', :cursor); END;
6/7/2019 15:42:36 1: [{"IMAGE_DATE":"2019-06-08T01:42:21.000Z","STOSITE":21,"SOCLMAG":"E. 9TH CLEVELAND","DEPT_ID":"1030000000000","DEPT_DESC":"GROCERY DEPARTMENT","SDEPT_ID":"1030020000000","SDEPT_DESC":"TAXABLE GROCERY SUB-DEPT ","CAT_ID":"1030020610000","CAT_DESC":"SOAPS","SCAT_ID":"1030020610378","SCAT_DESC":"BODY WASH","ITEMCODE":"947096","ITEM_DESC":"16 OZ JASON ALOE SATIN S","QTY":2,"TOTALCOST":9.21583566259428,"UNITCOST":4.607917831297139,"RETAIL":6.99,"MARGIN":"34.08","LASTMVTDATE":"2017-06-19T13:47:00.000Z","LASTMVT":"CORRECTION IN QTITY","LASTSALE":"2017-06-12T07:00:00.000Z","ORDERABLEUNTIL":"2049-12-31T07:00:00.000Z"}]
6/7/2019 15:42:36 1: 1 Object(s) returned... [FETCH]
6/7/2019 15:43:36 1: BEGIN PKREQUESTMANAGER.CALLQUERY(1,'STK0000001','abe','{HEINENS_CEN_UAT}', '{21}','{HN}', :cursor); END;
6/7/2019 15:43:52 1: [{"IMAGE_DATE":"2019-06-08T01:43:38.000Z","STOSITE":21,"SOCLMAG":"E. 9TH CLEVELAND","DEPT_ID":"1030000000000","DEPT_DESC":"GROCERY DEPARTMENT","SDEPT_ID":"1030020000000","SDEPT_DESC":"TAXABLE GROCERY SUB-DEPT ","CAT_ID":"1030020610000","CAT_DESC":"SOAPS","SCAT_ID":"1030020610378","SCAT_DESC":"BODY WASH","ITEMCODE":"947096","ITEM_DESC":"16 OZ JASON ALOE SATIN S","QTY":2,"TOTALCOST":9.21583566259428,"UNITCOST":4.607917831297139,"RETAIL":6.99,"MARGIN":"34.08","LASTMVTDATE":"2017-06-19T13:47:00.000Z","LASTMVT":"CORRECTION IN QTITY","LASTSALE":"2017-06-12T07:00:00.000Z","ORDERABLEUNTIL":"2049-12-31T07:00:00.000Z"}]
6/7/2019 15:43:52 1: 1 Object(s) returned... [FETCH]
6/7/2019 15:44:43 1: BEGIN PKREQUESTMANAGER.CALLQUERY(1,'STK0000001','abe','{HEINENS_CEN_UAT}', '{21}','{HN}', :cursor); END;
6/7/2019 15:44:59 1: [{"IMAGE_DATE":"2019-06-08T01:44:44.000Z","STOSITE":21,"SOCLMAG":"E. 9TH CLEVELAND","DEPT_ID":"1030000000000","DEPT_DESC":"GROCERY DEPARTMENT","SDEPT_ID":"1030020000000","SDEPT_DESC":"TAXABLE GROCERY SUB-DEPT ","CAT_ID":"1030020610000","CAT_DESC":"SOAPS","SCAT_ID":"1030020610378","SCAT_DESC":"BODY WASH","ITEMCODE":"947096","ITEM_DESC":"16 OZ JASON ALOE SATIN S","QTY":2,"TOTALCOST":9.21583566259428,"UNITCOST":4.607917831297139,"RETAIL":6.99,"MARGIN":"34.08","LASTMVTDATE":"2017-06-19T13:47:00.000Z","LASTMVT":"CORRECTION IN QTITY","LASTSALE":"2017-06-12T07:00:00.000Z","ORDERABLEUNTIL":"2049-12-31T07:00:00.000Z"}]
6/7/2019 15:44:59 1: 1 Object(s) returned... [FETCH]
6/7/2019 15:47:0 1: BEGIN PKREQUESTMANAGER.CALLQUERY(1,'STK0000001','abe','{HEINENS_CEN_UAT}', '{21}','{HN}', :cursor); END;
6/7/2019 15:47:19 1: [{"IMAGE_DATE":"2019-06-08T01:47:03.000Z","STOSITE":21,"SOCLMAG":"E. 9TH CLEVELAND","DEPT_ID":"1030000000000","DEPT_DESC":"GROCERY DEPARTMENT","SDEPT_ID":"1030020000000","SDEPT_DESC":"TAXABLE GROCERY SUB-DEPT ","CAT_ID":"1030020610000","CAT_DESC":"SOAPS","SCAT_ID":"1030020610378","SCAT_DESC":"BODY WASH","ITEMCODE":"947096","ITEM_DESC":"16 OZ JASON ALOE SATIN S","QTY":2,"TOTALCOST":9.21583566259428,"UNITCOST":4.607917831297139,"RETAIL":6.99,"MARGIN":"34.08","LASTMVTDATE":"2017-06-19T13:47:00.000Z","LASTMVT":"CORRECTION IN QTITY","LASTSALE":"2017-06-12T07:00:00.000Z","ORDERABLEUNTIL":"2049-12-31T07:00:00.000Z"}]
6/7/2019 15:47:19 1: 1 Object(s) returned... [FETCH]
6/7/2019 15:47:44 1: BEGIN PKREQUESTMANAGER.CALLQUERY(1,'STK0000001','abe','{HEINENS_CEN_UAT}', '{21}','{HN}', :cursor); END;
6/7/2019 15:48:1 1: [{"IMAGE_DATE":"2019-06-08T01:47:46.000Z","STOSITE":21,"SOCLMAG":"E. 9TH CLEVELAND","DEPT_ID":"1030000000000","DEPT_DESC":"GROCERY DEPARTMENT","SDEPT_ID":"1030020000000","SDEPT_DESC":"TAXABLE GROCERY SUB-DEPT ","CAT_ID":"1030020610000","CAT_DESC":"SOAPS","SCAT_ID":"1030020610378","SCAT_DESC":"BODY WASH","ITEMCODE":"947096","ITEM_DESC":"16 OZ JASON ALOE SATIN S","QTY":2,"TOTALCOST":9.21583566259428,"UNITCOST":4.607917831297139,"RETAIL":6.99,"MARGIN":"34.08","LASTMVTDATE":"2017-06-19T13:47:00.000Z","LASTMVT":"CORRECTION IN QTITY","LASTSALE":"2017-06-12T07:00:00.000Z","ORDERABLEUNTIL":"2049-12-31T07:00:00.000Z"}]
6/7/2019 15:48:1 1: 1 Object(s) returned... [FETCH]
6/7/2019 15:48:55 1: BEGIN PKREQUESTMANAGER.CALLQUERY(1,'STK0000001','abe','{HEINENS_CEN_UAT}', '{21}','{HN}', :cursor); END;
6/7/2019 15:49:11 1: [{"IMAGE_DATE":"2019-06-08T01:48:56.000Z","STOSITE":21,"SOCLMAG":"E. 9TH CLEVELAND","DEPT_ID":"1030000000000","DEPT_DESC":"GROCERY DEPARTMENT","SDEPT_ID":"1030020000000","SDEPT_DESC":"TAXABLE GROCERY SUB-DEPT ","CAT_ID":"1030020610000","CAT_DESC":"SOAPS","SCAT_ID":"1030020610378","SCAT_DESC":"BODY WASH","ITEMCODE":"947096","ITEM_DESC":"16 OZ JASON ALOE SATIN S","QTY":2,"TOTALCOST":9.21583566259428,"UNITCOST":4.607917831297139,"RETAIL":6.99,"MARGIN":"34.08","LASTMVTDATE":"2017-06-19T13:47:00.000Z","LASTMVT":"CORRECTION IN QTITY","LASTSALE":"2017-06-12T07:00:00.000Z","ORDERABLEUNTIL":"2049-12-31T07:00:00.000Z"}]
6/7/2019 15:49:11 1: 1 Object(s) returned... [FETCH]
6/7/2019 15:49:23 1: BEGIN PKREQUESTMANAGER.CALLQUERY(1,'STK0000001','abe','{HEINENS_CEN_UAT}', '{21}','{HN}', :cursor); END;
6/7/2019 15:49:39 1: [{"IMAGE_DATE":"2019-06-08T01:49:25.000Z","STOSITE":21,"SOCLMAG":"E. 9TH CLEVELAND","DEPT_ID":"1030000000000","DEPT_DESC":"GROCERY DEPARTMENT","SDEPT_ID":"1030020000000","SDEPT_DESC":"TAXABLE GROCERY SUB-DEPT ","CAT_ID":"1030020610000","CAT_DESC":"SOAPS","SCAT_ID":"1030020610378","SCAT_DESC":"BODY WASH","ITEMCODE":"947096","ITEM_DESC":"16 OZ JASON ALOE SATIN S","QTY":2,"TOTALCOST":9.21583566259428,"UNITCOST":4.607917831297139,"RETAIL":6.99,"MARGIN":"34.08","LASTMVTDATE":"2017-06-19T13:47:00.000Z","LASTMVT":"CORRECTION IN QTITY","LASTSALE":"2017-06-12T07:00:00.000Z","ORDERABLEUNTIL":"2049-12-31T07:00:00.000Z"}]
6/7/2019 15:49:39 1: 1 Object(s) returned... [FETCH]
6/7/2019 15:50:15 1: BEGIN PKREQUESTMANAGER.CALLQUERY(1,'STK0000001','abe','{HEINENS_CEN_UAT}', '{21}','{HN}', :cursor); END;
6/7/2019 15:50:31 1: [{"IMAGE_DATE":"2019-06-08T01:50:16.000Z","STOSITE":21,"SOCLMAG":"E. 9TH CLEVELAND","DEPT_ID":"1030000000000","DEPT_DESC":"GROCERY DEPARTMENT","SDEPT_ID":"1030020000000","SDEPT_DESC":"TAXABLE GROCERY SUB-DEPT ","CAT_ID":"1030020610000","CAT_DESC":"SOAPS","SCAT_ID":"1030020610378","SCAT_DESC":"BODY WASH","ITEMCODE":"947096","ITEM_DESC":"16 OZ JASON ALOE SATIN S","QTY":2,"TOTALCOST":9.21583566259428,"UNITCOST":4.607917831297139,"RETAIL":6.99,"MARGIN":"34.08","LASTMVTDATE":"2017-06-19T13:47:00.000Z","LASTMVT":"CORRECTION IN QTITY","LASTSALE":"2017-06-12T07:00:00.000Z","ORDERABLEUNTIL":"2049-12-31T07:00:00.000Z"}]
6/7/2019 15:50:31 1: 1 Object(s) returned... [FETCH]
6/7/2019 15:56:39 1: ./repository/downloads/inventory/STK0000001_HEINENS_CEN_UAT_21.json File(s) returned... [FETCH]
6/7/2019 15:57:27 1: ./repository/downloads/inventory/STK0000001_HEINENS_CEN_UAT_21.json File(s) returned... [FETCH]
6/7/2019 16:0:17 1: ./repository/downloads/inventory/STK0000001_HEINENS_CEN_UAT_21.json File(s) returned... [FETCH]
6/7/2019 16:6:26 1: ./repository/downloads/inventory/STK0000001_HEINENS_CEN_UAT_21.json File(s) returned... [FETCH]
6/7/2019 16:9:14 1: BEGIN PKREQUESTMANAGER.CALLQUERY(1,'STK0000001','abe','{HEINENS_CUSTOM_PROD}', '{21}','{HN}', :cursor); END;
6/7/2019 16:9:28 1: [{"IMAGE_DATE":"2019-06-08T02:09:17.000Z","STOSITE":21,"SOCLMAG":"E. 9TH CLEVELAND","DEPT_ID":"1030000000000","DEPT_DESC":"GROCERY DEPARTMENT","SDEPT_ID":"1030020000000","SDEPT_DESC":"TAXABLE GROCERY SUB-DEPT ","CAT_ID":"1030020610000","CAT_DESC":"SOAPS","SCAT_ID":"1030020610378","SCAT_DESC":"BODY WASH","ITEMCODE":"947096","ITEM_DESC":"16OZ JASON ALOE SATIN SOAP","QTY":3,"TOTALCOST":14.517655788456029,"UNITCOST":4.83921859615201,"RETAIL":7.99,"MARGIN":"39.43","LASTMVTDATE":"2019-04-29T18:04:00.000Z","LASTMVT":"INVENTORY","LASTSALE":"2019-03-07T07:00:00.000Z","ORDERABLEUNTIL":"2049-12-31T07:00:00.000Z"}]
6/7/2019 16:9:28 1: 1 Object(s) returned... [FETCH]
6/7/2019 16:10:7 1: BEGIN PKREQUESTMANAGER.CALLQUERY(1,'STK0000001','abe','{HEINENS_CUSTOM_PROD}', '{21}','{HN}', :cursor); END;
6/7/2019 16:14:53 1: BEGIN PKREQUESTMANAGER.CALLQUERY(1,'STK0000001','abe','{HEINENS_CUSTOM_PROD}', '{21}','{HN}', :cursor); END;
6/7/2019 16:15:32 1: BEGIN PKREQUESTMANAGER.CALLQUERY(1,'STK0000001','abe','{HEINENS_CUSTOM_PROD}', '{21}','{HN}', :cursor); END;
6/7/2019 16:18:14 1: BEGIN PKREQUESTMANAGER.CALLQUERY(1,'STK0000001','abe','{HEINENS_CUSTOM_PROD}', '{21}','{HN}', :cursor); END;
6/7/2019 16:22:28 1: BEGIN PKREQUESTMANAGER.CALLQUERY(1,'STK0000001','abe','{HEINENS_CUSTOM_PROD}', '{21}','{HN}', :cursor); END;
6/7/2019 16:24:49 1: BEGIN PKREQUESTMANAGER.CALLQUERY(1,'STK0000001','abe','{HEINENS_CUSTOM_PROD}', '{21}','{HN}', :cursor); END;
6/7/2019 16:34:5 1: BEGIN PKREQUESTMANAGER.CALLQUERY(1,'STK0000001','abe','{HEINENS_CUSTOM_PROD}', '{21}','{HN}', :cursor); END;
6/7/2019 16:42:34 1: BEGIN PKREQUESTMANAGER.CALLQUERY(1,'STK0000001','abe','{HEINENS_CUSTOM_PROD}', '{21}','{HN}', :cursor); END;
6/7/2019 16:53:50 1: BEGIN PKREQUESTMANAGER.CALLQUERY(1,'STK0000001','abe','{HEINENS_CUSTOM_PROD}', '{21}','{HN}', :cursor); END;
6/7/2019 16:57:12 1: BEGIN PKREQUESTMANAGER.CALLQUERY(1,'STK0000001','abe','{HEINENS_CUSTOM_PROD}', '{21}','{HN}', :cursor); END;
6/7/2019 17:0:13 1: BEGIN PKREQUESTMANAGER.CALLQUERY(1,'STK0000001','abe','{HEINENS_CUSTOM_PROD}', '{21}','{HN}', :cursor); END;
6/7/2019 17:1:28 1: ./repository/downloads/inventory/STK0000001_HEINENS_CEN_UAT_21.json File(s) returned... [FETCH]
6/7/2019 17:4:45 1: ./repository/downloads/inventory/STK0000001_HEINENS_CEN_UAT_21.json File(s) returned... [FETCH]
6/7/2019 17:5:44 1: ./repository/downloads/inventory/STK0000001_HEINENS_CEN_UAT_21.json File(s) returned... [FETCH]
6/7/2019 17:7:29 1: ./repository/downloads/inventory/STK0000001_HEINENS_CEN_UAT_21.json File(s) returned... [FETCH]
6/7/2019 17:8:10 2: BEGIN PKREQUESTMANAGER.CALLQUERY(2,'STK0000001','abe','{HEINENS_CEN_UAT}', '{21}','{HN}', :cursor); END;
6/7/2019 17:17:54 1: BEGIN PKREQUESTMANAGER.CALLQUERY(1,'STK0000001','abe','{HEINENS_CEN_UAT}', '{21}','{HN}', :cursor); END;
6/7/2019 17:21:20 1: BEGIN PKREQUESTMANAGER.CALLQUERY(1,'STK0000001','abe','{HEINENS_CEN_UAT}', '{21}','{HN}', :cursor); END;
6/7/2019 17:29:45 1: BEGIN PKREQUESTMANAGER.CALLQUERY(1,'STK0000001','abe','{HEINENS_CEN_UAT}', '{21}','{HN}', :cursor); END;
6/7/2019 17:33:7 1: BEGIN PKREQUESTMANAGER.CALLQUERY(1,'STK0000001','abe','{HEINENS_CEN_UAT}', '{21}','{HN}', :cursor); END;
6/7/2019 17:49:31 1: BEGIN PKREQUESTMANAGER.CALLQUERY(1,'STK0000001','abe','{HEINENS_CEN_UAT}', '{21}','{HN}', :cursor); END;
6/7/2019 18:2:46 1: 27483 Object(s) returned... [FETCH]
6/7/2019 18:10:44 1: ./repository/downloads/inventory/STK0000001_HEINENS_CEN_UAT_21.json File(s) returned... [FETCH]
6/7/2019 18:11:28 1: ./repository/downloads/inventory/STK0000001_HEINENS_CEN_UAT_21.json File(s) returned... [FETCH]
6/7/2019 18:12:53 2: BEGIN PKREQUESTMANAGER.CALLQUERY(2,'STK0000001','abe','{HEINENS_CUSTOM_PROD}', '{7}','{HN}', :cursor); END;
6/7/2019 19:49:37 1: BEGIN PKREQUESTMANAGER.CALLQUERY(1,'STK0000001','abe','{HEINENS_CUSTOM_PROD}', '{7}','{HN}', :cursor); END;
