
> angular-quickstart@1.0.0 start /Users/bbsymphony/Workspace/controlRoom
> tsc && concurrently "tsc -w" "lite-server" 

[1] Did not detect a `bs-config.json` or `bs-config.js` override file. Using lite-server defaults...
[1] ** browser-sync config **
[1] { injectChanges: false,
[1]   files: [ './**/*.{html,htm,css,js}' ],
[1]   watchOptions: { ignored: 'node_modules' },
[1]   server: { baseDir: './', middleware: [ [Function], [Function] ] } }
[1] [BS] Access URLs:
[1]  --------------------------------------
[1]        Local: http://localhost:3000
[1]     External: http://192.168.1.101:3000
[1]  --------------------------------------
[1]           UI: http://localhost:3001
[1]  UI External: http://192.168.1.101:3001
[1]  --------------------------------------
[1] [BS] Serving files from: ./
[1] [BS] Watching files...
[1] [90m17.01.23 22:28:41[0m [32m200[0m [35mGET[0m [90m/index.html[0m
[1] [90m17.01.23 22:28:41[0m [36m304[0m [35mGET[0m [90m/vendor/css/absolute_centered.css[0m
[1] [90m17.01.23 22:28:41[0m [36m304[0m [35mGET[0m [90m/vendor/css/styles.css[0m
[1] [90m17.01.23 22:28:41[0m [36m304[0m [35mGET[0m [90m/vendor/css/bootstrap.min.css[0m
[1] [90m17.01.23 22:28:41[0m [36m304[0m [35mGET[0m [90m/node_modules/core-js/client/shim.min.js[0m
[1] [90m17.01.23 22:28:41[0m [36m304[0m [35mGET[0m [90m/node_modules/zone.js/dist/zone.js[0m
[1] [90m17.01.23 22:28:41[0m [36m304[0m [35mGET[0m [90m/vendor/images/logo/signin_logo.png[0m
[1] [90m17.01.23 22:28:41[0m [36m304[0m [35mGET[0m [90m/node_modules/reflect-metadata/Reflect.js[0m
[1] [90m17.01.23 22:28:41[0m [36m304[0m [35mGET[0m [90m/node_modules/systemjs/dist/system.src.js[0m
[1] [90m17.01.23 22:28:41[0m [36m304[0m [35mGET[0m [90m/vendor/systemjs.config.js[0m
[1] [90m17.01.23 22:28:41[0m [36m304[0m [35mGET[0m [90m/vendor/bootstrap.min.js[0m
[1] [90m17.01.23 22:28:41[0m [32m200[0m [35mGET[0m [90m/vendor/css/absolute_centered.css[0m
[1] [90m17.01.23 22:28:41[0m [32m200[0m [35mGET[0m [90m/vendor/css/styles.css[0m
[1] [90m17.01.23 22:28:41[0m [32m200[0m [35mGET[0m [90m/node_modules/reflect-metadata/Reflect.js[0m
[1] [90m17.01.23 22:28:41[0m [32m200[0m [35mGET[0m [90m/node_modules/core-js/client/shim.min.js[0m
[1] [90m17.01.23 22:28:41[0m [32m200[0m [35mGET[0m [90m/vendor/css/bootstrap.min.css[0m
[1] [90m17.01.23 22:28:41[0m [32m200[0m [35mGET[0m [90m/node_modules/zone.js/dist/zone.js[0m
[1] [90m17.01.23 22:28:41[0m [32m200[0m [35mGET[0m [90m/vendor/systemjs.config.js[0m
[1] [90m17.01.23 22:28:41[0m [32m200[0m [35mGET[0m [90m/node_modules/systemjs/dist/system.src.js[0m
[1] [90m17.01.23 22:28:41[0m [32m200[0m [35mGET[0m [90m/vendor/bootstrap.min.js[0m
[1] [90m17.01.23 22:28:41[0m [32m200[0m [35mGET[0m [90m/app/main.js[0m
[1] [90m17.01.23 22:28:41[0m [36m304[0m [35mGET[0m [90m/node_modules/@angular/platform-browser-dynamic/bundles/platform-browser-dynamic.umd.js[0m
[1] [90m17.01.23 22:28:41[0m [32m200[0m [35mGET[0m [90m/app/app.module.js[0m
[1] [90m17.01.23 22:28:41[0m [36m304[0m [35mGET[0m [90m/node_modules/@angular/core/bundles/core.umd.js[0m
[1] [90m17.01.23 22:28:41[0m [36m304[0m [35mGET[0m [90m/node_modules/@angular/platform-browser/bundles/platform-browser.umd.js[0m
[1] [90m17.01.23 22:28:41[0m [32m200[0m [35mGET[0m [90m/app/app.component.js[0m
[1] [90m17.01.23 22:28:41[0m [36m304[0m [35mGET[0m [90m/node_modules/@angular/compiler/bundles/compiler.umd.js[0m
[1] [90m17.01.23 22:28:41[0m [32m200[0m [35mGET[0m [90m/app/components/administration/navbar/admin.navbar.component.js[0m
[1] [90m17.01.23 22:28:41[0m [32m200[0m [35mGET[0m [90m/app/components/administration/alert/admin.alert.component.js[0m
[1] [90m17.01.23 22:28:41[0m [32m200[0m [35mGET[0m [90m/app/components/administration/login/admin.login.component.js[0m
[1] [90m17.01.23 22:28:41[0m [36m304[0m [35mGET[0m [90m/node_modules/rxjs/Subject.js[0m
[1] [90m17.01.23 22:28:41[0m [36m304[0m [35mGET[0m [90m/node_modules/rxjs/Observable.js[0m
[1] [90m17.01.23 22:28:41[0m [36m304[0m [35mGET[0m [90m/node_modules/@angular/common/bundles/common.umd.js[0m
[1] [90m17.01.23 22:28:41[0m [36m304[0m [35mGET[0m [90m/node_modules/rxjs/Subscriber.js[0m
[1] [90m17.01.23 22:28:41[0m [36m304[0m [35mGET[0m [90m/node_modules/rxjs/Subscription.js[0m
[1] [90m17.01.23 22:28:41[0m [36m304[0m [35mGET[0m [90m/node_modules/rxjs/util/ObjectUnsubscribedError.js[0m
[1] [90m17.01.23 22:28:41[0m [36m304[0m [35mGET[0m [90m/node_modules/rxjs/SubjectSubscription.js[0m
[1] [90m17.01.23 22:28:41[0m [36m304[0m [35mGET[0m [90m/node_modules/rxjs/symbol/rxSubscriber.js[0m
[1] [90m17.01.23 22:28:41[0m [36m304[0m [35mGET[0m [90m/node_modules/rxjs/util/root.js[0m
[1] [90m17.01.23 22:28:41[0m [36m304[0m [35mGET[0m [90m/node_modules/rxjs/util/toSubscriber.js[0m
[1] [90m17.01.23 22:28:41[0m [36m304[0m [35mGET[0m [90m/node_modules/rxjs/symbol/observable.js[0m
[1] [90m17.01.23 22:28:41[0m [36m304[0m [35mGET[0m [90m/node_modules/rxjs/util/isFunction.js[0m
[1] [90m17.01.23 22:28:41[0m [36m304[0m [35mGET[0m [90m/node_modules/rxjs/Observer.js[0m
[1] [90m17.01.23 22:28:41[0m [36m304[0m [35mGET[0m [90m/node_modules/rxjs/util/isArray.js[0m
[1] [90m17.01.23 22:28:41[0m [36m304[0m [35mGET[0m [90m/node_modules/rxjs/util/isObject.js[0m
[1] [90m17.01.23 22:28:41[0m [36m304[0m [35mGET[0m [90m/node_modules/rxjs/util/tryCatch.js[0m
[1] [90m17.01.23 22:28:41[0m [36m304[0m [35mGET[0m [90m/node_modules/rxjs/util/errorObject.js[0m
[1] [90m17.01.23 22:28:41[0m [36m304[0m [35mGET[0m [90m/node_modules/rxjs/util/UnsubscriptionError.js[0m
[1] [90m17.01.23 22:28:42[0m [36m304[0m [35mGET[0m [90m/app/app.component.html[0m
[1] [90m17.01.23 22:28:42[0m [36m304[0m [35mGET[0m [90m/app/components/administration/navbar/admin.navbar.component.html[0m
[1] [90m17.01.23 22:28:42[0m [36m304[0m [35mGET[0m [90m/app/components/administration/alert/admin.alert.component.html[0m
[1] [90m17.01.23 22:28:42[0m [36m304[0m [35mGET[0m [90m/app/components/administration/login/admin.login.component.html[0m
[1] [90m17.01.23 22:28:42[0m [36m304[0m [35mGET[0m [90m/vendor/images/logo/signin_logo.png[0m
[1] [90m17.01.23 22:28:42[0m [36m304[0m [35mGET[0m [90m/vendor/fonts/glyphicons-halflings-regular.woff2[0m
[1] [BS] File changed: app/app.component.js
[1] [BS] File changed: app/components/administration/navbar/admin.navbar.component.js
[1] [BS] File changed: app/components/administration/alert/admin.alert.component.js
[1] [BS] File changed: app/components/administration/login/admin.login.component.js
[1] [90m17.01.23 22:28:42[0m [32m200[0m [35mGET[0m [90m/index.html[0m
[1] [90m17.01.23 22:28:42[0m [32m200[0m [35mGET[0m [90m/index.html[0m
[1] [90m17.01.23 22:28:42[0m [32m200[0m [35mGET[0m [90m/vendor/css/styles.css[0m
[1] [90m17.01.23 22:28:42[0m [32m200[0m [35mGET[0m [90m/vendor/css/absolute_centered.css[0m
[1] [90m17.01.23 22:28:42[0m [32m200[0m [35mGET[0m [90m/node_modules/reflect-metadata/Reflect.js[0m
[1] [90m17.01.23 22:28:42[0m [32m200[0m [35mGET[0m [90m/node_modules/core-js/client/shim.min.js[0m
[1] [90m17.01.23 22:28:42[0m [32m200[0m [35mGET[0m [90m/node_modules/zone.js/dist/zone.js[0m
[0] 10:28:42 PM - Compilation complete. Watching for file changes.
[1] [BS] File changed: app/app.module.js
[1] [BS] File changed: app/components/controlroom/alert/alert.component.js
[1] [BS] File changed: app/components/controlroom/navbar/navbar.component.js
[1] [BS] File changed: app/main.js
[1] [90m17.01.23 22:28:42[0m [32m200[0m [35mGET[0m [90m/vendor/css/bootstrap.min.css[0m
[1] [90m17.01.23 22:28:42[0m [32m200[0m [35mGET[0m [90m/vendor/systemjs.config.js[0m
[1] [90m17.01.23 22:28:42[0m [36m304[0m [35mGET[0m [90m/vendor/images/logo/signin_logo.png[0m
[1] [90m17.01.23 22:28:42[0m [32m200[0m [35mGET[0m [90m/node_modules/systemjs/dist/system.src.js[0m
[1] [90m17.01.23 22:28:42[0m [32m200[0m [35mGET[0m [90m/vendor/bootstrap.min.js[0m
[1] [90m17.01.23 22:28:42[0m [32m200[0m [35mGET[0m [90m/vendor/css/styles.css[0m
[1] [90m17.01.23 22:28:42[0m [36m304[0m [35mGET[0m [90m/vendor/images/logo/signin_logo.png[0m
[1] [90m17.01.23 22:28:42[0m [32m200[0m [35mGET[0m [90m/vendor/css/absolute_centered.css[0m
[1] [90m17.01.23 22:28:42[0m [32m200[0m [35mGET[0m [90m/node_modules/core-js/client/shim.min.js[0m
[1] [90m17.01.23 22:28:42[0m [32m200[0m [35mGET[0m [90m/vendor/css/bootstrap.min.css[0m
[1] [90m17.01.23 22:28:42[0m [32m200[0m [35mGET[0m [90m/node_modules/reflect-metadata/Reflect.js[0m
[1] [90m17.01.23 22:28:42[0m [32m200[0m [35mGET[0m [90m/node_modules/zone.js/dist/zone.js[0m
[1] [90m17.01.23 22:28:42[0m [32m200[0m [35mGET[0m [90m/vendor/systemjs.config.js[0m
[1] [90m17.01.23 22:28:42[0m [32m200[0m [35mGET[0m [90m/vendor/bootstrap.min.js[0m
[1] [90m17.01.23 22:28:42[0m [32m200[0m [35mGET[0m [90m/node_modules/systemjs/dist/system.src.js[0m
[1] [90m17.01.23 22:28:42[0m [32m200[0m [35mGET[0m [90m/app/main.js[0m
[1] [90m17.01.23 22:28:42[0m [32m200[0m [35mGET[0m [90m/app/app.module.js[0m
[1] [90m17.01.23 22:28:42[0m [32m200[0m [35mGET[0m [90m/node_modules/@angular/platform-browser-dynamic/bundles/platform-browser-dynamic.umd.js[0m
[1] [90m17.01.23 22:28:42[0m [32m200[0m [35mGET[0m [90m/app/app.component.js[0m
[1] [90m17.01.23 22:28:42[0m [32m200[0m [35mGET[0m [90m/app/components/administration/navbar/admin.navbar.component.js[0m
[1] [90m17.01.23 22:28:42[0m [32m200[0m [35mGET[0m [90m/app/components/administration/alert/admin.alert.component.js[0m
[1] [90m17.01.23 22:28:42[0m [32m200[0m [35mGET[0m [90m/app/components/administration/login/admin.login.component.js[0m
[1] [90m17.01.23 22:28:43[0m [32m200[0m [35mGET[0m [90m/node_modules/@angular/core/bundles/core.umd.js[0m
[1] [90m17.01.23 22:28:43[0m [32m200[0m [35mGET[0m [90m/node_modules/@angular/platform-browser/bundles/platform-browser.umd.js[0m
[1] [90m17.01.23 22:28:43[0m [32m200[0m [35mGET[0m [90m/node_modules/@angular/compiler/bundles/compiler.umd.js[0m
[1] [90m17.01.23 22:28:43[0m [36m304[0m [35mGET[0m [90m/node_modules/rxjs/Subject.js[0m
[1] [90m17.01.23 22:28:43[0m [36m304[0m [35mGET[0m [90m/node_modules/rxjs/Observable.js[0m
[1] [90m17.01.23 22:28:43[0m [36m304[0m [35mGET[0m [90m/node_modules/@angular/common/bundles/common.umd.js[0m
[1] [90m17.01.23 22:28:43[0m [32m200[0m [35mGET[0m [90m/app/main.js[0m
[1] [90m17.01.23 22:28:43[0m [36m304[0m [35mGET[0m [90m/node_modules/rxjs/Subscriber.js[0m
[1] [90m17.01.23 22:28:43[0m [36m304[0m [35mGET[0m [90m/node_modules/rxjs/Subscription.js[0m
[1] [90m17.01.23 22:28:43[0m [36m304[0m [35mGET[0m [90m/node_modules/rxjs/util/ObjectUnsubscribedError.js[0m
[1] [90m17.01.23 22:28:43[0m [36m304[0m [35mGET[0m [90m/node_modules/rxjs/SubjectSubscription.js[0m
[1] [90m17.01.23 22:28:43[0m [36m304[0m [35mGET[0m [90m/node_modules/rxjs/symbol/rxSubscriber.js[0m
[1] [90m17.01.23 22:28:43[0m [36m304[0m [35mGET[0m [90m/node_modules/rxjs/util/root.js[0m
[1] [90m17.01.23 22:28:43[0m [36m304[0m [35mGET[0m [90m/node_modules/rxjs/util/toSubscriber.js[0m
[1] [90m17.01.23 22:28:43[0m [36m304[0m [35mGET[0m [90m/node_modules/rxjs/symbol/observable.js[0m
[1] [90m17.01.23 22:28:43[0m [36m304[0m [35mGET[0m [90m/node_modules/rxjs/util/isFunction.js[0m
[1] [90m17.01.23 22:28:43[0m [36m304[0m [35mGET[0m [90m/node_modules/rxjs/Observer.js[0m
[1] [90m17.01.23 22:28:43[0m [36m304[0m [35mGET[0m [90m/node_modules/rxjs/util/isArray.js[0m
[1] [90m17.01.23 22:28:43[0m [36m304[0m [35mGET[0m [90m/node_modules/rxjs/util/isObject.js[0m
[1] [90m17.01.23 22:28:43[0m [36m304[0m [35mGET[0m [90m/node_modules/rxjs/util/tryCatch.js[0m
[1] [90m17.01.23 22:28:43[0m [32m200[0m [35mGET[0m [90m/node_modules/@angular/platform-browser-dynamic/bundles/platform-browser-dynamic.umd.js[0m
[1] [90m17.01.23 22:28:43[0m [36m304[0m [35mGET[0m [90m/node_modules/rxjs/util/errorObject.js[0m
[1] [90m17.01.23 22:28:43[0m [36m304[0m [35mGET[0m [90m/node_modules/rxjs/util/UnsubscriptionError.js[0m
[1] [90m17.01.23 22:28:43[0m [32m200[0m [35mGET[0m [90m/app/app.module.js[0m
[1] [90m17.01.23 22:28:43[0m [32m200[0m [35mGET[0m [90m/node_modules/@angular/platform-browser/bundles/platform-browser.umd.js[0m
[1] [90m17.01.23 22:28:43[0m [32m200[0m [35mGET[0m [90m/node_modules/@angular/core/bundles/core.umd.js[0m
[1] [90m17.01.23 22:28:43[0m [32m200[0m [35mGET[0m [90m/app/app.component.js[0m
[1] [90m17.01.23 22:28:43[0m [32m200[0m [35mGET[0m [90m/node_modules/@angular/compiler/bundles/compiler.umd.js[0m
[1] [90m17.01.23 22:28:43[0m [32m200[0m [35mGET[0m [90m/app/components/administration/navbar/admin.navbar.component.js[0m
[1] [90m17.01.23 22:28:43[0m [32m200[0m [35mGET[0m [90m/app/components/administration/alert/admin.alert.component.js[0m
[1] [90m17.01.23 22:28:43[0m [32m200[0m [35mGET[0m [90m/app/components/administration/login/admin.login.component.js[0m
[1] [90m17.01.23 22:28:43[0m [36m304[0m [35mGET[0m [90m/app/app.component.html[0m
[1] [90m17.01.23 22:28:43[0m [36m304[0m [35mGET[0m [90m/app/components/administration/navbar/admin.navbar.component.html[0m
[1] [90m17.01.23 22:28:43[0m [36m304[0m [35mGET[0m [90m/app/components/administration/alert/admin.alert.component.html[0m
[1] [90m17.01.23 22:28:43[0m [36m304[0m [35mGET[0m [90m/app/components/administration/login/admin.login.component.html[0m
[1] [90m17.01.23 22:28:43[0m [32m200[0m [35mGET[0m [90m/node_modules/@angular/common/bundles/common.umd.js[0m
[1] [90m17.01.23 22:28:43[0m [32m200[0m [35mGET[0m [90m/node_modules/rxjs/Observable.js[0m
[1] [90m17.01.23 22:28:43[0m [32m200[0m [35mGET[0m [90m/node_modules/rxjs/Subject.js[0m
[1] [90m17.01.23 22:28:44[0m [36m304[0m [35mGET[0m [90m/vendor/fonts/glyphicons-halflings-regular.woff2[0m
[1] [90m17.01.23 22:28:44[0m [36m304[0m [35mGET[0m [90m/node_modules/rxjs/util/root.js[0m
[1] [90m17.01.23 22:28:44[0m [36m304[0m [35mGET[0m [90m/node_modules/rxjs/util/toSubscriber.js[0m
[1] [90m17.01.23 22:28:44[0m [36m304[0m [35mGET[0m [90m/node_modules/rxjs/symbol/observable.js[0m
[1] [90m17.01.23 22:28:44[0m [36m304[0m [35mGET[0m [90m/node_modules/rxjs/Subscriber.js[0m
[1] [90m17.01.23 22:28:44[0m [36m304[0m [35mGET[0m [90m/node_modules/rxjs/Subscription.js[0m
[1] [90m17.01.23 22:28:44[0m [36m304[0m [35mGET[0m [90m/node_modules/rxjs/util/ObjectUnsubscribedError.js[0m
[1] [90m17.01.23 22:28:44[0m [36m304[0m [35mGET[0m [90m/node_modules/rxjs/SubjectSubscription.js[0m
[1] [90m17.01.23 22:28:44[0m [36m304[0m [35mGET[0m [90m/node_modules/rxjs/symbol/rxSubscriber.js[0m
[1] [90m17.01.23 22:28:44[0m [32m200[0m [35mGET[0m [90m/vendor/images/logo/signin_logo.png[0m
[1] [90m17.01.23 22:28:44[0m [36m304[0m [35mGET[0m [90m/node_modules/rxjs/Observer.js[0m
[1] [90m17.01.23 22:28:44[0m [36m304[0m [35mGET[0m [90m/node_modules/rxjs/util/isFunction.js[0m
[1] [90m17.01.23 22:28:44[0m [36m304[0m [35mGET[0m [90m/node_modules/rxjs/util/isArray.js[0m
[1] [90m17.01.23 22:28:44[0m [36m304[0m [35mGET[0m [90m/node_modules/rxjs/util/isObject.js[0m
[1] [90m17.01.23 22:28:44[0m [36m304[0m [35mGET[0m [90m/node_modules/rxjs/util/tryCatch.js[0m
[1] [90m17.01.23 22:28:44[0m [36m304[0m [35mGET[0m [90m/node_modules/rxjs/util/errorObject.js[0m
[1] [90m17.01.23 22:28:44[0m [36m304[0m [35mGET[0m [90m/node_modules/rxjs/util/UnsubscriptionError.js[0m
[1] [90m17.01.23 22:28:44[0m [36m304[0m [35mGET[0m [90m/app/app.component.html[0m
[1] [90m17.01.23 22:28:44[0m [36m304[0m [35mGET[0m [90m/app/components/administration/navbar/admin.navbar.component.html[0m
[1] [90m17.01.23 22:28:44[0m [36m304[0m [35mGET[0m [90m/app/components/administration/alert/admin.alert.component.html[0m
[1] [90m17.01.23 22:28:44[0m [36m304[0m [35mGET[0m [90m/app/components/administration/login/admin.login.component.html[0m
[1] [90m17.01.23 22:28:51[0m [32m200[0m [35mGET[0m [90m/vendor/images/logo/signin_logo.png[0m
[1] [90m17.01.23 22:28:51[0m [36m304[0m [35mGET[0m [90m/vendor/fonts/glyphicons-halflings-regular.woff2[0m
[0] tsc -w exited with code null
[1] lite-server exited with code null
