5/4/2017 7:14:56 1: LIBQUERY with Callback: 
5/4/2017 7:14:56 1: Path request:/api/authentification/
5/4/2017 7:14:56 1: Path header:undefined
5/4/2017 7:14:56 1: Path query:{}
5/4/2017 7:14:56 1: BEGIN PKREQUESTMANAGER.CALLQUERY(1,'ADM0000001','abe','{}', '{abe,abe}','{}', :cursor); END;
5/4/2017 7:14:57 1: 1 Object(s) returned... [FETCH]
5/4/2017 7:14:57 1: [object Object]
5/4/2017 7:20:21 2: LIBQUERY with Callback: 
5/4/2017 7:20:21 2: Path request:/api/authentification/
5/4/2017 7:20:21 2: Path header:undefined
5/4/2017 7:20:21 2: Path query:{}
5/4/2017 7:20:21 2: BEGIN PKREQUESTMANAGER.CALLQUERY(2,'ADM0000001','abe','{}', '{abe,abe}','{}', :cursor); END;
5/4/2017 7:20:21 2: 1 Object(s) returned... [FETCH]
5/4/2017 7:20:21 2: [object Object]
5/4/2017 7:21:4 3: LIBQUERY with Callback: 
5/4/2017 7:21:4 3: Path request:/api/authentification/
5/4/2017 7:21:4 3: Path header:undefined
5/4/2017 7:21:4 3: Path query:{}
5/4/2017 7:21:4 3: BEGIN PKREQUESTMANAGER.CALLQUERY(3,'ADM0000001','abe','{}', '{abe,abe}','{}', :cursor); END;
5/4/2017 7:21:5 3: 1 Object(s) returned... [FETCH]
5/4/2017 7:21:5 3: [object Object]
5/4/2017 7:38:26 4: LIBQUERY with Callback: 
5/4/2017 7:38:26 4: Path request:/api/authentification/
5/4/2017 7:38:26 4: Path header:undefined
5/4/2017 7:38:26 4: Path query:{}
5/4/2017 7:38:26 4: BEGIN PKREQUESTMANAGER.CALLQUERY(4,'ADM0000001','abe','{}', '{abe,abe}','{}', :cursor); END;
5/4/2017 7:38:27 4: 1 Object(s) returned... [FETCH]
5/4/2017 7:38:27 4: [object Object]
5/4/2017 7:41:23 5: LIBQUERY with Callback: 
5/4/2017 7:41:23 5: Path request:/api/authentification/
5/4/2017 7:41:23 5: Path header:undefined
5/4/2017 7:41:23 5: Path query:{}
5/4/2017 7:41:23 5: BEGIN PKREQUESTMANAGER.CALLQUERY(5,'ADM0000001','abe','{}', '{abe,abe}','{}', :cursor); END;
5/4/2017 7:41:23 5: 1 Object(s) returned... [FETCH]
5/4/2017 7:41:23 5: [object Object]
5/4/2017 8:11:52 6: LIBQUERY with Callback: 
5/4/2017 8:11:52 6: Path request:/api/authentification/
5/4/2017 8:11:52 6: Path header:undefined
5/4/2017 8:11:52 6: Path query:{}
5/4/2017 8:11:52 6: BEGIN PKREQUESTMANAGER.CALLQUERY(6,'ADM0000001','abe','{}', '{abe,abe}','{}', :cursor); END;
5/4/2017 8:11:53 6: 1 Object(s) returned... [FETCH]
5/4/2017 8:11:53 6: [object Object]
5/4/2017 8:35:27 7: LIBQUERY with Callback: 
5/4/2017 8:35:27 7: Path request:/api/authentification/
5/4/2017 8:35:27 7: Path header:undefined
5/4/2017 8:35:27 7: Path query:{}
5/4/2017 8:35:27 7: BEGIN PKREQUESTMANAGER.CALLQUERY(7,'ADM0000001','abe','{}', '{abe,abe}','{}', :cursor); END;
5/4/2017 8:35:27 7: 1 Object(s) returned... [FETCH]
5/4/2017 8:35:27 7: [object Object]
5/4/2017 11:31:6 8: LIBQUERY with Callback: 
5/4/2017 11:31:6 8: Path request:/api/authentification/
5/4/2017 11:31:6 8: Path header:undefined
5/4/2017 11:31:6 8: Path query:{}
5/4/2017 11:31:6 8: BEGIN PKREQUESTMANAGER.CALLQUERY(8,'ADM0000001','abe','{}', '{abe,abe}','{}', :cursor); END;
5/4/2017 11:31:6 8: 1 Object(s) returned... [FETCH]
5/4/2017 11:31:6 8: [object Object]
5/4/2017 11:31:16 9: LIBQUERY with Callback: 
5/4/2017 11:31:16 9: Path request:/api/authentification/
5/4/2017 11:31:16 9: Path header:undefined
5/4/2017 11:31:16 9: Path query:{}
5/4/2017 11:31:16 9: BEGIN PKREQUESTMANAGER.CALLQUERY(9,'ADM0000001','abe','{}', '{abe,abe}','{}', :cursor); END;
5/4/2017 11:31:16 9: 1 Object(s) returned... [FETCH]
5/4/2017 11:31:16 9: [object Object]
5/4/2017 13:39:23 10: LIBQUERY with Callback: 
5/4/2017 13:39:23 10: Path request:/api/authentification/
5/4/2017 13:39:23 10: Path header:undefined
5/4/2017 13:39:23 10: Path query:{}
5/4/2017 13:39:23 10: BEGIN PKREQUESTMANAGER.CALLQUERY(10,'ADM0000001','abe','{}', '{abe,abe}','{}', :cursor); END;
5/4/2017 13:39:23 10: 1 Object(s) returned... [FETCH]
5/4/2017 13:39:23 10: [object Object]
5/4/2017 14:34:20 11: LIBQUERY with Callback: 
5/4/2017 14:34:20 11: Path request:/api/authentification/
5/4/2017 14:34:20 11: Path header:undefined
5/4/2017 14:34:20 11: Path query:{}
5/4/2017 14:34:20 11: BEGIN PKREQUESTMANAGER.CALLQUERY(11,'ADM0000001','abe','{}', '{abe,abe}','{}', :cursor); END;
5/4/2017 14:34:20 11: 1 Object(s) returned... [FETCH]
5/4/2017 14:34:20 11: [object Object]
5/4/2017 14:34:48 12: LIBQUERY with Callback: 
5/4/2017 14:34:48 12: Path request:/api/authentification/
5/4/2017 14:34:48 12: Path header:undefined
5/4/2017 14:34:48 12: Path query:{}
5/4/2017 14:34:48 12: BEGIN PKREQUESTMANAGER.CALLQUERY(12,'ADM0000001','abe','{}', '{abe,abe}','{}', :cursor); END;
5/4/2017 14:34:48 12: 1 Object(s) returned... [FETCH]
5/4/2017 14:34:48 12: [object Object]
5/4/2017 17:57:42 13: LIBQUERY with Callback: 
5/4/2017 17:57:42 13: Path request:/api/authentification/
5/4/2017 17:57:42 13: Path header:undefined
5/4/2017 17:57:42 13: Path query:{}
5/4/2017 17:57:42 13: BEGIN PKREQUESTMANAGER.CALLQUERY(13,'ADM0000001','abe','{}', '{abe,abe}','{}', :cursor); END;
5/4/2017 17:57:42 13: 1 Object(s) returned... [FETCH]
5/4/2017 17:57:42 13: [object Object]
