4/6/2017 19:15:58 148: LIBQUERY with Callback: 
4/6/2017 19:15:58 148: Path request:/api/authentification/
4/6/2017 19:15:58 148: Path header:undefined
4/6/2017 19:15:58 148: Path query:{}
4/6/2017 19:15:58 148: BEGIN PKREQUESTMANAGER.CALLQUERY(148,'ADM0000001','abe','{}', '{abe,abe}','{}', :cursor); END;
4/6/2017 19:15:59 149: LIBQUERY with Callback: 
4/6/2017 19:15:59 149: Path request:/api/authentification/
4/6/2017 19:15:59 149: Path header:undefined
4/6/2017 19:15:59 149: Path query:{}
4/6/2017 19:15:59 149: BEGIN PKREQUESTMANAGER.CALLQUERY(149,'ADM0000001','abe','{}', '{abe,abe}','{}', :cursor); END;
4/6/2017 19:16:13 1: LIBQUERY with Callback: 
4/6/2017 19:16:13 1: Path request:/api/authentification/
4/6/2017 19:16:13 1: Path header:undefined
4/6/2017 19:16:13 1: Path query:{}
4/6/2017 19:16:13 1: BEGIN PKREQUESTMANAGER.CALLQUERY(1,'ADM0000001','abe','{}', '{abe,abe}','{}', :cursor); END;
4/6/2017 19:16:13 1: 1 Object(s) returned... [FETCH]
4/6/2017 19:16:13 1: [object Object]
4/6/2017 19:16:14 2: LIBQUERY with Callback: 
4/6/2017 19:16:14 2: Path request:/api/user/
4/6/2017 19:16:14 2: Path header:undefined
4/6/2017 19:16:14 2: Path query:{"USER_NAME":"abe"}
4/6/2017 19:16:14 2: BEGIN PKREQUESTMANAGER.CALLQUERY(2,'CLI0000002','abe','{}', '{abe}','{}', :cursor); END;
4/6/2017 19:16:14 3: LIBQUERY with Callback: 
4/6/2017 19:16:14 3: Path request:/api/environment/
4/6/2017 19:16:14 3: Path header:undefined
4/6/2017 19:16:14 3: Path query:{"USER_NAME":"abe"}
4/6/2017 19:16:14 3: BEGIN PKREQUESTMANAGER.CALLQUERY(3,'CLI0000003','abe','{}', '{abe}','{}', :cursor); END;
4/6/2017 19:16:14 3: 1 Object(s) returned... [FETCH]
4/6/2017 19:16:14 3: [object Object]
4/6/2017 19:16:14 3: 2 Object(s) returned... [FETCH]
4/6/2017 19:16:14 3: [object Object],[object Object]
4/6/2017 19:17:49 4: LIBQUERY with Callback: 
4/6/2017 19:17:49 4: Path request:/api/user/
4/6/2017 19:17:49 4: Path header:undefined
4/6/2017 19:17:49 4: Path query:{"USER_NAME":"abe"}
4/6/2017 19:17:49 4: BEGIN PKREQUESTMANAGER.CALLQUERY(4,'CLI0000002','abe','{}', '{abe}','{}', :cursor); END;
4/6/2017 19:17:49 5: LIBQUERY with Callback: 
4/6/2017 19:17:49 5: Path request:/api/environment/
4/6/2017 19:17:49 5: Path header:undefined
4/6/2017 19:17:49 5: Path query:{"USER_NAME":"abe"}
4/6/2017 19:17:49 5: BEGIN PKREQUESTMANAGER.CALLQUERY(5,'CLI0000003','abe','{}', '{abe}','{}', :cursor); END;
4/6/2017 19:17:49 5: 1 Object(s) returned... [FETCH]
4/6/2017 19:17:49 5: [object Object]
4/6/2017 19:17:49 5: 2 Object(s) returned... [FETCH]
4/6/2017 19:17:49 5: [object Object],[object Object]
4/6/2017 19:18:10 6: LIBQUERY with Callback: 
4/6/2017 19:18:10 6: Path request:/api/user/
4/6/2017 19:18:10 6: Path header:undefined
4/6/2017 19:18:10 6: Path query:{"USER_NAME":"abe"}
4/6/2017 19:18:10 6: BEGIN PKREQUESTMANAGER.CALLQUERY(6,'CLI0000002','abe','{}', '{abe}','{}', :cursor); END;
4/6/2017 19:18:11 6: 1 Object(s) returned... [FETCH]
4/6/2017 19:18:11 6: [object Object]
4/6/2017 19:18:11 7: LIBQUERY with Callback: 
4/6/2017 19:18:11 7: Path request:/api/environment/
4/6/2017 19:18:11 7: Path header:undefined
4/6/2017 19:18:11 7: Path query:{"USER_NAME":"abe"}
4/6/2017 19:18:11 7: BEGIN PKREQUESTMANAGER.CALLQUERY(7,'CLI0000003','abe','{}', '{abe}','{}', :cursor); END;
4/6/2017 19:18:11 7: 2 Object(s) returned... [FETCH]
4/6/2017 19:18:11 7: [object Object],[object Object]
4/6/2017 19:18:53 8: LIBQUERY with Callback: 
4/6/2017 19:18:53 8: Path request:/api/user/
4/6/2017 19:18:53 8: Path header:undefined
4/6/2017 19:18:53 8: Path query:{"USER_NAME":"abe"}
4/6/2017 19:18:53 8: BEGIN PKREQUESTMANAGER.CALLQUERY(8,'CLI0000002','abe','{}', '{abe}','{}', :cursor); END;
4/6/2017 19:18:53 9: LIBQUERY with Callback: 
4/6/2017 19:18:53 9: Path request:/api/environment/
4/6/2017 19:18:53 9: Path header:undefined
4/6/2017 19:18:53 9: Path query:{"USER_NAME":"abe"}
4/6/2017 19:18:53 9: BEGIN PKREQUESTMANAGER.CALLQUERY(9,'CLI0000003','abe','{}', '{abe}','{}', :cursor); END;
4/6/2017 19:18:53 9: 1 Object(s) returned... [FETCH]
4/6/2017 19:18:53 9: [object Object]
4/6/2017 19:18:53 9: 2 Object(s) returned... [FETCH]
4/6/2017 19:18:53 9: [object Object],[object Object]
4/6/2017 19:19:13 10: LIBQUERY with Callback: 
4/6/2017 19:19:13 10: Path request:/api/search/
4/6/2017 19:19:13 10: Path header:undefined
4/6/2017 19:19:13 10: Path query:{"PARAM":["988","@ean"]}
4/6/2017 19:19:13 10: BEGIN PKREQUESTMANAGER.CALLQUERY(10,'CLI0000001','abe','{HEINENS_CEN_UAT}', '{988,@ean}','{HN}', :cursor); END;
4/6/2017 19:19:19 10: 464 Object(s) returned... [FETCH]
4/6/2017 19:19:19 10: [object Object],[object Object],[object Object],[object Object],[object Object],[object Object],[object Object],[object Object],[object Object],[object Object],[object Object],[object Object],[object Object],[object Object],[object Object],[object Object],[object Object],[object Object],[object Object],[object Object],[object Object],[object Object],[object Object],[object Object],[object Object],[object Object],[object Object],[object Object],[object Object],[object Object],[object Object],[object Object],[object Object],[object Object],[object Object],[object Object],[object Object],[object Object],[object Object],[object Object],[object Object],[object Object],[object Object],[object Object],[object Object],[object Object],[object Object],[object Object],[object Object],[object Object],[object Object],[object Object],[object Object],[object Object],[object Object],[object Object],[object Object],[object Object],[object Object],[object Object],[object Object],[object Object],[object Object],[object Object],[object Object],[object Object],[object Object],[object Object],[object Object],[object Object],[object Object],[object Object],[object Object],[object Object],[object Object],[object Object],[object Object],[object Object],[object Object],[object Object],[object Object],[object Object],[object Object],[object Object],[object Object],[object Object],[object Object],[object Object],[object Object],[object Object],[object Object],[object Object],[object Object],[object Object],[object Object],[object Object],[object Object],[object Object],[object Object],[object Object],[object Object],[object Object],[object Object],[object Object],[object Object],[object Object],[object Object],[object Object],[object Object],[object Object],[object Object],[object Object],[object Object],[object Object],[object Object],[object Object],[object Object],[object Object],[object Object],[object Object],[object Object],[object Object],[object Object],[object Object],[object Object],[object Object],[object Object],[object Object],[object Object],[object Object],[object Object],[object Object],[object Object],[object Object],[object Object],[object Object],[object Object],[object Object],[object Object],[object Object],[object Object],[object Object],[object Object],[object Object],[object Object],[object Object],[object Object],[object Object],[object Object],[object Object],[object Object],[object Object],[object Object],[object Object],[object Object],[object Object],[object Object],[object Object],[object Object],[object Object],[object Object],[object Object],[object Object],[object Object],[object Object],[object Object],[object Object],[object Object],[object Object],[object Object],[object Object],[object Object],[object Object],[object Object],[object Object],[object Object],[object Object],[object Object],[object Object],[object Object],[object Object],[object Object],[object Object],[object Object],[object Object],[object Object],[object Object],[object Object],[object Object],[object Object],[object Object],[object Object],[object Object],[object Object],[object Object],[object Object],[object Object],[object Object],[object Object],[object Object],[object Object],[object Object],[object Object],[object Object],[object Object],[object Object],[object Object],[object Object],[object Object],[object Object],[object Object],[object Object],[object Object],[object Object],[object Object],[object Object],[object Object],[object Object],[object Object],[object Object],[object Object],[object Object],[object Object],[object Object],[object Object],[object Object],[object Object],[object Object],[object Object],[object Object],[object Object],[object Object],[object Object],[object Object],[object Object],[object Object],[object Object],[object Object],[object Object],[object Object],[object Object],[object Object],[object Object],[object Object],[object Object],[object Object],[object Object],[object Object],[object Object],[object Object],[object Object],[object Object],[object Object],[object Object],[object Object],[object Object],[object Object],[object Object],[object Object],[object Object],[object Object],[object Object],[object Object],[object Object],[object Object],[object Object],[object Object],[object Object],[object Object],[object Object],[object Object],[object Object],[object Object],[object Object],[object Object],[object Object],[object Object],[object Object],[object Object],[object Object],[object Object],[object Object],[object Object],[object Object],[object Object],[object Object],[object Object],[object Object],[object Object],[object Object],[object Object],[object Object],[object Object],[object Object],[object Object],[object Object],[object Object],[object Object],[object Object],[object Object],[object Object],[object Object],[object Object],[object Object],[object Object],[object Object],[object Object],[object Object],[object Object],[object Object],[object Object],[object Object],[object Object],[object Object],[object Object],[object Object],[object Object],[object Object],[object Object],[object Object],[object Object],[object Object],[object Object],[object Object],[object Object],[object Object],[object Object],[object Object],[object Object],[object Object],[object Object],[object Object],[object Object],[object Object],[object Object],[object Object],[object Object],[object Object],[object Object],[object Object],[object Object],[object Object],[object Object],[object Object],[object Object],[object Object],[object Object],[object Object],[object Object],[object Object],[object Object],[object Object],[object Object],[object Object],[object Object],[object Object],[object Object],[object Object],[object Object],[object Object],[object Object],[object Object],[object Object],[object Object],[object Object],[object Object],[object Object],[object Object],[object Object],[object Object],[object Object],[object Object],[object Object],[object Object],[object Object],[object Object],[object Object],[object Object],[object Object],[object Object],[object Object],[object Object],[object Object],[object Object],[object Object],[object Object],[object Object],[object Object],[object Object],[object Object],[object Object],[object Object],[object Object],[object Object],[object Object],[object Object],[object Object],[object Object],[object Object],[object Object],[object Object],[object Object],[object Object],[object Object],[object Object],[object Object],[object Object],[object Object],[object Object],[object Object],[object Object],[object Object],[object Object],[object Object],[object Object],[object Object],[object Object],[object Object],[object Object],[object Object],[object Object],[object Object],[object Object],[object Object],[object Object],[object Object],[object Object],[object Object],[object Object],[object Object],[object Object],[object Object],[object Object],[object Object],[object Object],[object Object],[object Object],[object Object],[object Object],[object Object],[object Object],[object Object],[object Object],[object Object],[object Object],[object Object],[object Object],[object Object],[object Object],[object Object],[object Object],[object Object],[object Object],[object Object],[object Object],[object Object],[object Object],[object Object],[object Object],[object Object],[object Object],[object Object],[object Object],[object Object]
4/6/2017 19:19:40 11: LIBQUERY with Callback: 
4/6/2017 19:19:40 11: Path request:/api/search/
4/6/2017 19:19:40 11: Path header:undefined
4/6/2017 19:19:40 11: Path query:{"PARAM":["988","@ean","@supplier"]}
4/6/2017 19:19:40 11: BEGIN PKREQUESTMANAGER.CALLQUERY(11,'CLI0000001','abe','{HEINENS_CEN_UAT}', '{988,@ean,@supplier}','{HN}', :cursor); END;
4/6/2017 19:19:44 11: 466 Object(s) returned... [FETCH]
4/6/2017 19:19:44 11: [object Object],[object Object],[object Object],[object Object],[object Object],[object Object],[object Object],[object Object],[object Object],[object Object],[object Object],[object Object],[object Object],[object Object],[object Object],[object Object],[object Object],[object Object],[object Object],[object Object],[object Object],[object Object],[object Object],[object Object],[object Object],[object Object],[object Object],[object Object],[object Object],[object Object],[object Object],[object Object],[object Object],[object Object],[object Object],[object Object],[object Object],[object Object],[object Object],[object Object],[object Object],[object Object],[object Object],[object Object],[object Object],[object Object],[object Object],[object Object],[object Object],[object Object],[object Object],[object Object],[object Object],[object Object],[object Object],[object Object],[object Object],[object Object],[object Object],[object Object],[object Object],[object Object],[object Object],[object Object],[object Object],[object Object],[object Object],[object Object],[object Object],[object Object],[object Object],[object Object],[object Object],[object Object],[object Object],[object Object],[object Object],[object Object],[object Object],[object Object],[object Object],[object Object],[object Object],[object Object],[object Object],[object Object],[object Object],[object Object],[object Object],[object Object],[object Object],[object Object],[object Object],[object Object],[object Object],[object Object],[object Object],[object Object],[object Object],[object Object],[object Object],[object Object],[object Object],[object Object],[object Object],[object Object],[object Object],[object Object],[object Object],[object Object],[object Object],[object Object],[object Object],[object Object],[object Object],[object Object],[object Object],[object Object],[object Object],[object Object],[object Object],[object Object],[object Object],[object Object],[object Object],[object Object],[object Object],[object Object],[object Object],[object Object],[object Object],[object Object],[object Object],[object Object],[object Object],[object Object],[object Object],[object Object],[object Object],[object Object],[object Object],[object Object],[object Object],[object Object],[object Object],[object Object],[object Object],[object Object],[object Object],[object Object],[object Object],[object Object],[object Object],[object Object],[object Object],[object Object],[object Object],[object Object],[object Object],[object Object],[object Object],[object Object],[object Object],[object Object],[object Object],[object Object],[object Object],[object Object],[object Object],[object Object],[object Object],[object Object],[object Object],[object Object],[object Object],[object Object],[object Object],[object Object],[object Object],[object Object],[object Object],[object Object],[object Object],[object Object],[object Object],[object Object],[object Object],[object Object],[object Object],[object Object],[object Object],[object Object],[object Object],[object Object],[object Object],[object Object],[object Object],[object Object],[object Object],[object Object],[object Object],[object Object],[object Object],[object Object],[object Object],[object Object],[object Object],[object Object],[object Object],[object Object],[object Object],[object Object],[object Object],[object Object],[object Object],[object Object],[object Object],[object Object],[object Object],[object Object],[object Object],[object Object],[object Object],[object Object],[object Object],[object Object],[object Object],[object Object],[object Object],[object Object],[object Object],[object Object],[object Object],[object Object],[object Object],[object Object],[object Object],[object Object],[object Object],[object Object],[object Object],[object Object],[object Object],[object Object],[object Object],[object Object],[object Object],[object Object],[object Object],[object Object],[object Object],[object Object],[object Object],[object Object],[object Object],[object Object],[object Object],[object Object],[object Object],[object Object],[object Object],[object Object],[object Object],[object Object],[object Object],[object Object],[object Object],[object Object],[object Object],[object Object],[object Object],[object Object],[object Object],[object Object],[object Object],[object Object],[object Object],[object Object],[object Object],[object Object],[object Object],[object Object],[object Object],[object Object],[object Object],[object Object],[object Object],[object Object],[object Object],[object Object],[object Object],[object Object],[object Object],[object Object],[object Object],[object Object],[object Object],[object Object],[object Object],[object Object],[object Object],[object Object],[object Object],[object Object],[object Object],[object Object],[object Object],[object Object],[object Object],[object Object],[object Object],[object Object],[object Object],[object Object],[object Object],[object Object],[object Object],[object Object],[object Object],[object Object],[object Object],[object Object],[object Object],[object Object],[object Object],[object Object],[object Object],[object Object],[object Object],[object Object],[object Object],[object Object],[object Object],[object Object],[object Object],[object Object],[object Object],[object Object],[object Object],[object Object],[object Object],[object Object],[object Object],[object Object],[object Object],[object Object],[object Object],[object Object],[object Object],[object Object],[object Object],[object Object],[object Object],[object Object],[object Object],[object Object],[object Object],[object Object],[object Object],[object Object],[object Object],[object Object],[object Object],[object Object],[object Object],[object Object],[object Object],[object Object],[object Object],[object Object],[object Object],[object Object],[object Object],[object Object],[object Object],[object Object],[object Object],[object Object],[object Object],[object Object],[object Object],[object Object],[object Object],[object Object],[object Object],[object Object],[object Object],[object Object],[object Object],[object Object],[object Object],[object Object],[object Object],[object Object],[object Object],[object Object],[object Object],[object Object],[object Object],[object Object],[object Object],[object Object],[object Object],[object Object],[object Object],[object Object],[object Object],[object Object],[object Object],[object Object],[object Object],[object Object],[object Object],[object Object],[object Object],[object Object],[object Object],[object Object],[object Object],[object Object],[object Object],[object Object],[object Object],[object Object],[object Object],[object Object],[object Object],[object Object],[object Object],[object Object],[object Object],[object Object],[object Object],[object Object],[object Object],[object Object],[object Object],[object Object],[object Object],[object Object],[object Object],[object Object],[object Object],[object Object],[object Object],[object Object],[object Object],[object Object],[object Object],[object Object],[object Object],[object Object],[object Object],[object Object],[object Object],[object Object],[object Object],[object Object],[object Object],[object Object],[object Object],[object Object],[object Object],[object Object],[object Object],[object Object]
4/6/2017 19:21:18 12: LIBQUERY with Callback: 
4/6/2017 19:21:18 12: Path request:/api/user/
4/6/2017 19:21:18 12: Path header:undefined
4/6/2017 19:21:18 12: Path query:{"USER_NAME":"abe"}
4/6/2017 19:21:18 12: BEGIN PKREQUESTMANAGER.CALLQUERY(12,'CLI0000002','abe','{}', '{abe}','{}', :cursor); END;
4/6/2017 19:21:18 13: LIBQUERY with Callback: 
4/6/2017 19:21:18 13: Path request:/api/environment/
4/6/2017 19:21:18 13: Path header:undefined
4/6/2017 19:21:18 13: Path query:{"USER_NAME":"abe"}
4/6/2017 19:21:18 13: BEGIN PKREQUESTMANAGER.CALLQUERY(13,'CLI0000003','abe','{}', '{abe}','{}', :cursor); END;
4/6/2017 19:21:18 13: 1 Object(s) returned... [FETCH]
4/6/2017 19:21:18 13: [object Object]
4/6/2017 19:21:18 13: 2 Object(s) returned... [FETCH]
4/6/2017 19:21:18 13: [object Object],[object Object]
