5/11/2018 11:45:31 32: LIBQUERY with Callback: 
5/11/2018 11:45:31 32: BEGIN PKREQUESTMANAGER.CALLQUERY(32,'ADM0000001','abe','{}', '{abe,abe}','{}', :cursor); END;
5/11/2018 11:45:31 32: 1 Object(s) returned... [FETCH]
5/11/2018 11:45:31 32: [object Object]
5/11/2018 11:45:31 32: {"metaData":[{"name":"USERID"},{"name":"USERFNAME"},{"name":"USERLNAME"},{"name":"USEREMAIL"},{"name":"USERMOBILE"}]}
5/11/2018 11:45:31 33: LIBQUERY with Callback: 
5/11/2018 11:45:31 33: BEGIN PKREQUESTMANAGER.CALLQUERY(33,'ADM0000001','abe','{}', '{abe,abe}','{}', :cursor); END;
5/11/2018 11:45:32 33: 1 Object(s) returned... [FETCH]
5/11/2018 11:45:32 33: [object Object]
5/11/2018 11:45:32 33: {"metaData":[{"name":"USERID"},{"name":"USERFNAME"},{"name":"USERLNAME"},{"name":"USEREMAIL"},{"name":"USERMOBILE"}]}
5/11/2018 11:45:34 34: LIBQUERY with Callback: 
5/11/2018 11:45:34 34: BEGIN PKREQUESTMANAGER.CALLQUERY(34,'CLI0000002','abe','{}', '{abe}','{}', :cursor); END;
5/11/2018 11:45:34 34: 1 Object(s) returned... [FETCH]
5/11/2018 11:45:34 34: [object Object]
5/11/2018 11:45:34 34: {"metaData":[{"name":"USERID"},{"name":"USERCORPID"},{"name":"USERPASS"},{"name":"USERAUTH"},{"name":"USERLANG"},{"name":"USERPROF"},{"name":"USERAPPLI"},{"name":"USERFNAME"},{"name":"USERLNAME"},{"name":"USEREMAIL"},{"name":"USERMOBILE"},{"name":"USERTEAM"},{"name":"USERACTIVE"},{"name":"USERDCRE"},{"name":"USERDMAJ"},{"name":"USERUTIL"},{"name":"USERTYPE"}]}
5/11/2018 11:45:35 35: LIBQUERY with Callback: 
5/11/2018 11:45:35 35: BEGIN PKREQUESTMANAGER.CALLQUERY(35,'CLI0000002','abe','{}', '{abe}','{}', :cursor); END;
5/11/2018 11:45:35 35: 1 Object(s) returned... [FETCH]
5/11/2018 11:45:35 35: [object Object]
5/11/2018 11:45:35 35: {"metaData":[{"name":"USERID"},{"name":"USERCORPID"},{"name":"USERPASS"},{"name":"USERAUTH"},{"name":"USERLANG"},{"name":"USERPROF"},{"name":"USERAPPLI"},{"name":"USERFNAME"},{"name":"USERLNAME"},{"name":"USEREMAIL"},{"name":"USERMOBILE"},{"name":"USERTEAM"},{"name":"USERACTIVE"},{"name":"USERDCRE"},{"name":"USERDMAJ"},{"name":"USERUTIL"},{"name":"USERTYPE"}]}
5/11/2018 11:45:37 36: LIBQUERY with Callback: 
5/11/2018 11:45:37 36: BEGIN PKREQUESTMANAGER.CALLQUERY(36,'CLI0000003','abe','{}', '{abe}','{}', :cursor); END;
5/11/2018 11:45:37 36: 6 Object(s) returned... [FETCH]
5/11/2018 11:45:37 36: [object Object],[object Object],[object Object],[object Object],[object Object],[object Object]
5/11/2018 11:45:37 36: {"metaData":[{"name":"LEVEL"},{"name":"ENVID"},{"name":"ENVCORPID"},{"name":"ENVCODE"},{"name":"ENVTYPE"},{"name":"ENVACTIVE"},{"name":"ENVSDESC"},{"name":"ENVLDESC"},{"name":"ENVDBTYPE"},{"name":"ENVIP"},{"name":"ENVPORT"},{"name":"ENVUSER"},{"name":"ENVPASSWORD"},{"name":"ENVSOURCE"},{"name":"ENVDBLINK"},{"name":"ENVDEFAULT"},{"name":"ENVDCRE"},{"name":"ENVDMAJ"},{"name":"ENVUTIL"},{"name":"ENVVERSION"},{"name":"ENVDEFLANG"},{"name":"CORPPIC"},{"name":"ENVVARINITSH"}]}
5/11/2018 11:45:37 37: LIBQUERY with Callback: 
5/11/2018 11:45:37 37: BEGIN PKREQUESTMANAGER.CALLQUERY(37,'CLI0000003','abe','{}', '{abe}','{}', :cursor); END;
5/11/2018 11:45:38 37: 6 Object(s) returned... [FETCH]
5/11/2018 11:45:38 37: [object Object],[object Object],[object Object],[object Object],[object Object],[object Object]
5/11/2018 11:45:38 37: {"metaData":[{"name":"LEVEL"},{"name":"ENVID"},{"name":"ENVCORPID"},{"name":"ENVCODE"},{"name":"ENVTYPE"},{"name":"ENVACTIVE"},{"name":"ENVSDESC"},{"name":"ENVLDESC"},{"name":"ENVDBTYPE"},{"name":"ENVIP"},{"name":"ENVPORT"},{"name":"ENVUSER"},{"name":"ENVPASSWORD"},{"name":"ENVSOURCE"},{"name":"ENVDBLINK"},{"name":"ENVDEFAULT"},{"name":"ENVDCRE"},{"name":"ENVDMAJ"},{"name":"ENVUTIL"},{"name":"ENVVERSION"},{"name":"ENVDEFLANG"},{"name":"CORPPIC"},{"name":"ENVVARINITSH"}]}
5/11/2018 11:47:33 1: LIBQUERY with Callback: 
5/11/2018 11:47:33 1: BEGIN PKREQUESTMANAGER.CALLQUERY(1,'ADM0000001','abe','{}', '{abe,abe}','{}', :cursor); END;
5/11/2018 11:47:33 1: 1 Object(s) returned... [FETCH]
5/11/2018 11:47:33 1: [object Object]
5/11/2018 11:47:33 1: {"metaData":[{"name":"USERID"},{"name":"USERFNAME"},{"name":"USERLNAME"},{"name":"USEREMAIL"},{"name":"USERMOBILE"}]}
5/11/2018 11:47:34 2: LIBQUERY with Callback: 
5/11/2018 11:47:34 2: BEGIN PKREQUESTMANAGER.CALLQUERY(2,'CLI0000002','abe','{}', '{abe}','{}', :cursor); END;
5/11/2018 11:47:34 2: 1 Object(s) returned... [FETCH]
5/11/2018 11:47:34 2: [object Object]
5/11/2018 11:47:34 2: {"metaData":[{"name":"USERID"},{"name":"USERCORPID"},{"name":"USERPASS"},{"name":"USERAUTH"},{"name":"USERLANG"},{"name":"USERPROF"},{"name":"USERAPPLI"},{"name":"USERFNAME"},{"name":"USERLNAME"},{"name":"USEREMAIL"},{"name":"USERMOBILE"},{"name":"USERTEAM"},{"name":"USERACTIVE"},{"name":"USERDCRE"},{"name":"USERDMAJ"},{"name":"USERUTIL"},{"name":"USERTYPE"}]}
5/11/2018 11:47:36 3: LIBQUERY with Callback: 
5/11/2018 11:47:36 3: BEGIN PKREQUESTMANAGER.CALLQUERY(3,'CLI0000003','abe','{}', '{abe}','{}', :cursor); END;
5/11/2018 11:47:36 3: 6 Object(s) returned... [FETCH]
5/11/2018 11:47:36 3: [object Object],[object Object],[object Object],[object Object],[object Object],[object Object]
5/11/2018 11:47:36 3: {"metaData":[{"name":"LEVEL"},{"name":"ENVID"},{"name":"ENVCORPID"},{"name":"ENVCODE"},{"name":"ENVTYPE"},{"name":"ENVACTIVE"},{"name":"ENVSDESC"},{"name":"ENVLDESC"},{"name":"ENVDBTYPE"},{"name":"ENVIP"},{"name":"ENVPORT"},{"name":"ENVUSER"},{"name":"ENVPASSWORD"},{"name":"ENVSOURCE"},{"name":"ENVDBLINK"},{"name":"ENVDEFAULT"},{"name":"ENVDCRE"},{"name":"ENVDMAJ"},{"name":"ENVUTIL"},{"name":"ENVVERSION"},{"name":"ENVDEFLANG"},{"name":"CORPPIC"},{"name":"ENVVARINITSH"}]}
