5/11/2018 17:0:20 4: LIBQUERY with Callback: 
5/11/2018 17:0:20 4: BEGIN PKREQUESTMANAGER.CALLQUERY(4,'ADM0000001','emorris','{}', '{emorris,chambers27}','{}', :cursor); END;
5/11/2018 17:0:20 4: 1 Object(s) returned... [FETCH]
5/11/2018 17:0:20 4: [object Object]
5/11/2018 17:0:20 4: {"metaData":[{"name":"USERID"},{"name":"USERFNAME"},{"name":"USERLNAME"},{"name":"USEREMAIL"},{"name":"USERMOBILE"}]}
5/11/2018 17:0:20 5: LIBQUERY with Callback: 
5/11/2018 17:0:20 5: BEGIN PKREQUESTMANAGER.CALLQUERY(5,'CLI0000002','emorris','{}', '{emorris}','{}', :cursor); END;
5/11/2018 17:0:20 5: 1 Object(s) returned... [FETCH]
5/11/2018 17:0:20 5: [object Object]
5/11/2018 17:0:20 5: {"metaData":[{"name":"USERID"},{"name":"USERCORPID"},{"name":"USERPASS"},{"name":"USERAUTH"},{"name":"USERLANG"},{"name":"USERPROF"},{"name":"USERAPPLI"},{"name":"USERFNAME"},{"name":"USERLNAME"},{"name":"USEREMAIL"},{"name":"USERMOBILE"},{"name":"USERTEAM"},{"name":"USERACTIVE"},{"name":"USERDCRE"},{"name":"USERDMAJ"},{"name":"USERUTIL"},{"name":"USERTYPE"}]}
5/11/2018 17:0:20 6: LIBQUERY with Callback: 
5/11/2018 17:0:20 6: BEGIN PKREQUESTMANAGER.CALLQUERY(6,'CLI0000003','emorris','{}', '{emorris}','{}', :cursor); END;
5/11/2018 17:0:20 6: 5 Object(s) returned... [FETCH]
5/11/2018 17:0:20 6: [object Object],[object Object],[object Object],[object Object],[object Object]
5/11/2018 17:0:20 6: {"metaData":[{"name":"LEVEL"},{"name":"ENVID"},{"name":"ENVCORPID"},{"name":"ENVCODE"},{"name":"ENVTYPE"},{"name":"ENVACTIVE"},{"name":"ENVSDESC"},{"name":"ENVLDESC"},{"name":"ENVDBTYPE"},{"name":"ENVIP"},{"name":"ENVPORT"},{"name":"ENVUSER"},{"name":"ENVPASSWORD"},{"name":"ENVSOURCE"},{"name":"ENVDBLINK"},{"name":"ENVDEFAULT"},{"name":"ENVDCRE"},{"name":"ENVDMAJ"},{"name":"ENVUTIL"},{"name":"ENVVERSION"},{"name":"ENVDEFLANG"},{"name":"CORPPIC"},{"name":"ENVVARINITSH"}]}
5/11/2018 17:0:37 7: LIBQUERY with Callback: 
5/11/2018 17:0:37 7: BEGIN PKREQUESTMANAGER.CALLQUERY(7,'SUP0000001','emorris','{HEINENS_CEN_UAT}', '{00269}','{HN}', :cursor); END;
5/11/2018 17:0:37 7: 0 Object(s) returned... [FETCH] :)
5/11/2018 17:0:37 7: {"metaData":[{"name":"LISCFIN"},{"name":"FOUCNUF"},{"name":"FOULIBL"},{"name":"FCSNUM"},{"name":"LISCSIN"},{"name":"LISCCIN"},{"name":"FCCNUM"},{"name":"LISNFILF"},{"name":"SOCSITE"},{"name":"SOCLMAG"},{"name":"LISNFILC"},{"name":"LISTLIV"},{"name":"LISCOMC"},{"name":"LISCOMR"},{"name":"LISCOMF"},{"name":"LISVCOM"},{"name":"LISTSLI"},{"name":"LISTSQP"},{"name":"LISTOP"},{"name":"LISAVAL"},{"name":"LISMARQ"},{"name":"LISREAP"},{"name":"LISUREAP"},{"name":"LISUREAP_LIB"},{"name":"LISCOMM"},{"name":"LISCDLU"},{"name":"LISCDMA"},{"name":"LISCDME"},{"name":"LISCDJE"},{"name":"LISCDVE"},{"name":"LISCDSA"},{"name":"LISCDDI"},{"name":"LISLILU"},{"name":"LISLIMA"},{"name":"LISLIME"},{"name":"LISLIJE"},{"name":"LISLIVE"},{"name":"LISLISA"},{"name":"LISLIDI"},{"name":"LISHRLU"},{"name":"LISHRMA"},{"name":"LISHRME"},{"name":"LISHRJE"},{"name":"LISHRVE"},{"name":"LISHRSA"},{"name":"LISHRDI"},{"name":"LISHLLU"},{"name":"LISHLMA"},{"name":"LISHLME"},{"name":"LISHLJE"},{"name":"LISHLVE"},{"name":"LISHLSA"},{"name":"LISHLDI"},{"name":"LISHRLU2"},{"name":"LISHRMA2"},{"name":"LISHRME2"},{"name":"LISHRJE2"},{"name":"LISHRVE2"},{"name":"LISHRSA2"},{"name":"LISHRDI2"},{"name":"LISHLLU2"},{"name":"LISHLMA2"},{"name":"LISHLME2"},{"name":"LISHLJE2"},{"name":"LISHLVE2"},{"name":"LISHLSA2"},{"name":"LISHLDI2"},{"name":"LISHRLU3"},{"name":"LISHRMA3"},{"name":"LISHRME3"},{"name":"LISHRJE3"},{"name":"LISHRVE3"},{"name":"LISHRSA3"},{"name":"LISHRDI3"},{"name":"LISHLLU3"},{"name":"LISHLMA3"},{"name":"LISHLME3"},{"name":"LISHLJE3"},{"name":"LISHLVE3"},{"name":"LISHLSA3"},{"name":"LISHLDI3"},{"name":"LISDDEB"},{"name":"LISDFIN"}]}
5/11/2018 17:0:51 8: LIBQUERY with Callback: 
5/11/2018 17:0:51 8: BEGIN PKREQUESTMANAGER.CALLQUERY(8,'SUP0000001','emorris','{HEINENS_CEN_UAT}', '{06966}','{HN}', :cursor); END;
5/11/2018 17:0:51 8: 48 Object(s) returned... [FETCH]
5/11/2018 17:0:51 8: [object Object],[object Object],[object Object],[object Object],[object Object],[object Object],[object Object],[object Object],[object Object],[object Object],[object Object],[object Object],[object Object],[object Object],[object Object],[object Object],[object Object],[object Object],[object Object],[object Object],[object Object],[object Object],[object Object],[object Object],[object Object],[object Object],[object Object],[object Object],[object Object],[object Object],[object Object],[object Object],[object Object],[object Object],[object Object],[object Object],[object Object],[object Object],[object Object],[object Object],[object Object],[object Object],[object Object],[object Object],[object Object],[object Object],[object Object],[object Object]
5/11/2018 17:0:51 8: {"metaData":[{"name":"LISCFIN"},{"name":"FOUCNUF"},{"name":"FOULIBL"},{"name":"FCSNUM"},{"name":"LISCSIN"},{"name":"LISCCIN"},{"name":"FCCNUM"},{"name":"LISNFILF"},{"name":"SOCSITE"},{"name":"SOCLMAG"},{"name":"LISNFILC"},{"name":"LISTLIV"},{"name":"LISCOMC"},{"name":"LISCOMR"},{"name":"LISCOMF"},{"name":"LISVCOM"},{"name":"LISTSLI"},{"name":"LISTSQP"},{"name":"LISTOP"},{"name":"LISAVAL"},{"name":"LISMARQ"},{"name":"LISREAP"},{"name":"LISUREAP"},{"name":"LISUREAP_LIB"},{"name":"LISCOMM"},{"name":"LISCDLU"},{"name":"LISCDMA"},{"name":"LISCDME"},{"name":"LISCDJE"},{"name":"LISCDVE"},{"name":"LISCDSA"},{"name":"LISCDDI"},{"name":"LISLILU"},{"name":"LISLIMA"},{"name":"LISLIME"},{"name":"LISLIJE"},{"name":"LISLIVE"},{"name":"LISLISA"},{"name":"LISLIDI"},{"name":"LISHRLU"},{"name":"LISHRMA"},{"name":"LISHRME"},{"name":"LISHRJE"},{"name":"LISHRVE"},{"name":"LISHRSA"},{"name":"LISHRDI"},{"name":"LISHLLU"},{"name":"LISHLMA"},{"name":"LISHLME"},{"name":"LISHLJE"},{"name":"LISHLVE"},{"name":"LISHLSA"},{"name":"LISHLDI"},{"name":"LISHRLU2"},{"name":"LISHRMA2"},{"name":"LISHRME2"},{"name":"LISHRJE2"},{"name":"LISHRVE2"},{"name":"LISHRSA2"},{"name":"LISHRDI2"},{"name":"LISHLLU2"},{"name":"LISHLMA2"},{"name":"LISHLME2"},{"name":"LISHLJE2"},{"name":"LISHLVE2"},{"name":"LISHLSA2"},{"name":"LISHLDI2"},{"name":"LISHRLU3"},{"name":"LISHRMA3"},{"name":"LISHRME3"},{"name":"LISHRJE3"},{"name":"LISHRVE3"},{"name":"LISHRSA3"},{"name":"LISHRDI3"},{"name":"LISHLLU3"},{"name":"LISHLMA3"},{"name":"LISHLME3"},{"name":"LISHLJE3"},{"name":"LISHLVE3"},{"name":"LISHLSA3"},{"name":"LISHLDI3"},{"name":"LISDDEB"},{"name":"LISDFIN"}]}
5/11/2018 17:1:4 9: LIBQUERY with Callback: 
5/11/2018 17:1:4 9: BEGIN PKREQUESTMANAGER.CALLQUERY(9,'SUP0000001','emorris','{HEINENS_CEN_UAT}', '{08065}','{HN}', :cursor); END;
5/11/2018 17:1:4 9: 92 Object(s) returned... [FETCH]
5/11/2018 17:1:4 9: [object Object],[object Object],[object Object],[object Object],[object Object],[object Object],[object Object],[object Object],[object Object],[object Object],[object Object],[object Object],[object Object],[object Object],[object Object],[object Object],[object Object],[object Object],[object Object],[object Object],[object Object],[object Object],[object Object],[object Object],[object Object],[object Object],[object Object],[object Object],[object Object],[object Object],[object Object],[object Object],[object Object],[object Object],[object Object],[object Object],[object Object],[object Object],[object Object],[object Object],[object Object],[object Object],[object Object],[object Object],[object Object],[object Object],[object Object],[object Object],[object Object],[object Object],[object Object],[object Object],[object Object],[object Object],[object Object],[object Object],[object Object],[object Object],[object Object],[object Object],[object Object],[object Object],[object Object],[object Object],[object Object],[object Object],[object Object],[object Object],[object Object],[object Object],[object Object],[object Object],[object Object],[object Object],[object Object],[object Object],[object Object],[object Object],[object Object],[object Object],[object Object],[object Object],[object Object],[object Object],[object Object],[object Object],[object Object],[object Object],[object Object],[object Object],[object Object],[object Object]
5/11/2018 17:1:4 9: {"metaData":[{"name":"LISCFIN"},{"name":"FOUCNUF"},{"name":"FOULIBL"},{"name":"FCSNUM"},{"name":"LISCSIN"},{"name":"LISCCIN"},{"name":"FCCNUM"},{"name":"LISNFILF"},{"name":"SOCSITE"},{"name":"SOCLMAG"},{"name":"LISNFILC"},{"name":"LISTLIV"},{"name":"LISCOMC"},{"name":"LISCOMR"},{"name":"LISCOMF"},{"name":"LISVCOM"},{"name":"LISTSLI"},{"name":"LISTSQP"},{"name":"LISTOP"},{"name":"LISAVAL"},{"name":"LISMARQ"},{"name":"LISREAP"},{"name":"LISUREAP"},{"name":"LISUREAP_LIB"},{"name":"LISCOMM"},{"name":"LISCDLU"},{"name":"LISCDMA"},{"name":"LISCDME"},{"name":"LISCDJE"},{"name":"LISCDVE"},{"name":"LISCDSA"},{"name":"LISCDDI"},{"name":"LISLILU"},{"name":"LISLIMA"},{"name":"LISLIME"},{"name":"LISLIJE"},{"name":"LISLIVE"},{"name":"LISLISA"},{"name":"LISLIDI"},{"name":"LISHRLU"},{"name":"LISHRMA"},{"name":"LISHRME"},{"name":"LISHRJE"},{"name":"LISHRVE"},{"name":"LISHRSA"},{"name":"LISHRDI"},{"name":"LISHLLU"},{"name":"LISHLMA"},{"name":"LISHLME"},{"name":"LISHLJE"},{"name":"LISHLVE"},{"name":"LISHLSA"},{"name":"LISHLDI"},{"name":"LISHRLU2"},{"name":"LISHRMA2"},{"name":"LISHRME2"},{"name":"LISHRJE2"},{"name":"LISHRVE2"},{"name":"LISHRSA2"},{"name":"LISHRDI2"},{"name":"LISHLLU2"},{"name":"LISHLMA2"},{"name":"LISHLME2"},{"name":"LISHLJE2"},{"name":"LISHLVE2"},{"name":"LISHLSA2"},{"name":"LISHLDI2"},{"name":"LISHRLU3"},{"name":"LISHRMA3"},{"name":"LISHRME3"},{"name":"LISHRJE3"},{"name":"LISHRVE3"},{"name":"LISHRSA3"},{"name":"LISHRDI3"},{"name":"LISHLLU3"},{"name":"LISHLMA3"},{"name":"LISHLME3"},{"name":"LISHLJE3"},{"name":"LISHLVE3"},{"name":"LISHLSA3"},{"name":"LISHLDI3"},{"name":"LISDDEB"},{"name":"LISDFIN"}]}
5/11/2018 17:1:12 10: LIBQUERY with Callback: 
5/11/2018 17:1:12 10: BEGIN PKREQUESTMANAGER.CALLQUERY(10,'SUP0000001','emorris','{HEINENS_CEN_UAT}', '{06966}','{HN}', :cursor); END;
5/11/2018 17:1:12 10: 48 Object(s) returned... [FETCH]
5/11/2018 17:1:12 10: [object Object],[object Object],[object Object],[object Object],[object Object],[object Object],[object Object],[object Object],[object Object],[object Object],[object Object],[object Object],[object Object],[object Object],[object Object],[object Object],[object Object],[object Object],[object Object],[object Object],[object Object],[object Object],[object Object],[object Object],[object Object],[object Object],[object Object],[object Object],[object Object],[object Object],[object Object],[object Object],[object Object],[object Object],[object Object],[object Object],[object Object],[object Object],[object Object],[object Object],[object Object],[object Object],[object Object],[object Object],[object Object],[object Object],[object Object],[object Object]
5/11/2018 17:1:12 10: {"metaData":[{"name":"LISCFIN"},{"name":"FOUCNUF"},{"name":"FOULIBL"},{"name":"FCSNUM"},{"name":"LISCSIN"},{"name":"LISCCIN"},{"name":"FCCNUM"},{"name":"LISNFILF"},{"name":"SOCSITE"},{"name":"SOCLMAG"},{"name":"LISNFILC"},{"name":"LISTLIV"},{"name":"LISCOMC"},{"name":"LISCOMR"},{"name":"LISCOMF"},{"name":"LISVCOM"},{"name":"LISTSLI"},{"name":"LISTSQP"},{"name":"LISTOP"},{"name":"LISAVAL"},{"name":"LISMARQ"},{"name":"LISREAP"},{"name":"LISUREAP"},{"name":"LISUREAP_LIB"},{"name":"LISCOMM"},{"name":"LISCDLU"},{"name":"LISCDMA"},{"name":"LISCDME"},{"name":"LISCDJE"},{"name":"LISCDVE"},{"name":"LISCDSA"},{"name":"LISCDDI"},{"name":"LISLILU"},{"name":"LISLIMA"},{"name":"LISLIME"},{"name":"LISLIJE"},{"name":"LISLIVE"},{"name":"LISLISA"},{"name":"LISLIDI"},{"name":"LISHRLU"},{"name":"LISHRMA"},{"name":"LISHRME"},{"name":"LISHRJE"},{"name":"LISHRVE"},{"name":"LISHRSA"},{"name":"LISHRDI"},{"name":"LISHLLU"},{"name":"LISHLMA"},{"name":"LISHLME"},{"name":"LISHLJE"},{"name":"LISHLVE"},{"name":"LISHLSA"},{"name":"LISHLDI"},{"name":"LISHRLU2"},{"name":"LISHRMA2"},{"name":"LISHRME2"},{"name":"LISHRJE2"},{"name":"LISHRVE2"},{"name":"LISHRSA2"},{"name":"LISHRDI2"},{"name":"LISHLLU2"},{"name":"LISHLMA2"},{"name":"LISHLME2"},{"name":"LISHLJE2"},{"name":"LISHLVE2"},{"name":"LISHLSA2"},{"name":"LISHLDI2"},{"name":"LISHRLU3"},{"name":"LISHRMA3"},{"name":"LISHRME3"},{"name":"LISHRJE3"},{"name":"LISHRVE3"},{"name":"LISHRSA3"},{"name":"LISHRDI3"},{"name":"LISHLLU3"},{"name":"LISHLMA3"},{"name":"LISHLME3"},{"name":"LISHLJE3"},{"name":"LISHLVE3"},{"name":"LISHLSA3"},{"name":"LISHLDI3"},{"name":"LISDDEB"},{"name":"LISDFIN"}]}
5/11/2018 17:4:39 11: LIBQUERY with Callback: 
5/11/2018 17:4:39 11: BEGIN PKREQUESTMANAGER.CALLQUERY(11,'SCH0000001','emorris','{HEINENS_CEN_UAT}', '{06966,06966CC,0,06966SC,05/27/2018,06/02/2018,emorris,1,4,5,6,7,8,9,10,11,12,14,15,16,17,18,19,20,21,22,41,42,43,44,91072,99952}','{HN}', :cursor); END;
5/11/2018 17:4:39 11: 1 Object(s) returned... [FETCH]
5/11/2018 17:4:39 11: [object Object]
5/11/2018 17:4:39 11: {"metaData":[{"name":"'EXECUTINGISSUE,CHECKDBMS_SQL.EXECUTERIGHTS'"}]}
5/11/2018 17:4:39 12: LIBQUERY with Callback: 
5/11/2018 17:4:39 12: BEGIN PKREQUESTMANAGER.CALLQUERY(12,'SCH0000002','emorris','{HEINENS_CEN_UAT}', '{06966,06966CC,0,06966SC,05/28/2018,0810,05/29/2018,0600,emorris,1,4,5,6,7,8,9,10,11,12,14,15,16,17,18,19,20,21,22,41,42,43,44,91072,99952}','{HN}', :cursor); END;
5/11/2018 17:4:39 13: LIBQUERY with Callback: 
5/11/2018 17:4:39 13: BEGIN PKREQUESTMANAGER.CALLQUERY(13,'SCH0000002','emorris','{HEINENS_CEN_UAT}', '{06966,06966CC,0,06966SC,05/30/2018,0810,05/31/2018,0600,emorris,1,4,5,6,7,8,9,10,11,12,14,15,16,17,18,19,20,21,22,41,42,43,44,91072,99952}','{HN}', :cursor); END;
5/11/2018 17:4:39 14: LIBQUERY with Callback: 
5/11/2018 17:4:39 14: BEGIN PKREQUESTMANAGER.CALLQUERY(14,'SCH0000002','emorris','{HEINENS_CEN_UAT}', '{06966,06966CC,0,06966SC,06/01/2018,0810,06/02/2018,0600,emorris,1,4,5,6,7,8,9,10,11,12,14,15,16,17,18,19,20,21,22,41,42,43,44,91072,99952}','{HN}', :cursor); END;
5/11/2018 17:4:39 14: 1 Object(s) returned... [FETCH]
5/11/2018 17:4:39 14: [object Object]
5/11/2018 17:4:39 14: {"metaData":[{"name":"'EXECUTINGISSUE,CHECKDBMS_SQL.EXECUTERIGHTS'"}]}
5/11/2018 17:4:39 14: 1 Object(s) returned... [FETCH]
5/11/2018 17:4:39 14: [object Object]
5/11/2018 17:4:39 14: 1 Object(s) returned... [FETCH]
5/11/2018 17:4:39 14: [object Object]
5/11/2018 17:4:39 14: {"metaData":[{"name":"'EXECUTINGISSUE,CHECKDBMS_SQL.EXECUTERIGHTS'"}]}
5/11/2018 17:4:39 14: {"metaData":[{"name":"'EXECUTINGISSUE,CHECKDBMS_SQL.EXECUTERIGHTS'"}]}
