5/13/2025 14:46:23 [emorris] 42: "BEGIN PKREQUESTMANAGER.CALLQUERY(42,'SCR0000001','emorris','{HEINENS_CUSTOM_PROD}', '{SCR0000000001,emorris}','{HN}', :cursor); END;"
5/13/2025 14:46:23 [emorris] 42: "[{\"SCREENID\":\"SCR0000000001\",\"SCREENINFO\":\"<div><i class=\\\"bbs-keywords\\\">What is it : </i>Dashboard section is your <b>Home</b> tracking process. It simplifies and regroup data visualization.\\n                          As many as needed dashboard widget trackers can be enabled.\\n</div>\\n<div><i class=\\\"bbs-keywords\\\">Tracking type : </i>There are 3 types of data visualization: \\n        <li><b>Table </b> display with export to file option.</li> \\n        <li><b>Chart </b> with by type line, bar, radar, polar, pie, scatter, combined type </li> \\n        <li><b>Message & Alert </b> with color criticality such as successful, soft warning, hard warning.</li> \\n</div>\"}]"
5/13/2025 14:46:23 [emorris] 42: "1 Object(s) returned... [FETCH]"
5/13/2025 14:46:35 [emorris] 43: "BEGIN PKREQUESTMANAGER.CALLQUERY(43,'ADM0000001','emorris','{}', '{emorris,chambers27}','{}', :cursor); END;"
5/13/2025 14:46:35 [emorris] 43: "[{\"USERID\":\"emorris\",\"USERFNAME\":\"Eileen\",\"USERLNAME\":\"Morris\",\"USEREMAIL\":\"emorris@heinens.com\",\"USERMOBILE\":null,\"USERDATAINTEGRITY\":1}]"
5/13/2025 14:46:35 [emorris] 43: "1 Object(s) returned... [FETCH]"
5/13/2025 14:46:36 [emorris] 44: "BEGIN PKREQUESTMANAGER.CALLQUERY(44,'CLI0000002','emorris','{}', '{emorris}','{}', :cursor); END;"
5/13/2025 14:46:36 [emorris] 45: "BEGIN PKREQUESTMANAGER.CALLQUERY(45,'CLI0000003','emorris','{}', '{emorris}','{}', :cursor); END;"
5/13/2025 14:46:36 [emorris] 44: "[{\"USERID\":\"emorris\",\"USERCORPID\":2,\"USERPASS\":\"Y2hhbWJlcnMyNw==\",\"USERAUTH\":null,\"USERLANG\":\"us_US\",\"USERPROF\":null,\"USERAPPLI\":3,\"USERFNAME\":\"Eileen\",\"USERLNAME\":\"Morris\",\"USEREMAIL\":\"emorris@heinens.com\",\"USERMOBILE\":null,\"USERTEAM\":null,\"USERACTIVE\":1,\"USERDCRE\":\"2018-04-15T04:00:00.000Z\",\"USERDMAJ\":\"2018-04-15T04:00:00.000Z\",\"USERUTIL\":\"admin\",\"USERTYPE\":2,\"USERDATAINTEGRITY\":1,\"USERIT\":1,\"USERBUYER\":1,\"USERHELPDESK\":1,\"USERWAREHOUSE\":1,\"USERSPACEPLANNING\":1}]"
5/13/2025 14:46:36 [emorris] 44: "1 Object(s) returned... [FETCH]"
5/13/2025 14:46:36 [emorris] 45: "[{\"LEVEL\":\"USER\",\"ENVID\":1,\"ENVCORPID\":2,\"CORPSDESC\":\"Heinen's\",\"ENVCODE\":\"CENTRAL_UAT\",\"ENVTYPE\":4,\"ENVACTIVE\":1,\"ENVSDESC\":\"User Acceptance\",\"ENVLDESC\":\"Heinen's Central UAT environement\",\"ENVDBTYPE\":1,\"ENVIP\":\"10.227.100.52\",\"ENVPORT\":1521,\"ENVUSER\":\"hntcen\",\"ENVPASSWORD\":\"Heinen123!\",\"ENVSOURCE\":\"test\",\"ENVDBLINK\":\"HEINENS_CEN_UAT\",\"ENVDEFAULT\":0,\"ENVDCRE\":\"2017-03-21T04:00:00.000Z\",\"ENVDMAJ\":\"2017-03-21T04:00:00.000Z\",\"ENVUTIL\":\"abe\",\"ENVVERSION\":1,\"ENVDEFLANG\":\"HN\",\"CORPPIC\":\"./assets/pictures/corporate/heinens.jpg\",\"ENVVARINITSH\":\". /home/hntcen/env/envCEN\",\"ENVTITLECOLOR\":\"yellow\",\"ENVTITLE\":\"Inventory Control Room [ACCEPTANCE]\",\"ENVDOMAIN\":1,\"ENVALLSTOCKRESTART\":\"/home/hntstk/bin/shell/restart_hntstk_processes.sh\",\"ENVRESTART\":\"/home/hntstk/bin/shell/restart_hntstk_processes.sh\",\"ENVCENTRALRESTART\":\"/home/hntcen/bin/shell/whatsupgold/central/restart_central.sh\",\"ENVSTOCKRESTART\":\"/home/hntstk/bin/shell/whatsupgold/stock/restart_stock.sh\",\"ENVMOBRESTART\":\"/home/hntcen/bin/shell/mobility/restart_mobility.sh\",\"ENVGFARESTART\":null,\"ENVGWRRESTART\":null,\"ENVXMLRESTART\":\"/home/hntcen/bin/shell/whatsupgold/central/restart_xmlinterface.sh\",\"ENVPRINTERRESTART\":\"/home/hntstk/bin/shell/whatsupgold/stock/restart_printer.sh\",\"ENVRADIORESTART\":\"/home/hntstk/bin/shell/vocal/restart_radio.sh\",\"ENVGWVORESTART\":\"/home/hntstk/bin/shell/vocal/restart_vocal.sh\",\"ENVVOCALRESTART\":\"/home/hntstk/bin/shell/vocal/restart_vocal.sh\"},{\"LEVEL\":\"USER\",\"ENVID\":2,\"ENVCORPID\":2,\"CORPSDESC\":\"Heinen's\",\"ENVCODE\":\"STOCK_UAT\",\"ENVTYPE\":4,\"ENVACTIVE\":1,\"ENVSDESC\":\"Heinen's Stock UAT\",\"ENVLDESC\":\"Heinen's Stock UAT environement\",\"ENVDBTYPE\":1,\"ENVIP\":\"10.227.100.52\",\"ENVPORT\":1521,\"ENVUSER\":\"hntstk\",\"ENVPASSWORD\":\"Heinen123!\",\"ENVSOURCE\":\"test\",\"ENVDBLINK\":\"HEINENS_STK_UAT\",\"ENVDEFAULT\":0,\"ENVDCRE\":\"2017-03-21T04:00:00.000Z\",\"ENVDMAJ\":\"2017-03-21T04:00:00.000Z\",\"ENVUTIL\":\"abe\",\"ENVVERSION\":2,\"ENVDEFLANG\":\"HN\",\"CORPPIC\":\"./assets/pictures/corporate/heinens.jpg\",\"ENVVARINITSH\":\". /home/hntstk/env/envSTK\",\"ENVTITLECOLOR\":\"yellow\",\"ENVTITLE\":\"Inventory Control Room [ACCEPTANCE]\",\"ENVDOMAIN\":2,\"ENVALLSTOCKRESTART\":\"/home/hntstk/bin/shell/restart_hntstk_processes.sh\",\"ENVRESTART\":\"/home/hntstk/bin/shell/restart_hntstk_processes.sh\",\"ENVCENTRALRESTART\":\"/home/hntcen/bin/shell/whatsupgold/central/restart_central.sh\",\"ENVSTOCKRESTART\":\"/home/hntstk/bin/shell/whatsupgold/stock/restart_stock.sh\",\"ENVMOBRESTART\":\"/home/hntcen/bin/shell/mobility/restart_mobility.sh\",\"ENVGFARESTART\":null,\"ENVGWRRESTART\":null,\"ENVXMLRESTART\":\"/home/hntcen/bin/shell/whatsupgold/central/restart_xmlinterface.sh\",\"ENVPRINTERRESTART\":\"/home/hntstk/bin/shell/whatsupgold/stock/restart_printer.sh\",\"ENVRADIORESTART\":\"/home/hntstk/bin/shell/vocal/restart_radio.sh\",\"ENVGWVORESTART\":\"/home/hntstk/bin/shell/vocal/restart_vocal.sh\",\"ENVVOCALRESTART\":\"/home/hntstk/bin/shell/vocal/restart_vocal.sh\"},{\"LEVEL\":\"USER\",\"ENVID\":3,\"ENVCORPID\":2,\"CORPSDESC\":\"Heinen's\",\"ENVCODE\":\"HN_CENTRAL_PROD\",\"ENVTYPE\":7,\"ENVACTIVE\":1,\"ENVSDESC\":\"Production\",\"ENVLDESC\":\"Heinen's Custom PROD environement\",\"ENVDBTYPE\":1,\"ENVIP\":\"10.227.100.85\",\"ENVPORT\":1521,\"ENVUSER\":\"hnpcen\",\"ENVPASSWORD\":\"Heinen123!\",\"ENVSOURCE\":\"central\",\"ENVDBLINK\":\"HEINENS_CUSTOM_PROD\",\"ENVDEFAULT\":1,\"ENVDCRE\":\"2017-04-22T04:00:00.000Z\",\"ENVDMAJ\":\"2017-03-21T04:00:00.000Z\",\"ENVUTIL\":\"abe\",\"ENVVERSION\":1,\"ENVDEFLANG\":\"HN\",\"CORPPIC\":\"./assets/pictures/corporate/heinens.jpg\",\"ENVVARINITSH\":\". /home/hnpcen/env/envCEN\",\"ENVTITLECOLOR\":\"white\",\"ENVTITLE\":\"Inventory Control Room\",\"ENVDOMAIN\":1,\"ENVALLSTOCKRESTART\":\"/home/hnpstk/bin/shell/restart_hnpstk_processes.sh\",\"ENVRESTART\":\"/home/hnpstk/bin/shell/restart_hnpstk_processes.sh\",\"ENVCENTRALRESTART\":\"/home/hnpcen/bin/shell/whatsupgold/central/restart_central.sh\",\"ENVSTOCKRESTART\":\"/home/hnpstk/bin/shell/whatsupgold/stock/restart_stock.sh\",\"ENVMOBRESTART\":\"/home/hnpcen/bin/shell/mobility/restart_mobility.sh\",\"ENVGFARESTART\":null,\"ENVGWRRESTART\":null,\"ENVXMLRESTART\":\"/home/hnpcen/bin/shell/whatsupgold/central/restart_xmlinterface.sh\",\"ENVPRINTERRESTART\":\"/home/hnpstk/bin/shell/whatsupgold/stock/restart_printer.sh\",\"ENVRADIORESTART\":\"/home/hnpstk/bin/shell/vocal/restart_radio.sh\",\"ENVGWVORESTART\":\"/home/hnpstk/bin/shell/vocal/restart_vocal.sh\",\"ENVVOCALRESTART\":\"/home/hnpstk/bin/shell/vocal/restart_vocal.sh\"},{\"LEVEL\":\"USER\",\"ENVID\":4,\"ENVCORPID\":2,\"CORPSDESC\":\"Heinen's\",\"ENVCODE\":\"HN_STOCK_PROD\",\"ENVTYPE\":7,\"ENVACTIVE\":1,\"ENVSDESC\":\"Production Warehouse\",\"ENVLDESC\":\"Heinen's Warehouse PROD environement\",\"ENVDBTYPE\":1,\"ENVIP\":\"10.227.100.85\",\"ENVPORT\":1521,\"ENVUSER\":\"hnpstk\",\"ENVPASSWORD\":\"Heinen123!\",\"ENVSOURCE\":\"stock\",\"ENVDBLINK\":\"HEINENS_CUSTOM_PROD\",\"ENVDEFAULT\":0,\"ENVDCRE\":\"2020-01-02T05:00:00.000Z\",\"ENVDMAJ\":\"2020-01-02T05:00:00.000Z\",\"ENVUTIL\":\"abe\",\"ENVVERSION\":1,\"ENVDEFLANG\":\"HN\",\"CORPPIC\":\"./assets/pictures/corporate/heinens.jpg\",\"ENVVARINITSH\":\". /home/hnpstk/env/envSTK\",\"ENVTITLECOLOR\":\"white\",\"ENVTITLE\":\"Inventory Control Room\",\"ENVDOMAIN\":2,\"ENVALLSTOCKRESTART\":\"/home/hnpstk/bin/shell/restart_hnpstk_processes.sh\",\"ENVRESTART\":\"/home/hnpstk/bin/shell/restart_hnpstk_processes.sh\",\"ENVCENTRALRESTART\":\"/home/hnpcen/bin/shell/whatsupgold/central/restart_central.sh\",\"ENVSTOCKRESTART\":\"/home/hnpstk/bin/shell/whatsupgold/stock/restart_stock.sh\",\"ENVMOBRESTART\":\"/home/hnpcen/bin/shell/mobility/restart_mobility.sh\",\"ENVGFARESTART\":null,\"ENVGWRRESTART\":null,\"ENVXMLRESTART\":\"/home/hnpcen/bin/shell/whatsupgold/central/restart_xmlinterface.sh\",\"ENVPRINTERRESTART\":\"/home/hnpstk/bin/shell/whatsupgold/stock/restart_printer.sh\",\"ENVRADIORESTART\":\"/home/hnpstk/bin/shell/vocal/restart_radio.sh\",\"ENVGWVORESTART\":\"/home/hnpstk/bin/shell/vocal/restart_vocal.sh\",\"ENVVOCALRESTART\":\"/home/hnpstk/bin/shell/vocal/restart_vocal.sh\"}]"
5/13/2025 14:46:36 [emorris] 45: "4 Object(s) returned... [FETCH]"
5/13/2025 14:46:36 [emorris] 46: "BEGIN PKREQUESTMANAGER.CALLQUERY(46,'WDG0000001','emorris','{HEINENS_CUSTOM_PROD}', '{emorris,-1}','{HN}', :cursor); END;"
5/13/2025 14:46:36 [emorris] 46: "44 Object(s) returned... [FETCH]"
5/13/2025 14:46:36 [emorris] 47: "BEGIN PKREQUESTMANAGER.CALLQUERY(47,'SCR0000001','emorris','{HEINENS_CUSTOM_PROD}', '{SCR0000000001,emorris}','{HN}', :cursor); END;"
5/13/2025 14:46:36 [emorris] 47: "[{\"SCREENID\":\"SCR0000000001\",\"SCREENINFO\":\"<div><i class=\\\"bbs-keywords\\\">What is it : </i>Dashboard section is your <b>Home</b> tracking process. It simplifies and regroup data visualization.\\n                          As many as needed dashboard widget trackers can be enabled.\\n</div>\\n<div><i class=\\\"bbs-keywords\\\">Tracking type : </i>There are 3 types of data visualization: \\n        <li><b>Table </b> display with export to file option.</li> \\n        <li><b>Chart </b> with by type line, bar, radar, polar, pie, scatter, combined type </li> \\n        <li><b>Message & Alert </b> with color criticality such as successful, soft warning, hard warning.</li> \\n</div>\"}]"
5/13/2025 14:46:36 [emorris] 47: "1 Object(s) returned... [FETCH]"
5/13/2025 14:46:36 [emorris] 48: "BEGIN PKREQUESTMANAGER.CALLQUERY(48,'WDG1000000','emorris','{HEINENS_CUSTOM_PROD}', '{WDG0000000021,90061,15}','{HN}', :cursor); END;"
5/13/2025 14:46:36 [emorris] 49: "BEGIN PKREQUESTMANAGER.CALLQUERY(49,'WDG1000000','emorris','{HEINENS_CUSTOM_PROD}', '{WDG0000000019,null}','{HN}', :cursor); END;"
5/13/2025 14:46:36 [emorris] 50: "BEGIN PKREQUESTMANAGER.CALLQUERY(50,'WDG1000000','emorris','{HEINENS_CUSTOM_PROD}', '{WDG0000000010,null}','{HN}', :cursor); END;"
5/13/2025 14:46:36 [emorris] 51: "BEGIN PKREQUESTMANAGER.CALLQUERY(51,'WDG1000000','emorris','{HEINENS_CUSTOM_PROD}', '{WDG0000000020,90061,5}','{HN}', :cursor); END;"
5/13/2025 14:46:36 [emorris] 52: "BEGIN PKREQUESTMANAGER.CALLQUERY(52,'WDG1000000','emorris','{HEINENS_CUSTOM_PROD}', '{WDG0000000020,91071,5}','{HN}', :cursor); END;"
5/13/2025 14:46:36 [emorris] 53: "BEGIN PKREQUESTMANAGER.CALLQUERY(53,'WDG1000000','emorris','{HEINENS_CUSTOM_PROD}', '{WDG0000000021,91071,15}','{HN}', :cursor); END;"
5/13/2025 14:46:36 [emorris] 49: "1820 Object(s) returned... [FETCH]"
5/13/2025 14:46:36 [emorris] 50: "621 Object(s) returned... [FETCH]"
5/13/2025 14:46:37 [emorris] 54: "BEGIN PKREQUESTMANAGER.CALLQUERY(54,'WDG1000000','emorris','{HEINENS_CUSTOM_PROD}', '{WDG0000000021,91070,6}','{HN}', :cursor); END;"
5/13/2025 14:46:37 [emorris] 55: "BEGIN PKREQUESTMANAGER.CALLQUERY(55,'WDG1000000','emorris','{HEINENS_CUSTOM_PROD}', '{WDG0000000020,91070,2}','{HN}', :cursor); END;"
5/13/2025 14:46:37 [emorris] 52: "207 Object(s) returned... [FETCH]"
5/13/2025 14:46:38 [emorris] 53: "105 Object(s) returned... [FETCH]"
5/13/2025 14:46:38 [emorris] 54: "207 Object(s) returned... [FETCH]"
5/13/2025 14:46:38 [emorris] 55: "83 Object(s) returned... [FETCH]"
5/13/2025 14:46:42 [emorris] 48: "1585 Object(s) returned... [FETCH]"
5/13/2025 14:46:42 [emorris] 51: "804 Object(s) returned... [FETCH]"
5/13/2025 14:47:4 [emorris] 56: "BEGIN PKREQUESTMANAGER.CALLQUERY(56,'SCR0000001','emorris','{HEINENS_CUSTOM_PROD}', '{SCR0000000003,emorris}','{HN}', :cursor); END;"
5/13/2025 14:47:4 [emorris] 56: "[{\"SCREENID\":\"SCR0000000003\",\"SCREENINFO\":\"<div><i class=\\\"bbs-keywords\\\">What is it : </i>Supplier schedule give you the capability to review and maintain the already defined supplier schedule \\nfor a given supplier code or part of his description and the period to be reconsidered.\\n</div>\\n<div><i class=\\\"bbs-keywords\\\">Business case example :</i>Adjust the supplier delivery calendar due to holiday or temporary schedule change</div>\\n<div><i class=\\\"bbs-keywords\\\">Mechanism : </i>Tool is capturing the actual defined supplier schedule for the given period in order to gather\\nfundamental service information (commercial contrat, address chain, service contract, schedule (order day & time, delivery day & time), store associated to the schedule \\n</div> \\n<div><i class=\\\"bbs-keywords\\\">Scenario : </i>\\n     <li><b class=\\\"bbs-keywords-scenario\\\">Not finding the supplier: </b>That means for the given period, there is no actual supplier schedule. To resolve that, extend the period in the search panel. You will be able to readjust the end period once you get to the detail adjustment section.\\n     </li>'\\n</div>\"}]"
5/13/2025 14:47:4 [emorris] 56: "1 Object(s) returned... [FETCH]"
5/13/2025 14:49:2 [emorris] 58: "BEGIN PKREQUESTMANAGER.CALLQUERY(58,'SUP0000002','emorris','{HEINENS_CUSTOM_PROD}', '{AO759072,05/14/2025,05/24/2025}','{HN}', :cursor); END;"
5/13/2025 14:49:12 [emorris] 59: "BEGIN PKREQUESTMANAGER.CALLQUERY(59,'SUP0000002','emorris','{HEINENS_CUSTOM_PROD}', '{AO759072,05/14/2025,05/24/2025}','{HN}', :cursor); END;"
5/13/2025 14:49:28 [emorris] 60: "BEGIN PKREQUESTMANAGER.CALLQUERY(60,'SUP0000002','emorris','{HEINENS_CUSTOM_PROD}', '{AO0759072,05/14/2025,05/24/2025}','{HN}', :cursor); END;"
5/13/2025 14:49:28 [emorris] 60: "69 Object(s) returned... [FETCH]"
5/13/2025 14:51:48 [emorris] 61: "BEGIN PKREQUESTMANAGER.CALLQUERY(61,'SCR0000001','emorris','{HEINENS_CUSTOM_PROD}', '{SCR0000000003,emorris}','{HN}', :cursor); END;"
5/13/2025 14:51:48 [emorris] 61: "[{\"SCREENID\":\"SCR0000000003\",\"SCREENINFO\":\"<div><i class=\\\"bbs-keywords\\\">What is it : </i>Supplier schedule give you the capability to review and maintain the already defined supplier schedule \\nfor a given supplier code or part of his description and the period to be reconsidered.\\n</div>\\n<div><i class=\\\"bbs-keywords\\\">Business case example :</i>Adjust the supplier delivery calendar due to holiday or temporary schedule change</div>\\n<div><i class=\\\"bbs-keywords\\\">Mechanism : </i>Tool is capturing the actual defined supplier schedule for the given period in order to gather\\nfundamental service information (commercial contrat, address chain, service contract, schedule (order day & time, delivery day & time), store associated to the schedule \\n</div> \\n<div><i class=\\\"bbs-keywords\\\">Scenario : </i>\\n     <li><b class=\\\"bbs-keywords-scenario\\\">Not finding the supplier: </b>That means for the given period, there is no actual supplier schedule. To resolve that, extend the period in the search panel. You will be able to readjust the end period once you get to the detail adjustment section.\\n     </li>'\\n</div>\"}]"
5/13/2025 14:51:48 [emorris] 61: "1 Object(s) returned... [FETCH]"
5/13/2025 14:51:49 [emorris] 62: "BEGIN PKREQUESTMANAGER.CALLQUERY(62,'SCR0000001','emorris','{HEINENS_CUSTOM_PROD}', '{SCR0000000003,emorris}','{HN}', :cursor); END;"
5/13/2025 14:51:49 [emorris] 62: "[{\"SCREENID\":\"SCR0000000003\",\"SCREENINFO\":\"<div><i class=\\\"bbs-keywords\\\">What is it : </i>Supplier schedule give you the capability to review and maintain the already defined supplier schedule \\nfor a given supplier code or part of his description and the period to be reconsidered.\\n</div>\\n<div><i class=\\\"bbs-keywords\\\">Business case example :</i>Adjust the supplier delivery calendar due to holiday or temporary schedule change</div>\\n<div><i class=\\\"bbs-keywords\\\">Mechanism : </i>Tool is capturing the actual defined supplier schedule for the given period in order to gather\\nfundamental service information (commercial contrat, address chain, service contract, schedule (order day & time, delivery day & time), store associated to the schedule \\n</div> \\n<div><i class=\\\"bbs-keywords\\\">Scenario : </i>\\n     <li><b class=\\\"bbs-keywords-scenario\\\">Not finding the supplier: </b>That means for the given period, there is no actual supplier schedule. To resolve that, extend the period in the search panel. You will be able to readjust the end period once you get to the detail adjustment section.\\n     </li>'\\n</div>\"}]"
5/13/2025 14:51:49 [emorris] 62: "1 Object(s) returned... [FETCH]"
5/13/2025 14:52:31 [emorris] 69: "BEGIN PKREQUESTMANAGER.CALLQUERY(69,'SUP0000002','emorris','{HEINENS_CUSTOM_PROD}', '{AO1578772,05/14/2025,05/17/2025}','{HN}', :cursor); END;"
5/13/2025 14:52:31 [emorris] 69: "46 Object(s) returned... [FETCH]"
5/13/2025 14:54:6 [emorris] 74: "BEGIN PKREQUESTMANAGER.CALLQUERY(74,'SUP0000002','emorris','{HEINENS_CUSTOM_PROD}', '{AO1578772,05/14/2025,05/17/2025}','{HN}', :cursor); END;"
5/13/2025 14:54:7 [emorris] 74: "46 Object(s) returned... [FETCH]"
5/13/2025 14:55:44 [emorris] 91: "BEGIN PKREQUESTMANAGER.CALLQUERY(91,'SUP0000002','emorris','{HEINENS_CUSTOM_PROD}', '{AO1578772,05/14/2025,05/17/2025}','{HN}', :cursor); END;"
5/13/2025 14:55:45 [emorris] 91: "46 Object(s) returned... [FETCH]"
5/13/2025 15:0:49 [emorris] 94: "BEGIN PKREQUESTMANAGER.CALLQUERY(94,'SCH0000001','emorris','{HEINENS_CUSTOM_PROD}', '{AO1578772,AO15787P,1,AO15787P,05/14/2025,05/17/2025,emorris,1,4,5,6,7,8,9,10,11,12,14,15,16,17,18,19,20,21,22,41,42,43,44}','{HN}', :cursor); END;"
5/13/2025 15:0:49 [emorris] 94: "[{\"'ALTERED'\":\"altered\"}]"
5/13/2025 15:0:49 [emorris] 94: "1 Object(s) returned... [FETCH]"
5/13/2025 15:0:49 [emorris] 95: "BEGIN PKREQUESTMANAGER.CALLQUERY(95,'SCH0000002','emorris','{HEINENS_CUSTOM_PROD}', '{AO1578772,AO15787P,1,AO15787P,05/15/2025,1010,05/22/2025,0600,emorris,1,4,5,6,7,8,9,10,11,12,14,15,16,17,18,19,20,21,22,41,42,43,44}','{HN}', :cursor); END;"
5/13/2025 15:0:49 [emorris] 96: "BEGIN PKREQUESTMANAGER.CALLQUERY(96,'SCH0000002','emorris','{HEINENS_CUSTOM_PROD}', '{AO1578772,AO15787P,1,AO15787P,05/16/2025,1010,05/27/2025,0600,emorris,1,4,5,6,7,8,9,10,11,12,14,15,16,17,18,19,20,21,22,41,42,43,44}','{HN}', :cursor); END;"
5/13/2025 15:0:49 [emorris] 95: "[{\"'ALTERED'\":\"altered\"}]"
5/13/2025 15:0:49 [emorris] 95: "1 Object(s) returned... [FETCH]"
5/13/2025 15:0:49 [emorris] 96: "[{\"'ALTERED'\":\"altered\"}]"
5/13/2025 15:0:49 [emorris] 96: "1 Object(s) returned... [FETCH]"
5/13/2025 15:1:0 [emorris] 97: "BEGIN PKREQUESTMANAGER.CALLQUERY(97,'SUP0000002','emorris','{HEINENS_CUSTOM_PROD}', '{AO1578772,05/14/2025,05/24/2025}','{HN}', :cursor); END;"
5/13/2025 15:1:0 [emorris] 97: "138 Object(s) returned... [FETCH]"
5/13/2025 15:1:35 [emorris] 98: "BEGIN PKREQUESTMANAGER.CALLQUERY(98,'SUP0000002','emorris','{HEINENS_CUSTOM_PROD}', '{AO1578772,05/14/2025,05/24/2025}','{HN}', :cursor); END;"
5/13/2025 15:1:35 [emorris] 98: "138 Object(s) returned... [FETCH]"
5/13/2025 15:1:51 [emorris] 99: "BEGIN PKREQUESTMANAGER.CALLQUERY(99,'SCH0000001','emorris','{HEINENS_CUSTOM_PROD}', '{AO1578772,AO15787P,1,AO15787P,05/14/2025,05/24/2025,emorris,1,4,5,6,7,8,9,10,11,12,14,15,16,17,18,19,20,21,22,41,42,43,44}','{HN}', :cursor); END;"
5/13/2025 15:1:51 [emorris] 99: "[{\"'ALTERED'\":\"altered\"}]"
5/13/2025 15:1:51 [emorris] 99: "1 Object(s) returned... [FETCH]"
5/13/2025 15:1:51 [emorris] 100: "BEGIN PKREQUESTMANAGER.CALLQUERY(100,'SCH0000002','emorris','{HEINENS_CUSTOM_PROD}', '{AO1578772,AO15787P,1,AO15787P,05/15/2025,1010,05/22/2025,0600,emorris,1,4,5,6,7,8,9,10,11,12,14,15,16,17,18,19,20,21,22,41,42,43,44}','{HN}', :cursor); END;"
5/13/2025 15:1:52 [emorris] 100: "[{\"'ALTERED'\":\"altered\"}]"
5/13/2025 15:1:52 [emorris] 100: "1 Object(s) returned... [FETCH]"
5/13/2025 15:1:52 [emorris] 101: "BEGIN PKREQUESTMANAGER.CALLQUERY(101,'SCH0000002','emorris','{HEINENS_CUSTOM_PROD}', '{AO1578772,AO15787P,1,AO15787P,05/16/2025,1010,05/27/2025,0600,emorris,1,4,5,6,7,8,9,10,11,12,14,15,16,17,18,19,20,21,22,41,42,43,44}','{HN}', :cursor); END;"
5/13/2025 15:1:52 [emorris] 102: "BEGIN PKREQUESTMANAGER.CALLQUERY(102,'SCH0000002','emorris','{HEINENS_CUSTOM_PROD}', '{AO1578772,AO15787P,1,AO15787P,05/21/2025,1010,05/29/2025,0600,emorris,1,4,5,6,7,8,9,10,11,12,14,15,16,17,18,19,20,21,22,41,42,43,44}','{HN}', :cursor); END;"
5/13/2025 15:1:52 [emorris] 101: "[{\"'ALTERED'\":\"altered\"}]"
5/13/2025 15:1:52 [emorris] 101: "1 Object(s) returned... [FETCH]"
5/13/2025 15:1:52 [emorris] 102: "[{\"'ALTERED'\":\"altered\"}]"
5/13/2025 15:1:52 [emorris] 102: "1 Object(s) returned... [FETCH]"
