1/9/2022 5:0:6 [crontab] 1: "BEGIN PKREQUESTMANAGER.CALLQUERY(1,'CRON000001','crontab','{}', '{}','{}', :cursor); END;"
1/9/2022 5:0:6 [crontab] 1: "34 Object(s) returned... [FETCH]"
1/9/2022 5:0:6 [crontab] CRON: "Cron Job DAILY_WHS_SSCC_NO_UBD is now scheduled using cron setup : */5 * * * *"
1/9/2022 5:0:6 [crontab] CRON: "Cron Job WEEKLY_STORE_NO_SALES is now scheduled using cron setup : 5 6 * * 1"
1/9/2022 5:0:6 [crontab] CRON: "Cron Job EXP_WHS_INVALID_PICKING is now scheduled using cron setup : 5 9 * * *"
1/9/2022 5:0:6 [crontab] CRON: "Cron Job EXP_WHS_FAULTY_DO is now scheduled using cron setup : 5 11 * * *"
1/9/2022 5:0:6 [crontab] CRON: "Cron Job WHS_MISS_ROUTE is now scheduled using cron setup : 0 * * * *"
1/9/2022 5:0:6 [crontab] CRON: "Cron Job DAILY_STORE_SHORTED is now scheduled using cron setup : 5 7 * * *"
1/9/2022 5:0:6 [crontab] CRON: "Cron Job DAILY_RETAIL_NO_MULTIPLE is now scheduled using cron setup : 0 7-18 * * 1,2,3,4,5"
1/9/2022 5:0:6 [crontab] CRON: "Cron Job DAILY_STORE_BLOCKED_RECEIPT is now scheduled using cron setup : 5 7 * * *"
1/9/2022 5:0:6 [crontab] CRON: "Cron Job WEEKLY_STORE_NO_SALES_ADMIN is now scheduled using cron setup : 5 7 * * 1"
1/9/2022 5:0:6 [crontab] CRON: "Cron Job WEEKLY_EDI_invoice_WEEKLY is now scheduled using cron setup : 1 19 * * 7"
1/9/2022 5:0:6 [crontab] CRON: "Cron Job ONGOING_EDI_invoice_SCAN is not active. Activation date on Tue Jan 12 2049 00:00:00 GMT-0500 (Eastern Standard Time)"
1/9/2022 5:0:6 [crontab] CRON: "Cron Job CGO_ALERT is not active. Activation date on Tue Jan 12 2049 00:00:00 GMT-0500 (Eastern Standard Time)"
1/9/2022 5:0:6 [crontab] CRON: "Cron Job DAILY_CAO_Negative_Inventory_1130AM is now scheduled using cron setup : 30 11 * * *"
1/9/2022 5:0:6 [crontab] CRON: "Cron Job DAILY_CAO_Negative_Inventory_0530AM is not active. Activation date on Tue Jan 12 2049 00:00:00 GMT-0500 (Eastern Standard Time)"
1/9/2022 5:0:6 [crontab] CRON: "Cron Job DAILY_CAO_Order_Recap is now scheduled using cron setup : 30 11 * * *"
1/9/2022 5:0:6 [crontab] CRON: "Cron Job DAILY_Store_Sales is now scheduled using cron setup : 5 8 * * *"
1/9/2022 5:0:6 [crontab] CRON: "Cron Job DAILY_CAO_Store_Sales is now scheduled using cron setup : 5 8 * * *"
1/9/2022 5:0:6 [crontab] CRON: "Cron Job WEEKLY_Store_shrink is now scheduled using cron setup : 5 19 * * 7"
1/9/2022 5:0:6 [crontab] CRON: "Cron Job WEEKLY_CAO_Store_shrink is now scheduled using cron setup : 5 19 * * 7"
1/9/2022 5:0:6 [crontab] CRON: "Cron Job DAILY_BUYER_Pushout is not active. Activation date on Tue Jan 12 2049 00:00:00 GMT-0500 (Eastern Standard Time)"
1/9/2022 5:0:6 [crontab] CRON: "Cron Job DAILY_EDI_BLANK_REF is now scheduled using cron setup : 5 7 * * *"
1/9/2022 5:0:6 [crontab] CRON: "Cron Job ICR_MAINTENANCE is now scheduled using cron setup : 5 3 * * *"
1/9/2022 5:0:6 [crontab] CRON: "Cron Job DAILY_INVALIDCOLLECTION_TIME is now scheduled using cron setup : 0 7-18 * * 1,2,3,4,5"
1/9/2022 5:0:6 [crontab] CRON: "Cron Job VIEW_REFRESH_DAILY is now scheduled using cron setup : 5 12 * * *"
1/9/2022 5:0:6 [crontab] CRON: "Cron Job VIEW_REFRESH_HOURLY is now scheduled using cron setup : 5 11 * * *"
1/9/2022 5:0:6 [crontab] CRON: "Cron Job DAILY_WHS_CUT is now scheduled using cron setup : 5 7 * * *"
1/9/2022 5:0:6 [crontab] CRON: "Cron Job DAILY_WHS_UBD is now scheduled using cron setup : 5 8 * * *"
1/9/2022 5:0:6 [crontab] CRON: "Cron Job DAILY_WHS_NEG_UBD is now scheduled using cron setup : 0 2 * * *"
1/9/2022 5:0:6 [crontab] CRON: "Cron Job WEEKLY_STORE_NO_SALES_CAPTURE_ADMIN is now scheduled using cron setup : 5 6 * * 1"
1/9/2022 5:0:6 [crontab] CRON: "Cron Job DAILY_FILL_RATE_CAPTURE is now scheduled using cron setup : 0 16 * * *"
1/9/2022 5:0:6 [crontab] CRON: "Cron Job DAILY_SERVICE_RATE_CAPTURE is now scheduled using cron setup : 0 16 * * *"
1/9/2022 5:0:6 [crontab] CRON: "Cron Job DAILY_WHS_BLOCKED_PO is now scheduled using cron setup : 5 10 * * *"
1/9/2022 5:0:6 [crontab] CRON: "Cron Job DAILY_WHS_HIGH_INV is now scheduled using cron setup : 0 11 * * 1"
1/9/2022 5:0:6 [crontab] CRON: "Cron Job DAILY_WHS_LOW_INV is now scheduled using cron setup : 0 11 * * 1"
