10/18/2022 20:50:2 [dpiasecki] 192: "BEGIN PKREQUESTMANAGER.CALLQUERY(192,'ADM0000001','dpiasecki','{}', '{dpiasecki,dpiasecki}','{}', :cursor); END;"
10/18/2022 20:50:4 [dpiasecki] 192: "[]"
10/18/2022 20:50:4 [dpiasecki] 192: "0 Object(s) returned... [FETCH]"
10/18/2022 20:50:6 [dpiasecki] 193: "BEGIN PKREQUESTMANAGER.CALLQUERY(193,'ADM0000001','dpiasecki','{}', '{dpiasecki,dpiasecki}','{}', :cursor); END;"
10/18/2022 20:50:8 [dpiasecki] 193: "[]"
10/18/2022 20:50:8 [dpiasecki] 193: "0 Object(s) returned... [FETCH]"
10/18/2022 20:50:21 [dpiasecki] 194: "BEGIN PKREQUESTMANAGER.CALLQUERY(194,'ADM0000001','dpiasecki','{}', '{dpiasecki,16707}','{}', :cursor); END;"
10/18/2022 20:50:23 [dpiasecki] 194: "[{\"USERID\":\"dpiasecki\",\"USERFNAME\":\"Drew\",\"USERLNAME\":\"Piasecki\",\"USEREMAIL\":\"dpiasecki@heinens.com\",\"USERMOBILE\":null}]"
10/18/2022 20:50:23 [dpiasecki] 194: "1 Object(s) returned... [FETCH]"
10/18/2022 20:50:23 [dpiasecki] 195: "BEGIN PKREQUESTMANAGER.CALLQUERY(195,'CLI0000002','dpiasecki','{}', '{dpiasecki}','{}', :cursor); END;"
10/18/2022 20:50:23 [dpiasecki] 196: "BEGIN PKREQUESTMANAGER.CALLQUERY(196,'CLI0000003','dpiasecki','{}', '{dpiasecki}','{}', :cursor); END;"
10/18/2022 20:50:25 [dpiasecki] 195: "[{\"USERID\":\"dpiasecki\",\"USERCORPID\":2,\"USERPASS\":\"MTY3MDc=\",\"USERAUTH\":null,\"USERLANG\":\"us_US\",\"USERPROF\":null,\"USERAPPLI\":3,\"USERFNAME\":\"Drew\",\"USERLNAME\":\"Piasecki\",\"USEREMAIL\":\"dpiasecki@heinens.com\",\"USERMOBILE\":null,\"USERTEAM\":null,\"USERACTIVE\":1,\"USERDCRE\":\"2022-06-12T22:00:00.000Z\",\"USERDMAJ\":\"2022-06-12T22:00:00.000Z\",\"USERUTIL\":\"admin\",\"USERTYPE\":2}]"
10/18/2022 20:50:25 [dpiasecki] 195: "1 Object(s) returned... [FETCH]"
10/18/2022 20:50:25 [dpiasecki] 196: "[{\"LEVEL\":\"CORPORATE\",\"ENVID\":1,\"ENVCORPID\":2,\"CORPSDESC\":\"Heinen's\",\"ENVCODE\":\"CENTRAL_UAT\",\"ENVTYPE\":4,\"ENVACTIVE\":1,\"ENVSDESC\":\"User Acceptance\",\"ENVLDESC\":\"Heinen's Central UAT environement\",\"ENVDBTYPE\":1,\"ENVIP\":\"10.200.14.232\",\"ENVPORT\":1521,\"ENVUSER\":\"hntcen\",\"ENVPASSWORD\":\"Heinen123!\",\"ENVSOURCE\":\"test\",\"ENVDBLINK\":\"HEINENS_CEN_UAT\",\"ENVDEFAULT\":0,\"ENVDCRE\":\"2017-03-20T22:00:00.000Z\",\"ENVDMAJ\":\"2017-03-20T22:00:00.000Z\",\"ENVUTIL\":\"abe\",\"ENVVERSION\":1,\"ENVDEFLANG\":\"HN\",\"CORPPIC\":\"./assets/pictures/corporate/heinens.jpg\",\"ENVVARINITSH\":\". /home/hntcen/env/envCEN\",\"ENVTITLECOLOR\":\"yellow\",\"ENVTITLE\":\"Inventory Control Room (Acceptance)\"},{\"LEVEL\":\"CORPORATE\",\"ENVID\":2,\"ENVCORPID\":2,\"CORPSDESC\":\"Heinen's\",\"ENVCODE\":\"STOCK_UAT\",\"ENVTYPE\":4,\"ENVACTIVE\":1,\"ENVSDESC\":\"Heinen's Stock UAT\",\"ENVLDESC\":\"Heinen's Stock UAT environement\",\"ENVDBTYPE\":1,\"ENVIP\":\"10.200.14.232\",\"ENVPORT\":1521,\"ENVUSER\":\"hntstk\",\"ENVPASSWORD\":\"Heinen123!\",\"ENVSOURCE\":\"test\",\"ENVDBLINK\":\"HEINENS_STK_UAT\",\"ENVDEFAULT\":0,\"ENVDCRE\":\"2017-03-20T22:00:00.000Z\",\"ENVDMAJ\":\"2017-03-20T22:00:00.000Z\",\"ENVUTIL\":\"abe\",\"ENVVERSION\":2,\"ENVDEFLANG\":\"HN\",\"CORPPIC\":\"./assets/pictures/corporate/heinens.jpg\",\"ENVVARINITSH\":\". /home/hntstk/env/envSTK\",\"ENVTITLECOLOR\":\"yellow\",\"ENVTITLE\":\"Inventory Control Room (Acceptance)\"},{\"LEVEL\":\"USER\",\"ENVID\":1,\"ENVCORPID\":2,\"CORPSDESC\":\"Heinen's\",\"ENVCODE\":\"CENTRAL_UAT\",\"ENVTYPE\":4,\"ENVACTIVE\":1,\"ENVSDESC\":\"User Acceptance\",\"ENVLDESC\":\"Heinen's Central UAT environement\",\"ENVDBTYPE\":1,\"ENVIP\":\"10.200.14.232\",\"ENVPORT\":1521,\"ENVUSER\":\"hntcen\",\"ENVPASSWORD\":\"Heinen123!\",\"ENVSOURCE\":\"test\",\"ENVDBLINK\":\"HEINENS_CEN_UAT\",\"ENVDEFAULT\":0,\"ENVDCRE\":\"2017-03-20T22:00:00.000Z\",\"ENVDMAJ\":\"2017-03-20T22:00:00.000Z\",\"ENVUTIL\":\"abe\",\"ENVVERSION\":1,\"ENVDEFLANG\":\"HN\",\"CORPPIC\":\"./assets/pictures/corporate/heinens.jpg\",\"ENVVARINITSH\":\". /home/hntcen/env/envCEN\",\"ENVTITLECOLOR\":\"yellow\",\"ENVTITLE\":\"Inventory Control Room (Acceptance)\"},{\"LEVEL\":\"CORPORATE\",\"ENVID\":3,\"ENVCORPID\":2,\"CORPSDESC\":\"Heinen's\",\"ENVCODE\":\"HN_CENTRAL_PROD\",\"ENVTYPE\":7,\"ENVACTIVE\":1,\"ENVSDESC\":\"Production\",\"ENVLDESC\":\"Heinen's Custom PROD environement\",\"ENVDBTYPE\":1,\"ENVIP\":\"10.200.14.231\",\"ENVPORT\":1521,\"ENVUSER\":\"hnpcen\",\"ENVPASSWORD\":\"Heinen123!\",\"ENVSOURCE\":\"central\",\"ENVDBLINK\":\"HEINENS_CUSTOM_PROD\",\"ENVDEFAULT\":1,\"ENVDCRE\":\"2017-04-21T22:00:00.000Z\",\"ENVDMAJ\":\"2017-03-20T22:00:00.000Z\",\"ENVUTIL\":\"abe\",\"ENVVERSION\":1,\"ENVDEFLANG\":\"HN\",\"CORPPIC\":\"./assets/pictures/corporate/heinens.jpg\",\"ENVVARINITSH\":\". /home/hnpcen/env/envCEN\",\"ENVTITLECOLOR\":\"white\",\"ENVTITLE\":\"Inventory Control Room\"},{\"LEVEL\":\"CORPORATE\",\"ENVID\":4,\"ENVCORPID\":2,\"CORPSDESC\":\"Heinen's\",\"ENVCODE\":\"HN_STOCK_PROD\",\"ENVTYPE\":7,\"ENVACTIVE\":1,\"ENVSDESC\":\"Production Warehouse\",\"ENVLDESC\":\"Heinen's Warehouse PROD environement\",\"ENVDBTYPE\":1,\"ENVIP\":\"10.200.14.231\",\"ENVPORT\":1521,\"ENVUSER\":\"hnpstk\",\"ENVPASSWORD\":\"Heinen123!\",\"ENVSOURCE\":\"central\",\"ENVDBLINK\":\"HEINENS_CUSTOM_PROD\",\"ENVDEFAULT\":1,\"ENVDCRE\":\"2020-01-01T22:00:00.000Z\",\"ENVDMAJ\":\"2020-01-01T22:00:00.000Z\",\"ENVUTIL\":\"abe\",\"ENVVERSION\":1,\"ENVDEFLANG\":\"HN\",\"CORPPIC\":\"./assets/pictures/corporate/heinens.jpg\",\"ENVVARINITSH\":\". /home/hnpsk/env/envSTK\",\"ENVTITLECOLOR\":\"white\",\"ENVTITLE\":\"Inventory Control Room\"},{\"LEVEL\":\"USER\",\"ENVID\":3,\"ENVCORPID\":2,\"CORPSDESC\":\"Heinen's\",\"ENVCODE\":\"HN_CENTRAL_PROD\",\"ENVTYPE\":7,\"ENVACTIVE\":1,\"ENVSDESC\":\"Production\",\"ENVLDESC\":\"Heinen's Custom PROD environement\",\"ENVDBTYPE\":1,\"ENVIP\":\"10.200.14.231\",\"ENVPORT\":1521,\"ENVUSER\":\"hnpcen\",\"ENVPASSWORD\":\"Heinen123!\",\"ENVSOURCE\":\"central\",\"ENVDBLINK\":\"HEINENS_CUSTOM_PROD\",\"ENVDEFAULT\":1,\"ENVDCRE\":\"2017-04-21T22:00:00.000Z\",\"ENVDMAJ\":\"2017-03-20T22:00:00.000Z\",\"ENVUTIL\":\"abe\",\"ENVVERSION\":1,\"ENVDEFLANG\":\"HN\",\"CORPPIC\":\"./assets/pictures/corporate/heinens.jpg\",\"ENVVARINITSH\":\". /home/hnpcen/env/envCEN\",\"ENVTITLECOLOR\":\"white\",\"ENVTITLE\":\"Inventory Control Room\"}]"
10/18/2022 20:50:25 [dpiasecki] 196: "6 Object(s) returned... [FETCH]"
10/18/2022 20:50:25 [dpiasecki] 197: "BEGIN PKREQUESTMANAGER.CALLQUERY(197,'WDG0000001','dpiasecki','{HEINENS_CUSTOM_PROD}', '{dpiasecki,-1}','{HN}', :cursor); END;"
10/18/2022 20:50:26 [dpiasecki] 198: "BEGIN PKREQUESTMANAGER.CALLQUERY(198,'SCR0000001','dpiasecki','{HEINENS_CUSTOM_PROD}', '{SCR0000000001,dpiasecki}','{HN}', :cursor); END;"
10/18/2022 20:50:26 [dpiasecki] 199: "BEGIN PKREQUESTMANAGER.CALLQUERY(199,'WDG0000001','dpiasecki','{HEINENS_CUSTOM_PROD}', '{dpiasecki,-1}','{HN}', :cursor); END;"
10/18/2022 20:50:27 [dpiasecki] 198: "[{\"SCREENID\":\"SCR0000000001\",\"SCREENINFO\":\"<div><i class=\\\"bbs-keywords\\\">What is it : </i>Dashboard section is your <b>Home</b> tracking process. It simplifies and regroup data visualization.\\n                          As many as needed dashboard widget trackers can be enabled.\\n</div>\\n<div><i class=\\\"bbs-keywords\\\">Tracking type : </i>There are 3 types of data visualization: \\n        <li><b>Table </b> display with export to file option.</li> \\n        <li><b>Chart </b> with by type line, bar, radar, polar, pie, scatter, combined type </li> \\n        <li><b>Message & Alert </b> with color criticality such as successful, soft warning, hard warning.</li> \\n</div>\"}]"
10/18/2022 20:50:27 [dpiasecki] 198: "1 Object(s) returned... [FETCH]"
10/18/2022 20:50:27 [dpiasecki] 197: "44 Object(s) returned... [FETCH]"
10/18/2022 20:50:27 [dpiasecki] 199: "44 Object(s) returned... [FETCH]"
10/18/2022 20:50:28 [dpiasecki] 200: "BEGIN PKREQUESTMANAGER.CALLQUERY(200,'WDG1000000','dpiasecki','{HEINENS_CUSTOM_PROD}', '{WDG0000000019,null}','{HN}', :cursor); END;"
10/18/2022 20:50:28 [dpiasecki] 201: "BEGIN PKREQUESTMANAGER.CALLQUERY(201,'WDG1000000','dpiasecki','{HEINENS_CUSTOM_PROD}', '{WDG0000000020,91070,2}','{HN}', :cursor); END;"
10/18/2022 20:50:28 [dpiasecki] 202: "BEGIN PKREQUESTMANAGER.CALLQUERY(202,'WDG1000000','dpiasecki','{HEINENS_CUSTOM_PROD}', '{WDG0000000021,91070,6}','{HN}', :cursor); END;"
10/18/2022 20:50:28 [dpiasecki] 203: "BEGIN PKREQUESTMANAGER.CALLQUERY(203,'WDG1000000','dpiasecki','{HEINENS_CUSTOM_PROD}', '{WDG0000000020,90061,5}','{HN}', :cursor); END;"
10/18/2022 20:50:28 [dpiasecki] 204: "BEGIN PKREQUESTMANAGER.CALLQUERY(204,'WDG1000000','dpiasecki','{HEINENS_CUSTOM_PROD}', '{WDG0000000021,90061,15}','{HN}', :cursor); END;"
10/18/2022 20:50:28 [dpiasecki] 205: "BEGIN PKREQUESTMANAGER.CALLQUERY(205,'WDG1000000','dpiasecki','{HEINENS_CUSTOM_PROD}', '{WDG0000000020,91071,5}','{HN}', :cursor); END;"
10/18/2022 20:50:30 [dpiasecki] 200: "1820 Object(s) returned... [FETCH]"
10/18/2022 20:50:30 [dpiasecki] 206: "BEGIN PKREQUESTMANAGER.CALLQUERY(206,'WDG1000000','dpiasecki','{HEINENS_CUSTOM_PROD}', '{WDG0000000021,91071,15}','{HN}', :cursor); END;"
10/18/2022 20:50:31 [dpiasecki] 205: "93 Object(s) returned... [FETCH]"
10/18/2022 20:50:31 [dpiasecki] 207: "BEGIN PKREQUESTMANAGER.CALLQUERY(207,'WDG1000000','dpiasecki','{HEINENS_CUSTOM_PROD}', '{WDG0000000010,null}','{HN}', :cursor); END;"
10/18/2022 20:50:32 [dpiasecki] 201: "37 Object(s) returned... [FETCH]"
10/18/2022 20:50:32 [dpiasecki] 202: "408 Object(s) returned... [FETCH]"
10/18/2022 20:50:33 [dpiasecki] 207: "644 Object(s) returned... [FETCH]"
10/18/2022 20:50:33 [dpiasecki] 206: "308 Object(s) returned... [FETCH]"
10/18/2022 20:50:41 [dpiasecki] 203: "446 Object(s) returned... [FETCH]"
10/18/2022 20:50:42 [dpiasecki] 204: "2524 Object(s) returned... [FETCH]"
