10/18/2022 20:47:24 [emorris] 164: "BEGIN PKREQUESTMANAGER.CALLQUERY(164,'ADM0000001','emorris','{}', '{emorris,chambers27}','{}', :cursor); END;"
10/18/2022 20:47:26 [emorris] 164: "[{\"USERID\":\"emorris\",\"USERFNAME\":\"Eileen\",\"USERLNAME\":\"Morris\",\"USEREMAIL\":\"emorris@heinens.com\",\"USERMOBILE\":null}]"
10/18/2022 20:47:26 [emorris] 164: "1 Object(s) returned... [FETCH]"
10/18/2022 20:47:26 [emorris] 165: "BEGIN PKREQUESTMANAGER.CALLQUERY(165,'CLI0000002','emorris','{}', '{emorris}','{}', :cursor); END;"
10/18/2022 20:47:26 [emorris] 166: "BEGIN PKREQUESTMANAGER.CALLQUERY(166,'CLI0000003','emorris','{}', '{emorris}','{}', :cursor); END;"
10/18/2022 20:47:28 [emorris] 165: "[{\"USERID\":\"emorris\",\"USERCORPID\":2,\"USERPASS\":\"Y2hhbWJlcnMyNw==\",\"USERAUTH\":null,\"USERLANG\":\"us_US\",\"USERPROF\":null,\"USERAPPLI\":3,\"USERFNAME\":\"Eileen\",\"USERLNAME\":\"Morris\",\"USEREMAIL\":\"emorris@heinens.com\",\"USERMOBILE\":null,\"USERTEAM\":null,\"USERACTIVE\":1,\"USERDCRE\":\"2018-04-14T22:00:00.000Z\",\"USERDMAJ\":\"2018-04-14T22:00:00.000Z\",\"USERUTIL\":\"admin\",\"USERTYPE\":2}]"
10/18/2022 20:47:28 [emorris] 165: "1 Object(s) returned... [FETCH]"
10/18/2022 20:47:28 [emorris] 166: "[{\"LEVEL\":\"CORPORATE\",\"ENVID\":1,\"ENVCORPID\":2,\"CORPSDESC\":\"Heinen's\",\"ENVCODE\":\"CENTRAL_UAT\",\"ENVTYPE\":4,\"ENVACTIVE\":1,\"ENVSDESC\":\"User Acceptance\",\"ENVLDESC\":\"Heinen's Central UAT environement\",\"ENVDBTYPE\":1,\"ENVIP\":\"10.200.14.232\",\"ENVPORT\":1521,\"ENVUSER\":\"hntcen\",\"ENVPASSWORD\":\"Heinen123!\",\"ENVSOURCE\":\"test\",\"ENVDBLINK\":\"HEINENS_CEN_UAT\",\"ENVDEFAULT\":0,\"ENVDCRE\":\"2017-03-20T22:00:00.000Z\",\"ENVDMAJ\":\"2017-03-20T22:00:00.000Z\",\"ENVUTIL\":\"abe\",\"ENVVERSION\":1,\"ENVDEFLANG\":\"HN\",\"CORPPIC\":\"./assets/pictures/corporate/heinens.jpg\",\"ENVVARINITSH\":\". /home/hntcen/env/envCEN\",\"ENVTITLECOLOR\":\"yellow\",\"ENVTITLE\":\"Inventory Control Room (Acceptance)\"},{\"LEVEL\":\"CORPORATE\",\"ENVID\":2,\"ENVCORPID\":2,\"CORPSDESC\":\"Heinen's\",\"ENVCODE\":\"STOCK_UAT\",\"ENVTYPE\":4,\"ENVACTIVE\":1,\"ENVSDESC\":\"Heinen's Stock UAT\",\"ENVLDESC\":\"Heinen's Stock UAT environement\",\"ENVDBTYPE\":1,\"ENVIP\":\"10.200.14.232\",\"ENVPORT\":1521,\"ENVUSER\":\"hntstk\",\"ENVPASSWORD\":\"Heinen123!\",\"ENVSOURCE\":\"test\",\"ENVDBLINK\":\"HEINENS_STK_UAT\",\"ENVDEFAULT\":0,\"ENVDCRE\":\"2017-03-20T22:00:00.000Z\",\"ENVDMAJ\":\"2017-03-20T22:00:00.000Z\",\"ENVUTIL\":\"abe\",\"ENVVERSION\":2,\"ENVDEFLANG\":\"HN\",\"CORPPIC\":\"./assets/pictures/corporate/heinens.jpg\",\"ENVVARINITSH\":\". /home/hntstk/env/envSTK\",\"ENVTITLECOLOR\":\"yellow\",\"ENVTITLE\":\"Inventory Control Room (Acceptance)\"},{\"LEVEL\":\"USER\",\"ENVID\":1,\"ENVCORPID\":2,\"CORPSDESC\":\"Heinen's\",\"ENVCODE\":\"CENTRAL_UAT\",\"ENVTYPE\":4,\"ENVACTIVE\":1,\"ENVSDESC\":\"User Acceptance\",\"ENVLDESC\":\"Heinen's Central UAT environement\",\"ENVDBTYPE\":1,\"ENVIP\":\"10.200.14.232\",\"ENVPORT\":1521,\"ENVUSER\":\"hntcen\",\"ENVPASSWORD\":\"Heinen123!\",\"ENVSOURCE\":\"test\",\"ENVDBLINK\":\"HEINENS_CEN_UAT\",\"ENVDEFAULT\":0,\"ENVDCRE\":\"2017-03-20T22:00:00.000Z\",\"ENVDMAJ\":\"2017-03-20T22:00:00.000Z\",\"ENVUTIL\":\"abe\",\"ENVVERSION\":1,\"ENVDEFLANG\":\"HN\",\"CORPPIC\":\"./assets/pictures/corporate/heinens.jpg\",\"ENVVARINITSH\":\". /home/hntcen/env/envCEN\",\"ENVTITLECOLOR\":\"yellow\",\"ENVTITLE\":\"Inventory Control Room (Acceptance)\"},{\"LEVEL\":\"CORPORATE\",\"ENVID\":3,\"ENVCORPID\":2,\"CORPSDESC\":\"Heinen's\",\"ENVCODE\":\"HN_CENTRAL_PROD\",\"ENVTYPE\":7,\"ENVACTIVE\":1,\"ENVSDESC\":\"Production\",\"ENVLDESC\":\"Heinen's Custom PROD environement\",\"ENVDBTYPE\":1,\"ENVIP\":\"10.200.14.231\",\"ENVPORT\":1521,\"ENVUSER\":\"hnpcen\",\"ENVPASSWORD\":\"Heinen123!\",\"ENVSOURCE\":\"central\",\"ENVDBLINK\":\"HEINENS_CUSTOM_PROD\",\"ENVDEFAULT\":1,\"ENVDCRE\":\"2017-04-21T22:00:00.000Z\",\"ENVDMAJ\":\"2017-03-20T22:00:00.000Z\",\"ENVUTIL\":\"abe\",\"ENVVERSION\":1,\"ENVDEFLANG\":\"HN\",\"CORPPIC\":\"./assets/pictures/corporate/heinens.jpg\",\"ENVVARINITSH\":\". /home/hnpcen/env/envCEN\",\"ENVTITLECOLOR\":\"white\",\"ENVTITLE\":\"Inventory Control Room\"},{\"LEVEL\":\"CORPORATE\",\"ENVID\":4,\"ENVCORPID\":2,\"CORPSDESC\":\"Heinen's\",\"ENVCODE\":\"HN_STOCK_PROD\",\"ENVTYPE\":7,\"ENVACTIVE\":1,\"ENVSDESC\":\"Production Warehouse\",\"ENVLDESC\":\"Heinen's Warehouse PROD environement\",\"ENVDBTYPE\":1,\"ENVIP\":\"10.200.14.231\",\"ENVPORT\":1521,\"ENVUSER\":\"hnpstk\",\"ENVPASSWORD\":\"Heinen123!\",\"ENVSOURCE\":\"central\",\"ENVDBLINK\":\"HEINENS_CUSTOM_PROD\",\"ENVDEFAULT\":1,\"ENVDCRE\":\"2020-01-01T22:00:00.000Z\",\"ENVDMAJ\":\"2020-01-01T22:00:00.000Z\",\"ENVUTIL\":\"abe\",\"ENVVERSION\":1,\"ENVDEFLANG\":\"HN\",\"CORPPIC\":\"./assets/pictures/corporate/heinens.jpg\",\"ENVVARINITSH\":\". /home/hnpsk/env/envSTK\",\"ENVTITLECOLOR\":\"white\",\"ENVTITLE\":\"Inventory Control Room\"},{\"LEVEL\":\"USER\",\"ENVID\":3,\"ENVCORPID\":2,\"CORPSDESC\":\"Heinen's\",\"ENVCODE\":\"HN_CENTRAL_PROD\",\"ENVTYPE\":7,\"ENVACTIVE\":1,\"ENVSDESC\":\"Production\",\"ENVLDESC\":\"Heinen's Custom PROD environement\",\"ENVDBTYPE\":1,\"ENVIP\":\"10.200.14.231\",\"ENVPORT\":1521,\"ENVUSER\":\"hnpcen\",\"ENVPASSWORD\":\"Heinen123!\",\"ENVSOURCE\":\"central\",\"ENVDBLINK\":\"HEINENS_CUSTOM_PROD\",\"ENVDEFAULT\":1,\"ENVDCRE\":\"2017-04-21T22:00:00.000Z\",\"ENVDMAJ\":\"2017-03-20T22:00:00.000Z\",\"ENVUTIL\":\"abe\",\"ENVVERSION\":1,\"ENVDEFLANG\":\"HN\",\"CORPPIC\":\"./assets/pictures/corporate/heinens.jpg\",\"ENVVARINITSH\":\". /home/hnpcen/env/envCEN\",\"ENVTITLECOLOR\":\"white\",\"ENVTITLE\":\"Inventory Control Room\"}]"
10/18/2022 20:47:28 [emorris] 166: "6 Object(s) returned... [FETCH]"
10/18/2022 20:47:28 [emorris] 167: "BEGIN PKREQUESTMANAGER.CALLQUERY(167,'WDG0000001','emorris','{HEINENS_CUSTOM_PROD}', '{emorris,-1}','{HN}', :cursor); END;"
10/18/2022 20:47:28 [emorris] 168: "BEGIN PKREQUESTMANAGER.CALLQUERY(168,'SCR0000001','emorris','{HEINENS_CUSTOM_PROD}', '{SCR0000000001,emorris}','{HN}', :cursor); END;"
10/18/2022 20:47:28 [emorris] 169: "BEGIN PKREQUESTMANAGER.CALLQUERY(169,'WDG0000001','emorris','{HEINENS_CUSTOM_PROD}', '{emorris,-1}','{HN}', :cursor); END;"
10/18/2022 20:47:29 [emorris] 168: "[{\"SCREENID\":\"SCR0000000001\",\"SCREENINFO\":\"<div><i class=\\\"bbs-keywords\\\">What is it : </i>Dashboard section is your <b>Home</b> tracking process. It simplifies and regroup data visualization.\\n                          As many as needed dashboard widget trackers can be enabled.\\n</div>\\n<div><i class=\\\"bbs-keywords\\\">Tracking type : </i>There are 3 types of data visualization: \\n        <li><b>Table </b> display with export to file option.</li> \\n        <li><b>Chart </b> with by type line, bar, radar, polar, pie, scatter, combined type </li> \\n        <li><b>Message & Alert </b> with color criticality such as successful, soft warning, hard warning.</li> \\n</div>\"}]"
10/18/2022 20:47:29 [emorris] 168: "1 Object(s) returned... [FETCH]"
10/18/2022 20:47:29 [emorris] 167: "44 Object(s) returned... [FETCH]"
10/18/2022 20:47:30 [emorris] 169: "44 Object(s) returned... [FETCH]"
10/18/2022 20:47:30 [emorris] 170: "BEGIN PKREQUESTMANAGER.CALLQUERY(170,'WDG1000000','emorris','{HEINENS_CUSTOM_PROD}', '{WDG0000000020,90061,5}','{HN}', :cursor); END;"
10/18/2022 20:47:30 [emorris] 171: "BEGIN PKREQUESTMANAGER.CALLQUERY(171,'WDG1000000','emorris','{HEINENS_CUSTOM_PROD}', '{WDG0000000021,90061,15}','{HN}', :cursor); END;"
10/18/2022 20:47:30 [emorris] 172: "BEGIN PKREQUESTMANAGER.CALLQUERY(172,'WDG1000000','emorris','{HEINENS_CUSTOM_PROD}', '{WDG0000000021,91070,6}','{HN}', :cursor); END;"
10/18/2022 20:47:30 [emorris] 173: "BEGIN PKREQUESTMANAGER.CALLQUERY(173,'WDG1000000','emorris','{HEINENS_CUSTOM_PROD}', '{WDG0000000020,91070,2}','{HN}', :cursor); END;"
10/18/2022 20:47:30 [emorris] 174: "BEGIN PKREQUESTMANAGER.CALLQUERY(174,'WDG1000000','emorris','{HEINENS_CUSTOM_PROD}', '{WDG0000000021,91071,15}','{HN}', :cursor); END;"
10/18/2022 20:47:30 [emorris] 175: "BEGIN PKREQUESTMANAGER.CALLQUERY(175,'WDG1000000','emorris','{HEINENS_CUSTOM_PROD}', '{WDG0000000020,91071,5}','{HN}', :cursor); END;"
10/18/2022 20:47:33 [emorris] 175: "93 Object(s) returned... [FETCH]"
10/18/2022 20:47:33 [emorris] 176: "BEGIN PKREQUESTMANAGER.CALLQUERY(176,'WDG1000000','emorris','{HEINENS_CUSTOM_PROD}', '{WDG0000000019,null}','{HN}', :cursor); END;"
10/18/2022 20:47:34 [emorris] 172: "408 Object(s) returned... [FETCH]"
10/18/2022 20:47:34 [emorris] 177: "BEGIN PKREQUESTMANAGER.CALLQUERY(177,'WDG1000000','emorris','{HEINENS_CUSTOM_PROD}', '{WDG0000000010,null}','{HN}', :cursor); END;"
10/18/2022 20:47:35 [emorris] 173: "37 Object(s) returned... [FETCH]"
10/18/2022 20:47:35 [emorris] 174: "308 Object(s) returned... [FETCH]"
10/18/2022 20:47:35 [emorris] 176: "[]"
10/18/2022 20:47:35 [emorris] 176: "0 Object(s) returned... [FETCH]"
10/18/2022 20:47:36 [emorris] 177: "644 Object(s) returned... [FETCH]"
10/18/2022 20:47:44 [emorris] 170: "446 Object(s) returned... [FETCH]"
10/18/2022 20:47:45 [emorris] 171: "2524 Object(s) returned... [FETCH]"
