10/18/2022 20:49:4 [pwirth] 178: "BEGIN PKREQUESTMANAGER.CALLQUERY(178,'ADM0000001','pwirth','{}', '{pwirth,heinens}','{}', :cursor); END;"
10/18/2022 20:49:6 [pwirth] 178: "[{\"USERID\":\"pwirth\",\"USERFNAME\":\"Paul\",\"USERLNAME\":\"Wirth\",\"USEREMAIL\":\"pwirth@heinens.com\",\"USERMOBILE\":null}]"
10/18/2022 20:49:6 [pwirth] 178: "1 Object(s) returned... [FETCH]"
10/18/2022 20:49:6 [pwirth] 179: "BEGIN PKREQUESTMANAGER.CALLQUERY(179,'CLI0000002','pwirth','{}', '{pwirth}','{}', :cursor); END;"
10/18/2022 20:49:6 [pwirth] 180: "BEGIN PKREQUESTMANAGER.CALLQUERY(180,'CLI0000003','pwirth','{}', '{pwirth}','{}', :cursor); END;"
10/18/2022 20:49:8 [pwirth] 179: "[{\"USERID\":\"pwirth\",\"USERCORPID\":2,\"USERPASS\":\"aGVpbmVucw==\",\"USERAUTH\":null,\"USERLANG\":\"us_US\",\"USERPROF\":null,\"USERAPPLI\":3,\"USERFNAME\":\"Paul\",\"USERLNAME\":\"Wirth\",\"USEREMAIL\":\"pwirth@heinens.com\",\"USERMOBILE\":null,\"USERTEAM\":null,\"USERACTIVE\":1,\"USERDCRE\":\"2019-11-23T22:00:00.000Z\",\"USERDMAJ\":\"2019-11-23T22:00:00.000Z\",\"USERUTIL\":\"admin\",\"USERTYPE\":2}]"
10/18/2022 20:49:8 [pwirth] 179: "1 Object(s) returned... [FETCH]"
10/18/2022 20:49:8 [pwirth] 180: "[{\"LEVEL\":\"CORPORATE\",\"ENVID\":1,\"ENVCORPID\":2,\"CORPSDESC\":\"Heinen's\",\"ENVCODE\":\"CENTRAL_UAT\",\"ENVTYPE\":4,\"ENVACTIVE\":1,\"ENVSDESC\":\"User Acceptance\",\"ENVLDESC\":\"Heinen's Central UAT environement\",\"ENVDBTYPE\":1,\"ENVIP\":\"10.200.14.232\",\"ENVPORT\":1521,\"ENVUSER\":\"hntcen\",\"ENVPASSWORD\":\"Heinen123!\",\"ENVSOURCE\":\"test\",\"ENVDBLINK\":\"HEINENS_CEN_UAT\",\"ENVDEFAULT\":0,\"ENVDCRE\":\"2017-03-20T22:00:00.000Z\",\"ENVDMAJ\":\"2017-03-20T22:00:00.000Z\",\"ENVUTIL\":\"abe\",\"ENVVERSION\":1,\"ENVDEFLANG\":\"HN\",\"CORPPIC\":\"./assets/pictures/corporate/heinens.jpg\",\"ENVVARINITSH\":\". /home/hntcen/env/envCEN\",\"ENVTITLECOLOR\":\"yellow\",\"ENVTITLE\":\"Inventory Control Room (Acceptance)\"},{\"LEVEL\":\"CORPORATE\",\"ENVID\":2,\"ENVCORPID\":2,\"CORPSDESC\":\"Heinen's\",\"ENVCODE\":\"STOCK_UAT\",\"ENVTYPE\":4,\"ENVACTIVE\":1,\"ENVSDESC\":\"Heinen's Stock UAT\",\"ENVLDESC\":\"Heinen's Stock UAT environement\",\"ENVDBTYPE\":1,\"ENVIP\":\"10.200.14.232\",\"ENVPORT\":1521,\"ENVUSER\":\"hntstk\",\"ENVPASSWORD\":\"Heinen123!\",\"ENVSOURCE\":\"test\",\"ENVDBLINK\":\"HEINENS_STK_UAT\",\"ENVDEFAULT\":0,\"ENVDCRE\":\"2017-03-20T22:00:00.000Z\",\"ENVDMAJ\":\"2017-03-20T22:00:00.000Z\",\"ENVUTIL\":\"abe\",\"ENVVERSION\":2,\"ENVDEFLANG\":\"HN\",\"CORPPIC\":\"./assets/pictures/corporate/heinens.jpg\",\"ENVVARINITSH\":\". /home/hntstk/env/envSTK\",\"ENVTITLECOLOR\":\"yellow\",\"ENVTITLE\":\"Inventory Control Room (Acceptance)\"},{\"LEVEL\":\"USER\",\"ENVID\":1,\"ENVCORPID\":2,\"CORPSDESC\":\"Heinen's\",\"ENVCODE\":\"CENTRAL_UAT\",\"ENVTYPE\":4,\"ENVACTIVE\":1,\"ENVSDESC\":\"User Acceptance\",\"ENVLDESC\":\"Heinen's Central UAT environement\",\"ENVDBTYPE\":1,\"ENVIP\":\"10.200.14.232\",\"ENVPORT\":1521,\"ENVUSER\":\"hntcen\",\"ENVPASSWORD\":\"Heinen123!\",\"ENVSOURCE\":\"test\",\"ENVDBLINK\":\"HEINENS_CEN_UAT\",\"ENVDEFAULT\":0,\"ENVDCRE\":\"2017-03-20T22:00:00.000Z\",\"ENVDMAJ\":\"2017-03-20T22:00:00.000Z\",\"ENVUTIL\":\"abe\",\"ENVVERSION\":1,\"ENVDEFLANG\":\"HN\",\"CORPPIC\":\"./assets/pictures/corporate/heinens.jpg\",\"ENVVARINITSH\":\". /home/hntcen/env/envCEN\",\"ENVTITLECOLOR\":\"yellow\",\"ENVTITLE\":\"Inventory Control Room (Acceptance)\"},{\"LEVEL\":\"CORPORATE\",\"ENVID\":3,\"ENVCORPID\":2,\"CORPSDESC\":\"Heinen's\",\"ENVCODE\":\"HN_CENTRAL_PROD\",\"ENVTYPE\":7,\"ENVACTIVE\":1,\"ENVSDESC\":\"Production\",\"ENVLDESC\":\"Heinen's Custom PROD environement\",\"ENVDBTYPE\":1,\"ENVIP\":\"10.200.14.231\",\"ENVPORT\":1521,\"ENVUSER\":\"hnpcen\",\"ENVPASSWORD\":\"Heinen123!\",\"ENVSOURCE\":\"central\",\"ENVDBLINK\":\"HEINENS_CUSTOM_PROD\",\"ENVDEFAULT\":1,\"ENVDCRE\":\"2017-04-21T22:00:00.000Z\",\"ENVDMAJ\":\"2017-03-20T22:00:00.000Z\",\"ENVUTIL\":\"abe\",\"ENVVERSION\":1,\"ENVDEFLANG\":\"HN\",\"CORPPIC\":\"./assets/pictures/corporate/heinens.jpg\",\"ENVVARINITSH\":\". /home/hnpcen/env/envCEN\",\"ENVTITLECOLOR\":\"white\",\"ENVTITLE\":\"Inventory Control Room\"},{\"LEVEL\":\"CORPORATE\",\"ENVID\":4,\"ENVCORPID\":2,\"CORPSDESC\":\"Heinen's\",\"ENVCODE\":\"HN_STOCK_PROD\",\"ENVTYPE\":7,\"ENVACTIVE\":1,\"ENVSDESC\":\"Production Warehouse\",\"ENVLDESC\":\"Heinen's Warehouse PROD environement\",\"ENVDBTYPE\":1,\"ENVIP\":\"10.200.14.231\",\"ENVPORT\":1521,\"ENVUSER\":\"hnpstk\",\"ENVPASSWORD\":\"Heinen123!\",\"ENVSOURCE\":\"central\",\"ENVDBLINK\":\"HEINENS_CUSTOM_PROD\",\"ENVDEFAULT\":1,\"ENVDCRE\":\"2020-01-01T22:00:00.000Z\",\"ENVDMAJ\":\"2020-01-01T22:00:00.000Z\",\"ENVUTIL\":\"abe\",\"ENVVERSION\":1,\"ENVDEFLANG\":\"HN\",\"CORPPIC\":\"./assets/pictures/corporate/heinens.jpg\",\"ENVVARINITSH\":\". /home/hnpsk/env/envSTK\",\"ENVTITLECOLOR\":\"white\",\"ENVTITLE\":\"Inventory Control Room\"},{\"LEVEL\":\"USER\",\"ENVID\":3,\"ENVCORPID\":2,\"CORPSDESC\":\"Heinen's\",\"ENVCODE\":\"HN_CENTRAL_PROD\",\"ENVTYPE\":7,\"ENVACTIVE\":1,\"ENVSDESC\":\"Production\",\"ENVLDESC\":\"Heinen's Custom PROD environement\",\"ENVDBTYPE\":1,\"ENVIP\":\"10.200.14.231\",\"ENVPORT\":1521,\"ENVUSER\":\"hnpcen\",\"ENVPASSWORD\":\"Heinen123!\",\"ENVSOURCE\":\"central\",\"ENVDBLINK\":\"HEINENS_CUSTOM_PROD\",\"ENVDEFAULT\":1,\"ENVDCRE\":\"2017-04-21T22:00:00.000Z\",\"ENVDMAJ\":\"2017-03-20T22:00:00.000Z\",\"ENVUTIL\":\"abe\",\"ENVVERSION\":1,\"ENVDEFLANG\":\"HN\",\"CORPPIC\":\"./assets/pictures/corporate/heinens.jpg\",\"ENVVARINITSH\":\". /home/hnpcen/env/envCEN\",\"ENVTITLECOLOR\":\"white\",\"ENVTITLE\":\"Inventory Control Room\"}]"
10/18/2022 20:49:8 [pwirth] 180: "6 Object(s) returned... [FETCH]"
10/18/2022 20:49:8 [pwirth] 181: "BEGIN PKREQUESTMANAGER.CALLQUERY(181,'WDG0000001','pwirth','{HEINENS_CUSTOM_PROD}', '{pwirth,-1}','{HN}', :cursor); END;"
10/18/2022 20:49:8 [pwirth] 182: "BEGIN PKREQUESTMANAGER.CALLQUERY(182,'SCR0000001','pwirth','{HEINENS_CUSTOM_PROD}', '{SCR0000000001,pwirth}','{HN}', :cursor); END;"
10/18/2022 20:49:8 [pwirth] 183: "BEGIN PKREQUESTMANAGER.CALLQUERY(183,'WDG0000001','pwirth','{HEINENS_CUSTOM_PROD}', '{pwirth,-1}','{HN}', :cursor); END;"
10/18/2022 20:49:10 [pwirth] 182: "[{\"SCREENID\":\"SCR0000000001\",\"SCREENINFO\":\"<div><i class=\\\"bbs-keywords\\\">What is it : </i>Dashboard section is your <b>Home</b> tracking process. It simplifies and regroup data visualization.\\n                          As many as needed dashboard widget trackers can be enabled.\\n</div>\\n<div><i class=\\\"bbs-keywords\\\">Tracking type : </i>There are 3 types of data visualization: \\n        <li><b>Table </b> display with export to file option.</li> \\n        <li><b>Chart </b> with by type line, bar, radar, polar, pie, scatter, combined type </li> \\n        <li><b>Message & Alert </b> with color criticality such as successful, soft warning, hard warning.</li> \\n</div>\"}]"
10/18/2022 20:49:10 [pwirth] 182: "1 Object(s) returned... [FETCH]"
10/18/2022 20:49:10 [pwirth] 181: "44 Object(s) returned... [FETCH]"
10/18/2022 20:49:10 [pwirth] 183: "44 Object(s) returned... [FETCH]"
10/18/2022 20:49:10 [pwirth] 184: "BEGIN PKREQUESTMANAGER.CALLQUERY(184,'WDG1000000','pwirth','{HEINENS_CUSTOM_PROD}', '{WDG0000000019,null}','{HN}', :cursor); END;"
10/18/2022 20:49:10 [pwirth] 185: "BEGIN PKREQUESTMANAGER.CALLQUERY(185,'WDG1000000','pwirth','{HEINENS_CUSTOM_PROD}', '{WDG0000000010,null}','{HN}', :cursor); END;"
10/18/2022 20:49:10 [pwirth] 186: "BEGIN PKREQUESTMANAGER.CALLQUERY(186,'WDG1000000','pwirth','{HEINENS_CUSTOM_PROD}', '{WDG0000000020,91070,2}','{HN}', :cursor); END;"
10/18/2022 20:49:10 [pwirth] 187: "BEGIN PKREQUESTMANAGER.CALLQUERY(187,'WDG1000000','pwirth','{HEINENS_CUSTOM_PROD}', '{WDG0000000020,90061,5}','{HN}', :cursor); END;"
10/18/2022 20:49:10 [pwirth] 188: "BEGIN PKREQUESTMANAGER.CALLQUERY(188,'WDG1000000','pwirth','{HEINENS_CUSTOM_PROD}', '{WDG0000000021,91070,6}','{HN}', :cursor); END;"
10/18/2022 20:49:10 [pwirth] 189: "BEGIN PKREQUESTMANAGER.CALLQUERY(189,'WDG1000000','pwirth','{HEINENS_CUSTOM_PROD}', '{WDG0000000021,90061,15}','{HN}', :cursor); END;"
10/18/2022 20:49:12 [pwirth] 185: "644 Object(s) returned... [FETCH]"
10/18/2022 20:49:12 [pwirth] 190: "BEGIN PKREQUESTMANAGER.CALLQUERY(190,'WDG1000000','pwirth','{HEINENS_CUSTOM_PROD}', '{WDG0000000020,91071,5}','{HN}', :cursor); END;"
10/18/2022 20:49:12 [pwirth] 184: "1820 Object(s) returned... [FETCH]"
10/18/2022 20:49:12 [pwirth] 191: "BEGIN PKREQUESTMANAGER.CALLQUERY(191,'WDG1000000','pwirth','{HEINENS_CUSTOM_PROD}', '{WDG0000000021,91071,15}','{HN}', :cursor); END;"
10/18/2022 20:49:14 [pwirth] 188: "408 Object(s) returned... [FETCH]"
10/18/2022 20:49:14 [pwirth] 186: "37 Object(s) returned... [FETCH]"
10/18/2022 20:49:15 [pwirth] 191: "308 Object(s) returned... [FETCH]"
10/18/2022 20:49:15 [pwirth] 190: "93 Object(s) returned... [FETCH]"
10/18/2022 20:49:23 [pwirth] 187: "446 Object(s) returned... [FETCH]"
10/18/2022 20:49:24 [pwirth] 189: "2524 Object(s) returned... [FETCH]"
