10/18/2022 20:47:3 [rfink] 150: "BEGIN PKREQUESTMANAGER.CALLQUERY(150,'ADM0000001','rfink','{}', '{rfink,19263}','{}', :cursor); END;"
10/18/2022 20:47:5 [rfink] 150: "[{\"USERID\":\"rfink\",\"USERFNAME\":\"Rick\",\"USERLNAME\":\"Fink\",\"USEREMAIL\":\"rfink@heinens.com\",\"USERMOBILE\":\"(330)8016066\"}]"
10/18/2022 20:47:5 [rfink] 150: "1 Object(s) returned... [FETCH]"
10/18/2022 20:47:5 [rfink] 151: "BEGIN PKREQUESTMANAGER.CALLQUERY(151,'CLI0000002','rfink','{}', '{rfink}','{}', :cursor); END;"
10/18/2022 20:47:5 [rfink] 152: "BEGIN PKREQUESTMANAGER.CALLQUERY(152,'CLI0000003','rfink','{}', '{rfink}','{}', :cursor); END;"
10/18/2022 20:47:7 [rfink] 151: "[{\"USERID\":\"rfink\",\"USERCORPID\":2,\"USERPASS\":\"MTkyNjM=\",\"USERAUTH\":null,\"USERLANG\":\"us_US\",\"USERPROF\":null,\"USERAPPLI\":3,\"USERFNAME\":\"Rick\",\"USERLNAME\":\"Fink\",\"USEREMAIL\":\"rfink@heinens.com\",\"USERMOBILE\":\"(330)8016066\",\"USERTEAM\":null,\"USERACTIVE\":1,\"USERDCRE\":\"2019-07-12T22:00:00.000Z\",\"USERDMAJ\":\"2019-07-12T22:00:00.000Z\",\"USERUTIL\":\"admin\",\"USERTYPE\":2}]"
10/18/2022 20:47:7 [rfink] 151: "1 Object(s) returned... [FETCH]"
10/18/2022 20:47:7 [rfink] 152: "[{\"LEVEL\":\"CORPORATE\",\"ENVID\":1,\"ENVCORPID\":2,\"CORPSDESC\":\"Heinen's\",\"ENVCODE\":\"CENTRAL_UAT\",\"ENVTYPE\":4,\"ENVACTIVE\":1,\"ENVSDESC\":\"User Acceptance\",\"ENVLDESC\":\"Heinen's Central UAT environement\",\"ENVDBTYPE\":1,\"ENVIP\":\"10.200.14.232\",\"ENVPORT\":1521,\"ENVUSER\":\"hntcen\",\"ENVPASSWORD\":\"Heinen123!\",\"ENVSOURCE\":\"test\",\"ENVDBLINK\":\"HEINENS_CEN_UAT\",\"ENVDEFAULT\":0,\"ENVDCRE\":\"2017-03-20T22:00:00.000Z\",\"ENVDMAJ\":\"2017-03-20T22:00:00.000Z\",\"ENVUTIL\":\"abe\",\"ENVVERSION\":1,\"ENVDEFLANG\":\"HN\",\"CORPPIC\":\"./assets/pictures/corporate/heinens.jpg\",\"ENVVARINITSH\":\". /home/hntcen/env/envCEN\",\"ENVTITLECOLOR\":\"yellow\",\"ENVTITLE\":\"Inventory Control Room (Acceptance)\"},{\"LEVEL\":\"CORPORATE\",\"ENVID\":2,\"ENVCORPID\":2,\"CORPSDESC\":\"Heinen's\",\"ENVCODE\":\"STOCK_UAT\",\"ENVTYPE\":4,\"ENVACTIVE\":1,\"ENVSDESC\":\"Heinen's Stock UAT\",\"ENVLDESC\":\"Heinen's Stock UAT environement\",\"ENVDBTYPE\":1,\"ENVIP\":\"10.200.14.232\",\"ENVPORT\":1521,\"ENVUSER\":\"hntstk\",\"ENVPASSWORD\":\"Heinen123!\",\"ENVSOURCE\":\"test\",\"ENVDBLINK\":\"HEINENS_STK_UAT\",\"ENVDEFAULT\":0,\"ENVDCRE\":\"2017-03-20T22:00:00.000Z\",\"ENVDMAJ\":\"2017-03-20T22:00:00.000Z\",\"ENVUTIL\":\"abe\",\"ENVVERSION\":2,\"ENVDEFLANG\":\"HN\",\"CORPPIC\":\"./assets/pictures/corporate/heinens.jpg\",\"ENVVARINITSH\":\". /home/hntstk/env/envSTK\",\"ENVTITLECOLOR\":\"yellow\",\"ENVTITLE\":\"Inventory Control Room (Acceptance)\"},{\"LEVEL\":\"USER\",\"ENVID\":1,\"ENVCORPID\":2,\"CORPSDESC\":\"Heinen's\",\"ENVCODE\":\"CENTRAL_UAT\",\"ENVTYPE\":4,\"ENVACTIVE\":1,\"ENVSDESC\":\"User Acceptance\",\"ENVLDESC\":\"Heinen's Central UAT environement\",\"ENVDBTYPE\":1,\"ENVIP\":\"10.200.14.232\",\"ENVPORT\":1521,\"ENVUSER\":\"hntcen\",\"ENVPASSWORD\":\"Heinen123!\",\"ENVSOURCE\":\"test\",\"ENVDBLINK\":\"HEINENS_CEN_UAT\",\"ENVDEFAULT\":0,\"ENVDCRE\":\"2017-03-20T22:00:00.000Z\",\"ENVDMAJ\":\"2017-03-20T22:00:00.000Z\",\"ENVUTIL\":\"abe\",\"ENVVERSION\":1,\"ENVDEFLANG\":\"HN\",\"CORPPIC\":\"./assets/pictures/corporate/heinens.jpg\",\"ENVVARINITSH\":\". /home/hntcen/env/envCEN\",\"ENVTITLECOLOR\":\"yellow\",\"ENVTITLE\":\"Inventory Control Room (Acceptance)\"},{\"LEVEL\":\"CORPORATE\",\"ENVID\":3,\"ENVCORPID\":2,\"CORPSDESC\":\"Heinen's\",\"ENVCODE\":\"HN_CENTRAL_PROD\",\"ENVTYPE\":7,\"ENVACTIVE\":1,\"ENVSDESC\":\"Production\",\"ENVLDESC\":\"Heinen's Custom PROD environement\",\"ENVDBTYPE\":1,\"ENVIP\":\"10.200.14.231\",\"ENVPORT\":1521,\"ENVUSER\":\"hnpcen\",\"ENVPASSWORD\":\"Heinen123!\",\"ENVSOURCE\":\"central\",\"ENVDBLINK\":\"HEINENS_CUSTOM_PROD\",\"ENVDEFAULT\":1,\"ENVDCRE\":\"2017-04-21T22:00:00.000Z\",\"ENVDMAJ\":\"2017-03-20T22:00:00.000Z\",\"ENVUTIL\":\"abe\",\"ENVVERSION\":1,\"ENVDEFLANG\":\"HN\",\"CORPPIC\":\"./assets/pictures/corporate/heinens.jpg\",\"ENVVARINITSH\":\". /home/hnpcen/env/envCEN\",\"ENVTITLECOLOR\":\"white\",\"ENVTITLE\":\"Inventory Control Room\"},{\"LEVEL\":\"CORPORATE\",\"ENVID\":4,\"ENVCORPID\":2,\"CORPSDESC\":\"Heinen's\",\"ENVCODE\":\"HN_STOCK_PROD\",\"ENVTYPE\":7,\"ENVACTIVE\":1,\"ENVSDESC\":\"Production Warehouse\",\"ENVLDESC\":\"Heinen's Warehouse PROD environement\",\"ENVDBTYPE\":1,\"ENVIP\":\"10.200.14.231\",\"ENVPORT\":1521,\"ENVUSER\":\"hnpstk\",\"ENVPASSWORD\":\"Heinen123!\",\"ENVSOURCE\":\"central\",\"ENVDBLINK\":\"HEINENS_CUSTOM_PROD\",\"ENVDEFAULT\":1,\"ENVDCRE\":\"2020-01-01T22:00:00.000Z\",\"ENVDMAJ\":\"2020-01-01T22:00:00.000Z\",\"ENVUTIL\":\"abe\",\"ENVVERSION\":1,\"ENVDEFLANG\":\"HN\",\"CORPPIC\":\"./assets/pictures/corporate/heinens.jpg\",\"ENVVARINITSH\":\". /home/hnpsk/env/envSTK\",\"ENVTITLECOLOR\":\"white\",\"ENVTITLE\":\"Inventory Control Room\"},{\"LEVEL\":\"USER\",\"ENVID\":3,\"ENVCORPID\":2,\"CORPSDESC\":\"Heinen's\",\"ENVCODE\":\"HN_CENTRAL_PROD\",\"ENVTYPE\":7,\"ENVACTIVE\":1,\"ENVSDESC\":\"Production\",\"ENVLDESC\":\"Heinen's Custom PROD environement\",\"ENVDBTYPE\":1,\"ENVIP\":\"10.200.14.231\",\"ENVPORT\":1521,\"ENVUSER\":\"hnpcen\",\"ENVPASSWORD\":\"Heinen123!\",\"ENVSOURCE\":\"central\",\"ENVDBLINK\":\"HEINENS_CUSTOM_PROD\",\"ENVDEFAULT\":1,\"ENVDCRE\":\"2017-04-21T22:00:00.000Z\",\"ENVDMAJ\":\"2017-03-20T22:00:00.000Z\",\"ENVUTIL\":\"abe\",\"ENVVERSION\":1,\"ENVDEFLANG\":\"HN\",\"CORPPIC\":\"./assets/pictures/corporate/heinens.jpg\",\"ENVVARINITSH\":\". /home/hnpcen/env/envCEN\",\"ENVTITLECOLOR\":\"white\",\"ENVTITLE\":\"Inventory Control Room\"}]"
10/18/2022 20:47:7 [rfink] 152: "6 Object(s) returned... [FETCH]"
10/18/2022 20:47:7 [rfink] 153: "BEGIN PKREQUESTMANAGER.CALLQUERY(153,'WDG0000001','rfink','{HEINENS_CUSTOM_PROD}', '{rfink,-1}','{HN}', :cursor); END;"
10/18/2022 20:47:7 [rfink] 154: "BEGIN PKREQUESTMANAGER.CALLQUERY(154,'SCR0000001','rfink','{HEINENS_CUSTOM_PROD}', '{SCR0000000001,rfink}','{HN}', :cursor); END;"
10/18/2022 20:47:8 [rfink] 155: "BEGIN PKREQUESTMANAGER.CALLQUERY(155,'WDG0000001','rfink','{HEINENS_CUSTOM_PROD}', '{rfink,-1}','{HN}', :cursor); END;"
10/18/2022 20:47:9 [rfink] 154: "[{\"SCREENID\":\"SCR0000000001\",\"SCREENINFO\":\"<div><i class=\\\"bbs-keywords\\\">What is it : </i>Dashboard section is your <b>Home</b> tracking process. It simplifies and regroup data visualization.\\n                          As many as needed dashboard widget trackers can be enabled.\\n</div>\\n<div><i class=\\\"bbs-keywords\\\">Tracking type : </i>There are 3 types of data visualization: \\n        <li><b>Table </b> display with export to file option.</li> \\n        <li><b>Chart </b> with by type line, bar, radar, polar, pie, scatter, combined type </li> \\n        <li><b>Message & Alert </b> with color criticality such as successful, soft warning, hard warning.</li> \\n</div>\"}]"
10/18/2022 20:47:9 [rfink] 154: "1 Object(s) returned... [FETCH]"
10/18/2022 20:47:9 [rfink] 153: "44 Object(s) returned... [FETCH]"
10/18/2022 20:47:9 [rfink] 155: "44 Object(s) returned... [FETCH]"
10/18/2022 20:47:9 [rfink] 156: "BEGIN PKREQUESTMANAGER.CALLQUERY(156,'WDG1000000','rfink','{HEINENS_CUSTOM_PROD}', '{WDG0000000019,null}','{HN}', :cursor); END;"
10/18/2022 20:47:9 [rfink] 157: "BEGIN PKREQUESTMANAGER.CALLQUERY(157,'WDG1000000','rfink','{HEINENS_CUSTOM_PROD}', '{WDG0000000010,null}','{HN}', :cursor); END;"
10/18/2022 20:47:9 [rfink] 158: "BEGIN PKREQUESTMANAGER.CALLQUERY(158,'WDG1000000','rfink','{HEINENS_CUSTOM_PROD}', '{WDG0000000020,90061,5}','{HN}', :cursor); END;"
10/18/2022 20:47:9 [rfink] 159: "BEGIN PKREQUESTMANAGER.CALLQUERY(159,'WDG1000000','rfink','{HEINENS_CUSTOM_PROD}', '{WDG0000000021,90061,15}','{HN}', :cursor); END;"
10/18/2022 20:47:9 [rfink] 160: "BEGIN PKREQUESTMANAGER.CALLQUERY(160,'WDG1000000','rfink','{HEINENS_CUSTOM_PROD}', '{WDG0000000020,91071,5}','{HN}', :cursor); END;"
10/18/2022 20:47:9 [rfink] 161: "BEGIN PKREQUESTMANAGER.CALLQUERY(161,'WDG1000000','rfink','{HEINENS_CUSTOM_PROD}', '{WDG0000000021,91070,6}','{HN}', :cursor); END;"
10/18/2022 20:47:12 [rfink] 156: "[]"
10/18/2022 20:47:12 [rfink] 156: "0 Object(s) returned... [FETCH]"
10/18/2022 20:47:12 [rfink] 162: "BEGIN PKREQUESTMANAGER.CALLQUERY(162,'WDG1000000','rfink','{HEINENS_CUSTOM_PROD}', '{WDG0000000020,91070,2}','{HN}', :cursor); END;"
10/18/2022 20:47:12 [rfink] 157: "644 Object(s) returned... [FETCH]"
10/18/2022 20:47:12 [rfink] 163: "BEGIN PKREQUESTMANAGER.CALLQUERY(163,'WDG1000000','rfink','{HEINENS_CUSTOM_PROD}', '{WDG0000000021,91071,15}','{HN}', :cursor); END;"
10/18/2022 20:47:13 [rfink] 160: "93 Object(s) returned... [FETCH]"
10/18/2022 20:47:14 [rfink] 161: "408 Object(s) returned... [FETCH]"
10/18/2022 20:47:15 [rfink] 163: "308 Object(s) returned... [FETCH]"
10/18/2022 20:47:16 [rfink] 162: "37 Object(s) returned... [FETCH]"
10/18/2022 20:47:23 [rfink] 158: "446 Object(s) returned... [FETCH]"
10/18/2022 20:47:24 [rfink] 159: "2524 Object(s) returned... [FETCH]"
