5/8/2018 23:35:18 1: LIBQUERY with Callback: 
5/8/2018 23:35:18 1: BEGIN PKREQUESTMANAGER.CALLQUERY(1,'ADM0000001','abe','{}', '{abe,abe}','{}', :cursor); END;
5/8/2018 23:35:19 1: 1 Object(s) returned... [FETCH]
5/8/2018 23:35:19 1: [object Object]
5/8/2018 23:35:19 1: {"metaData":[{"name":"USERID"},{"name":"USERFNAME"},{"name":"USERLNAME"},{"name":"USEREMAIL"},{"name":"USERMOBILE"}]}
5/8/2018 23:35:19 2: LIBQUERY with Callback: 
5/8/2018 23:35:19 2: BEGIN PKREQUESTMANAGER.CALLQUERY(2,'CLI0000002','abe','{}', '{abe}','{}', :cursor); END;
5/8/2018 23:35:19 2: 1 Object(s) returned... [FETCH]
5/8/2018 23:35:19 2: [object Object]
5/8/2018 23:35:19 2: {"metaData":[{"name":"USERID"},{"name":"USERCORPID"},{"name":"USERPASS"},{"name":"USERAUTH"},{"name":"USERLANG"},{"name":"USERPROF"},{"name":"USERAPPLI"},{"name":"USERFNAME"},{"name":"USERLNAME"},{"name":"USEREMAIL"},{"name":"USERMOBILE"},{"name":"USERTEAM"},{"name":"USERACTIVE"},{"name":"USERDCRE"},{"name":"USERDMAJ"},{"name":"USERUTIL"},{"name":"USERTYPE"}]}
5/8/2018 23:35:19 3: LIBQUERY with Callback: 
5/8/2018 23:35:19 3: BEGIN PKREQUESTMANAGER.CALLQUERY(3,'CLI0000003','abe','{}', '{abe}','{}', :cursor); END;
5/8/2018 23:35:19 3: 6 Object(s) returned... [FETCH]
5/8/2018 23:35:19 3: [object Object],[object Object],[object Object],[object Object],[object Object],[object Object]
5/8/2018 23:35:19 3: {"metaData":[{"name":"LEVEL"},{"name":"ENVID"},{"name":"ENVCORPID"},{"name":"ENVCODE"},{"name":"ENVTYPE"},{"name":"ENVACTIVE"},{"name":"ENVSDESC"},{"name":"ENVLDESC"},{"name":"ENVDBTYPE"},{"name":"ENVIP"},{"name":"ENVPORT"},{"name":"ENVUSER"},{"name":"ENVPASSWORD"},{"name":"ENVSOURCE"},{"name":"ENVDBLINK"},{"name":"ENVDEFAULT"},{"name":"ENVDCRE"},{"name":"ENVDMAJ"},{"name":"ENVUTIL"},{"name":"ENVVERSION"},{"name":"ENVDEFLANG"},{"name":"CORPPIC"},{"name":"ENVVARINITSH"}]}
5/8/2018 23:35:28 4: LIBQUERY with Callback: 
5/8/2018 23:35:28 4: BEGIN PKREQUESTMANAGER.CALLQUERY(4,'SUP0000001','abe','{HEINENS_CEN_UAT}', '{dick}','{HN}', :cursor); END;
5/8/2018 23:35:29 4: 66 Object(s) returned... [FETCH]
5/8/2018 23:35:29 4: [object Object],[object Object],[object Object],[object Object],[object Object],[object Object],[object Object],[object Object],[object Object],[object Object],[object Object],[object Object],[object Object],[object Object],[object Object],[object Object],[object Object],[object Object],[object Object],[object Object],[object Object],[object Object],[object Object],[object Object],[object Object],[object Object],[object Object],[object Object],[object Object],[object Object],[object Object],[object Object],[object Object],[object Object],[object Object],[object Object],[object Object],[object Object],[object Object],[object Object],[object Object],[object Object],[object Object],[object Object],[object Object],[object Object],[object Object],[object Object],[object Object],[object Object],[object Object],[object Object],[object Object],[object Object],[object Object],[object Object],[object Object],[object Object],[object Object],[object Object],[object Object],[object Object],[object Object],[object Object],[object Object],[object Object]
5/8/2018 23:35:29 4: {"metaData":[{"name":"LISCFIN"},{"name":"FOUCNUF"},{"name":"FOULIBL"},{"name":"FCSNUM"},{"name":"LISCSIN"},{"name":"LISCCIN"},{"name":"FCCNUM"},{"name":"LISNFILF"},{"name":"SOCSITE"},{"name":"SOCLMAG"},{"name":"LISNFILC"},{"name":"LISTLIV"},{"name":"LISCOMC"},{"name":"LISCOMR"},{"name":"LISCOMF"},{"name":"LISVCOM"},{"name":"LISTSLI"},{"name":"LISTSQP"},{"name":"LISTOP"},{"name":"LISAVAL"},{"name":"LISMARQ"},{"name":"LISREAP"},{"name":"LISUREAP"},{"name":"LISUREAP_LIB"},{"name":"LISCOMM"},{"name":"LISCDLU"},{"name":"LISCDMA"},{"name":"LISCDME"},{"name":"LISCDJE"},{"name":"LISCDVE"},{"name":"LISCDSA"},{"name":"LISCDDI"},{"name":"LISLILU"},{"name":"LISLIMA"},{"name":"LISLIME"},{"name":"LISLIJE"},{"name":"LISLIVE"},{"name":"LISLISA"},{"name":"LISLIDI"},{"name":"LISHRLU"},{"name":"LISHRMA"},{"name":"LISHRME"},{"name":"LISHRJE"},{"name":"LISHRVE"},{"name":"LISHRSA"},{"name":"LISHRDI"},{"name":"LISHLLU"},{"name":"LISHLMA"},{"name":"LISHLME"},{"name":"LISHLJE"},{"name":"LISHLVE"},{"name":"LISHLSA"},{"name":"LISHLDI"},{"name":"LISHRLU2"},{"name":"LISHRMA2"},{"name":"LISHRME2"},{"name":"LISHRJE2"},{"name":"LISHRVE2"},{"name":"LISHRSA2"},{"name":"LISHRDI2"},{"name":"LISHLLU2"},{"name":"LISHLMA2"},{"name":"LISHLME2"},{"name":"LISHLJE2"},{"name":"LISHLVE2"},{"name":"LISHLSA2"},{"name":"LISHLDI2"},{"name":"LISHRLU3"},{"name":"LISHRMA3"},{"name":"LISHRME3"},{"name":"LISHRJE3"},{"name":"LISHRVE3"},{"name":"LISHRSA3"},{"name":"LISHRDI3"},{"name":"LISHLLU3"},{"name":"LISHLMA3"},{"name":"LISHLME3"},{"name":"LISHLJE3"},{"name":"LISHLVE3"},{"name":"LISHLSA3"},{"name":"LISHLDI3"},{"name":"LISDDEB"},{"name":"LISDFIN"}]}
5/8/2018 23:36:7 5: LIBQUERY with Callback: 
5/8/2018 23:36:7 5: BEGIN PKREQUESTMANAGER.CALLQUERY(5,'SCH0000001','abe','{HEINENS_CEN_UAT}', '{00562,00562CC,0,00562SC,05/06/2018,05/12/2018,abe,5,6,10,11,16,17,19,20,41,42,43,44}','{HN}', :cursor); END;
5/8/2018 23:38:7 6: LIBQUERY with Callback: 
5/8/2018 23:38:7 6: BEGIN PKREQUESTMANAGER.CALLQUERY(6,'SCH0000001','abe','{HEINENS_CEN_UAT}', '{00562,00562CC,0,00562SC,05/06/2018,05/12/2018,abe,5,6,10,11,16,17,19,20,41,42,43,44}','{HN}', :cursor); END;
5/8/2018 23:38:8 6: 1 Object(s) returned... [FETCH]
5/8/2018 23:38:8 6: [object Object]
5/8/2018 23:38:8 6: {"metaData":[{"name":"'EXECUTINGISSUE,CHECKDBMS_SQL.EXECUTERIGHTS'"}]}
5/8/2018 23:38:8 7: LIBQUERY with Callback: 
5/8/2018 23:38:8 7: BEGIN PKREQUESTMANAGER.CALLQUERY(7,'SCH0000002','abe','{HEINENS_CEN_UAT}', '{00562,00562CC,0,00562SC,05/08/2018,0810,05/10/2018,0600,abe,5,6,10,11,16,17,19,20,41,42,43,44}','{HN}', :cursor); END;
5/8/2018 23:38:8 8: LIBQUERY with Callback: 
5/8/2018 23:38:8 8: BEGIN PKREQUESTMANAGER.CALLQUERY(8,'SCH0000002','abe','{HEINENS_CEN_UAT}', '{00562,00562CC,0,00562SC,05/11/2018,0810,05/14/2018,0600,abe,5,6,10,11,16,17,19,20,41,42,43,44}','{HN}', :cursor); END;
5/8/2018 23:38:8 8: 1 Object(s) returned... [FETCH]
5/8/2018 23:38:8 8: [object Object]
5/8/2018 23:38:8 8: {"metaData":[{"name":"'EXECUTINGISSUE,CHECKDBMS_SQL.EXECUTERIGHTS'"}]}
5/8/2018 23:38:8 8: 1 Object(s) returned... [FETCH]
5/8/2018 23:38:8 8: [object Object]
5/8/2018 23:38:8 8: {"metaData":[{"name":"'EXECUTINGISSUE,CHECKDBMS_SQL.EXECUTERIGHTS'"}]}
5/8/2018 23:38:13 9: LIBQUERY with Callback: 
5/8/2018 23:38:13 9: BEGIN PKREQUESTMANAGER.CALLQUERY(9,'SCH0000001','abe','{HEINENS_CEN_UAT}', '{00562,00562CC,0,00562SC,05/06/2018,05/12/2018,abe,5,6,10,11,16,17,19,20,41,42,43,44}','{HN}', :cursor); END;
5/8/2018 23:38:13 9: 1 Object(s) returned... [FETCH]
5/8/2018 23:38:13 9: [object Object]
5/8/2018 23:38:13 9: {"metaData":[{"name":"'EXECUTINGISSUE,CHECKDBMS_SQL.EXECUTERIGHTS'"}]}
5/8/2018 23:38:13 10: LIBQUERY with Callback: 
5/8/2018 23:38:13 10: BEGIN PKREQUESTMANAGER.CALLQUERY(10,'SCH0000002','abe','{HEINENS_CEN_UAT}', '{00562,00562CC,0,00562SC,05/08/2018,0810,05/10/2018,0600,abe,5,6,10,11,16,17,19,20,41,42,43,44}','{HN}', :cursor); END;
5/8/2018 23:38:13 11: LIBQUERY with Callback: 
5/8/2018 23:38:13 11: BEGIN PKREQUESTMANAGER.CALLQUERY(11,'SCH0000002','abe','{HEINENS_CEN_UAT}', '{00562,00562CC,0,00562SC,05/11/2018,0810,05/14/2018,0600,abe,5,6,10,11,16,17,19,20,41,42,43,44}','{HN}', :cursor); END;
5/8/2018 23:38:13 10: 1 Object(s) returned... [FETCH]
5/8/2018 23:38:13 10: [object Object]
5/8/2018 23:38:13 10: {"metaData":[{"name":"'EXECUTINGISSUE,CHECKDBMS_SQL.EXECUTERIGHTS'"}]}
5/8/2018 23:38:13 11: 1 Object(s) returned... [FETCH]
5/8/2018 23:38:13 11: [object Object]
5/8/2018 23:38:13 11: {"metaData":[{"name":"'EXECUTINGISSUE,CHECKDBMS_SQL.EXECUTERIGHTS'"}]}
5/8/2018 23:39:2 12: LIBQUERY with Callback: 
5/8/2018 23:39:2 12: BEGIN PKREQUESTMANAGER.CALLQUERY(12,'SCH0000001','abe','{HEINENS_CEN_UAT}', '{00562,00562CC,0,00562SC,05/06/2018,05/12/2018,abe,5,6,10,11,16,17,19,20,41,42,43,44}','{HN}', :cursor); END;
5/8/2018 23:39:2 12: 1 Object(s) returned... [FETCH]
5/8/2018 23:39:2 12: [object Object]
5/8/2018 23:39:2 12: {"metaData":[{"name":"'EXECUTINGISSUE,CHECKDBMS_SQL.EXECUTERIGHTS'"}]}
5/8/2018 23:39:2 13: LIBQUERY with Callback: 
5/8/2018 23:39:2 13: BEGIN PKREQUESTMANAGER.CALLQUERY(13,'SCH0000002','abe','{HEINENS_CEN_UAT}', '{00562,00562CC,0,00562SC,05/08/2018,0810,05/10/2018,0600,abe,5,6,10,11,16,17,19,20,41,42,43,44}','{HN}', :cursor); END;
5/8/2018 23:39:2 14: LIBQUERY with Callback: 
5/8/2018 23:39:2 14: BEGIN PKREQUESTMANAGER.CALLQUERY(14,'SCH0000002','abe','{HEINENS_CEN_UAT}', '{00562,00562CC,0,00562SC,05/11/2018,0810,05/14/2018,0600,abe,5,6,10,11,16,17,19,20,41,42,43,44}','{HN}', :cursor); END;
5/8/2018 23:39:2 14: 1 Object(s) returned... [FETCH]
5/8/2018 23:39:2 14: [object Object]
5/8/2018 23:39:2 14: {"metaData":[{"name":"'EXECUTINGISSUE,CHECKDBMS_SQL.EXECUTERIGHTS'"}]}
5/8/2018 23:39:2 14: 1 Object(s) returned... [FETCH]
5/8/2018 23:39:2 14: [object Object]
5/8/2018 23:39:2 14: {"metaData":[{"name":"'EXECUTINGISSUE,CHECKDBMS_SQL.EXECUTERIGHTS'"}]}
5/8/2018 23:45:50 20: LIBQUERY with Callback: 
5/8/2018 23:45:50 20: BEGIN PKREQUESTMANAGER.CALLQUERY(20,'ADM0000001','abe','{}', '{abe,abe}','{}', :cursor); END;
5/8/2018 23:45:50 20: 1 Object(s) returned... [FETCH]
5/8/2018 23:45:50 20: [object Object]
5/8/2018 23:45:50 20: {"metaData":[{"name":"USERID"},{"name":"USERFNAME"},{"name":"USERLNAME"},{"name":"USEREMAIL"},{"name":"USERMOBILE"}]}
5/8/2018 23:45:50 21: LIBQUERY with Callback: 
5/8/2018 23:45:50 21: BEGIN PKREQUESTMANAGER.CALLQUERY(21,'CLI0000002','abe','{}', '{abe}','{}', :cursor); END;
5/8/2018 23:45:50 21: 1 Object(s) returned... [FETCH]
5/8/2018 23:45:50 21: [object Object]
5/8/2018 23:45:50 21: {"metaData":[{"name":"USERID"},{"name":"USERCORPID"},{"name":"USERPASS"},{"name":"USERAUTH"},{"name":"USERLANG"},{"name":"USERPROF"},{"name":"USERAPPLI"},{"name":"USERFNAME"},{"name":"USERLNAME"},{"name":"USEREMAIL"},{"name":"USERMOBILE"},{"name":"USERTEAM"},{"name":"USERACTIVE"},{"name":"USERDCRE"},{"name":"USERDMAJ"},{"name":"USERUTIL"},{"name":"USERTYPE"}]}
5/8/2018 23:45:50 22: LIBQUERY with Callback: 
5/8/2018 23:45:50 22: BEGIN PKREQUESTMANAGER.CALLQUERY(22,'CLI0000003','abe','{}', '{abe}','{}', :cursor); END;
5/8/2018 23:45:50 22: 6 Object(s) returned... [FETCH]
5/8/2018 23:45:50 22: [object Object],[object Object],[object Object],[object Object],[object Object],[object Object]
5/8/2018 23:45:50 22: {"metaData":[{"name":"LEVEL"},{"name":"ENVID"},{"name":"ENVCORPID"},{"name":"ENVCODE"},{"name":"ENVTYPE"},{"name":"ENVACTIVE"},{"name":"ENVSDESC"},{"name":"ENVLDESC"},{"name":"ENVDBTYPE"},{"name":"ENVIP"},{"name":"ENVPORT"},{"name":"ENVUSER"},{"name":"ENVPASSWORD"},{"name":"ENVSOURCE"},{"name":"ENVDBLINK"},{"name":"ENVDEFAULT"},{"name":"ENVDCRE"},{"name":"ENVDMAJ"},{"name":"ENVUTIL"},{"name":"ENVVERSION"},{"name":"ENVDEFLANG"},{"name":"CORPPIC"},{"name":"ENVVARINITSH"}]}
5/8/2018 23:59:0 1: LIBQUERY with Callback: 
5/8/2018 23:59:0 1: BEGIN PKREQUESTMANAGER.CALLQUERY(1,'ADM0000001','abe','{}', '{abe,abe}','{}', :cursor); END;
5/8/2018 23:59:0 1: 1 Object(s) returned... [FETCH]
5/8/2018 23:59:0 1: [object Object]
5/8/2018 23:59:0 1: {"metaData":[{"name":"USERID"},{"name":"USERFNAME"},{"name":"USERLNAME"},{"name":"USEREMAIL"},{"name":"USERMOBILE"}]}
5/8/2018 23:59:0 2: LIBQUERY with Callback: 
5/8/2018 23:59:0 2: BEGIN PKREQUESTMANAGER.CALLQUERY(2,'CLI0000002','abe','{}', '{abe}','{}', :cursor); END;
5/8/2018 23:59:0 2: 1 Object(s) returned... [FETCH]
5/8/2018 23:59:0 2: [object Object]
5/8/2018 23:59:0 2: {"metaData":[{"name":"USERID"},{"name":"USERCORPID"},{"name":"USERPASS"},{"name":"USERAUTH"},{"name":"USERLANG"},{"name":"USERPROF"},{"name":"USERAPPLI"},{"name":"USERFNAME"},{"name":"USERLNAME"},{"name":"USEREMAIL"},{"name":"USERMOBILE"},{"name":"USERTEAM"},{"name":"USERACTIVE"},{"name":"USERDCRE"},{"name":"USERDMAJ"},{"name":"USERUTIL"},{"name":"USERTYPE"}]}
5/8/2018 23:59:0 3: LIBQUERY with Callback: 
5/8/2018 23:59:0 3: BEGIN PKREQUESTMANAGER.CALLQUERY(3,'CLI0000003','abe','{}', '{abe}','{}', :cursor); END;
5/8/2018 23:59:0 3: 6 Object(s) returned... [FETCH]
5/8/2018 23:59:0 3: [object Object],[object Object],[object Object],[object Object],[object Object],[object Object]
5/8/2018 23:59:0 3: {"metaData":[{"name":"LEVEL"},{"name":"ENVID"},{"name":"ENVCORPID"},{"name":"ENVCODE"},{"name":"ENVTYPE"},{"name":"ENVACTIVE"},{"name":"ENVSDESC"},{"name":"ENVLDESC"},{"name":"ENVDBTYPE"},{"name":"ENVIP"},{"name":"ENVPORT"},{"name":"ENVUSER"},{"name":"ENVPASSWORD"},{"name":"ENVSOURCE"},{"name":"ENVDBLINK"},{"name":"ENVDEFAULT"},{"name":"ENVDCRE"},{"name":"ENVDMAJ"},{"name":"ENVUTIL"},{"name":"ENVVERSION"},{"name":"ENVDEFLANG"},{"name":"CORPPIC"},{"name":"ENVVARINITSH"}]}
5/8/2018 23:59:8 4: LIBQUERY with Callback: 
5/8/2018 23:59:8 4: BEGIN PKREQUESTMANAGER.CALLQUERY(4,'CNT0000002','abe','{HEINENS_CUSTOM_PROD}', '{undefined}','{HN}', :cursor); END;
5/8/2018 23:59:11 4: 195 Object(s) returned... [FETCH]
5/8/2018 23:59:11 4: [object Object],[object Object],[object Object],[object Object],[object Object],[object Object],[object Object],[object Object],[object Object],[object Object],[object Object],[object Object],[object Object],[object Object],[object Object],[object Object],[object Object],[object Object],[object Object],[object Object],[object Object],[object Object],[object Object],[object Object],[object Object],[object Object],[object Object],[object Object],[object Object],[object Object],[object Object],[object Object],[object Object],[object Object],[object Object],[object Object],[object Object],[object Object],[object Object],[object Object],[object Object],[object Object],[object Object],[object Object],[object Object],[object Object],[object Object],[object Object],[object Object],[object Object],[object Object],[object Object],[object Object],[object Object],[object Object],[object Object],[object Object],[object Object],[object Object],[object Object],[object Object],[object Object],[object Object],[object Object],[object Object],[object Object],[object Object],[object Object],[object Object],[object Object],[object Object],[object Object],[object Object],[object Object],[object Object],[object Object],[object Object],[object Object],[object Object],[object Object],[object Object],[object Object],[object Object],[object Object],[object Object],[object Object],[object Object],[object Object],[object Object],[object Object],[object Object],[object Object],[object Object],[object Object],[object Object],[object Object],[object Object],[object Object],[object Object],[object Object],[object Object],[object Object],[object Object],[object Object],[object Object],[object Object],[object Object],[object Object],[object Object],[object Object],[object Object],[object Object],[object Object],[object Object],[object Object],[object Object],[object Object],[object Object],[object Object],[object Object],[object Object],[object Object],[object Object],[object Object],[object Object],[object Object],[object Object],[object Object],[object Object],[object Object],[object Object],[object Object],[object Object],[object Object],[object Object],[object Object],[object Object],[object Object],[object Object],[object Object],[object Object],[object Object],[object Object],[object Object],[object Object],[object Object],[object Object],[object Object],[object Object],[object Object],[object Object],[object Object],[object Object],[object Object],[object Object],[object Object],[object Object],[object Object],[object Object],[object Object],[object Object],[object Object],[object Object],[object Object],[object Object],[object Object],[object Object],[object Object],[object Object],[object Object],[object Object],[object Object],[object Object],[object Object],[object Object],[object Object],[object Object],[object Object],[object Object],[object Object],[object Object],[object Object],[object Object],[object Object],[object Object],[object Object],[object Object],[object Object],[object Object],[object Object],[object Object],[object Object],[object Object],[object Object],[object Object]
5/8/2018 23:59:11 4: {"metaData":[{"name":"TOTAL"},{"name":"TRT"},{"name":"SITE"},{"name":"SOCLMAG"},{"name":"INVDATE"},{"name":"FILENAME"},{"name":"COMPANY"},{"name":"CREATEDAT"},{"name":"UPDATEDAT"}]}
5/8/2018 23:59:29 5: LIBQUERY with Callback: 
5/8/2018 23:59:29 5: BEGIN PKREQUESTMANAGER.CALLQUERY(5,'CNT0000003','abe','{HEINENS_CUSTOM_PROD}', '{04/29/2018,9,201804289.csv}','{HN}', :cursor); END;
5/8/2018 23:59:29 6: LIBQUERY with Callback: 
5/8/2018 23:59:29 6: BEGIN PKREQUESTMANAGER.CALLQUERY(6,'CNT0000004','abe','{HEINENS_CUSTOM_PROD}', '{04/29/2018,9,201804289.csv}','{HN}', :cursor); END;
5/8/2018 23:59:30 6: 6 Object(s) returned... [FETCH]
5/8/2018 23:59:30 6: [object Object],[object Object],[object Object],[object Object],[object Object],[object Object]
5/8/2018 23:59:30 6: {"metaData":[{"name":"IETSITE"},{"name":"STEP"},{"name":"STEPLABEL"},{"name":"STATUS"},{"name":"UPDATE"}]}
5/8/2018 23:59:31 6: 1 Object(s) returned... [FETCH]
5/8/2018 23:59:31 6: [object Object]
5/8/2018 23:59:31 6: {"metaData":[{"name":"TOTAL"},{"name":"TRT"},{"name":"SITE"},{"name":"SOCLMAG"},{"name":"INVDATE"},{"name":"FILENAME"},{"name":"COMPANY"}]}
5/8/2018 23:59:31 7: LIBQUERY with Callback: 
5/8/2018 23:59:31 7: BEGIN PKREQUESTMANAGER.CALLQUERY(7,'BTH0000001','abe','{HEINENS_CUSTOM_PROD}', '{04/29/2018,pssti12p,10 9 }','{HN}', :cursor); END;
5/8/2018 23:59:31 8: LIBQUERY with Callback: 
5/8/2018 23:59:31 8: BEGIN PKREQUESTMANAGER.CALLQUERY(8,'CNT0000005','abe','{HEINENS_CUSTOM_PROD}', '{04/29/2018,9,201804289.csv}','{HN}', :cursor); END;
5/8/2018 23:59:31 9: LIBQUERY with Callback: 
5/8/2018 23:59:31 9: BEGIN PKREQUESTMANAGER.CALLQUERY(9,'CNT0000006','abe','{HEINENS_CUSTOM_PROD}', '{04/29/2018,9,201804289.csv}','{HN}', :cursor); END;
5/8/2018 23:59:32 9: 65 Object(s) returned... [FETCH]
5/8/2018 23:59:32 9: [object Object],[object Object],[object Object],[object Object],[object Object],[object Object],[object Object],[object Object],[object Object],[object Object],[object Object],[object Object],[object Object],[object Object],[object Object],[object Object],[object Object],[object Object],[object Object],[object Object],[object Object],[object Object],[object Object],[object Object],[object Object],[object Object],[object Object],[object Object],[object Object],[object Object],[object Object],[object Object],[object Object],[object Object],[object Object],[object Object],[object Object],[object Object],[object Object],[object Object],[object Object],[object Object],[object Object],[object Object],[object Object],[object Object],[object Object],[object Object],[object Object],[object Object],[object Object],[object Object],[object Object],[object Object],[object Object],[object Object],[object Object],[object Object],[object Object],[object Object],[object Object],[object Object],[object Object],[object Object],[object Object]
5/8/2018 23:59:32 9: {"metaData":[{"name":"STEP"},{"name":"UPC"},{"name":"SITE"},{"name":"ITEMDESC"},{"name":"ITEM"},{"name":"QTY"},{"name":"FILE"},{"name":"LINE"},{"name":"TRT"},{"name":"NERR"},{"name":"MESS"}]}
5/8/2018 23:59:34 8: 2 Object(s) returned... [FETCH]
5/8/2018 23:59:34 8: [object Object],[object Object]
5/8/2018 23:59:34 8: {"metaData":[{"name":"BATCHNAME"},{"name":"DATESTART"},{"name":"STARTAT"},{"name":"ENDAT"},{"name":"DURATION"},{"name":"PARAMETER"},{"name":"BATCHID"}]}
5/8/2018 23:59:35 8: 0 Object(s) returned... [FETCH] :)
5/8/2018 23:59:35 8: {"metaData":[{"name":"SITE"},{"name":"TMVT"},{"name":"DESC"},{"name":"ITEM"},{"name":"LV"},{"name":"ITEMDESC"},{"name":"QTY"},{"name":"CREATEDAT"},{"name":"UPDATEDAT"},{"name":"USER"}]}
