5/8/2018 23:45:11 15: LIBQUERY with Callback: 
5/8/2018 23:45:11 15: BEGIN PKREQUESTMANAGER.CALLQUERY(15,'ADM0000001','demo','{}', '{demo,demo}','{}', :cursor); END;
5/8/2018 23:45:11 15: 1 Object(s) returned... [FETCH]
5/8/2018 23:45:11 15: [object Object]
5/8/2018 23:45:11 15: {"metaData":[{"name":"USERID"},{"name":"USERFNAME"},{"name":"USERLNAME"},{"name":"USEREMAIL"},{"name":"USERMOBILE"}]}
5/8/2018 23:45:11 16: LIBQUERY with Callback: 
5/8/2018 23:45:11 16: BEGIN PKREQUESTMANAGER.CALLQUERY(16,'CLI0000002','demo','{}', '{demo}','{}', :cursor); END;
5/8/2018 23:45:11 16: 1 Object(s) returned... [FETCH]
5/8/2018 23:45:11 16: [object Object]
5/8/2018 23:45:11 16: {"metaData":[{"name":"USERID"},{"name":"USERCORPID"},{"name":"USERPASS"},{"name":"USERAUTH"},{"name":"USERLANG"},{"name":"USERPROF"},{"name":"USERAPPLI"},{"name":"USERFNAME"},{"name":"USERLNAME"},{"name":"USEREMAIL"},{"name":"USERMOBILE"},{"name":"USERTEAM"},{"name":"USERACTIVE"},{"name":"USERDCRE"},{"name":"USERDMAJ"},{"name":"USERUTIL"},{"name":"USERTYPE"}]}
5/8/2018 23:45:11 17: LIBQUERY with Callback: 
5/8/2018 23:45:11 17: BEGIN PKREQUESTMANAGER.CALLQUERY(17,'CLI0000003','demo','{}', '{demo}','{}', :cursor); END;
5/8/2018 23:45:11 17: 4 Object(s) returned... [FETCH]
5/8/2018 23:45:11 17: [object Object],[object Object],[object Object],[object Object]
5/8/2018 23:45:11 17: {"metaData":[{"name":"LEVEL"},{"name":"ENVID"},{"name":"ENVCORPID"},{"name":"ENVCODE"},{"name":"ENVTYPE"},{"name":"ENVACTIVE"},{"name":"ENVSDESC"},{"name":"ENVLDESC"},{"name":"ENVDBTYPE"},{"name":"ENVIP"},{"name":"ENVPORT"},{"name":"ENVUSER"},{"name":"ENVPASSWORD"},{"name":"ENVSOURCE"},{"name":"ENVDBLINK"},{"name":"ENVDEFAULT"},{"name":"ENVDCRE"},{"name":"ENVDMAJ"},{"name":"ENVUTIL"},{"name":"ENVVERSION"},{"name":"ENVDEFLANG"},{"name":"CORPPIC"},{"name":"ENVVARINITSH"}]}
5/8/2018 23:45:20 18: LIBQUERY with Callback: 
5/8/2018 23:45:20 18: BEGIN PKREQUESTMANAGER.CALLQUERY(18,'CNT0000002','demo','{HEINENS_CEN_UAT}', '{undefined}','{HN}', :cursor); END;
5/8/2018 23:45:20 18: 1 Object(s) returned... [FETCH]
5/8/2018 23:45:20 18: [object Object]
5/8/2018 23:45:20 18: {"metaData":[{"name":"'EXECUTINGISSUE,CHECKDBMS_SQL.EXECUTERIGHTS'"}]}
